{"target": -209.646, "params": {"spark.executor.cores": 3.0, "spark.executor.instances": 6.0}, "datetime": {"datetime": "2022-01-23 09:58:07", "elapsed": 0.0, "delta": 0.0}}
{"target": -300.603, "params": {"spark.executor.cores": 1.0, "spark.executor.instances": 8.0}, "datetime": {"datetime": "2022-01-23 09:58:07", "elapsed": 0.000998, "delta": 0.000998}}
{"target": -210.803, "params": {"spark.executor.cores": 2.0, "spark.executor.instances": 8.0}, "datetime": {"datetime": "2022-01-23 09:58:07", "elapsed": 0.001992, "delta": 0.000994}}
{"target": -207.942, "params": {"spark.executor.cores": 2.0, "spark.executor.instances": 8.0}, "datetime": {"datetime": "2022-01-23 09:58:07", "elapsed": 0.001992, "delta": 0.0}}
{"target": -220.532, "params": {"spark.executor.cores": 2.0, "spark.executor.instances": 8.0}, "datetime": {"datetime": "2022-01-23 09:58:07", "elapsed": 0.002991, "delta": 0.000999}}
{"target": -216.546, "params": {"spark.executor.cores": 2.0, "spark.executor.instances": 8.0}, "datetime": {"datetime": "2022-01-23 09:58:07", "elapsed": 0.003988, "delta": 0.000997}}
{"target": -463.057, "params": {"spark.executor.cores": 1.0, "spark.executor.instances": 5.0}, "datetime": {"datetime": "2022-01-23 09:58:07", "elapsed": 0.003988, "delta": 0.0}}
{"target": -261.291, "params": {"spark.executor.cores": 3.0, "spark.executor.instances": 4.0}, "datetime": {"datetime": "2022-01-23 09:58:07", "elapsed": 0.004986, "delta": 0.000998}}
{"target": -217.651, "params": {"spark.executor.cores": 2.0, "spark.executor.instances": 8.0}, "datetime": {"datetime": "2022-01-23 09:58:07", "elapsed": 0.005984, "delta": 0.000998}}
{"target": -218.302, "params": {"spark.executor.cores": 2.0, "spark.executor.instances": 8.0}, "datetime": {"datetime": "2022-01-23 09:58:07", "elapsed": 0.005984, "delta": 0.0}}
{"target": -211.907, "params": {"spark.executor.cores": 2.0, "spark.executor.instances": 8.0}, "datetime": {"datetime": "2022-01-23 09:58:07", "elapsed": 0.006981, "delta": 0.000997}}
{"target": -215.583, "params": {"spark.executor.cores": 2.0, "spark.executor.instances": 8.0}, "datetime": {"datetime": "2022-01-23 09:58:07", "elapsed": 0.006981, "delta": 0.0}}
{"target": -458.204, "params": {"spark.executor.cores": 1.0, "spark.executor.instances": 5.0}, "datetime": {"datetime": "2022-01-23 09:58:07", "elapsed": 0.007978, "delta": 0.000997}}
{"target": -355.582, "params": {"spark.executor.cores": 1.0, "spark.executor.instances": 7.0}, "datetime": {"datetime": "2022-01-23 09:58:07", "elapsed": 0.008973, "delta": 0.000995}}
{"target": -238.41, "params": {"spark.executor.cores": 2.0, "spark.executor.instances": 7.0}, "datetime": {"datetime": "2022-01-23 09:58:07", "elapsed": 0.008973, "delta": 0.0}}
{"target": -202.15, "params": {"spark.executor.cores": 2.0, "spark.executor.instances": 8.0}, "datetime": {"datetime": "2022-01-23 09:58:07", "elapsed": 0.009972, "delta": 0.000999}}
{"target": -213.448, "params": {"spark.executor.cores": 2.0, "spark.executor.instances": 8.0}, "datetime": {"datetime": "2022-01-23 09:58:07", "elapsed": 0.009972, "delta": 0.0}}
{"target": -218.702, "params": {"spark.executor.cores": 2.0, "spark.executor.instances": 8.0}, "datetime": {"datetime": "2022-01-23 09:58:07", "elapsed": 0.01097, "delta": 0.000998}}
{"target": -249.5, "params": {"spark.executor.cores": 3.0, "spark.executor.instances": 4.0}, "datetime": {"datetime": "2022-01-23 09:58:07", "elapsed": 0.011967, "delta": 0.000997}}
{"target": -210.039, "params": {"spark.executor.cores": 3.0, "spark.executor.instances": 6.0}, "datetime": {"datetime": "2022-01-23 09:58:07", "elapsed": 0.012965, "delta": 0.000998}}
{"target": -382.999, "params": {"spark.executor.cores": 1.0, "spark.executor.instances": 6.0}, "datetime": {"datetime": "2022-01-23 09:58:07", "elapsed": 0.013967, "delta": 0.001002}}
{"target": -212.629, "params": {"spark.executor.cores": 2.0, "spark.executor.instances": 8.0}, "datetime": {"datetime": "2022-01-23 09:58:07", "elapsed": 0.014961, "delta": 0.000994}}
{"target": -216.353, "params": {"spark.executor.cores": 2.0, "spark.executor.instances": 8.0}, "datetime": {"datetime": "2022-01-23 09:58:07", "elapsed": 0.014961, "delta": 0.0}}
{"target": -214.035, "params": {"spark.executor.cores": 2.0, "spark.executor.instances": 8.0}, "datetime": {"datetime": "2022-01-23 09:58:07", "elapsed": 0.015956, "delta": 0.000995}}
{"target": -515.218, "params": {"spark.executor.cores": 1.0, "spark.executor.instances": 4.0}, "datetime": {"datetime": "2022-01-23 09:58:07", "elapsed": 0.016958, "delta": 0.001002}}
{"target": -299.594, "params": {"spark.executor.cores": 2.0, "spark.executor.instances": 5.0}, "datetime": {"datetime": "2022-01-23 09:58:07", "elapsed": 0.016958, "delta": 0.0}}
{"target": -332.861, "params": {"spark.executor.cores": 2.0, "spark.executor.instances": 4.0}, "datetime": {"datetime": "2022-01-23 09:58:07", "elapsed": 0.017952, "delta": 0.000994}}
{"target": -232.895, "params": {"spark.executor.cores": 3.0, "spark.executor.instances": 6.0}, "datetime": {"datetime": "2022-01-23 09:58:07", "elapsed": 0.017952, "delta": 0.0}}
{"target": -224.474, "params": {"spark.executor.cores": 3.0, "spark.executor.instances": 6.0}, "datetime": {"datetime": "2022-01-23 09:58:07", "elapsed": 0.018949, "delta": 0.000997}}
{"target": -211.437, "params": {"spark.executor.cores": 3.0, "spark.executor.instances": 6.0}, "datetime": {"datetime": "2022-01-23 09:58:07", "elapsed": 0.018949, "delta": 0.0}}
{"target": -255.69758160909018, "params": {"spark.executor.cores": 3.2259686708678634, "spark.executor.instances": 7.8500280917710885}, "datetime": {"datetime": "2022-01-23 09:58:08", "elapsed": 0.499663, "delta": 0.480714}}
{"target": -255.69758160909018, "params": {"spark.executor.cores": 2.803116697271885, "spark.executor.instances": 6.865322136238436}, "datetime": {"datetime": "2022-01-23 09:58:09", "elapsed": 1.376559, "delta": 0.876896}}
{"target": -255.69758160909018, "params": {"spark.executor.cores": 2.436330029041677, "spark.executor.instances": 8.0}, "datetime": {"datetime": "2022-01-23 09:58:09", "elapsed": 1.92167, "delta": 0.545111}}
{"target": -255.69758160909018, "params": {"spark.executor.cores": 1.8962037417221063, "spark.executor.instances": 7.648991733824466}, "datetime": {"datetime": "2022-01-23 09:58:10", "elapsed": 2.57702, "delta": 0.65535}}
{"target": -255.69758160909018, "params": {"spark.executor.cores": 1.714320263422733, "spark.executor.instances": 8.0}, "datetime": {"datetime": "2022-01-23 09:58:10", "elapsed": 3.142021, "delta": 0.565001}}
{"target": -255.69758160909018, "params": {"spark.executor.cores": 2.380596081331585, "spark.executor.instances": 7.267623619672452}, "datetime": {"datetime": "2022-01-23 09:58:11", "elapsed": 3.62872, "delta": 0.486699}}
{"target": -255.69758160909018, "params": {"spark.executor.cores": 2.154465044590263, "spark.executor.instances": 7.8451190186134845}, "datetime": {"datetime": "2022-01-23 09:58:11", "elapsed": 3.946006, "delta": 0.317286}}
{"target": -255.69758160909018, "params": {"spark.executor.cores": 1.6742827544582544, "spark.executor.instances": 7.193675778994033}, "datetime": {"datetime": "2022-01-23 09:58:12", "elapsed": 4.701509, "delta": 0.755503}}
{"target": -255.69758160909018, "params": {"spark.executor.cores": 2.0048273112392287, "spark.executor.instances": 7.272988712}, "datetime": {"datetime": "2022-01-23 09:58:12", "elapsed": 4.995101, "delta": 0.293592}}
{"target": -255.69758160909018, "params": {"spark.executor.cores": 1.4877440200999996, "spark.executor.instances": 7.544240874506819}, "datetime": {"datetime": "2022-01-23 09:58:13", "elapsed": 5.432017, "delta": 0.436916}}
