{"target": -209.646, "params": {"spark.executor.cores": 3.0, "spark.executor.instances": 6.0}, "datetime": {"datetime": "2022-01-22 21:46:23", "elapsed": 0.0, "delta": 0.0}}
{"target": -300.603, "params": {"spark.executor.cores": 1.0, "spark.executor.instances": 8.0}, "datetime": {"datetime": "2022-01-22 21:46:23", "elapsed": 0.0, "delta": 0.0}}
{"target": -210.803, "params": {"spark.executor.cores": 2.0, "spark.executor.instances": 8.0}, "datetime": {"datetime": "2022-01-22 21:46:23", "elapsed": 0.0, "delta": 0.0}}
{"target": -207.942, "params": {"spark.executor.cores": 2.0, "spark.executor.instances": 8.0}, "datetime": {"datetime": "2022-01-22 21:46:23", "elapsed": 0.000997, "delta": 0.000997}}
{"target": -220.532, "params": {"spark.executor.cores": 2.0, "spark.executor.instances": 8.0}, "datetime": {"datetime": "2022-01-22 21:46:23", "elapsed": 0.000997, "delta": 0.0}}
{"target": -216.546, "params": {"spark.executor.cores": 2.0, "spark.executor.instances": 8.0}, "datetime": {"datetime": "2022-01-22 21:46:23", "elapsed": 0.001995, "delta": 0.000998}}
{"target": -463.057, "params": {"spark.executor.cores": 1.0, "spark.executor.instances": 5.0}, "datetime": {"datetime": "2022-01-22 21:46:23", "elapsed": 0.001995, "delta": 0.0}}
{"target": -261.291, "params": {"spark.executor.cores": 3.0, "spark.executor.instances": 4.0}, "datetime": {"datetime": "2022-01-22 21:46:23", "elapsed": 0.002992, "delta": 0.000997}}
{"target": -217.651, "params": {"spark.executor.cores": 2.0, "spark.executor.instances": 8.0}, "datetime": {"datetime": "2022-01-22 21:46:23", "elapsed": 0.002992, "delta": 0.0}}
{"target": -218.302, "params": {"spark.executor.cores": 2.0, "spark.executor.instances": 8.0}, "datetime": {"datetime": "2022-01-22 21:46:23", "elapsed": 0.002992, "delta": 0.0}}
{"target": -211.907, "params": {"spark.executor.cores": 2.0, "spark.executor.instances": 8.0}, "datetime": {"datetime": "2022-01-22 21:46:23", "elapsed": 0.00399, "delta": 0.000998}}
{"target": -215.583, "params": {"spark.executor.cores": 2.0, "spark.executor.instances": 8.0}, "datetime": {"datetime": "2022-01-22 21:46:23", "elapsed": 0.00399, "delta": 0.0}}
{"target": -458.204, "params": {"spark.executor.cores": 1.0, "spark.executor.instances": 5.0}, "datetime": {"datetime": "2022-01-22 21:46:23", "elapsed": 0.004991, "delta": 0.001001}}
{"target": -355.582, "params": {"spark.executor.cores": 1.0, "spark.executor.instances": 7.0}, "datetime": {"datetime": "2022-01-22 21:46:23", "elapsed": 0.004991, "delta": 0.0}}
{"target": -238.41, "params": {"spark.executor.cores": 2.0, "spark.executor.instances": 7.0}, "datetime": {"datetime": "2022-01-22 21:46:23", "elapsed": 0.004991, "delta": 0.0}}
{"target": -202.15, "params": {"spark.executor.cores": 2.0, "spark.executor.instances": 8.0}, "datetime": {"datetime": "2022-01-22 21:46:23", "elapsed": 0.005985, "delta": 0.000994}}
{"target": -213.448, "params": {"spark.executor.cores": 2.0, "spark.executor.instances": 8.0}, "datetime": {"datetime": "2022-01-22 21:46:23", "elapsed": 0.005985, "delta": 0.0}}
{"target": -218.702, "params": {"spark.executor.cores": 2.0, "spark.executor.instances": 8.0}, "datetime": {"datetime": "2022-01-22 21:46:23", "elapsed": 0.005985, "delta": 0.0}}
{"target": -249.5, "params": {"spark.executor.cores": 3.0, "spark.executor.instances": 4.0}, "datetime": {"datetime": "2022-01-22 21:46:23", "elapsed": 0.006982, "delta": 0.000997}}
{"target": -210.039, "params": {"spark.executor.cores": 3.0, "spark.executor.instances": 6.0}, "datetime": {"datetime": "2022-01-22 21:46:23", "elapsed": 0.006982, "delta": 0.0}}
{"target": -382.999, "params": {"spark.executor.cores": 1.0, "spark.executor.instances": 6.0}, "datetime": {"datetime": "2022-01-22 21:46:23", "elapsed": 0.006982, "delta": 0.0}}
{"target": -212.629, "params": {"spark.executor.cores": 2.0, "spark.executor.instances": 8.0}, "datetime": {"datetime": "2022-01-22 21:46:23", "elapsed": 0.007979, "delta": 0.000997}}
{"target": -216.353, "params": {"spark.executor.cores": 2.0, "spark.executor.instances": 8.0}, "datetime": {"datetime": "2022-01-22 21:46:23", "elapsed": 0.007979, "delta": 0.0}}
{"target": -214.035, "params": {"spark.executor.cores": 2.0, "spark.executor.instances": 8.0}, "datetime": {"datetime": "2022-01-22 21:46:23", "elapsed": 0.007979, "delta": 0.0}}
{"target": -515.218, "params": {"spark.executor.cores": 1.0, "spark.executor.instances": 4.0}, "datetime": {"datetime": "2022-01-22 21:46:23", "elapsed": 0.008977, "delta": 0.000998}}
{"target": -299.594, "params": {"spark.executor.cores": 2.0, "spark.executor.instances": 5.0}, "datetime": {"datetime": "2022-01-22 21:46:23", "elapsed": 0.008977, "delta": 0.0}}
{"target": -332.861, "params": {"spark.executor.cores": 2.0, "spark.executor.instances": 4.0}, "datetime": {"datetime": "2022-01-22 21:46:23", "elapsed": 0.009974, "delta": 0.000997}}
{"target": -232.895, "params": {"spark.executor.cores": 3.0, "spark.executor.instances": 6.0}, "datetime": {"datetime": "2022-01-22 21:46:23", "elapsed": 0.009974, "delta": 0.0}}
{"target": -224.474, "params": {"spark.executor.cores": 3.0, "spark.executor.instances": 6.0}, "datetime": {"datetime": "2022-01-22 21:46:23", "elapsed": 0.009974, "delta": 0.0}}
{"target": -211.437, "params": {"spark.executor.cores": 3.0, "spark.executor.instances": 6.0}, "datetime": {"datetime": "2022-01-22 21:46:23", "elapsed": 0.010971, "delta": 0.000997}}
{"target": -255.69758160909018, "params": {"spark.executor.cores": 3.2259686708678634, "spark.executor.instances": 7.8500280917710885}, "datetime": {"datetime": "2022-01-22 21:46:24", "elapsed": 0.223402, "delta": 0.212431}}
{"target": -255.69758160909018, "params": {"spark.executor.cores": 2.803116697271885, "spark.executor.instances": 6.865322136238436}, "datetime": {"datetime": "2022-01-22 21:46:24", "elapsed": 0.584436, "delta": 0.361034}}
{"target": -255.69758160909018, "params": {"spark.executor.cores": 2.436330029041677, "spark.executor.instances": 8.0}, "datetime": {"datetime": "2022-01-22 21:46:24", "elapsed": 0.841747, "delta": 0.257311}}
{"target": -255.69758160909018, "params": {"spark.executor.cores": 1.8962037417221063, "spark.executor.instances": 7.648991733824466}, "datetime": {"datetime": "2022-01-22 21:46:25", "elapsed": 1.191811, "delta": 0.350064}}
{"target": -255.69758160909018, "params": {"spark.executor.cores": 1.714320263422733, "spark.executor.instances": 8.0}, "datetime": {"datetime": "2022-01-22 21:46:25", "elapsed": 1.48207, "delta": 0.290259}}
{"target": -255.69758160909018, "params": {"spark.executor.cores": 2.380596081331585, "spark.executor.instances": 7.267623619672452}, "datetime": {"datetime": "2022-01-22 21:46:25", "elapsed": 1.743335, "delta": 0.261265}}
{"target": -255.69758160909018, "params": {"spark.executor.cores": 2.154465044590263, "spark.executor.instances": 7.8451190186134845}, "datetime": {"datetime": "2022-01-22 21:46:25", "elapsed": 1.914876, "delta": 0.171541}}
{"target": -255.69758160909018, "params": {"spark.executor.cores": 1.6742827544582544, "spark.executor.instances": 7.193675778994033}, "datetime": {"datetime": "2022-01-22 21:46:26", "elapsed": 2.244993, "delta": 0.330117}}
{"target": -255.69758160909018, "params": {"spark.executor.cores": 2.0048273112392287, "spark.executor.instances": 7.272988712}, "datetime": {"datetime": "2022-01-22 21:46:26", "elapsed": 2.393596, "delta": 0.148603}}
{"target": -255.69758160909018, "params": {"spark.executor.cores": 1.4877440200999996, "spark.executor.instances": 7.544240874506819}, "datetime": {"datetime": "2022-01-22 21:46:26", "elapsed": 2.608022, "delta": 0.214426}}
{"target": -255.69758160909018, "params": {"spark.executor.cores": 2.147968674834467, "spark.executor.instances": 7.998743381967779}, "datetime": {"datetime": "2022-01-22 21:46:26", "elapsed": 2.687809, "delta": 0.079787}}
{"target": -255.69758160909018, "params": {"spark.executor.cores": 2.4149273437190004, "spark.executor.instances": 7.6078275761900445}, "datetime": {"datetime": "2022-01-22 21:46:26", "elapsed": 2.986011, "delta": 0.298202}}
{"target": -255.69758160909018, "params": {"spark.executor.cores": 2.0138901448675814, "spark.executor.instances": 7.998479379731392}, "datetime": {"datetime": "2022-01-22 21:46:27", "elapsed": 3.181488, "delta": 0.195477}}
{"target": -255.69758160909018, "params": {"spark.executor.cores": 2.001305075211529, "spark.executor.instances": 7.996984418353342}, "datetime": {"datetime": "2022-01-22 21:46:27", "elapsed": 3.286209, "delta": 0.104721}}
{"target": -255.69758160909018, "params": {"spark.executor.cores": 1.799198161042426, "spark.executor.instances": 7.877949383347602}, "datetime": {"datetime": "2022-01-22 21:46:27", "elapsed": 3.419851, "delta": 0.133642}}
