{"target": -397.267, "params": {"spark.broadcast.blockSize": 43.0, "spark.broadcast.checksum": 1.0, "spark.broadcast.compress": 1.0, "spark.default.parallelism": 280.0, "spark.executor.cores": 1.0, "spark.executor.instances": 7.0, "spark.executor.memory": 3.0, "spark.executor.memoryOverhead": 384.0, "spark.kryoserializer.buffer": 48.0, "spark.kryoserializer.buffer.max": 110.0, "spark.locality.wait": 7.0, "spark.maxRemoteBlockSizeFetchToMem": 1110271188.0, "spark.memory.fraction": 0.74, "spark.memory.offHeap.enabled": 0.0, "spark.memory.offHeap.size": 0.0, "spark.memory.storageFraction": 0.86, "spark.rdd.compress": 1.0, "spark.reducer.maxBlocksInFlightPerAddress": 1242953129.0, "spark.reducer.maxReqsInFlight": 2012887588.0, "spark.reducer.maxSizeInFlight": 49.0, "spark.scheduler.mode": 1.0, "spark.scheduler.revive.interval": 744.0, "spark.shuffle.compress": 1.0, "spark.shuffle.file.buffer": 41.0, "spark.shuffle.io.numConnectionsPerPeer": 4.0, "spark.shuffle.sort.bypassMergeThreshold": 193.0, "spark.storage.memoryMapThreshold": 4.0}, "datetime": {"datetime": "2022-01-20 21:36:46", "elapsed": 0.0, "delta": 0.0}}
{"target": -218.759, "params": {"spark.broadcast.blockSize": 37.0, "spark.broadcast.checksum": 0.0, "spark.broadcast.compress": 0.0, "spark.default.parallelism": 282.0, "spark.executor.cores": 3.0, "spark.executor.instances": 7.0, "spark.executor.memory": 7.0, "spark.executor.memoryOverhead": 713.0, "spark.kryoserializer.buffer": 67.0, "spark.kryoserializer.buffer.max": 96.0, "spark.locality.wait": 8.0, "spark.maxRemoteBlockSizeFetchToMem": 1418614656.0, "spark.memory.fraction": 0.75, "spark.memory.offHeap.enabled": 1.0, "spark.memory.offHeap.size": 819.0, "spark.memory.storageFraction": 0.78, "spark.rdd.compress": 1.0, "spark.reducer.maxBlocksInFlightPerAddress": 1515846528.0, "spark.reducer.maxReqsInFlight": 1737538304.0, "spark.reducer.maxSizeInFlight": 63.0, "spark.scheduler.mode": 1.0, "spark.scheduler.revive.interval": 521.0, "spark.shuffle.compress": 0.0, "spark.shuffle.file.buffer": 28.0, "spark.shuffle.io.numConnectionsPerPeer": 4.0, "spark.shuffle.sort.bypassMergeThreshold": 312.0, "spark.storage.memoryMapThreshold": 1.0}, "datetime": {"datetime": "2022-01-20 21:36:46", "elapsed": 0.000304, "delta": 0.000304}}
{"target": -274.356, "params": {"spark.broadcast.blockSize": 45.0, "spark.broadcast.checksum": 0.0, "spark.broadcast.compress": 0.0, "spark.default.parallelism": 409.0, "spark.executor.cores": 2.0, "spark.executor.instances": 6.0, "spark.executor.memory": 4.0, "spark.executor.memoryOverhead": 384.0, "spark.kryoserializer.buffer": 65.0, "spark.kryoserializer.buffer.max": 96.0, "spark.locality.wait": 9.0, "spark.maxRemoteBlockSizeFetchToMem": 2053930890.0, "spark.memory.fraction": 0.5, "spark.memory.offHeap.enabled": 1.0, "spark.memory.offHeap.size": 939.0, "spark.memory.storageFraction": 0.78, "spark.rdd.compress": 0.0, "spark.reducer.maxBlocksInFlightPerAddress": 2021705510.0, "spark.reducer.maxReqsInFlight": 1671675601.0, "spark.reducer.maxSizeInFlight": 66.0, "spark.scheduler.mode": 1.0, "spark.scheduler.revive.interval": 948.0, "spark.shuffle.compress": 1.0, "spark.shuffle.file.buffer": 27.0, "spark.shuffle.io.numConnectionsPerPeer": 4.0, "spark.shuffle.sort.bypassMergeThreshold": 161.0, "spark.storage.memoryMapThreshold": 3.0}, "datetime": {"datetime": "2022-01-20 21:36:46", "elapsed": 0.000441, "delta": 0.000137}}
{"target": -185.528, "params": {"spark.broadcast.blockSize": 39.0, "spark.broadcast.checksum": 0.0, "spark.broadcast.compress": 0.0, "spark.default.parallelism": 347.0, "spark.executor.cores": 3.0, "spark.executor.instances": 7.0, "spark.executor.memory": 5.0, "spark.executor.memoryOverhead": 685.0, "spark.kryoserializer.buffer": 75.0, "spark.kryoserializer.buffer.max": 101.0, "spark.locality.wait": 8.0, "spark.maxRemoteBlockSizeFetchToMem": 1407788032.0, "spark.memory.fraction": 0.72, "spark.memory.offHeap.enabled": 1.0, "spark.memory.offHeap.size": 787.0, "spark.memory.storageFraction": 0.76, "spark.rdd.compress": 1.0, "spark.reducer.maxBlocksInFlightPerAddress": 1574112384.0, "spark.reducer.maxReqsInFlight": 1829104384.0, "spark.reducer.maxSizeInFlight": 58.0, "spark.scheduler.mode": 0.0, "spark.scheduler.revive.interval": 626.0, "spark.shuffle.compress": 0.0, "spark.shuffle.file.buffer": 26.0, "spark.shuffle.io.numConnectionsPerPeer": 4.0, "spark.shuffle.sort.bypassMergeThreshold": 299.0, "spark.storage.memoryMapThreshold": 1.0}, "datetime": {"datetime": "2022-01-20 21:36:46", "elapsed": 0.000562, "delta": 0.000121}}
{"target": -222.671, "params": {"spark.broadcast.blockSize": 39.0, "spark.broadcast.checksum": 1.0, "spark.broadcast.compress": 0.0, "spark.default.parallelism": 439.0, "spark.executor.cores": 3.0, "spark.executor.instances": 7.0, "spark.executor.memory": 6.0, "spark.executor.memoryOverhead": 541.0, "spark.kryoserializer.buffer": 73.0, "spark.kryoserializer.buffer.max": 46.0, "spark.locality.wait": 9.0, "spark.maxRemoteBlockSizeFetchToMem": 1325988420.0, "spark.memory.fraction": 0.7, "spark.memory.offHeap.enabled": 0.0, "spark.memory.offHeap.size": 0.0, "spark.memory.storageFraction": 0.66, "spark.rdd.compress": 1.0, "spark.reducer.maxBlocksInFlightPerAddress": 1690312122.0, "spark.reducer.maxReqsInFlight": 1463139560.0, "spark.reducer.maxSizeInFlight": 26.0, "spark.scheduler.mode": 1.0, "spark.scheduler.revive.interval": 984.0, "spark.shuffle.compress": 0.0, "spark.shuffle.file.buffer": 23.0, "spark.shuffle.io.numConnectionsPerPeer": 3.0, "spark.shuffle.sort.bypassMergeThreshold": 318.0, "spark.storage.memoryMapThreshold": 3.0}, "datetime": {"datetime": "2022-01-20 21:36:46", "elapsed": 0.000691, "delta": 0.000129}}
{"target": -268.936, "params": {"spark.broadcast.blockSize": 45.0, "spark.broadcast.checksum": 0.0, "spark.broadcast.compress": 0.0, "spark.default.parallelism": 325.0, "spark.executor.cores": 3.0, "spark.executor.instances": 6.0, "spark.executor.memory": 5.0, "spark.executor.memoryOverhead": 676.0, "spark.kryoserializer.buffer": 72.0, "spark.kryoserializer.buffer.max": 85.0, "spark.locality.wait": 9.0, "spark.maxRemoteBlockSizeFetchToMem": 1356598400.0, "spark.memory.fraction": 0.67, "spark.memory.offHeap.enabled": 1.0, "spark.memory.offHeap.size": 758.0, "spark.memory.storageFraction": 0.77, "spark.rdd.compress": 1.0, "spark.reducer.maxBlocksInFlightPerAddress": 1489143168.0, "spark.reducer.maxReqsInFlight": 1832419840.0, "spark.reducer.maxSizeInFlight": 62.0, "spark.scheduler.mode": 1.0, "spark.scheduler.revive.interval": 598.0, "spark.shuffle.compress": 0.0, "spark.shuffle.file.buffer": 23.0, "spark.shuffle.io.numConnectionsPerPeer": 4.0, "spark.shuffle.sort.bypassMergeThreshold": 276.0, "spark.storage.memoryMapThreshold": 1.0}, "datetime": {"datetime": "2022-01-20 21:36:46", "elapsed": 0.000806, "delta": 0.000115}}
{"target": -280.262, "params": {"spark.broadcast.blockSize": 33.0, "spark.broadcast.checksum": 1.0, "spark.broadcast.compress": 0.0, "spark.default.parallelism": 308.0, "spark.executor.cores": 3.0, "spark.executor.instances": 5.0, "spark.executor.memory": 7.0, "spark.executor.memoryOverhead": 620.0, "spark.kryoserializer.buffer": 33.0, "spark.kryoserializer.buffer.max": 36.0, "spark.locality.wait": 7.0, "spark.maxRemoteBlockSizeFetchToMem": 1999483127.0, "spark.memory.fraction": 0.72, "spark.memory.offHeap.enabled": 0.0, "spark.memory.offHeap.size": 0.0, "spark.memory.storageFraction": 0.67, "spark.rdd.compress": 1.0, "spark.reducer.maxBlocksInFlightPerAddress": 1831852654.0, "spark.reducer.maxReqsInFlight": 1184705638.0, "spark.reducer.maxSizeInFlight": 40.0, "spark.scheduler.mode": 0.0, "spark.scheduler.revive.interval": 802.0, "spark.shuffle.compress": 1.0, "spark.shuffle.file.buffer": 37.0, "spark.shuffle.io.numConnectionsPerPeer": 5.0, "spark.shuffle.sort.bypassMergeThreshold": 182.0, "spark.storage.memoryMapThreshold": 1.0}, "datetime": {"datetime": "2022-01-20 21:36:46", "elapsed": 0.000925, "delta": 0.000119}}
{"target": -180.737, "params": {"spark.broadcast.blockSize": 46.0, "spark.broadcast.checksum": 0.0, "spark.broadcast.compress": 0.0, "spark.default.parallelism": 401.0, "spark.executor.cores": 3.0, "spark.executor.instances": 7.0, "spark.executor.memory": 5.0, "spark.executor.memoryOverhead": 582.0, "spark.kryoserializer.buffer": 90.0, "spark.kryoserializer.buffer.max": 81.0, "spark.locality.wait": 8.0, "spark.maxRemoteBlockSizeFetchToMem": 1510227584.0, "spark.memory.fraction": 0.7, "spark.memory.offHeap.enabled": 1.0, "spark.memory.offHeap.size": 767.0, "spark.memory.storageFraction": 0.75, "spark.rdd.compress": 1.0, "spark.reducer.maxBlocksInFlightPerAddress": 1685803008.0, "spark.reducer.maxReqsInFlight": 1911138432.0, "spark.reducer.maxSizeInFlight": 52.0, "spark.scheduler.mode": 0.0, "spark.scheduler.revive.interval": 551.0, "spark.shuffle.compress": 0.0, "spark.shuffle.file.buffer": 20.0, "spark.shuffle.io.numConnectionsPerPeer": 3.0, "spark.shuffle.sort.bypassMergeThreshold": 255.0, "spark.storage.memoryMapThreshold": 1.0}, "datetime": {"datetime": "2022-01-20 21:36:46", "elapsed": 0.001069, "delta": 0.000144}}
{"target": -242.835, "params": {"spark.broadcast.blockSize": 46.0, "spark.broadcast.checksum": 1.0, "spark.broadcast.compress": 0.0, "spark.default.parallelism": 364.0, "spark.executor.cores": 3.0, "spark.executor.instances": 5.0, "spark.executor.memory": 6.0, "spark.executor.memoryOverhead": 525.0, "spark.kryoserializer.buffer": 120.0, "spark.kryoserializer.buffer.max": 56.0, "spark.locality.wait": 6.0, "spark.maxRemoteBlockSizeFetchToMem": 1532724463.0, "spark.memory.fraction": 0.65, "spark.memory.offHeap.enabled": 1.0, "spark.memory.offHeap.size": 526.0, "spark.memory.storageFraction": 0.55, "spark.rdd.compress": 1.0, "spark.reducer.maxBlocksInFlightPerAddress": 1760803282.0, "spark.reducer.maxReqsInFlight": 2120726742.0, "spark.reducer.maxSizeInFlight": 70.0, "spark.scheduler.mode": 0.0, "spark.scheduler.revive.interval": 825.0, "spark.shuffle.compress": 1.0, "spark.shuffle.file.buffer": 32.0, "spark.shuffle.io.numConnectionsPerPeer": 2.0, "spark.shuffle.sort.bypassMergeThreshold": 245.0, "spark.storage.memoryMapThreshold": 2.0}, "datetime": {"datetime": "2022-01-20 21:36:46", "elapsed": 0.0012, "delta": 0.000131}}
{"target": -192.778, "params": {"spark.broadcast.blockSize": 48.0, "spark.broadcast.checksum": 0.0, "spark.broadcast.compress": 0.0, "spark.default.parallelism": 432.0, "spark.executor.cores": 3.0, "spark.executor.instances": 7.0, "spark.executor.memory": 5.0, "spark.executor.memoryOverhead": 629.0, "spark.kryoserializer.buffer": 84.0, "spark.kryoserializer.buffer.max": 86.0, "spark.locality.wait": 7.0, "spark.maxRemoteBlockSizeFetchToMem": 1522840704.0, "spark.memory.fraction": 0.72, "spark.memory.offHeap.enabled": 1.0, "spark.memory.offHeap.size": 770.0, "spark.memory.storageFraction": 0.73, "spark.rdd.compress": 1.0, "spark.reducer.maxBlocksInFlightPerAddress": 1626704896.0, "spark.reducer.maxReqsInFlight": 1970324480.0, "spark.reducer.maxSizeInFlight": 57.0, "spark.scheduler.mode": 1.0, "spark.scheduler.revive.interval": 507.0, "spark.shuffle.compress": 0.0, "spark.shuffle.file.buffer": 21.0, "spark.shuffle.io.numConnectionsPerPeer": 3.0, "spark.shuffle.sort.bypassMergeThreshold": 261.0, "spark.storage.memoryMapThreshold": 1.0}, "datetime": {"datetime": "2022-01-20 21:36:46", "elapsed": 0.001325, "delta": 0.000125}}
{"target": -313.351, "params": {"spark.broadcast.blockSize": 55.0, "spark.broadcast.checksum": 1.0, "spark.broadcast.compress": 0.0, "spark.default.parallelism": 389.0, "spark.executor.cores": 2.0, "spark.executor.instances": 5.0, "spark.executor.memory": 4.0, "spark.executor.memoryOverhead": 384.0, "spark.kryoserializer.buffer": 60.0, "spark.kryoserializer.buffer.max": 47.0, "spark.locality.wait": 6.0, "spark.maxRemoteBlockSizeFetchToMem": 1172908480.0, "spark.memory.fraction": 0.87, "spark.memory.offHeap.enabled": 1.0, "spark.memory.offHeap.size": 762.0, "spark.memory.storageFraction": 0.76, "spark.rdd.compress": 0.0, "spark.reducer.maxBlocksInFlightPerAddress": 1119972262.0, "spark.reducer.maxReqsInFlight": 1368876850.0, "spark.reducer.maxSizeInFlight": 44.0, "spark.scheduler.mode": 1.0, "spark.scheduler.revive.interval": 564.0, "spark.shuffle.compress": 0.0, "spark.shuffle.file.buffer": 20.0, "spark.shuffle.io.numConnectionsPerPeer": 2.0, "spark.shuffle.sort.bypassMergeThreshold": 267.0, "spark.storage.memoryMapThreshold": 4.0}, "datetime": {"datetime": "2022-01-20 21:36:46", "elapsed": 0.00145, "delta": 0.000125}}
{"target": -184.96, "params": {"spark.broadcast.blockSize": 47.0, "spark.broadcast.checksum": 0.0, "spark.broadcast.compress": 0.0, "spark.default.parallelism": 399.0, "spark.executor.cores": 3.0, "spark.executor.instances": 7.0, "spark.executor.memory": 5.0, "spark.executor.memoryOverhead": 629.0, "spark.kryoserializer.buffer": 81.0, "spark.kryoserializer.buffer.max": 83.0, "spark.locality.wait": 7.0, "spark.maxRemoteBlockSizeFetchToMem": 1526364416.0, "spark.memory.fraction": 0.78, "spark.memory.offHeap.enabled": 1.0, "spark.memory.offHeap.size": 772.0, "spark.memory.storageFraction": 0.72, "spark.rdd.compress": 1.0, "spark.reducer.maxBlocksInFlightPerAddress": 1635678208.0, "spark.reducer.maxReqsInFlight": 1916650624.0, "spark.reducer.maxSizeInFlight": 48.0, "spark.scheduler.mode": 0.0, "spark.scheduler.revive.interval": 548.0, "spark.shuffle.compress": 0.0, "spark.shuffle.file.buffer": 24.0, "spark.shuffle.io.numConnectionsPerPeer": 3.0, "spark.shuffle.sort.bypassMergeThreshold": 269.0, "spark.storage.memoryMapThreshold": 1.0}, "datetime": {"datetime": "2022-01-20 21:36:46", "elapsed": 0.001579, "delta": 0.000129}}
{"target": -200.646, "params": {"spark.broadcast.blockSize": 43.0, "spark.broadcast.checksum": 0.0, "spark.broadcast.compress": 0.0, "spark.default.parallelism": 462.0, "spark.executor.cores": 3.0, "spark.executor.instances": 8.0, "spark.executor.memory": 7.0, "spark.executor.memoryOverhead": 498.0, "spark.kryoserializer.buffer": 69.0, "spark.kryoserializer.buffer.max": 56.0, "spark.locality.wait": 7.0, "spark.maxRemoteBlockSizeFetchToMem": 1159077391.0, "spark.memory.fraction": 0.85, "spark.memory.offHeap.enabled": 0.0, "spark.memory.offHeap.size": 0.0, "spark.memory.storageFraction": 0.79, "spark.rdd.compress": 1.0, "spark.reducer.maxBlocksInFlightPerAddress": 1617507531.0, "spark.reducer.maxReqsInFlight": 2082799281.0, "spark.reducer.maxSizeInFlight": 31.0, "spark.scheduler.mode": 1.0, "spark.scheduler.revive.interval": 768.0, "spark.shuffle.compress": 1.0, "spark.shuffle.file.buffer": 43.0, "spark.shuffle.io.numConnectionsPerPeer": 5.0, "spark.shuffle.sort.bypassMergeThreshold": 252.0, "spark.storage.memoryMapThreshold": 3.0}, "datetime": {"datetime": "2022-01-20 21:36:46", "elapsed": 0.001708, "delta": 0.000129}}
{"target": -266.492, "params": {"spark.broadcast.blockSize": 45.0, "spark.broadcast.checksum": 0.0, "spark.broadcast.compress": 0.0, "spark.default.parallelism": 467.0, "spark.executor.cores": 2.0, "spark.executor.instances": 6.0, "spark.executor.memory": 5.0, "spark.executor.memoryOverhead": 634.0, "spark.kryoserializer.buffer": 88.0, "spark.kryoserializer.buffer.max": 72.0, "spark.locality.wait": 8.0, "spark.maxRemoteBlockSizeFetchToMem": 1456125056.0, "spark.memory.fraction": 0.77, "spark.memory.offHeap.enabled": 1.0, "spark.memory.offHeap.size": 794.0, "spark.memory.storageFraction": 0.69, "spark.rdd.compress": 1.0, "spark.reducer.maxBlocksInFlightPerAddress": 1422791424.0, "spark.reducer.maxReqsInFlight": 1806831232.0, "spark.reducer.maxSizeInFlight": 51.0, "spark.scheduler.mode": 1.0, "spark.scheduler.revive.interval": 563.0, "spark.shuffle.compress": 0.0, "spark.shuffle.file.buffer": 27.0, "spark.shuffle.io.numConnectionsPerPeer": 3.0, "spark.shuffle.sort.bypassMergeThreshold": 237.0, "spark.storage.memoryMapThreshold": 1.0}, "datetime": {"datetime": "2022-01-20 21:36:46", "elapsed": 0.00184, "delta": 0.000132}}
{"target": -353.454, "params": {"spark.broadcast.blockSize": 45.0, "spark.broadcast.checksum": 0.0, "spark.broadcast.compress": 1.0, "spark.default.parallelism": 482.0, "spark.executor.cores": 2.0, "spark.executor.instances": 4.0, "spark.executor.memory": 4.0, "spark.executor.memoryOverhead": 470.0, "spark.kryoserializer.buffer": 123.0, "spark.kryoserializer.buffer.max": 45.0, "spark.locality.wait": 6.0, "spark.maxRemoteBlockSizeFetchToMem": 1830815810.0, "spark.memory.fraction": 0.78, "spark.memory.offHeap.enabled": 0.0, "spark.memory.offHeap.size": 0.0, "spark.memory.storageFraction": 0.87, "spark.rdd.compress": 0.0, "spark.reducer.maxBlocksInFlightPerAddress": 2007003932.0, "spark.reducer.maxReqsInFlight": 1324746449.0, "spark.reducer.maxSizeInFlight": 40.0, "spark.scheduler.mode": 1.0, "spark.scheduler.revive.interval": 947.0, "spark.shuffle.compress": 0.0, "spark.shuffle.file.buffer": 28.0, "spark.shuffle.io.numConnectionsPerPeer": 2.0, "spark.shuffle.sort.bypassMergeThreshold": 228.0, "spark.storage.memoryMapThreshold": 2.0}, "datetime": {"datetime": "2022-01-20 21:36:46", "elapsed": 0.001987, "delta": 0.000147}}
{"target": -220.545, "params": {"spark.broadcast.blockSize": 37.0, "spark.broadcast.checksum": 0.0, "spark.broadcast.compress": 0.0, "spark.default.parallelism": 386.0, "spark.executor.cores": 3.0, "spark.executor.instances": 7.0, "spark.executor.memory": 6.0, "spark.executor.memoryOverhead": 702.0, "spark.kryoserializer.buffer": 119.0, "spark.kryoserializer.buffer.max": 101.0, "spark.locality.wait": 10.0, "spark.maxRemoteBlockSizeFetchToMem": 1655469696.0, "spark.memory.fraction": 0.61, "spark.memory.offHeap.enabled": 1.0, "spark.memory.offHeap.size": 680.0, "spark.memory.storageFraction": 0.84, "spark.rdd.compress": 1.0, "spark.reducer.maxBlocksInFlightPerAddress": 1670121984.0, "spark.reducer.maxReqsInFlight": 1500938752.0, "spark.reducer.maxSizeInFlight": 63.0, "spark.scheduler.mode": 0.0, "spark.scheduler.revive.interval": 667.0, "spark.shuffle.compress": 0.0, "spark.shuffle.file.buffer": 26.0, "spark.shuffle.io.numConnectionsPerPeer": 3.0, "spark.shuffle.sort.bypassMergeThreshold": 183.0, "spark.storage.memoryMapThreshold": 3.0}, "datetime": {"datetime": "2022-01-20 21:36:46", "elapsed": 0.002146, "delta": 0.000159}}
{"target": -636.02, "params": {"spark.broadcast.blockSize": 37.0, "spark.broadcast.checksum": 1.0, "spark.broadcast.compress": 1.0, "spark.default.parallelism": 294.0, "spark.executor.cores": 1.0, "spark.executor.instances": 4.0, "spark.executor.memory": 3.0, "spark.executor.memoryOverhead": 384.0, "spark.kryoserializer.buffer": 110.0, "spark.kryoserializer.buffer.max": 34.0, "spark.locality.wait": 7.0, "spark.maxRemoteBlockSizeFetchToMem": 1358240810.0, "spark.memory.fraction": 0.78, "spark.memory.offHeap.enabled": 0.0, "spark.memory.offHeap.size": 0.0, "spark.memory.storageFraction": 0.61, "spark.rdd.compress": 1.0, "spark.reducer.maxBlocksInFlightPerAddress": 1380205874.0, "spark.reducer.maxReqsInFlight": 1107713198.0, "spark.reducer.maxSizeInFlight": 42.0, "spark.scheduler.mode": 1.0, "spark.scheduler.revive.interval": 998.0, "spark.shuffle.compress": 1.0, "spark.shuffle.file.buffer": 45.0, "spark.shuffle.io.numConnectionsPerPeer": 4.0, "spark.shuffle.sort.bypassMergeThreshold": 316.0, "spark.storage.memoryMapThreshold": 4.0}, "datetime": {"datetime": "2022-01-20 21:36:46", "elapsed": 0.002295, "delta": 0.000149}}
{"target": -161.869, "params": {"spark.broadcast.blockSize": 32.0, "spark.broadcast.checksum": 0.0, "spark.broadcast.compress": 0.0, "spark.default.parallelism": 485.0, "spark.executor.cores": 4.0, "spark.executor.instances": 8.0, "spark.executor.memory": 7.0, "spark.executor.memoryOverhead": 877.0, "spark.kryoserializer.buffer": 128.0, "spark.kryoserializer.buffer.max": 75.0, "spark.locality.wait": 10.0, "spark.maxRemoteBlockSizeFetchToMem": 2085983360.0, "spark.memory.fraction": 0.58, "spark.memory.offHeap.enabled": 1.0, "spark.memory.offHeap.size": 806.0, "spark.memory.storageFraction": 0.9, "spark.rdd.compress": 1.0, "spark.reducer.maxBlocksInFlightPerAddress": 1833982080.0, "spark.reducer.maxReqsInFlight": 1073741824.0, "spark.reducer.maxSizeInFlight": 72.0, "spark.scheduler.mode": 1.0, "spark.scheduler.revive.interval": 663.0, "spark.shuffle.compress": 0.0, "spark.shuffle.file.buffer": 20.0, "spark.shuffle.io.numConnectionsPerPeer": 3.0, "spark.shuffle.sort.bypassMergeThreshold": 208.0, "spark.storage.memoryMapThreshold": 4.0}, "datetime": {"datetime": "2022-01-20 21:36:46", "elapsed": 0.002448, "delta": 0.000153}}
{"target": -270.492, "params": {"spark.broadcast.blockSize": 47.0, "spark.broadcast.checksum": 0.0, "spark.broadcast.compress": 1.0, "spark.default.parallelism": 410.0, "spark.executor.cores": 2.0, "spark.executor.instances": 7.0, "spark.executor.memory": 5.0, "spark.executor.memoryOverhead": 394.0, "spark.kryoserializer.buffer": 117.0, "spark.kryoserializer.buffer.max": 117.0, "spark.locality.wait": 8.0, "spark.maxRemoteBlockSizeFetchToMem": 1777213465.0, "spark.memory.fraction": 0.54, "spark.memory.offHeap.enabled": 0.0, "spark.memory.offHeap.size": 0.0, "spark.memory.storageFraction": 0.9, "spark.rdd.compress": 0.0, "spark.reducer.maxBlocksInFlightPerAddress": 1087550251.0, "spark.reducer.maxReqsInFlight": 1353488225.0, "spark.reducer.maxSizeInFlight": 59.0, "spark.scheduler.mode": 1.0, "spark.scheduler.revive.interval": 741.0, "spark.shuffle.compress": 1.0, "spark.shuffle.file.buffer": 44.0, "spark.shuffle.io.numConnectionsPerPeer": 3.0, "spark.shuffle.sort.bypassMergeThreshold": 224.0, "spark.storage.memoryMapThreshold": 4.0}, "datetime": {"datetime": "2022-01-20 21:36:46", "elapsed": 0.002588, "delta": 0.00014}}
