{"target": -160.02, "params": {"spark.broadcast.blockSize": 40.0, "spark.broadcast.checksum": 0.0, "spark.broadcast.compress": 0.0, "spark.default.parallelism": 410.0, "spark.executor.cores": 4.0, "spark.executor.instances": 7.0, "spark.executor.memory": 7.0, "spark.executor.memoryOverhead": 776.0, "spark.kryoserializer.buffer": 124.0, "spark.kryoserializer.buffer.max": 75.0, "spark.locality.wait": 9.0, "spark.maxRemoteBlockSizeFetchToMem": 1816379392.0, "spark.memory.fraction": 0.53, "spark.memory.offHeap.enabled": 1.0, "spark.memory.offHeap.size": 617.0, "spark.memory.storageFraction": 0.79, "spark.rdd.compress": 1.0, "spark.reducer.maxBlocksInFlightPerAddress": 1416449280.0, "spark.reducer.maxReqsInFlight": 1303367552.0, "spark.reducer.maxSizeInFlight": 59.0, "spark.scheduler.mode": 0.0, "spark.scheduler.revive.interval": 758.0, "spark.shuffle.compress": 0.0, "spark.shuffle.file.buffer": 25.0, "spark.shuffle.io.numConnectionsPerPeer": 3.0, "spark.shuffle.sort.bypassMergeThreshold": 158.0, "spark.storage.memoryMapThreshold": 4.0}, "datetime": {"datetime": "2022-01-20 21:36:46", "elapsed": 0.002734, "delta": 0.000146}}
{"target": -185.006, "params": {"spark.broadcast.blockSize": 53.0, "spark.broadcast.checksum": 0.0, "spark.broadcast.compress": 1.0, "spark.default.parallelism": 471.0, "spark.executor.cores": 3.0, "spark.executor.instances": 7.0, "spark.executor.memory": 6.0, "spark.executor.memoryOverhead": 527.0, "spark.kryoserializer.buffer": 108.0, "spark.kryoserializer.buffer.max": 80.0, "spark.locality.wait": 6.0, "spark.maxRemoteBlockSizeFetchToMem": 1425586276.0, "spark.memory.fraction": 0.89, "spark.memory.offHeap.enabled": 0.0, "spark.memory.offHeap.size": 0.0, "spark.memory.storageFraction": 0.79, "spark.rdd.compress": 0.0, "spark.reducer.maxBlocksInFlightPerAddress": 1241570684.0, "spark.reducer.maxReqsInFlight": 1717482023.0, "spark.reducer.maxSizeInFlight": 52.0, "spark.scheduler.mode": 1.0, "spark.scheduler.revive.interval": 545.0, "spark.shuffle.compress": 0.0, "spark.shuffle.file.buffer": 26.0, "spark.shuffle.io.numConnectionsPerPeer": 2.0, "spark.shuffle.sort.bypassMergeThreshold": 237.0, "spark.storage.memoryMapThreshold": 1.0}, "datetime": {"datetime": "2022-01-20 21:36:46", "elapsed": 0.0029, "delta": 0.000166}}
{"target": -182.159, "params": {"spark.broadcast.blockSize": 39.0, "spark.broadcast.checksum": 0.0, "spark.broadcast.compress": 0.0, "spark.default.parallelism": 432.0, "spark.executor.cores": 4.0, "spark.executor.instances": 6.0, "spark.executor.memory": 6.0, "spark.executor.memoryOverhead": 784.0, "spark.kryoserializer.buffer": 100.0, "spark.kryoserializer.buffer.max": 87.0, "spark.locality.wait": 8.0, "spark.maxRemoteBlockSizeFetchToMem": 1846427648.0, "spark.memory.fraction": 0.51, "spark.memory.offHeap.enabled": 1.0, "spark.memory.offHeap.size": 651.0, "spark.memory.storageFraction": 0.76, "spark.rdd.compress": 1.0, "spark.reducer.maxBlocksInFlightPerAddress": 1547823616.0, "spark.reducer.maxReqsInFlight": 1452673536.0, "spark.reducer.maxSizeInFlight": 54.0, "spark.scheduler.mode": 1.0, "spark.scheduler.revive.interval": 744.0, "spark.shuffle.compress": 0.0, "spark.shuffle.file.buffer": 29.0, "spark.shuffle.io.numConnectionsPerPeer": 3.0, "spark.shuffle.sort.bypassMergeThreshold": 179.0, "spark.storage.memoryMapThreshold": 4.0}, "datetime": {"datetime": "2022-01-20 21:36:46", "elapsed": 0.003067, "delta": 0.000167}}
{"target": -181.845, "params": {"spark.broadcast.blockSize": 53.319378844037786, "spark.broadcast.checksum": 0.4076928616011777, "spark.broadcast.compress": 0.40872162742522244, "spark.default.parallelism": 428.5731435615442, "spark.executor.cores": 2.6168142799516043, "spark.executor.instances": 7.441458726774114, "spark.executor.memory": 5.989917180549119, "spark.executor.memoryOverhead": 776.8217305977164, "spark.kryoserializer.buffer": 39.179933665809, "spark.kryoserializer.buffer.max": 110.59017331880966, "spark.locality.wait": 5.960609936242033, "spark.maxRemoteBlockSizeFetchToMem": 1820950993.7819133, "spark.memory.fraction": 0.5819487127885881, "spark.memory.offHeap.enabled": 0.317771678406504, "spark.memory.offHeap.size": 790.1742286421016, "spark.memory.storageFraction": 0.6437878498964057, "spark.rdd.compress": 0.17819513586510882, "spark.reducer.maxBlocksInFlightPerAddress": 1656231736.749563, "spark.reducer.maxReqsInFlight": 1205971683.5372324, "spark.reducer.maxSizeInFlight": 28.47079050600625, "spark.scheduler.mode": 0.7425075043188091, "spark.scheduler.revive.interval": 595.686388771102, "spark.shuffle.compress": 0.8949256002829524, "spark.shuffle.file.buffer": 47.341508346482385, "spark.shuffle.io.numConnectionsPerPeer": 3.024977378829365, "spark.shuffle.sort.bypassMergeThreshold": 251.39466693013043, "spark.storage.memoryMapThreshold": 1.3905136894752719}, "datetime": {"datetime": "2022-01-20 21:39:56", "elapsed": 190.11585, "delta": 190.112783}}
{"target": -157.114, "params": {"spark.broadcast.blockSize": 50.374770463653874, "spark.broadcast.checksum": 0.1407469932902186, "spark.broadcast.compress": 0.06071354142157514, "spark.default.parallelism": 369.18139212300946, "spark.executor.cores": 3.644469298745844, "spark.executor.instances": 6.989659465831611, "spark.executor.memory": 5.879257800053187, "spark.executor.memoryOverhead": 837.3289270785177, "spark.kryoserializer.buffer": 123.29722824413233, "spark.kryoserializer.buffer.max": 95.1932053301418, "spark.locality.wait": 7.9163774276729155, "spark.maxRemoteBlockSizeFetchToMem": 1873874692.7966084, "spark.memory.fraction": 0.5265419365646632, "spark.memory.offHeap.enabled": 0.7606888461518113, "spark.memory.offHeap.size": 752.5430098377509, "spark.memory.storageFraction": 0.8728005830319612, "spark.rdd.compress": 0.8778480531930868, "spark.reducer.maxBlocksInFlightPerAddress": 1216122639.9237664, "spark.reducer.maxReqsInFlight": 1409153713.7357335, "spark.reducer.maxSizeInFlight": 64.87841733981543, "spark.scheduler.mode": 0.00522478174585042, "spark.scheduler.revive.interval": 791.3844603306934, "spark.shuffle.compress": 0.004179881362279825, "spark.shuffle.file.buffer": 28.529140493003936, "spark.shuffle.io.numConnectionsPerPeer": 1.638922865862543, "spark.shuffle.sort.bypassMergeThreshold": 208.25529204979088, "spark.storage.memoryMapThreshold": 3.019069314536376}, "datetime": {"datetime": "2022-01-20 21:42:42", "elapsed": 355.817463, "delta": 165.701613}}
{"target": -186.316, "params": {"spark.broadcast.blockSize": 54.483369489061715, "spark.broadcast.checksum": 0.15614070871225344, "spark.broadcast.compress": 0.0406878503465874, "spark.default.parallelism": 318.28767459401286, "spark.executor.cores": 2.9151538812381075, "spark.executor.instances": 7.670176287935073, "spark.executor.memory": 5.3747418373260825, "spark.executor.memoryOverhead": 741.6985784497297, "spark.kryoserializer.buffer": 115.49118714713126, "spark.kryoserializer.buffer.max": 124.33532678904791, "spark.locality.wait": 6.370758890473885, "spark.maxRemoteBlockSizeFetchToMem": 1508818544.729901, "spark.memory.fraction": 0.66395312621601, "spark.memory.offHeap.enabled": 0.7185526653893068, "spark.memory.offHeap.size": 686.8454366149681, "spark.memory.storageFraction": 0.7975152682751748, "spark.rdd.compress": 0.7594983560077864, "spark.reducer.maxBlocksInFlightPerAddress": 1147481271.4244528, "spark.reducer.maxReqsInFlight": 1295463391.8780363, "spark.reducer.maxSizeInFlight": 59.193529512440264, "spark.scheduler.mode": 0.2062308465233582, "spark.scheduler.revive.interval": 842.6940914257008, "spark.shuffle.compress": 0.21409994465106122, "spark.shuffle.file.buffer": 39.131965453573, "spark.shuffle.io.numConnectionsPerPeer": 1.4641306950172797, "spark.shuffle.sort.bypassMergeThreshold": 154.98832731138788, "spark.storage.memoryMapThreshold": 3.1614667088797455}, "datetime": {"datetime": "2022-01-20 21:45:57", "elapsed": 550.578844, "delta": 194.761381}}
{"target": -183.046, "params": {"spark.broadcast.blockSize": 55.119629119750826, "spark.broadcast.checksum": 0.024207137900468623, "spark.broadcast.compress": 0.18794514475508853, "spark.default.parallelism": 354.09327632786835, "spark.executor.cores": 3.397711897102571, "spark.executor.instances": 7.61909601877949, "spark.executor.memory": 6.391559282644376, "spark.executor.memoryOverhead": 861.4056968992456, "spark.kryoserializer.buffer": 104.8324583926332, "spark.kryoserializer.buffer.max": 124.05474342816659, "spark.locality.wait": 6.582483736491502, "spark.maxRemoteBlockSizeFetchToMem": 1856375453.6154764, "spark.memory.fraction": 0.625001423257425, "spark.memory.offHeap.enabled": 0.8572500156948812, "spark.memory.offHeap.size": 881.4980721014518, "spark.memory.storageFraction": 0.782409767475697, "spark.rdd.compress": 0.7781103071400107, "spark.reducer.maxBlocksInFlightPerAddress": 1215980195.346821, "spark.reducer.maxReqsInFlight": 1704211842.9137974, "spark.reducer.maxSizeInFlight": 60.64754620322166, "spark.scheduler.mode": 0.038013151392203785, "spark.scheduler.revive.interval": 752.4003102048069, "spark.shuffle.compress": 0.0810124015513097, "spark.shuffle.file.buffer": 32.2648568126932, "spark.shuffle.io.numConnectionsPerPeer": 2.64163572509429, "spark.shuffle.sort.bypassMergeThreshold": 252.04041206133934, "spark.storage.memoryMapThreshold": 3.7363153900075945}, "datetime": {"datetime": "2022-01-20 21:49:08", "elapsed": 742.039054, "delta": 191.46021}}
{"target": -203.664, "params": {"spark.broadcast.blockSize": 53.10305869984322, "spark.broadcast.checksum": 0.08054161182301267, "spark.broadcast.compress": 0.32788163726008035, "spark.default.parallelism": 326.57897591278027, "spark.executor.cores": 3.035450793640197, "spark.executor.instances": 6.0415174161190075, "spark.executor.memory": 6.670732973341089, "spark.executor.memoryOverhead": 812.2682052034547, "spark.kryoserializer.buffer": 107.35174890042215, "spark.kryoserializer.buffer.max": 84.41934637754066, "spark.locality.wait": 6.706583670066959, "spark.maxRemoteBlockSizeFetchToMem": 1919807013.8945253, "spark.memory.fraction": 0.5481765335062098, "spark.memory.offHeap.enabled": 0.9977066239433137, "spark.memory.offHeap.size": 688.6698718749244, "spark.memory.storageFraction": 0.7569462235950258, "spark.rdd.compress": 0.7063953751441344, "spark.reducer.maxBlocksInFlightPerAddress": 1454122962.136672, "spark.reducer.maxReqsInFlight": 1189608464.6381576, "spark.reducer.maxSizeInFlight": 66.69812539084208, "spark.scheduler.mode": 0.19034667407208872, "spark.scheduler.revive.interval": 728.4155219296764, "spark.shuffle.compress": 0.24175963702792264, "spark.shuffle.file.buffer": 29.597051169004647, "spark.shuffle.io.numConnectionsPerPeer": 2.6031945243418573, "spark.shuffle.sort.bypassMergeThreshold": 167.90061658583593, "spark.storage.memoryMapThreshold": 3.4774756451922095}, "datetime": {"datetime": "2022-01-20 21:52:40", "elapsed": 954.213091, "delta": 212.174037}}
{"target": -200.183, "params": {"spark.broadcast.blockSize": 43.935172928679954, "spark.broadcast.checksum": 0.36562658333700365, "spark.broadcast.compress": 0.23537863726999395, "spark.default.parallelism": 309.7653281645734, "spark.executor.cores": 3.0840565499762693, "spark.executor.instances": 7.173540519303654, "spark.executor.memory": 5.534058098010988, "spark.executor.memoryOverhead": 779.1378997149184, "spark.kryoserializer.buffer": 127.39561130173311, "spark.kryoserializer.buffer.max": 72.91359597384886, "spark.locality.wait": 6.549459182625167, "spark.maxRemoteBlockSizeFetchToMem": 1753025302.1356225, "spark.memory.fraction": 0.5453709456899559, "spark.memory.offHeap.enabled": 0.5862644780341346, "spark.memory.offHeap.size": 640.2611971986556, "spark.memory.storageFraction": 0.790325838616508, "spark.rdd.compress": 0.9455487661692568, "spark.reducer.maxBlocksInFlightPerAddress": 1277032792.1397974, "spark.reducer.maxReqsInFlight": 1165931020.0643418, "spark.reducer.maxSizeInFlight": 62.03467035497164, "spark.scheduler.mode": 0.0050388898874284315, "spark.scheduler.revive.interval": 807.4483773413323, "spark.shuffle.compress": 0.1390514126121273, "spark.shuffle.file.buffer": 22.503896038100166, "spark.shuffle.io.numConnectionsPerPeer": 2.0662313906191114, "spark.shuffle.sort.bypassMergeThreshold": 192.3731859273609, "spark.storage.memoryMapThreshold": 3.070515721213595}, "datetime": {"datetime": "2022-01-20 21:56:09", "elapsed": 1163.01068, "delta": 208.797589}}
{"target": -179.594, "params": {"spark.broadcast.blockSize": 50.33021073074933, "spark.broadcast.checksum": 0.026877498684381343, "spark.broadcast.compress": 0.05550117247399599, "spark.default.parallelism": 351.9152566579704, "spark.executor.cores": 3.2006838789241, "spark.executor.instances": 7.664702441536609, "spark.executor.memory": 5.763056319589259, "spark.executor.memoryOverhead": 745.9546696407389, "spark.kryoserializer.buffer": 113.69653070316909, "spark.kryoserializer.buffer.max": 104.64991016114371, "spark.locality.wait": 6.744663907807017, "spark.maxRemoteBlockSizeFetchToMem": 1820729560.2860713, "spark.memory.fraction": 0.5404603076834108, "spark.memory.offHeap.enabled": 0.6673856039767777, "spark.memory.offHeap.size": 673.8789743075421, "spark.memory.storageFraction": 0.8707649668716221, "spark.rdd.compress": 0.9560130094309943, "spark.reducer.maxBlocksInFlightPerAddress": 1160148063.583648, "spark.reducer.maxReqsInFlight": 1169614697.3591769, "spark.reducer.maxSizeInFlight": 70.49878078685572, "spark.scheduler.mode": 0.02484551855797576, "spark.scheduler.revive.interval": 780.5662106463691, "spark.shuffle.compress": 0.04085004888000686, "spark.shuffle.file.buffer": 24.34041208070141, "spark.shuffle.io.numConnectionsPerPeer": 1.8938608879421819, "spark.shuffle.sort.bypassMergeThreshold": 188.21963128398, "spark.storage.memoryMapThreshold": 3.481147303788876}, "datetime": {"datetime": "2022-01-20 21:59:17", "elapsed": 1351.012132, "delta": 188.001452}}
{"target": -172.678, "params": {"spark.broadcast.blockSize": 55.78679783438584, "spark.broadcast.checksum": 0.03595941738380088, "spark.broadcast.compress": 0.06179017191539172, "spark.default.parallelism": 362.76506576267917, "spark.executor.cores": 3.61683919247496, "spark.executor.instances": 6.181028563074032, "spark.executor.memory": 5.237622486138529, "spark.executor.memoryOverhead": 757.1692962364004, "spark.kryoserializer.buffer": 122.92600779280103, "spark.kryoserializer.buffer.max": 75.96359176433197, "spark.locality.wait": 6.794368199345408, "spark.maxRemoteBlockSizeFetchToMem": 2073126591.2640555, "spark.memory.fraction": 0.5152392199344823, "spark.memory.offHeap.enabled": 0.6775144899472162, "spark.memory.offHeap.size": 824.0996724533272, "spark.memory.storageFraction": 0.8889802097517372, "spark.rdd.compress": 0.9640566728966995, "spark.reducer.maxBlocksInFlightPerAddress": 1201635039.5367846, "spark.reducer.maxReqsInFlight": 1270771962.540573, "spark.reducer.maxSizeInFlight": 61.871650734066286, "spark.scheduler.mode": 0.09754640565108848, "spark.scheduler.revive.interval": 736.9467087919522, "spark.shuffle.compress": 0.19252546960841468, "spark.shuffle.file.buffer": 34.10135868512859, "spark.shuffle.io.numConnectionsPerPeer": 2.2639251725997482, "spark.shuffle.sort.bypassMergeThreshold": 177.71796843434421, "spark.storage.memoryMapThreshold": 2.628924216655836}, "datetime": {"datetime": "2022-01-20 22:02:18", "elapsed": 1532.038896, "delta": 181.026764}}
{"target": -145.687, "params": {"spark.broadcast.blockSize": 46.656660795758675, "spark.broadcast.checksum": 0.21961674630922534, "spark.broadcast.compress": 0.12820533855529426, "spark.default.parallelism": 344.414664120062, "spark.executor.cores": 3.7769578400534147, "spark.executor.instances": 6.449820461219442, "spark.executor.memory": 5.396384457703375, "spark.executor.memoryOverhead": 860.3413239745952, "spark.kryoserializer.buffer": 117.15614113419223, "spark.kryoserializer.buffer.max": 77.81083270673813, "spark.locality.wait": 8.860822326039205, "spark.maxRemoteBlockSizeFetchToMem": 1745308232.489692, "spark.memory.fraction": 0.5574821170252008, "spark.memory.offHeap.enabled": 0.6558179871695463, "spark.memory.offHeap.size": 746.9481677393103, "spark.memory.storageFraction": 0.8777266007031858, "spark.rdd.compress": 0.9079804922494027, "spark.reducer.maxBlocksInFlightPerAddress": 1254167670.3296995, "spark.reducer.maxReqsInFlight": 1395757201.3759997, "spark.reducer.maxSizeInFlight": 59.152345050659584, "spark.scheduler.mode": 0.17480196365308578, "spark.scheduler.revive.interval": 881.205191333266, "spark.shuffle.compress": 0.14813766210295337, "spark.shuffle.file.buffer": 34.16554945085428, "spark.shuffle.io.numConnectionsPerPeer": 1.3211805373588974, "spark.shuffle.sort.bypassMergeThreshold": 230.69377375159772, "spark.storage.memoryMapThreshold": 2.8429641756215047}, "datetime": {"datetime": "2022-01-20 22:04:53", "elapsed": 1686.525567, "delta": 154.486671}}
{"target": -172.372, "params": {"spark.broadcast.blockSize": 48.96726655888625, "spark.broadcast.checksum": 0.17378597023321446, "spark.broadcast.compress": 0.09951965071430856, "spark.default.parallelism": 331.5926298351857, "spark.executor.cores": 3.462401103437516, "spark.executor.instances": 6.987974786029882, "spark.executor.memory": 5.799941459542367, "spark.executor.memoryOverhead": 868.9118768086257, "spark.kryoserializer.buffer": 106.93341763649288, "spark.kryoserializer.buffer.max": 70.12083719063796, "spark.locality.wait": 8.379047832606492, "spark.maxRemoteBlockSizeFetchToMem": 1803907174.67099, "spark.memory.fraction": 0.5473957799559536, "spark.memory.offHeap.enabled": 0.7001809707347415, "spark.memory.offHeap.size": 709.9128056561178, "spark.memory.storageFraction": 0.8414270276575507, "spark.rdd.compress": 0.78098005311041, "spark.reducer.maxBlocksInFlightPerAddress": 1167194569.4241266, "spark.reducer.maxReqsInFlight": 1466853059.1066298, "spark.reducer.maxSizeInFlight": 54.31745218711633, "spark.scheduler.mode": 0.223133665067229, "spark.scheduler.revive.interval": 912.3446307703296, "spark.shuffle.compress": 0.24810847450682624, "spark.shuffle.file.buffer": 37.413591584837306, "spark.shuffle.io.numConnectionsPerPeer": 1.3985099411090665, "spark.shuffle.sort.bypassMergeThreshold": 241.32529681834782, "spark.storage.memoryMapThreshold": 3.0212412385569354}, "datetime": {"datetime": "2022-01-20 22:07:54", "elapsed": 1867.408168, "delta": 180.882601}}
{"target": -150.795, "params": {"spark.broadcast.blockSize": 50.38214690730031, "spark.broadcast.checksum": 0.11134288905291573, "spark.broadcast.compress": 0.13970161077340387, "spark.default.parallelism": 336.3025111089332, "spark.executor.cores": 3.735861883236356, "spark.executor.instances": 6.655879999170579, "spark.executor.memory": 5.248365942581096, "spark.executor.memoryOverhead": 796.0792662908673, "spark.kryoserializer.buffer": 121.41037862405994, "spark.kryoserializer.buffer.max": 73.2273885337928, "spark.locality.wait": 8.782805771310942, "spark.maxRemoteBlockSizeFetchToMem": 1823915938.642004, "spark.memory.fraction": 0.5264573262698636, "spark.memory.offHeap.enabled": 0.67259087340406, "spark.memory.offHeap.size": 758.3137890085645, "spark.memory.storageFraction": 0.8344654319427786, "spark.rdd.compress": 0.9475298313070084, "spark.reducer.maxBlocksInFlightPerAddress": 1148536669.4132576, "spark.reducer.maxReqsInFlight": 1539997248.880575, "spark.reducer.maxSizeInFlight": 60.31081905074639, "spark.scheduler.mode": 0.26807691630171604, "spark.scheduler.revive.interval": 891.3382892041993, "spark.shuffle.compress": 0.2353875990361381, "spark.shuffle.file.buffer": 36.313306260715024, "spark.shuffle.io.numConnectionsPerPeer": 1.045921414591726, "spark.shuffle.sort.bypassMergeThreshold": 241.07569146351682, "spark.storage.memoryMapThreshold": 2.827766807702822}, "datetime": {"datetime": "2022-01-20 22:10:33", "elapsed": 2026.586882, "delta": 159.178714}}
{"target": -196.335, "params": {"spark.broadcast.blockSize": 49.34035749365771, "spark.broadcast.checksum": 0.27277820836639755, "spark.broadcast.compress": 0.03148506021743569, "spark.default.parallelism": 349.49915804885404, "spark.executor.cores": 3.481642671167008, "spark.executor.instances": 5.979678413288513, "spark.executor.memory": 5.164532837422237, "spark.executor.memoryOverhead": 805.2960904256479, "spark.kryoserializer.buffer": 107.54557282819319, "spark.kryoserializer.buffer.max": 80.652817534691, "spark.locality.wait": 8.61549193500235, "spark.maxRemoteBlockSizeFetchToMem": 1768201463.5425603, "spark.memory.fraction": 0.5379854153361416, "spark.memory.offHeap.enabled": 0.7403716436428533, "spark.memory.offHeap.size": 782.0103967040624, "spark.memory.storageFraction": 0.8729983388088227, "spark.rdd.compress": 0.8224493123464297, "spark.reducer.maxBlocksInFlightPerAddress": 1315119828.9856153, "spark.reducer.maxReqsInFlight": 1488337454.6763043, "spark.reducer.maxSizeInFlight": 53.339453211108705, "spark.scheduler.mode": 0.1268318649696007, "spark.scheduler.revive.interval": 938.4068462438737, "spark.shuffle.compress": 0.20693144717980091, "spark.shuffle.file.buffer": 32.490765377505156, "spark.shuffle.io.numConnectionsPerPeer": 1.3851143801641888, "spark.shuffle.sort.bypassMergeThreshold": 209.93432617331538, "spark.storage.memoryMapThreshold": 3.098421357626451}, "datetime": {"datetime": "2022-01-20 22:13:58", "elapsed": 2231.465601, "delta": 204.878719}}
