{"target": -181.036, "params": {"spark.broadcast.blockSize": 43.90116481385227, "spark.broadcast.checksum": 0.11523600448431576, "spark.broadcast.compress": 0.22962934128262946, "spark.default.parallelism": 351.3418514273645, "spark.executor.cores": 3.606052826319001, "spark.executor.instances": 6.107968739669229, "spark.executor.memory": 5.652644461054377, "spark.executor.memoryOverhead": 869.4727520956645, "spark.kryoserializer.buffer": 112.74545039453892, "spark.kryoserializer.buffer.max": 78.19725759765232, "spark.locality.wait": 9.266113629706343, "spark.maxRemoteBlockSizeFetchToMem": 1734328194.6389217, "spark.memory.fraction": 0.5430090264411535, "spark.memory.offHeap.enabled": 0.7069438012362853, "spark.memory.offHeap.size": 742.2340273968126, "spark.memory.storageFraction": 0.8394374692286779, "spark.rdd.compress": 0.8320786988519299, "spark.reducer.maxBlocksInFlightPerAddress": 1375058686.9443212, "spark.reducer.maxReqsInFlight": 1269337447.7652953, "spark.reducer.maxSizeInFlight": 54.95924020310264, "spark.scheduler.mode": 0.10516131217576491, "spark.scheduler.revive.interval": 904.02309336861, "spark.shuffle.compress": 0.18564514860115258, "spark.shuffle.file.buffer": 33.06210065997856, "spark.shuffle.io.numConnectionsPerPeer": 1.2836176517274667, "spark.shuffle.sort.bypassMergeThreshold": 229.34066355984066, "spark.storage.memoryMapThreshold": 2.9345633430995823}, "datetime": {"datetime": "2022-01-20 22:17:07", "elapsed": 2421.028814, "delta": 189.563213}}
{"target": -175.533, "params": {"spark.broadcast.blockSize": 48.83833804125483, "spark.broadcast.checksum": 0.13944822720784023, "spark.broadcast.compress": 0.2219222853785433, "spark.default.parallelism": 319.51037128303795, "spark.executor.cores": 3.625022713843194, "spark.executor.instances": 6.27339255601688, "spark.executor.memory": 5.691390906495185, "spark.executor.memoryOverhead": 851.9115061610446, "spark.kryoserializer.buffer": 108.95165577139034, "spark.kryoserializer.buffer.max": 86.32485130331935, "spark.locality.wait": 9.038619850944166, "spark.maxRemoteBlockSizeFetchToMem": 1823105607.044575, "spark.memory.fraction": 0.5590837387940987, "spark.memory.offHeap.enabled": 0.6522403451129489, "spark.memory.offHeap.size": 767.0941347801362, "spark.memory.storageFraction": 0.8698656318223428, "spark.rdd.compress": 0.9625343961175203, "spark.reducer.maxBlocksInFlightPerAddress": 1252223214.855309, "spark.reducer.maxReqsInFlight": 1364477966.0175285, "spark.reducer.maxSizeInFlight": 56.06822169069994, "spark.scheduler.mode": 0.09204828530067612, "spark.scheduler.revive.interval": 863.3295068372265, "spark.shuffle.compress": 0.11299701204031351, "spark.shuffle.file.buffer": 31.129374339977335, "spark.shuffle.io.numConnectionsPerPeer": 1.0832209038469436, "spark.shuffle.sort.bypassMergeThreshold": 245.70147141085096, "spark.storage.memoryMapThreshold": 2.6272747588233765}, "datetime": {"datetime": "2022-01-20 22:20:11", "elapsed": 2604.914516, "delta": 183.885702}}
{"target": -176.852, "params": {"spark.broadcast.blockSize": 49.11372587423243, "spark.broadcast.checksum": 0.2365856653469515, "spark.broadcast.compress": 0.08152553036950756, "spark.default.parallelism": 367.1196415119513, "spark.executor.cores": 3.5979718743501854, "spark.executor.instances": 6.632560213111525, "spark.executor.memory": 5.370961326629103, "spark.executor.memoryOverhead": 833.3876990781459, "spark.kryoserializer.buffer": 120.12326910917322, "spark.kryoserializer.buffer.max": 76.4087387583457, "spark.locality.wait": 9.011220717969278, "spark.maxRemoteBlockSizeFetchToMem": 1717641311.5370798, "spark.memory.fraction": 0.589453272360979, "spark.memory.offHeap.enabled": 0.7309499744866961, "spark.memory.offHeap.size": 772.2345022874958, "spark.memory.storageFraction": 0.8922459487698382, "spark.rdd.compress": 0.8551526634138129, "spark.reducer.maxBlocksInFlightPerAddress": 1285330448.5579183, "spark.reducer.maxReqsInFlight": 1346975420.5462015, "spark.reducer.maxSizeInFlight": 63.38472975812542, "spark.scheduler.mode": 0.24579470331051267, "spark.scheduler.revive.interval": 911.5235409064665, "spark.shuffle.compress": 0.21928727647523166, "spark.shuffle.file.buffer": 36.259000886001054, "spark.shuffle.io.numConnectionsPerPeer": 1.2938762727747624, "spark.shuffle.sort.bypassMergeThreshold": 230.4869314331626, "spark.storage.memoryMapThreshold": 2.6141009189694517}, "datetime": {"datetime": "2022-01-20 22:23:16", "elapsed": 2790.148803, "delta": 185.234287}}
