{"target": -252.154, "params": {"spark.default.parallelism": 219.0, "spark.executor.cores": 2.0, "spark.executor.instances": 6.0}, "datetime": {"datetime": "2022-01-19 18:30:50", "elapsed": 0.0, "delta": 0.0}}
{"target": -397.267, "params": {"spark.default.parallelism": 280.0, "spark.executor.cores": 1.0, "spark.executor.instances": 7.0}, "datetime": {"datetime": "2022-01-19 18:30:50", "elapsed": 0.001024, "delta": 0.001024}}
{"target": -190.243, "params": {"spark.default.parallelism": 297.0, "spark.executor.cores": 3.0, "spark.executor.instances": 8.0}, "datetime": {"datetime": "2022-01-19 18:30:50", "elapsed": 0.001024, "delta": 0.0}}
{"target": -218.759, "params": {"spark.default.parallelism": 282.0, "spark.executor.cores": 3.0, "spark.executor.instances": 7.0}, "datetime": {"datetime": "2022-01-19 18:30:50", "elapsed": 0.002024, "delta": 0.001}}
{"target": -254.225, "params": {"spark.default.parallelism": 298.0, "spark.executor.cores": 2.0, "spark.executor.instances": 6.0}, "datetime": {"datetime": "2022-01-19 18:30:50", "elapsed": 0.002024, "delta": 0.0}}
{"target": -274.356, "params": {"spark.default.parallelism": 409.0, "spark.executor.cores": 2.0, "spark.executor.instances": 6.0}, "datetime": {"datetime": "2022-01-19 18:30:50", "elapsed": 0.002024, "delta": 0.0}}
{"target": -187.626, "params": {"spark.default.parallelism": 314.0, "spark.executor.cores": 3.0, "spark.executor.instances": 7.0}, "datetime": {"datetime": "2022-01-19 18:30:50", "elapsed": 0.00305, "delta": 0.001026}}
{"target": -185.528, "params": {"spark.default.parallelism": 347.0, "spark.executor.cores": 3.0, "spark.executor.instances": 7.0}, "datetime": {"datetime": "2022-01-19 18:30:50", "elapsed": 0.00305, "delta": 0.0}}
{"target": -274.999, "params": {"spark.default.parallelism": 227.0, "spark.executor.cores": 3.0, "spark.executor.instances": 4.0}, "datetime": {"datetime": "2022-01-19 18:30:50", "elapsed": 0.004041, "delta": 0.000991}}
{"target": -222.671, "params": {"spark.default.parallelism": 439.0, "spark.executor.cores": 3.0, "spark.executor.instances": 7.0}, "datetime": {"datetime": "2022-01-19 18:30:50", "elapsed": 0.004041, "delta": 0.0}}
{"target": -212.804, "params": {"spark.default.parallelism": 355.0, "spark.executor.cores": 3.0, "spark.executor.instances": 6.0}, "datetime": {"datetime": "2022-01-19 18:30:50", "elapsed": 0.004041, "delta": 0.0}}
{"target": -268.936, "params": {"spark.default.parallelism": 325.0, "spark.executor.cores": 3.0, "spark.executor.instances": 6.0}, "datetime": {"datetime": "2022-01-19 18:30:50", "elapsed": 0.004041, "delta": 0.0}}
{"target": -434.403, "params": {"spark.default.parallelism": 443.0, "spark.executor.cores": 1.0, "spark.executor.instances": 6.0}, "datetime": {"datetime": "2022-01-19 18:30:50", "elapsed": 0.005015, "delta": 0.000974}}
{"target": -280.262, "params": {"spark.default.parallelism": 308.0, "spark.executor.cores": 3.0, "spark.executor.instances": 5.0}, "datetime": {"datetime": "2022-01-19 18:30:50", "elapsed": 0.005015, "delta": 0.0}}
{"target": -191.337, "params": {"spark.default.parallelism": 396.0, "spark.executor.cores": 3.0, "spark.executor.instances": 7.0}, "datetime": {"datetime": "2022-01-19 18:30:50", "elapsed": 0.005015, "delta": 0.0}}
{"target": -180.737, "params": {"spark.default.parallelism": 401.0, "spark.executor.cores": 3.0, "spark.executor.instances": 7.0}, "datetime": {"datetime": "2022-01-19 18:30:50", "elapsed": 0.006012, "delta": 0.000997}}
{"target": -290.366, "params": {"spark.default.parallelism": 472.0, "spark.executor.cores": 2.0, "spark.executor.instances": 5.0}, "datetime": {"datetime": "2022-01-19 18:30:50", "elapsed": 0.006012, "delta": 0.0}}
{"target": -242.835, "params": {"spark.default.parallelism": 364.0, "spark.executor.cores": 3.0, "spark.executor.instances": 5.0}, "datetime": {"datetime": "2022-01-19 18:30:50", "elapsed": 0.006012, "delta": 0.0}}
{"target": -225.005, "params": {"spark.default.parallelism": 387.0, "spark.executor.cores": 3.0, "spark.executor.instances": 6.0}, "datetime": {"datetime": "2022-01-19 18:30:50", "elapsed": 0.006012, "delta": 0.0}}
{"target": -192.778, "params": {"spark.default.parallelism": 432.0, "spark.executor.cores": 3.0, "spark.executor.instances": 7.0}, "datetime": {"datetime": "2022-01-19 18:30:50", "elapsed": 0.00701, "delta": 0.000998}}
{"target": -211.6, "params": {"spark.default.parallelism": 303.0, "spark.executor.cores": 3.0, "spark.executor.instances": 6.0}, "datetime": {"datetime": "2022-01-19 18:30:50", "elapsed": 0.00701, "delta": 0.0}}
{"target": -313.351, "params": {"spark.default.parallelism": 389.0, "spark.executor.cores": 2.0, "spark.executor.instances": 5.0}, "datetime": {"datetime": "2022-01-19 18:30:50", "elapsed": 0.00701, "delta": 0.0}}
{"target": -215.281, "params": {"spark.default.parallelism": 416.0, "spark.executor.cores": 3.0, "spark.executor.instances": 6.0}, "datetime": {"datetime": "2022-01-19 18:30:50", "elapsed": 0.00701, "delta": 0.0}}
{"target": -184.96, "params": {"spark.default.parallelism": 399.0, "spark.executor.cores": 3.0, "spark.executor.instances": 7.0}, "datetime": {"datetime": "2022-01-19 18:30:50", "elapsed": 0.00701, "delta": 0.0}}
{"target": -186.093, "params": {"spark.default.parallelism": 441.0, "spark.executor.cores": 3.0, "spark.executor.instances": 7.0}, "datetime": {"datetime": "2022-01-19 18:30:50", "elapsed": 0.008007, "delta": 0.000997}}
{"target": -200.646, "params": {"spark.default.parallelism": 462.0, "spark.executor.cores": 3.0, "spark.executor.instances": 8.0}, "datetime": {"datetime": "2022-01-19 18:30:50", "elapsed": 0.008007, "delta": 0.0}}
{"target": -189.006, "params": {"spark.default.parallelism": 425.0, "spark.executor.cores": 3.0, "spark.executor.instances": 7.0}, "datetime": {"datetime": "2022-01-19 18:30:50", "elapsed": 0.008007, "delta": 0.0}}
{"target": -266.492, "params": {"spark.default.parallelism": 467.0, "spark.executor.cores": 2.0, "spark.executor.instances": 6.0}, "datetime": {"datetime": "2022-01-19 18:30:50", "elapsed": 0.008007, "delta": 0.0}}
{"target": -441.321, "params": {"spark.default.parallelism": 281.0, "spark.executor.cores": 1.0, "spark.executor.instances": 6.0}, "datetime": {"datetime": "2022-01-19 18:30:50", "elapsed": 0.009004, "delta": 0.000997}}
{"target": -353.454, "params": {"spark.default.parallelism": 482.0, "spark.executor.cores": 2.0, "spark.executor.instances": 4.0}, "datetime": {"datetime": "2022-01-19 18:30:50", "elapsed": 0.009004, "delta": 0.0}}
{"target": -219.891, "params": {"spark.default.parallelism": 388.0, "spark.executor.cores": 3.0, "spark.executor.instances": 7.0}, "datetime": {"datetime": "2022-01-19 18:30:50", "elapsed": 0.009004, "delta": 0.0}}
{"target": -220.545, "params": {"spark.default.parallelism": 386.0, "spark.executor.cores": 3.0, "spark.executor.instances": 7.0}, "datetime": {"datetime": "2022-01-19 18:30:50", "elapsed": 0.009004, "delta": 0.0}}
{"target": -242.963, "params": {"spark.default.parallelism": 494.0, "spark.executor.cores": 3.0, "spark.executor.instances": 7.0}, "datetime": {"datetime": "2022-01-19 18:30:50", "elapsed": 0.009004, "delta": 0.0}}
{"target": -636.02, "params": {"spark.default.parallelism": 294.0, "spark.executor.cores": 1.0, "spark.executor.instances": 4.0}, "datetime": {"datetime": "2022-01-19 18:30:50", "elapsed": 0.010002, "delta": 0.000998}}
{"target": -161.268, "params": {"spark.default.parallelism": 447.0, "spark.executor.cores": 4.0, "spark.executor.instances": 7.0}, "datetime": {"datetime": "2022-01-19 18:30:50", "elapsed": 0.010002, "delta": 0.0}}
{"target": -161.869, "params": {"spark.default.parallelism": 485.0, "spark.executor.cores": 4.0, "spark.executor.instances": 8.0}, "datetime": {"datetime": "2022-01-19 18:30:50", "elapsed": 0.010002, "delta": 0.0}}
{"target": -218.24, "params": {"spark.default.parallelism": 419.0, "spark.executor.cores": 2.0, "spark.executor.instances": 8.0}, "datetime": {"datetime": "2022-01-19 18:30:50", "elapsed": 0.010002, "delta": 0.0}}
{"target": -270.492, "params": {"spark.default.parallelism": 410.0, "spark.executor.cores": 2.0, "spark.executor.instances": 7.0}, "datetime": {"datetime": "2022-01-19 18:30:50", "elapsed": 0.010002, "delta": 0.0}}
{"target": -187.051, "params": {"spark.default.parallelism": 392.0, "spark.executor.cores": 4.0, "spark.executor.instances": 7.0}, "datetime": {"datetime": "2022-01-19 18:30:50", "elapsed": 0.010999, "delta": 0.000997}}
{"target": -160.02, "params": {"spark.default.parallelism": 410.0, "spark.executor.cores": 4.0, "spark.executor.instances": 7.0}, "datetime": {"datetime": "2022-01-19 18:30:50", "elapsed": 0.010999, "delta": 0.0}}
{"target": -340.709, "params": {"spark.default.parallelism": 288.0, "spark.executor.cores": 1.0, "spark.executor.instances": 8.0}, "datetime": {"datetime": "2022-01-19 18:30:50", "elapsed": 0.010999, "delta": 0.0}}
{"target": -185.006, "params": {"spark.default.parallelism": 471.0, "spark.executor.cores": 3.0, "spark.executor.instances": 7.0}, "datetime": {"datetime": "2022-01-19 18:30:50", "elapsed": 0.010999, "delta": 0.0}}
{"target": -187.873, "params": {"spark.default.parallelism": 429.0, "spark.executor.cores": 4.0, "spark.executor.instances": 6.0}, "datetime": {"datetime": "2022-01-19 18:30:50", "elapsed": 0.011996, "delta": 0.000997}}
{"target": -182.159, "params": {"spark.default.parallelism": 432.0, "spark.executor.cores": 4.0, "spark.executor.instances": 6.0}, "datetime": {"datetime": "2022-01-19 18:30:50", "elapsed": 0.011996, "delta": 0.0}}
{"target": -274.71514999999977, "params": {"spark.default.parallelism": 449.417031169502, "spark.executor.cores": 3.879582497882642, "spark.executor.instances": 7.176607979194348}, "datetime": {"datetime": "2022-01-19 18:30:50", "elapsed": 0.241383, "delta": 0.229387}}
{"target": -272.71718999999973, "params": {"spark.default.parallelism": 487.4129835735933, "spark.executor.cores": 4.0, "spark.executor.instances": 8.0}, "datetime": {"datetime": "2022-01-19 18:30:50", "elapsed": 0.432871, "delta": 0.191488}}
{"target": -264.76292999999976, "params": {"spark.default.parallelism": 412.34731535553146, "spark.executor.cores": 3.956804510972067, "spark.executor.instances": 7.1200454013911925}, "datetime": {"datetime": "2022-01-19 18:30:50", "elapsed": 0.637323, "delta": 0.204452}}
{"target": -266.1977699999998, "params": {"spark.default.parallelism": 427.5419948596355, "spark.executor.cores": 3.0766, "spark.executor.instances": 8.0}, "datetime": {"datetime": "2022-01-19 18:30:51", "elapsed": 0.930567, "delta": 0.293244}}
{"target": -272.71718999999973, "params": {"spark.default.parallelism": 482.97716128935474, "spark.executor.cores": 4.0, "spark.executor.instances": 8.0}, "datetime": {"datetime": "2022-01-19 18:30:51", "elapsed": 1.084128, "delta": 0.153561}}
{"target": -274.48336999999975, "params": {"spark.default.parallelism": 445.33688088460326, "spark.executor.cores": 3.894230765308564, "spark.executor.instances": 7.857879860108538}, "datetime": {"datetime": "2022-01-19 18:30:51", "elapsed": 1.307531, "delta": 0.223403}}
{"target": -270.76369999999986, "params": {"spark.default.parallelism": 394.0046050624463, "spark.executor.cores": 3.6053204390675737, "spark.executor.instances": 7.891000187379337}, "datetime": {"datetime": "2022-01-19 18:30:51", "elapsed": 1.559856, "delta": 0.252325}}
{"target": -264.23153999999977, "params": {"spark.default.parallelism": 408.4710441929276, "spark.executor.cores": 4.0, "spark.executor.instances": 7.83436237}, "datetime": {"datetime": "2022-01-19 18:30:52", "elapsed": 1.753338, "delta": 0.193482}}
{"target": -267.1218399999998, "params": {"spark.default.parallelism": 430.46859740142065, "spark.executor.cores": 3.9847502473566916, "spark.executor.instances": 6.946879890912557}, "datetime": {"datetime": "2022-01-19 18:30:52", "elapsed": 1.977739, "delta": 0.224401}}
{"target": -273.6315699999999, "params": {"spark.default.parallelism": 433.6877976525744, "spark.executor.cores": 3.5092673806, "spark.executor.instances": 6.3241664803}, "datetime": {"datetime": "2022-01-19 18:30:52", "elapsed": 2.192164, "delta": 0.214425}}
{"target": -269.67142499999983, "params": {"spark.default.parallelism": 400.0413140980935, "spark.executor.cores": 4.0, "spark.executor.instances": 7.6082501677300005}, "datetime": {"datetime": "2022-01-19 18:30:52", "elapsed": 2.371686, "delta": 0.179522}}
{"target": -278.40291, "params": {"spark.default.parallelism": 397.4997773220033, "spark.executor.cores": 3.68047561960205, "spark.executor.instances": 6.481940457974615}, "datetime": {"datetime": "2022-01-19 18:30:52", "elapsed": 2.545221, "delta": 0.173535}}
{"target": -265.63443999999976, "params": {"spark.default.parallelism": 440.33945862656304, "spark.executor.cores": 4.0, "spark.executor.instances": 7.4926826358613}, "datetime": {"datetime": "2022-01-19 18:30:53", "elapsed": 2.739699, "delta": 0.194478}}
{"target": -271.4551599999998, "params": {"spark.default.parallelism": 390.61800040884015, "spark.executor.cores": 4.0, "spark.executor.instances": 7.44341437227517}, "datetime": {"datetime": "2022-01-19 18:30:53", "elapsed": 2.914234, "delta": 0.174535}}
{"target": -270.5954949999998, "params": {"spark.default.parallelism": 402.13686340032007, "spark.executor.cores": 3.710227295570494, "spark.executor.instances": 6.600927064952347}, "datetime": {"datetime": "2022-01-19 18:30:53", "elapsed": 3.130654, "delta": 0.21642}}
