{"target": -308.344, "params": {"spark.broadcast.blockSize": 33.22897627377033, "spark.broadcast.checksum": 0.4456287277645875, "spark.broadcast.compress": 0.23992916878269877, "spark.default.parallelism": 348.20463205200406, "spark.executor.cores": 2.8524274235804277, "spark.executor.instances": 4.836192749752697, "spark.executor.memory": 6.497709343075521, "spark.executor.memoryOverhead": 510.154579048135, "spark.kryoserializer.buffer": 100.50647751625877, "spark.kryoserializer.buffer.max": 113.81407983955032, "spark.locality.wait": 9.594468774140429, "spark.maxRemoteBlockSizeFetchToMem": 2099947809.2792952, "spark.memory.fraction": 0.7720803227967179, "spark.memory.offHeap.enabled": 0.6285196915101531, "spark.memory.offHeap.size": 817.1344092786667, "spark.memory.storageFraction": 0.694048462715686, "spark.rdd.compress": 0.3604319892837857, "spark.reducer.maxBlocksInFlightPerAddress": 1096038413.5510664, "spark.reducer.maxReqsInFlight": 1877622751.2590213, "spark.reducer.maxSizeInFlight": 42.896411825608475, "spark.scheduler.mode": 0.2793384495809391, "spark.scheduler.revive.interval": 888.7655308564142, "spark.shuffle.compress": 0.6602659093784123, "spark.shuffle.file.buffer": 45.11349260893957, "spark.shuffle.io.numConnectionsPerPeer": 1.5104585379900404, "spark.shuffle.sort.bypassMergeThreshold": 226.4717097219803, "spark.storage.memoryFraction": 0.7309539722773971, "spark.storage.memoryMapThreshold": 2.063492876785702}, "datetime": {"datetime": "2022-01-07 15:45:20", "elapsed": 74022.387084, "delta": 317.521636}}
{"target": -578.93, "params": {"spark.broadcast.blockSize": 36.97232676243705, "spark.broadcast.checksum": 0.8865268357389526, "spark.broadcast.compress": 0.7657551104992979, "spark.default.parallelism": 254.1153254061581, "spark.executor.cores": 1.1954680382642737, "spark.executor.instances": 4.650926795333779, "spark.executor.memory": 6.3496223670967815, "spark.executor.memoryOverhead": 863.7415055244808, "spark.kryoserializer.buffer": 104.49007381779859, "spark.kryoserializer.buffer.max": 107.32204026471291, "spark.locality.wait": 4.176306264474494, "spark.maxRemoteBlockSizeFetchToMem": 2012876939.353254, "spark.memory.fraction": 0.772459826274191, "spark.memory.offHeap.enabled": 0.3490466441091705, "spark.memory.offHeap.size": 767.7853385145074, "spark.memory.storageFraction": 0.8800230398911814, "spark.rdd.compress": 0.05408771908027854, "spark.reducer.maxBlocksInFlightPerAddress": 1279577844.5667977, "spark.reducer.maxReqsInFlight": 1234965060.6617336, "spark.reducer.maxSizeInFlight": 49.83585166904822, "spark.scheduler.mode": 0.23562625747956023, "spark.scheduler.revive.interval": 538.3669934257715, "spark.shuffle.compress": 0.5149992460373898, "spark.shuffle.file.buffer": 42.76014264389538, "spark.shuffle.io.numConnectionsPerPeer": 3.7277865314828276, "spark.shuffle.sort.bypassMergeThreshold": 157.34473677466286, "spark.storage.memoryFraction": 0.5181080144635005, "spark.storage.memoryMapThreshold": 2.6142554347308886}, "datetime": {"datetime": "2022-01-07 15:55:08", "elapsed": 74610.567288, "delta": 588.180204}}
{"target": -187.816, "params": {"spark.broadcast.blockSize": 63.69761694645868, "spark.broadcast.checksum": 0.8015056135066106, "spark.broadcast.compress": 0.2531148334129515, "spark.default.parallelism": 209.56917879772314, "spark.executor.cores": 3.8584293855202976, "spark.executor.instances": 6.227328028523291, "spark.executor.memory": 5.210839691918062, "spark.executor.memoryOverhead": 407.35726734836885, "spark.kryoserializer.buffer": 93.34767877700835, "spark.kryoserializer.buffer.max": 80.00995249420981, "spark.locality.wait": 8.825769730505437, "spark.maxRemoteBlockSizeFetchToMem": 1148419989.336165, "spark.memory.fraction": 0.7251723936130403, "spark.memory.offHeap.enabled": 0.40868013039925266, "spark.memory.offHeap.size": 794.5055736643892, "spark.memory.storageFraction": 0.6433853788510182, "spark.rdd.compress": 0.9993753698405826, "spark.reducer.maxBlocksInFlightPerAddress": 1557273370.489883, "spark.reducer.maxReqsInFlight": 1445067203.1037698, "spark.reducer.maxSizeInFlight": 33.1068294290047, "spark.scheduler.mode": 0.9235276756424271, "spark.scheduler.revive.interval": 552.1470498047638, "spark.shuffle.compress": 0.44034374662306097, "spark.shuffle.file.buffer": 37.9584174854284, "spark.shuffle.io.numConnectionsPerPeer": 1.5696222051664566, "spark.shuffle.sort.bypassMergeThreshold": 336.2992348947422, "spark.storage.memoryFraction": 0.5235499582365049, "spark.storage.memoryMapThreshold": 1.654298853784387}, "datetime": {"datetime": "2022-01-07 15:58:26", "elapsed": 74808.238795, "delta": 197.671507}}
{"target": -198.4, "params": {"spark.broadcast.blockSize": 43.304448511024496, "spark.broadcast.checksum": 0.4378739839332991, "spark.broadcast.compress": 0.9630360582955816, "spark.default.parallelism": 277.85388896164045, "spark.executor.cores": 3.157781285144571, "spark.executor.instances": 7.404551677535331, "spark.executor.memory": 5.967331217160714, "spark.executor.memoryOverhead": 490.76067396770196, "spark.kryoserializer.buffer": 73.7895207028599, "spark.kryoserializer.buffer.max": 90.44094054989542, "spark.locality.wait": 7.549339559910267, "spark.maxRemoteBlockSizeFetchToMem": 2095820709.8907895, "spark.memory.fraction": 0.6433613314202513, "spark.memory.offHeap.enabled": 0.5317933181903586, "spark.memory.offHeap.size": 715.969239604605, "spark.memory.storageFraction": 0.7458917228962217, "spark.rdd.compress": 0.4648461199550207, "spark.reducer.maxBlocksInFlightPerAddress": 2099687638.836265, "spark.reducer.maxReqsInFlight": 1834473982.9541726, "spark.reducer.maxSizeInFlight": 47.94472611207465, "spark.scheduler.mode": 0.4929084277682805, "spark.scheduler.revive.interval": 624.2483207611602, "spark.shuffle.compress": 0.21538632769376054, "spark.shuffle.file.buffer": 28.283511056657527, "spark.shuffle.io.numConnectionsPerPeer": 2.0776670265248303, "spark.shuffle.sort.bypassMergeThreshold": 209.66103639459112, "spark.storage.memoryFraction": 0.585989942973345, "spark.storage.memoryMapThreshold": 2.292146211534252}, "datetime": {"datetime": "2022-01-07 16:01:53", "elapsed": 75016.010292, "delta": 207.771497}}
{"target": -362.767, "params": {"spark.broadcast.blockSize": 54.5984675658372, "spark.broadcast.checksum": 0.05931474172104623, "spark.broadcast.compress": 0.664980667707614, "spark.default.parallelism": 256.5537890008297, "spark.executor.cores": 1.4025541567062878, "spark.executor.instances": 7.579488387862856, "spark.executor.memory": 5.7543111549571595, "spark.executor.memoryOverhead": 696.9472024815991, "spark.kryoserializer.buffer": 37.99339356633557, "spark.kryoserializer.buffer.max": 41.63556251334257, "spark.locality.wait": 6.50886367052947, "spark.maxRemoteBlockSizeFetchToMem": 1907153747.8345644, "spark.memory.fraction": 0.5037043170398849, "spark.memory.offHeap.enabled": 0.4647392329960919, "spark.memory.offHeap.size": 614.5150919168764, "spark.memory.storageFraction": 0.857433273425361, "spark.rdd.compress": 0.5982848178353359, "spark.reducer.maxBlocksInFlightPerAddress": 1811997100.704142, "spark.reducer.maxReqsInFlight": 1940868192.5974836, "spark.reducer.maxSizeInFlight": 52.21900459858267, "spark.scheduler.mode": 0.847426552438305, "spark.scheduler.revive.interval": 735.2284530778829, "spark.shuffle.compress": 0.1743742544301099, "spark.shuffle.file.buffer": 36.52955797196628, "spark.shuffle.io.numConnectionsPerPeer": 4.905782977302587, "spark.shuffle.sort.bypassMergeThreshold": 220.04841083775946, "spark.storage.memoryFraction": 0.8210831294161207, "spark.storage.memoryMapThreshold": 3.0318205601410035}, "datetime": {"datetime": "2022-01-07 16:08:07", "elapsed": 75389.052412, "delta": 373.04212}}
{"target": -503.356, "params": {"spark.broadcast.blockSize": 49.70611049344386, "spark.broadcast.checksum": 0.20653881914120897, "spark.broadcast.compress": 0.42479659743074394, "spark.default.parallelism": 341.7810580472041, "spark.executor.cores": 1.0344522870842847, "spark.executor.instances": 6.179779312636748, "spark.executor.memory": 6.129605730457566, "spark.executor.memoryOverhead": 834.8308380657008, "spark.kryoserializer.buffer": 36.420134432646485, "spark.kryoserializer.buffer.max": 108.01051890095755, "spark.locality.wait": 6.636333670592545, "spark.maxRemoteBlockSizeFetchToMem": 1830321120.5673594, "spark.memory.fraction": 0.7437532715259926, "spark.memory.offHeap.enabled": 0.9141598048609619, "spark.memory.offHeap.size": 859.9241940503844, "spark.memory.storageFraction": 0.5818312591547014, "spark.rdd.compress": 0.9896940562241727, "spark.reducer.maxBlocksInFlightPerAddress": 1941711905.1273923, "spark.reducer.maxReqsInFlight": 1128663756.6243691, "spark.reducer.maxSizeInFlight": 71.53181931300773, "spark.scheduler.mode": 0.08437382953831885, "spark.scheduler.revive.interval": 707.9872809717754, "spark.shuffle.compress": 0.8880493772812115, "spark.shuffle.file.buffer": 40.38761808303376, "spark.shuffle.io.numConnectionsPerPeer": 3.6921887027889024, "spark.shuffle.sort.bypassMergeThreshold": 256.73817908244774, "spark.storage.memoryFraction": 0.6387905083371482, "spark.storage.memoryMapThreshold": 3.699832606831889}, "datetime": {"datetime": "2022-01-07 16:16:39", "elapsed": 75901.896444, "delta": 512.844032}}
{"target": -472.343, "params": {"spark.broadcast.blockSize": 43.660343407052665, "spark.broadcast.checksum": 0.08140526292976091, "spark.broadcast.compress": 0.32830434009740117, "spark.default.parallelism": 297.3289611557193, "spark.executor.cores": 1.0887420342647958, "spark.executor.instances": 6.198269263630263, "spark.executor.memory": 5.826975850186673, "spark.executor.memoryOverhead": 629.76090381652, "spark.kryoserializer.buffer": 82.62122813443368, "spark.kryoserializer.buffer.max": 42.158196433141825, "spark.locality.wait": 8.108465663238954, "spark.maxRemoteBlockSizeFetchToMem": 1579627065.6706324, "spark.memory.fraction": 0.5917078601474417, "spark.memory.offHeap.enabled": 0.8557215102451601, "spark.memory.offHeap.size": 801.3786424157267, "spark.memory.storageFraction": 0.8996650163372522, "spark.rdd.compress": 0.07709704551480401, "spark.reducer.maxBlocksInFlightPerAddress": 1626720680.4950995, "spark.reducer.maxReqsInFlight": 1400111624.768137, "spark.reducer.maxSizeInFlight": 65.35727383890718, "spark.scheduler.mode": 0.16177501158840002, "spark.scheduler.revive.interval": 500.69214079384625, "spark.shuffle.compress": 0.44298680914987887, "spark.shuffle.file.buffer": 37.669019793743225, "spark.shuffle.io.numConnectionsPerPeer": 4.871631985581617, "spark.shuffle.sort.bypassMergeThreshold": 274.0223555684656, "spark.storage.memoryFraction": 0.5761417080871098, "spark.storage.memoryMapThreshold": 2.08651659994196}, "datetime": {"datetime": "2022-01-07 16:24:41", "elapsed": 76383.678364, "delta": 481.78192}}
{"target": -239.302, "params": {"spark.broadcast.blockSize": 38.496997520798956, "spark.broadcast.checksum": 0.023949832125770176, "spark.broadcast.compress": 0.05849820814151807, "spark.default.parallelism": 235.75336722385293, "spark.executor.cores": 2.354093440197464, "spark.executor.instances": 7.582744467215715, "spark.executor.memory": 3.4150763641554045, "spark.executor.memoryOverhead": 875.7116448614738, "spark.kryoserializer.buffer": 120.55217312156176, "spark.kryoserializer.buffer.max": 44.093153560336674, "spark.locality.wait": 7.369646215312782, "spark.maxRemoteBlockSizeFetchToMem": 1695138861.7889452, "spark.memory.fraction": 0.8125945729073087, "spark.memory.offHeap.enabled": 0.09937727488661718, "spark.memory.offHeap.size": 557.5983252284213, "spark.memory.storageFraction": 0.8778843031099091, "spark.rdd.compress": 0.42547994006868206, "spark.reducer.maxBlocksInFlightPerAddress": 1953306713.0599089, "spark.reducer.maxReqsInFlight": 1914471415.367668, "spark.reducer.maxSizeInFlight": 64.21921944952356, "spark.scheduler.mode": 0.13975169731299397, "spark.scheduler.revive.interval": 545.8658882990471, "spark.shuffle.compress": 0.4428518574582456, "spark.shuffle.file.buffer": 41.85930411207015, "spark.shuffle.io.numConnectionsPerPeer": 1.561252365794335, "spark.shuffle.sort.bypassMergeThreshold": 185.9490894057639, "spark.storage.memoryFraction": 0.56423909433133, "spark.storage.memoryMapThreshold": 1.6918612437946274}, "datetime": {"datetime": "2022-01-07 16:28:50", "elapsed": 76632.459141, "delta": 248.780777}}
