{"target": -184.899, "params": {"spark.broadcast.blockSize": 52.35969880837861, "spark.broadcast.checksum": 0.4808336163158318, "spark.broadcast.compress": 0.7739882700586546, "spark.default.parallelism": 328.75160416994584, "spark.executor.cores": 3.7946306959534466, "spark.executor.instances": 5.136181098313752, "spark.executor.memory": 4.8218782575905506, "spark.executor.memoryOverhead": 631.0693433136206, "spark.kryoserializer.buffer": 115.53275702262712, "spark.kryoserializer.buffer.max": 85.87784756495405, "spark.locality.wait": 6.187339304295686, "spark.maxRemoteBlockSizeFetchToMem": 1715634755.7595775, "spark.memory.fraction": 0.72392126376292, "spark.memory.offHeap.enabled": 0.5821253572998996, "spark.memory.offHeap.size": 667.150132521837, "spark.memory.storageFraction": 0.637120256300006, "spark.rdd.compress": 0.3609716504076423, "spark.reducer.maxBlocksInFlightPerAddress": 1565379324.625256, "spark.reducer.maxReqsInFlight": 1696320769.6858983, "spark.reducer.maxSizeInFlight": 69.39303813968291, "spark.scheduler.mode": 0.5136672303893327, "spark.scheduler.revive.interval": 589.5119989596521, "spark.shuffle.compress": 0.3278584504949301, "spark.shuffle.file.buffer": 28.776276530089874, "spark.shuffle.io.numConnectionsPerPeer": 3.752232586639318, "spark.shuffle.sort.bypassMergeThreshold": 292.7343487200506, "spark.storage.memoryFraction": 0.7900206134307683, "spark.storage.memoryMapThreshold": 3.0192632361483374}, "datetime": {"datetime": "2022-01-06 20:19:42", "elapsed": 4084.192711, "delta": 193.256887}}
{"target": -393.905, "params": {"spark.broadcast.blockSize": 63.39274442092433, "spark.broadcast.checksum": 0.2673890903424137, "spark.broadcast.compress": 0.14429361819156758, "spark.default.parallelism": 314.8205382358739, "spark.executor.cores": 2.800943698770581, "spark.executor.instances": 5.835152464340169, "spark.executor.memory": 4.126554127797215, "spark.executor.memoryOverhead": 661.3946454320186, "spark.kryoserializer.buffer": 46.035009320119116, "spark.kryoserializer.buffer.max": 51.90927989274988, "spark.locality.wait": 9.327276890550188, "spark.maxRemoteBlockSizeFetchToMem": 1573717265.5211568, "spark.memory.fraction": 0.6362581402675662, "spark.memory.offHeap.enabled": 0.5192232657445336, "spark.memory.offHeap.size": 567.9800422234625, "spark.memory.storageFraction": 0.8084449417229634, "spark.rdd.compress": 0.40724277458032765, "spark.reducer.maxBlocksInFlightPerAddress": 1831085314.0414724, "spark.reducer.maxReqsInFlight": 1102267586.3312254, "spark.reducer.maxSizeInFlight": 33.10876918246028, "spark.scheduler.mode": 0.38912785035028213, "spark.scheduler.revive.interval": 669.4001003479165, "spark.shuffle.compress": 0.883446104130791, "spark.shuffle.file.buffer": 39.66180314358722, "spark.shuffle.io.numConnectionsPerPeer": 4.819287499193603, "spark.shuffle.sort.bypassMergeThreshold": 341.2633237951221, "spark.storage.memoryFraction": 0.6563447235979007, "spark.storage.memoryMapThreshold": 3.1393686119329796}, "datetime": {"datetime": "2022-01-06 20:26:24", "elapsed": 4486.181721, "delta": 401.98901}}
{"target": -471.738, "params": {"spark.broadcast.blockSize": 35.022742324860666, "spark.broadcast.checksum": 0.9093727917506563, "spark.broadcast.compress": 0.988788385051155, "spark.default.parallelism": 246.98790576769468, "spark.executor.cores": 1.27902623210124, "spark.executor.instances": 5.761323901682001, "spark.executor.memory": 6.25299118889455, "spark.executor.memoryOverhead": 825.3984827487793, "spark.kryoserializer.buffer": 104.57174115679993, "spark.kryoserializer.buffer.max": 96.15930400069765, "spark.locality.wait": 4.337483995662475, "spark.maxRemoteBlockSizeFetchToMem": 2075231531.3031588, "spark.memory.fraction": 0.8137882426300382, "spark.memory.offHeap.enabled": 0.9815966945752088, "spark.memory.offHeap.size": 601.2828552412699, "spark.memory.storageFraction": 0.516279674607071, "spark.rdd.compress": 0.8648965097007577, "spark.reducer.maxBlocksInFlightPerAddress": 2045619709.772378, "spark.reducer.maxReqsInFlight": 1325231029.272625, "spark.reducer.maxSizeInFlight": 53.18245695529282, "spark.scheduler.mode": 0.23632213567546825, "spark.scheduler.revive.interval": 945.6584143596235, "spark.shuffle.compress": 0.12107199336195872, "spark.shuffle.file.buffer": 18.781443848071675, "spark.shuffle.io.numConnectionsPerPeer": 3.1035087365798297, "spark.shuffle.sort.bypassMergeThreshold": 195.48733898047777, "spark.storage.memoryFraction": 0.5430469009180692, "spark.storage.memoryMapThreshold": 2.4959606830168846}, "datetime": {"datetime": "2022-01-06 20:34:24", "elapsed": 4966.348744, "delta": 480.167023}}
{"target": -425.428, "params": {"spark.broadcast.blockSize": 36.37581375816825, "spark.broadcast.checksum": 0.09891070827058433, "spark.broadcast.compress": 0.5092279895497066, "spark.default.parallelism": 478.6588900114865, "spark.executor.cores": 1.428131856349474, "spark.executor.instances": 7.191010667024806, "spark.executor.memory": 4.779537772106952, "spark.executor.memoryOverhead": 783.5898300621517, "spark.kryoserializer.buffer": 68.0141110585458, "spark.kryoserializer.buffer.max": 42.846578049702174, "spark.locality.wait": 8.925668911894348, "spark.maxRemoteBlockSizeFetchToMem": 1108395845.4413178, "spark.memory.fraction": 0.6707873201294291, "spark.memory.offHeap.enabled": 0.23622696507695654, "spark.memory.offHeap.size": 984.8312298714617, "spark.memory.storageFraction": 0.6024350023404564, "spark.rdd.compress": 0.7692196735063975, "spark.reducer.maxBlocksInFlightPerAddress": 2103187264.3248577, "spark.reducer.maxReqsInFlight": 2071744090.7763684, "spark.reducer.maxSizeInFlight": 51.03789927007965, "spark.scheduler.mode": 0.6283035563507234, "spark.scheduler.revive.interval": 703.0658953601062, "spark.shuffle.compress": 0.6415908957845293, "spark.shuffle.file.buffer": 47.99208360883304, "spark.shuffle.io.numConnectionsPerPeer": 1.0343927078691966, "spark.shuffle.sort.bypassMergeThreshold": 152.51807677930955, "spark.storage.memoryFraction": 0.6838127954370483, "spark.storage.memoryMapThreshold": 1.822181532050358}, "datetime": {"datetime": "2022-01-06 20:41:38", "elapsed": 5400.194457, "delta": 433.845713}}
{"target": -421.895, "params": {"spark.broadcast.blockSize": 46.6170814538888, "spark.broadcast.checksum": 0.8403174273142714, "spark.broadcast.compress": 0.24883187997692421, "spark.default.parallelism": 392.17000446470934, "spark.executor.cores": 1.4986695677969797, "spark.executor.instances": 7.328751501088265, "spark.executor.memory": 3.8660978071302, "spark.executor.memoryOverhead": 832.7256616839564, "spark.kryoserializer.buffer": 125.73722303316595, "spark.kryoserializer.buffer.max": 94.22463736093044, "spark.locality.wait": 6.576034453474859, "spark.maxRemoteBlockSizeFetchToMem": 1529269482.1493618, "spark.memory.fraction": 0.6094357606593293, "spark.memory.offHeap.enabled": 0.4972094403496591, "spark.memory.offHeap.size": 892.7638837014405, "spark.memory.storageFraction": 0.8254064983133971, "spark.rdd.compress": 0.23077746933674378, "spark.reducer.maxBlocksInFlightPerAddress": 1818483215.3822775, "spark.reducer.maxReqsInFlight": 2130526731.2556162, "spark.reducer.maxSizeInFlight": 50.379987236198566, "spark.scheduler.mode": 0.8610804419003679, "spark.scheduler.revive.interval": 805.1289445339785, "spark.shuffle.compress": 0.9757798472832799, "spark.shuffle.file.buffer": 32.36187704533789, "spark.shuffle.io.numConnectionsPerPeer": 2.374797867668423, "spark.shuffle.sort.bypassMergeThreshold": 313.55063394146396, "spark.storage.memoryFraction": 0.8276142527245842, "spark.storage.memoryMapThreshold": 3.488568777687865}, "datetime": {"datetime": "2022-01-06 20:48:48", "elapsed": 5830.383024, "delta": 430.188567}}
{"target": -272.506, "params": {"spark.broadcast.blockSize": 32.113221979547895, "spark.broadcast.checksum": 0.20754423080723974, "spark.broadcast.compress": 0.3424555248122185, "spark.default.parallelism": 432.65032819359, "spark.executor.cores": 1.7412508284897028, "spark.executor.instances": 7.422167218184931, "spark.executor.memory": 6.145260618783853, "spark.executor.memoryOverhead": 706.7364658987697, "spark.kryoserializer.buffer": 122.16473380884388, "spark.kryoserializer.buffer.max": 58.09287794210509, "spark.locality.wait": 7.660847831400598, "spark.maxRemoteBlockSizeFetchToMem": 1328511232.8593125, "spark.memory.fraction": 0.5540180807650289, "spark.memory.offHeap.enabled": 0.11114801620947636, "spark.memory.offHeap.size": 527.3724680810385, "spark.memory.storageFraction": 0.89049529442195, "spark.rdd.compress": 0.9198274295990223, "spark.reducer.maxBlocksInFlightPerAddress": 1740032272.689833, "spark.reducer.maxReqsInFlight": 1851694822.6443303, "spark.reducer.maxSizeInFlight": 47.10760255456776, "spark.scheduler.mode": 0.6724007908043728, "spark.scheduler.revive.interval": 873.7815352377935, "spark.shuffle.compress": 0.6940763465135263, "spark.shuffle.file.buffer": 16.668890484428843, "spark.shuffle.io.numConnectionsPerPeer": 1.4695601018846183, "spark.shuffle.sort.bypassMergeThreshold": 169.8887876186118, "spark.storage.memoryFraction": 0.5923296400240826, "spark.storage.memoryMapThreshold": 2.321028863175776}, "datetime": {"datetime": "2022-01-06 20:53:29", "elapsed": 6111.115691, "delta": 280.732667}}
{"target": -221.919, "params": {"spark.broadcast.blockSize": 52.09843834583521, "spark.broadcast.checksum": 0.28557628169569393, "spark.broadcast.compress": 0.586833340656083, "spark.default.parallelism": 425.00652911079794, "spark.executor.cores": 3.574941509287127, "spark.executor.instances": 7.020328753870721, "spark.executor.memory": 5.792228993789212, "spark.executor.memoryOverhead": 810.1883590169177, "spark.kryoserializer.buffer": 62.977375696327655, "spark.kryoserializer.buffer.max": 96.39572391560837, "spark.locality.wait": 6.705243618480095, "spark.maxRemoteBlockSizeFetchToMem": 1484021175.1034365, "spark.memory.fraction": 0.6643245399688742, "spark.memory.offHeap.enabled": 0.4014795834695406, "spark.memory.offHeap.size": 674.5005803306378, "spark.memory.storageFraction": 0.7487677471681206, "spark.rdd.compress": 0.43024727082126435, "spark.reducer.maxBlocksInFlightPerAddress": 2119353842.368598, "spark.reducer.maxReqsInFlight": 1801524988.4775033, "spark.reducer.maxSizeInFlight": 33.53135464450132, "spark.scheduler.mode": 0.4267010093480328, "spark.scheduler.revive.interval": 671.6731198872114, "spark.shuffle.compress": 0.7976388039585666, "spark.shuffle.file.buffer": 44.15994523402982, "spark.shuffle.io.numConnectionsPerPeer": 4.615367823305488, "spark.shuffle.sort.bypassMergeThreshold": 282.54396247505247, "spark.storage.memoryFraction": 0.6080833048119031, "spark.storage.memoryMapThreshold": 1.757100104513769}, "datetime": {"datetime": "2022-01-06 20:57:20", "elapsed": 6342.172404, "delta": 231.056713}}
{"target": -294.243, "params": {"spark.broadcast.blockSize": 46.99610696787549, "spark.broadcast.checksum": 0.4574049160894317, "spark.broadcast.compress": 0.13766274094560316, "spark.default.parallelism": 203.2666201410437, "spark.executor.cores": 3.2748347814309886, "spark.executor.instances": 5.2798113523107135, "spark.executor.memory": 6.937533800774043, "spark.executor.memoryOverhead": 492.5754734964639, "spark.kryoserializer.buffer": 64.51597044624125, "spark.kryoserializer.buffer.max": 82.29402902394864, "spark.locality.wait": 8.529348742363197, "spark.maxRemoteBlockSizeFetchToMem": 1571804951.2141085, "spark.memory.fraction": 0.5499290172446705, "spark.memory.offHeap.enabled": 0.3125013784920495, "spark.memory.offHeap.size": 770.3138148869093, "spark.memory.storageFraction": 0.7695396032067471, "spark.rdd.compress": 0.7701499563120922, "spark.reducer.maxBlocksInFlightPerAddress": 1213688802.1743927, "spark.reducer.maxReqsInFlight": 1098346757.9032936, "spark.reducer.maxSizeInFlight": 48.91595146617549, "spark.scheduler.mode": 0.8099887106624163, "spark.scheduler.revive.interval": 506.30188351493814, "spark.shuffle.compress": 0.6724698446537339, "spark.shuffle.file.buffer": 37.97786325302374, "spark.shuffle.io.numConnectionsPerPeer": 2.7969870143465503, "spark.shuffle.sort.bypassMergeThreshold": 332.95773734838684, "spark.storage.memoryFraction": 0.7577444339027972, "spark.storage.memoryMapThreshold": 1.0157195129543974}, "datetime": {"datetime": "2022-01-06 21:02:23", "elapsed": 6645.786924, "delta": 303.61452}}
{"target": -230.956, "params": {"spark.broadcast.blockSize": 33.844953831720204, "spark.broadcast.checksum": 0.6316466268659396, "spark.broadcast.compress": 0.7073166026816995, "spark.default.parallelism": 384.0766083508507, "spark.executor.cores": 2.9449382684893735, "spark.executor.instances": 4.679762856869031, "spark.executor.memory": 3.59778719575545, "spark.executor.memoryOverhead": 637.4882964582603, "spark.kryoserializer.buffer": 116.03194173003575, "spark.kryoserializer.buffer.max": 49.65953038853331, "spark.locality.wait": 6.777034712249559, "spark.maxRemoteBlockSizeFetchToMem": 1534304043.9071677, "spark.memory.fraction": 0.6989156743678065, "spark.memory.offHeap.enabled": 0.16151077048601192, "spark.memory.offHeap.size": 687.3296082610229, "spark.memory.storageFraction": 0.6047521616414081, "spark.rdd.compress": 0.844526943229479, "spark.reducer.maxBlocksInFlightPerAddress": 1933092028.3859699, "spark.reducer.maxReqsInFlight": 1531842130.9886613, "spark.reducer.maxSizeInFlight": 53.136742117873865, "spark.scheduler.mode": 0.14546561026621996, "spark.scheduler.revive.interval": 754.8066471087793, "spark.shuffle.compress": 0.29694708578690454, "spark.shuffle.file.buffer": 43.50883051421444, "spark.shuffle.io.numConnectionsPerPeer": 3.6863935236255596, "spark.shuffle.sort.bypassMergeThreshold": 276.6948025244842, "spark.storage.memoryFraction": 0.5499005200276716, "spark.storage.memoryMapThreshold": 2.411763638496657}, "datetime": {"datetime": "2022-01-06 21:06:23", "elapsed": 6885.938826, "delta": 240.151902}}
{"target": -553.737, "params": {"spark.broadcast.blockSize": 55.08170701397027, "spark.broadcast.checksum": 0.44034708683123824, "spark.broadcast.compress": 0.1267357091420086, "spark.default.parallelism": 376.94709443296676, "spark.executor.cores": 1.1082049437095798, "spark.executor.instances": 4.800728465643948, "spark.executor.memory": 6.153204758671876, "spark.executor.memoryOverhead": 389.9637026875714, "spark.kryoserializer.buffer": 61.121184484022635, "spark.kryoserializer.buffer.max": 34.052092264454785, "spark.locality.wait": 9.984909956369977, "spark.maxRemoteBlockSizeFetchToMem": 1698691346.4220314, "spark.memory.fraction": 0.6173505113944227, "spark.memory.offHeap.enabled": 0.9289494618931157, "spark.memory.offHeap.size": 771.6451448566806, "spark.memory.storageFraction": 0.6818768910209627, "spark.rdd.compress": 0.5878715062961865, "spark.reducer.maxBlocksInFlightPerAddress": 1357357458.88172, "spark.reducer.maxReqsInFlight": 1401542638.387171, "spark.reducer.maxSizeInFlight": 41.839419682760756, "spark.scheduler.mode": 0.24444799937161088, "spark.scheduler.revive.interval": 792.2736330583149, "spark.shuffle.compress": 0.6958461339323264, "spark.shuffle.file.buffer": 18.302311045248036, "spark.shuffle.io.numConnectionsPerPeer": 4.884333278501855, "spark.shuffle.sort.bypassMergeThreshold": 300.614131173891, "spark.storage.memoryFraction": 0.8224652651813633, "spark.storage.memoryMapThreshold": 3.2549212122438718}, "datetime": {"datetime": "2022-01-06 21:15:47", "elapsed": 7449.040883, "delta": 563.102057}}
{"target": -267.914, "params": {"spark.broadcast.blockSize": 48.75376975094057, "spark.broadcast.checksum": 0.951935167567925, "spark.broadcast.compress": 0.8879964939264646, "spark.default.parallelism": 355.4097684783226, "spark.executor.cores": 2.1182464062924566, "spark.executor.instances": 6.841418313278437, "spark.executor.memory": 4.822573698568216, "spark.executor.memoryOverhead": 682.3699572957439, "spark.kryoserializer.buffer": 127.07899490143488, "spark.kryoserializer.buffer.max": 106.29595999582097, "spark.locality.wait": 6.005658429962958, "spark.maxRemoteBlockSizeFetchToMem": 1169302656.1750305, "spark.memory.fraction": 0.5739622361113633, "spark.memory.offHeap.enabled": 0.5268518758918344, "spark.memory.offHeap.size": 725.5564380707112, "spark.memory.storageFraction": 0.8202638632516959, "spark.rdd.compress": 0.9332023381866817, "spark.reducer.maxBlocksInFlightPerAddress": 1264722641.8905811, "spark.reducer.maxReqsInFlight": 1997231486.3224185, "spark.reducer.maxSizeInFlight": 69.9549564636801, "spark.scheduler.mode": 0.9594706068497821, "spark.scheduler.revive.interval": 518.9312938602152, "spark.shuffle.compress": 0.05758350560817371, "spark.shuffle.file.buffer": 16.185516573366048, "spark.shuffle.io.numConnectionsPerPeer": 2.2507246246219057, "spark.shuffle.sort.bypassMergeThreshold": 161.13968254242093, "spark.storage.memoryFraction": 0.6175449941882176, "spark.storage.memoryMapThreshold": 2.06804945809356}, "datetime": {"datetime": "2022-01-06 21:20:24", "elapsed": 7726.772138, "delta": 277.731255}}
{"target": -553.884, "params": {"spark.broadcast.blockSize": 35.36840085320918, "spark.broadcast.checksum": 0.17272746332288003, "spark.broadcast.compress": 0.12643089028968502, "spark.default.parallelism": 433.4902670202883, "spark.executor.cores": 1.1182345365533328, "spark.executor.instances": 4.966233669363456, "spark.executor.memory": 6.516265605433862, "spark.executor.memoryOverhead": 863.9447983922928, "spark.kryoserializer.buffer": 90.12051274179662, "spark.kryoserializer.buffer.max": 125.7188733977973, "spark.locality.wait": 4.26070925028986, "spark.maxRemoteBlockSizeFetchToMem": 2092263578.6781552, "spark.memory.fraction": 0.6245184329824669, "spark.memory.offHeap.enabled": 0.798972840361593, "spark.memory.offHeap.size": 927.0421009648136, "spark.memory.storageFraction": 0.843999436632138, "spark.rdd.compress": 0.45855081090250105, "spark.reducer.maxBlocksInFlightPerAddress": 2073013630.1390998, "spark.reducer.maxReqsInFlight": 1350652306.4954934, "spark.reducer.maxSizeInFlight": 68.85338364142007, "spark.scheduler.mode": 0.6191196332516605, "spark.scheduler.revive.interval": 992.7224574724153, "spark.shuffle.compress": 0.03264386596259239, "spark.shuffle.file.buffer": 39.20533308264667, "spark.shuffle.io.numConnectionsPerPeer": 3.2622169415215243, "spark.shuffle.sort.bypassMergeThreshold": 248.4848094796639, "spark.storage.memoryFraction": 0.6036872502602948, "spark.storage.memoryMapThreshold": 1.9804920545991254}, "datetime": {"datetime": "2022-01-06 21:29:47", "elapsed": 8289.999842, "delta": 563.227704}}
{"target": -527.235, "params": {"spark.broadcast.blockSize": 51.326327714549805, "spark.broadcast.checksum": 0.31929773707461884, "spark.broadcast.compress": 0.681204184117019, "spark.default.parallelism": 215.5897065516083, "spark.executor.cores": 1.4036392630358268, "spark.executor.instances": 4.52096867029106, "spark.executor.memory": 5.620805148898943, "spark.executor.memoryOverhead": 470.4389677432698, "spark.kryoserializer.buffer": 64.75009503214854, "spark.kryoserializer.buffer.max": 36.25391895997804, "spark.locality.wait": 5.402406160699064, "spark.maxRemoteBlockSizeFetchToMem": 2109069305.4674225, "spark.memory.fraction": 0.703655761006547, "spark.memory.offHeap.enabled": 0.15107451847143194, "spark.memory.offHeap.size": 779.7803682480458, "spark.memory.storageFraction": 0.8774037535644323, "spark.rdd.compress": 0.865686014006334, "spark.reducer.maxBlocksInFlightPerAddress": 1494719344.2334585, "spark.reducer.maxReqsInFlight": 1378542247.3756304, "spark.reducer.maxSizeInFlight": 60.5630334092516, "spark.scheduler.mode": 0.2404843248030878, "spark.scheduler.revive.interval": 627.1161773286763, "spark.shuffle.compress": 0.08408635417992949, "spark.shuffle.file.buffer": 43.65261103244886, "spark.shuffle.io.numConnectionsPerPeer": 2.7915956624811193, "spark.shuffle.sort.bypassMergeThreshold": 262.35725212199475, "spark.storage.memoryFraction": 0.794684383077408, "spark.storage.memoryMapThreshold": 3.389466601393587}, "datetime": {"datetime": "2022-01-06 21:38:44", "elapsed": 8826.752075, "delta": 536.752233}}
{"target": -356.789, "params": {"spark.broadcast.blockSize": 43.794459832488826, "spark.broadcast.checksum": 0.2927265620931302, "spark.broadcast.compress": 0.41369073619910135, "spark.default.parallelism": 264.41470870051415, "spark.executor.cores": 1.9569580194105671, "spark.executor.instances": 4.487679255560351, "spark.executor.memory": 6.852072958382138, "spark.executor.memoryOverhead": 632.4636236335999, "spark.kryoserializer.buffer": 120.61766552851174, "spark.kryoserializer.buffer.max": 103.63137351424842, "spark.locality.wait": 6.746231726082515, "spark.maxRemoteBlockSizeFetchToMem": 1884010818.4500027, "spark.memory.fraction": 0.7512092314427703, "spark.memory.offHeap.enabled": 0.30375843415186865, "spark.memory.offHeap.size": 779.0895684675952, "spark.memory.storageFraction": 0.7849248782589717, "spark.rdd.compress": 0.30531353144830675, "spark.reducer.maxBlocksInFlightPerAddress": 1087188116.7201362, "spark.reducer.maxReqsInFlight": 1361786842.4678206, "spark.reducer.maxSizeInFlight": 62.243782828324036, "spark.scheduler.mode": 0.9299930889635013, "spark.scheduler.revive.interval": 812.6655774516275, "spark.shuffle.compress": 0.13280748458041103, "spark.shuffle.file.buffer": 40.24225149591748, "spark.shuffle.io.numConnectionsPerPeer": 3.107621384189376, "spark.shuffle.sort.bypassMergeThreshold": 300.7738143242426, "spark.storage.memoryFraction": 0.843444681228005, "spark.storage.memoryMapThreshold": 3.8426246533054726}, "datetime": {"datetime": "2022-01-06 21:44:50", "elapsed": 9193.000717, "delta": 366.248642}}
