{"target": -198.153, "params": {"spark.broadcast.blockSize": 57.44860914051945, "spark.broadcast.checksum": 0.5780979155388705, "spark.broadcast.compress": 0.097601786616001, "spark.default.parallelism": 360.3375030179374, "spark.executor.cores": 2.669396944688749, "spark.executor.instances": 7.775952732578506, "spark.executor.memory": 4.409150139455446, "spark.executor.memoryOverhead": 592.9128214648039, "spark.kryoserializer.buffer": 65.4468821954168, "spark.kryoserializer.buffer.max": 115.86883466819745, "spark.locality.wait": 4.782768106423089, "spark.maxRemoteBlockSizeFetchToMem": 1239438233.8590693, "spark.memory.fraction": 0.5862615770500157, "spark.memory.offHeap.enabled": 0.8009094543810121, "spark.memory.offHeap.size": 812.0813344839028, "spark.memory.storageFraction": 0.8588242213814283, "spark.rdd.compress": 0.67464573653894, "spark.reducer.maxBlocksInFlightPerAddress": 1519256935.1217475, "spark.reducer.maxReqsInFlight": 1402830216.0235224, "spark.reducer.maxSizeInFlight": 58.09212482223515, "spark.scheduler.mode": 0.2967856429947695, "spark.scheduler.revive.interval": 825.0054010570276, "spark.shuffle.compress": 0.8221192602983067, "spark.shuffle.file.buffer": 40.41388231117423, "spark.shuffle.io.numConnectionsPerPeer": 2.1061381739239295, "spark.shuffle.sort.bypassMergeThreshold": 181.65575406876383, "spark.storage.memoryFraction": 0.7517438977150943, "spark.storage.memoryMapThreshold": 1.9920469087675063}, "datetime": {"datetime": "2022-01-06 19:11:37", "elapsed": 0.0, "delta": 0.0}}
{"target": -274.106, "params": {"spark.broadcast.blockSize": 43.29939091866158, "spark.broadcast.checksum": 0.7520602377108477, "spark.broadcast.compress": 0.7382215076977037, "spark.default.parallelism": 446.98135384761076, "spark.executor.cores": 3.2930948964800058, "spark.executor.instances": 4.315072415119163, "spark.executor.memory": 4.211907351544176, "spark.executor.memoryOverhead": 572.8244655102161, "spark.kryoserializer.buffer": 48.10893588430243, "spark.kryoserializer.buffer.max": 81.05579366824601, "spark.locality.wait": 5.032678795924133, "spark.maxRemoteBlockSizeFetchToMem": 1212821862.674866, "spark.memory.fraction": 0.6459261243559427, "spark.memory.offHeap.enabled": 0.8726400578896413, "spark.memory.offHeap.size": 713.5898277701606, "spark.memory.storageFraction": 0.5687030435996199, "spark.rdd.compress": 0.27219283419294465, "spark.reducer.maxBlocksInFlightPerAddress": 1993966912.1035197, "spark.reducer.maxReqsInFlight": 1395814106.3904605, "spark.reducer.maxSizeInFlight": 35.99961070823834, "spark.scheduler.mode": 0.5999873458681361, "spark.scheduler.revive.interval": 503.2900742879185, "spark.shuffle.compress": 0.26066775138760956, "spark.shuffle.file.buffer": 26.721420564026744, "spark.shuffle.io.numConnectionsPerPeer": 4.6966009867818475, "spark.shuffle.sort.bypassMergeThreshold": 282.3291124878923, "spark.storage.memoryFraction": 0.5218354559355064, "spark.storage.memoryMapThreshold": 1.1650494870945893}, "datetime": {"datetime": "2022-01-06 19:16:20", "elapsed": 282.320842, "delta": 282.320842}}
{"target": -390.138, "params": {"spark.broadcast.blockSize": 38.948874839111895, "spark.broadcast.checksum": 0.714187818876212, "spark.broadcast.compress": 0.5847020430741444, "spark.default.parallelism": 214.2235658831687, "spark.executor.cores": 1.1423922342233144, "spark.executor.instances": 7.887675505954421, "spark.executor.memory": 6.560669463057211, "spark.executor.memoryOverhead": 520.4673919337828, "spark.kryoserializer.buffer": 89.00186016584121, "spark.kryoserializer.buffer.max": 122.90851640340715, "spark.locality.wait": 7.204145142147362, "spark.maxRemoteBlockSizeFetchToMem": 2125646770.779006, "spark.memory.fraction": 0.7092871921627912, "spark.memory.offHeap.enabled": 0.6143575394745272, "spark.memory.offHeap.size": 935.3229156463267, "spark.memory.storageFraction": 0.6811997743379646, "spark.rdd.compress": 0.1287185817670749, "spark.reducer.maxBlocksInFlightPerAddress": 1222586811.9757087, "spark.reducer.maxReqsInFlight": 2020283479.0470693, "spark.reducer.maxSizeInFlight": 65.52558935696788, "spark.scheduler.mode": 0.908766863597683, "spark.scheduler.revive.interval": 533.7048352981132, "spark.shuffle.compress": 0.5477938670523929, "spark.shuffle.file.buffer": 37.489121789147674, "spark.shuffle.io.numConnectionsPerPeer": 4.513387076162157, "spark.shuffle.sort.bypassMergeThreshold": 279.16971217317126, "spark.storage.memoryFraction": 0.8855119740711321, "spark.storage.memoryMapThreshold": 3.914354462361799}, "datetime": {"datetime": "2022-01-06 19:22:58", "elapsed": 680.683086, "delta": 398.362244}}
{"target": -281.19, "params": {"spark.broadcast.blockSize": 51.07478745900202, "spark.broadcast.checksum": 0.329690790642732, "spark.broadcast.compress": 0.40689359886069143, "spark.default.parallelism": 374.7978008866694, "spark.executor.cores": 2.98351879834762, "spark.executor.instances": 4.940032409715538, "spark.executor.memory": 6.832478993983277, "spark.executor.memoryOverhead": 472.55610180104173, "spark.kryoserializer.buffer": 40.93328554287225, "spark.kryoserializer.buffer.max": 33.42114626839472, "spark.locality.wait": 4.285310953995161, "spark.maxRemoteBlockSizeFetchToMem": 1390771777.868701, "spark.memory.fraction": 0.7444018536024549, "spark.memory.offHeap.enabled": 0.06817496273864451, "spark.memory.offHeap.size": 718.6260403420434, "spark.memory.storageFraction": 0.8654674266804521, "spark.rdd.compress": 0.3249346701230933, "spark.reducer.maxBlocksInFlightPerAddress": 1381722020.9899266, "spark.reducer.maxReqsInFlight": 1601162620.6356487, "spark.reducer.maxSizeInFlight": 63.71701587938015, "spark.scheduler.mode": 0.9592180630434785, "spark.scheduler.revive.interval": 877.1805063539568, "spark.shuffle.compress": 0.08930308656433346, "spark.shuffle.file.buffer": 30.20477511558374, "spark.shuffle.io.numConnectionsPerPeer": 1.3673307716398737, "spark.shuffle.sort.bypassMergeThreshold": 256.7331150974465, "spark.storage.memoryFraction": 0.7364569531991111, "spark.storage.memoryMapThreshold": 3.5520745097237114}, "datetime": {"datetime": "2022-01-06 19:27:48", "elapsed": 970.099035, "delta": 289.415949}}
{"target": -275.708, "params": {"spark.broadcast.blockSize": 49.17428739475579, "spark.broadcast.checksum": 0.8702666455351806, "spark.broadcast.compress": 0.6194230363663654, "spark.default.parallelism": 400.6185400888535, "spark.executor.cores": 3.4544976637269174, "spark.executor.instances": 4.44772670393607, "spark.executor.memory": 6.6366974360593645, "spark.executor.memoryOverhead": 408.07189423921193, "spark.kryoserializer.buffer": 83.35689235344206, "spark.kryoserializer.buffer.max": 108.45563887939863, "spark.locality.wait": 5.264769455591102, "spark.maxRemoteBlockSizeFetchToMem": 1775883623.714628, "spark.memory.fraction": 0.8329643779931877, "spark.memory.offHeap.enabled": 0.16025343836060027, "spark.memory.offHeap.size": 902.9311836059487, "spark.memory.storageFraction": 0.7994593502245851, "spark.rdd.compress": 0.08149195094459687, "spark.reducer.maxBlocksInFlightPerAddress": 1154215805.9348893, "spark.reducer.maxReqsInFlight": 1814210992.996654, "spark.reducer.maxSizeInFlight": 26.41551868091735, "spark.scheduler.mode": 0.3323564950945295, "spark.scheduler.revive.interval": 999.8835342337462, "spark.shuffle.compress": 0.38821033125822735, "spark.shuffle.file.buffer": 35.7757844338454, "spark.shuffle.io.numConnectionsPerPeer": 2.5483131160146875, "spark.shuffle.sort.bypassMergeThreshold": 264.7357131852894, "spark.storage.memoryFraction": 0.7637495610818297, "spark.storage.memoryMapThreshold": 3.7771854854972555}, "datetime": {"datetime": "2022-01-06 19:32:32", "elapsed": 1254.110055, "delta": 284.01102}}
{"target": -197.17, "params": {"spark.broadcast.blockSize": 40.212970647174664, "spark.broadcast.checksum": 0.9838208005456943, "spark.broadcast.compress": 0.6755948842471398, "spark.default.parallelism": 278.78236882498413, "spark.executor.cores": 3.9358382450343776, "spark.executor.instances": 6.7635289232798055, "spark.executor.memory": 5.0835329689762405, "spark.executor.memoryOverhead": 428.13772080112165, "spark.kryoserializer.buffer": 73.78578021359854, "spark.kryoserializer.buffer.max": 37.186401355063005, "spark.locality.wait": 7.463593220923386, "spark.maxRemoteBlockSizeFetchToMem": 1852651414.972049, "spark.memory.fraction": 0.7962140256297021, "spark.memory.offHeap.enabled": 0.27146446029644355, "spark.memory.offHeap.size": 643.3937827760053, "spark.memory.storageFraction": 0.7137893794382617, "spark.rdd.compress": 0.46865485541814433, "spark.reducer.maxBlocksInFlightPerAddress": 1397918916.140368, "spark.reducer.maxReqsInFlight": 1925921293.2749062, "spark.reducer.maxSizeInFlight": 60.582252386497245, "spark.scheduler.mode": 0.8276893593753297, "spark.scheduler.revive.interval": 697.2160834057277, "spark.shuffle.compress": 0.18995650883520568, "spark.shuffle.file.buffer": 33.82486775562191, "spark.shuffle.io.numConnectionsPerPeer": 4.0658188386036755, "spark.shuffle.sort.bypassMergeThreshold": 216.57992511844753, "spark.storage.memoryFraction": 0.876731091360623, "spark.storage.memoryMapThreshold": 3.3588580519853233}, "datetime": {"datetime": "2022-01-06 19:35:57", "elapsed": 1459.352706, "delta": 205.242651}}
{"target": -203.266, "params": {"spark.broadcast.blockSize": 53.73999050444491, "spark.broadcast.checksum": 0.3666126169463192, "spark.broadcast.compress": 0.1564133459824556, "spark.default.parallelism": 346.55200256967805, "spark.executor.cores": 3.619187647784447, "spark.executor.instances": 5.507357904675448, "spark.executor.memory": 3.617823005815742, "spark.executor.memoryOverhead": 609.2021825214379, "spark.kryoserializer.buffer": 36.08014647609868, "spark.kryoserializer.buffer.max": 124.13530657556782, "spark.locality.wait": 9.49981525472574, "spark.maxRemoteBlockSizeFetchToMem": 1456009870.2696073, "spark.memory.fraction": 0.521707083271698, "spark.memory.offHeap.enabled": 0.4203999032680221, "spark.memory.offHeap.size": 545.9206015595016, "spark.memory.storageFraction": 0.7688655782968677, "spark.rdd.compress": 0.9516033537030272, "spark.reducer.maxBlocksInFlightPerAddress": 1074000388.1399977, "spark.reducer.maxReqsInFlight": 1980949688.5001535, "spark.reducer.maxSizeInFlight": 24.65859710166409, "spark.scheduler.mode": 0.4662641050273311, "spark.scheduler.revive.interval": 743.2270262188471, "spark.shuffle.compress": 0.9218981714546731, "spark.shuffle.file.buffer": 23.02983522259468, "spark.shuffle.io.numConnectionsPerPeer": 3.237400091473286, "spark.shuffle.sort.bypassMergeThreshold": 337.398675665774, "spark.storage.memoryFraction": 0.8448316422136757, "spark.storage.memoryMapThreshold": 2.7967673907032413}, "datetime": {"datetime": "2022-01-06 19:39:28", "elapsed": 1670.718572, "delta": 211.365866}}
{"target": -224.984, "params": {"spark.broadcast.blockSize": 55.624544085717396, "spark.broadcast.checksum": 0.5337186395536053, "spark.broadcast.compress": 0.9320459742210783, "spark.default.parallelism": 302.3260438490747, "spark.executor.cores": 3.1879188945245027, "spark.executor.instances": 6.432407999581754, "spark.executor.memory": 5.689073321535691, "spark.executor.memoryOverhead": 554.6408237273015, "spark.kryoserializer.buffer": 101.85376622870656, "spark.kryoserializer.buffer.max": 70.78269139025583, "spark.locality.wait": 5.9296272703198625, "spark.maxRemoteBlockSizeFetchToMem": 1128819661.6319861, "spark.memory.fraction": 0.5638480625060269, "spark.memory.offHeap.enabled": 0.3942947193727002, "spark.memory.offHeap.size": 853.3138508719942, "spark.memory.storageFraction": 0.7229571284745626, "spark.rdd.compress": 0.575510604679901, "spark.reducer.maxBlocksInFlightPerAddress": 1970716525.8675737, "spark.reducer.maxReqsInFlight": 1170702374.1379411, "spark.reducer.maxSizeInFlight": 44.7898175915899, "spark.scheduler.mode": 0.16744756122417895, "spark.scheduler.revive.interval": 917.3467852662344, "spark.shuffle.compress": 0.04931770198655136, "spark.shuffle.file.buffer": 20.472344876180582, "spark.shuffle.io.numConnectionsPerPeer": 4.2138347400455265, "spark.shuffle.sort.bypassMergeThreshold": 204.6597055771275, "spark.storage.memoryFraction": 0.6129722796499303, "spark.storage.memoryMapThreshold": 1.5296463707573873}, "datetime": {"datetime": "2022-01-06 19:43:21", "elapsed": 1903.763549, "delta": 233.044977}}
{"target": -343.092, "params": {"spark.broadcast.blockSize": 58.14693040612223, "spark.broadcast.checksum": 0.13035071964347852, "spark.broadcast.compress": 0.8089458059980112, "spark.default.parallelism": 467.31022724379056, "spark.executor.cores": 2.1490754400984895, "spark.executor.instances": 6.073382795568004, "spark.executor.memory": 5.241445783549883, "spark.executor.memoryOverhead": 439.196849533001, "spark.kryoserializer.buffer": 111.06803974323907, "spark.kryoserializer.buffer.max": 62.84317687841876, "spark.locality.wait": 6.8053602628908765, "spark.maxRemoteBlockSizeFetchToMem": 1421222502.2400649, "spark.memory.fraction": 0.5180341475938113, "spark.memory.offHeap.enabled": 0.33799064102877246, "spark.memory.offHeap.size": 953.4549208686374, "spark.memory.storageFraction": 0.5389081908508453, "spark.rdd.compress": 0.18390267138444652, "spark.reducer.maxBlocksInFlightPerAddress": 1236345233.7241242, "spark.reducer.maxReqsInFlight": 1611175844.075697, "spark.reducer.maxSizeInFlight": 56.85253681549788, "spark.scheduler.mode": 0.11181888776905516, "spark.scheduler.revive.interval": 754.2362081163018, "spark.shuffle.compress": 0.774888515533187, "spark.shuffle.file.buffer": 44.0771620172864, "spark.shuffle.io.numConnectionsPerPeer": 1.9414664118215337, "spark.shuffle.sort.bypassMergeThreshold": 306.02425010242746, "spark.storage.memoryFraction": 0.7108091016539488, "spark.storage.memoryMapThreshold": 2.0751289807858657}, "datetime": {"datetime": "2022-01-06 19:49:12", "elapsed": 2254.89359, "delta": 351.130041}}
{"target": -366.35, "params": {"spark.broadcast.blockSize": 45.89679798556907, "spark.broadcast.checksum": 0.6714831028985732, "spark.broadcast.compress": 0.27299908440203835, "spark.default.parallelism": 222.57840841738778, "spark.executor.cores": 1.9275249817718194, "spark.executor.instances": 4.065463785206538, "spark.executor.memory": 5.9672959114854764, "spark.executor.memoryOverhead": 750.4657812849875, "spark.kryoserializer.buffer": 79.56800483282262, "spark.kryoserializer.buffer.max": 66.26013789479305, "spark.locality.wait": 8.13116946177632, "spark.maxRemoteBlockSizeFetchToMem": 2035515703.8541102, "spark.memory.fraction": 0.6891908707278958, "spark.memory.offHeap.enabled": 0.04861973183878906, "spark.memory.offHeap.size": 791.1823890181281, "spark.memory.storageFraction": 0.585227202202659, "spark.rdd.compress": 0.5422563725498366, "spark.reducer.maxBlocksInFlightPerAddress": 1326181814.2143662, "spark.reducer.maxReqsInFlight": 1759018065.9610934, "spark.reducer.maxSizeInFlight": 30.226349634502057, "spark.scheduler.mode": 0.747320940575516, "spark.scheduler.revive.interval": 958.7187810256842, "spark.shuffle.compress": 0.41536759008942475, "spark.shuffle.file.buffer": 45.69779690763767, "spark.shuffle.io.numConnectionsPerPeer": 1.7622622406178285, "spark.shuffle.sort.bypassMergeThreshold": 237.7576970839104, "spark.storage.memoryFraction": 0.8164566184356911, "spark.storage.memoryMapThreshold": 2.901318929459233}, "datetime": {"datetime": "2022-01-06 19:55:27", "elapsed": 2629.399142, "delta": 374.505552}}
{"target": -286.052, "params": {"spark.broadcast.blockSize": 37.92022956465249, "spark.broadcast.checksum": 0.16812866554045477, "spark.broadcast.compress": 0.8877489335216523, "spark.default.parallelism": 419.5990771245897, "spark.executor.cores": 2.593880952865776, "spark.executor.instances": 6.968643910817033, "spark.executor.memory": 3.5315270693603416, "spark.executor.memoryOverhead": 870.3026283226991, "spark.kryoserializer.buffer": 94.10786531353526, "spark.kryoserializer.buffer.max": 75.7250047320347, "spark.locality.wait": 9.840417021156174, "spark.maxRemoteBlockSizeFetchToMem": 1634103564.9706392, "spark.memory.fraction": 0.872089695508441, "spark.memory.offHeap.enabled": 0.9002719755186581, "spark.memory.offHeap.size": 838.7882344524062, "spark.memory.storageFraction": 0.650855560602544, "spark.rdd.compress": 0.8273531327996925, "spark.reducer.maxBlocksInFlightPerAddress": 1675146507.7069945, "spark.reducer.maxReqsInFlight": 1471227218.5804477, "spark.reducer.maxSizeInFlight": 40.491653173652026, "spark.scheduler.mode": 0.7980088133983575, "spark.scheduler.revive.interval": 612.930995838469, "spark.shuffle.compress": 0.5632604352280033, "spark.shuffle.file.buffer": 42.81428100953305, "spark.shuffle.io.numConnectionsPerPeer": 2.643887324251762, "spark.shuffle.sort.bypassMergeThreshold": 226.98591560993538, "spark.storage.memoryFraction": 0.6779952770048571, "spark.storage.memoryMapThreshold": 2.519265477117019}, "datetime": {"datetime": "2022-01-06 20:00:21", "elapsed": 2923.663688, "delta": 294.264546}}
{"target": -343.702, "params": {"spark.broadcast.blockSize": 42.75091367399774, "spark.broadcast.checksum": 0.6036876669471549, "spark.broadcast.compress": 0.02181971620710359, "spark.default.parallelism": 241.30694186750324, "spark.executor.cores": 2.3594600590881907, "spark.executor.instances": 4.736062336658065, "spark.executor.memory": 5.587804165838016, "spark.executor.memoryOverhead": 688.8696304064893, "spark.kryoserializer.buffer": 95.58695778183044, "spark.kryoserializer.buffer.max": 50.79182935364823, "spark.locality.wait": 8.66774554461627, "spark.maxRemoteBlockSizeFetchToMem": 1965841973.7339993, "spark.memory.fraction": 0.8425397449538858, "spark.memory.offHeap.enabled": 0.7535509519109769, "spark.memory.offHeap.size": 632.188249535966, "spark.memory.storageFraction": 0.756275555568156, "spark.rdd.compress": 0.03281510062628924, "spark.reducer.maxBlocksInFlightPerAddress": 1889910838.5360036, "spark.reducer.maxReqsInFlight": 1272819015.2897062, "spark.reducer.maxSizeInFlight": 36.512720444416566, "spark.scheduler.mode": 0.44532616200807723, "spark.scheduler.revive.interval": 638.4360444598208, "spark.shuffle.compress": 0.7214394055570577, "spark.shuffle.file.buffer": 21.58979584765342, "spark.shuffle.io.numConnectionsPerPeer": 3.4177600067561698, "spark.shuffle.sort.bypassMergeThreshold": 178.2912327274912, "spark.storage.memoryFraction": 0.622768415335421, "spark.storage.memoryMapThreshold": 1.1282172267943236}, "datetime": {"datetime": "2022-01-06 20:06:13", "elapsed": 3275.64846, "delta": 351.984772}}
{"target": -271.23, "params": {"spark.broadcast.blockSize": 61.25589468762186, "spark.broadcast.checksum": 0.014849845364382686, "spark.broadcast.compress": 0.36225610999124436, "spark.default.parallelism": 262.77275320113665, "spark.executor.cores": 1.8044583523617086, "spark.executor.instances": 6.305592125872961, "spark.executor.memory": 3.169487585245933, "spark.executor.memoryOverhead": 492.99756906752043, "spark.kryoserializer.buffer": 60.48520866625019, "spark.kryoserializer.buffer.max": 103.95086105767324, "spark.locality.wait": 5.521891313107023, "spark.maxRemoteBlockSizeFetchToMem": 1735809615.4256237, "spark.memory.fraction": 0.7652287405435609, "spark.memory.offHeap.enabled": 0.6651394539698348, "spark.memory.offHeap.size": 1009.6293386509321, "spark.memory.storageFraction": 0.6666552044773871, "spark.rdd.compress": 0.7123542172849778, "spark.reducer.maxBlocksInFlightPerAddress": 1493244114.107624, "spark.reducer.maxReqsInFlight": 1194458985.0378938, "spark.reducer.maxSizeInFlight": 41.27461917593558, "spark.scheduler.mode": 0.08056587655139945, "spark.scheduler.revive.interval": 797.2432105530181, "spark.shuffle.compress": 0.48511036881198555, "spark.shuffle.file.buffer": 24.4295571789676, "spark.shuffle.io.numConnectionsPerPeer": 3.931135431629578, "spark.shuffle.sort.bypassMergeThreshold": 243.58048459323282, "spark.storage.memoryFraction": 0.5153763882726752, "spark.storage.memoryMapThreshold": 1.401798221021278}, "datetime": {"datetime": "2022-01-06 20:10:53", "elapsed": 3555.113639, "delta": 279.465179}}
{"target": -327.382, "params": {"spark.broadcast.blockSize": 60.74988609521381, "spark.broadcast.checksum": 0.40773223727081004, "spark.broadcast.compress": 0.4525523384861295, "spark.default.parallelism": 489.98682005300435, "spark.executor.cores": 2.2155844788137333, "spark.executor.instances": 5.385603285189161, "spark.executor.memory": 3.2451957677489247, "spark.executor.memoryOverhead": 755.0213040776634, "spark.kryoserializer.buffer": 51.74227712222381, "spark.kryoserializer.buffer.max": 113.49640651342315, "spark.locality.wait": 8.202758672126402, "spark.maxRemoteBlockSizeFetchToMem": 1927303493.0741844, "spark.memory.fraction": 0.8916349483133142, "spark.memory.offHeap.enabled": 0.7053591549571229, "spark.memory.offHeap.size": 763.1336771942495, "spark.memory.storageFraction": 0.5449781769880284, "spark.rdd.compress": 0.6453698453091045, "spark.reducer.maxBlocksInFlightPerAddress": 1625062849.6114845, "spark.reducer.maxReqsInFlight": 1534054824.1284726, "spark.reducer.maxSizeInFlight": 71.57561932018251, "spark.scheduler.mode": 0.016557264967663906, "spark.scheduler.revive.interval": 559.2422301744414, "spark.shuffle.compress": 0.2216983650678255, "spark.shuffle.file.buffer": 31.06226705001452, "spark.shuffle.io.numConnectionsPerPeer": 2.9527235093398687, "spark.shuffle.sort.bypassMergeThreshold": 329.3978790471162, "spark.storage.memoryFraction": 0.5648570333815207, "spark.storage.memoryMapThreshold": 1.6268479022208142}, "datetime": {"datetime": "2022-01-06 20:16:28", "elapsed": 3890.935824, "delta": 335.822185}}
