{"target": -210.172, "params": {"spark.broadcast.blockSize": 36.087786044914985, "spark.broadcast.checksum": 0.14592891807160346, "spark.broadcast.compress": 0.07226475681487265, "spark.default.parallelism": 362.76206994343727, "spark.executor.cores": 3.6474585187071145, "spark.executor.instances": 6.127167600267554, "spark.executor.memory": 6.12686114158376, "spark.executor.memoryOverhead": 476.90771694725197, "spark.kryoserializer.buffer": 114.85868097596816, "spark.kryoserializer.buffer.max": 49.99277798963374, "spark.locality.wait": 4.32858475639914, "spark.maxRemoteBlockSizeFetchToMem": 1526313985.4349704, "spark.memory.fraction": 0.7220417720033754, "spark.memory.offHeap.enabled": 0.9707420095213946, "spark.memory.offHeap.size": 558.97796272189, "spark.memory.storageFraction": 0.6095672372918219, "spark.rdd.compress": 0.10510706908204948, "spark.reducer.maxBlocksInFlightPerAddress": 1492973190.7125456, "spark.reducer.maxReqsInFlight": 1384065110.6182516, "spark.reducer.maxSizeInFlight": 48.638416774459515, "spark.scheduler.mode": 0.348256681750747, "spark.scheduler.revive.interval": 964.1140091250505, "spark.shuffle.compress": 0.7899477963830404, "spark.shuffle.file.buffer": 43.55236379564722, "spark.shuffle.io.numConnectionsPerPeer": 1.5180037837715834, "spark.shuffle.sort.bypassMergeThreshold": 265.01403339774276, "spark.storage.memoryFraction": 0.5859130143539435, "spark.storage.memoryMapThreshold": 3.604715714322667}, "datetime": {"datetime": "2022-01-06 21:48:30", "elapsed": 9412.454213, "delta": 219.453496}}
{"target": -209.669, "params": {"spark.broadcast.blockSize": 37.8962261490703, "spark.broadcast.checksum": 0.23680853369423926, "spark.broadcast.compress": 0.018362636502572416, "spark.default.parallelism": 479.4216401794563, "spark.executor.cores": 3.6613635299719194, "spark.executor.instances": 6.381864675878171, "spark.executor.memory": 3.4374706220274147, "spark.executor.memoryOverhead": 469.55652489335324, "spark.kryoserializer.buffer": 87.38819560953041, "spark.kryoserializer.buffer.max": 56.15906945601391, "spark.locality.wait": 5.801030999416291, "spark.maxRemoteBlockSizeFetchToMem": 1257337791.1622398, "spark.memory.fraction": 0.5758366876291059, "spark.memory.offHeap.enabled": 0.4634211543904514, "spark.memory.offHeap.size": 773.0554739857591, "spark.memory.storageFraction": 0.704631955865893, "spark.rdd.compress": 0.9971387993669208, "spark.reducer.maxBlocksInFlightPerAddress": 1212894272.2184105, "spark.reducer.maxReqsInFlight": 1885673058.2113233, "spark.reducer.maxSizeInFlight": 62.10032386679484, "spark.scheduler.mode": 0.5848825987705206, "spark.scheduler.revive.interval": 731.3690901346627, "spark.shuffle.compress": 0.8934266373502794, "spark.shuffle.file.buffer": 42.50176701033999, "spark.shuffle.io.numConnectionsPerPeer": 1.2011637441148149, "spark.shuffle.sort.bypassMergeThreshold": 342.5967506175708, "spark.storage.memoryFraction": 0.5029359567014575, "spark.storage.memoryMapThreshold": 2.7193966140518255}, "datetime": {"datetime": "2022-01-06 21:52:09", "elapsed": 9631.470041, "delta": 219.015828}}
{"target": -398.855, "params": {"spark.broadcast.blockSize": 54.68045618980037, "spark.broadcast.checksum": 0.4379419247771238, "spark.broadcast.compress": 0.7938045071164251, "spark.default.parallelism": 355.25380764278583, "spark.executor.cores": 2.240794483387321, "spark.executor.instances": 4.469767744910358, "spark.executor.memory": 6.535644263745397, "spark.executor.memoryOverhead": 519.8674547042862, "spark.kryoserializer.buffer": 91.16102943966659, "spark.kryoserializer.buffer.max": 126.51965878022779, "spark.locality.wait": 5.136508132262523, "spark.maxRemoteBlockSizeFetchToMem": 2110104034.722633, "spark.memory.fraction": 0.7610861473702781, "spark.memory.offHeap.enabled": 0.12873160459654764, "spark.memory.offHeap.size": 907.2266987894008, "spark.memory.storageFraction": 0.8807103113028375, "spark.rdd.compress": 0.5627805496894249, "spark.reducer.maxBlocksInFlightPerAddress": 1813072339.1129982, "spark.reducer.maxReqsInFlight": 1102032642.5163865, "spark.reducer.maxSizeInFlight": 71.47563290438146, "spark.scheduler.mode": 0.3184571198136825, "spark.scheduler.revive.interval": 511.9518896831097, "spark.shuffle.compress": 0.8085641504743885, "spark.shuffle.file.buffer": 47.14408165654618, "spark.shuffle.io.numConnectionsPerPeer": 3.9503540396667245, "spark.shuffle.sort.bypassMergeThreshold": 150.54716120908006, "spark.storage.memoryFraction": 0.5253442045496142, "spark.storage.memoryMapThreshold": 2.7528082156827423}, "datetime": {"datetime": "2022-01-06 21:58:57", "elapsed": 10039.603545, "delta": 408.133504}}
{"target": -252.266, "params": {"spark.broadcast.blockSize": 56.759295468873404, "spark.broadcast.checksum": 0.07852291483410356, "spark.broadcast.compress": 0.8843841167758716, "spark.default.parallelism": 479.26048887636745, "spark.executor.cores": 3.5592565371696696, "spark.executor.instances": 4.469510416403792, "spark.executor.memory": 5.260693926807647, "spark.executor.memoryOverhead": 732.8270542812861, "spark.kryoserializer.buffer": 117.24608863425688, "spark.kryoserializer.buffer.max": 41.19449881278204, "spark.locality.wait": 8.89462350729597, "spark.maxRemoteBlockSizeFetchToMem": 1372259258.895646, "spark.memory.fraction": 0.7369149543063656, "spark.memory.offHeap.enabled": 0.7197957093739197, "spark.memory.offHeap.size": 909.8338044725338, "spark.memory.storageFraction": 0.6178659395995478, "spark.rdd.compress": 0.6073765389488749, "spark.reducer.maxBlocksInFlightPerAddress": 1382413471.2965329, "spark.reducer.maxReqsInFlight": 2145676271.380199, "spark.reducer.maxSizeInFlight": 63.096269181232834, "spark.scheduler.mode": 0.4139779162693674, "spark.scheduler.revive.interval": 939.571092832118, "spark.shuffle.compress": 0.7325011151084537, "spark.shuffle.file.buffer": 45.71990178328819, "spark.shuffle.io.numConnectionsPerPeer": 1.6864427769876968, "spark.shuffle.sort.bypassMergeThreshold": 208.96700098417483, "spark.storage.memoryFraction": 0.5374946704298569, "spark.storage.memoryMapThreshold": 1.9539430950361383}, "datetime": {"datetime": "2022-01-06 22:03:19", "elapsed": 10301.281443, "delta": 261.677898}}
{"target": -252.266, "params": {"spark.broadcast.blockSize": 39.38050898953496, "spark.broadcast.checksum": 0.7446124094614665, "spark.broadcast.compress": 0.5016372020053996, "spark.default.parallelism": 411.6106489727083, "spark.executor.cores": 2.340093370949168, "spark.executor.instances": 6.023762438301525, "spark.executor.memory": 3.1661407319142936, "spark.executor.memoryOverhead": 625.2294802679024, "spark.kryoserializer.buffer": 45.65960021094315, "spark.kryoserializer.buffer.max": 45.67960131051638, "spark.locality.wait": 6.60010241535727, "spark.maxRemoteBlockSizeFetchToMem": 1692447338.9324603, "spark.memory.fraction": 0.6372194780766208, "spark.memory.offHeap.enabled": 0.16049159026420812, "spark.memory.offHeap.size": 891.6021334937352, "spark.memory.storageFraction": 0.8852366291131745, "spark.rdd.compress": 0.7336422859505056, "spark.reducer.maxBlocksInFlightPerAddress": 1156488911.493205, "spark.reducer.maxReqsInFlight": 1976660082.5218704, "spark.reducer.maxSizeInFlight": 27.240674419841746, "spark.scheduler.mode": 0.4363120485992489, "spark.scheduler.revive.interval": 964.4313996606396, "spark.shuffle.compress": 0.26318010363654454, "spark.shuffle.file.buffer": 20.09450150056945, "spark.shuffle.io.numConnectionsPerPeer": 4.048955088243206, "spark.shuffle.sort.bypassMergeThreshold": 335.72162427982624, "spark.storage.memoryFraction": 0.6303073682817271, "spark.storage.memoryMapThreshold": 1.6973742935360097}, "datetime": {"datetime": "2022-01-07 14:47:42", "elapsed": 70564.185471, "delta": 60262.904028}}
{"target": -543.695, "params": {"spark.broadcast.blockSize": 32.023709214737565, "spark.broadcast.checksum": 0.735215554236234, "spark.broadcast.compress": 0.021992509985024777, "spark.default.parallelism": 250.56970467651828, "spark.executor.cores": 1.0315420248535907, "spark.executor.instances": 4.596507995069048, "spark.executor.memory": 5.750022100644092, "spark.executor.memoryOverhead": 730.0943195432887, "spark.kryoserializer.buffer": 67.62343103569826, "spark.kryoserializer.buffer.max": 102.194319123235, "spark.locality.wait": 9.08382523254783, "spark.maxRemoteBlockSizeFetchToMem": 1213711848.9570527, "spark.memory.fraction": 0.5349629264646976, "spark.memory.offHeap.enabled": 0.37192145651390274, "spark.memory.offHeap.size": 718.7884224262011, "spark.memory.storageFraction": 0.6105616879441481, "spark.rdd.compress": 0.7541681859444468, "spark.reducer.maxBlocksInFlightPerAddress": 1419257124.9191554, "spark.reducer.maxReqsInFlight": 1932890235.941521, "spark.reducer.maxSizeInFlight": 67.74280100513502, "spark.scheduler.mode": 0.5131490075412158, "spark.scheduler.revive.interval": 714.711014840326, "spark.shuffle.compress": 0.09159480217154525, "spark.shuffle.file.buffer": 24.757673721758927, "spark.shuffle.io.numConnectionsPerPeer": 4.546591258183418, "spark.shuffle.sort.bypassMergeThreshold": 199.1888682547106, "spark.storage.memoryFraction": 0.7484757547483499, "spark.storage.memoryMapThreshold": 2.4850221875284024}, "datetime": {"datetime": "2022-01-07 14:56:55", "elapsed": 71117.285084, "delta": 553.099613}}
{"target": -180.026, "params": {"spark.broadcast.blockSize": 52.93766656720699, "spark.broadcast.checksum": 0.21254631654815492, "spark.broadcast.compress": 0.3999496048757011, "spark.default.parallelism": 349.291365352944, "spark.executor.cores": 3.864711869956588, "spark.executor.instances": 7.509780514324127, "spark.executor.memory": 6.496198592514058, "spark.executor.memoryOverhead": 875.3240656480754, "spark.kryoserializer.buffer": 106.25151518148367, "spark.kryoserializer.buffer.max": 51.493748293748126, "spark.locality.wait": 9.039324043990794, "spark.maxRemoteBlockSizeFetchToMem": 1252249222.0603247, "spark.memory.fraction": 0.8556348318759242, "spark.memory.offHeap.enabled": 0.3385797959346366, "spark.memory.offHeap.size": 659.42766792026, "spark.memory.storageFraction": 0.742489199964746, "spark.rdd.compress": 0.06061154647401912, "spark.reducer.maxBlocksInFlightPerAddress": 2047720334.1275547, "spark.reducer.maxReqsInFlight": 1482913369.7357817, "spark.reducer.maxSizeInFlight": 61.9191922033011, "spark.scheduler.mode": 0.7105474351529599, "spark.scheduler.revive.interval": 852.0740650036594, "spark.shuffle.compress": 0.5326261668903095, "spark.shuffle.file.buffer": 30.93361633424481, "spark.shuffle.io.numConnectionsPerPeer": 3.581591728540357, "spark.shuffle.sort.bypassMergeThreshold": 288.3154414292297, "spark.storage.memoryFraction": 0.5943272781113129, "spark.storage.memoryMapThreshold": 3.261424624885291}, "datetime": {"datetime": "2022-01-07 15:00:04", "elapsed": 71306.573661, "delta": 189.288577}}
{"target": -203.845, "params": {"spark.broadcast.blockSize": 44.67199235842649, "spark.broadcast.checksum": 0.18386406418744683, "spark.broadcast.compress": 0.5852742458204657, "spark.default.parallelism": 209.98903089093864, "spark.executor.cores": 3.6819329950490594, "spark.executor.instances": 6.577643189590618, "spark.executor.memory": 3.3781770570228633, "spark.executor.memoryOverhead": 655.8278679442781, "spark.kryoserializer.buffer": 44.381534829827004, "spark.kryoserializer.buffer.max": 43.406800653650095, "spark.locality.wait": 5.593293409552803, "spark.maxRemoteBlockSizeFetchToMem": 1892907922.969674, "spark.memory.fraction": 0.7792883783503504, "spark.memory.offHeap.enabled": 0.5588521344343241, "spark.memory.offHeap.size": 642.6760288214228, "spark.memory.storageFraction": 0.7071475068092379, "spark.rdd.compress": 0.9297509936085084, "spark.reducer.maxBlocksInFlightPerAddress": 1272726802.1394296, "spark.reducer.maxReqsInFlight": 1862091023.5474508, "spark.reducer.maxSizeInFlight": 65.86477904400186, "spark.scheduler.mode": 0.6694562083904586, "spark.scheduler.revive.interval": 601.8478343279294, "spark.shuffle.compress": 0.12916599637167614, "spark.shuffle.file.buffer": 32.48105572392598, "spark.shuffle.io.numConnectionsPerPeer": 1.5212327246953556, "spark.shuffle.sort.bypassMergeThreshold": 315.1400001669656, "spark.storage.memoryFraction": 0.7094578114854924, "spark.storage.memoryMapThreshold": 1.8742710623346492}, "datetime": {"datetime": "2022-01-07 15:03:37", "elapsed": 71519.959701, "delta": 213.38604}}
{"target": -215.385, "params": {"spark.broadcast.blockSize": 48.41601964895324, "spark.broadcast.checksum": 0.0009778081589543186, "spark.broadcast.compress": 0.7081130395586114, "spark.default.parallelism": 421.71777458337647, "spark.executor.cores": 3.919958788911548, "spark.executor.instances": 6.652658427475033, "spark.executor.memory": 4.976866903720952, "spark.executor.memoryOverhead": 420.29629533842626, "spark.kryoserializer.buffer": 83.29232260377587, "spark.kryoserializer.buffer.max": 45.615717827630974, "spark.locality.wait": 8.814332574325894, "spark.maxRemoteBlockSizeFetchToMem": 1692376537.1767223, "spark.memory.fraction": 0.5851656950602492, "spark.memory.offHeap.enabled": 0.7070551786748137, "spark.memory.offHeap.size": 682.5003401809877, "spark.memory.storageFraction": 0.767639284930804, "spark.rdd.compress": 0.7795510881468012, "spark.reducer.maxBlocksInFlightPerAddress": 1166702222.6036038, "spark.reducer.maxReqsInFlight": 1622055024.5581007, "spark.reducer.maxSizeInFlight": 28.97636937906747, "spark.scheduler.mode": 0.6494615057501819, "spark.scheduler.revive.interval": 657.7489412536902, "spark.shuffle.compress": 0.643501190424533, "spark.shuffle.file.buffer": 17.55372102618938, "spark.shuffle.io.numConnectionsPerPeer": 4.467985588080116, "spark.shuffle.sort.bypassMergeThreshold": 245.6318510024132, "spark.storage.memoryFraction": 0.817421275451021, "spark.storage.memoryMapThreshold": 1.6799109345035501}, "datetime": {"datetime": "2022-01-07 15:07:22", "elapsed": 71744.702683, "delta": 224.742982}}
{"target": -257.16, "params": {"spark.broadcast.blockSize": 59.252147660371236, "spark.broadcast.checksum": 0.15152488098084338, "spark.broadcast.compress": 0.8900366384529912, "spark.default.parallelism": 397.46386694435967, "spark.executor.cores": 3.0884009884425683, "spark.executor.instances": 6.256286656835546, "spark.executor.memory": 6.75872799338843, "spark.executor.memoryOverhead": 508.16059244605253, "spark.kryoserializer.buffer": 107.54089123738282, "spark.kryoserializer.buffer.max": 79.54481277140567, "spark.locality.wait": 9.345401240477207, "spark.maxRemoteBlockSizeFetchToMem": 1370307581.2591605, "spark.memory.fraction": 0.5060987636763411, "spark.memory.offHeap.enabled": 0.06489100463442987, "spark.memory.offHeap.size": 972.6131641453388, "spark.memory.storageFraction": 0.7564600892981999, "spark.rdd.compress": 0.7302687217068667, "spark.reducer.maxBlocksInFlightPerAddress": 1615296079.5863848, "spark.reducer.maxReqsInFlight": 1672432991.4630077, "spark.reducer.maxSizeInFlight": 41.46693516746129, "spark.scheduler.mode": 0.7826356482727505, "spark.scheduler.revive.interval": 878.4326256037621, "spark.shuffle.compress": 0.7000061369477979, "spark.shuffle.file.buffer": 46.78055727813933, "spark.shuffle.io.numConnectionsPerPeer": 4.075353484330906, "spark.shuffle.sort.bypassMergeThreshold": 345.5845182287708, "spark.storage.memoryFraction": 0.7361105798774646, "spark.storage.memoryMapThreshold": 2.857777272059586}, "datetime": {"datetime": "2022-01-07 15:11:49", "elapsed": 72011.592697, "delta": 266.890014}}
{"target": -305.68, "params": {"spark.broadcast.blockSize": 49.661132234031655, "spark.broadcast.checksum": 0.7836210892704623, "spark.broadcast.compress": 0.0881690729527439, "spark.default.parallelism": 306.7099050207254, "spark.executor.cores": 1.8991049162848428, "spark.executor.instances": 6.2760119908719085, "spark.executor.memory": 5.04061282095047, "spark.executor.memoryOverhead": 769.5882412606585, "spark.kryoserializer.buffer": 49.957559197574795, "spark.kryoserializer.buffer.max": 87.34356862987887, "spark.locality.wait": 7.866264450080541, "spark.maxRemoteBlockSizeFetchToMem": 1567520940.741776, "spark.memory.fraction": 0.7231908919879786, "spark.memory.offHeap.enabled": 0.9743260633386297, "spark.memory.offHeap.size": 896.8562777867324, "spark.memory.storageFraction": 0.6523945444003312, "spark.rdd.compress": 0.43401628546845816, "spark.reducer.maxBlocksInFlightPerAddress": 1839138800.938404, "spark.reducer.maxReqsInFlight": 1174364417.464285, "spark.reducer.maxSizeInFlight": 54.61479468670098, "spark.scheduler.mode": 0.11435849587714098, "spark.scheduler.revive.interval": 550.9239939495069, "spark.shuffle.compress": 0.6666687791670224, "spark.shuffle.file.buffer": 21.347196081182997, "spark.shuffle.io.numConnectionsPerPeer": 4.0588738759970475, "spark.shuffle.sort.bypassMergeThreshold": 300.11808221548563, "spark.storage.memoryFraction": 0.6248081086714832, "spark.storage.memoryMapThreshold": 2.7125937988661266}, "datetime": {"datetime": "2022-01-07 15:17:04", "elapsed": 72326.935386, "delta": 315.342689}}
{"target": -374.622, "params": {"spark.broadcast.blockSize": 63.62443864505897, "spark.broadcast.checksum": 0.4015416103070082, "spark.broadcast.compress": 0.09223362770207177, "spark.default.parallelism": 241.03246305327977, "spark.executor.cores": 2.4312169838454, "spark.executor.instances": 4.243791095435582, "spark.executor.memory": 4.00754173963342, "spark.executor.memoryOverhead": 775.9361140587708, "spark.kryoserializer.buffer": 107.39186488221041, "spark.kryoserializer.buffer.max": 109.83870403518908, "spark.locality.wait": 4.2775768693491205, "spark.maxRemoteBlockSizeFetchToMem": 1896709718.024859, "spark.memory.fraction": 0.8227386187353215, "spark.memory.offHeap.enabled": 0.016049677304063925, "spark.memory.offHeap.size": 712.3599023911593, "spark.memory.storageFraction": 0.8462308286917719, "spark.rdd.compress": 0.9584746349497779, "spark.reducer.maxBlocksInFlightPerAddress": 2061146151.4056072, "spark.reducer.maxReqsInFlight": 1661065645.2736373, "spark.reducer.maxSizeInFlight": 38.87622109838439, "spark.scheduler.mode": 0.5892649961079146, "spark.scheduler.revive.interval": 797.995243938256, "spark.shuffle.compress": 0.664551851390028, "spark.shuffle.file.buffer": 34.90608078907222, "spark.shuffle.io.numConnectionsPerPeer": 4.472221794829759, "spark.shuffle.sort.bypassMergeThreshold": 224.79556648595474, "spark.storage.memoryFraction": 0.5976066141301976, "spark.storage.memoryMapThreshold": 1.0614597173180185}, "datetime": {"datetime": "2022-01-07 15:23:28", "elapsed": 72710.816024, "delta": 383.880638}}
{"target": -249.334, "params": {"spark.broadcast.blockSize": 56.155692503736105, "spark.broadcast.checksum": 0.5443753307388431, "spark.broadcast.compress": 0.5635228919386142, "spark.default.parallelism": 296.181185992443, "spark.executor.cores": 2.537559300849388, "spark.executor.instances": 7.031246788765891, "spark.executor.memory": 3.007238501903148, "spark.executor.memoryOverhead": 620.9318054061794, "spark.kryoserializer.buffer": 118.79902793929864, "spark.kryoserializer.buffer.max": 113.55202054471863, "spark.locality.wait": 5.325972607309848, "spark.maxRemoteBlockSizeFetchToMem": 1864269238.7351913, "spark.memory.fraction": 0.7339494546614916, "spark.memory.offHeap.enabled": 0.5255361143234935, "spark.memory.offHeap.size": 850.659590579346, "spark.memory.storageFraction": 0.7528270450072077, "spark.rdd.compress": 0.07141739781238354, "spark.reducer.maxBlocksInFlightPerAddress": 1521322765.4805017, "spark.reducer.maxReqsInFlight": 1287735584.3958497, "spark.reducer.maxSizeInFlight": 57.62800515824313, "spark.scheduler.mode": 0.27331033216947576, "spark.scheduler.revive.interval": 718.2097172037638, "spark.shuffle.compress": 0.8216256472112755, "spark.shuffle.file.buffer": 41.05801559684849, "spark.shuffle.io.numConnectionsPerPeer": 4.416640599313016, "spark.shuffle.sort.bypassMergeThreshold": 245.81076903563172, "spark.storage.memoryFraction": 0.8705978959998919, "spark.storage.memoryMapThreshold": 1.0946640641723966}, "datetime": {"datetime": "2022-01-07 15:27:47", "elapsed": 72969.447472, "delta": 258.631448}}
{"target": -725.971, "params": {"spark.broadcast.blockSize": 54.843941083339686, "spark.broadcast.checksum": 0.6962936074568703, "spark.broadcast.compress": 0.34814922589924624, "spark.default.parallelism": 304.6277856046215, "spark.executor.cores": 1.2283737092508584, "spark.executor.instances": 4.350050705860286, "spark.executor.memory": 3.1995242690732537, "spark.executor.memoryOverhead": 420.71674587792336, "spark.kryoserializer.buffer": 68.96858387773709, "spark.kryoserializer.buffer.max": 110.37165269451772, "spark.locality.wait": 6.047062599172786, "spark.maxRemoteBlockSizeFetchToMem": 1617181722.091193, "spark.memory.fraction": 0.7493948694771237, "spark.memory.offHeap.enabled": 0.5852884164453064, "spark.memory.offHeap.size": 580.5440656930157, "spark.memory.storageFraction": 0.7477656662485878, "spark.rdd.compress": 0.5223563985605799, "spark.reducer.maxBlocksInFlightPerAddress": 1880635322.4666386, "spark.reducer.maxReqsInFlight": 1799245642.7706568, "spark.reducer.maxSizeInFlight": 46.989977409638925, "spark.scheduler.mode": 0.9561340627496338, "spark.scheduler.revive.interval": 630.4582543135491, "spark.shuffle.compress": 0.710647265532105, "spark.shuffle.file.buffer": 22.45254137530382, "spark.shuffle.io.numConnectionsPerPeer": 3.65447221204392, "spark.shuffle.sort.bypassMergeThreshold": 199.9031451374031, "spark.storage.memoryFraction": 0.5824989717271554, "spark.storage.memoryMapThreshold": 2.110514630272665}, "datetime": {"datetime": "2022-01-07 15:40:02", "elapsed": 73704.865448, "delta": 735.417976}}
