{"target": -2798.572950000001, "params": {"spark.default.parallelism": 263.5164004545459, "spark.executor.cores": 2.6603130523245984, "spark.executor.instances": 4.960380616644841, "spark.executor.memory": 5.52648298100064, "spark.executor.memoryOverhead": 734.394607960496, "spark.memory.fraction": 0.7969533718828408, "spark.memory.storageFraction": 0.6561058818398324, "spark.reducer.maxBlocksInFlightPerAddress": 1889598130.3914661, "spark.reducer.maxSizeInFlight": 67.34092330184208, "spark.shuffle.file.buffer": 34.79744061560246}, "datetime": {"datetime": "2022-01-05 17:08:45", "elapsed": 7.445062, "delta": 0.428853}}
{"target": -2797.082490000001, "params": {"spark.default.parallelism": 454.2880127718163, "spark.executor.cores": 2.3180713193317666, "spark.executor.instances": 5.515324674646927, "spark.executor.memory": 4.66626691605899, "spark.executor.memoryOverhead": 621.7018836236315, "spark.memory.fraction": 0.8741135080027203, "spark.memory.storageFraction": 0.845437181967241, "spark.reducer.maxBlocksInFlightPerAddress": 1586908648.5908895, "spark.reducer.maxSizeInFlight": 50.61688791735202, "spark.shuffle.file.buffer": 44.01292359293829}, "datetime": {"datetime": "2022-01-05 17:08:46", "elapsed": 7.882891, "delta": 0.437829}}
{"target": -2798.9712700000014, "params": {"spark.default.parallelism": 298.51955042211, "spark.executor.cores": 2.069161426200399, "spark.executor.instances": 7.403707521199538, "spark.executor.memory": 4.665901589741999, "spark.executor.memoryOverhead": 598.2697842429831, "spark.memory.fraction": 0.8484853538978356, "spark.memory.storageFraction": 0.8211392803753266, "spark.reducer.maxBlocksInFlightPerAddress": 1349568841.7965136, "spark.reducer.maxSizeInFlight": 65.29700936974709, "spark.shuffle.file.buffer": 23.64875922864511}, "datetime": {"datetime": "2022-01-05 17:08:46", "elapsed": 8.330704, "delta": 0.447813}}
{"target": -2796.360900000001, "params": {"spark.default.parallelism": 332.9402625138469, "spark.executor.cores": 1.6548911443794314, "spark.executor.instances": 6.878669632687709, "spark.executor.memory": 5.777435614074264, "spark.executor.memoryOverhead": 763.9805197116652, "spark.memory.fraction": 0.5462203394658958, "spark.memory.storageFraction": 0.5686035183945259, "spark.reducer.maxBlocksInFlightPerAddress": 1230558470.2428875, "spark.reducer.maxSizeInFlight": 46.8719139128591, "spark.shuffle.file.buffer": 41.56807047229513}, "datetime": {"datetime": "2022-01-05 17:08:46", "elapsed": 8.769056, "delta": 0.438352}}
{"target": -2800.471610000001, "params": {"spark.default.parallelism": 376.178610869807, "spark.executor.cores": 2.375438782034844, "spark.executor.instances": 6.6908871936680985, "spark.executor.memory": 5.504089551002559, "spark.executor.memoryOverhead": 454.6030195135388, "spark.memory.fraction": 0.7139049154553887, "spark.memory.storageFraction": 0.5552100754262503, "spark.reducer.maxBlocksInFlightPerAddress": 1231045034.3711064, "spark.reducer.maxSizeInFlight": 26.297837359039796, "spark.shuffle.file.buffer": 44.98486271587515}, "datetime": {"datetime": "2022-01-05 17:08:47", "elapsed": 9.209385, "delta": 0.440329}}
"{'maxIndex': 18, 'target': -2793.8940500000003, 'params': {'spark.default.parallelism': 240.4222599332824, 'spark.executor.cores': 1.7887572949797816, 'spark.executor.instances': 5.893026301678932, 'spark.executor.memory': 6.336564911035593, 'spark.executor.memoryOverhead': 807.4915229465503, 'spark.memory.fraction': 0.5085641105647757, 'spark.memory.storageFraction': 0.5316948884433551, 'spark.reducer.maxBlocksInFlightPerAddress': 1230802296.5015113, 'spark.reducer.maxSizeInFlight': 27.895547420207738, 'spark.shuffle.file.buffer': 40.59023420783377}}"