{"target": -2798.572950000001, "params": {"spark.default.parallelism": 263.5164004545459, "spark.executor.cores": 2.6603130523245984, "spark.executor.instances": 4.960380616644841, "spark.executor.memory": 5.52648298100064, "spark.executor.memoryOverhead": 734.394607960496, "spark.memory.fraction": 0.7969533718828408, "spark.memory.storageFraction": 0.6561058818398324, "spark.reducer.maxBlocksInFlightPerAddress": 1889598130.3914661, "spark.reducer.maxSizeInFlight": 67.34092330184208, "spark.shuffle.file.buffer": 34.79744061560246}, "datetime": {"datetime": "2022-01-07 15:42:13", "elapsed": 7.400924, "delta": 0.445927}}
{"target": -2797.082490000001, "params": {"spark.default.parallelism": 454.2880127718163, "spark.executor.cores": 2.3180713193317666, "spark.executor.instances": 5.515324674646927, "spark.executor.memory": 4.66626691605899, "spark.executor.memoryOverhead": 621.7018836236315, "spark.memory.fraction": 0.8741135080027203, "spark.memory.storageFraction": 0.845437181967241, "spark.reducer.maxBlocksInFlightPerAddress": 1586908648.5908895, "spark.reducer.maxSizeInFlight": 50.61688791735202, "spark.shuffle.file.buffer": 44.01292359293829}, "datetime": {"datetime": "2022-01-07 15:42:13", "elapsed": 7.850762, "delta": 0.449838}}
{"target": -2800.4865500000014, "params": {"spark.default.parallelism": 494.0998655411983, "spark.executor.cores": 1.4447663870623515, "spark.executor.instances": 5.8650658966662945, "spark.executor.memory": 6.582567210397786, "spark.executor.memoryOverhead": 680.5066709815026, "spark.memory.fraction": 0.790383538339526, "spark.memory.storageFraction": 0.6654680656805441, "spark.reducer.maxBlocksInFlightPerAddress": 1808513684.5259116, "spark.reducer.maxSizeInFlight": 69.41064143268304, "spark.shuffle.file.buffer": 22.405954103658306}, "datetime": {"datetime": "2022-01-07 15:42:14", "elapsed": 8.304786, "delta": 0.454024}}
{"target": -2799.0163000000016, "params": {"spark.default.parallelism": 452.1294053844481, "spark.executor.cores": 2.2444622596262196, "spark.executor.instances": 6.224705167884124, "spark.executor.memory": 5.235069590443242, "spark.executor.memoryOverhead": 610.5578453610766, "spark.memory.fraction": 0.6709867879860251, "spark.memory.storageFraction": 0.815576772332192, "spark.reducer.maxBlocksInFlightPerAddress": 1502480687.405002, "spark.reducer.maxSizeInFlight": 70.29955695713515, "spark.shuffle.file.buffer": 24.439440371904425}, "datetime": {"datetime": "2022-01-07 15:42:14", "elapsed": 8.761841, "delta": 0.457055}}
{"target": -2801.3394000000017, "params": {"spark.default.parallelism": 249.13017128053633, "spark.executor.cores": 1.7436319451193985, "spark.executor.instances": 5.646548528679538, "spark.executor.memory": 6.000033521144932, "spark.executor.memoryOverhead": 592.0912257901418, "spark.memory.fraction": 0.8390451101461947, "spark.memory.storageFraction": 0.8233542092701717, "spark.reducer.maxBlocksInFlightPerAddress": 1873790003.95946, "spark.reducer.maxSizeInFlight": 51.51654161256328, "spark.shuffle.file.buffer": 21.303708454275352}, "datetime": {"datetime": "2022-01-07 15:42:14", "elapsed": 9.201165, "delta": 0.439324}}
"{'maxIndex': 29, 'target': -2795.2315000000012, 'params': {'spark.default.parallelism': 489.77991950591667, 'spark.executor.cores': 1.2187658283871692, 'spark.executor.instances': 6.692164216866487, 'spark.executor.memory': 4.9997294843968, 'spark.executor.memoryOverhead': 767.1094270329611, 'spark.memory.fraction': 0.5574427991496838, 'spark.memory.storageFraction': 0.5332810545743503, 'spark.reducer.maxBlocksInFlightPerAddress': 1502399536.48588, 'spark.reducer.maxSizeInFlight': 62.254188095035204, 'spark.shuffle.file.buffer': 22.133623645116483}}"