{"target": -2813.162160000001, "params": {"spark.default.parallelism": 339.8074585446732, "spark.executor.cores": 2.9348007566547665, "spark.executor.instances": 7.335114884182701, "spark.executor.memory": 4.771569521791365, "spark.executor.memoryOverhead": 626.5461083851254, "spark.memory.fraction": 0.558759330641211, "spark.memory.storageFraction": 0.710480539202911, "spark.reducer.maxBlocksInFlightPerAddress": 2146524891.273799, "spark.reducer.maxSizeInFlight": 37.61823291656137, "spark.shuffle.file.buffer": 16.893510154724048}, "datetime": {"datetime": "2022-01-07 15:54:43", "elapsed": 0.0, "delta": 0.0}}
{"target": -4334.0972299999985, "params": {"spark.default.parallelism": 281.414316692479, "spark.executor.cores": 1.2169638054182943, "spark.executor.instances": 5.130754702274547, "spark.executor.memory": 4.354381866689882, "spark.executor.memoryOverhead": 552.3594231116715, "spark.memory.fraction": 0.7947461029886604, "spark.memory.storageFraction": 0.8967672882852626, "spark.reducer.maxBlocksInFlightPerAddress": 1343077587.241924, "spark.reducer.maxSizeInFlight": 29.93026378610481, "spark.shuffle.file.buffer": 27.044785419498346}, "datetime": {"datetime": "2022-01-07 15:54:43", "elapsed": 0.026929, "delta": 0.026929}}
{"target": -2799.7503000000015, "params": {"spark.default.parallelism": 370.6176542290881, "spark.executor.cores": 2.848243962823759, "spark.executor.instances": 6.460231495620937, "spark.executor.memory": 6.982398936990036, "spark.executor.memoryOverhead": 784.4163692626632, "spark.memory.fraction": 0.8181872446792045, "spark.memory.storageFraction": 0.8167449898305996, "spark.reducer.maxBlocksInFlightPerAddress": 1896276605.9853282, "spark.reducer.maxSizeInFlight": 60.726864117050475, "spark.shuffle.file.buffer": 35.16169340821088}, "datetime": {"datetime": "2022-01-07 15:54:43", "elapsed": 0.051862, "delta": 0.024933}}
{"target": -2799.9365600000015, "params": {"spark.default.parallelism": 394.5206483312029, "spark.executor.cores": 1.9599201829655057, "spark.executor.instances": 6.120346260192347, "spark.executor.memory": 5.850231663578891, "spark.executor.memoryOverhead": 443.2692848845413, "spark.memory.fraction": 0.6236232615165376, "spark.memory.storageFraction": 0.7390259232822852, "spark.reducer.maxBlocksInFlightPerAddress": 1326779299.2863166, "spark.reducer.maxSizeInFlight": 46.71520412284609, "spark.shuffle.file.buffer": 42.223985296216426}, "datetime": {"datetime": "2022-01-07 15:54:43", "elapsed": 0.077793, "delta": 0.025931}}
{"target": -2797.4886300000016, "params": {"spark.default.parallelism": 355.7116025837506, "spark.executor.cores": 2.256082852761959, "spark.executor.instances": 6.224914539539176, "spark.executor.memory": 3.221581833657267, "spark.executor.memoryOverhead": 669.2914341010588, "spark.memory.fraction": 0.7160233130307045, "spark.memory.storageFraction": 0.5612410865036949, "spark.reducer.maxBlocksInFlightPerAddress": 1666449254.247879, "spark.reducer.maxSizeInFlight": 57.13724632600559, "spark.shuffle.file.buffer": 30.063890252393865}, "datetime": {"datetime": "2022-01-07 15:54:43", "elapsed": 0.103753, "delta": 0.02596}}
{"target": -2796.1234600000003, "params": {"spark.default.parallelism": 415.55511733647563, "spark.executor.cores": 1.1414388220568064, "spark.executor.instances": 6.874813513193926, "spark.executor.memory": 4.969539172889187, "spark.executor.memoryOverhead": 768.3664282977766, "spark.memory.fraction": 0.7407371357187652, "spark.memory.storageFraction": 0.5181893441338694, "spark.reducer.maxBlocksInFlightPerAddress": 1099889120.8623397, "spark.reducer.maxSizeInFlight": 54.8337220968816, "spark.shuffle.file.buffer": 38.562736425822166}, "datetime": {"datetime": "2022-01-07 15:54:43", "elapsed": 0.128658, "delta": 0.024905}}
{"target": -2795.887070000001, "params": {"spark.default.parallelism": 317.4358508656337, "spark.executor.cores": 2.4392712079780967, "spark.executor.instances": 4.808582493781363, "spark.executor.memory": 3.6932330744684525, "spark.executor.memoryOverhead": 701.2831382472045, "spark.memory.fraction": 0.512159668535058, "spark.memory.storageFraction": 0.6947970455063122, "spark.reducer.maxBlocksInFlightPerAddress": 1731852489.85515, "spark.reducer.maxSizeInFlight": 39.892608329567274, "spark.shuffle.file.buffer": 40.41040685840149}, "datetime": {"datetime": "2022-01-07 15:54:43", "elapsed": 0.152621, "delta": 0.023963}}
{"target": -2800.051520000002, "params": {"spark.default.parallelism": 301.0504002071688, "spark.executor.cores": 2.0976712173474708, "spark.executor.instances": 4.438626605512042, "spark.executor.memory": 4.470907810388004, "spark.executor.memoryOverhead": 848.2153100876798, "spark.memory.fraction": 0.6887014412880088, "spark.memory.storageFraction": 0.7423867128779081, "spark.reducer.maxBlocksInFlightPerAddress": 1812157334.5800405, "spark.reducer.maxSizeInFlight": 65.7688028973183, "spark.shuffle.file.buffer": 46.5409280993339}, "datetime": {"datetime": "2022-01-07 15:54:43", "elapsed": 0.177556, "delta": 0.024935}}
{"target": -2796.2531500000014, "params": {"spark.default.parallelism": 210.83602607755594, "spark.executor.cores": 2.1284069528176834, "spark.executor.instances": 5.86553984124361, "spark.executor.memory": 5.7384263580701615, "spark.executor.memoryOverhead": 482.34663218457996, "spark.memory.fraction": 0.5605461351886852, "spark.memory.storageFraction": 0.615052996778201, "spark.reducer.maxBlocksInFlightPerAddress": 1615220709.376639, "spark.reducer.maxSizeInFlight": 52.46364958010861, "spark.shuffle.file.buffer": 44.89003797333412}, "datetime": {"datetime": "2022-01-07 15:54:43", "elapsed": 0.202487, "delta": 0.024931}}
{"target": -2792.2256400000006, "params": {"spark.default.parallelism": 496.8625837257586, "spark.executor.cores": 1.6159029561645846, "spark.executor.instances": 5.34345519641596, "spark.executor.memory": 6.07318198776062, "spark.executor.memoryOverhead": 490.45160660171626, "spark.memory.fraction": 0.6718522834492083, "spark.memory.storageFraction": 0.5365106652034833, "spark.reducer.maxBlocksInFlightPerAddress": 1442773431.208221, "spark.reducer.maxSizeInFlight": 67.82275479048596, "spark.shuffle.file.buffer": 43.248150824942414}, "datetime": {"datetime": "2022-01-07 15:54:43", "elapsed": 0.228391, "delta": 0.025904}}
{"target": -2808.9327100000005, "params": {"spark.default.parallelism": 271.0930683139026, "spark.executor.cores": 2.763049773851149, "spark.executor.instances": 5.433623718553064, "spark.executor.memory": 3.0350192118691397, "spark.executor.memoryOverhead": 714.7261128452756, "spark.memory.fraction": 0.6151268928409129, "spark.memory.storageFraction": 0.6440345182366706, "spark.reducer.maxBlocksInFlightPerAddress": 1997778124.6377854, "spark.reducer.maxSizeInFlight": 70.56770227041244, "spark.shuffle.file.buffer": 24.662823997214858}, "datetime": {"datetime": "2022-01-07 15:54:43", "elapsed": 0.253323, "delta": 0.024932}}
{"target": -2807.9514500000014, "params": {"spark.default.parallelism": 224.7082849578461, "spark.executor.cores": 1.3990151198713465, "spark.executor.instances": 7.922984976299624, "spark.executor.memory": 6.73977728502955, "spark.executor.memoryOverhead": 825.2545069550304, "spark.memory.fraction": 0.767973998756075, "spark.memory.storageFraction": 0.7814755521268275, "spark.reducer.maxBlocksInFlightPerAddress": 1945108092.10375, "spark.reducer.maxSizeInFlight": 34.93574209316742, "spark.shuffle.file.buffer": 22.461401678678765}, "datetime": {"datetime": "2022-01-07 15:54:44", "elapsed": 0.280252, "delta": 0.026929}}
{"target": -2799.4327600000015, "params": {"spark.default.parallelism": 455.2371383164258, "spark.executor.cores": 2.3917374872363943, "spark.executor.instances": 7.023983401427852, "spark.executor.memory": 5.468539681244993, "spark.executor.memoryOverhead": 393.7941633001111, "spark.memory.fraction": 0.7274816468808815, "spark.memory.storageFraction": 0.6781247835362461, "spark.reducer.maxBlocksInFlightPerAddress": 1491671507.2751107, "spark.reducer.maxSizeInFlight": 64.69472226108799, "spark.shuffle.file.buffer": 30.73617580457489}, "datetime": {"datetime": "2022-01-07 15:54:44", "elapsed": 0.305184, "delta": 0.024932}}
{"target": -2799.727700000001, "params": {"spark.default.parallelism": 407.30358162332533, "spark.executor.cores": 2.544483841938675, "spark.executor.instances": 4.068716143068388, "spark.executor.memory": 6.5197098843039605, "spark.executor.memoryOverhead": 519.434326544739, "spark.memory.fraction": 0.8950288689472187, "spark.memory.storageFraction": 0.864776191570076, "spark.reducer.maxBlocksInFlightPerAddress": 1220076471.5409718, "spark.reducer.maxSizeInFlight": 59.39031144642065, "spark.shuffle.file.buffer": 20.296064521839668}, "datetime": {"datetime": "2022-01-07 15:54:44", "elapsed": 0.33012, "delta": 0.024936}}
{"target": -2797.358950000001, "params": {"spark.default.parallelism": 235.14520886336547, "spark.executor.cores": 1.5112740598369399, "spark.executor.instances": 5.736311369781071, "spark.executor.memory": 3.599348133739799, "spark.executor.memoryOverhead": 637.5574476067945, "spark.memory.fraction": 0.5367640450509039, "spark.memory.storageFraction": 0.5498166838728538, "spark.reducer.maxBlocksInFlightPerAddress": 1538727814.8884187, "spark.reducer.maxSizeInFlight": 48.97689425175796, "spark.shuffle.file.buffer": 38.1702174290551}, "datetime": {"datetime": "2022-01-07 15:54:44", "elapsed": 0.35605, "delta": 0.02593}}
{"target": -2809.221680000001, "params": {"spark.default.parallelism": 476.86907753799636, "spark.executor.cores": 1.0815482967753511, "spark.executor.instances": 7.654456263419787, "spark.executor.memory": 5.010632104924504, "spark.executor.memoryOverhead": 866.2463832564445, "spark.memory.fraction": 0.8597219299662973, "spark.memory.storageFraction": 0.5961996637591711, "spark.reducer.maxBlocksInFlightPerAddress": 2080521860.9260046, "spark.reducer.maxSizeInFlight": 42.196600386107846, "spark.shuffle.file.buffer": 35.627024297735204}, "datetime": {"datetime": "2022-01-07 15:54:44", "elapsed": 0.380983, "delta": 0.024933}}
{"target": -2801.8652000000016, "params": {"spark.default.parallelism": 331.19955087474426, "spark.executor.cores": 1.7135543032183227, "spark.executor.instances": 6.773650253600785, "spark.executor.memory": 5.394649197750166, "spark.executor.memoryOverhead": 570.0848316024928, "spark.memory.fraction": 0.5949876500650133, "spark.memory.storageFraction": 0.857366175959014, "spark.reducer.maxBlocksInFlightPerAddress": 1859588663.0413647, "spark.reducer.maxSizeInFlight": 26.706990385004424, "spark.shuffle.file.buffer": 18.753608951624123}, "datetime": {"datetime": "2022-01-07 15:54:44", "elapsed": 0.406914, "delta": 0.025931}}
{"target": -2800.220600000001, "params": {"spark.default.parallelism": 449.2074785516513, "spark.executor.cores": 2.612184435741426, "spark.executor.instances": 4.267473378923961, "spark.executor.memory": 4.045135880360305, "spark.executor.memoryOverhead": 591.639369977008, "spark.memory.fraction": 0.8307728743873108, "spark.memory.storageFraction": 0.8239892605659962, "spark.reducer.maxBlocksInFlightPerAddress": 1244163279.3988981, "spark.reducer.maxSizeInFlight": 33.16253765477401, "spark.shuffle.file.buffer": 21.306251858769496}, "datetime": {"datetime": "2022-01-07 15:54:44", "elapsed": 0.431846, "delta": 0.024932}}
{"target": -2800.923250000001, "params": {"spark.default.parallelism": 427.8885978022088, "spark.executor.cores": 1.8263338964332352, "spark.executor.instances": 4.69780864611045, "spark.executor.memory": 3.9153089638022647, "spark.executor.memoryOverhead": 418.8867455360974, "spark.memory.fraction": 0.86485426437073, "spark.memory.storageFraction": 0.6302758464493886, "spark.reducer.maxBlocksInFlightPerAddress": 1164036228.0555732, "spark.reducer.maxSizeInFlight": 43.49059286190575, "spark.shuffle.file.buffer": 32.00841070053271}, "datetime": {"datetime": "2022-01-07 15:54:44", "elapsed": 0.456779, "delta": 0.024933}}
{"target": -2798.8163900000013, "params": {"spark.default.parallelism": 249.96771263904768, "spark.executor.cores": 1.4435729406490494, "spark.executor.instances": 7.593143481169499, "spark.executor.memory": 6.295584620780501, "spark.executor.memoryOverhead": 737.0376280634744, "spark.memory.fraction": 0.6503675406184111, "spark.memory.storageFraction": 0.7793429110537851, "spark.reducer.maxBlocksInFlightPerAddress": 1562053874.4853535, "spark.reducer.maxSizeInFlight": 25.689532129561925, "spark.shuffle.file.buffer": 28.090418280742973}, "datetime": {"datetime": "2022-01-07 15:54:44", "elapsed": 0.481712, "delta": 0.024933}}
{"target": -2807.7430000000018, "params": {"spark.default.parallelism": 271.10809407290833, "spark.executor.cores": 2.806759041124508, "spark.executor.instances": 6.294717946689143, "spark.executor.memory": 3.011481308124636, "spark.executor.memoryOverhead": 688.2524424150168, "spark.memory.fraction": 0.6306579607088385, "spark.memory.storageFraction": 0.7108232409030437, "spark.reducer.maxBlocksInFlightPerAddress": 2025014908.6723402, "spark.reducer.maxSizeInFlight": 41.14894848011999, "spark.shuffle.file.buffer": 45.073124829433574}, "datetime": {"datetime": "2022-01-07 15:54:44", "elapsed": 0.888999, "delta": 0.407287}}
{"target": -2798.2498000000014, "params": {"spark.default.parallelism": 485.0528357741239, "spark.executor.cores": 2.113306376390313, "spark.executor.instances": 7.662425399065098, "spark.executor.memory": 5.566264835785351, "spark.executor.memoryOverhead": 576.2738030716343, "spark.memory.fraction": 0.6943962668387639, "spark.memory.storageFraction": 0.7417241931679893, "spark.reducer.maxBlocksInFlightPerAddress": 1663814410.6160128, "spark.reducer.maxSizeInFlight": 68.45670848190977, "spark.shuffle.file.buffer": 45.399469940275395}, "datetime": {"datetime": "2022-01-07 15:54:45", "elapsed": 1.309549, "delta": 0.42055}}
{"target": -2798.403850000001, "params": {"spark.default.parallelism": 340.06400682899186, "spark.executor.cores": 1.69034410231043, "spark.executor.instances": 4.900159831256339, "spark.executor.memory": 5.370047475063187, "spark.executor.memoryOverhead": 537.949029987045, "spark.memory.fraction": 0.8665222213873403, "spark.memory.storageFraction": 0.8638542099806228, "spark.reducer.maxBlocksInFlightPerAddress": 1349820488.749463, "spark.reducer.maxSizeInFlight": 29.3227824357134, "spark.shuffle.file.buffer": 22.17480742461161}, "datetime": {"datetime": "2022-01-07 15:54:45", "elapsed": 1.723534, "delta": 0.413985}}
{"target": -2797.8902700000017, "params": {"spark.default.parallelism": 232.70562920572047, "spark.executor.cores": 2.2675735212238357, "spark.executor.instances": 7.2118529494949515, "spark.executor.memory": 5.787201984480713, "spark.executor.memoryOverhead": 761.7422108703548, "spark.memory.fraction": 0.636981647937408, "spark.memory.storageFraction": 0.838340593211071, "spark.reducer.maxBlocksInFlightPerAddress": 1534128789.5421472, "spark.reducer.maxSizeInFlight": 63.5524737797913, "spark.shuffle.file.buffer": 36.0478770759774}, "datetime": {"datetime": "2022-01-07 15:54:45", "elapsed": 2.134593, "delta": 0.411059}}
{"target": -2810.852080000001, "params": {"spark.default.parallelism": 349.1750280081594, "spark.executor.cores": 2.0380319681473575, "spark.executor.instances": 4.69888060043569, "spark.executor.memory": 5.282863406185026, "spark.executor.memoryOverhead": 875.3994386276474, "spark.memory.fraction": 0.8267340435166488, "spark.memory.storageFraction": 0.7377490495323911, "spark.reducer.maxBlocksInFlightPerAddress": 2121702105.4336865, "spark.reducer.maxSizeInFlight": 67.27500406412742, "spark.shuffle.file.buffer": 35.05945387528466}, "datetime": {"datetime": "2022-01-07 15:54:46", "elapsed": 2.542816, "delta": 0.408223}}
{"target": -2799.4428500000013, "params": {"spark.default.parallelism": 244.02544422928824, "spark.executor.cores": 2.4586378387222467, "spark.executor.instances": 4.754980267508744, "spark.executor.memory": 5.575582577246651, "spark.executor.memoryOverhead": 755.8728336341153, "spark.memory.fraction": 0.5842929568333283, "spark.memory.storageFraction": 0.740381699243056, "spark.reducer.maxBlocksInFlightPerAddress": 1877897542.6818209, "spark.reducer.maxSizeInFlight": 54.634498109776004, "spark.shuffle.file.buffer": 35.10807369429277}, "datetime": {"datetime": "2022-01-07 15:54:46", "elapsed": 2.963052, "delta": 0.420236}}
{"target": -2803.8255900000013, "params": {"spark.default.parallelism": 349.41668744840223, "spark.executor.cores": 2.6857996803857, "spark.executor.instances": 4.271227737363815, "spark.executor.memory": 5.293089086198739, "spark.executor.memoryOverhead": 848.781949688444, "spark.memory.fraction": 0.7071440192689288, "spark.memory.storageFraction": 0.5777863238111538, "spark.reducer.maxBlocksInFlightPerAddress": 1984209812.88371, "spark.reducer.maxSizeInFlight": 36.078678833080936, "spark.shuffle.file.buffer": 38.42323316744121}, "datetime": {"datetime": "2022-01-07 15:54:47", "elapsed": 3.377606, "delta": 0.414554}}
{"target": -2797.027580000002, "params": {"spark.default.parallelism": 384.0766083508507, "spark.executor.cores": 2.296625512326249, "spark.executor.instances": 4.679762856869031, "spark.executor.memory": 3.59778719575545, "spark.executor.memoryOverhead": 637.4882964582603, "spark.memory.fraction": 0.8501330905418156, "spark.memory.storageFraction": 0.5735813766188889, "spark.reducer.maxBlocksInFlightPerAddress": 1570711542.5403595, "spark.reducer.maxSizeInFlight": 44.58875203343534, "spark.shuffle.file.buffer": 31.913253949424522}, "datetime": {"datetime": "2022-01-07 15:54:47", "elapsed": 3.80751, "delta": 0.429904}}
{"target": -2795.2315000000012, "params": {"spark.default.parallelism": 489.77991950591667, "spark.executor.cores": 1.2187658283871692, "spark.executor.instances": 6.692164216866487, "spark.executor.memory": 4.9997294843968, "spark.executor.memoryOverhead": 767.1094270329611, "spark.memory.fraction": 0.5574427991496838, "spark.memory.storageFraction": 0.5332810545743503, "spark.reducer.maxBlocksInFlightPerAddress": 1502399536.48588, "spark.reducer.maxSizeInFlight": 62.254188095035204, "spark.shuffle.file.buffer": 22.133623645116483}, "datetime": {"datetime": "2022-01-07 15:54:47", "elapsed": 4.216514, "delta": 0.409004}}
{"target": -2798.7965400000016, "params": {"spark.default.parallelism": 212.98728145584758, "spark.executor.cores": 1.9728814863407895, "spark.executor.instances": 4.957644176551024, "spark.executor.memory": 6.809895126773037, "spark.executor.memoryOverhead": 849.3390654974114, "spark.memory.fraction": 0.7455736009538804, "spark.memory.storageFraction": 0.8893949589300785, "spark.reducer.maxBlocksInFlightPerAddress": 1444033871.2289782, "spark.reducer.maxSizeInFlight": 67.09683444804872, "spark.shuffle.file.buffer": 29.907039149072304}, "datetime": {"datetime": "2022-01-07 15:54:48", "elapsed": 4.656501, "delta": 0.439987}}
{"target": -2813.1759300000012, "params": {"spark.default.parallelism": 411.29401951517286, "spark.executor.cores": 2.3632906752052456, "spark.executor.instances": 6.7885941150110245, "spark.executor.memory": 5.474402970246146, "spark.executor.memoryOverhead": 458.43350150686535, "spark.memory.fraction": 0.8043209825223024, "spark.memory.storageFraction": 0.8124183288775828, "spark.reducer.maxBlocksInFlightPerAddress": 2044515012.178935, "spark.reducer.maxSizeInFlight": 35.22089724499708, "spark.shuffle.file.buffer": 21.653724578314925}, "datetime": {"datetime": "2022-01-07 15:54:48", "elapsed": 5.090485, "delta": 0.433984}}
{"target": -2798.096950000001, "params": {"spark.default.parallelism": 282.6809308282576, "spark.executor.cores": 2.8494816270767434, "spark.executor.instances": 5.547956937025169, "spark.executor.memory": 4.971523493725281, "spark.executor.memoryOverhead": 509.4379844410101, "spark.memory.fraction": 0.8539866075352254, "spark.memory.storageFraction": 0.6533053827221147, "spark.reducer.maxBlocksInFlightPerAddress": 1393260240.5974011, "spark.reducer.maxSizeInFlight": 58.444558185348214, "spark.shuffle.file.buffer": 22.107838181513838}, "datetime": {"datetime": "2022-01-07 15:54:49", "elapsed": 5.507434, "delta": 0.416949}}
{"target": -2799.51489, "params": {"spark.default.parallelism": 360.44966975594343, "spark.executor.cores": 2.535925756562623, "spark.executor.instances": 4.2123703818101, "spark.executor.memory": 5.196213775402079, "spark.executor.memoryOverhead": 778.8903160085895, "spark.memory.fraction": 0.7598332219513916, "spark.memory.storageFraction": 0.8725788059971643, "spark.reducer.maxBlocksInFlightPerAddress": 1153984101.0803053, "spark.reducer.maxSizeInFlight": 37.286710204828154, "spark.shuffle.file.buffer": 45.41560013619752}, "datetime": {"datetime": "2022-01-07 15:54:49", "elapsed": 5.940439, "delta": 0.433005}}
{"target": -2800.08641, "params": {"spark.default.parallelism": 354.8595383231207, "spark.executor.cores": 2.726452963427699, "spark.executor.instances": 7.936506175539668, "spark.executor.memory": 3.039491901435674, "spark.executor.memoryOverhead": 508.65085066386985, "spark.memory.fraction": 0.5895398681310101, "spark.memory.storageFraction": 0.5190150376911042, "spark.reducer.maxBlocksInFlightPerAddress": 1084664414.7410793, "spark.reducer.maxSizeInFlight": 47.52937498772312, "spark.shuffle.file.buffer": 17.45542866144941}, "datetime": {"datetime": "2022-01-07 15:54:50", "elapsed": 6.363851, "delta": 0.423412}}
{"target": -2796.3445000000006, "params": {"spark.default.parallelism": 253.54844989324647, "spark.executor.cores": 2.939741140689428, "spark.executor.instances": 6.967758101824307, "spark.executor.memory": 4.039166773217659, "spark.executor.memoryOverhead": 670.5490237495476, "spark.memory.fraction": 0.8821049014152748, "spark.memory.storageFraction": 0.5323015631248316, "spark.reducer.maxBlocksInFlightPerAddress": 1163435994.8568676, "spark.reducer.maxSizeInFlight": 53.71847190815555, "spark.shuffle.file.buffer": 23.183791322750647}, "datetime": {"datetime": "2022-01-07 15:54:50", "elapsed": 6.791635, "delta": 0.427784}}
