{"target": -2802.259100000001, "params": {"spark.default.parallelism": 203.22941683172465, "spark.executor.cores": 2.1954591606193823, "spark.executor.instances": 7.6500164684142185, "spark.executor.memory": 5.031514750958452, "spark.executor.memoryOverhead": 763.7010931807426, "spark.memory.fraction": 0.7155129667581784, "spark.memory.storageFraction": 0.6756649174441729, "spark.reducer.maxBlocksInFlightPerAddress": 1946989341.337071, "spark.reducer.maxSizeInFlight": 49.97190672134221, "spark.shuffle.file.buffer": 38.78736607280426}, "datetime": {"datetime": "2022-01-05 17:08:38", "elapsed": 0.0, "delta": 0.0}}
{"target": -2796.9574800000014, "params": {"spark.default.parallelism": 357.44925526780105, "spark.executor.cores": 1.8131599405293295, "spark.executor.instances": 6.063222305073081, "spark.executor.memory": 5.946827578293567, "spark.executor.memoryOverhead": 719.0311020070551, "spark.memory.fraction": 0.6786729051217791, "spark.memory.storageFraction": 0.6230678056712455, "spark.reducer.maxBlocksInFlightPerAddress": 1530126069.320006, "spark.reducer.maxSizeInFlight": 64.34750306590396, "spark.shuffle.file.buffer": 29.451836654300045}, "datetime": {"datetime": "2022-01-05 17:08:38", "elapsed": 0.024933, "delta": 0.024933}}
{"target": -2798.506290000001, "params": {"spark.default.parallelism": 260.3833540664188, "spark.executor.cores": 2.526364679162177, "spark.executor.instances": 7.153329738831522, "spark.executor.memory": 6.421172447127194, "spark.executor.memoryOverhead": 602.5377739360929, "spark.memory.fraction": 0.6487382204905673, "spark.memory.storageFraction": 0.6527629934769272, "spark.reducer.maxBlocksInFlightPerAddress": 1889669175.2593796, "spark.reducer.maxSizeInFlight": 36.81922935425128, "spark.shuffle.file.buffer": 46.54284178189796}, "datetime": {"datetime": "2022-01-05 17:08:38", "elapsed": 0.050863, "delta": 0.02593}}
{"target": -2801.4892900000013, "params": {"spark.default.parallelism": 301.98119133849946, "spark.executor.cores": 1.3579533952639822, "spark.executor.instances": 7.957174074993597, "spark.executor.memory": 5.53750021392619, "spark.executor.memoryOverhead": 509.8368375101946, "spark.memory.fraction": 0.7966573282158524, "spark.memory.storageFraction": 0.7889421155827325, "spark.reducer.maxBlocksInFlightPerAddress": 1733260113.9626813, "spark.reducer.maxSizeInFlight": 46.892703439529754, "spark.shuffle.file.buffer": 20.044281810027574}, "datetime": {"datetime": "2022-01-05 17:08:38", "elapsed": 0.076819, "delta": 0.025956}}
{"target": -2803.0545400000015, "params": {"spark.default.parallelism": 249.48435130340414, "spark.executor.cores": 1.6670233537233936, "spark.executor.instances": 6.690498239747889, "spark.executor.memory": 4.615217209703126, "spark.executor.memoryOverhead": 473.74065904974725, "spark.memory.fraction": 0.894395681908852, "spark.memory.storageFraction": 0.7072733190627198, "spark.reducer.maxBlocksInFlightPerAddress": 1273309780.704021, "spark.reducer.maxSizeInFlight": 68.65214556350927, "spark.shuffle.file.buffer": 16.651155450219047}, "datetime": {"datetime": "2022-01-05 17:08:38", "elapsed": 0.10073, "delta": 0.023911}}
{"target": -2800.093230000001, "params": {"spark.default.parallelism": 428.4887862370292, "spark.executor.cores": 2.997901025440851, "spark.executor.instances": 6.335155036899787, "spark.executor.memory": 3.3925778990395963, "spark.executor.memoryOverhead": 500.7890876474464, "spark.memory.fraction": 0.8636343151568339, "spark.memory.storageFraction": 0.7321238404676673, "spark.reducer.maxBlocksInFlightPerAddress": 1130522414.9204514, "spark.reducer.maxSizeInFlight": 24.87835364464892, "spark.shuffle.file.buffer": 27.52550150861805}, "datetime": {"datetime": "2022-01-05 17:08:38", "elapsed": 0.12666, "delta": 0.02593}}
{"target": -2813.0903100000014, "params": {"spark.default.parallelism": 287.76141439056533, "spark.executor.cores": 1.0782125878615645, "spark.executor.instances": 6.553980994971841, "spark.executor.memory": 3.659678328862268, "spark.executor.memoryOverhead": 427.3435655868991, "spark.memory.fraction": 0.5381269161301534, "spark.memory.storageFraction": 0.8218913008674091, "spark.reducer.maxBlocksInFlightPerAddress": 2089203267.6184516, "spark.reducer.maxSizeInFlight": 66.37913704341997, "spark.shuffle.file.buffer": 31.584346200446156}, "datetime": {"datetime": "2022-01-05 17:08:38", "elapsed": 0.152591, "delta": 0.025931}}
{"target": -2796.269070000001, "params": {"spark.default.parallelism": 441.1319642433811, "spark.executor.cores": 2.0954230113215173, "spark.executor.instances": 4.395224826653478, "spark.executor.memory": 3.060777050217355, "spark.executor.memoryOverhead": 746.99330352713, "spark.memory.fraction": 0.8433201134006945, "spark.memory.storageFraction": 0.8424074887852065, "spark.reducer.maxBlocksInFlightPerAddress": 1583402908.1765513, "spark.reducer.maxSizeInFlight": 55.041722008841106, "spark.shuffle.file.buffer": 41.680718091860044}, "datetime": {"datetime": "2022-01-05 17:08:38", "elapsed": 0.178521, "delta": 0.02593}}
{"target": -2797.512150000001, "params": {"spark.default.parallelism": 474.26125327229414, "spark.executor.cores": 2.3260814229769857, "spark.executor.instances": 4.430213905022948, "spark.executor.memory": 4.04877928212427, "spark.executor.memoryOverhead": 554.1556394535376, "spark.memory.fraction": 0.6172529322002719, "spark.memory.storageFraction": 0.8637595505002509, "spark.reducer.maxBlocksInFlightPerAddress": 1428589824.0583375, "spark.reducer.maxSizeInFlight": 50.772484632506355, "spark.shuffle.file.buffer": 44.30415990904936}, "datetime": {"datetime": "2022-01-05 17:08:38", "elapsed": 0.203456, "delta": 0.024935}}
{"target": -2796.3288800000014, "params": {"spark.default.parallelism": 307.7220230795949, "spark.executor.cores": 2.469416274490543, "spark.executor.instances": 5.3160015295042236, "spark.executor.memory": 6.060816483134502, "spark.executor.memoryOverhead": 572.9714703912518, "spark.memory.fraction": 0.5401288440314163, "spark.memory.storageFraction": 0.5045807657828482, "spark.reducer.maxBlocksInFlightPerAddress": 1299090262.710874, "spark.reducer.maxSizeInFlight": 57.12145065706395, "spark.shuffle.file.buffer": 18.8212224918149}, "datetime": {"datetime": "2022-01-05 17:08:38", "elapsed": 0.227391, "delta": 0.023935}}
{"target": -2796.734890000001, "params": {"spark.default.parallelism": 333.598848963741, "spark.executor.cores": 1.9401443967378391, "spark.executor.instances": 5.090350754698645, "spark.executor.memory": 5.675426091730758, "spark.executor.memoryOverhead": 685.2496280674316, "spark.memory.fraction": 0.5698388366948158, "spark.memory.storageFraction": 0.7784058438820214, "spark.reducer.maxBlocksInFlightPerAddress": 1630738241.8476496, "spark.reducer.maxSizeInFlight": 71.60627051102833, "spark.shuffle.file.buffer": 37.93872208478104}, "datetime": {"datetime": "2022-01-05 17:08:38", "elapsed": 0.252324, "delta": 0.024933}}
{"target": -3498.04773, "params": {"spark.default.parallelism": 394.33198223485715, "spark.executor.cores": 2.241826181061564, "spark.executor.instances": 7.208504592859784, "spark.executor.memory": 6.96873477040881, "spark.executor.memoryOverhead": 456.0530904405617, "spark.memory.fraction": 0.683420108347846, "spark.memory.storageFraction": 0.8907068299433072, "spark.reducer.maxBlocksInFlightPerAddress": 2147296130.3197875, "spark.reducer.maxSizeInFlight": 33.67756900436457, "spark.shuffle.file.buffer": 36.0683733797389}, "datetime": {"datetime": "2022-01-05 17:08:38", "elapsed": 0.27728, "delta": 0.024956}}
{"target": -2798.014930000001, "params": {"spark.default.parallelism": 406.1472123312537, "spark.executor.cores": 1.5129287974627756, "spark.executor.instances": 5.4818362767810225, "spark.executor.memory": 4.93714663041874, "spark.executor.memoryOverhead": 618.9600000428549, "spark.memory.fraction": 0.8266199833724158, "spark.memory.storageFraction": 0.5955965284560043, "spark.reducer.maxBlocksInFlightPerAddress": 1481107624.4802208, "spark.reducer.maxSizeInFlight": 42.84872959008808, "spark.shuffle.file.buffer": 44.99299262687672}, "datetime": {"datetime": "2022-01-05 17:08:38", "elapsed": 0.301193, "delta": 0.023913}}
{"target": -2795.527610000001, "params": {"spark.default.parallelism": 376.7801756245626, "spark.executor.cores": 2.8066268397482643, "spark.executor.instances": 5.749366578125461, "spark.executor.memory": 6.642513463685365, "spark.executor.memoryOverhead": 801.117936184999, "spark.memory.fraction": 0.7458647246984185, "spark.memory.storageFraction": 0.5421548266597015, "spark.reducer.maxBlocksInFlightPerAddress": 1349312982.909181, "spark.reducer.maxSizeInFlight": 29.433516025124714, "spark.shuffle.file.buffer": 23.351934192751354}, "datetime": {"datetime": "2022-01-05 17:08:38", "elapsed": 0.325129, "delta": 0.023936}}
{"target": -2801.5183800000004, "params": {"spark.default.parallelism": 343.40308295444436, "spark.executor.cores": 1.2502843240649213, "spark.executor.instances": 6.880952858634693, "spark.executor.memory": 5.313986333337722, "spark.executor.memoryOverhead": 837.153704434166, "spark.memory.fraction": 0.766729250001378, "spark.memory.storageFraction": 0.6002134639251201, "spark.reducer.maxBlocksInFlightPerAddress": 1085221133.8676953, "spark.reducer.maxSizeInFlight": 57.67193330750243, "spark.shuffle.file.buffer": 25.423899753507406}, "datetime": {"datetime": "2022-01-05 17:08:38", "elapsed": 0.350085, "delta": 0.024956}}
{"target": -2800.4308800000017, "params": {"spark.default.parallelism": 424.6827710906216, "spark.executor.cores": 1.4992262105276328, "spark.executor.instances": 7.515796491564851, "spark.executor.memory": 4.583854797125045, "spark.executor.memoryOverhead": 876.0846604683736, "spark.memory.fraction": 0.7228331660224955, "spark.memory.storageFraction": 0.8134324814154241, "spark.reducer.maxBlocksInFlightPerAddress": 1862939736.445251, "spark.reducer.maxSizeInFlight": 40.4889594703624, "spark.shuffle.file.buffer": 21.761291755085864}, "datetime": {"datetime": "2022-01-05 17:08:38", "elapsed": 0.374998, "delta": 0.024913}}
{"target": -2812.454440000002, "params": {"spark.default.parallelism": 457.8550957557799, "spark.executor.cores": 1.1361790376173408, "spark.executor.instances": 4.674316799033065, "spark.executor.memory": 3.5464681573356547, "spark.executor.memoryOverhead": 390.1739700964893, "spark.memory.fraction": 0.8043302943671822, "spark.memory.storageFraction": 0.7440340170514568, "spark.reducer.maxBlocksInFlightPerAddress": 2020908317.6761312, "spark.reducer.maxSizeInFlight": 45.560583021996564, "spark.shuffle.file.buffer": 26.294103252675043}, "datetime": {"datetime": "2022-01-05 17:08:38", "elapsed": 0.399957, "delta": 0.024959}}
{"target": -2793.8940500000003, "params": {"spark.default.parallelism": 240.4222599332824, "spark.executor.cores": 1.7887572949797816, "spark.executor.instances": 5.893026301678932, "spark.executor.memory": 6.336564911035593, "spark.executor.memoryOverhead": 807.4915229465503, "spark.memory.fraction": 0.5085641105647757, "spark.memory.storageFraction": 0.5316948884433551, "spark.reducer.maxBlocksInFlightPerAddress": 1230802296.5015113, "spark.reducer.maxSizeInFlight": 27.895547420207738, "spark.shuffle.file.buffer": 40.59023420783377}, "datetime": {"datetime": "2022-01-05 17:08:38", "elapsed": 0.423865, "delta": 0.023908}}
{"target": -2798.707650000002, "params": {"spark.default.parallelism": 226.35722828972465, "spark.executor.cores": 2.6002894717798872, "spark.executor.instances": 4.129831526101931, "spark.executor.memory": 4.356278651150287, "spark.executor.memoryOverhead": 670.8023466591071, "spark.memory.fraction": 0.6304321140145975, "spark.memory.storageFraction": 0.564302876758091, "spark.reducer.maxBlocksInFlightPerAddress": 1776465634.855336, "spark.reducer.maxSizeInFlight": 33.40559573409834, "spark.shuffle.file.buffer": 33.70446415674714}, "datetime": {"datetime": "2022-01-05 17:08:38", "elapsed": 0.448822, "delta": 0.024957}}
{"target": -2797.6855100000016, "params": {"spark.default.parallelism": 496.5310469603882, "spark.executor.cores": 2.7551958372047807, "spark.executor.instances": 4.859620922440195, "spark.executor.memory": 3.809904796576985, "spark.executor.memoryOverhead": 647.675014428564, "spark.memory.fraction": 0.584102541844573, "spark.memory.storageFraction": 0.691535706646582, "spark.reducer.maxBlocksInFlightPerAddress": 1709983049.0976315, "spark.reducer.maxSizeInFlight": 61.59267617138747, "spark.shuffle.file.buffer": 32.87195703022286}, "datetime": {"datetime": "2022-01-05 17:08:38", "elapsed": 0.472734, "delta": 0.023912}}
{"target": -2807.7430000000018, "params": {"spark.default.parallelism": 271.10809407290833, "spark.executor.cores": 2.806759041124508, "spark.executor.instances": 6.294717946689143, "spark.executor.memory": 3.011481308124636, "spark.executor.memoryOverhead": 688.2524424150168, "spark.memory.fraction": 0.6306579607088385, "spark.memory.storageFraction": 0.7108232409030437, "spark.reducer.maxBlocksInFlightPerAddress": 2025014908.6723402, "spark.reducer.maxSizeInFlight": 41.14894848011999, "spark.shuffle.file.buffer": 45.073124829433574}, "datetime": {"datetime": "2022-01-05 17:08:39", "elapsed": 0.977292, "delta": 0.504558}}
{"target": -2798.2498000000014, "params": {"spark.default.parallelism": 485.0528357741239, "spark.executor.cores": 2.113306376390313, "spark.executor.instances": 7.662425399065098, "spark.executor.memory": 5.566264835785351, "spark.executor.memoryOverhead": 576.2738030716343, "spark.memory.fraction": 0.6943962668387639, "spark.memory.storageFraction": 0.7417241931679893, "spark.reducer.maxBlocksInFlightPerAddress": 1663814410.6160128, "spark.reducer.maxSizeInFlight": 68.45670848190977, "spark.shuffle.file.buffer": 45.399469940275395}, "datetime": {"datetime": "2022-01-05 17:08:39", "elapsed": 1.385707, "delta": 0.408415}}
{"target": -2798.403850000001, "params": {"spark.default.parallelism": 340.06400682899186, "spark.executor.cores": 1.69034410231043, "spark.executor.instances": 4.900159831256339, "spark.executor.memory": 5.370047475063187, "spark.executor.memoryOverhead": 537.949029987045, "spark.memory.fraction": 0.8665222213873403, "spark.memory.storageFraction": 0.8638542099806228, "spark.reducer.maxBlocksInFlightPerAddress": 1349820488.749463, "spark.reducer.maxSizeInFlight": 29.3227824357134, "spark.shuffle.file.buffer": 22.17480742461161}, "datetime": {"datetime": "2022-01-05 17:08:39", "elapsed": 1.787632, "delta": 0.401925}}
{"target": -2797.8902700000017, "params": {"spark.default.parallelism": 232.70562920572047, "spark.executor.cores": 2.2675735212238357, "spark.executor.instances": 7.2118529494949515, "spark.executor.memory": 5.787201984480713, "spark.executor.memoryOverhead": 761.7422108703548, "spark.memory.fraction": 0.636981647937408, "spark.memory.storageFraction": 0.838340593211071, "spark.reducer.maxBlocksInFlightPerAddress": 1534128789.5421472, "spark.reducer.maxSizeInFlight": 63.5524737797913, "spark.shuffle.file.buffer": 36.0478770759774}, "datetime": {"datetime": "2022-01-05 17:08:40", "elapsed": 2.190144, "delta": 0.402512}}
{"target": -2810.852080000001, "params": {"spark.default.parallelism": 349.1750280081594, "spark.executor.cores": 2.0380319681473575, "spark.executor.instances": 4.69888060043569, "spark.executor.memory": 5.282863406185026, "spark.executor.memoryOverhead": 875.3994386276474, "spark.memory.fraction": 0.8267340435166488, "spark.memory.storageFraction": 0.7377490495323911, "spark.reducer.maxBlocksInFlightPerAddress": 2121702105.4336865, "spark.reducer.maxSizeInFlight": 67.27500406412742, "spark.shuffle.file.buffer": 35.05945387528466}, "datetime": {"datetime": "2022-01-05 17:08:40", "elapsed": 2.776614, "delta": 0.58647}}
{"target": -2799.4428500000013, "params": {"spark.default.parallelism": 244.02544422928824, "spark.executor.cores": 2.4586378387222467, "spark.executor.instances": 4.754980267508744, "spark.executor.memory": 5.575582577246651, "spark.executor.memoryOverhead": 755.8728336341153, "spark.memory.fraction": 0.5842929568333283, "spark.memory.storageFraction": 0.740381699243056, "spark.reducer.maxBlocksInFlightPerAddress": 1877897542.6818209, "spark.reducer.maxSizeInFlight": 54.634498109776004, "spark.shuffle.file.buffer": 35.10807369429277}, "datetime": {"datetime": "2022-01-05 17:08:41", "elapsed": 3.186031, "delta": 0.409417}}
{"target": -2803.8255900000013, "params": {"spark.default.parallelism": 349.41668744840223, "spark.executor.cores": 2.6857996803857, "spark.executor.instances": 4.271227737363815, "spark.executor.memory": 5.293089086198739, "spark.executor.memoryOverhead": 848.781949688444, "spark.memory.fraction": 0.7071440192689288, "spark.memory.storageFraction": 0.5777863238111538, "spark.reducer.maxBlocksInFlightPerAddress": 1984209812.88371, "spark.reducer.maxSizeInFlight": 36.078678833080936, "spark.shuffle.file.buffer": 38.42323316744121}, "datetime": {"datetime": "2022-01-05 17:08:41", "elapsed": 3.602009, "delta": 0.415978}}
{"target": -2797.027580000002, "params": {"spark.default.parallelism": 384.0766083508507, "spark.executor.cores": 2.296625512326249, "spark.executor.instances": 4.679762856869031, "spark.executor.memory": 3.59778719575545, "spark.executor.memoryOverhead": 637.4882964582603, "spark.memory.fraction": 0.8501330905418156, "spark.memory.storageFraction": 0.5735813766188889, "spark.reducer.maxBlocksInFlightPerAddress": 1570711542.5403595, "spark.reducer.maxSizeInFlight": 44.58875203343534, "spark.shuffle.file.buffer": 31.913253949424522}, "datetime": {"datetime": "2022-01-05 17:08:42", "elapsed": 4.027898, "delta": 0.425889}}
{"target": -2795.2315000000012, "params": {"spark.default.parallelism": 489.77991950591667, "spark.executor.cores": 1.2187658283871692, "spark.executor.instances": 6.692164216866487, "spark.executor.memory": 4.9997294843968, "spark.executor.memoryOverhead": 767.1094270329611, "spark.memory.fraction": 0.5574427991496838, "spark.memory.storageFraction": 0.5332810545743503, "spark.reducer.maxBlocksInFlightPerAddress": 1502399536.48588, "spark.reducer.maxSizeInFlight": 62.254188095035204, "spark.shuffle.file.buffer": 22.133623645116483}, "datetime": {"datetime": "2022-01-05 17:08:42", "elapsed": 4.464704, "delta": 0.436806}}
{"target": -2798.7965400000016, "params": {"spark.default.parallelism": 212.98728145584758, "spark.executor.cores": 1.9728814863407895, "spark.executor.instances": 4.957644176551024, "spark.executor.memory": 6.809895126773037, "spark.executor.memoryOverhead": 849.3390654974114, "spark.memory.fraction": 0.7455736009538804, "spark.memory.storageFraction": 0.8893949589300785, "spark.reducer.maxBlocksInFlightPerAddress": 1444033871.2289782, "spark.reducer.maxSizeInFlight": 67.09683444804872, "spark.shuffle.file.buffer": 29.907039149072304}, "datetime": {"datetime": "2022-01-05 17:08:43", "elapsed": 4.879107, "delta": 0.414403}}
{"target": -2813.1759300000012, "params": {"spark.default.parallelism": 411.29401951517286, "spark.executor.cores": 2.3632906752052456, "spark.executor.instances": 6.7885941150110245, "spark.executor.memory": 5.474402970246146, "spark.executor.memoryOverhead": 458.43350150686535, "spark.memory.fraction": 0.8043209825223024, "spark.memory.storageFraction": 0.8124183288775828, "spark.reducer.maxBlocksInFlightPerAddress": 2044515012.178935, "spark.reducer.maxSizeInFlight": 35.22089724499708, "spark.shuffle.file.buffer": 21.653724578314925}, "datetime": {"datetime": "2022-01-05 17:08:43", "elapsed": 5.306995, "delta": 0.427888}}
{"target": -2798.096950000001, "params": {"spark.default.parallelism": 282.6809308282576, "spark.executor.cores": 2.8494816270767434, "spark.executor.instances": 5.547956937025169, "spark.executor.memory": 4.971523493725281, "spark.executor.memoryOverhead": 509.4379844410101, "spark.memory.fraction": 0.8539866075352254, "spark.memory.storageFraction": 0.6533053827221147, "spark.reducer.maxBlocksInFlightPerAddress": 1393260240.5974011, "spark.reducer.maxSizeInFlight": 58.444558185348214, "spark.shuffle.file.buffer": 22.107838181513838}, "datetime": {"datetime": "2022-01-05 17:08:43", "elapsed": 5.718894, "delta": 0.411899}}
{"target": -2799.51489, "params": {"spark.default.parallelism": 360.44966975594343, "spark.executor.cores": 2.535925756562623, "spark.executor.instances": 4.2123703818101, "spark.executor.memory": 5.196213775402079, "spark.executor.memoryOverhead": 778.8903160085895, "spark.memory.fraction": 0.7598332219513916, "spark.memory.storageFraction": 0.8725788059971643, "spark.reducer.maxBlocksInFlightPerAddress": 1153984101.0803053, "spark.reducer.maxSizeInFlight": 37.286710204828154, "spark.shuffle.file.buffer": 45.41560013619752}, "datetime": {"datetime": "2022-01-05 17:08:44", "elapsed": 6.131327, "delta": 0.412433}}
{"target": -2795.9496400000007, "params": {"spark.default.parallelism": 466.63307854311665, "spark.executor.cores": 1.5605289456425995, "spark.executor.instances": 5.4732723812171, "spark.executor.memory": 4.62978302045533, "spark.executor.memoryOverhead": 736.8072279143355, "spark.memory.fraction": 0.6198070276791251, "spark.memory.storageFraction": 0.8400787220818746, "spark.reducer.maxBlocksInFlightPerAddress": 1630867629.8176637, "spark.reducer.maxSizeInFlight": 44.67111582125784, "spark.shuffle.file.buffer": 41.38485598447032}, "datetime": {"datetime": "2022-01-05 17:08:44", "elapsed": 6.580049, "delta": 0.448722}}
{"target": -2796.3445000000006, "params": {"spark.default.parallelism": 253.54844989324647, "spark.executor.cores": 2.939741140689428, "spark.executor.instances": 6.967758101824307, "spark.executor.memory": 4.039166773217659, "spark.executor.memoryOverhead": 670.5490237495476, "spark.memory.fraction": 0.8821049014152748, "spark.memory.storageFraction": 0.5323015631248316, "spark.reducer.maxBlocksInFlightPerAddress": 1163435994.8568676, "spark.reducer.maxSizeInFlight": 53.71847190815555, "spark.shuffle.file.buffer": 23.183791322750647}, "datetime": {"datetime": "2022-01-05 17:08:45", "elapsed": 7.016209, "delta": 0.43616}}
