{"target": -2802.8977300000015, "params": {"spark.default.parallelism": 236.3637133931612, "spark.executor.cores": 1.8072444471706222, "spark.executor.instances": 7.930818975295662, "spark.executor.memory": 5.288386796643448, "spark.executor.memoryOverhead": 816.2004710766547, "spark.memory.fraction": 0.7013732107070362, "spark.memory.storageFraction": 0.5045875443522505, "spark.reducer.maxBlocksInFlightPerAddress": 1977261388.787909, "spark.reducer.maxSizeInFlight": 68.91923322204786, "spark.shuffle.file.buffer": 22.744309752284195}, "datetime": {"datetime": "2022-01-07 15:56:49", "elapsed": 0.0, "delta": 0.0}}
{"target": -2796.336260000002, "params": {"spark.default.parallelism": 355.09725382420265, "spark.executor.cores": 2.4605332384748513, "spark.executor.instances": 6.787490533355815, "spark.executor.memory": 5.198983340599607, "spark.executor.memoryOverhead": 799.5260171396465, "spark.memory.fraction": 0.7479928043598234, "spark.memory.storageFraction": 0.5811392201401031, "spark.reducer.maxBlocksInFlightPerAddress": 1293009640.0052397, "spark.reducer.maxSizeInFlight": 60.90800339050001, "spark.shuffle.file.buffer": 36.89355903333279}, "datetime": {"datetime": "2022-01-07 15:56:49", "elapsed": 0.025293, "delta": 0.025293}}
{"target": -2796.413290000001, "params": {"spark.default.parallelism": 377.02605493344345, "spark.executor.cores": 2.8288970669718276, "spark.executor.instances": 7.0034800751109305, "spark.executor.memory": 6.968776466956335, "spark.executor.memoryOverhead": 688.4691974926246, "spark.memory.fraction": 0.6237676111483588, "spark.memory.storageFraction": 0.863474298120612, "spark.reducer.maxBlocksInFlightPerAddress": 1345792106.1918845, "spark.reducer.maxSizeInFlight": 40.64122931765756, "spark.shuffle.file.buffer": 38.72383409342322}, "datetime": {"datetime": "2022-01-07 15:56:49", "elapsed": 0.050018, "delta": 0.024725}}
{"target": -2807.7092700000007, "params": {"spark.default.parallelism": 331.4548738254619, "spark.executor.cores": 1.3264389914427002, "spark.executor.instances": 7.386183665622123, "spark.executor.memory": 4.758418105371949, "spark.executor.memoryOverhead": 535.4777088999242, "spark.memory.fraction": 0.7657999655267091, "spark.memory.storageFraction": 0.6664420160480558, "spark.reducer.maxBlocksInFlightPerAddress": 2114024547.1980157, "spark.reducer.maxSizeInFlight": 47.25018148061531, "spark.shuffle.file.buffer": 42.632987317717365}, "datetime": {"datetime": "2022-01-07 15:56:49", "elapsed": 0.074973, "delta": 0.024955}}
{"target": -2800.0320800000018, "params": {"spark.default.parallelism": 290.35807934187244, "spark.executor.cores": 2.501316309530232, "spark.executor.instances": 4.337055986577338, "spark.executor.memory": 6.507864530890245, "spark.executor.memoryOverhead": 640.1229473600423, "spark.memory.fraction": 0.6063107505347402, "spark.memory.storageFraction": 0.6109707044248897, "spark.reducer.maxBlocksInFlightPerAddress": 1470897113.532179, "spark.reducer.maxSizeInFlight": 41.38088023164068, "spark.shuffle.file.buffer": 18.322994558437713}, "datetime": {"datetime": "2022-01-07 15:56:49", "elapsed": 0.098914, "delta": 0.023941}}
{"target": -3489.2289200000005, "params": {"spark.default.parallelism": 253.0299224024859, "spark.executor.cores": 2.2970440819311015, "spark.executor.instances": 6.500958952289855, "spark.executor.memory": 4.9417297237583355, "spark.executor.memoryOverhead": 862.3864980557032, "spark.memory.fraction": 0.525402297910186, "spark.memory.storageFraction": 0.8900356431277838, "spark.reducer.maxBlocksInFlightPerAddress": 1638091748.0186362, "spark.reducer.maxSizeInFlight": 36.12335697339513, "spark.shuffle.file.buffer": 30.5631585058061}, "datetime": {"datetime": "2022-01-07 15:56:49", "elapsed": 0.123413, "delta": 0.024499}}
{"target": -2798.5765800000017, "params": {"spark.default.parallelism": 450.40908996838414, "spark.executor.cores": 1.5932327297690208, "spark.executor.instances": 5.174502770336787, "spark.executor.memory": 3.884238070642329, "spark.executor.memoryOverhead": 840.0035759725781, "spark.memory.fraction": 0.8611152318758605, "spark.memory.storageFraction": 0.8310577002910455, "spark.reducer.maxBlocksInFlightPerAddress": 1871645594.14594, "spark.reducer.maxSizeInFlight": 26.95259953236267, "spark.shuffle.file.buffer": 45.3243107144432}, "datetime": {"datetime": "2022-01-07 15:56:49", "elapsed": 0.147348, "delta": 0.023935}}
{"target": -2797.3971100000017, "params": {"spark.default.parallelism": 419.7183538449862, "spark.executor.cores": 2.067565774050833, "spark.executor.instances": 4.539069303611219, "spark.executor.memory": 5.585112677519392, "spark.executor.memoryOverhead": 495.93168997462243, "spark.memory.fraction": 0.8355841751068871, "spark.memory.storageFraction": 0.6928287642363121, "spark.reducer.maxBlocksInFlightPerAddress": 1693582324.1745658, "spark.reducer.maxSizeInFlight": 34.237603312578194, "spark.shuffle.file.buffer": 28.88453046142446}, "datetime": {"datetime": "2022-01-07 15:56:49", "elapsed": 0.171284, "delta": 0.023936}}
{"target": -2801.1737500000017, "params": {"spark.default.parallelism": 204.80562449934285, "spark.executor.cores": 2.949691980852747, "spark.executor.instances": 4.7202578568762865, "spark.executor.memory": 4.00701744220741, "spark.executor.memoryOverhead": 390.4642677005768, "spark.memory.fraction": 0.5423472497079274, "spark.memory.storageFraction": 0.8142031327086903, "spark.reducer.maxBlocksInFlightPerAddress": 1916940384.529468, "spark.reducer.maxSizeInFlight": 53.303944318148645, "spark.shuffle.file.buffer": 34.44650491881977}, "datetime": {"datetime": "2022-01-07 15:56:49", "elapsed": 0.196219, "delta": 0.024935}}
{"target": -2798.941600000002, "params": {"spark.default.parallelism": 383.91773376590135, "spark.executor.cores": 1.2759106229099733, "spark.executor.instances": 6.108556955231586, "spark.executor.memory": 6.3655951059303435, "spark.executor.memoryOverhead": 617.9691371076419, "spark.memory.fraction": 0.6679999695583922, "spark.memory.storageFraction": 0.7390727943593339, "spark.reducer.maxBlocksInFlightPerAddress": 1508827484.1341796, "spark.reducer.maxSizeInFlight": 24.14006046938787, "spark.shuffle.file.buffer": 21.681443998055645}, "datetime": {"datetime": "2022-01-07 15:56:49", "elapsed": 0.22113, "delta": 0.024911}}
{"target": -2802.046480000002, "params": {"spark.default.parallelism": 455.2906572922773, "spark.executor.cores": 2.3081189884804747, "spark.executor.instances": 7.701771787120032, "spark.executor.memory": 4.498673460517911, "spark.executor.memoryOverhead": 520.6555976848642, "spark.memory.fraction": 0.6594848262057054, "spark.memory.storageFraction": 0.7742630925271858, "spark.reducer.maxBlocksInFlightPerAddress": 1742017436.8684106, "spark.reducer.maxSizeInFlight": 43.97295891702168, "spark.shuffle.file.buffer": 16.593823679152237}, "datetime": {"datetime": "2022-01-07 15:56:49", "elapsed": 0.245133, "delta": 0.024003}}
{"target": -2796.5279500000015, "params": {"spark.default.parallelism": 495.2083257476695, "spark.executor.cores": 1.0622577670953555, "spark.executor.instances": 5.648323695731426, "spark.executor.memory": 4.326885510736822, "spark.executor.memoryOverhead": 665.5133882154389, "spark.memory.fraction": 0.7987934964238496, "spark.memory.storageFraction": 0.5271338055237449, "spark.reducer.maxBlocksInFlightPerAddress": 1772715102.1677625, "spark.reducer.maxSizeInFlight": 65.67377502546447, "spark.shuffle.file.buffer": 27.805814610081388}, "datetime": {"datetime": "2022-01-07 15:56:49", "elapsed": 0.269098, "delta": 0.023965}}
{"target": -2810.5312500000014, "params": {"spark.default.parallelism": 431.10877774050357, "spark.executor.cores": 1.1237875958441732, "spark.executor.instances": 5.840838702037598, "spark.executor.memory": 6.051974574080699, "spark.executor.memoryOverhead": 478.631296167575, "spark.memory.fraction": 0.8991487969482057, "spark.memory.storageFraction": 0.757506735084104, "spark.reducer.maxBlocksInFlightPerAddress": 2053162428.5192323, "spark.reducer.maxSizeInFlight": 62.45664750945218, "spark.shuffle.file.buffer": 32.86907638184484}, "datetime": {"datetime": "2022-01-07 15:56:49", "elapsed": 0.294091, "delta": 0.024993}}
{"target": -2799.3277500000004, "params": {"spark.default.parallelism": 261.23848794647955, "spark.executor.cores": 1.6587072859306087, "spark.executor.instances": 5.243597376717705, "spark.executor.memory": 3.0845074863981146, "spark.executor.memoryOverhead": 564.7359296361718, "spark.memory.fraction": 0.8426100031217654, "spark.memory.storageFraction": 0.6503409657191105, "spark.reducer.maxBlocksInFlightPerAddress": 1150666857.6181083, "spark.reducer.maxSizeInFlight": 69.84253593438498, "spark.shuffle.file.buffer": 41.448924902603395}, "datetime": {"datetime": "2022-01-07 15:56:49", "elapsed": 0.318998, "delta": 0.024907}}
{"target": -2801.0019200000015, "params": {"spark.default.parallelism": 309.2571516144566, "spark.executor.cores": 2.1112018151020324, "spark.executor.instances": 7.4945539695191705, "spark.executor.memory": 3.4226602408782045, "spark.executor.memoryOverhead": 741.5907316386949, "spark.memory.fraction": 0.6805789324713111, "spark.memory.storageFraction": 0.7845584036715425, "spark.reducer.maxBlocksInFlightPerAddress": 1433384582.7382772, "spark.reducer.maxSizeInFlight": 57.345499723885474, "spark.shuffle.file.buffer": 20.519336817844305}, "datetime": {"datetime": "2022-01-07 15:56:50", "elapsed": 0.344018, "delta": 0.02502}}
{"target": -2801.6674700000017, "params": {"spark.default.parallelism": 402.5998636978486, "spark.executor.cores": 1.4434600037742364, "spark.executor.instances": 4.112328197733742, "spark.executor.memory": 3.719958379463036, "spark.executor.memoryOverhead": 430.241938813162, "spark.memory.fraction": 0.5034903476065166, "spark.memory.storageFraction": 0.559026025667494, "spark.reducer.maxBlocksInFlightPerAddress": 1236896736.167005, "spark.reducer.maxSizeInFlight": 59.09735808267982, "spark.shuffle.file.buffer": 26.30016429659786}, "datetime": {"datetime": "2022-01-07 15:56:50", "elapsed": 0.368044, "delta": 0.024026}}
{"target": -2801.556700000001, "params": {"spark.default.parallelism": 285.4463738428246, "spark.executor.cores": 1.9185648775798523, "spark.executor.instances": 6.373314698818137, "spark.executor.memory": 5.8286847277099225, "spark.executor.memoryOverhead": 760.7238438757959, "spark.memory.fraction": 0.5994357678465256, "spark.memory.storageFraction": 0.8550229898472697, "spark.reducer.maxBlocksInFlightPerAddress": 1104646507.4539657, "spark.reducer.maxSizeInFlight": 30.20043322785429, "spark.shuffle.file.buffer": 25.48104457854786}, "datetime": {"datetime": "2022-01-07 15:56:50", "elapsed": 0.393049, "delta": 0.025005}}
{"target": -2797.685470000001, "params": {"spark.default.parallelism": 338.78786879105587, "spark.executor.cores": 2.661736784722767, "spark.executor.instances": 4.8697573243970815, "spark.executor.memory": 6.778870357334689, "spark.executor.memoryOverhead": 604.3455789598805, "spark.memory.fraction": 0.7388321328716159, "spark.memory.storageFraction": 0.5684611034929186, "spark.reducer.maxBlocksInFlightPerAddress": 1220176202.687298, "spark.reducer.maxSizeInFlight": 50.57513190976923, "spark.shuffle.file.buffer": 44.51036736973329}, "datetime": {"datetime": "2022-01-07 15:56:50", "elapsed": 0.417069, "delta": 0.02402}}
{"target": -2807.7430000000018, "params": {"spark.default.parallelism": 481.70879353205805, "spark.executor.cores": 2.713393994837042, "spark.executor.instances": 5.549611328212655, "spark.executor.memory": 5.631111131060928, "spark.executor.memoryOverhead": 708.2082924654012, "spark.memory.fraction": 0.8080939326098091, "spark.memory.storageFraction": 0.7008544825415765, "spark.reducer.maxBlocksInFlightPerAddress": 2014339074.391601, "spark.reducer.maxSizeInFlight": 50.16863129360404, "spark.shuffle.file.buffer": 46.46796404125728}, "datetime": {"datetime": "2022-01-07 15:56:50", "elapsed": 0.441067, "delta": 0.023998}}
{"target": -2798.786200000001, "params": {"spark.default.parallelism": 218.05278241728308, "spark.executor.cores": 1.7610745029738675, "spark.executor.instances": 6.906556809664011, "spark.executor.memory": 3.2744991526095624, "spark.executor.memoryOverhead": 452.83850136602445, "spark.memory.fraction": 0.5757104133254307, "spark.memory.storageFraction": 0.6327473037821536, "spark.reducer.maxBlocksInFlightPerAddress": 1576535554.6434665, "spark.reducer.maxSizeInFlight": 32.90995429164184, "spark.shuffle.file.buffer": 36.750122953180686}, "datetime": {"datetime": "2022-01-07 15:56:50", "elapsed": 0.465317, "delta": 0.02425}}
{"target": -2807.7430000000018, "params": {"spark.default.parallelism": 271.10809407290833, "spark.executor.cores": 2.806759041124508, "spark.executor.instances": 6.294717946689143, "spark.executor.memory": 3.011481308124636, "spark.executor.memoryOverhead": 688.2524424150168, "spark.memory.fraction": 0.6306579607088385, "spark.memory.storageFraction": 0.7108232409030437, "spark.reducer.maxBlocksInFlightPerAddress": 2025014908.6723402, "spark.reducer.maxSizeInFlight": 41.14894848011999, "spark.shuffle.file.buffer": 45.073124829433574}, "datetime": {"datetime": "2022-01-07 15:56:50", "elapsed": 0.879743, "delta": 0.414426}}
{"target": -2798.2498000000014, "params": {"spark.default.parallelism": 485.0528357741239, "spark.executor.cores": 2.113306376390313, "spark.executor.instances": 7.662425399065098, "spark.executor.memory": 5.566264835785351, "spark.executor.memoryOverhead": 576.2738030716343, "spark.memory.fraction": 0.6943962668387639, "spark.memory.storageFraction": 0.7417241931679893, "spark.reducer.maxBlocksInFlightPerAddress": 1663814410.6160128, "spark.reducer.maxSizeInFlight": 68.45670848190977, "spark.shuffle.file.buffer": 45.399469940275395}, "datetime": {"datetime": "2022-01-07 15:56:50", "elapsed": 1.32793, "delta": 0.448187}}
{"target": -2798.403850000001, "params": {"spark.default.parallelism": 340.06400682899186, "spark.executor.cores": 1.69034410231043, "spark.executor.instances": 4.900159831256339, "spark.executor.memory": 5.370047475063187, "spark.executor.memoryOverhead": 537.949029987045, "spark.memory.fraction": 0.8665222213873403, "spark.memory.storageFraction": 0.8638542099806228, "spark.reducer.maxBlocksInFlightPerAddress": 1349820488.749463, "spark.reducer.maxSizeInFlight": 29.3227824357134, "spark.shuffle.file.buffer": 22.17480742461161}, "datetime": {"datetime": "2022-01-07 15:56:51", "elapsed": 1.771697, "delta": 0.443767}}
{"target": -2797.8902700000017, "params": {"spark.default.parallelism": 232.70562920572047, "spark.executor.cores": 2.2675735212238357, "spark.executor.instances": 7.2118529494949515, "spark.executor.memory": 5.787201984480713, "spark.executor.memoryOverhead": 761.7422108703548, "spark.memory.fraction": 0.636981647937408, "spark.memory.storageFraction": 0.838340593211071, "spark.reducer.maxBlocksInFlightPerAddress": 1534128789.5421472, "spark.reducer.maxSizeInFlight": 63.5524737797913, "spark.shuffle.file.buffer": 36.0478770759774}, "datetime": {"datetime": "2022-01-07 15:56:51", "elapsed": 2.212965, "delta": 0.441268}}
{"target": -2810.852080000001, "params": {"spark.default.parallelism": 349.1750280081594, "spark.executor.cores": 2.0380319681473575, "spark.executor.instances": 4.69888060043569, "spark.executor.memory": 5.282863406185026, "spark.executor.memoryOverhead": 875.3994386276474, "spark.memory.fraction": 0.8267340435166488, "spark.memory.storageFraction": 0.7377490495323911, "spark.reducer.maxBlocksInFlightPerAddress": 2121702105.4336865, "spark.reducer.maxSizeInFlight": 67.27500406412742, "spark.shuffle.file.buffer": 35.05945387528466}, "datetime": {"datetime": "2022-01-07 15:56:52", "elapsed": 2.650887, "delta": 0.437922}}
{"target": -2799.4428500000013, "params": {"spark.default.parallelism": 244.02544422928824, "spark.executor.cores": 2.4586378387222467, "spark.executor.instances": 4.754980267508744, "spark.executor.memory": 5.575582577246651, "spark.executor.memoryOverhead": 755.8728336341153, "spark.memory.fraction": 0.5842929568333283, "spark.memory.storageFraction": 0.740381699243056, "spark.reducer.maxBlocksInFlightPerAddress": 1877897542.6818209, "spark.reducer.maxSizeInFlight": 54.634498109776004, "spark.shuffle.file.buffer": 35.10807369429277}, "datetime": {"datetime": "2022-01-07 15:56:52", "elapsed": 3.082001, "delta": 0.431114}}
{"target": -2803.8255900000013, "params": {"spark.default.parallelism": 349.41668744840223, "spark.executor.cores": 2.6857996803857, "spark.executor.instances": 4.271227737363815, "spark.executor.memory": 5.293089086198739, "spark.executor.memoryOverhead": 848.781949688444, "spark.memory.fraction": 0.7071440192689288, "spark.memory.storageFraction": 0.5777863238111538, "spark.reducer.maxBlocksInFlightPerAddress": 1984209812.88371, "spark.reducer.maxSizeInFlight": 36.078678833080936, "spark.shuffle.file.buffer": 38.42323316744121}, "datetime": {"datetime": "2022-01-07 15:56:53", "elapsed": 3.513028, "delta": 0.431027}}
{"target": -2797.027580000002, "params": {"spark.default.parallelism": 384.0766083508507, "spark.executor.cores": 2.296625512326249, "spark.executor.instances": 4.679762856869031, "spark.executor.memory": 3.59778719575545, "spark.executor.memoryOverhead": 637.4882964582603, "spark.memory.fraction": 0.8501330905418156, "spark.memory.storageFraction": 0.5735813766188889, "spark.reducer.maxBlocksInFlightPerAddress": 1570711542.5403595, "spark.reducer.maxSizeInFlight": 44.58875203343534, "spark.shuffle.file.buffer": 31.913253949424522}, "datetime": {"datetime": "2022-01-07 15:56:53", "elapsed": 3.954726, "delta": 0.441698}}
{"target": -2795.2315000000012, "params": {"spark.default.parallelism": 489.77991950591667, "spark.executor.cores": 1.2187658283871692, "spark.executor.instances": 6.692164216866487, "spark.executor.memory": 4.9997294843968, "spark.executor.memoryOverhead": 767.1094270329611, "spark.memory.fraction": 0.5574427991496838, "spark.memory.storageFraction": 0.5332810545743503, "spark.reducer.maxBlocksInFlightPerAddress": 1502399536.48588, "spark.reducer.maxSizeInFlight": 62.254188095035204, "spark.shuffle.file.buffer": 22.133623645116483}, "datetime": {"datetime": "2022-01-07 15:56:54", "elapsed": 4.397144, "delta": 0.442418}}
{"target": -2798.7965400000016, "params": {"spark.default.parallelism": 212.98728145584758, "spark.executor.cores": 1.9728814863407895, "spark.executor.instances": 4.957644176551024, "spark.executor.memory": 6.809895126773037, "spark.executor.memoryOverhead": 849.3390654974114, "spark.memory.fraction": 0.7455736009538804, "spark.memory.storageFraction": 0.8893949589300785, "spark.reducer.maxBlocksInFlightPerAddress": 1444033871.2289782, "spark.reducer.maxSizeInFlight": 67.09683444804872, "spark.shuffle.file.buffer": 29.907039149072304}, "datetime": {"datetime": "2022-01-07 15:56:54", "elapsed": 4.822936, "delta": 0.425792}}
{"target": -2813.1759300000012, "params": {"spark.default.parallelism": 411.29401951517286, "spark.executor.cores": 2.3632906752052456, "spark.executor.instances": 6.7885941150110245, "spark.executor.memory": 5.474402970246146, "spark.executor.memoryOverhead": 458.43350150686535, "spark.memory.fraction": 0.8043209825223024, "spark.memory.storageFraction": 0.8124183288775828, "spark.reducer.maxBlocksInFlightPerAddress": 2044515012.178935, "spark.reducer.maxSizeInFlight": 35.22089724499708, "spark.shuffle.file.buffer": 21.653724578314925}, "datetime": {"datetime": "2022-01-07 15:56:54", "elapsed": 5.266917, "delta": 0.443981}}
{"target": -2798.096950000001, "params": {"spark.default.parallelism": 282.6809308282576, "spark.executor.cores": 2.8494816270767434, "spark.executor.instances": 5.547956937025169, "spark.executor.memory": 4.971523493725281, "spark.executor.memoryOverhead": 509.4379844410101, "spark.memory.fraction": 0.8539866075352254, "spark.memory.storageFraction": 0.6533053827221147, "spark.reducer.maxBlocksInFlightPerAddress": 1393260240.5974011, "spark.reducer.maxSizeInFlight": 58.444558185348214, "spark.shuffle.file.buffer": 22.107838181513838}, "datetime": {"datetime": "2022-01-07 15:56:55", "elapsed": 5.713309, "delta": 0.446392}}
{"target": -2799.51489, "params": {"spark.default.parallelism": 360.44966975594343, "spark.executor.cores": 2.535925756562623, "spark.executor.instances": 4.2123703818101, "spark.executor.memory": 5.196213775402079, "spark.executor.memoryOverhead": 778.8903160085895, "spark.memory.fraction": 0.7598332219513916, "spark.memory.storageFraction": 0.8725788059971643, "spark.reducer.maxBlocksInFlightPerAddress": 1153984101.0803053, "spark.reducer.maxSizeInFlight": 37.286710204828154, "spark.shuffle.file.buffer": 45.41560013619752}, "datetime": {"datetime": "2022-01-07 15:56:55", "elapsed": 6.156898, "delta": 0.443589}}
{"target": -2800.08641, "params": {"spark.default.parallelism": 354.8595383231207, "spark.executor.cores": 2.726452963427699, "spark.executor.instances": 7.936506175539668, "spark.executor.memory": 3.039491901435674, "spark.executor.memoryOverhead": 508.65085066386985, "spark.memory.fraction": 0.5895398681310101, "spark.memory.storageFraction": 0.5190150376911042, "spark.reducer.maxBlocksInFlightPerAddress": 1084664414.7410793, "spark.reducer.maxSizeInFlight": 47.52937498772312, "spark.shuffle.file.buffer": 17.45542866144941}, "datetime": {"datetime": "2022-01-07 15:56:56", "elapsed": 6.595287, "delta": 0.438389}}
