{"target": -2805.4585600000014, "params": {"spark.default.parallelism": 249.6147725887098, "spark.executor.cores": 2.377578986354086, "spark.executor.instances": 4.551256408029236, "spark.executor.memory": 6.284519732563783, "spark.executor.memoryOverhead": 789.2518389064451, "spark.memory.fraction": 0.6094166944508286, "spark.memory.storageFraction": 0.8201231215069766, "spark.reducer.maxBlocksInFlightPerAddress": 1930979346.3645535, "spark.reducer.maxSizeInFlight": 63.47098349430401, "spark.shuffle.file.buffer": 20.07761496179573}, "datetime": {"datetime": "2022-01-05 16:35:37", "elapsed": 0.0, "delta": 0.0}}
{"target": -2797.183880000001, "params": {"spark.default.parallelism": 339.7718389685273, "spark.executor.cores": 1.161013042786103, "spark.executor.instances": 4.9754427995290555, "spark.executor.memory": 3.2487675061768595, "spark.executor.memoryOverhead": 710.583134601663, "spark.memory.fraction": 0.7796749373868457, "spark.memory.storageFraction": 0.6338229051498201, "spark.reducer.maxBlocksInFlightPerAddress": 1877003256.90803, "spark.reducer.maxSizeInFlight": 48.628392235724505, "spark.shuffle.file.buffer": 41.3156216741592}, "datetime": {"datetime": "2022-01-05 16:35:37", "elapsed": 0.024957, "delta": 0.024957}}
{"target": -2798.4990500000013, "params": {"spark.default.parallelism": 252.43672224491905, "spark.executor.cores": 1.4695430905504598, "spark.executor.instances": 7.2771234963768165, "spark.executor.memory": 5.515538703126966, "spark.executor.memoryOverhead": 732.0132915263207, "spark.memory.fraction": 0.6940435730115146, "spark.memory.storageFraction": 0.6760295431155537, "spark.reducer.maxBlocksInFlightPerAddress": 1804962809.923028, "spark.reducer.maxSizeInFlight": 29.549577320091295, "spark.shuffle.file.buffer": 45.726461572280144}, "datetime": {"datetime": "2022-01-05 16:35:37", "elapsed": 0.049867, "delta": 0.02491}}
{"target": -2798.682460000002, "params": {"spark.default.parallelism": 346.3422340474324, "spark.executor.cores": 1.5674022539015606, "spark.executor.instances": 5.2601025507164065, "spark.executor.memory": 4.4484617077686925, "spark.executor.memoryOverhead": 613.7890596883085, "spark.memory.fraction": 0.5269503078256281, "spark.memory.storageFraction": 0.818461435779936, "spark.reducer.maxBlocksInFlightPerAddress": 1726959719.4233303, "spark.reducer.maxSizeInFlight": 36.77664981060079, "spark.shuffle.file.buffer": 34.7423335094945}, "datetime": {"datetime": "2022-01-05 16:35:37", "elapsed": 0.074828, "delta": 0.024961}}
{"target": -4332.811809999998, "params": {"spark.default.parallelism": 284.3206146965617, "spark.executor.cores": 2.579026610970315, "spark.executor.instances": 7.498494170479512, "spark.executor.memory": 6.353783199980398, "spark.executor.memoryOverhead": 817.6930797429956, "spark.memory.fraction": 0.7005415610384953, "spark.memory.storageFraction": 0.8989279586835256, "spark.reducer.maxBlocksInFlightPerAddress": 1306098706.4251583, "spark.reducer.maxSizeInFlight": 38.314208209296105, "spark.shuffle.file.buffer": 37.878750458825905}, "datetime": {"datetime": "2022-01-05 16:35:37", "elapsed": 0.099765, "delta": 0.024937}}
{"target": -2800.6515400000017, "params": {"spark.default.parallelism": 400.9669128993494, "spark.executor.cores": 1.4552719446265043, "spark.executor.instances": 7.012845901115943, "spark.executor.memory": 5.711040151462227, "spark.executor.memoryOverhead": 663.3643858845713, "spark.memory.fraction": 0.804332571948256, "spark.memory.storageFraction": 0.7341706582563758, "spark.reducer.maxBlocksInFlightPerAddress": 1200973064.3343678, "spark.reducer.maxSizeInFlight": 43.85576589660212, "spark.shuffle.file.buffer": 17.3567742680396}, "datetime": {"datetime": "2022-01-05 16:35:38", "elapsed": 0.124699, "delta": 0.024934}}
{"target": -2812.6074500000013, "params": {"spark.default.parallelism": 496.6857027349177, "spark.executor.cores": 2.9857674278245443, "spark.executor.instances": 5.567718324054729, "spark.executor.memory": 5.32466270779133, "spark.executor.memoryOverhead": 641.3578348625429, "spark.memory.fraction": 0.7928297151171236, "spark.memory.storageFraction": 0.7583316924355266, "spark.reducer.maxBlocksInFlightPerAddress": 2107041453.8209367, "spark.reducer.maxSizeInFlight": 66.76032547491135, "spark.shuffle.file.buffer": 23.174290628303357}, "datetime": {"datetime": "2022-01-05 16:35:38", "elapsed": 0.1496, "delta": 0.024901}}
{"target": -2797.3009300000017, "params": {"spark.default.parallelism": 301.8006996753848, "spark.executor.cores": 1.2143798635920466, "spark.executor.instances": 5.714922441279578, "spark.executor.memory": 6.115906906257818, "spark.executor.memoryOverhead": 682.2926459334869, "spark.memory.fraction": 0.7335017701005355, "spark.memory.storageFraction": 0.6040910366408704, "spark.reducer.maxBlocksInFlightPerAddress": 1387196725.0863705, "spark.reducer.maxSizeInFlight": 46.72301657282817, "spark.shuffle.file.buffer": 32.60820338745389}, "datetime": {"datetime": "2022-01-05 16:35:38", "elapsed": 0.174534, "delta": 0.024934}}
{"target": -2800.7213100000017, "params": {"spark.default.parallelism": 227.71444049115436, "spark.executor.cores": 1.335810696109644, "spark.executor.instances": 4.062359058060436, "spark.executor.memory": 6.669398405686043, "spark.executor.memoryOverhead": 763.4335956775539, "spark.memory.fraction": 0.5487524718591886, "spark.memory.storageFraction": 0.6977664387580921, "spark.reducer.maxBlocksInFlightPerAddress": 1840837402.9735937, "spark.reducer.maxSizeInFlight": 32.892132946573014, "spark.shuffle.file.buffer": 26.782007283702768}, "datetime": {"datetime": "2022-01-05 16:35:38", "elapsed": 0.199356, "delta": 0.024822}}
{"target": -2801.709330000002, "params": {"spark.default.parallelism": 298.5161874234485, "spark.executor.cores": 1.8396238116917778, "spark.executor.instances": 6.499975967129705, "spark.executor.memory": 4.912269923396008, "spark.executor.memoryOverhead": 389.71758513318264, "spark.memory.fraction": 0.666395762642277, "spark.memory.storageFraction": 0.5529113598313449, "spark.reducer.maxBlocksInFlightPerAddress": 1631009354.1889353, "spark.reducer.maxSizeInFlight": 71.02700465764936, "spark.shuffle.file.buffer": 16.68726665422589}, "datetime": {"datetime": "2022-01-05 16:35:38", "elapsed": 0.224348, "delta": 0.024992}}
{"target": -2798.298840000001, "params": {"spark.default.parallelism": 441.7884987562895, "spark.executor.cores": 1.2809290449686814, "spark.executor.instances": 5.378442124341089, "spark.executor.memory": 6.854781770961638, "spark.executor.memoryOverhead": 800.9925296314473, "spark.memory.fraction": 0.8093816743661774, "spark.memory.storageFraction": 0.7769032876574172, "spark.reducer.maxBlocksInFlightPerAddress": 1460921870.0465045, "spark.reducer.maxSizeInFlight": 58.59152036521628, "spark.shuffle.file.buffer": 38.69525842342245}, "datetime": {"datetime": "2022-01-05 16:35:38", "elapsed": 0.25049, "delta": 0.026142}}
{"target": -2798.363260000001, "params": {"spark.default.parallelism": 450.38412039307514, "spark.executor.cores": 2.1254416146389126, "spark.executor.instances": 7.683355658492381, "spark.executor.memory": 3.4851728528040153, "spark.executor.memoryOverhead": 848.043875732525, "spark.memory.fraction": 0.8861385925047593, "spark.memory.storageFraction": 0.7907166124947353, "spark.reducer.maxBlocksInFlightPerAddress": 1559035130.6963253, "spark.reducer.maxSizeInFlight": 64.46710813060095, "spark.shuffle.file.buffer": 44.00943337248644}, "datetime": {"datetime": "2022-01-05 16:35:38", "elapsed": 0.274452, "delta": 0.023962}}
{"target": -2802.819900000002, "params": {"spark.default.parallelism": 325.97713647489485, "spark.executor.cores": 2.0619380572565555, "spark.executor.instances": 4.139611803727232, "spark.executor.memory": 4.684773360271102, "spark.executor.memoryOverhead": 419.78191417625027, "spark.memory.fraction": 0.6224444877684288, "spark.memory.storageFraction": 0.8665666777427478, "spark.reducer.maxBlocksInFlightPerAddress": 1666458913.0717392, "spark.reducer.maxSizeInFlight": 52.99449001712567, "spark.shuffle.file.buffer": 18.51618634255073}, "datetime": {"datetime": "2022-01-05 16:35:38", "elapsed": 0.299397, "delta": 0.024945}}
{"target": -2802.2574800000016, "params": {"spark.default.parallelism": 215.99993504731734, "spark.executor.cores": 2.7395814084435237, "spark.executor.instances": 4.932746424382486, "spark.executor.memory": 3.2904481426902756, "spark.executor.memoryOverhead": 501.39538982256136, "spark.memory.fraction": 0.8459294346590605, "spark.memory.storageFraction": 0.5645067659494889, "spark.reducer.maxBlocksInFlightPerAddress": 1948963964.4944315, "spark.reducer.maxSizeInFlight": 24.3269300620179, "spark.shuffle.file.buffer": 40.43134169098279}, "datetime": {"datetime": "2022-01-05 16:35:38", "elapsed": 0.323341, "delta": 0.023944}}
{"target": -2795.810880000001, "params": {"spark.default.parallelism": 378.32041513001525, "spark.executor.cores": 2.1920860344182764, "spark.executor.instances": 4.340817005889466, "spark.executor.memory": 4.137215939138709, "spark.executor.memoryOverhead": 570.778581698117, "spark.memory.fraction": 0.5669338734940587, "spark.memory.storageFraction": 0.5126865768132443, "spark.reducer.maxBlocksInFlightPerAddress": 1220514884.3480136, "spark.reducer.maxSizeInFlight": 40.719313314297935, "spark.shuffle.file.buffer": 25.12630119949111}, "datetime": {"datetime": "2022-01-05 16:35:38", "elapsed": 0.348313, "delta": 0.024972}}
{"target": -2799.8882400000016, "params": {"spark.default.parallelism": 238.91932834106456, "spark.executor.cores": 1.0452230700804965, "spark.executor.instances": 7.457331221981399, "spark.executor.memory": 3.8935060856304022, "spark.executor.memoryOverhead": 665.4132720797948, "spark.memory.fraction": 0.7616556860189991, "spark.memory.storageFraction": 0.7936318222579011, "spark.reducer.maxBlocksInFlightPerAddress": 1600550936.1402624, "spark.reducer.maxSizeInFlight": 56.174189053851244, "spark.shuffle.file.buffer": 25.613410737353483}, "datetime": {"datetime": "2022-01-05 16:35:38", "elapsed": 0.372302, "delta": 0.023989}}
{"target": -2797.6084000000014, "params": {"spark.default.parallelism": 463.5748868707983, "spark.executor.cores": 2.6347883585488843, "spark.executor.instances": 6.909257444714907, "spark.executor.memory": 3.101034685863995, "spark.executor.memoryOverhead": 554.2145310464814, "spark.memory.fraction": 0.74322002912611, "spark.memory.storageFraction": 0.7139789234480576, "spark.reducer.maxBlocksInFlightPerAddress": 1407758615.636098, "spark.reducer.maxSizeInFlight": 59.27105372543913, "spark.shuffle.file.buffer": 47.67210115051694}, "datetime": {"datetime": "2022-01-05 16:35:38", "elapsed": 0.397218, "delta": 0.024916}}
{"target": -2793.5780200000013, "params": {"spark.default.parallelism": 387.6191187471118, "spark.executor.cores": 1.9551627489910595, "spark.executor.instances": 6.595271708326271, "spark.executor.memory": 5.088958239138329, "spark.executor.memoryOverhead": 538.2395435357018, "spark.memory.fraction": 0.8886089999502544, "spark.memory.storageFraction": 0.514628590466738, "spark.reducer.maxBlocksInFlightPerAddress": 1767919554.7433212, "spark.reducer.maxSizeInFlight": 55.59498915346825, "spark.shuffle.file.buffer": 42.350285928770326}, "datetime": {"datetime": "2022-01-05 16:35:38", "elapsed": 0.421491, "delta": 0.024273}}
{"target": -2808.2974500000005, "params": {"spark.default.parallelism": 391.77172360893894, "spark.executor.cores": 1.0689850718453977, "spark.executor.instances": 6.058004932270233, "spark.executor.memory": 3.69038061410442, "spark.executor.memoryOverhead": 490.26048367223564, "spark.memory.fraction": 0.5657935100529701, "spark.memory.storageFraction": 0.8549106664719419, "spark.reducer.maxBlocksInFlightPerAddress": 2071009461.746864, "spark.reducer.maxSizeInFlight": 27.64878916717508, "spark.shuffle.file.buffer": 43.50453377202443}, "datetime": {"datetime": "2022-01-05 16:35:38", "elapsed": 0.446425, "delta": 0.024934}}
{"target": -2797.0095600000013, "params": {"spark.default.parallelism": 314.88119192650566, "spark.executor.cores": 2.50956321235902, "spark.executor.instances": 6.327193314941022, "spark.executor.memory": 5.201365326385812, "spark.executor.memoryOverhead": 584.7069573172887, "spark.memory.fraction": 0.6476153129100902, "spark.memory.storageFraction": 0.5273092254998651, "spark.reducer.maxBlocksInFlightPerAddress": 1530945855.9126515, "spark.reducer.maxSizeInFlight": 33.94810086267311, "spark.shuffle.file.buffer": 20.538288403075406}, "datetime": {"datetime": "2022-01-05 16:35:38", "elapsed": 0.47036, "delta": 0.023935}}
{"target": -2810.2991400000014, "params": {"spark.default.parallelism": 485.7011798034158, "spark.executor.cores": 1.878673884363322, "spark.executor.instances": 6.742730140751922, "spark.executor.memory": 6.043942147816995, "spark.executor.memoryOverhead": 437.29585343680105, "spark.memory.fraction": 0.5082760668057436, "spark.memory.storageFraction": 0.6614624892415443, "spark.reducer.maxBlocksInFlightPerAddress": 2027417541.6517453, "spark.reducer.maxSizeInFlight": 62.05259410046193, "spark.shuffle.file.buffer": 33.78467999036064}, "datetime": {"datetime": "2022-01-05 16:35:38", "elapsed": 0.495339, "delta": 0.024979}}
{"target": -2810.841210000001, "params": {"spark.default.parallelism": 367.72984029195703, "spark.executor.cores": 2.7047837789668745, "spark.executor.instances": 4.772771157389157, "spark.executor.memory": 6.890292971438811, "spark.executor.memoryOverhead": 529.4779324066916, "spark.memory.fraction": 0.72614909360239, "spark.memory.storageFraction": 0.7510785596176298, "spark.reducer.maxBlocksInFlightPerAddress": 2128731742.3496687, "spark.reducer.maxSizeInFlight": 38.86758340547204, "spark.shuffle.file.buffer": 36.29673591057558}, "datetime": {"datetime": "2022-01-05 16:35:38", "elapsed": 0.520298, "delta": 0.024959}}
{"target": -2800.8310900000006, "params": {"spark.default.parallelism": 354.5883539840239, "spark.executor.cores": 1.7940655094404665, "spark.executor.instances": 5.123731680918196, "spark.executor.memory": 3.962129056237356, "spark.executor.memoryOverhead": 713.4116981733191, "spark.memory.fraction": 0.6391781907193993, "spark.memory.storageFraction": 0.837842018922776, "spark.reducer.maxBlocksInFlightPerAddress": 1091408976.3153656, "spark.reducer.maxSizeInFlight": 50.36367549640744, "spark.shuffle.file.buffer": 29.267786325315093}, "datetime": {"datetime": "2022-01-05 16:35:38", "elapsed": 0.545758, "delta": 0.02546}}
{"target": -2797.147280000001, "params": {"spark.default.parallelism": 437.62057462004054, "spark.executor.cores": 1.733015706517016, "spark.executor.instances": 4.506136666539183, "spark.executor.memory": 5.867236897706503, "spark.executor.memoryOverhead": 755.9260731974371, "spark.memory.fraction": 0.525914196057431, "spark.memory.storageFraction": 0.6243897431918207, "spark.reducer.maxBlocksInFlightPerAddress": 1479484443.6366959, "spark.reducer.maxSizeInFlight": 43.159574282282186, "spark.shuffle.file.buffer": 46.46540182485221}, "datetime": {"datetime": "2022-01-05 16:35:38", "elapsed": 0.570726, "delta": 0.024968}}
{"target": -2801.1846100000007, "params": {"spark.default.parallelism": 412.59287843728293, "spark.executor.cores": 2.9147381657884184, "spark.executor.instances": 5.851718350539317, "spark.executor.memory": 4.3042821560794176, "spark.executor.memoryOverhead": 828.7351669697114, "spark.memory.fraction": 0.6025196303850466, "spark.memory.storageFraction": 0.8734294268278537, "spark.reducer.maxBlocksInFlightPerAddress": 1144830212.6807196, "spark.reducer.maxSizeInFlight": 68.00394809959772, "spark.shuffle.file.buffer": 28.0720167445222}, "datetime": {"datetime": "2022-01-05 16:35:38", "elapsed": 0.595216, "delta": 0.02449}}
{"target": -2799.4934200000016, "params": {"spark.default.parallelism": 278.7160674779713, "spark.executor.cores": 2.248559106181035, "spark.executor.instances": 5.87056421560009, "spark.executor.memory": 3.5659140231238946, "spark.executor.memoryOverhead": 403.1578775275681, "spark.memory.fraction": 0.8484731027078805, "spark.memory.storageFraction": 0.569203401499745, "spark.reducer.maxBlocksInFlightPerAddress": 1336158019.2804449, "spark.reducer.maxSizeInFlight": 30.731439369272223, "spark.shuffle.file.buffer": 36.17629806622685}, "datetime": {"datetime": "2022-01-05 16:35:38", "elapsed": 0.620129, "delta": 0.024913}}
{"target": -2799.097960000002, "params": {"spark.default.parallelism": 269.7045582443874, "spark.executor.cores": 1.6085248063208912, "spark.executor.instances": 6.152383620616542, "spark.executor.memory": 4.857928262836827, "spark.executor.memoryOverhead": 874.0451792405242, "spark.memory.fraction": 0.8305744255918577, "spark.memory.storageFraction": 0.609216063532581, "spark.reducer.maxBlocksInFlightPerAddress": 1707301424.3914003, "spark.reducer.maxSizeInFlight": 69.19279320249481, "spark.shuffle.file.buffer": 23.6256658467684}, "datetime": {"datetime": "2022-01-05 16:35:38", "elapsed": 0.645089, "delta": 0.02496}}
{"target": -2801.697290000001, "params": {"spark.default.parallelism": 428.9501509151729, "spark.executor.cores": 2.812559394893933, "spark.executor.instances": 7.195019815367303, "spark.executor.memory": 5.613825314173396, "spark.executor.memoryOverhead": 471.5858603095749, "spark.memory.fraction": 0.6862152720639837, "spark.memory.storageFraction": 0.5819227128035658, "spark.reducer.maxBlocksInFlightPerAddress": 1168122801.0427065, "spark.reducer.maxSizeInFlight": 51.32158823346478, "spark.shuffle.file.buffer": 30.11631573884026}, "datetime": {"datetime": "2022-01-05 16:35:38", "elapsed": 0.669182, "delta": 0.024093}}
{"target": -2808.7747300000024, "params": {"spark.default.parallelism": 471.610999106102, "spark.executor.cores": 2.430010913309215, "spark.executor.instances": 7.861960738280919, "spark.executor.memory": 4.5976191534678295, "spark.executor.memoryOverhead": 462.67472055789597, "spark.memory.fraction": 0.5812475806534585, "spark.memory.storageFraction": 0.705647810373003, "spark.reducer.maxBlocksInFlightPerAddress": 1978913110.3872073, "spark.reducer.maxSizeInFlight": 45.74067099464875, "spark.shuffle.file.buffer": 21.50423374046613}, "datetime": {"datetime": "2022-01-05 16:35:38", "elapsed": 0.694121, "delta": 0.024939}}
{"target": -2797.121580000002, "params": {"spark.default.parallelism": 205.11308937616099, "spark.executor.cores": 2.272591133428664, "spark.executor.instances": 7.942701344504126, "spark.executor.memory": 6.488816455685525, "spark.executor.memoryOverhead": 618.5121338830688, "spark.memory.fraction": 0.867291785706656, "spark.memory.storageFraction": 0.6566108125761303, "spark.reducer.maxBlocksInFlightPerAddress": 1287146143.949904, "spark.reducer.maxSizeInFlight": 26.249295431237623, "spark.shuffle.file.buffer": 31.34953662167166}, "datetime": {"datetime": "2022-01-05 16:35:38", "elapsed": 0.718058, "delta": 0.023937}}
{"target": -2807.7430000000018, "params": {"spark.default.parallelism": 271.10809407290833, "spark.executor.cores": 2.806759041124508, "spark.executor.instances": 6.294717946689143, "spark.executor.memory": 3.011481308124636, "spark.executor.memoryOverhead": 688.2524424150168, "spark.memory.fraction": 0.6306579607088385, "spark.memory.storageFraction": 0.7108232409030437, "spark.reducer.maxBlocksInFlightPerAddress": 2025014908.6723402, "spark.reducer.maxSizeInFlight": 41.14894848011999, "spark.shuffle.file.buffer": 45.073124829433574}, "datetime": {"datetime": "2022-01-05 16:35:39", "elapsed": 1.11501, "delta": 0.396952}}
{"target": -2798.2498000000014, "params": {"spark.default.parallelism": 485.0528357741239, "spark.executor.cores": 2.113306376390313, "spark.executor.instances": 7.662425399065098, "spark.executor.memory": 5.566264835785351, "spark.executor.memoryOverhead": 576.2738030716343, "spark.memory.fraction": 0.6943962668387639, "spark.memory.storageFraction": 0.7417241931679893, "spark.reducer.maxBlocksInFlightPerAddress": 1663814410.6160128, "spark.reducer.maxSizeInFlight": 68.45670848190977, "spark.shuffle.file.buffer": 45.399469940275395}, "datetime": {"datetime": "2022-01-05 16:35:39", "elapsed": 1.551917, "delta": 0.436907}}
{"target": -2798.403850000001, "params": {"spark.default.parallelism": 340.06400682899186, "spark.executor.cores": 1.69034410231043, "spark.executor.instances": 4.900159831256339, "spark.executor.memory": 5.370047475063187, "spark.executor.memoryOverhead": 537.949029987045, "spark.memory.fraction": 0.8665222213873403, "spark.memory.storageFraction": 0.8638542099806228, "spark.reducer.maxBlocksInFlightPerAddress": 1349820488.749463, "spark.reducer.maxSizeInFlight": 29.3227824357134, "spark.shuffle.file.buffer": 22.17480742461161}, "datetime": {"datetime": "2022-01-05 16:35:39", "elapsed": 1.990753, "delta": 0.438836}}
{"target": -2797.8902700000017, "params": {"spark.default.parallelism": 232.70562920572047, "spark.executor.cores": 2.2675735212238357, "spark.executor.instances": 7.2118529494949515, "spark.executor.memory": 5.787201984480713, "spark.executor.memoryOverhead": 761.7422108703548, "spark.memory.fraction": 0.636981647937408, "spark.memory.storageFraction": 0.838340593211071, "spark.reducer.maxBlocksInFlightPerAddress": 1534128789.5421472, "spark.reducer.maxSizeInFlight": 63.5524737797913, "spark.shuffle.file.buffer": 36.0478770759774}, "datetime": {"datetime": "2022-01-05 16:35:40", "elapsed": 2.420603, "delta": 0.42985}}
