{"target": -2798.572950000001, "params": {"spark.default.parallelism": 263.5164004545459, "spark.executor.cores": 2.6603130523245984, "spark.executor.instances": 4.960380616644841, "spark.executor.memory": 5.52648298100064, "spark.executor.memoryOverhead": 734.394607960496, "spark.memory.fraction": 0.7969533718828408, "spark.memory.storageFraction": 0.6561058818398324, "spark.reducer.maxBlocksInFlightPerAddress": 1889598130.3914661, "spark.reducer.maxSizeInFlight": 67.34092330184208, "spark.shuffle.file.buffer": 34.79744061560246}, "datetime": {"datetime": "2022-01-07 15:54:50", "elapsed": 7.228335, "delta": 0.4367}}
{"target": -2797.082490000001, "params": {"spark.default.parallelism": 454.2880127718163, "spark.executor.cores": 2.3180713193317666, "spark.executor.instances": 5.515324674646927, "spark.executor.memory": 4.66626691605899, "spark.executor.memoryOverhead": 621.7018836236315, "spark.memory.fraction": 0.8741135080027203, "spark.memory.storageFraction": 0.845437181967241, "spark.reducer.maxBlocksInFlightPerAddress": 1586908648.5908895, "spark.reducer.maxSizeInFlight": 50.61688791735202, "spark.shuffle.file.buffer": 44.01292359293829}, "datetime": {"datetime": "2022-01-07 15:54:51", "elapsed": 7.680343, "delta": 0.452008}}
{"target": -2800.4865500000014, "params": {"spark.default.parallelism": 494.0998655411983, "spark.executor.cores": 1.4447663870623515, "spark.executor.instances": 5.8650658966662945, "spark.executor.memory": 6.582567210397786, "spark.executor.memoryOverhead": 680.5066709815026, "spark.memory.fraction": 0.790383538339526, "spark.memory.storageFraction": 0.6654680656805441, "spark.reducer.maxBlocksInFlightPerAddress": 1808513684.5259116, "spark.reducer.maxSizeInFlight": 69.41064143268304, "spark.shuffle.file.buffer": 22.405954103658306}, "datetime": {"datetime": "2022-01-07 15:54:51", "elapsed": 8.135357, "delta": 0.455014}}
{"target": -2796.8681400000005, "params": {"spark.default.parallelism": 453.24810501626786, "spark.executor.cores": 1.5047024006861083, "spark.executor.instances": 4.577444154225433, "spark.executor.memory": 4.686519517111126, "spark.executor.memoryOverhead": 492.1325214968445, "spark.memory.fraction": 0.6761286067919188, "spark.memory.storageFraction": 0.689316318448979, "spark.reducer.maxBlocksInFlightPerAddress": 1502413028.0503135, "spark.reducer.maxSizeInFlight": 66.57450750371348, "spark.shuffle.file.buffer": 46.19725381102059}, "datetime": {"datetime": "2022-01-07 15:54:52", "elapsed": 8.564362, "delta": 0.429005}}
{"target": -2798.4430200000015, "params": {"spark.default.parallelism": 243.61334980476965, "spark.executor.cores": 1.0646089360977076, "spark.executor.instances": 5.659580336358685, "spark.executor.memory": 3.5345284539387833, "spark.executor.memoryOverhead": 656.3023256311709, "spark.memory.fraction": 0.6720264944009353, "spark.memory.storageFraction": 0.8280946954697888, "spark.reducer.maxBlocksInFlightPerAddress": 1442759164.7113128, "spark.reducer.maxSizeInFlight": 62.07535024068813, "spark.shuffle.file.buffer": 31.474207758452863}, "datetime": {"datetime": "2022-01-07 15:54:52", "elapsed": 9.005307, "delta": 0.440945}}
"{'maxIndex': 10, 'target': -2792.2256400000006, 'params': {'spark.default.parallelism': 496.8625837257586, 'spark.executor.cores': 1.6159029561645846, 'spark.executor.instances': 5.34345519641596, 'spark.executor.memory': 6.07318198776062, 'spark.executor.memoryOverhead': 490.45160660171626, 'spark.memory.fraction': 0.6718522834492083, 'spark.memory.storageFraction': 0.5365106652034833, 'spark.reducer.maxBlocksInFlightPerAddress': 1442773431.208221, 'spark.reducer.maxSizeInFlight': 67.82275479048596, 'spark.shuffle.file.buffer': 43.248150824942414}}"