{"target": -2796.3445000000006, "params": {"spark.default.parallelism": 253.54844989324647, "spark.executor.cores": 2.939741140689428, "spark.executor.instances": 6.967758101824307, "spark.executor.memory": 4.039166773217659, "spark.executor.memoryOverhead": 670.5490237495476, "spark.memory.fraction": 0.8821049014152748, "spark.memory.storageFraction": 0.5323015631248316, "spark.reducer.maxBlocksInFlightPerAddress": 1163435994.8568676, "spark.reducer.maxSizeInFlight": 53.71847190815555, "spark.shuffle.file.buffer": 23.183791322750647}, "datetime": {"datetime": "2022-01-11 11:04:40", "elapsed": 6.777227, "delta": 0.425861}}
{"target": -2797.0881100000015, "params": {"spark.default.parallelism": 397.23239198120234, "spark.executor.cores": 2.7540872611784035, "spark.executor.instances": 5.217445721521553, "spark.executor.memory": 5.909590193497884, "spark.executor.memoryOverhead": 855.8611155213962, "spark.memory.fraction": 0.6958845380049236, "spark.memory.storageFraction": 0.5585012940367065, "spark.reducer.maxBlocksInFlightPerAddress": 1520231390.8957372, "spark.reducer.maxSizeInFlight": 48.36305011980105, "spark.shuffle.file.buffer": 46.28355345911579}, "datetime": {"datetime": "2022-01-11 11:04:40", "elapsed": 7.198288, "delta": 0.421061}}
{"target": -2797.082490000001, "params": {"spark.default.parallelism": 454.2880127718163, "spark.executor.cores": 2.3180713193317666, "spark.executor.instances": 5.515324674646927, "spark.executor.memory": 4.66626691605899, "spark.executor.memoryOverhead": 621.7018836236315, "spark.memory.fraction": 0.8741135080027203, "spark.memory.storageFraction": 0.845437181967241, "spark.reducer.maxBlocksInFlightPerAddress": 1586908648.5908895, "spark.reducer.maxSizeInFlight": 50.61688791735202, "spark.shuffle.file.buffer": 44.01292359293829}, "datetime": {"datetime": "2022-01-11 11:04:41", "elapsed": 7.622159, "delta": 0.423871}}
{"target": -2800.382220000001, "params": {"spark.default.parallelism": 426.64281895465194, "spark.executor.cores": 1.2931689561096764, "spark.executor.instances": 4.059973310910807, "spark.executor.memory": 5.770079666342536, "spark.executor.memoryOverhead": 781.7699629414143, "spark.memory.fraction": 0.6961638099006671, "spark.memory.storageFraction": 0.6666468926659534, "spark.reducer.maxBlocksInFlightPerAddress": 1163466237.780179, "spark.reducer.maxSizeInFlight": 45.88154254459434, "spark.shuffle.file.buffer": 19.031535642067507}, "datetime": {"datetime": "2022-01-11 11:04:41", "elapsed": 8.045287, "delta": 0.423128}}
{"target": -2798.4256600000017, "params": {"spark.default.parallelism": 370.62321903065606, "spark.executor.cores": 1.8519845450394157, "spark.executor.instances": 6.681523869406179, "spark.executor.memory": 3.890303596873038, "spark.executor.memoryOverhead": 647.7793564492285, "spark.memory.fraction": 0.8288258439340188, "spark.memory.storageFraction": 0.8616893752328756, "spark.reducer.maxBlocksInFlightPerAddress": 1674364584.1617033, "spark.reducer.maxSizeInFlight": 39.099241394382695, "spark.shuffle.file.buffer": 35.895673106365486}, "datetime": {"datetime": "2022-01-11 11:04:41", "elapsed": 8.48288, "delta": 0.437593}}
{"target": -2797.5825000000013, "params": {"spark.default.parallelism": 470.50442647025943, "spark.executor.cores": 1.7193169612994932, "spark.executor.instances": 4.715357201012262, "spark.executor.memory": 5.445074417348586, "spark.executor.memoryOverhead": 835.0807948036822, "spark.memory.fraction": 0.7580144668915016, "spark.memory.storageFraction": 0.742790807958951, "spark.reducer.maxBlocksInFlightPerAddress": 1520176816.9641774, "spark.reducer.maxSizeInFlight": 36.591524257452775, "spark.shuffle.file.buffer": 40.253187832526685}, "datetime": {"datetime": "2022-01-11 11:04:42", "elapsed": 8.924008, "delta": 0.441128}}
"{'maxIndex': 24, 'target': -2792.866880000001, 'params': {'spark.default.parallelism': 479.751849603228, 'spark.executor.cores': 2.377156377768317, 'spark.executor.instances': 6.85367863818939, 'spark.executor.memory': 5.158999484796218, 'spark.executor.memoryOverhead': 504.2937745050226, 'spark.memory.fraction': 0.8742104118034906, 'spark.memory.storageFraction': 0.5120603217522525, 'spark.reducer.maxBlocksInFlightPerAddress': 1520246625.6366832, 'spark.reducer.maxSizeInFlight': 60.20608762443183, 'spark.shuffle.file.buffer': 36.74408688794651}}"