{"target": -2799.961740000001, "params": {"spark.default.parallelism": 346.61042741272126, "spark.executor.cores": 2.7537017162970026, "spark.executor.instances": 5.261347467666809, "spark.executor.memory": 6.931724900662462, "spark.executor.memoryOverhead": 739.3128645788017, "spark.memory.fraction": 0.8889742529426341, "spark.memory.storageFraction": 0.5880596707168184, "spark.reducer.maxBlocksInFlightPerAddress": 1231194864.1913917, "spark.reducer.maxSizeInFlight": 47.47507114054803, "spark.shuffle.file.buffer": 18.431355697015626}, "datetime": {"datetime": "2022-01-05 16:35:23", "elapsed": 18.0687, "delta": 0.462416}}
{"target": -2801.906620000001, "params": {"spark.default.parallelism": 294.7337780780639, "spark.executor.cores": 2.185255733444367, "spark.executor.instances": 5.114012440865143, "spark.executor.memory": 3.2757324370318424, "spark.executor.memoryOverhead": 474.73410806269186, "spark.memory.fraction": 0.6611358114386463, "spark.memory.storageFraction": 0.7758887494621203, "spark.reducer.maxBlocksInFlightPerAddress": 1502671268.8658233, "spark.reducer.maxSizeInFlight": 50.038536902350614, "spark.shuffle.file.buffer": 33.637494746116985}, "datetime": {"datetime": "2022-01-05 16:35:24", "elapsed": 18.534752, "delta": 0.466052}}
{"target": -2797.6049200000016, "params": {"spark.default.parallelism": 283.95367519193076, "spark.executor.cores": 1.165323170308818, "spark.executor.instances": 6.085480497181423, "spark.executor.memory": 6.924607952584394, "spark.executor.memoryOverhead": 581.5739264439388, "spark.memory.fraction": 0.6028764327367401, "spark.memory.storageFraction": 0.8105365995137606, "spark.reducer.maxBlocksInFlightPerAddress": 1734719612.5987477, "spark.reducer.maxSizeInFlight": 24.36232013887034, "spark.shuffle.file.buffer": 47.55856335913984}, "datetime": {"datetime": "2022-01-05 16:35:24", "elapsed": 18.985161, "delta": 0.450409}}
{"target": -2796.272120000001, "params": {"spark.default.parallelism": 377.32348569541233, "spark.executor.cores": 1.9593834237156746, "spark.executor.instances": 6.346170409695924, "spark.executor.memory": 3.5290843875249234, "spark.executor.memoryOverhead": 520.9243753966202, "spark.memory.fraction": 0.5278689442918497, "spark.memory.storageFraction": 0.543198689063711, "spark.reducer.maxBlocksInFlightPerAddress": 1842946497.1773381, "spark.reducer.maxSizeInFlight": 25.26729386516878, "spark.shuffle.file.buffer": 33.26881030718386}, "datetime": {"datetime": "2022-01-05 16:35:25", "elapsed": 19.451452, "delta": 0.466291}}
{"target": -2799.2025500000013, "params": {"spark.default.parallelism": 465.5453377006278, "spark.executor.cores": 1.6227864928083298, "spark.executor.instances": 5.9796647313972375, "spark.executor.memory": 6.7017310173393465, "spark.executor.memoryOverhead": 392.1290740376892, "spark.memory.fraction": 0.8069187439566683, "spark.memory.storageFraction": 0.8365935852325509, "spark.reducer.maxBlocksInFlightPerAddress": 1231697006.910594, "spark.reducer.maxSizeInFlight": 52.29624720349551, "spark.shuffle.file.buffer": 38.52116320565929}, "datetime": {"datetime": "2022-01-05 16:35:25", "elapsed": 19.901124, "delta": 0.449672}}
{"target": -2811.4170200000012, "params": {"spark.default.parallelism": 468.0885779939137, "spark.executor.cores": 1.0126180820786566, "spark.executor.instances": 4.306937848983617, "spark.executor.memory": 4.127162185375475, "spark.executor.memoryOverhead": 648.060132349468, "spark.memory.fraction": 0.7143142393046138, "spark.memory.storageFraction": 0.6701053917302978, "spark.reducer.maxBlocksInFlightPerAddress": 2022540275.8724873, "spark.reducer.maxSizeInFlight": 58.91289816164564, "spark.shuffle.file.buffer": 20.35076362655404}, "datetime": {"datetime": "2022-01-05 16:35:26", "elapsed": 20.373107, "delta": 0.471983}}
{"target": -2798.415330000001, "params": {"spark.default.parallelism": 492.4429998775004, "spark.executor.cores": 1.978133130358258, "spark.executor.instances": 7.8410699703753854, "spark.executor.memory": 3.543076472231479, "spark.executor.memoryOverhead": 729.3186084276088, "spark.memory.fraction": 0.7331433257289984, "spark.memory.storageFraction": 0.8166934249935311, "spark.reducer.maxBlocksInFlightPerAddress": 1651093459.2650135, "spark.reducer.maxSizeInFlight": 71.03485425895569, "spark.shuffle.file.buffer": 30.068889011628862}, "datetime": {"datetime": "2022-01-05 16:35:26", "elapsed": 20.836391, "delta": 0.463284}}
{"target": -2793.6915500000014, "params": {"spark.default.parallelism": 217.30546959599488, "spark.executor.cores": 2.9013986690675573, "spark.executor.instances": 7.2285730775017925, "spark.executor.memory": 6.320791439097613, "spark.executor.memoryOverhead": 660.6861506490045, "spark.memory.fraction": 0.6520438832705628, "spark.memory.storageFraction": 0.5446459251957063, "spark.reducer.maxBlocksInFlightPerAddress": 1690008663.9822314, "spark.reducer.maxSizeInFlight": 54.151587509550716, "spark.shuffle.file.buffer": 40.46649742531066}, "datetime": {"datetime": "2022-01-05 16:35:27", "elapsed": 21.315139, "delta": 0.478748}}
{"target": -2794.496250000001, "params": {"spark.default.parallelism": 470.1131538220449, "spark.executor.cores": 2.879458042247413, "spark.executor.instances": 7.633777173381792, "spark.executor.memory": 4.765668799813426, "spark.executor.memoryOverhead": 846.8304230915523, "spark.memory.fraction": 0.5949653852274753, "spark.memory.storageFraction": 0.5198057247755169, "spark.reducer.maxBlocksInFlightPerAddress": 1672099566.7742345, "spark.reducer.maxSizeInFlight": 39.03937128597644, "spark.shuffle.file.buffer": 33.026474124710575}, "datetime": {"datetime": "2022-01-05 16:35:27", "elapsed": 21.780688, "delta": 0.465549}}
{"target": -3489.4707900000008, "params": {"spark.default.parallelism": 404.9052453297022, "spark.executor.cores": 2.508763443833911, "spark.executor.instances": 4.262666717409138, "spark.executor.memory": 3.5037535232224872, "spark.executor.memoryOverhead": 666.8006708481341, "spark.memory.fraction": 0.542511636842356, "spark.memory.storageFraction": 0.8944364558527953, "spark.reducer.maxBlocksInFlightPerAddress": 1689757502.2542572, "spark.reducer.maxSizeInFlight": 60.37524362035995, "spark.shuffle.file.buffer": 35.55047268883082}, "datetime": {"datetime": "2022-01-05 16:35:28", "elapsed": 22.273442, "delta": 0.492754}}
{"target": -2800.793330000001, "params": {"spark.default.parallelism": 223.7095075000632, "spark.executor.cores": 1.2971636728739404, "spark.executor.instances": 6.74536097678498, "spark.executor.memory": 5.14014950925495, "spark.executor.memoryOverhead": 478.2687202801857, "spark.memory.fraction": 0.5223813403539841, "spark.memory.storageFraction": 0.7445649201229445, "spark.reducer.maxBlocksInFlightPerAddress": 1131306869.032445, "spark.reducer.maxSizeInFlight": 34.251614973709096, "spark.shuffle.file.buffer": 32.085205449984926}, "datetime": {"datetime": "2022-01-05 16:35:28", "elapsed": 22.758031, "delta": 0.484589}}
{"target": -2799.055080000002, "params": {"spark.default.parallelism": 373.16464182778947, "spark.executor.cores": 2.3366462466354143, "spark.executor.instances": 6.933498230468423, "spark.executor.memory": 6.593784361491332, "spark.executor.memoryOverhead": 606.7481505723123, "spark.memory.fraction": 0.8437510552312257, "spark.memory.storageFraction": 0.547010519753959, "spark.reducer.maxBlocksInFlightPerAddress": 1671830381.9190254, "spark.reducer.maxSizeInFlight": 45.67283650118624, "spark.shuffle.file.buffer": 21.978884911188594}, "datetime": {"datetime": "2022-01-05 16:35:28", "elapsed": 23.249044, "delta": 0.491013}}
{"target": -2801.524430000002, "params": {"spark.default.parallelism": 440.4798064279216, "spark.executor.cores": 1.060820036564054, "spark.executor.instances": 6.024880045550704, "spark.executor.memory": 4.136101434821089, "spark.executor.memoryOverhead": 523.3818128272217, "spark.memory.fraction": 0.6567895562901986, "spark.memory.storageFraction": 0.7141829444054681, "spark.reducer.maxBlocksInFlightPerAddress": 1903621162.8674285, "spark.reducer.maxSizeInFlight": 70.15959621586816, "spark.shuffle.file.buffer": 20.81234040994652}, "datetime": {"datetime": "2022-01-05 16:35:29", "elapsed": 23.730672, "delta": 0.481628}}
{"target": -2801.359760000001, "params": {"spark.default.parallelism": 307.70940507709474, "spark.executor.cores": 2.8088219965035903, "spark.executor.instances": 7.476841222062168, "spark.executor.memory": 5.056143114150341, "spark.executor.memoryOverhead": 409.5116067857644, "spark.memory.fraction": 0.8201351627641209, "spark.memory.storageFraction": 0.5724756751677662, "spark.reducer.maxBlocksInFlightPerAddress": 1791797277.2926416, "spark.reducer.maxSizeInFlight": 64.09784230877601, "spark.shuffle.file.buffer": 46.87348981666034}, "datetime": {"datetime": "2022-01-05 16:35:29", "elapsed": 24.19144, "delta": 0.460768}}
{"target": -2805.1378000000013, "params": {"spark.default.parallelism": 215.42418349154485, "spark.executor.cores": 2.0205449305235996, "spark.executor.instances": 4.331761555287327, "spark.executor.memory": 4.772489132086619, "spark.executor.memoryOverhead": 500.4469651858818, "spark.memory.fraction": 0.7238882790516401, "spark.memory.storageFraction": 0.6755871165767616, "spark.reducer.maxBlocksInFlightPerAddress": 1973044047.1577547, "spark.reducer.maxSizeInFlight": 40.15414821743534, "spark.shuffle.file.buffer": 23.367412701477623}, "datetime": {"datetime": "2022-01-05 16:35:30", "elapsed": 24.659356, "delta": 0.467916}}
{"target": -2798.7791800000014, "params": {"spark.default.parallelism": 238.27591734886985, "spark.executor.cores": 2.221192898177988, "spark.executor.instances": 7.914281793198255, "spark.executor.memory": 6.545468249221477, "spark.executor.memoryOverhead": 819.2712016695613, "spark.memory.fraction": 0.6032107438382778, "spark.memory.storageFraction": 0.8296050947645364, "spark.reducer.maxBlocksInFlightPerAddress": 1672343613.657075, "spark.reducer.maxSizeInFlight": 58.28764526839986, "spark.shuffle.file.buffer": 32.41487816158302}, "datetime": {"datetime": "2022-01-05 16:35:30", "elapsed": 25.1191, "delta": 0.459744}}
{"target": -2801.2733100000005, "params": {"spark.default.parallelism": 285.4382328786925, "spark.executor.cores": 2.8963903569951115, "spark.executor.instances": 7.124471601886426, "spark.executor.memory": 5.928525710930664, "spark.executor.memoryOverhead": 831.019330362245, "spark.memory.fraction": 0.687457624510953, "spark.memory.storageFraction": 0.8164728889963131, "spark.reducer.maxBlocksInFlightPerAddress": 1271008009.803577, "spark.reducer.maxSizeInFlight": 66.5657496844889, "spark.shuffle.file.buffer": 17.548965749447902}, "datetime": {"datetime": "2022-01-05 16:35:31", "elapsed": 25.580373, "delta": 0.461273}}
{"target": -2812.1904700000014, "params": {"spark.default.parallelism": 458.7125640747673, "spark.executor.cores": 2.5956090093563375, "spark.executor.instances": 4.6940421474090925, "spark.executor.memory": 6.96883971553462, "spark.executor.memoryOverhead": 398.99323490537176, "spark.memory.fraction": 0.6570593853118633, "spark.memory.storageFraction": 0.8017605261311176, "spark.reducer.maxBlocksInFlightPerAddress": 2119286846.2159996, "spark.reducer.maxSizeInFlight": 30.822078822433895, "spark.shuffle.file.buffer": 45.56929755690336}, "datetime": {"datetime": "2022-01-05 16:35:31", "elapsed": 26.050649, "delta": 0.470276}}
{"target": -2800.8678300000015, "params": {"spark.default.parallelism": 259.78916624445, "spark.executor.cores": 2.4011668815934635, "spark.executor.instances": 5.0932413286779035, "spark.executor.memory": 4.7456777376301105, "spark.executor.memoryOverhead": 789.0614440751588, "spark.memory.fraction": 0.8132251949606062, "spark.memory.storageFraction": 0.8416640599313017, "spark.reducer.maxBlocksInFlightPerAddress": 1588121972.5158095, "spark.reducer.maxSizeInFlight": 68.47174751998703, "spark.shuffle.file.buffer": 17.009750017838897}, "datetime": {"datetime": "2022-01-05 16:35:32", "elapsed": 26.514024, "delta": 0.463375}}
{"target": -2797.899460000002, "params": {"spark.default.parallelism": 445.44857119041524, "spark.executor.cores": 1.6609719062946924, "spark.executor.instances": 7.84598882852935, "spark.executor.memory": 6.443434050366636, "spark.executor.memoryOverhead": 810.6466589450351, "spark.memory.fraction": 0.7014978105193327, "spark.memory.storageFraction": 0.5637984078673891, "spark.reducer.maxBlocksInFlightPerAddress": 1843196128.453496, "spark.reducer.maxSizeInFlight": 45.42091057127061, "spark.shuffle.file.buffer": 38.85016051119463}, "datetime": {"datetime": "2022-01-05 16:35:32", "elapsed": 26.995089, "delta": 0.481065}}
{"target": -2797.255210000001, "params": {"spark.default.parallelism": 301.0789989667118, "spark.executor.cores": 1.3533894303896024, "spark.executor.instances": 5.118909387368019, "spark.executor.memory": 3.0771284360178472, "spark.executor.memoryOverhead": 779.1393321774708, "spark.memory.fraction": 0.5422121262757686, "spark.memory.storageFraction": 0.5473798928519589, "spark.reducer.maxBlocksInFlightPerAddress": 1502159039.679441, "spark.reducer.maxSizeInFlight": 53.868572858171305, "spark.shuffle.file.buffer": 45.25455531195647}, "datetime": {"datetime": "2022-01-05 16:35:33", "elapsed": 27.463931, "delta": 0.468842}}
{"target": -2803.508030000002, "params": {"spark.default.parallelism": 433.97686358464273, "spark.executor.cores": 2.961263344057308, "spark.executor.instances": 5.948105069906859, "spark.executor.memory": 4.959542431706172, "spark.executor.memoryOverhead": 470.34695351397386, "spark.memory.fraction": 0.7435764552762111, "spark.memory.storageFraction": 0.5971528162639248, "spark.reducer.maxBlocksInFlightPerAddress": 1843396910.967072, "spark.reducer.maxSizeInFlight": 46.75518514742699, "spark.shuffle.file.buffer": 23.436421023308654}, "datetime": {"datetime": "2022-01-05 16:35:33", "elapsed": 27.938178, "delta": 0.474247}}
"{'maxIndex': 14, 'target': -2793.110060000001, 'params': {'spark.default.parallelism': 447.09611584765196, 'spark.executor.cores': 2.041667791130445, 'spark.executor.instances': 4.952811204053295, 'spark.executor.memory': 3.4020766469994106, 'spark.executor.memoryOverhead': 520.2045109326264, 'spark.memory.fraction': 0.7856190160221419, 'spark.memory.storageFraction': 0.5123602034661638, 'spark.reducer.maxBlocksInFlightPerAddress': 1690260394.49756, 'spark.reducer.maxSizeInFlight': 46.27997558732298, 'spark.shuffle.file.buffer': 41.33302259535108}}"