{"target": -2810.852080000001, "params": {"spark.default.parallelism": 349.1750280081594, "spark.executor.cores": 2.0380319681473575, "spark.executor.instances": 4.69888060043569, "spark.executor.memory": 5.282863406185026, "spark.executor.memoryOverhead": 875.3994386276474, "spark.memory.fraction": 0.8267340435166488, "spark.memory.storageFraction": 0.7377490495323911, "spark.reducer.maxBlocksInFlightPerAddress": 2121702105.4336865, "spark.reducer.maxSizeInFlight": 67.27500406412742, "spark.shuffle.file.buffer": 35.05945387528466}, "datetime": {"datetime": "2022-01-05 16:43:10", "elapsed": 2.840832, "delta": 0.425167}}
{"target": -2799.4428500000013, "params": {"spark.default.parallelism": 244.02544422928824, "spark.executor.cores": 2.4586378387222467, "spark.executor.instances": 4.754980267508744, "spark.executor.memory": 5.575582577246651, "spark.executor.memoryOverhead": 755.8728336341153, "spark.memory.fraction": 0.5842929568333283, "spark.memory.storageFraction": 0.740381699243056, "spark.reducer.maxBlocksInFlightPerAddress": 1877897542.6818209, "spark.reducer.maxSizeInFlight": 54.634498109776004, "spark.shuffle.file.buffer": 35.10807369429277}, "datetime": {"datetime": "2022-01-05 16:43:11", "elapsed": 3.253385, "delta": 0.412553}}
{"target": -2803.8255900000013, "params": {"spark.default.parallelism": 349.41668744840223, "spark.executor.cores": 2.6857996803857, "spark.executor.instances": 4.271227737363815, "spark.executor.memory": 5.293089086198739, "spark.executor.memoryOverhead": 848.781949688444, "spark.memory.fraction": 0.7071440192689288, "spark.memory.storageFraction": 0.5777863238111538, "spark.reducer.maxBlocksInFlightPerAddress": 1984209812.88371, "spark.reducer.maxSizeInFlight": 36.078678833080936, "spark.shuffle.file.buffer": 38.42323316744121}, "datetime": {"datetime": "2022-01-05 16:43:11", "elapsed": 3.682343, "delta": 0.428958}}
{"target": -2797.027580000002, "params": {"spark.default.parallelism": 384.0766083508507, "spark.executor.cores": 2.296625512326249, "spark.executor.instances": 4.679762856869031, "spark.executor.memory": 3.59778719575545, "spark.executor.memoryOverhead": 637.4882964582603, "spark.memory.fraction": 0.8501330905418156, "spark.memory.storageFraction": 0.5735813766188889, "spark.reducer.maxBlocksInFlightPerAddress": 1570711542.5403595, "spark.reducer.maxSizeInFlight": 44.58875203343534, "spark.shuffle.file.buffer": 31.913253949424522}, "datetime": {"datetime": "2022-01-05 16:43:12", "elapsed": 4.098184, "delta": 0.415841}}
{"target": -2795.2315000000012, "params": {"spark.default.parallelism": 489.77991950591667, "spark.executor.cores": 1.2187658283871692, "spark.executor.instances": 6.692164216866487, "spark.executor.memory": 4.9997294843968, "spark.executor.memoryOverhead": 767.1094270329611, "spark.memory.fraction": 0.5574427991496838, "spark.memory.storageFraction": 0.5332810545743503, "spark.reducer.maxBlocksInFlightPerAddress": 1502399536.48588, "spark.reducer.maxSizeInFlight": 62.254188095035204, "spark.shuffle.file.buffer": 22.133623645116483}, "datetime": {"datetime": "2022-01-05 16:43:12", "elapsed": 4.52605, "delta": 0.427866}}
{"target": -2798.7965400000016, "params": {"spark.default.parallelism": 212.98728145584758, "spark.executor.cores": 1.9728814863407895, "spark.executor.instances": 4.957644176551024, "spark.executor.memory": 6.809895126773037, "spark.executor.memoryOverhead": 849.3390654974114, "spark.memory.fraction": 0.7455736009538804, "spark.memory.storageFraction": 0.8893949589300785, "spark.reducer.maxBlocksInFlightPerAddress": 1444033871.2289782, "spark.reducer.maxSizeInFlight": 67.09683444804872, "spark.shuffle.file.buffer": 29.907039149072304}, "datetime": {"datetime": "2022-01-05 16:43:12", "elapsed": 4.967126, "delta": 0.441076}}
{"target": -2813.1759300000012, "params": {"spark.default.parallelism": 411.29401951517286, "spark.executor.cores": 2.3632906752052456, "spark.executor.instances": 6.7885941150110245, "spark.executor.memory": 5.474402970246146, "spark.executor.memoryOverhead": 458.43350150686535, "spark.memory.fraction": 0.8043209825223024, "spark.memory.storageFraction": 0.8124183288775828, "spark.reducer.maxBlocksInFlightPerAddress": 2044515012.178935, "spark.reducer.maxSizeInFlight": 35.22089724499708, "spark.shuffle.file.buffer": 21.653724578314925}, "datetime": {"datetime": "2022-01-05 16:43:13", "elapsed": 5.400102, "delta": 0.432976}}
{"target": -2798.096950000001, "params": {"spark.default.parallelism": 282.6809308282576, "spark.executor.cores": 2.8494816270767434, "spark.executor.instances": 5.547956937025169, "spark.executor.memory": 4.971523493725281, "spark.executor.memoryOverhead": 509.4379844410101, "spark.memory.fraction": 0.8539866075352254, "spark.memory.storageFraction": 0.6533053827221147, "spark.reducer.maxBlocksInFlightPerAddress": 1393260240.5974011, "spark.reducer.maxSizeInFlight": 58.444558185348214, "spark.shuffle.file.buffer": 22.107838181513838}, "datetime": {"datetime": "2022-01-05 16:43:13", "elapsed": 5.8521, "delta": 0.451998}}
{"target": -2799.51489, "params": {"spark.default.parallelism": 360.44966975594343, "spark.executor.cores": 2.535925756562623, "spark.executor.instances": 4.2123703818101, "spark.executor.memory": 5.196213775402079, "spark.executor.memoryOverhead": 778.8903160085895, "spark.memory.fraction": 0.7598332219513916, "spark.memory.storageFraction": 0.8725788059971643, "spark.reducer.maxBlocksInFlightPerAddress": 1153984101.0803053, "spark.reducer.maxSizeInFlight": 37.286710204828154, "spark.shuffle.file.buffer": 45.41560013619752}, "datetime": {"datetime": "2022-01-05 16:43:14", "elapsed": 6.27434, "delta": 0.42224}}
{"target": -2797.160070000001, "params": {"spark.default.parallelism": 220.64101443380127, "spark.executor.cores": 2.3992230350015165, "spark.executor.instances": 6.8918928617558155, "spark.executor.memory": 6.418235952772491, "spark.executor.memoryOverhead": 650.858847045401, "spark.memory.fraction": 0.5138646167188976, "spark.memory.storageFraction": 0.8756391776158247, "spark.reducer.maxBlocksInFlightPerAddress": 1502273172.4122102, "spark.reducer.maxSizeInFlight": 66.64963836071773, "spark.shuffle.file.buffer": 42.608780743499864}, "datetime": {"datetime": "2022-01-05 16:43:14", "elapsed": 6.735426, "delta": 0.461086}}
{"target": -2796.3445000000006, "params": {"spark.default.parallelism": 253.54844989324647, "spark.executor.cores": 2.939741140689428, "spark.executor.instances": 6.967758101824307, "spark.executor.memory": 4.039166773217659, "spark.executor.memoryOverhead": 670.5490237495476, "spark.memory.fraction": 0.8821049014152748, "spark.memory.storageFraction": 0.5323015631248316, "spark.reducer.maxBlocksInFlightPerAddress": 1163435994.8568676, "spark.reducer.maxSizeInFlight": 53.71847190815555, "spark.shuffle.file.buffer": 23.183791322750647}, "datetime": {"datetime": "2022-01-05 16:43:15", "elapsed": 7.181554, "delta": 0.446128}}
{"target": -2798.572950000001, "params": {"spark.default.parallelism": 263.5164004545459, "spark.executor.cores": 2.6603130523245984, "spark.executor.instances": 4.960380616644841, "spark.executor.memory": 5.52648298100064, "spark.executor.memoryOverhead": 734.394607960496, "spark.memory.fraction": 0.7969533718828408, "spark.memory.storageFraction": 0.6561058818398324, "spark.reducer.maxBlocksInFlightPerAddress": 1889598130.3914661, "spark.reducer.maxSizeInFlight": 67.34092330184208, "spark.shuffle.file.buffer": 34.79744061560246}, "datetime": {"datetime": "2022-01-05 16:43:15", "elapsed": 7.616402, "delta": 0.434848}}
{"target": -2797.082490000001, "params": {"spark.default.parallelism": 454.2880127718163, "spark.executor.cores": 2.3180713193317666, "spark.executor.instances": 5.515324674646927, "spark.executor.memory": 4.66626691605899, "spark.executor.memoryOverhead": 621.7018836236315, "spark.memory.fraction": 0.8741135080027203, "spark.memory.storageFraction": 0.845437181967241, "spark.reducer.maxBlocksInFlightPerAddress": 1586908648.5908895, "spark.reducer.maxSizeInFlight": 50.61688791735202, "spark.shuffle.file.buffer": 44.01292359293829}, "datetime": {"datetime": "2022-01-05 16:43:15", "elapsed": 8.071186, "delta": 0.454784}}
{"target": -2799.681410000001, "params": {"spark.default.parallelism": 431.83210998135996, "spark.executor.cores": 2.6997026546310137, "spark.executor.instances": 6.997427024487102, "spark.executor.memory": 6.796088854758867, "spark.executor.memoryOverhead": 875.3481368437147, "spark.memory.fraction": 0.6713211115684227, "spark.memory.storageFraction": 0.8551756934752914, "spark.reducer.maxBlocksInFlightPerAddress": 1296050521.9908638, "spark.reducer.maxSizeInFlight": 40.53781327088441, "spark.shuffle.file.buffer": 20.736243200861043}, "datetime": {"datetime": "2022-01-05 16:43:16", "elapsed": 8.521018, "delta": 0.449832}}
{"target": -3487.8501500000007, "params": {"spark.default.parallelism": 213.83627516383513, "spark.executor.cores": 2.1238995517854646, "spark.executor.instances": 5.892158185252669, "spark.executor.memory": 6.990576253674913, "spark.executor.memoryOverhead": 836.7315230571123, "spark.memory.fraction": 0.8420974194886236, "spark.memory.storageFraction": 0.890874204153379, "spark.reducer.maxBlocksInFlightPerAddress": 1296548184.3334472, "spark.reducer.maxSizeInFlight": 45.897529263779084, "spark.shuffle.file.buffer": 36.762893038664274}, "datetime": {"datetime": "2022-01-05 16:43:16", "elapsed": 8.979311, "delta": 0.458293}}
{"target": -2799.110220000001, "params": {"spark.default.parallelism": 446.6726119448777, "spark.executor.cores": 1.3116561754113563, "spark.executor.instances": 6.947849745833254, "spark.executor.memory": 4.609159653450938, "spark.executor.memoryOverhead": 487.4951722773664, "spark.memory.fraction": 0.6581868132419979, "spark.memory.storageFraction": 0.6247806944222536, "spark.reducer.maxBlocksInFlightPerAddress": 1743260515.866912, "spark.reducer.maxSizeInFlight": 32.06100453296564, "spark.shuffle.file.buffer": 18.441012326307153}, "datetime": {"datetime": "2022-01-05 16:43:17", "elapsed": 9.420095, "delta": 0.440784}}
{"target": -2799.0227200000018, "params": {"spark.default.parallelism": 358.0147581075847, "spark.executor.cores": 1.058544242806225, "spark.executor.instances": 6.2203470660886975, "spark.executor.memory": 4.171991534513429, "spark.executor.memoryOverhead": 668.7029057396788, "spark.memory.fraction": 0.7931079413045468, "spark.memory.storageFraction": 0.6761351307185751, "spark.reducer.maxBlocksInFlightPerAddress": 1785801039.5993266, "spark.reducer.maxSizeInFlight": 35.46767783377018, "spark.shuffle.file.buffer": 47.95517083476736}, "datetime": {"datetime": "2022-01-05 16:43:17", "elapsed": 9.854698, "delta": 0.434603}}
{"target": -2794.675870000002, "params": {"spark.default.parallelism": 398.8877687676007, "spark.executor.cores": 2.7033127444331093, "spark.executor.instances": 5.963336272016221, "spark.executor.memory": 5.4558608107867155, "spark.executor.memoryOverhead": 835.1251188164317, "spark.memory.fraction": 0.5421094679769864, "spark.memory.storageFraction": 0.5009434671496735, "spark.reducer.maxBlocksInFlightPerAddress": 1586971118.179803, "spark.reducer.maxSizeInFlight": 52.216101015240206, "spark.shuffle.file.buffer": 28.44902964110305}, "datetime": {"datetime": "2022-01-05 16:43:18", "elapsed": 10.299519, "delta": 0.444821}}
{"target": -2799.123030000001, "params": {"spark.default.parallelism": 352.03820914603034, "spark.executor.cores": 2.2723858785186732, "spark.executor.instances": 6.67159026818117, "spark.executor.memory": 3.2224121160581056, "spark.executor.memoryOverhead": 859.98095503587, "spark.memory.fraction": 0.7211510921763703, "spark.memory.storageFraction": 0.8226124245069267, "spark.reducer.maxBlocksInFlightPerAddress": 1393242632.130779, "spark.reducer.maxSizeInFlight": 39.07664732765866, "spark.shuffle.file.buffer": 35.5411552294313}, "datetime": {"datetime": "2022-01-05 16:43:18", "elapsed": 10.759797, "delta": 0.460278}}
{"target": -2800.03504, "params": {"spark.default.parallelism": 308.92199708134945, "spark.executor.cores": 1.4562832685858444, "spark.executor.instances": 7.390010409081608, "spark.executor.memory": 4.365896320085195, "spark.executor.memoryOverhead": 495.8071350884686, "spark.memory.fraction": 0.6632725611409129, "spark.memory.storageFraction": 0.7732256190488989, "spark.reducer.maxBlocksInFlightPerAddress": 1144202907.8593664, "spark.reducer.maxSizeInFlight": 32.67500225294351, "spark.shuffle.file.buffer": 38.217822045559316}, "datetime": {"datetime": "2022-01-05 16:43:19", "elapsed": 11.219567, "delta": 0.45977}}
{"target": -2797.359370000001, "params": {"spark.default.parallelism": 208.03638232508297, "spark.executor.cores": 2.71426080907273, "spark.executor.instances": 7.354895777472792, "spark.executor.memory": 5.3179637819683405, "spark.executor.memoryOverhead": 521.8614266400431, "spark.memory.fraction": 0.5356086450417576, "spark.memory.storageFraction": 0.6592430996469985, "spark.reducer.maxBlocksInFlightPerAddress": 1240571360.1323109, "spark.reducer.maxSizeInFlight": 61.70317289770306, "spark.shuffle.file.buffer": 35.241804020044086}, "datetime": {"datetime": "2022-01-05 16:43:19", "elapsed": 11.684194, "delta": 0.464627}}
{"target": -2799.412660000002, "params": {"spark.default.parallelism": 499.9509203728539, "spark.executor.cores": 1.449510873545457, "spark.executor.instances": 4.8267106346358535, "spark.executor.memory": 3.641992132521678, "spark.executor.memoryOverhead": 726.0373185822476, "spark.memory.fraction": 0.5607473938694574, "spark.memory.storageFraction": 0.5478783200389955, "spark.reducer.maxBlocksInFlightPerAddress": 1570472812.0910673, "spark.reducer.maxSizeInFlight": 48.275914672566756, "spark.shuffle.file.buffer": 19.747357015798706}, "datetime": {"datetime": "2022-01-05 16:43:20", "elapsed": 12.160919, "delta": 0.476725}}
{"target": -2796.6130000000016, "params": {"spark.default.parallelism": 469.2291348267396, "spark.executor.cores": 2.199425447296209, "spark.executor.instances": 5.619759805542639, "spark.executor.memory": 6.152677348344541, "spark.executor.memoryOverhead": 849.4391289146001, "spark.memory.fraction": 0.7792524643373783, "spark.memory.storageFraction": 0.5685953967965318, "spark.reducer.maxBlocksInFlightPerAddress": 1643506499.9746375, "spark.reducer.maxSizeInFlight": 35.50924015367156, "spark.shuffle.file.buffer": 30.31073990961078}, "datetime": {"datetime": "2022-01-05 16:43:20", "elapsed": 12.616701, "delta": 0.455782}}
{"target": -2796.7643500000013, "params": {"spark.default.parallelism": 297.5940094756906, "spark.executor.cores": 1.0865389347991163, "spark.executor.instances": 5.249551821322992, "spark.executor.memory": 5.284511077445796, "spark.executor.memoryOverhead": 818.0934181964103, "spark.memory.fraction": 0.717549847288487, "spark.memory.storageFraction": 0.6327507015633498, "spark.reducer.maxBlocksInFlightPerAddress": 1336638233.4900289, "spark.reducer.maxSizeInFlight": 42.847778343262746, "spark.shuffle.file.buffer": 43.759792395751376}, "datetime": {"datetime": "2022-01-05 16:43:21", "elapsed": 13.088071, "delta": 0.47137}}
{"target": -2797.3060000000005, "params": {"spark.default.parallelism": 284.7312419705135, "spark.executor.cores": 2.9864735689310913, "spark.executor.instances": 5.023004107807599, "spark.executor.memory": 6.682702391036489, "spark.executor.memoryOverhead": 595.1692603835431, "spark.memory.fraction": 0.8741708049365635, "spark.memory.storageFraction": 0.8355379336792732, "spark.reducer.maxBlocksInFlightPerAddress": 1241006452.7442427, "spark.reducer.maxSizeInFlight": 51.56560100884239, "spark.shuffle.file.buffer": 37.55209646994196}, "datetime": {"datetime": "2022-01-05 16:43:21", "elapsed": 13.561208, "delta": 0.473137}}
{"target": -2799.5599200000015, "params": {"spark.default.parallelism": 348.6042482517481, "spark.executor.cores": 1.7469583030593097, "spark.executor.instances": 6.786999975330993, "spark.executor.memory": 5.116553960720409, "spark.executor.memoryOverhead": 554.0355833680992, "spark.memory.fraction": 0.5853434920727296, "spark.memory.storageFraction": 0.7951485240287444, "spark.reducer.maxBlocksInFlightPerAddress": 1436788792.5990543, "spark.reducer.maxSizeInFlight": 43.764286636554786, "spark.shuffle.file.buffer": 29.15649976912919}, "datetime": {"datetime": "2022-01-05 16:43:21", "elapsed": 14.027227, "delta": 0.466019}}
{"target": -2809.5754700000007, "params": {"spark.default.parallelism": 469.8592747658213, "spark.executor.cores": 2.76136723581403, "spark.executor.instances": 5.772445601307133, "spark.executor.memory": 3.818940345969028, "spark.executor.memoryOverhead": 695.6708410188701, "spark.memory.fraction": 0.7547343901386201, "spark.memory.storageFraction": 0.7769670013514411, "spark.reducer.maxBlocksInFlightPerAddress": 2048133754.935586, "spark.reducer.maxSizeInFlight": 61.56388694614073, "spark.shuffle.file.buffer": 36.009309947387095}, "datetime": {"datetime": "2022-01-05 16:43:22", "elapsed": 14.502086, "delta": 0.474859}}
{"target": -2802.573150000002, "params": {"spark.default.parallelism": 458.6793346758009, "spark.executor.cores": 1.0258811778543948, "spark.executor.instances": 4.0377393245828666, "spark.executor.memory": 5.66182779231883, "spark.executor.memoryOverhead": 430.67304494338833, "spark.memory.fraction": 0.800103999723619, "spark.memory.storageFraction": 0.7474193885769704, "spark.reducer.maxBlocksInFlightPerAddress": 1436537079.2270951, "spark.reducer.maxSizeInFlight": 71.20663415798585, "spark.shuffle.file.buffer": 25.004901330824662}, "datetime": {"datetime": "2022-01-05 16:43:22", "elapsed": 14.962364, "delta": 0.460278}}
{"target": -2801.494430000002, "params": {"spark.default.parallelism": 404.22222266124425, "spark.executor.cores": 2.2951598067279155, "spark.executor.instances": 5.298164395501466, "spark.executor.memory": 4.373517713931225, "spark.executor.memoryOverhead": 441.9849139867398, "spark.memory.fraction": 0.8612800936838501, "spark.memory.storageFraction": 0.7577770773427961, "spark.reducer.maxBlocksInFlightPerAddress": 1601566770.1628892, "spark.reducer.maxSizeInFlight": 60.69577122554523, "spark.shuffle.file.buffer": 26.17400503991754}, "datetime": {"datetime": "2022-01-05 16:43:23", "elapsed": 15.425125, "delta": 0.462761}}
{"target": -2797.123620000001, "params": {"spark.default.parallelism": 287.89684219723983, "spark.executor.cores": 1.8534890996108528, "spark.executor.instances": 6.968515435122142, "spark.executor.memory": 6.603363808321574, "spark.executor.memoryOverhead": 542.2247288679265, "spark.memory.fraction": 0.5834411011254873, "spark.memory.storageFraction": 0.5836941040483471, "spark.reducer.maxBlocksInFlightPerAddress": 1468600635.8971963, "spark.reducer.maxSizeInFlight": 30.277496433957417, "spark.shuffle.file.buffer": 34.87875207604446}, "datetime": {"datetime": "2022-01-05 16:43:23", "elapsed": 15.889882, "delta": 0.464757}}
{"target": -2799.9538800000014, "params": {"spark.default.parallelism": 332.0885329982378, "spark.executor.cores": 2.7916423787865594, "spark.executor.instances": 6.213399299053526, "spark.executor.memory": 6.361774135606559, "spark.executor.memoryOverhead": 719.8579346664296, "spark.memory.fraction": 0.8683298167284748, "spark.memory.storageFraction": 0.7650327470533804, "spark.reducer.maxBlocksInFlightPerAddress": 1418967453.6971827, "spark.reducer.maxSizeInFlight": 67.27405239025477, "spark.shuffle.file.buffer": 26.403532605808504}, "datetime": {"datetime": "2022-01-05 16:43:24", "elapsed": 16.340037, "delta": 0.450155}}
{"target": -2798.455990000001, "params": {"spark.default.parallelism": 314.91941366527, "spark.executor.cores": 2.962033583901974, "spark.executor.instances": 4.459242271141067, "spark.executor.memory": 3.7996314522455035, "spark.executor.memoryOverhead": 501.8497590224648, "spark.memory.fraction": 0.7786616801760922, "spark.memory.storageFraction": 0.7854752365282006, "spark.reducer.maxBlocksInFlightPerAddress": 1916366019.9917634, "spark.reducer.maxSizeInFlight": 42.29012999173685, "spark.shuffle.file.buffer": 43.276905205041736}, "datetime": {"datetime": "2022-01-05 16:43:24", "elapsed": 16.779381, "delta": 0.439344}}
{"target": -2798.053570000002, "params": {"spark.default.parallelism": 431.74251272873914, "spark.executor.cores": 2.3972275748275154, "spark.executor.instances": 6.868076884599727, "spark.executor.memory": 4.254401603454225, "spark.executor.memoryOverhead": 561.0167349898509, "spark.memory.fraction": 0.851663849857416, "spark.memory.storageFraction": 0.5473044834738422, "spark.reducer.maxBlocksInFlightPerAddress": 1517612211.2727165, "spark.reducer.maxSizeInFlight": 26.56135882075934, "spark.shuffle.file.buffer": 23.366284511607194}, "datetime": {"datetime": "2022-01-05 16:43:25", "elapsed": 17.242147, "delta": 0.462766}}
{"target": -2801.3405100000004, "params": {"spark.default.parallelism": 453.99681012315943, "spark.executor.cores": 2.098204467224293, "spark.executor.instances": 4.017736086243797, "spark.executor.memory": 6.673562038240721, "spark.executor.memoryOverhead": 820.4120339349988, "spark.memory.fraction": 0.6173970302418255, "spark.memory.storageFraction": 0.8346621053241856, "spark.reducer.maxBlocksInFlightPerAddress": 1163200728.6603427, "spark.reducer.maxSizeInFlight": 63.202677687901016, "spark.shuffle.file.buffer": 17.47187981850823}, "datetime": {"datetime": "2022-01-05 16:43:25", "elapsed": 17.724903, "delta": 0.482756}}
