{"target": -2851.597430000002, "params": {"spark.default.parallelism": 375.2027345409709, "spark.executor.cores": 1.591284155927695, "spark.executor.instances": 5.009180343134542, "spark.executor.memory": 5.519014068043822, "spark.executor.memoryOverhead": 478.4783753211123, "spark.memory.fraction": 0.7770370616941242, "spark.memory.storageFraction": 0.8301915862723002, "spark.reducer.maxBlocksInFlightPerAddress": 1292889254.4217587, "spark.reducer.maxSizeInFlight": 47.33180609477393, "spark.shuffle.file.buffer": 16.056036132307568}, "datetime": {"datetime": "2022-01-07 15:40:40", "elapsed": 0.0, "delta": 0.0}}
{"target": -2802.365840000001, "params": {"spark.default.parallelism": 480.7754323656954, "spark.executor.cores": 2.9035552452834024, "spark.executor.instances": 5.727723346319168, "spark.executor.memory": 4.464588317161571, "spark.executor.memoryOverhead": 401.9084441032928, "spark.memory.fraction": 0.5065046360812686, "spark.memory.storageFraction": 0.6168746577194559, "spark.reducer.maxBlocksInFlightPerAddress": 1238190139.1566381, "spark.reducer.maxSizeInFlight": 30.25700409678064, "spark.shuffle.file.buffer": 20.97412527355594}, "datetime": {"datetime": "2022-01-07 15:40:40", "elapsed": 0.025961, "delta": 0.025961}}
{"target": -2799.6914000000006, "params": {"spark.default.parallelism": 309.93393705719154, "spark.executor.cores": 1.2927406347635846, "spark.executor.instances": 5.982478440578051, "spark.executor.memory": 3.0661345470569006, "spark.executor.memoryOverhead": 539.3379581860144, "spark.memory.fraction": 0.5363597516570361, "spark.memory.storageFraction": 0.8728214653007084, "spark.reducer.maxBlocksInFlightPerAddress": 1189484106.423132, "spark.reducer.maxSizeInFlight": 26.892317476716272, "spark.shuffle.file.buffer": 17.68662722918709}, "datetime": {"datetime": "2022-01-07 15:40:40", "elapsed": 0.05186, "delta": 0.025899}}
{"target": -2799.777920000002, "params": {"spark.default.parallelism": 425.9899784786918, "spark.executor.cores": 2.5974591303933945, "spark.executor.instances": 4.935636987552719, "spark.executor.memory": 3.215938946863405, "spark.executor.memoryOverhead": 447.72505626510076, "spark.memory.fraction": 0.8658772404279552, "spark.memory.storageFraction": 0.5474600308606885, "spark.reducer.maxBlocksInFlightPerAddress": 1356295895.9054885, "spark.reducer.maxSizeInFlight": 55.316918160580514, "spark.shuffle.file.buffer": 43.69230026146015}, "datetime": {"datetime": "2022-01-07 15:40:40", "elapsed": 0.076793, "delta": 0.024933}}
{"target": -2797.0890200000017, "params": {"spark.default.parallelism": 386.21195815813616, "spark.executor.cores": 1.6247603561982427, "spark.executor.instances": 6.251192211454695, "spark.executor.memory": 3.512022522779851, "spark.executor.memoryOverhead": 509.8516089066026, "spark.memory.fraction": 0.8214595859253406, "spark.memory.storageFraction": 0.7138906894284722, "spark.reducer.maxBlocksInFlightPerAddress": 1628830670.3765965, "spark.reducer.maxSizeInFlight": 44.86564946219194, "spark.shuffle.file.buffer": 34.09888628255811}, "datetime": {"datetime": "2022-01-07 15:40:40", "elapsed": 0.101727, "delta": 0.024934}}
{"target": -2803.5729200000005, "params": {"spark.default.parallelism": 328.25345272292645, "spark.executor.cores": 2.3993923843593645, "spark.executor.instances": 4.217764155847021, "spark.executor.memory": 4.195294362178604, "spark.executor.memoryOverhead": 427.0338611944782, "spark.memory.fraction": 0.5469221557626197, "spark.memory.storageFraction": 0.5957376900904736, "spark.reducer.maxBlocksInFlightPerAddress": 1129929179.065061, "spark.reducer.maxSizeInFlight": 36.65824816037659, "spark.shuffle.file.buffer": 47.18724264998272}, "datetime": {"datetime": "2022-01-07 15:40:40", "elapsed": 0.12666, "delta": 0.024933}}
{"target": -2801.5534400000015, "params": {"spark.default.parallelism": 458.8082730649571, "spark.executor.cores": 2.472857448126772, "spark.executor.instances": 7.75858915063589, "spark.executor.memory": 3.9728546154080737, "spark.executor.memoryOverhead": 573.7001671846683, "spark.memory.fraction": 0.6007031614633994, "spark.memory.storageFraction": 0.7652908857008633, "spark.reducer.maxBlocksInFlightPerAddress": 1732972472.537578, "spark.reducer.maxSizeInFlight": 65.55748375952027, "spark.shuffle.file.buffer": 20.43847502029647}, "datetime": {"datetime": "2022-01-07 15:40:40", "elapsed": 0.151594, "delta": 0.024934}}
{"target": -2796.6157800000015, "params": {"spark.default.parallelism": 351.4011519028337, "spark.executor.cores": 1.0077202768297662, "spark.executor.instances": 7.454687499909358, "spark.executor.memory": 5.2584873058070745, "spark.executor.memoryOverhead": 500.2170374531822, "spark.memory.fraction": 0.7424216909043719, "spark.memory.storageFraction": 0.7313253876210083, "spark.reducer.maxBlocksInFlightPerAddress": 1446601570.3379593, "spark.reducer.maxSizeInFlight": 67.40767164182199, "spark.shuffle.file.buffer": 41.7641773093105}, "datetime": {"datetime": "2022-01-07 15:40:40", "elapsed": 0.176592, "delta": 0.024998}}
{"target": -2797.6643900000013, "params": {"spark.default.parallelism": 229.1409407048742, "spark.executor.cores": 2.6713102562378914, "spark.executor.instances": 5.430332941139557, "spark.executor.memory": 6.6562152875015155, "spark.executor.memoryOverhead": 626.5989350402133, "spark.memory.fraction": 0.7198830183519332, "spark.memory.storageFraction": 0.8558905327892257, "spark.reducer.maxBlocksInFlightPerAddress": 1511337640.981742, "spark.reducer.maxSizeInFlight": 64.68161204138706, "spark.shuffle.file.buffer": 44.96438852354768}, "datetime": {"datetime": "2022-01-07 15:40:40", "elapsed": 0.201684, "delta": 0.025092}}
{"target": -2800.8693600000006, "params": {"spark.default.parallelism": 410.36330690975035, "spark.executor.cores": 1.4400765197088172, "spark.executor.instances": 5.318641289011693, "spark.executor.memory": 6.235369847246416, "spark.executor.memoryOverhead": 678.5179383243467, "spark.memory.fraction": 0.8456824748582776, "spark.memory.storageFraction": 0.6391093866818374, "spark.reducer.maxBlocksInFlightPerAddress": 1115859278.9542696, "spark.reducer.maxSizeInFlight": 51.78060219312824, "spark.shuffle.file.buffer": 24.81286610398687}, "datetime": {"datetime": "2022-01-07 15:40:40", "elapsed": 0.226659, "delta": 0.024975}}
{"target": -2802.1959900000015, "params": {"spark.default.parallelism": 335.2770241411289, "spark.executor.cores": 2.083921019237664, "spark.executor.instances": 7.0849845703274354, "spark.executor.memory": 4.891701873407076, "spark.executor.memoryOverhead": 731.3397330726665, "spark.memory.fraction": 0.5810582119427506, "spark.memory.storageFraction": 0.7853572188623315, "spark.reducer.maxBlocksInFlightPerAddress": 1807806499.9356675, "spark.reducer.maxSizeInFlight": 71.86542835219507, "spark.shuffle.file.buffer": 23.104504975683824}, "datetime": {"datetime": "2022-01-07 15:40:40", "elapsed": 0.251678, "delta": 0.025019}}
{"target": -2800.4922000000015, "params": {"spark.default.parallelism": 233.49888464638684, "spark.executor.cores": 2.8571489478789713, "spark.executor.instances": 6.034547357090753, "spark.executor.memory": 4.608717408235631, "spark.executor.memoryOverhead": 703.3717549570842, "spark.memory.fraction": 0.69503357975387, "spark.memory.storageFraction": 0.5197194850654303, "spark.reducer.maxBlocksInFlightPerAddress": 1941660409.9018703, "spark.reducer.maxSizeInFlight": 42.21838696379002, "spark.shuffle.file.buffer": 31.086907843035725}, "datetime": {"datetime": "2022-01-07 15:40:40", "elapsed": 0.277144, "delta": 0.025466}}
{"target": -2797.7557300000017, "params": {"spark.default.parallelism": 253.52634450366318, "spark.executor.cores": 1.7845764212043305, "spark.executor.instances": 7.22654144027809, "spark.executor.memory": 3.7000335290585014, "spark.executor.memoryOverhead": 587.0837113797835, "spark.memory.fraction": 0.7967137093095482, "spark.memory.storageFraction": 0.7534239450358651, "spark.reducer.maxBlocksInFlightPerAddress": 1699464491.550692, "spark.reducer.maxSizeInFlight": 48.84263982468113, "spark.shuffle.file.buffer": 39.77174737056414}, "datetime": {"datetime": "2022-01-07 15:40:40", "elapsed": 0.302663, "delta": 0.025519}}
{"target": -2799.9623000000015, "params": {"spark.default.parallelism": 261.05269043143954, "spark.executor.cores": 1.3321550648690494, "spark.executor.instances": 6.769791316712828, "spark.executor.memory": 5.621805218432229, "spark.executor.memoryOverhead": 862.3441388594756, "spark.memory.fraction": 0.7304395671124404, "spark.memory.storageFraction": 0.5655697903859415, "spark.reducer.maxBlocksInFlightPerAddress": 1859802038.833106, "spark.reducer.maxSizeInFlight": 58.50955530079873, "spark.shuffle.file.buffer": 27.0239727485997}, "datetime": {"datetime": "2022-01-07 15:40:40", "elapsed": 0.328639, "delta": 0.025976}}
{"target": -2807.012260000001, "params": {"spark.default.parallelism": 288.71226645758765, "spark.executor.cores": 1.9555069645296492, "spark.executor.instances": 4.524878919579166, "spark.executor.memory": 5.993382970877626, "spark.executor.memoryOverhead": 706.6687369714488, "spark.memory.fraction": 0.6309197800312739, "spark.memory.storageFraction": 0.6510205525705051, "spark.reducer.maxBlocksInFlightPerAddress": 2122398134.5420134, "spark.reducer.maxSizeInFlight": 24.13717494734251, "spark.shuffle.file.buffer": 38.353804783739974}, "datetime": {"datetime": "2022-01-07 15:40:40", "elapsed": 0.353634, "delta": 0.024995}}
{"target": -2808.8696700000005, "params": {"spark.default.parallelism": 299.12594733363807, "spark.executor.cores": 1.8831020096609414, "spark.executor.instances": 4.789180762980716, "spark.executor.memory": 6.881068113224096, "spark.executor.memoryOverhead": 829.8408852556049, "spark.memory.fraction": 0.6709529459499023, "spark.memory.storageFraction": 0.665080600968794, "spark.reducer.maxBlocksInFlightPerAddress": 2014316164.932189, "spark.reducer.maxSizeInFlight": 54.96014900582804, "spark.shuffle.file.buffer": 27.89713274157542}, "datetime": {"datetime": "2022-01-07 15:40:40", "elapsed": 0.378629, "delta": 0.024995}}
{"target": -2809.9829200000013, "params": {"spark.default.parallelism": 212.14903557388777, "spark.executor.cores": 2.756728703485081, "spark.executor.instances": 6.532188208940954, "spark.executor.memory": 6.083143702293967, "spark.executor.memoryOverhead": 807.9844311118543, "spark.memory.fraction": 0.8146604141495699, "spark.memory.storageFraction": 0.8187025770643601, "spark.reducer.maxBlocksInFlightPerAddress": 2056560990.284049, "spark.reducer.maxSizeInFlight": 60.419984884331285, "spark.shuffle.file.buffer": 35.677490915016065}, "datetime": {"datetime": "2022-01-07 15:40:40", "elapsed": 0.403731, "delta": 0.025102}}
{"target": -2794.0401100000017, "params": {"spark.default.parallelism": 396.8562136582792, "spark.executor.cores": 1.1356656851961255, "spark.executor.instances": 4.036727524513095, "spark.executor.memory": 5.067069711977557, "spark.executor.memoryOverhead": 654.1725038520854, "spark.memory.fraction": 0.5789161415823285, "spark.memory.storageFraction": 0.527701131804308, "spark.reducer.maxBlocksInFlightPerAddress": 1596306683.2450888, "spark.reducer.maxSizeInFlight": 35.40776897912437, "spark.shuffle.file.buffer": 33.34250343316644}, "datetime": {"datetime": "2022-01-07 15:40:40", "elapsed": 0.42885, "delta": 0.025119}}
{"target": -2797.5300300000013, "params": {"spark.default.parallelism": 451.3406561140162, "spark.executor.cores": 2.296102989711568, "spark.executor.instances": 7.8432327778853885, "spark.executor.memory": 6.476643132013811, "spark.executor.memoryOverhead": 761.3902624076006, "spark.memory.fraction": 0.8917288516612345, "spark.memory.storageFraction": 0.6993345739177541, "spark.reducer.maxBlocksInFlightPerAddress": 1503002079.6804729, "spark.reducer.maxSizeInFlight": 31.53202724866103, "spark.shuffle.file.buffer": 29.142144247435894}, "datetime": {"datetime": "2022-01-07 15:40:40", "elapsed": 0.453937, "delta": 0.025087}}
{"target": -4334.735709999999, "params": {"spark.default.parallelism": 492.47387675979627, "spark.executor.cores": 2.154425970865447, "spark.executor.instances": 6.805201935646172, "spark.executor.memory": 4.338592920788717, "spark.executor.memoryOverhead": 782.7968820927431, "spark.memory.fraction": 0.640526958477168, "spark.memory.storageFraction": 0.8989357540657441, "spark.reducer.maxBlocksInFlightPerAddress": 1918610749.32519, "spark.reducer.maxSizeInFlight": 40.47246936230849, "spark.shuffle.file.buffer": 40.09839928498736}, "datetime": {"datetime": "2022-01-07 15:40:40", "elapsed": 0.479013, "delta": 0.025076}}
{"target": -2807.7430000000018, "params": {"spark.default.parallelism": 271.10809407290833, "spark.executor.cores": 2.806759041124508, "spark.executor.instances": 6.294717946689143, "spark.executor.memory": 3.011481308124636, "spark.executor.memoryOverhead": 688.2524424150168, "spark.memory.fraction": 0.6306579607088385, "spark.memory.storageFraction": 0.7108232409030437, "spark.reducer.maxBlocksInFlightPerAddress": 2025014908.6723402, "spark.reducer.maxSizeInFlight": 41.14894848011999, "spark.shuffle.file.buffer": 45.073124829433574}, "datetime": {"datetime": "2022-01-07 15:40:40", "elapsed": 0.901901, "delta": 0.422888}}
{"target": -2798.2498000000014, "params": {"spark.default.parallelism": 485.0528357741239, "spark.executor.cores": 2.113306376390313, "spark.executor.instances": 7.662425399065098, "spark.executor.memory": 5.566264835785351, "spark.executor.memoryOverhead": 576.2738030716343, "spark.memory.fraction": 0.6943962668387639, "spark.memory.storageFraction": 0.7417241931679893, "spark.reducer.maxBlocksInFlightPerAddress": 1663814410.6160128, "spark.reducer.maxSizeInFlight": 68.45670848190977, "spark.shuffle.file.buffer": 45.399469940275395}, "datetime": {"datetime": "2022-01-07 15:40:41", "elapsed": 1.317786, "delta": 0.415885}}
{"target": -2798.403850000001, "params": {"spark.default.parallelism": 340.06400682899186, "spark.executor.cores": 1.69034410231043, "spark.executor.instances": 4.900159831256339, "spark.executor.memory": 5.370047475063187, "spark.executor.memoryOverhead": 537.949029987045, "spark.memory.fraction": 0.8665222213873403, "spark.memory.storageFraction": 0.8638542099806228, "spark.reducer.maxBlocksInFlightPerAddress": 1349820488.749463, "spark.reducer.maxSizeInFlight": 29.3227824357134, "spark.shuffle.file.buffer": 22.17480742461161}, "datetime": {"datetime": "2022-01-07 15:40:41", "elapsed": 1.722804, "delta": 0.405018}}
{"target": -2797.8902700000017, "params": {"spark.default.parallelism": 232.70562920572047, "spark.executor.cores": 2.2675735212238357, "spark.executor.instances": 7.2118529494949515, "spark.executor.memory": 5.787201984480713, "spark.executor.memoryOverhead": 761.7422108703548, "spark.memory.fraction": 0.636981647937408, "spark.memory.storageFraction": 0.838340593211071, "spark.reducer.maxBlocksInFlightPerAddress": 1534128789.5421472, "spark.reducer.maxSizeInFlight": 63.5524737797913, "spark.shuffle.file.buffer": 36.0478770759774}, "datetime": {"datetime": "2022-01-07 15:40:42", "elapsed": 2.145012, "delta": 0.422208}}
{"target": -2810.852080000001, "params": {"spark.default.parallelism": 349.1750280081594, "spark.executor.cores": 2.0380319681473575, "spark.executor.instances": 4.69888060043569, "spark.executor.memory": 5.282863406185026, "spark.executor.memoryOverhead": 875.3994386276474, "spark.memory.fraction": 0.8267340435166488, "spark.memory.storageFraction": 0.7377490495323911, "spark.reducer.maxBlocksInFlightPerAddress": 2121702105.4336865, "spark.reducer.maxSizeInFlight": 67.27500406412742, "spark.shuffle.file.buffer": 35.05945387528466}, "datetime": {"datetime": "2022-01-07 15:40:42", "elapsed": 2.561665, "delta": 0.416653}}
{"target": -2799.4428500000013, "params": {"spark.default.parallelism": 244.02544422928824, "spark.executor.cores": 2.4586378387222467, "spark.executor.instances": 4.754980267508744, "spark.executor.memory": 5.575582577246651, "spark.executor.memoryOverhead": 755.8728336341153, "spark.memory.fraction": 0.5842929568333283, "spark.memory.storageFraction": 0.740381699243056, "spark.reducer.maxBlocksInFlightPerAddress": 1877897542.6818209, "spark.reducer.maxSizeInFlight": 54.634498109776004, "spark.shuffle.file.buffer": 35.10807369429277}, "datetime": {"datetime": "2022-01-07 15:40:43", "elapsed": 3.001449, "delta": 0.439784}}
{"target": -2803.8255900000013, "params": {"spark.default.parallelism": 349.41668744840223, "spark.executor.cores": 2.6857996803857, "spark.executor.instances": 4.271227737363815, "spark.executor.memory": 5.293089086198739, "spark.executor.memoryOverhead": 848.781949688444, "spark.memory.fraction": 0.7071440192689288, "spark.memory.storageFraction": 0.5777863238111538, "spark.reducer.maxBlocksInFlightPerAddress": 1984209812.88371, "spark.reducer.maxSizeInFlight": 36.078678833080936, "spark.shuffle.file.buffer": 38.42323316744121}, "datetime": {"datetime": "2022-01-07 15:40:43", "elapsed": 3.427431, "delta": 0.425982}}
{"target": -2797.027580000002, "params": {"spark.default.parallelism": 384.0766083508507, "spark.executor.cores": 2.296625512326249, "spark.executor.instances": 4.679762856869031, "spark.executor.memory": 3.59778719575545, "spark.executor.memoryOverhead": 637.4882964582603, "spark.memory.fraction": 0.8501330905418156, "spark.memory.storageFraction": 0.5735813766188889, "spark.reducer.maxBlocksInFlightPerAddress": 1570711542.5403595, "spark.reducer.maxSizeInFlight": 44.58875203343534, "spark.shuffle.file.buffer": 31.913253949424522}, "datetime": {"datetime": "2022-01-07 15:40:43", "elapsed": 3.829074, "delta": 0.401643}}
{"target": -2795.2315000000012, "params": {"spark.default.parallelism": 489.77991950591667, "spark.executor.cores": 1.2187658283871692, "spark.executor.instances": 6.692164216866487, "spark.executor.memory": 4.9997294843968, "spark.executor.memoryOverhead": 767.1094270329611, "spark.memory.fraction": 0.5574427991496838, "spark.memory.storageFraction": 0.5332810545743503, "spark.reducer.maxBlocksInFlightPerAddress": 1502399536.48588, "spark.reducer.maxSizeInFlight": 62.254188095035204, "spark.shuffle.file.buffer": 22.133623645116483}, "datetime": {"datetime": "2022-01-07 15:40:44", "elapsed": 4.242891, "delta": 0.413817}}
{"target": -2798.7965400000016, "params": {"spark.default.parallelism": 212.98728145584758, "spark.executor.cores": 1.9728814863407895, "spark.executor.instances": 4.957644176551024, "spark.executor.memory": 6.809895126773037, "spark.executor.memoryOverhead": 849.3390654974114, "spark.memory.fraction": 0.7455736009538804, "spark.memory.storageFraction": 0.8893949589300785, "spark.reducer.maxBlocksInFlightPerAddress": 1444033871.2289782, "spark.reducer.maxSizeInFlight": 67.09683444804872, "spark.shuffle.file.buffer": 29.907039149072304}, "datetime": {"datetime": "2022-01-07 15:40:44", "elapsed": 4.650159, "delta": 0.407268}}
{"target": -2813.1759300000012, "params": {"spark.default.parallelism": 411.29401951517286, "spark.executor.cores": 2.3632906752052456, "spark.executor.instances": 6.7885941150110245, "spark.executor.memory": 5.474402970246146, "spark.executor.memoryOverhead": 458.43350150686535, "spark.memory.fraction": 0.8043209825223024, "spark.memory.storageFraction": 0.8124183288775828, "spark.reducer.maxBlocksInFlightPerAddress": 2044515012.178935, "spark.reducer.maxSizeInFlight": 35.22089724499708, "spark.shuffle.file.buffer": 21.653724578314925}, "datetime": {"datetime": "2022-01-07 15:40:45", "elapsed": 5.079178, "delta": 0.429019}}
{"target": -2798.096950000001, "params": {"spark.default.parallelism": 282.6809308282576, "spark.executor.cores": 2.8494816270767434, "spark.executor.instances": 5.547956937025169, "spark.executor.memory": 4.971523493725281, "spark.executor.memoryOverhead": 509.4379844410101, "spark.memory.fraction": 0.8539866075352254, "spark.memory.storageFraction": 0.6533053827221147, "spark.reducer.maxBlocksInFlightPerAddress": 1393260240.5974011, "spark.reducer.maxSizeInFlight": 58.444558185348214, "spark.shuffle.file.buffer": 22.107838181513838}, "datetime": {"datetime": "2022-01-07 15:40:45", "elapsed": 5.489593, "delta": 0.410415}}
{"target": -2799.51489, "params": {"spark.default.parallelism": 360.44966975594343, "spark.executor.cores": 2.535925756562623, "spark.executor.instances": 4.2123703818101, "spark.executor.memory": 5.196213775402079, "spark.executor.memoryOverhead": 778.8903160085895, "spark.memory.fraction": 0.7598332219513916, "spark.memory.storageFraction": 0.8725788059971643, "spark.reducer.maxBlocksInFlightPerAddress": 1153984101.0803053, "spark.reducer.maxSizeInFlight": 37.286710204828154, "spark.shuffle.file.buffer": 45.41560013619752}, "datetime": {"datetime": "2022-01-07 15:40:45", "elapsed": 5.921562, "delta": 0.431969}}
{"target": -2798.0755600000016, "params": {"spark.default.parallelism": 481.1236684900827, "spark.executor.cores": 1.35393919272513, "spark.executor.instances": 6.826355840817929, "spark.executor.memory": 5.905233241362257, "spark.executor.memoryOverhead": 874.0242589854317, "spark.memory.fraction": 0.6041856532239989, "spark.memory.storageFraction": 0.873521005759099, "spark.reducer.maxBlocksInFlightPerAddress": 1596181634.657222, "spark.reducer.maxSizeInFlight": 50.55932204102477, "spark.shuffle.file.buffer": 33.78738365857894}, "datetime": {"datetime": "2022-01-07 15:40:46", "elapsed": 6.345322, "delta": 0.42376}}
