{"target": -2796.3445000000006, "params": {"spark.default.parallelism": 253.54844989324647, "spark.executor.cores": 2.939741140689428, "spark.executor.instances": 6.967758101824307, "spark.executor.memory": 4.039166773217659, "spark.executor.memoryOverhead": 670.5490237495476, "spark.memory.fraction": 0.8821049014152748, "spark.memory.storageFraction": 0.5323015631248316, "spark.reducer.maxBlocksInFlightPerAddress": 1163435994.8568676, "spark.reducer.maxSizeInFlight": 53.71847190815555, "spark.shuffle.file.buffer": 23.183791322750647}, "datetime": {"datetime": "2022-01-07 15:40:46", "elapsed": 6.761388, "delta": 0.416066}}
{"target": -2798.572950000001, "params": {"spark.default.parallelism": 263.5164004545459, "spark.executor.cores": 2.6603130523245984, "spark.executor.instances": 4.960380616644841, "spark.executor.memory": 5.52648298100064, "spark.executor.memoryOverhead": 734.394607960496, "spark.memory.fraction": 0.7969533718828408, "spark.memory.storageFraction": 0.6561058818398324, "spark.reducer.maxBlocksInFlightPerAddress": 1889598130.3914661, "spark.reducer.maxSizeInFlight": 67.34092330184208, "spark.shuffle.file.buffer": 34.79744061560246}, "datetime": {"datetime": "2022-01-07 15:40:47", "elapsed": 7.184507, "delta": 0.423119}}
{"target": -2797.082490000001, "params": {"spark.default.parallelism": 454.2880127718163, "spark.executor.cores": 2.3180713193317666, "spark.executor.instances": 5.515324674646927, "spark.executor.memory": 4.66626691605899, "spark.executor.memoryOverhead": 621.7018836236315, "spark.memory.fraction": 0.8741135080027203, "spark.memory.storageFraction": 0.845437181967241, "spark.reducer.maxBlocksInFlightPerAddress": 1586908648.5908895, "spark.reducer.maxSizeInFlight": 50.61688791735202, "spark.shuffle.file.buffer": 44.01292359293829}, "datetime": {"datetime": "2022-01-07 15:40:47", "elapsed": 7.621347, "delta": 0.43684}}
{"target": -2800.593460000002, "params": {"spark.default.parallelism": 282.0300189587091, "spark.executor.cores": 2.3373816043215223, "spark.executor.instances": 4.345117969109608, "spark.executor.memory": 4.275154531209186, "spark.executor.memoryOverhead": 478.1135536243596, "spark.memory.fraction": 0.6935326088977942, "spark.memory.storageFraction": 0.7364017388538442, "spark.reducer.maxBlocksInFlightPerAddress": 1502688110.859595, "spark.reducer.maxSizeInFlight": 64.08796526725023, "spark.shuffle.file.buffer": 17.00920136213856}, "datetime": {"datetime": "2022-01-07 15:40:48", "elapsed": 8.042643, "delta": 0.421296}}
{"target": -2797.513590000001, "params": {"spark.default.parallelism": 265.80888589335774, "spark.executor.cores": 1.4858931491343377, "spark.executor.instances": 7.1118354581279775, "spark.executor.memory": 5.947564657816166, "spark.executor.memoryOverhead": 825.0941469577385, "spark.memory.fraction": 0.5801869821523273, "spark.memory.storageFraction": 0.8110693680212868, "spark.reducer.maxBlocksInFlightPerAddress": 1502162397.7979002, "spark.reducer.maxSizeInFlight": 50.153941473512724, "spark.shuffle.file.buffer": 42.27728095194675}, "datetime": {"datetime": "2022-01-07 15:40:48", "elapsed": 8.468416, "delta": 0.425773}}
{"target": -2798.2280600000017, "params": {"spark.default.parallelism": 218.7172942049155, "spark.executor.cores": 1.2627983654114394, "spark.executor.instances": 6.80750436478463, "spark.executor.memory": 3.5738629049974935, "spark.executor.memoryOverhead": 521.0825451145254, "spark.memory.fraction": 0.5366482829200102, "spark.memory.storageFraction": 0.8518443975911976, "spark.reducer.maxBlocksInFlightPerAddress": 1586663720.299656, "spark.reducer.maxSizeInFlight": 24.85505014716464, "spark.shuffle.file.buffer": 22.17844932279118}, "datetime": {"datetime": "2022-01-07 15:40:48", "elapsed": 8.895395, "delta": 0.426979}}
{"target": -2799.0227200000018, "params": {"spark.default.parallelism": 358.0147581075847, "spark.executor.cores": 1.058544242806225, "spark.executor.instances": 6.2203470660886975, "spark.executor.memory": 4.171991534513429, "spark.executor.memoryOverhead": 668.7029057396788, "spark.memory.fraction": 0.7931079413045468, "spark.memory.storageFraction": 0.6761351307185751, "spark.reducer.maxBlocksInFlightPerAddress": 1785801039.5993266, "spark.reducer.maxSizeInFlight": 35.46767783377018, "spark.shuffle.file.buffer": 47.95517083476736}, "datetime": {"datetime": "2022-01-07 15:40:49", "elapsed": 9.3314, "delta": 0.436005}}
{"target": -2797.0040800000015, "params": {"spark.default.parallelism": 346.63509736921475, "spark.executor.cores": 2.32360163852022, "spark.executor.instances": 6.816396630344731, "spark.executor.memory": 4.934169507298085, "spark.executor.memoryOverhead": 629.6121863675656, "spark.memory.fraction": 0.7054244081761858, "spark.memory.storageFraction": 0.6189289927046587, "spark.reducer.maxBlocksInFlightPerAddress": 1596367768.4878573, "spark.reducer.maxSizeInFlight": 55.320164881878995, "spark.shuffle.file.buffer": 33.21156898614341}, "datetime": {"datetime": "2022-01-07 15:40:49", "elapsed": 9.754725, "delta": 0.423325}}
{"target": -2797.6313300000015, "params": {"spark.default.parallelism": 304.75025130572334, "spark.executor.cores": 2.8958649873881313, "spark.executor.instances": 7.769458349669314, "spark.executor.memory": 5.044741836874335, "spark.executor.memoryOverhead": 540.7257518731112, "spark.memory.fraction": 0.7553514843252749, "spark.memory.storageFraction": 0.8553168203567354, "spark.reducer.maxBlocksInFlightPerAddress": 1393276879.8073874, "spark.reducer.maxSizeInFlight": 71.08570255847197, "spark.shuffle.file.buffer": 33.91344283123973}, "datetime": {"datetime": "2022-01-07 15:40:50", "elapsed": 10.202554, "delta": 0.447829}}
{"target": -2800.03504, "params": {"spark.default.parallelism": 308.92199708134945, "spark.executor.cores": 1.4562832685858444, "spark.executor.instances": 7.390010409081608, "spark.executor.memory": 4.365896320085195, "spark.executor.memoryOverhead": 495.8071350884686, "spark.memory.fraction": 0.6632725611409129, "spark.memory.storageFraction": 0.7732256190488989, "spark.reducer.maxBlocksInFlightPerAddress": 1144202907.8593664, "spark.reducer.maxSizeInFlight": 32.67500225294351, "spark.shuffle.file.buffer": 38.217822045559316}, "datetime": {"datetime": "2022-01-07 15:40:50", "elapsed": 10.723044, "delta": 0.52049}}
{"target": -2797.72528, "params": {"spark.default.parallelism": 201.03260255960936, "spark.executor.cores": 2.1218343799402835, "spark.executor.instances": 7.053902028157548, "spark.executor.memory": 3.6659107486880673, "spark.executor.memoryOverhead": 558.8533235827862, "spark.memory.fraction": 0.7277784258318233, "spark.memory.storageFraction": 0.8494239449162966, "spark.reducer.maxBlocksInFlightPerAddress": 1163193428.3752236, "spark.reducer.maxSizeInFlight": 59.790153869752395, "spark.shuffle.file.buffer": 44.992818891034375}, "datetime": {"datetime": "2022-01-07 15:40:51", "elapsed": 11.194291, "delta": 0.471247}}
{"target": -2796.4486800000013, "params": {"spark.default.parallelism": 448.3630507660214, "spark.executor.cores": 2.279889150380604, "spark.executor.instances": 6.785904114533511, "spark.executor.memory": 4.614773349472072, "spark.executor.memoryOverhead": 540.7253786150686, "spark.memory.fraction": 0.5212032248819768, "spark.memory.storageFraction": 0.7290852401683574, "spark.reducer.maxBlocksInFlightPerAddress": 1446849167.4250212, "spark.reducer.maxSizeInFlight": 62.32012717833457, "spark.shuffle.file.buffer": 39.29035696877361}, "datetime": {"datetime": "2022-01-07 15:40:51", "elapsed": 11.625139, "delta": 0.430848}}
{"target": -2796.734890000001, "params": {"spark.default.parallelism": 426.4228749156156, "spark.executor.cores": 2.6710238321994337, "spark.executor.instances": 7.070573571975637, "spark.executor.memory": 6.997766097420506, "spark.executor.memoryOverhead": 757.8689192094032, "spark.memory.fraction": 0.780397910560543, "spark.memory.storageFraction": 0.7618123044745808, "spark.reducer.maxBlocksInFlightPerAddress": 1570960272.738201, "spark.reducer.maxSizeInFlight": 32.980066777895026, "spark.shuffle.file.buffer": 39.18761700677527}, "datetime": {"datetime": "2022-01-07 15:40:52", "elapsed": 12.071076, "delta": 0.445937}}
{"target": -2797.276720000002, "params": {"spark.default.parallelism": 424.4850571748561, "spark.executor.cores": 1.7074470046802919, "spark.executor.instances": 5.394391824540019, "spark.executor.memory": 6.787953179903395, "spark.executor.memoryOverhead": 587.0160943234285, "spark.memory.fraction": 0.6221265044657515, "spark.memory.storageFraction": 0.5868441631533085, "spark.reducer.maxBlocksInFlightPerAddress": 1629068458.8144388, "spark.reducer.maxSizeInFlight": 63.19420420395594, "spark.shuffle.file.buffer": 43.91637436839234}, "datetime": {"datetime": "2022-01-07 15:40:52", "elapsed": 12.515867, "delta": 0.444791}}
{"target": -2797.3060000000005, "params": {"spark.default.parallelism": 284.7312419705135, "spark.executor.cores": 2.9864735689310913, "spark.executor.instances": 5.023004107807599, "spark.executor.memory": 6.682702391036489, "spark.executor.memoryOverhead": 595.1692603835431, "spark.memory.fraction": 0.8741708049365635, "spark.memory.storageFraction": 0.8355379336792732, "spark.reducer.maxBlocksInFlightPerAddress": 1241006452.7442427, "spark.reducer.maxSizeInFlight": 51.56560100884239, "spark.shuffle.file.buffer": 37.55209646994196}, "datetime": {"datetime": "2022-01-07 15:40:53", "elapsed": 12.955795, "delta": 0.439928}}
{"target": -2802.4601100000014, "params": {"spark.default.parallelism": 246.47932222443185, "spark.executor.cores": 2.206178911372035, "spark.executor.instances": 6.964184909001981, "spark.executor.memory": 6.173776790048647, "spark.executor.memoryOverhead": 469.08914909304104, "spark.memory.fraction": 0.6425472365959506, "spark.memory.storageFraction": 0.8460778264684861, "spark.reducer.maxBlocksInFlightPerAddress": 1596174296.5641499, "spark.reducer.maxSizeInFlight": 50.58176729221757, "spark.shuffle.file.buffer": 22.355923732679944}, "datetime": {"datetime": "2022-01-07 15:40:53", "elapsed": 13.390664, "delta": 0.434869}}
"{'maxIndex': 18, 'target': -2794.0401100000017, 'params': {'spark.default.parallelism': 396.8562136582792, 'spark.executor.cores': 1.1356656851961255, 'spark.executor.instances': 4.036727524513095, 'spark.executor.memory': 5.067069711977557, 'spark.executor.memoryOverhead': 654.1725038520854, 'spark.memory.fraction': 0.5789161415823285, 'spark.memory.storageFraction': 0.527701131804308, 'spark.reducer.maxBlocksInFlightPerAddress': 1596306683.2450888, 'spark.reducer.maxSizeInFlight': 35.40776897912437, 'spark.shuffle.file.buffer': 33.34250343316644}}"