{"target": -4335.535129999998, "params": {"spark.default.parallelism": 382.7827184801106, "spark.executor.cores": 1.8075500516378058, "spark.executor.instances": 5.81217175659827, "spark.executor.memory": 3.453128118129286, "spark.executor.memoryOverhead": 467.46634568698846, "spark.memory.fraction": 0.6921240216998631, "spark.memory.storageFraction": 0.8957889317518628, "spark.reducer.maxBlocksInFlightPerAddress": 1650564509.7774599, "spark.reducer.maxSizeInFlight": 28.25442950653911, "spark.shuffle.file.buffer": 27.398796034341903}, "datetime": {"datetime": "2022-01-07 15:54:04", "elapsed": 0.0, "delta": 0.0}}
{"target": -2800.2313900000013, "params": {"spark.default.parallelism": 459.59048372547585, "spark.executor.cores": 2.0124507733446113, "spark.executor.instances": 6.217869020233133, "spark.executor.memory": 4.030765168572725, "spark.executor.memoryOverhead": 760.7886442461996, "spark.memory.fraction": 0.6504692836549517, "spark.memory.storageFraction": 0.7505634647372645, "spark.reducer.maxBlocksInFlightPerAddress": 1530145794.2684827, "spark.reducer.maxSizeInFlight": 54.75631930290578, "spark.shuffle.file.buffer": 18.06506886979693}, "datetime": {"datetime": "2022-01-07 15:54:04", "elapsed": 0.024956, "delta": 0.024956}}
{"target": -2801.919780000001, "params": {"spark.default.parallelism": 245.1492038477038, "spark.executor.cores": 2.7847720717799236, "spark.executor.instances": 6.03731559065432, "spark.executor.memory": 4.309730879964458, "spark.executor.memoryOverhead": 679.3642520966202, "spark.memory.fraction": 0.7762126460956341, "spark.memory.storageFraction": 0.5582914523349503, "spark.reducer.maxBlocksInFlightPerAddress": 1955400380.813414, "spark.reducer.maxSizeInFlight": 36.845118219917914, "spark.shuffle.file.buffer": 42.59090414375565}, "datetime": {"datetime": "2022-01-07 15:54:04", "elapsed": 0.051354, "delta": 0.026398}}
{"target": -2799.385890000001, "params": {"spark.default.parallelism": 481.77648698103815, "spark.executor.cores": 1.0260701397718623, "spark.executor.instances": 7.256066001359725, "spark.executor.memory": 5.881968025495468, "spark.executor.memoryOverhead": 836.9627057480145, "spark.memory.fraction": 0.7573363207239591, "spark.memory.storageFraction": 0.6721777315118325, "spark.reducer.maxBlocksInFlightPerAddress": 1178615698.4918787, "spark.reducer.maxSizeInFlight": 32.14283639975872, "spark.shuffle.file.buffer": 19.47659903181961}, "datetime": {"datetime": "2022-01-07 15:54:04", "elapsed": 0.076286, "delta": 0.024932}}
{"target": -2800.290520000002, "params": {"spark.default.parallelism": 226.8359819180481, "spark.executor.cores": 1.9365444087730268, "spark.executor.instances": 7.402620643493792, "spark.executor.memory": 6.709506748148673, "spark.executor.memoryOverhead": 585.672598732124, "spark.memory.fraction": 0.7233027073387704, "spark.memory.storageFraction": 0.775252087799889, "spark.reducer.maxBlocksInFlightPerAddress": 1466508418.8651135, "spark.reducer.maxSizeInFlight": 57.374410866517636, "spark.shuffle.file.buffer": 23.94507198500719}, "datetime": {"datetime": "2022-01-07 15:54:04", "elapsed": 0.101247, "delta": 0.024961}}
{"target": -2807.6568400000015, "params": {"spark.default.parallelism": 372.64219209196835, "spark.executor.cores": 2.9534250532346196, "spark.executor.instances": 6.547830343661422, "spark.executor.memory": 3.3891260840579593, "spark.executor.memoryOverhead": 813.1475977919321, "spark.memory.fraction": 0.7018977932426764, "spark.memory.storageFraction": 0.5611217365253778, "spark.reducer.maxBlocksInFlightPerAddress": 2011903230.5054152, "spark.reducer.maxSizeInFlight": 60.68543308676884, "spark.shuffle.file.buffer": 31.510148679205976}, "datetime": {"datetime": "2022-01-07 15:54:05", "elapsed": 0.126175, "delta": 0.024928}}
{"target": -2800.2043500000013, "params": {"spark.default.parallelism": 356.8085627527538, "spark.executor.cores": 2.170077420217024, "spark.executor.instances": 7.646513748364784, "spark.executor.memory": 6.89350154370834, "spark.executor.memoryOverhead": 452.79379878789274, "spark.memory.fraction": 0.539896357112546, "spark.memory.storageFraction": 0.6431829241529519, "spark.reducer.maxBlocksInFlightPerAddress": 1571126340.2723002, "spark.reducer.maxSizeInFlight": 29.34132524458461, "spark.shuffle.file.buffer": 30.167777467962384}, "datetime": {"datetime": "2022-01-07 15:54:05", "elapsed": 0.151109, "delta": 0.024934}}
{"target": -2802.4839500000007, "params": {"spark.default.parallelism": 263.3196029354696, "spark.executor.cores": 1.3807622493561365, "spark.executor.instances": 6.997571420846093, "spark.executor.memory": 6.507050718161477, "spark.executor.memoryOverhead": 700.8571877557064, "spark.memory.fraction": 0.8122501948730265, "spark.memory.storageFraction": 0.782676500974028, "spark.reducer.maxBlocksInFlightPerAddress": 1091738512.0056777, "spark.reducer.maxSizeInFlight": 69.66624094290222, "spark.shuffle.file.buffer": 26.7281110763413}, "datetime": {"datetime": "2022-01-07 15:54:05", "elapsed": 0.176079, "delta": 0.02497}}
{"target": -2800.8646100000014, "params": {"spark.default.parallelism": 405.06087849763094, "spark.executor.cores": 2.803310821585603, "spark.executor.instances": 4.007242529065043, "spark.executor.memory": 4.428302690221779, "spark.executor.memoryOverhead": 498.2873967122131, "spark.memory.fraction": 0.7989991193600268, "spark.memory.storageFraction": 0.863984009897762, "spark.reducer.maxBlocksInFlightPerAddress": 1761656873.9084635, "spark.reducer.maxSizeInFlight": 67.1026558405745, "spark.shuffle.file.buffer": 20.897088308603763}, "datetime": {"datetime": "2022-01-07 15:54:05", "elapsed": 0.202214, "delta": 0.026135}}
{"target": -2796.786250000001, "params": {"spark.default.parallelism": 412.8618477810764, "spark.executor.cores": 2.4486932091655556, "spark.executor.instances": 4.296456886130744, "spark.executor.memory": 5.761173692708452, "spark.executor.memoryOverhead": 874.6328410411923, "spark.memory.fraction": 0.6785410683777789, "spark.memory.storageFraction": 0.6886360954343421, "spark.reducer.maxBlocksInFlightPerAddress": 1670471515.2036848, "spark.reducer.maxSizeInFlight": 35.420663291101505, "spark.shuffle.file.buffer": 43.758406638539824}, "datetime": {"datetime": "2022-01-07 15:54:05", "elapsed": 0.227175, "delta": 0.024961}}
{"target": -2800.818320000001, "params": {"spark.default.parallelism": 231.98940633747475, "spark.executor.cores": 2.549473366227568, "spark.executor.instances": 4.893235657611177, "spark.executor.memory": 6.054151437785401, "spark.executor.memoryOverhead": 649.2170779619338, "spark.memory.fraction": 0.5044279894476819, "spark.memory.storageFraction": 0.6077102763424699, "spark.reducer.maxBlocksInFlightPerAddress": 1203942765.324356, "spark.reducer.maxSizeInFlight": 64.71840043451998, "spark.shuffle.file.buffer": 16.826325397240655}, "datetime": {"datetime": "2022-01-07 15:54:05", "elapsed": 0.251131, "delta": 0.023956}}
{"target": -2797.788080000002, "params": {"spark.default.parallelism": 494.1127981170156, "spark.executor.cores": 1.1875733900930976, "spark.executor.instances": 4.401577174893932, "spark.executor.memory": 3.662684293623448, "spark.executor.memoryOverhead": 711.1191775584568, "spark.memory.fraction": 0.5515636043679365, "spark.memory.storageFraction": 0.7166183215457895, "spark.reducer.maxBlocksInFlightPerAddress": 1396462654.7000802, "spark.reducer.maxSizeInFlight": 51.73533185812876, "spark.shuffle.file.buffer": 35.992165873899836}, "datetime": {"datetime": "2022-01-07 15:54:05", "elapsed": 0.276129, "delta": 0.024998}}
{"target": -2797.245230000001, "params": {"spark.default.parallelism": 294.11805307213365, "spark.executor.cores": 2.6182574310509352, "spark.executor.instances": 6.723346508888522, "spark.executor.memory": 6.2461947321571865, "spark.executor.memoryOverhead": 562.7103344195007, "spark.memory.fraction": 0.5632506727707385, "spark.memory.storageFraction": 0.8193845509288773, "spark.reducer.maxBlocksInFlightPerAddress": 1336838473.2349553, "spark.reducer.maxSizeInFlight": 58.53200415928, "spark.shuffle.file.buffer": 33.06812870279947}, "datetime": {"datetime": "2022-01-07 15:54:05", "elapsed": 0.301634, "delta": 0.025505}}
{"target": -2799.734270000002, "params": {"spark.default.parallelism": 214.6333682502922, "spark.executor.cores": 1.6729062188751378, "spark.executor.instances": 7.00807641018857, "spark.executor.memory": 4.830958194975601, "spark.executor.memoryOverhead": 736.8845906942313, "spark.memory.fraction": 0.8501340253674385, "spark.memory.storageFraction": 0.7374017525251698, "spark.reducer.maxBlocksInFlightPerAddress": 1820845884.9810023, "spark.reducer.maxSizeInFlight": 48.86910078543594, "spark.shuffle.file.buffer": 45.41966586743003}, "datetime": {"datetime": "2022-01-07 15:54:05", "elapsed": 0.325569, "delta": 0.023935}}
{"target": -2797.1427300000014, "params": {"spark.default.parallelism": 437.60763316873056, "spark.executor.cores": 2.316522804759501, "spark.executor.instances": 5.206755647093206, "spark.executor.memory": 4.665322361855741, "spark.executor.memoryOverhead": 614.4051601379409, "spark.memory.fraction": 0.8236951114608979, "spark.memory.storageFraction": 0.5895923363806854, "spark.reducer.maxBlocksInFlightPerAddress": 1393362231.0974941, "spark.reducer.maxSizeInFlight": 46.349064503935644, "spark.shuffle.file.buffer": 37.223082055592386}, "datetime": {"datetime": "2022-01-07 15:54:05", "elapsed": 0.3505, "delta": 0.024931}}
{"target": -2794.7897600000015, "params": {"spark.default.parallelism": 326.58089768255167, "spark.executor.cores": 1.4501001940700466, "spark.executor.instances": 5.776197055123383, "spark.executor.memory": 3.1938064679792877, "spark.executor.memoryOverhead": 542.8220637313422, "spark.memory.fraction": 0.5926494794686672, "spark.memory.storageFraction": 0.5113773662918243, "spark.reducer.maxBlocksInFlightPerAddress": 1855330973.371195, "spark.reducer.maxSizeInFlight": 43.77554928277776, "spark.shuffle.file.buffer": 38.643984693006786}, "datetime": {"datetime": "2022-01-07 15:54:05", "elapsed": 0.375432, "delta": 0.024932}}
{"target": -2799.7503000000015, "params": {"spark.default.parallelism": 287.69326340385226, "spark.executor.cores": 1.2052151898468229, "spark.executor.instances": 4.787440589414697, "spark.executor.memory": 5.5771817472043015, "spark.executor.memoryOverhead": 782.6190192046668, "spark.memory.fraction": 0.8778435222678469, "spark.memory.storageFraction": 0.8598828910250478, "spark.reducer.maxBlocksInFlightPerAddress": 1909508009.9911757, "spark.reducer.maxSizeInFlight": 43.17786797717394, "spark.shuffle.file.buffer": 33.97323712741415}, "datetime": {"datetime": "2022-01-07 15:54:05", "elapsed": 0.400365, "delta": 0.024933}}
{"target": -2807.668220000001, "params": {"spark.default.parallelism": 442.89373316716626, "spark.executor.cores": 1.7371909814177044, "spark.executor.instances": 7.9549387732930334, "spark.executor.memory": 5.360007803758505, "spark.executor.memoryOverhead": 507.6246030701912, "spark.memory.fraction": 0.8996036016348934, "spark.memory.storageFraction": 0.5303689676123486, "spark.reducer.maxBlocksInFlightPerAddress": 2129792054.3285403, "spark.reducer.maxSizeInFlight": 25.427059858464116, "spark.shuffle.file.buffer": 24.37799362276356}, "datetime": {"datetime": "2022-01-07 15:54:05", "elapsed": 0.425303, "delta": 0.024938}}
{"target": -2801.00057, "params": {"spark.default.parallelism": 337.13284970068787, "spark.executor.cores": 2.2323890179038797, "spark.executor.instances": 5.0728595443610365, "spark.executor.memory": 3.802706925997959, "spark.executor.memoryOverhead": 404.81096840302604, "spark.memory.fraction": 0.6286223430002337, "spark.memory.storageFraction": 0.8205656616415784, "spark.reducer.maxBlocksInFlightPerAddress": 1281928644.954574, "spark.reducer.maxSizeInFlight": 67.5032748184572, "spark.shuffle.file.buffer": 40.07181874336589}, "datetime": {"datetime": "2022-01-07 15:54:05", "elapsed": 0.451232, "delta": 0.025929}}
{"target": -2809.626530000002, "params": {"spark.default.parallelism": 306.9668287425679, "spark.executor.cores": 1.555702096881178, "spark.executor.instances": 5.555122283984228, "spark.executor.memory": 5.057989477992388, "spark.executor.memoryOverhead": 419.4062879094198, "spark.memory.fraction": 0.6145983932051108, "spark.memory.storageFraction": 0.6297306879651262, "spark.reducer.maxBlocksInFlightPerAddress": 2064584803.4907913, "spark.reducer.maxSizeInFlight": 39.64143496328066, "spark.shuffle.file.buffer": 46.50575961333149}, "datetime": {"datetime": "2022-01-07 15:54:05", "elapsed": 0.476167, "delta": 0.024935}}
{"target": -2807.7430000000018, "params": {"spark.default.parallelism": 271.10809407290833, "spark.executor.cores": 2.806759041124508, "spark.executor.instances": 6.294717946689143, "spark.executor.memory": 3.011481308124636, "spark.executor.memoryOverhead": 688.2524424150168, "spark.memory.fraction": 0.6306579607088385, "spark.memory.storageFraction": 0.7108232409030437, "spark.reducer.maxBlocksInFlightPerAddress": 2025014908.6723402, "spark.reducer.maxSizeInFlight": 41.14894848011999, "spark.shuffle.file.buffer": 45.073124829433574}, "datetime": {"datetime": "2022-01-07 15:54:05", "elapsed": 0.873655, "delta": 0.397488}}
{"target": -2798.2498000000014, "params": {"spark.default.parallelism": 485.0528357741239, "spark.executor.cores": 2.113306376390313, "spark.executor.instances": 7.662425399065098, "spark.executor.memory": 5.566264835785351, "spark.executor.memoryOverhead": 576.2738030716343, "spark.memory.fraction": 0.6943962668387639, "spark.memory.storageFraction": 0.7417241931679893, "spark.reducer.maxBlocksInFlightPerAddress": 1663814410.6160128, "spark.reducer.maxSizeInFlight": 68.45670848190977, "spark.shuffle.file.buffer": 45.399469940275395}, "datetime": {"datetime": "2022-01-07 15:54:06", "elapsed": 1.317795, "delta": 0.44414}}
{"target": -2798.403850000001, "params": {"spark.default.parallelism": 340.06400682899186, "spark.executor.cores": 1.69034410231043, "spark.executor.instances": 4.900159831256339, "spark.executor.memory": 5.370047475063187, "spark.executor.memoryOverhead": 537.949029987045, "spark.memory.fraction": 0.8665222213873403, "spark.memory.storageFraction": 0.8638542099806228, "spark.reducer.maxBlocksInFlightPerAddress": 1349820488.749463, "spark.reducer.maxSizeInFlight": 29.3227824357134, "spark.shuffle.file.buffer": 22.17480742461161}, "datetime": {"datetime": "2022-01-07 15:54:06", "elapsed": 1.741138, "delta": 0.423343}}
{"target": -2797.8902700000017, "params": {"spark.default.parallelism": 232.70562920572047, "spark.executor.cores": 2.2675735212238357, "spark.executor.instances": 7.2118529494949515, "spark.executor.memory": 5.787201984480713, "spark.executor.memoryOverhead": 761.7422108703548, "spark.memory.fraction": 0.636981647937408, "spark.memory.storageFraction": 0.838340593211071, "spark.reducer.maxBlocksInFlightPerAddress": 1534128789.5421472, "spark.reducer.maxSizeInFlight": 63.5524737797913, "spark.shuffle.file.buffer": 36.0478770759774}, "datetime": {"datetime": "2022-01-07 15:54:07", "elapsed": 2.172096, "delta": 0.430958}}
{"target": -2810.852080000001, "params": {"spark.default.parallelism": 349.1750280081594, "spark.executor.cores": 2.0380319681473575, "spark.executor.instances": 4.69888060043569, "spark.executor.memory": 5.282863406185026, "spark.executor.memoryOverhead": 875.3994386276474, "spark.memory.fraction": 0.8267340435166488, "spark.memory.storageFraction": 0.7377490495323911, "spark.reducer.maxBlocksInFlightPerAddress": 2121702105.4336865, "spark.reducer.maxSizeInFlight": 67.27500406412742, "spark.shuffle.file.buffer": 35.05945387528466}, "datetime": {"datetime": "2022-01-07 15:54:07", "elapsed": 2.601166, "delta": 0.42907}}
{"target": -2799.4428500000013, "params": {"spark.default.parallelism": 244.02544422928824, "spark.executor.cores": 2.4586378387222467, "spark.executor.instances": 4.754980267508744, "spark.executor.memory": 5.575582577246651, "spark.executor.memoryOverhead": 755.8728336341153, "spark.memory.fraction": 0.5842929568333283, "spark.memory.storageFraction": 0.740381699243056, "spark.reducer.maxBlocksInFlightPerAddress": 1877897542.6818209, "spark.reducer.maxSizeInFlight": 54.634498109776004, "spark.shuffle.file.buffer": 35.10807369429277}, "datetime": {"datetime": "2022-01-07 15:54:07", "elapsed": 3.026112, "delta": 0.424946}}
{"target": -2803.8255900000013, "params": {"spark.default.parallelism": 349.41668744840223, "spark.executor.cores": 2.6857996803857, "spark.executor.instances": 4.271227737363815, "spark.executor.memory": 5.293089086198739, "spark.executor.memoryOverhead": 848.781949688444, "spark.memory.fraction": 0.7071440192689288, "spark.memory.storageFraction": 0.5777863238111538, "spark.reducer.maxBlocksInFlightPerAddress": 1984209812.88371, "spark.reducer.maxSizeInFlight": 36.078678833080936, "spark.shuffle.file.buffer": 38.42323316744121}, "datetime": {"datetime": "2022-01-07 15:54:08", "elapsed": 3.453615, "delta": 0.427503}}
{"target": -2797.027580000002, "params": {"spark.default.parallelism": 384.0766083508507, "spark.executor.cores": 2.296625512326249, "spark.executor.instances": 4.679762856869031, "spark.executor.memory": 3.59778719575545, "spark.executor.memoryOverhead": 637.4882964582603, "spark.memory.fraction": 0.8501330905418156, "spark.memory.storageFraction": 0.5735813766188889, "spark.reducer.maxBlocksInFlightPerAddress": 1570711542.5403595, "spark.reducer.maxSizeInFlight": 44.58875203343534, "spark.shuffle.file.buffer": 31.913253949424522}, "datetime": {"datetime": "2022-01-07 15:54:08", "elapsed": 3.877332, "delta": 0.423717}}
{"target": -2795.2315000000012, "params": {"spark.default.parallelism": 489.77991950591667, "spark.executor.cores": 1.2187658283871692, "spark.executor.instances": 6.692164216866487, "spark.executor.memory": 4.9997294843968, "spark.executor.memoryOverhead": 767.1094270329611, "spark.memory.fraction": 0.5574427991496838, "spark.memory.storageFraction": 0.5332810545743503, "spark.reducer.maxBlocksInFlightPerAddress": 1502399536.48588, "spark.reducer.maxSizeInFlight": 62.254188095035204, "spark.shuffle.file.buffer": 22.133623645116483}, "datetime": {"datetime": "2022-01-07 15:54:09", "elapsed": 4.289784, "delta": 0.412452}}
{"target": -2798.7965400000016, "params": {"spark.default.parallelism": 212.98728145584758, "spark.executor.cores": 1.9728814863407895, "spark.executor.instances": 4.957644176551024, "spark.executor.memory": 6.809895126773037, "spark.executor.memoryOverhead": 849.3390654974114, "spark.memory.fraction": 0.7455736009538804, "spark.memory.storageFraction": 0.8893949589300785, "spark.reducer.maxBlocksInFlightPerAddress": 1444033871.2289782, "spark.reducer.maxSizeInFlight": 67.09683444804872, "spark.shuffle.file.buffer": 29.907039149072304}, "datetime": {"datetime": "2022-01-07 15:54:09", "elapsed": 4.706123, "delta": 0.416339}}
{"target": -2813.1759300000012, "params": {"spark.default.parallelism": 411.29401951517286, "spark.executor.cores": 2.3632906752052456, "spark.executor.instances": 6.7885941150110245, "spark.executor.memory": 5.474402970246146, "spark.executor.memoryOverhead": 458.43350150686535, "spark.memory.fraction": 0.8043209825223024, "spark.memory.storageFraction": 0.8124183288775828, "spark.reducer.maxBlocksInFlightPerAddress": 2044515012.178935, "spark.reducer.maxSizeInFlight": 35.22089724499708, "spark.shuffle.file.buffer": 21.653724578314925}, "datetime": {"datetime": "2022-01-07 15:54:10", "elapsed": 5.140075, "delta": 0.433952}}
{"target": -2798.096950000001, "params": {"spark.default.parallelism": 282.6809308282576, "spark.executor.cores": 2.8494816270767434, "spark.executor.instances": 5.547956937025169, "spark.executor.memory": 4.971523493725281, "spark.executor.memoryOverhead": 509.4379844410101, "spark.memory.fraction": 0.8539866075352254, "spark.memory.storageFraction": 0.6533053827221147, "spark.reducer.maxBlocksInFlightPerAddress": 1393260240.5974011, "spark.reducer.maxSizeInFlight": 58.444558185348214, "spark.shuffle.file.buffer": 22.107838181513838}, "datetime": {"datetime": "2022-01-07 15:54:10", "elapsed": 5.580058, "delta": 0.439983}}
{"target": -2799.51489, "params": {"spark.default.parallelism": 360.44966975594343, "spark.executor.cores": 2.535925756562623, "spark.executor.instances": 4.2123703818101, "spark.executor.memory": 5.196213775402079, "spark.executor.memoryOverhead": 778.8903160085895, "spark.memory.fraction": 0.7598332219513916, "spark.memory.storageFraction": 0.8725788059971643, "spark.reducer.maxBlocksInFlightPerAddress": 1153984101.0803053, "spark.reducer.maxSizeInFlight": 37.286710204828154, "spark.shuffle.file.buffer": 45.41560013619752}, "datetime": {"datetime": "2022-01-07 15:54:10", "elapsed": 5.993112, "delta": 0.413054}}
{"target": -2799.9981700000017, "params": {"spark.default.parallelism": 211.4604916552209, "spark.executor.cores": 2.8415866722308385, "spark.executor.instances": 5.976828008084352, "spark.executor.memory": 3.9323989645064144, "spark.executor.memoryOverhead": 857.4506553311212, "spark.memory.fraction": 0.5243409058344954, "spark.memory.storageFraction": 0.5751387727641725, "spark.reducer.maxBlocksInFlightPerAddress": 1570733071.2584777, "spark.reducer.maxSizeInFlight": 55.85871101507219, "spark.shuffle.file.buffer": 19.252594287266987}, "datetime": {"datetime": "2022-01-07 15:54:11", "elapsed": 6.422115, "delta": 0.429003}}
