{"target": -2810.852080000001, "params": {"spark.default.parallelism": 349.1750280081594, "spark.executor.cores": 2.0380319681473575, "spark.executor.instances": 4.69888060043569, "spark.executor.memory": 5.282863406185026, "spark.executor.memoryOverhead": 875.3994386276474, "spark.memory.fraction": 0.8267340435166488, "spark.memory.storageFraction": 0.7377490495323911, "spark.reducer.maxBlocksInFlightPerAddress": 2121702105.4336865, "spark.reducer.maxSizeInFlight": 67.27500406412742, "spark.shuffle.file.buffer": 35.05945387528466}, "datetime": {"datetime": "2022-01-05 16:44:43", "elapsed": 2.830502, "delta": 0.428484}}
{"target": -2799.4428500000013, "params": {"spark.default.parallelism": 244.02544422928824, "spark.executor.cores": 2.4586378387222467, "spark.executor.instances": 4.754980267508744, "spark.executor.memory": 5.575582577246651, "spark.executor.memoryOverhead": 755.8728336341153, "spark.memory.fraction": 0.5842929568333283, "spark.memory.storageFraction": 0.740381699243056, "spark.reducer.maxBlocksInFlightPerAddress": 1877897542.6818209, "spark.reducer.maxSizeInFlight": 54.634498109776004, "spark.shuffle.file.buffer": 35.10807369429277}, "datetime": {"datetime": "2022-01-05 16:44:43", "elapsed": 3.252182, "delta": 0.42168}}
{"target": -2803.8255900000013, "params": {"spark.default.parallelism": 349.41668744840223, "spark.executor.cores": 2.6857996803857, "spark.executor.instances": 4.271227737363815, "spark.executor.memory": 5.293089086198739, "spark.executor.memoryOverhead": 848.781949688444, "spark.memory.fraction": 0.7071440192689288, "spark.memory.storageFraction": 0.5777863238111538, "spark.reducer.maxBlocksInFlightPerAddress": 1984209812.88371, "spark.reducer.maxSizeInFlight": 36.078678833080936, "spark.shuffle.file.buffer": 38.42323316744121}, "datetime": {"datetime": "2022-01-05 16:44:44", "elapsed": 3.686071, "delta": 0.433889}}
{"target": -2797.027580000002, "params": {"spark.default.parallelism": 384.0766083508507, "spark.executor.cores": 2.296625512326249, "spark.executor.instances": 4.679762856869031, "spark.executor.memory": 3.59778719575545, "spark.executor.memoryOverhead": 637.4882964582603, "spark.memory.fraction": 0.8501330905418156, "spark.memory.storageFraction": 0.5735813766188889, "spark.reducer.maxBlocksInFlightPerAddress": 1570711542.5403595, "spark.reducer.maxSizeInFlight": 44.58875203343534, "spark.shuffle.file.buffer": 31.913253949424522}, "datetime": {"datetime": "2022-01-05 16:44:44", "elapsed": 4.118798, "delta": 0.432727}}
{"target": -2795.2315000000012, "params": {"spark.default.parallelism": 489.77991950591667, "spark.executor.cores": 1.2187658283871692, "spark.executor.instances": 6.692164216866487, "spark.executor.memory": 4.9997294843968, "spark.executor.memoryOverhead": 767.1094270329611, "spark.memory.fraction": 0.5574427991496838, "spark.memory.storageFraction": 0.5332810545743503, "spark.reducer.maxBlocksInFlightPerAddress": 1502399536.48588, "spark.reducer.maxSizeInFlight": 62.254188095035204, "spark.shuffle.file.buffer": 22.133623645116483}, "datetime": {"datetime": "2022-01-05 16:44:44", "elapsed": 4.561134, "delta": 0.442336}}
{"target": -2798.7965400000016, "params": {"spark.default.parallelism": 212.98728145584758, "spark.executor.cores": 1.9728814863407895, "spark.executor.instances": 4.957644176551024, "spark.executor.memory": 6.809895126773037, "spark.executor.memoryOverhead": 849.3390654974114, "spark.memory.fraction": 0.7455736009538804, "spark.memory.storageFraction": 0.8893949589300785, "spark.reducer.maxBlocksInFlightPerAddress": 1444033871.2289782, "spark.reducer.maxSizeInFlight": 67.09683444804872, "spark.shuffle.file.buffer": 29.907039149072304}, "datetime": {"datetime": "2022-01-05 16:44:45", "elapsed": 4.991982, "delta": 0.430848}}
{"target": -2813.1759300000012, "params": {"spark.default.parallelism": 411.29401951517286, "spark.executor.cores": 2.3632906752052456, "spark.executor.instances": 6.7885941150110245, "spark.executor.memory": 5.474402970246146, "spark.executor.memoryOverhead": 458.43350150686535, "spark.memory.fraction": 0.8043209825223024, "spark.memory.storageFraction": 0.8124183288775828, "spark.reducer.maxBlocksInFlightPerAddress": 2044515012.178935, "spark.reducer.maxSizeInFlight": 35.22089724499708, "spark.shuffle.file.buffer": 21.653724578314925}, "datetime": {"datetime": "2022-01-05 16:44:45", "elapsed": 5.437705, "delta": 0.445723}}
{"target": -2798.096950000001, "params": {"spark.default.parallelism": 282.6809308282576, "spark.executor.cores": 2.8494816270767434, "spark.executor.instances": 5.547956937025169, "spark.executor.memory": 4.971523493725281, "spark.executor.memoryOverhead": 509.4379844410101, "spark.memory.fraction": 0.8539866075352254, "spark.memory.storageFraction": 0.6533053827221147, "spark.reducer.maxBlocksInFlightPerAddress": 1393260240.5974011, "spark.reducer.maxSizeInFlight": 58.444558185348214, "spark.shuffle.file.buffer": 22.107838181513838}, "datetime": {"datetime": "2022-01-05 16:44:46", "elapsed": 5.868825, "delta": 0.43112}}
{"target": -2799.51489, "params": {"spark.default.parallelism": 360.44966975594343, "spark.executor.cores": 2.535925756562623, "spark.executor.instances": 4.2123703818101, "spark.executor.memory": 5.196213775402079, "spark.executor.memoryOverhead": 778.8903160085895, "spark.memory.fraction": 0.7598332219513916, "spark.memory.storageFraction": 0.8725788059971643, "spark.reducer.maxBlocksInFlightPerAddress": 1153984101.0803053, "spark.reducer.maxSizeInFlight": 37.286710204828154, "spark.shuffle.file.buffer": 45.41560013619752}, "datetime": {"datetime": "2022-01-05 16:44:46", "elapsed": 6.307071, "delta": 0.438246}}
{"target": -2800.08641, "params": {"spark.default.parallelism": 354.8595383231207, "spark.executor.cores": 2.726452963427699, "spark.executor.instances": 7.936506175539668, "spark.executor.memory": 3.039491901435674, "spark.executor.memoryOverhead": 508.65085066386985, "spark.memory.fraction": 0.5895398681310101, "spark.memory.storageFraction": 0.5190150376911042, "spark.reducer.maxBlocksInFlightPerAddress": 1084664414.7410793, "spark.reducer.maxSizeInFlight": 47.52937498772312, "spark.shuffle.file.buffer": 17.45542866144941}, "datetime": {"datetime": "2022-01-05 16:44:47", "elapsed": 6.751887, "delta": 0.444816}}
{"target": -2796.3445000000006, "params": {"spark.default.parallelism": 253.54844989324647, "spark.executor.cores": 2.939741140689428, "spark.executor.instances": 6.967758101824307, "spark.executor.memory": 4.039166773217659, "spark.executor.memoryOverhead": 670.5490237495476, "spark.memory.fraction": 0.8821049014152748, "spark.memory.storageFraction": 0.5323015631248316, "spark.reducer.maxBlocksInFlightPerAddress": 1163435994.8568676, "spark.reducer.maxSizeInFlight": 53.71847190815555, "spark.shuffle.file.buffer": 23.183791322750647}, "datetime": {"datetime": "2022-01-05 16:44:47", "elapsed": 7.18689, "delta": 0.435003}}
{"target": -2798.572950000001, "params": {"spark.default.parallelism": 263.5164004545459, "spark.executor.cores": 2.6603130523245984, "spark.executor.instances": 4.960380616644841, "spark.executor.memory": 5.52648298100064, "spark.executor.memoryOverhead": 734.394607960496, "spark.memory.fraction": 0.7969533718828408, "spark.memory.storageFraction": 0.6561058818398324, "spark.reducer.maxBlocksInFlightPerAddress": 1889598130.3914661, "spark.reducer.maxSizeInFlight": 67.34092330184208, "spark.shuffle.file.buffer": 34.79744061560246}, "datetime": {"datetime": "2022-01-05 16:44:48", "elapsed": 7.638917, "delta": 0.452027}}
{"target": -2797.082490000001, "params": {"spark.default.parallelism": 454.2880127718163, "spark.executor.cores": 2.3180713193317666, "spark.executor.instances": 5.515324674646927, "spark.executor.memory": 4.66626691605899, "spark.executor.memoryOverhead": 621.7018836236315, "spark.memory.fraction": 0.8741135080027203, "spark.memory.storageFraction": 0.845437181967241, "spark.reducer.maxBlocksInFlightPerAddress": 1586908648.5908895, "spark.reducer.maxSizeInFlight": 50.61688791735202, "spark.shuffle.file.buffer": 44.01292359293829}, "datetime": {"datetime": "2022-01-05 16:44:48", "elapsed": 8.069111, "delta": 0.430194}}
{"target": -2800.4865500000014, "params": {"spark.default.parallelism": 494.0998655411983, "spark.executor.cores": 1.4447663870623515, "spark.executor.instances": 5.8650658966662945, "spark.executor.memory": 6.582567210397786, "spark.executor.memoryOverhead": 680.5066709815026, "spark.memory.fraction": 0.790383538339526, "spark.memory.storageFraction": 0.6654680656805441, "spark.reducer.maxBlocksInFlightPerAddress": 1808513684.5259116, "spark.reducer.maxSizeInFlight": 69.41064143268304, "spark.shuffle.file.buffer": 22.405954103658306}, "datetime": {"datetime": "2022-01-05 16:44:48", "elapsed": 8.512954, "delta": 0.443843}}
{"target": -2798.289240000001, "params": {"spark.default.parallelism": 285.1602547920208, "spark.executor.cores": 2.5234597253854836, "spark.executor.instances": 4.961937299212352, "spark.executor.memory": 4.0169294186294096, "spark.executor.memoryOverhead": 425.4545726107052, "spark.memory.fraction": 0.8456576379056108, "spark.memory.storageFraction": 0.6791595662481119, "spark.reducer.maxBlocksInFlightPerAddress": 1676955227.1654925, "spark.reducer.maxSizeInFlight": 59.362125969288954, "spark.shuffle.file.buffer": 41.48764374819826}, "datetime": {"datetime": "2022-01-05 16:44:49", "elapsed": 8.967041, "delta": 0.454087}}
{"target": -2803.376410000001, "params": {"spark.default.parallelism": 276.10574206630406, "spark.executor.cores": 1.372311339473328, "spark.executor.instances": 5.8872762509503875, "spark.executor.memory": 6.927297671301029, "spark.executor.memoryOverhead": 449.52277516728077, "spark.memory.fraction": 0.6133849729712229, "spark.memory.storageFraction": 0.8202564697133825, "spark.reducer.maxBlocksInFlightPerAddress": 1787540582.560001, "spark.reducer.maxSizeInFlight": 37.380403617284976, "spark.shuffle.file.buffer": 26.06872341680358}, "datetime": {"datetime": "2022-01-05 16:44:49", "elapsed": 9.429546, "delta": 0.462505}}
{"target": -2799.0227200000018, "params": {"spark.default.parallelism": 358.0147581075847, "spark.executor.cores": 1.058544242806225, "spark.executor.instances": 6.2203470660886975, "spark.executor.memory": 4.171991534513429, "spark.executor.memoryOverhead": 668.7029057396788, "spark.memory.fraction": 0.7931079413045468, "spark.memory.storageFraction": 0.6761351307185751, "spark.reducer.maxBlocksInFlightPerAddress": 1785801039.5993266, "spark.reducer.maxSizeInFlight": 35.46767783377018, "spark.shuffle.file.buffer": 47.95517083476736}, "datetime": {"datetime": "2022-01-05 16:44:50", "elapsed": 9.878135, "delta": 0.448589}}
{"target": -2797.5006700000017, "params": {"spark.default.parallelism": 282.63860799503124, "spark.executor.cores": 2.0188171628775247, "spark.executor.instances": 7.543292468598886, "spark.executor.memory": 5.261158681462273, "spark.executor.memoryOverhead": 710.9324034919082, "spark.memory.fraction": 0.6765516923814003, "spark.memory.storageFraction": 0.8888556348485809, "spark.reducer.maxBlocksInFlightPerAddress": 1871019235.349078, "spark.reducer.maxSizeInFlight": 41.035320520837125, "spark.shuffle.file.buffer": 36.9129930452371}, "datetime": {"datetime": "2022-01-05 16:44:50", "elapsed": 10.307485, "delta": 0.42935}}
{"target": -2800.1821000000014, "params": {"spark.default.parallelism": 295.68076067522725, "spark.executor.cores": 2.926064677569351, "spark.executor.instances": 7.753047074009514, "spark.executor.memory": 4.040075887826769, "spark.executor.memoryOverhead": 483.2861838808641, "spark.memory.fraction": 0.7355634813224309, "spark.memory.storageFraction": 0.8370072839366236, "spark.reducer.maxBlocksInFlightPerAddress": 1435293340.0821228, "spark.reducer.maxSizeInFlight": 52.148612230284556, "spark.shuffle.file.buffer": 21.19183998332185}, "datetime": {"datetime": "2022-01-05 16:44:51", "elapsed": 10.755927, "delta": 0.448442}}
{"target": -2800.03504, "params": {"spark.default.parallelism": 308.92199708134945, "spark.executor.cores": 1.4562832685858444, "spark.executor.instances": 7.390010409081608, "spark.executor.memory": 4.365896320085195, "spark.executor.memoryOverhead": 495.8071350884686, "spark.memory.fraction": 0.6632725611409129, "spark.memory.storageFraction": 0.7732256190488989, "spark.reducer.maxBlocksInFlightPerAddress": 1144202907.8593664, "spark.reducer.maxSizeInFlight": 32.67500225294351, "spark.shuffle.file.buffer": 38.217822045559316}, "datetime": {"datetime": "2022-01-05 16:44:51", "elapsed": 11.194038, "delta": 0.438111}}
{"target": -2810.0079900000005, "params": {"spark.default.parallelism": 324.06811393273756, "spark.executor.cores": 2.188288655783079, "spark.executor.instances": 4.501127784744595, "spark.executor.memory": 6.141475799475463, "spark.executor.memoryOverhead": 689.6561562368778, "spark.memory.fraction": 0.7460886766033819, "spark.memory.storageFraction": 0.780483236767453, "spark.reducer.maxBlocksInFlightPerAddress": 2133721586.1598907, "spark.reducer.maxSizeInFlight": 50.994933885944555, "spark.shuffle.file.buffer": 43.661320374347135}, "datetime": {"datetime": "2022-01-05 16:44:52", "elapsed": 11.637912, "delta": 0.443874}}
{"target": -2803.317180000001, "params": {"spark.default.parallelism": 266.11007034610844, "spark.executor.cores": 1.9706749079367611, "spark.executor.instances": 7.971925430549914, "spark.executor.memory": 4.29664521272494, "spark.executor.memoryOverhead": 401.4334263092178, "spark.memory.fraction": 0.8269406917136053, "spark.memory.storageFraction": 0.701322713439865, "spark.reducer.maxBlocksInFlightPerAddress": 1130418056.9465075, "spark.reducer.maxSizeInFlight": 66.73464130676358, "spark.shuffle.file.buffer": 28.94446015937145}, "datetime": {"datetime": "2022-01-05 16:44:52", "elapsed": 12.063892, "delta": 0.42598}}
{"target": -2801.846450000002, "params": {"spark.default.parallelism": 479.4216401794563, "spark.executor.cores": 2.7742423533146128, "spark.executor.instances": 6.381864675878171, "spark.executor.memory": 3.4374706220274147, "spark.executor.memoryOverhead": 469.55652489335324, "spark.memory.fraction": 0.7307841483730434, "spark.memory.storageFraction": 0.600662789400058, "spark.reducer.maxBlocksInFlightPerAddress": 1396048874.7322984, "spark.reducer.maxSizeInFlight": 32.20739274926488, "spark.shuffle.file.buffer": 22.066935010328475}, "datetime": {"datetime": "2022-01-05 16:44:52", "elapsed": 12.510803, "delta": 0.446911}}
{"target": -2797.336490000002, "params": {"spark.default.parallelism": 268.73951295921245, "spark.executor.cores": 2.8418070387026355, "spark.executor.instances": 5.065837059742085, "spark.executor.memory": 6.23809263098431, "spark.executor.memoryOverhead": 566.1695410061999, "spark.memory.fraction": 0.6397567025621885, "spark.memory.storageFraction": 0.7297348956414205, "spark.reducer.maxBlocksInFlightPerAddress": 1597132106.3469992, "spark.reducer.maxSizeInFlight": 29.44696162735556, "spark.shuffle.file.buffer": 31.41986538763026}, "datetime": {"datetime": "2022-01-05 16:44:53", "elapsed": 12.955013, "delta": 0.44421}}
{"target": -2797.3060000000005, "params": {"spark.default.parallelism": 284.7312419705135, "spark.executor.cores": 2.9864735689310913, "spark.executor.instances": 5.023004107807599, "spark.executor.memory": 6.682702391036489, "spark.executor.memoryOverhead": 595.1692603835431, "spark.memory.fraction": 0.8741708049365635, "spark.memory.storageFraction": 0.8355379336792732, "spark.reducer.maxBlocksInFlightPerAddress": 1241006452.7442427, "spark.reducer.maxSizeInFlight": 51.56560100884239, "spark.shuffle.file.buffer": 37.55209646994196}, "datetime": {"datetime": "2022-01-05 16:44:53", "elapsed": 13.401267, "delta": 0.446254}}
{"target": -2799.1130000000016, "params": {"spark.default.parallelism": 463.0651099425955, "spark.executor.cores": 1.6393002237241052, "spark.executor.instances": 4.444707807679224, "spark.executor.memory": 6.461456423129519, "spark.executor.memoryOverhead": 533.6119907950318, "spark.memory.fraction": 0.6677329192667545, "spark.memory.storageFraction": 0.758412102828629, "spark.reducer.maxBlocksInFlightPerAddress": 1723462071.0089607, "spark.reducer.maxSizeInFlight": 44.20430805671424, "spark.shuffle.file.buffer": 28.356816379858994}, "datetime": {"datetime": "2022-01-05 16:44:54", "elapsed": 13.849098, "delta": 0.447831}}
{"target": -2809.5754700000007, "params": {"spark.default.parallelism": 469.8592747658213, "spark.executor.cores": 2.76136723581403, "spark.executor.instances": 5.772445601307133, "spark.executor.memory": 3.818940345969028, "spark.executor.memoryOverhead": 695.6708410188701, "spark.memory.fraction": 0.7547343901386201, "spark.memory.storageFraction": 0.7769670013514411, "spark.reducer.maxBlocksInFlightPerAddress": 2048133754.935586, "spark.reducer.maxSizeInFlight": 61.56388694614073, "spark.shuffle.file.buffer": 36.009309947387095}, "datetime": {"datetime": "2022-01-05 16:44:54", "elapsed": 14.313972, "delta": 0.464874}}
{"target": -2799.5625100000007, "params": {"spark.default.parallelism": 366.87179543615815, "spark.executor.cores": 1.7599369939898446, "spark.executor.instances": 6.377820974492044, "spark.executor.memory": 5.160440166981372, "spark.executor.memoryOverhead": 564.4705658988058, "spark.memory.fraction": 0.6600454752965251, "spark.memory.storageFraction": 0.680134171123469, "spark.reducer.maxBlocksInFlightPerAddress": 1163462783.4463701, "spark.reducer.maxSizeInFlight": 49.09853231947648, "spark.shuffle.file.buffer": 21.48045884864102}, "datetime": {"datetime": "2022-01-05 16:44:55", "elapsed": 14.761953, "delta": 0.447981}}
{"target": -2799.0028100000013, "params": {"spark.default.parallelism": 219.09493229633702, "spark.executor.cores": 2.0787747325736223, "spark.executor.instances": 5.368980981974096, "spark.executor.memory": 4.247199474188338, "spark.executor.memoryOverhead": 843.11188681153, "spark.memory.fraction": 0.8620338946114591, "spark.memory.storageFraction": 0.804704819177505, "spark.reducer.maxBlocksInFlightPerAddress": 1596905525.117421, "spark.reducer.maxSizeInFlight": 58.16383314846537, "spark.shuffle.file.buffer": 35.12310525871767}, "datetime": {"datetime": "2022-01-05 16:44:55", "elapsed": 15.221968, "delta": 0.460015}}
{"target": -2800.1274600000006, "params": {"spark.default.parallelism": 294.7002499168417, "spark.executor.cores": 2.651924251670176, "spark.executor.instances": 4.185263022100591, "spark.executor.memory": 4.150191276638522, "spark.executor.memoryOverhead": 463.98404370837756, "spark.memory.fraction": 0.6599663269485374, "spark.memory.storageFraction": 0.687633230596338, "spark.reducer.maxBlocksInFlightPerAddress": 1163312890.5040655, "spark.reducer.maxSizeInFlight": 44.03901712977979, "spark.shuffle.file.buffer": 38.80124221239255}, "datetime": {"datetime": "2022-01-05 16:44:56", "elapsed": 15.667774, "delta": 0.445806}}
{"target": -2796.508120000001, "params": {"spark.default.parallelism": 250.18916916721452, "spark.executor.cores": 2.697243672142444, "spark.executor.instances": 4.556749459554721, "spark.executor.memory": 6.691501844291489, "spark.executor.memoryOverhead": 522.1079573506529, "spark.memory.fraction": 0.7700708326470788, "spark.memory.storageFraction": 0.6982842082701178, "spark.reducer.maxBlocksInFlightPerAddress": 1502523227.1164966, "spark.reducer.maxSizeInFlight": 54.93838103792517, "spark.shuffle.file.buffer": 38.978549156762384}, "datetime": {"datetime": "2022-01-05 16:44:56", "elapsed": 16.143502, "delta": 0.475728}}
{"target": -2798.455990000001, "params": {"spark.default.parallelism": 314.91941366527, "spark.executor.cores": 2.962033583901974, "spark.executor.instances": 4.459242271141067, "spark.executor.memory": 3.7996314522455035, "spark.executor.memoryOverhead": 501.8497590224648, "spark.memory.fraction": 0.7786616801760922, "spark.memory.storageFraction": 0.7854752365282006, "spark.reducer.maxBlocksInFlightPerAddress": 1916366019.9917634, "spark.reducer.maxSizeInFlight": 42.29012999173685, "spark.shuffle.file.buffer": 43.276905205041736}, "datetime": {"datetime": "2022-01-05 16:44:57", "elapsed": 16.593918, "delta": 0.450416}}
{"target": -2796.7528300000017, "params": {"spark.default.parallelism": 225.5926612895939, "spark.executor.cores": 2.759184371106253, "spark.executor.instances": 4.813205925802607, "spark.executor.memory": 5.151478171034954, "spark.executor.memoryOverhead": 642.2439130523535, "spark.memory.fraction": 0.6963293676880142, "spark.memory.storageFraction": 0.6174017035959906, "spark.reducer.maxBlocksInFlightPerAddress": 1723458429.8033943, "spark.reducer.maxSizeInFlight": 58.944266539329206, "spark.shuffle.file.buffer": 36.99456471814516}, "datetime": {"datetime": "2022-01-05 16:44:57", "elapsed": 17.036432, "delta": 0.442514}}
{"target": -2797.4027800000013, "params": {"spark.default.parallelism": 231.23488033674488, "spark.executor.cores": 2.6051545368880014, "spark.executor.instances": 5.067463242942478, "spark.executor.memory": 4.370968633613235, "spark.executor.memoryOverhead": 587.1755292633576, "spark.memory.fraction": 0.8057581480231009, "spark.memory.storageFraction": 0.7624421108440305, "spark.reducer.maxBlocksInFlightPerAddress": 1294424255.1801345, "spark.reducer.maxSizeInFlight": 60.0849206873018, "spark.shuffle.file.buffer": 38.904242123596006}, "datetime": {"datetime": "2022-01-05 16:44:57", "elapsed": 17.500198, "delta": 0.463766}}
