{"target": -2795.3829800000017, "params": {"spark.default.parallelism": 363.8550437834961, "spark.executor.cores": 2.4901132316443815, "spark.executor.instances": 6.557415113003248, "spark.executor.memory": 5.960907130640435, "spark.executor.memoryOverhead": 715.2867988039533, "spark.memory.fraction": 0.5855573069593196, "spark.memory.storageFraction": 0.5673273540135044, "spark.reducer.maxBlocksInFlightPerAddress": 1577755800.4439666, "spark.reducer.maxSizeInFlight": 24.46293599673976, "spark.shuffle.file.buffer": 38.13387004756572}, "datetime": {"datetime": "2022-01-05 16:35:05", "elapsed": 0.0, "delta": 0.0}}
{"target": -2801.8740600000015, "params": {"spark.default.parallelism": 356.05478572773075, "spark.executor.cores": 1.1326149264382028, "spark.executor.instances": 7.504018986704479, "spark.executor.memory": 5.5270244970680835, "spark.executor.memoryOverhead": 435.2613097795143, "spark.memory.fraction": 0.6850217173365318, "spark.memory.storageFraction": 0.8734981584208561, "spark.reducer.maxBlocksInFlightPerAddress": 1298598223.233336, "spark.reducer.maxSizeInFlight": 64.90134211817877, "spark.shuffle.file.buffer": 24.392731672590983}, "datetime": {"datetime": "2022-01-05 16:35:05", "elapsed": 0.024964, "delta": 0.024964}}
{"target": -2797.973490000001, "params": {"spark.default.parallelism": 497.8232381387612, "spark.executor.cores": 1.5357092841025661, "spark.executor.instances": 7.118838195332291, "spark.executor.memory": 5.1525681835335995, "spark.executor.memoryOverhead": 615.0959697947637, "spark.memory.fraction": 0.8974296017769573, "spark.memory.storageFraction": 0.8607012680955661, "spark.reducer.maxBlocksInFlightPerAddress": 1454634716.5611765, "spark.reducer.maxSizeInFlight": 36.98012939721371, "spark.shuffle.file.buffer": 45.28792508866291}, "datetime": {"datetime": "2022-01-05 16:35:05", "elapsed": 0.049889, "delta": 0.024925}}
{"target": -2798.2039800000016, "params": {"spark.default.parallelism": 224.63541877151138, "spark.executor.cores": 2.3110348398378178, "spark.executor.instances": 7.219894467004928, "spark.executor.memory": 6.5757934293835625, "spark.executor.memoryOverhead": 834.6290544614162, "spark.memory.fraction": 0.6084800580292221, "spark.memory.storageFraction": 0.7007875240036819, "spark.reducer.maxBlocksInFlightPerAddress": 1675314259.5293026, "spark.reducer.maxSizeInFlight": 39.353856118066005, "spark.shuffle.file.buffer": 30.320409956227067}, "datetime": {"datetime": "2022-01-05 16:35:05", "elapsed": 0.074827, "delta": 0.024938}}
{"target": -2800.9318200000016, "params": {"spark.default.parallelism": 294.1083230143035, "spark.executor.cores": 2.6637934393271596, "spark.executor.instances": 4.002197402986432, "spark.executor.memory": 4.1100788567486575, "spark.executor.memoryOverhead": 576.7303679043127, "spark.memory.fraction": 0.7456831053969153, "spark.memory.storageFraction": 0.7719492227638038, "spark.reducer.maxBlocksInFlightPerAddress": 1887637223.1221094, "spark.reducer.maxSizeInFlight": 71.11719251274286, "spark.shuffle.file.buffer": 28.033069970896058}, "datetime": {"datetime": "2022-01-05 16:35:05", "elapsed": 0.09976, "delta": 0.024933}}
{"target": -2796.3471800000007, "params": {"spark.default.parallelism": 458.10694592920026, "spark.executor.cores": 2.775932902878953, "spark.executor.instances": 4.252243769915513, "spark.executor.memory": 5.314776126542101, "spark.executor.memoryOverhead": 484.7645074816815, "spark.memory.fraction": 0.8574895631910557, "spark.memory.storageFraction": 0.6490048754521881, "spark.reducer.maxBlocksInFlightPerAddress": 1270752892.5232868, "spark.reducer.maxSizeInFlight": 46.70853457973564, "spark.shuffle.file.buffer": 34.96708177847053}, "datetime": {"datetime": "2022-01-05 16:35:05", "elapsed": 0.124667, "delta": 0.024907}}
{"target": -2799.5599200000015, "params": {"spark.default.parallelism": 248.36479307151077, "spark.executor.cores": 1.774300452151697, "spark.executor.instances": 6.114827426092834, "spark.executor.memory": 3.9612473497969365, "spark.executor.memoryOverhead": 549.7983509416104, "spark.memory.fraction": 0.6447240734304697, "spark.memory.storageFraction": 0.7886621538795173, "spark.reducer.maxBlocksInFlightPerAddress": 1504325080.0883126, "spark.reducer.maxSizeInFlight": 60.33154540531453, "spark.shuffle.file.buffer": 29.578461864685316}, "datetime": {"datetime": "2022-01-05 16:35:05", "elapsed": 0.150619, "delta": 0.025952}}
{"target": -2803.5075800000004, "params": {"spark.default.parallelism": 374.3373963387252, "spark.executor.cores": 1.8411076791187992, "spark.executor.instances": 6.705107889864614, "spark.executor.memory": 4.773231425492622, "spark.executor.memoryOverhead": 861.8688425746566, "spark.memory.fraction": 0.7781337135502835, "spark.memory.storageFraction": 0.5984319676717994, "spark.reducer.maxBlocksInFlightPerAddress": 1099671146.4733777, "spark.reducer.maxSizeInFlight": 26.22494022935097, "spark.shuffle.file.buffer": 16.854962604456208}, "datetime": {"datetime": "2022-01-05 16:35:05", "elapsed": 0.174533, "delta": 0.023914}}
{"target": -2808.714890000001, "params": {"spark.default.parallelism": 303.82085529645553, "spark.executor.cores": 2.0725914629197675, "spark.executor.instances": 6.991448504723645, "spark.executor.memory": 6.2658137447152695, "spark.executor.memoryOverhead": 848.1265656379325, "spark.memory.fraction": 0.719250609256921, "spark.memory.storageFraction": 0.6204695963611644, "spark.reducer.maxBlocksInFlightPerAddress": 2054760189.5677395, "spark.reducer.maxSizeInFlight": 43.17878138017808, "spark.shuffle.file.buffer": 27.025294206346626}, "datetime": {"datetime": "2022-01-05 16:35:05", "elapsed": 0.200463, "delta": 0.02593}}
{"target": -2797.0418400000017, "params": {"spark.default.parallelism": 467.4258607166997, "spark.executor.cores": 1.060216638594685, "spark.executor.instances": 4.293845870460839, "spark.executor.memory": 3.050445083569783, "spark.executor.memoryOverhead": 712.0211278922604, "spark.memory.fraction": 0.8358867559902416, "spark.memory.storageFraction": 0.5810201376403048, "spark.reducer.maxBlocksInFlightPerAddress": 1623365384.9237754, "spark.reducer.maxSizeInFlight": 28.578536086365254, "spark.shuffle.file.buffer": 32.02483636538572}, "datetime": {"datetime": "2022-01-05 16:35:05", "elapsed": 0.225397, "delta": 0.024934}}
{"target": -2803.285110000001, "params": {"spark.default.parallelism": 431.8942084680644, "spark.executor.cores": 2.711114216216429, "spark.executor.instances": 4.861556044929181, "spark.executor.memory": 4.70276989609705, "spark.executor.memoryOverhead": 452.22311833759636, "spark.memory.fraction": 0.8101076055045455, "spark.memory.storageFraction": 0.8263874977828722, "spark.reducer.maxBlocksInFlightPerAddress": 1470596318.765552, "spark.reducer.maxSizeInFlight": 55.20953544826325, "spark.shuffle.file.buffer": 20.41412342685515}, "datetime": {"datetime": "2022-01-05 16:35:05", "elapsed": 0.250352, "delta": 0.024955}}
{"target": -2804.084240000001, "params": {"spark.default.parallelism": 281.8509633068738, "spark.executor.cores": 2.9386799766724283, "spark.executor.instances": 7.398141742703961, "spark.executor.memory": 5.675480039403644, "spark.executor.memoryOverhead": 545.3556713226856, "spark.memory.fraction": 0.7589033299299583, "spark.memory.storageFraction": 0.6847442536556841, "spark.reducer.maxBlocksInFlightPerAddress": 1941506070.6014671, "spark.reducer.maxSizeInFlight": 61.664219579467265, "spark.shuffle.file.buffer": 31.18168897151677}, "datetime": {"datetime": "2022-01-05 16:35:06", "elapsed": 0.276283, "delta": 0.025931}}
{"target": -2796.2510000000016, "params": {"spark.default.parallelism": 477.42598290635965, "spark.executor.cores": 1.1528036568891202, "spark.executor.instances": 5.479561742591624, "spark.executor.memory": 4.470407812039175, "spark.executor.memoryOverhead": 744.7417491651518, "spark.memory.fraction": 0.5208394643769895, "spark.memory.storageFraction": 0.5335113004776699, "spark.reducer.maxBlocksInFlightPerAddress": 1734666849.9341059, "spark.reducer.maxSizeInFlight": 53.159416842094885, "spark.shuffle.file.buffer": 22.828855959753124}, "datetime": {"datetime": "2022-01-05 16:35:06", "elapsed": 0.300784, "delta": 0.024501}}
{"target": -2793.110060000001, "params": {"spark.default.parallelism": 447.09611584765196, "spark.executor.cores": 2.041667791130445, "spark.executor.instances": 4.952811204053295, "spark.executor.memory": 3.4020766469994106, "spark.executor.memoryOverhead": 520.2045109326264, "spark.memory.fraction": 0.7856190160221419, "spark.memory.storageFraction": 0.5123602034661638, "spark.reducer.maxBlocksInFlightPerAddress": 1690260394.49756, "spark.reducer.maxSizeInFlight": 46.27997558732298, "spark.shuffle.file.buffer": 41.33302259535108}, "datetime": {"datetime": "2022-01-05 16:35:06", "elapsed": 0.325707, "delta": 0.024923}}
{"target": -2799.8747200000016, "params": {"spark.default.parallelism": 417.7015670287028, "spark.executor.cores": 1.9667602832811393, "spark.executor.instances": 5.324460848821193, "spark.executor.memory": 4.46052022661237, "spark.executor.memoryOverhead": 473.0398321620853, "spark.memory.fraction": 0.7387001096866649, "spark.memory.storageFraction": 0.7308154424820361, "spark.reducer.maxBlocksInFlightPerAddress": 1897336817.8909602, "spark.reducer.maxSizeInFlight": 36.2441331680739, "spark.shuffle.file.buffer": 40.4473812713741}, "datetime": {"datetime": "2022-01-05 16:35:06", "elapsed": 0.34962, "delta": 0.023913}}
{"target": -4337.019659999998, "params": {"spark.default.parallelism": 326.83234689701396, "spark.executor.cores": 2.139284870534304, "spark.executor.instances": 7.723949336618151, "spark.executor.memory": 6.837500000871166, "spark.executor.memoryOverhead": 403.7125589751044, "spark.memory.fraction": 0.8668560448028614, "spark.memory.storageFraction": 0.8953278444398822, "spark.reducer.maxBlocksInFlightPerAddress": 1188633458.620024, "spark.reducer.maxSizeInFlight": 56.00649777218514, "spark.shuffle.file.buffer": 19.32190851096742}, "datetime": {"datetime": "2022-01-05 16:35:06", "elapsed": 0.37555, "delta": 0.02593}}
{"target": -2801.8027400000005, "params": {"spark.default.parallelism": 383.62938043293144, "spark.executor.cores": 1.4743803123637285, "spark.executor.instances": 4.54419014023665, "spark.executor.memory": 6.642254466250542, "spark.executor.memoryOverhead": 504.07746074264713, "spark.memory.fraction": 0.5396174137767065, "spark.memory.storageFraction": 0.8344971514761789, "spark.reducer.maxBlocksInFlightPerAddress": 1110341652.729793, "spark.reducer.maxSizeInFlight": 41.100864411537636, "spark.shuffle.file.buffer": 18.65217295036582}, "datetime": {"datetime": "2022-01-05 16:35:06", "elapsed": 0.399486, "delta": 0.023936}}
{"target": -2807.1448900000014, "params": {"spark.default.parallelism": 218.67815465099545, "spark.executor.cores": 1.4556782731881048, "spark.executor.instances": 5.771328208285757, "spark.executor.memory": 3.561535827169454, "spark.executor.memoryOverhead": 608.7848960633327, "spark.memory.fraction": 0.546407547736318, "spark.memory.storageFraction": 0.5634246917849116, "spark.reducer.maxBlocksInFlightPerAddress": 2098136288.6756027, "spark.reducer.maxSizeInFlight": 48.01639850043194, "spark.shuffle.file.buffer": 43.126179145469266}, "datetime": {"datetime": "2022-01-05 16:35:06", "elapsed": 0.425417, "delta": 0.025931}}
{"target": -2795.9449800000016, "params": {"spark.default.parallelism": 234.9060092467934, "spark.executor.cores": 1.6085882578805952, "spark.executor.instances": 7.991747597328656, "spark.executor.memory": 5.122946391867249, "spark.executor.memoryOverhead": 584.0263643891403, "spark.memory.fraction": 0.5053462393054933, "spark.memory.storageFraction": 0.6336530109576478, "spark.reducer.maxBlocksInFlightPerAddress": 1326081296.7799976, "spark.reducer.maxSizeInFlight": 51.5064101077295, "spark.shuffle.file.buffer": 36.5148408953491}, "datetime": {"datetime": "2022-01-05 16:35:06", "elapsed": 0.449352, "delta": 0.023935}}
{"target": -2798.9086600000014, "params": {"spark.default.parallelism": 260.7233864014635, "spark.executor.cores": 1.2183492647640972, "spark.executor.instances": 5.171696788828495, "spark.executor.memory": 6.1758101930647875, "spark.executor.memoryOverhead": 780.6839771560221, "spark.memory.fraction": 0.625079428055138, "spark.memory.storageFraction": 0.5511875377081746, "spark.reducer.maxBlocksInFlightPerAddress": 1795906392.9223557, "spark.reducer.maxSizeInFlight": 30.193943865018145, "spark.shuffle.file.buffer": 47.942018925705014}, "datetime": {"datetime": "2022-01-05 16:35:06", "elapsed": 0.474286, "delta": 0.024934}}
{"target": -2798.483990000001, "params": {"spark.default.parallelism": 422.63665824333566, "spark.executor.cores": 2.859090986343608, "spark.executor.instances": 4.492663697284679, "spark.executor.memory": 5.891098783346402, "spark.executor.memoryOverhead": 749.9028296909664, "spark.memory.fraction": 0.7997104288414798, "spark.memory.storageFraction": 0.6615478230020404, "spark.reducer.maxBlocksInFlightPerAddress": 1251538251.9813795, "spark.reducer.maxSizeInFlight": 70.21760443879398, "spark.shuffle.file.buffer": 25.726310762692833}, "datetime": {"datetime": "2022-01-05 16:35:06", "elapsed": 0.500244, "delta": 0.025958}}
{"target": -2798.0429000000017, "params": {"spark.default.parallelism": 256.4629272817649, "spark.executor.cores": 1.269134392457368, "spark.executor.instances": 5.394408955447484, "spark.executor.memory": 3.2081349147482285, "spark.executor.memoryOverhead": 647.9004658621486, "spark.memory.fraction": 0.8822513267649852, "spark.memory.storageFraction": 0.6910472135711142, "spark.reducer.maxBlocksInFlightPerAddress": 1840980911.5618153, "spark.reducer.maxSizeInFlight": 66.15092277966778, "spark.shuffle.file.buffer": 41.730727966615156}, "datetime": {"datetime": "2022-01-05 16:35:06", "elapsed": 0.525276, "delta": 0.025032}}
{"target": -2807.058900000002, "params": {"spark.default.parallelism": 311.58364253368353, "spark.executor.cores": 2.8745280618515814, "spark.executor.instances": 7.798321920832712, "spark.executor.memory": 6.436838760249847, "spark.executor.memoryOverhead": 808.0229972055004, "spark.memory.fraction": 0.562215361145918, "spark.memory.storageFraction": 0.8540722163777673, "spark.reducer.maxBlocksInFlightPerAddress": 1977372615.5786371, "spark.reducer.maxSizeInFlight": 63.07479176413857, "spark.shuffle.file.buffer": 24.852730967949867}, "datetime": {"datetime": "2022-01-05 16:35:06", "elapsed": 0.550209, "delta": 0.024933}}
{"target": -2804.9894500000005, "params": {"spark.default.parallelism": 334.9317301573535, "spark.executor.cores": 1.3586349592929565, "spark.executor.instances": 5.705949417811427, "spark.executor.memory": 3.7569387138202304, "spark.executor.memoryOverhead": 770.0408322419853, "spark.memory.fraction": 0.6671241123849591, "spark.memory.storageFraction": 0.5228487348412116, "spark.reducer.maxBlocksInFlightPerAddress": 2143980441.9537623, "spark.reducer.maxSizeInFlight": 50.49761537492925, "spark.shuffle.file.buffer": 33.78092128773465}, "datetime": {"datetime": "2022-01-05 16:35:06", "elapsed": 0.575142, "delta": 0.024933}}
{"target": -2798.1584500000004, "params": {"spark.default.parallelism": 343.62080496363274, "spark.executor.cores": 2.2146592538965035, "spark.executor.instances": 4.71667128998549, "spark.executor.memory": 3.879107903873625, "spark.executor.memoryOverhead": 676.9355948386269, "spark.memory.fraction": 0.8288118777845012, "spark.memory.storageFraction": 0.7582486894881947, "spark.reducer.maxBlocksInFlightPerAddress": 1161973369.4037716, "spark.reducer.maxSizeInFlight": 68.49961212257844, "spark.shuffle.file.buffer": 38.95389925634429}, "datetime": {"datetime": "2022-01-05 16:35:06", "elapsed": 0.601173, "delta": 0.026031}}
{"target": -2811.0318600000014, "params": {"spark.default.parallelism": 405.84557485209467, "spark.executor.cores": 2.40771256823375, "spark.executor.instances": 6.235008317208035, "spark.executor.memory": 4.928772532763618, "spark.executor.memoryOverhead": 394.60964704820685, "spark.memory.fraction": 0.6964638548515666, "spark.memory.storageFraction": 0.7147173790990493, "spark.reducer.maxBlocksInFlightPerAddress": 2010187263.991856, "spark.reducer.maxSizeInFlight": 32.44722649321905, "spark.shuffle.file.buffer": 35.572362196156924}, "datetime": {"datetime": "2022-01-05 16:35:06", "elapsed": 0.626032, "delta": 0.024859}}
{"target": -2802.0884000000015, "params": {"spark.default.parallelism": 394.67282564343475, "spark.executor.cores": 1.8693249715144082, "spark.executor.instances": 5.991481964797323, "spark.executor.memory": 5.627838981648172, "spark.executor.memoryOverhead": 425.75442287843333, "spark.memory.fraction": 0.5983896427313741, "spark.memory.storageFraction": 0.7507103167890666, "spark.reducer.maxBlocksInFlightPerAddress": 1392075284.5729842, "spark.reducer.maxSizeInFlight": 43.42218879359642, "spark.shuffle.file.buffer": 46.174760703179885}, "datetime": {"datetime": "2022-01-05 16:35:06", "elapsed": 0.651962, "delta": 0.02593}}
{"target": -2803.0049700000013, "params": {"spark.default.parallelism": 489.52386313036646, "spark.executor.cores": 1.6772833033756864, "spark.executor.instances": 6.526467325034352, "spark.executor.memory": 4.229543450072112, "spark.executor.memoryOverhead": 693.2551713522898, "spark.memory.fraction": 0.7053138106358237, "spark.memory.storageFraction": 0.7955862525815387, "spark.reducer.maxBlocksInFlightPerAddress": 1781740598.6222332, "spark.reducer.maxSizeInFlight": 57.771289195790104, "spark.shuffle.file.buffer": 17.784534338203276}, "datetime": {"datetime": "2022-01-05 16:35:06", "elapsed": 0.676896, "delta": 0.024934}}
{"target": -2797.4360100000013, "params": {"spark.default.parallelism": 201.42749368681018, "spark.executor.cores": 2.5999157274349507, "spark.executor.instances": 6.869301739310037, "spark.executor.memory": 6.906652322589437, "spark.executor.memoryOverhead": 826.2921362784905, "spark.memory.fraction": 0.651794048787608, "spark.memory.storageFraction": 0.8186496800080012, "spark.reducer.maxBlocksInFlightPerAddress": 1567819290.0788174, "spark.reducer.maxSizeInFlight": 30.974801811981006, "spark.shuffle.file.buffer": 43.74939379636089}, "datetime": {"datetime": "2022-01-05 16:35:06", "elapsed": 0.701829, "delta": 0.024933}}
{"target": -2799.2817600000017, "params": {"spark.default.parallelism": 278.57896190615867, "spark.executor.cores": 2.390232628467084, "spark.executor.instances": 6.351686907070318, "spark.executor.memory": 3.2921581647825304, "spark.executor.memoryOverhead": 633.444631706923, "spark.memory.fraction": 0.5680507407505617, "spark.memory.storageFraction": 0.6195231033611605, "spark.reducer.maxBlocksInFlightPerAddress": 1404963521.7744465, "spark.reducer.maxSizeInFlight": 34.013046086233885, "spark.shuffle.file.buffer": 21.466850813318132}, "datetime": {"datetime": "2022-01-05 16:35:06", "elapsed": 0.72776, "delta": 0.025931}}
{"target": -2807.7430000000018, "params": {"spark.default.parallelism": 271.10809407290833, "spark.executor.cores": 2.806759041124508, "spark.executor.instances": 6.294717946689143, "spark.executor.memory": 3.011481308124636, "spark.executor.memoryOverhead": 688.2524424150168, "spark.memory.fraction": 0.6306579607088385, "spark.memory.storageFraction": 0.7108232409030437, "spark.reducer.maxBlocksInFlightPerAddress": 2025014908.6723402, "spark.reducer.maxSizeInFlight": 41.14894848011999, "spark.shuffle.file.buffer": 45.073124829433574}, "datetime": {"datetime": "2022-01-05 16:35:06", "elapsed": 1.14916, "delta": 0.4214}}
{"target": -2798.2498000000014, "params": {"spark.default.parallelism": 485.0528357741239, "spark.executor.cores": 2.113306376390313, "spark.executor.instances": 7.662425399065098, "spark.executor.memory": 5.566264835785351, "spark.executor.memoryOverhead": 576.2738030716343, "spark.memory.fraction": 0.6943962668387639, "spark.memory.storageFraction": 0.7417241931679893, "spark.reducer.maxBlocksInFlightPerAddress": 1663814410.6160128, "spark.reducer.maxSizeInFlight": 68.45670848190977, "spark.shuffle.file.buffer": 45.399469940275395}, "datetime": {"datetime": "2022-01-05 16:35:07", "elapsed": 1.573027, "delta": 0.423867}}
{"target": -2798.403850000001, "params": {"spark.default.parallelism": 340.06400682899186, "spark.executor.cores": 1.69034410231043, "spark.executor.instances": 4.900159831256339, "spark.executor.memory": 5.370047475063187, "spark.executor.memoryOverhead": 537.949029987045, "spark.memory.fraction": 0.8665222213873403, "spark.memory.storageFraction": 0.8638542099806228, "spark.reducer.maxBlocksInFlightPerAddress": 1349820488.749463, "spark.reducer.maxSizeInFlight": 29.3227824357134, "spark.shuffle.file.buffer": 22.17480742461161}, "datetime": {"datetime": "2022-01-05 16:35:07", "elapsed": 2.00487, "delta": 0.431843}}
{"target": -2797.8902700000017, "params": {"spark.default.parallelism": 232.70562920572047, "spark.executor.cores": 2.2675735212238357, "spark.executor.instances": 7.2118529494949515, "spark.executor.memory": 5.787201984480713, "spark.executor.memoryOverhead": 761.7422108703548, "spark.memory.fraction": 0.636981647937408, "spark.memory.storageFraction": 0.838340593211071, "spark.reducer.maxBlocksInFlightPerAddress": 1534128789.5421472, "spark.reducer.maxSizeInFlight": 63.5524737797913, "spark.shuffle.file.buffer": 36.0478770759774}, "datetime": {"datetime": "2022-01-05 16:35:08", "elapsed": 2.443519, "delta": 0.438649}}
