{"target": -2808.126420000002, "params": {"spark.default.parallelism": 343.59018672873646, "spark.executor.cores": 2.448076645982887, "spark.executor.instances": 7.814603043347558, "spark.executor.memory": 5.6504760030403745, "spark.executor.memoryOverhead": 592.3106071842376, "spark.memory.fraction": 0.5952041202588674, "spark.memory.storageFraction": 0.8608057761105529, "spark.reducer.maxBlocksInFlightPerAddress": 1949606526.3828263, "spark.reducer.maxSizeInFlight": 53.743738370119694, "spark.shuffle.file.buffer": 17.118354738209362}, "datetime": {"datetime": "2022-01-07 15:41:07", "elapsed": 0.0, "delta": 0.0}}
{"target": -2800.6922800000016, "params": {"spark.default.parallelism": 275.31895243642214, "spark.executor.cores": 2.784774777617848, "spark.executor.instances": 5.226947425490717, "spark.executor.memory": 4.195843220300948, "spark.executor.memoryOverhead": 724.8150240585078, "spark.memory.fraction": 0.6871599557792155, "spark.memory.storageFraction": 0.7227999297610922, "spark.reducer.maxBlocksInFlightPerAddress": 1834844857.8490047, "spark.reducer.maxSizeInFlight": 34.65872581543887, "spark.shuffle.file.buffer": 22.18205735804268}, "datetime": {"datetime": "2022-01-07 15:41:07", "elapsed": 0.026929, "delta": 0.026929}}
{"target": -2793.574550000001, "params": {"spark.default.parallelism": 248.416225854355, "spark.executor.cores": 1.5350323807690902, "spark.executor.instances": 6.94617428772813, "spark.executor.memory": 3.850273854160565, "spark.executor.memoryOverhead": 733.8110025800681, "spark.memory.fraction": 0.7077295503554556, "spark.memory.storageFraction": 0.525513164552044, "spark.reducer.maxBlocksInFlightPerAddress": 1345392952.9110694, "spark.reducer.maxSizeInFlight": 39.70986162372269, "spark.shuffle.file.buffer": 35.93597103774577}, "datetime": {"datetime": "2022-01-07 15:41:07", "elapsed": 0.052857, "delta": 0.025928}}
{"target": -2797.057700000001, "params": {"spark.default.parallelism": 418.56994899033566, "spark.executor.cores": 1.1037786526410511, "spark.executor.instances": 5.48162591362531, "spark.executor.memory": 6.873908001428104, "spark.executor.memoryOverhead": 523.9602713957669, "spark.memory.fraction": 0.6589671328875232, "spark.memory.storageFraction": 0.6781864988930933, "spark.reducer.maxBlocksInFlightPerAddress": 1418553251.8865223, "spark.reducer.maxSizeInFlight": 36.75884266014456, "spark.shuffle.file.buffer": 28.873052800538588}, "datetime": {"datetime": "2022-01-07 15:41:07", "elapsed": 0.077793, "delta": 0.024936}}
{"target": -2801.60597, "params": {"spark.default.parallelism": 369.7696995977569, "spark.executor.cores": 2.1987459834832213, "spark.executor.instances": 7.415856290411356, "spark.executor.memory": 3.0571891788430046, "spark.executor.memoryOverhead": 467.67867763719806, "spark.memory.fraction": 0.7983727560862379, "spark.memory.storageFraction": 0.8025111143462671, "spark.reducer.maxBlocksInFlightPerAddress": 1202922834.112973, "spark.reducer.maxSizeInFlight": 67.57669536069653, "spark.shuffle.file.buffer": 41.16580557379424}, "datetime": {"datetime": "2022-01-07 15:41:07", "elapsed": 0.102726, "delta": 0.024933}}
{"target": -2796.116910000001, "params": {"spark.default.parallelism": 321.4844741117439, "spark.executor.cores": 1.3897568675472693, "spark.executor.instances": 7.310400672523372, "spark.executor.memory": 5.236373582795942, "spark.executor.memoryOverhead": 573.5451532826434, "spark.memory.fraction": 0.8528635903074274, "spark.memory.storageFraction": 0.6495751702687871, "spark.reducer.maxBlocksInFlightPerAddress": 1581644534.570926, "spark.reducer.maxSizeInFlight": 65.32402164086923, "spark.shuffle.file.buffer": 39.851698887506025}, "datetime": {"datetime": "2022-01-07 15:41:07", "elapsed": 0.126662, "delta": 0.023936}}
{"target": -2812.586480000001, "params": {"spark.default.parallelism": 441.3125667375981, "spark.executor.cores": 2.881734787581487, "spark.executor.instances": 6.6387135171765355, "spark.executor.memory": 4.611974963289917, "spark.executor.memoryOverhead": 451.34962337167144, "spark.memory.fraction": 0.7283578416436044, "spark.memory.storageFraction": 0.8557908211013623, "spark.reducer.maxBlocksInFlightPerAddress": 2087837419.3329642, "spark.reducer.maxSizeInFlight": 25.26148312724262, "spark.shuffle.file.buffer": 32.79025188121412}, "datetime": {"datetime": "2022-01-07 15:41:07", "elapsed": 0.151624, "delta": 0.024962}}
{"target": -2796.13522, "params": {"spark.default.parallelism": 382.9883300267017, "spark.executor.cores": 1.7667892474974143, "spark.executor.instances": 4.266478176542407, "spark.executor.memory": 5.001062574486883, "spark.executor.memoryOverhead": 612.21033029761, "spark.memory.fraction": 0.8963829430331525, "spark.memory.storageFraction": 0.5122389968132645, "spark.reducer.maxBlocksInFlightPerAddress": 1152294137.951787, "spark.reducer.maxSizeInFlight": 52.71707298996877, "spark.shuffle.file.buffer": 45.88775794305674}, "datetime": {"datetime": "2022-01-07 15:41:07", "elapsed": 0.176528, "delta": 0.024904}}
{"target": -2799.168630000002, "params": {"spark.default.parallelism": 472.81634611530706, "spark.executor.cores": 2.571185042905512, "spark.executor.instances": 7.119821354376276, "spark.executor.memory": 3.673616567976188, "spark.executor.memoryOverhead": 652.3480521065882, "spark.memory.fraction": 0.6619537705394876, "spark.memory.storageFraction": 0.8862486857933086, "spark.reducer.maxBlocksInFlightPerAddress": 1449858456.5863264, "spark.reducer.maxSizeInFlight": 71.45822986828283, "spark.shuffle.file.buffer": 26.96541591128217}, "datetime": {"datetime": "2022-01-07 15:41:07", "elapsed": 0.201462, "delta": 0.024934}}
{"target": -2800.9676100000015, "params": {"spark.default.parallelism": 351.64616911905784, "spark.executor.cores": 1.4054131952951527, "spark.executor.instances": 4.4472249682182134, "spark.executor.memory": 6.3952996023999, "spark.executor.memoryOverhead": 865.4609153823203, "spark.memory.fraction": 0.6107804363432014, "spark.memory.storageFraction": 0.6102064754469118, "spark.reducer.maxBlocksInFlightPerAddress": 1793869608.7677536, "spark.reducer.maxSizeInFlight": 44.14136844937221, "spark.shuffle.file.buffer": 23.185914056090848}, "datetime": {"datetime": "2022-01-07 15:41:07", "elapsed": 0.225396, "delta": 0.023934}}
{"target": -2809.0087100000014, "params": {"spark.default.parallelism": 408.5328190550737, "spark.executor.cores": 1.8912625993035528, "spark.executor.instances": 6.398753928866272, "spark.executor.memory": 6.11669803287111, "spark.executor.memoryOverhead": 820.6488776955019, "spark.memory.fraction": 0.5179127132831147, "spark.memory.storageFraction": 0.7117416869875066, "spark.reducer.maxBlocksInFlightPerAddress": 2027098498.1261055, "spark.reducer.maxSizeInFlight": 48.751208939680296, "spark.shuffle.file.buffer": 34.01179138128042}, "datetime": {"datetime": "2022-01-07 15:41:07", "elapsed": 0.250329, "delta": 0.024933}}
{"target": -2804.0474100000006, "params": {"spark.default.parallelism": 261.22307402705866, "spark.executor.cores": 2.2533792424286085, "spark.executor.instances": 5.866304093973943, "spark.executor.memory": 3.207795365495196, "spark.executor.memoryOverhead": 405.40346723090374, "spark.memory.fraction": 0.5510117106622754, "spark.memory.storageFraction": 0.7913865333874327, "spark.reducer.maxBlocksInFlightPerAddress": 1084142502.2330256, "spark.reducer.maxSizeInFlight": 32.063834538031074, "spark.shuffle.file.buffer": 38.36068841674428}, "datetime": {"datetime": "2022-01-07 15:41:07", "elapsed": 0.274265, "delta": 0.023936}}
{"target": -2797.9831500000014, "params": {"spark.default.parallelism": 311.5321879592114, "spark.executor.cores": 1.0935948160698667, "spark.executor.instances": 4.681094327513101, "spark.executor.memory": 5.822457107515916, "spark.executor.memoryOverhead": 536.6814241265542, "spark.memory.fraction": 0.5314217916240375, "spark.memory.storageFraction": 0.827051079389747, "spark.reducer.maxBlocksInFlightPerAddress": 1647902166.3954525, "spark.reducer.maxSizeInFlight": 30.93330991664736, "spark.shuffle.file.buffer": 25.17363743033077}, "datetime": {"datetime": "2022-01-07 15:41:07", "elapsed": 0.299199, "delta": 0.024934}}
{"target": -2797.1599400000005, "params": {"spark.default.parallelism": 429.5154583670222, "spark.executor.cores": 1.9550570202953654, "spark.executor.instances": 5.75333385304908, "spark.executor.memory": 4.304167092016137, "spark.executor.memoryOverhead": 755.7664824771598, "spark.memory.fraction": 0.7669010610333367, "spark.memory.storageFraction": 0.5508094557399223, "spark.reducer.maxBlocksInFlightPerAddress": 1274829987.0242045, "spark.reducer.maxSizeInFlight": 63.07022216669712, "spark.shuffle.file.buffer": 46.72317129562292}, "datetime": {"datetime": "2022-01-07 15:41:07", "elapsed": 0.323135, "delta": 0.023936}}
{"target": -2797.7222100000013, "params": {"spark.default.parallelism": 222.88168807346867, "spark.executor.cores": 1.648990095788115, "spark.executor.instances": 6.420691688748256, "spark.executor.memory": 3.4618253386948146, "spark.executor.memoryOverhead": 666.6103778761591, "spark.memory.fraction": 0.6392059713898521, "spark.memory.storageFraction": 0.7709523131986962, "spark.reducer.maxBlocksInFlightPerAddress": 1322443973.9498708, "spark.reducer.maxSizeInFlight": 27.05661474140151, "spark.shuffle.file.buffer": 43.30906855004021}, "datetime": {"datetime": "2022-01-07 15:41:07", "elapsed": 0.347071, "delta": 0.023936}}
{"target": -2795.887070000001, "params": {"spark.default.parallelism": 237.52107772542118, "spark.executor.cores": 2.6598949559233294, "spark.executor.instances": 6.078992445639294, "spark.executor.memory": 6.4208019890202, "spark.executor.memoryOverhead": 688.6761229462971, "spark.memory.fraction": 0.5752036857803677, "spark.memory.storageFraction": 0.690274819403144, "spark.reducer.maxBlocksInFlightPerAddress": 1724276786.2145643, "spark.reducer.maxSizeInFlight": 59.79047716619705, "spark.shuffle.file.buffer": 42.353047454407076}, "datetime": {"datetime": "2022-01-07 15:41:07", "elapsed": 0.371007, "delta": 0.023936}}
{"target": -2799.674100000002, "params": {"spark.default.parallelism": 458.4958655807556, "spark.executor.cores": 1.2101574424352406, "spark.executor.instances": 7.759130997536223, "spark.executor.memory": 6.7802814894916885, "spark.executor.memoryOverhead": 426.1433826977488, "spark.memory.fraction": 0.8266494195850693, "spark.memory.storageFraction": 0.6219550318745692, "spark.reducer.maxBlocksInFlightPerAddress": 1696588800.2705946, "spark.reducer.maxSizeInFlight": 60.96618338869021, "spark.shuffle.file.buffer": 31.094904902382083}, "datetime": {"datetime": "2022-01-07 15:41:07", "elapsed": 0.39594, "delta": 0.024933}}
{"target": -2802.2062900000014, "params": {"spark.default.parallelism": 496.25536786332793, "spark.executor.cores": 2.9393377107172207, "spark.executor.instances": 4.060523568758475, "spark.executor.memory": 4.562950061887002, "spark.executor.memoryOverhead": 842.8860031493969, "spark.memory.fraction": 0.8677288894360482, "spark.memory.storageFraction": 0.755954802937912, "spark.reducer.maxBlocksInFlightPerAddress": 1905050801.6758041, "spark.reducer.maxSizeInFlight": 56.62041206745444, "spark.shuffle.file.buffer": 20.223907207349583}, "datetime": {"datetime": "2022-01-07 15:41:07", "elapsed": 0.419876, "delta": 0.023936}}
{"target": -2809.9880500000013, "params": {"spark.default.parallelism": 212.47292243816335, "spark.executor.cores": 2.3057834364316756, "spark.executor.instances": 4.8996289897860885, "spark.executor.memory": 5.446684935028406, "spark.executor.memoryOverhead": 788.4624568093467, "spark.memory.fraction": 0.8023368932025268, "spark.memory.storageFraction": 0.5893236373939019, "spark.reducer.maxBlocksInFlightPerAddress": 2129882920.3576188, "spark.reducer.maxSizeInFlight": 43.131433960795846, "spark.shuffle.file.buffer": 27.86180444561525}, "datetime": {"datetime": "2022-01-07 15:41:08", "elapsed": 0.444809, "delta": 0.024933}}
{"target": -2799.5187200000014, "params": {"spark.default.parallelism": 298.90645277902473, "spark.executor.cores": 2.0760079168235563, "spark.executor.instances": 5.026925727268607, "spark.executor.memory": 4.90963893955916, "spark.executor.memoryOverhead": 496.55301313095663, "spark.memory.fraction": 0.7467440159618293, "spark.memory.storageFraction": 0.5701026528177484, "spark.reducer.maxBlocksInFlightPerAddress": 1548401790.1441884, "spark.reducer.maxSizeInFlight": 46.14240910506274, "spark.shuffle.file.buffer": 19.152392027480467}, "datetime": {"datetime": "2022-01-07 15:41:08", "elapsed": 0.468745, "delta": 0.023936}}
{"target": -2807.7430000000018, "params": {"spark.default.parallelism": 271.10809407290833, "spark.executor.cores": 2.806759041124508, "spark.executor.instances": 6.294717946689143, "spark.executor.memory": 3.011481308124636, "spark.executor.memoryOverhead": 688.2524424150168, "spark.memory.fraction": 0.6306579607088385, "spark.memory.storageFraction": 0.7108232409030437, "spark.reducer.maxBlocksInFlightPerAddress": 2025014908.6723402, "spark.reducer.maxSizeInFlight": 41.14894848011999, "spark.shuffle.file.buffer": 45.073124829433574}, "datetime": {"datetime": "2022-01-07 15:41:08", "elapsed": 0.896696, "delta": 0.427951}}
{"target": -2798.2498000000014, "params": {"spark.default.parallelism": 485.0528357741239, "spark.executor.cores": 2.113306376390313, "spark.executor.instances": 7.662425399065098, "spark.executor.memory": 5.566264835785351, "spark.executor.memoryOverhead": 576.2738030716343, "spark.memory.fraction": 0.6943962668387639, "spark.memory.storageFraction": 0.7417241931679893, "spark.reducer.maxBlocksInFlightPerAddress": 1663814410.6160128, "spark.reducer.maxSizeInFlight": 68.45670848190977, "spark.shuffle.file.buffer": 45.399469940275395}, "datetime": {"datetime": "2022-01-07 15:41:08", "elapsed": 1.296215, "delta": 0.399519}}
{"target": -2798.403850000001, "params": {"spark.default.parallelism": 340.06400682899186, "spark.executor.cores": 1.69034410231043, "spark.executor.instances": 4.900159831256339, "spark.executor.memory": 5.370047475063187, "spark.executor.memoryOverhead": 537.949029987045, "spark.memory.fraction": 0.8665222213873403, "spark.memory.storageFraction": 0.8638542099806228, "spark.reducer.maxBlocksInFlightPerAddress": 1349820488.749463, "spark.reducer.maxSizeInFlight": 29.3227824357134, "spark.shuffle.file.buffer": 22.17480742461161}, "datetime": {"datetime": "2022-01-07 15:41:09", "elapsed": 1.715376, "delta": 0.419161}}
{"target": -2797.8902700000017, "params": {"spark.default.parallelism": 232.70562920572047, "spark.executor.cores": 2.2675735212238357, "spark.executor.instances": 7.2118529494949515, "spark.executor.memory": 5.787201984480713, "spark.executor.memoryOverhead": 761.7422108703548, "spark.memory.fraction": 0.636981647937408, "spark.memory.storageFraction": 0.838340593211071, "spark.reducer.maxBlocksInFlightPerAddress": 1534128789.5421472, "spark.reducer.maxSizeInFlight": 63.5524737797913, "spark.shuffle.file.buffer": 36.0478770759774}, "datetime": {"datetime": "2022-01-07 15:41:09", "elapsed": 2.138315, "delta": 0.422939}}
{"target": -2810.852080000001, "params": {"spark.default.parallelism": 349.1750280081594, "spark.executor.cores": 2.0380319681473575, "spark.executor.instances": 4.69888060043569, "spark.executor.memory": 5.282863406185026, "spark.executor.memoryOverhead": 875.3994386276474, "spark.memory.fraction": 0.8267340435166488, "spark.memory.storageFraction": 0.7377490495323911, "spark.reducer.maxBlocksInFlightPerAddress": 2121702105.4336865, "spark.reducer.maxSizeInFlight": 67.27500406412742, "spark.shuffle.file.buffer": 35.05945387528466}, "datetime": {"datetime": "2022-01-07 15:41:10", "elapsed": 2.553366, "delta": 0.415051}}
{"target": -2799.4428500000013, "params": {"spark.default.parallelism": 244.02544422928824, "spark.executor.cores": 2.4586378387222467, "spark.executor.instances": 4.754980267508744, "spark.executor.memory": 5.575582577246651, "spark.executor.memoryOverhead": 755.8728336341153, "spark.memory.fraction": 0.5842929568333283, "spark.memory.storageFraction": 0.740381699243056, "spark.reducer.maxBlocksInFlightPerAddress": 1877897542.6818209, "spark.reducer.maxSizeInFlight": 54.634498109776004, "spark.shuffle.file.buffer": 35.10807369429277}, "datetime": {"datetime": "2022-01-07 15:41:10", "elapsed": 2.973481, "delta": 0.420115}}
{"target": -2803.8255900000013, "params": {"spark.default.parallelism": 349.41668744840223, "spark.executor.cores": 2.6857996803857, "spark.executor.instances": 4.271227737363815, "spark.executor.memory": 5.293089086198739, "spark.executor.memoryOverhead": 848.781949688444, "spark.memory.fraction": 0.7071440192689288, "spark.memory.storageFraction": 0.5777863238111538, "spark.reducer.maxBlocksInFlightPerAddress": 1984209812.88371, "spark.reducer.maxSizeInFlight": 36.078678833080936, "spark.shuffle.file.buffer": 38.42323316744121}, "datetime": {"datetime": "2022-01-07 15:41:10", "elapsed": 3.394221, "delta": 0.42074}}
{"target": -2797.027580000002, "params": {"spark.default.parallelism": 384.0766083508507, "spark.executor.cores": 2.296625512326249, "spark.executor.instances": 4.679762856869031, "spark.executor.memory": 3.59778719575545, "spark.executor.memoryOverhead": 637.4882964582603, "spark.memory.fraction": 0.8501330905418156, "spark.memory.storageFraction": 0.5735813766188889, "spark.reducer.maxBlocksInFlightPerAddress": 1570711542.5403595, "spark.reducer.maxSizeInFlight": 44.58875203343534, "spark.shuffle.file.buffer": 31.913253949424522}, "datetime": {"datetime": "2022-01-07 15:41:11", "elapsed": 3.822136, "delta": 0.427915}}
{"target": -2795.2315000000012, "params": {"spark.default.parallelism": 489.77991950591667, "spark.executor.cores": 1.2187658283871692, "spark.executor.instances": 6.692164216866487, "spark.executor.memory": 4.9997294843968, "spark.executor.memoryOverhead": 767.1094270329611, "spark.memory.fraction": 0.5574427991496838, "spark.memory.storageFraction": 0.5332810545743503, "spark.reducer.maxBlocksInFlightPerAddress": 1502399536.48588, "spark.reducer.maxSizeInFlight": 62.254188095035204, "spark.shuffle.file.buffer": 22.133623645116483}, "datetime": {"datetime": "2022-01-07 15:41:11", "elapsed": 4.249123, "delta": 0.426987}}
{"target": -2798.7965400000016, "params": {"spark.default.parallelism": 212.98728145584758, "spark.executor.cores": 1.9728814863407895, "spark.executor.instances": 4.957644176551024, "spark.executor.memory": 6.809895126773037, "spark.executor.memoryOverhead": 849.3390654974114, "spark.memory.fraction": 0.7455736009538804, "spark.memory.storageFraction": 0.8893949589300785, "spark.reducer.maxBlocksInFlightPerAddress": 1444033871.2289782, "spark.reducer.maxSizeInFlight": 67.09683444804872, "spark.shuffle.file.buffer": 29.907039149072304}, "datetime": {"datetime": "2022-01-07 15:41:12", "elapsed": 4.688811, "delta": 0.439688}}
{"target": -2813.1759300000012, "params": {"spark.default.parallelism": 411.29401951517286, "spark.executor.cores": 2.3632906752052456, "spark.executor.instances": 6.7885941150110245, "spark.executor.memory": 5.474402970246146, "spark.executor.memoryOverhead": 458.43350150686535, "spark.memory.fraction": 0.8043209825223024, "spark.memory.storageFraction": 0.8124183288775828, "spark.reducer.maxBlocksInFlightPerAddress": 2044515012.178935, "spark.reducer.maxSizeInFlight": 35.22089724499708, "spark.shuffle.file.buffer": 21.653724578314925}, "datetime": {"datetime": "2022-01-07 15:41:12", "elapsed": 5.127166, "delta": 0.438355}}
{"target": -2798.096950000001, "params": {"spark.default.parallelism": 282.6809308282576, "spark.executor.cores": 2.8494816270767434, "spark.executor.instances": 5.547956937025169, "spark.executor.memory": 4.971523493725281, "spark.executor.memoryOverhead": 509.4379844410101, "spark.memory.fraction": 0.8539866075352254, "spark.memory.storageFraction": 0.6533053827221147, "spark.reducer.maxBlocksInFlightPerAddress": 1393260240.5974011, "spark.reducer.maxSizeInFlight": 58.444558185348214, "spark.shuffle.file.buffer": 22.107838181513838}, "datetime": {"datetime": "2022-01-07 15:41:13", "elapsed": 5.53722, "delta": 0.410054}}
{"target": -2799.51489, "params": {"spark.default.parallelism": 360.44966975594343, "spark.executor.cores": 2.535925756562623, "spark.executor.instances": 4.2123703818101, "spark.executor.memory": 5.196213775402079, "spark.executor.memoryOverhead": 778.8903160085895, "spark.memory.fraction": 0.7598332219513916, "spark.memory.storageFraction": 0.8725788059971643, "spark.reducer.maxBlocksInFlightPerAddress": 1153984101.0803053, "spark.reducer.maxSizeInFlight": 37.286710204828154, "spark.shuffle.file.buffer": 45.41560013619752}, "datetime": {"datetime": "2022-01-07 15:41:13", "elapsed": 5.992439, "delta": 0.455219}}
{"target": -2800.08641, "params": {"spark.default.parallelism": 354.8595383231207, "spark.executor.cores": 2.726452963427699, "spark.executor.instances": 7.936506175539668, "spark.executor.memory": 3.039491901435674, "spark.executor.memoryOverhead": 508.65085066386985, "spark.memory.fraction": 0.5895398681310101, "spark.memory.storageFraction": 0.5190150376911042, "spark.reducer.maxBlocksInFlightPerAddress": 1084664414.7410793, "spark.reducer.maxSizeInFlight": 47.52937498772312, "spark.shuffle.file.buffer": 17.45542866144941}, "datetime": {"datetime": "2022-01-07 15:41:14", "elapsed": 6.461134, "delta": 0.468695}}
{"target": -2796.3445000000006, "params": {"spark.default.parallelism": 253.54844989324647, "spark.executor.cores": 2.939741140689428, "spark.executor.instances": 6.967758101824307, "spark.executor.memory": 4.039166773217659, "spark.executor.memoryOverhead": 670.5490237495476, "spark.memory.fraction": 0.8821049014152748, "spark.memory.storageFraction": 0.5323015631248316, "spark.reducer.maxBlocksInFlightPerAddress": 1163435994.8568676, "spark.reducer.maxSizeInFlight": 53.71847190815555, "spark.shuffle.file.buffer": 23.183791322750647}, "datetime": {"datetime": "2022-01-07 15:41:14", "elapsed": 6.878658, "delta": 0.417524}}
