{"target": -2797.3276100000016, "params": {"spark.default.parallelism": 481.63182229735935, "spark.executor.cores": 1.795702853255347, "spark.executor.instances": 6.533932247379818, "spark.executor.memory": 3.5580445576485094, "spark.executor.memoryOverhead": 768.0588251599085, "spark.memory.fraction": 0.8066525866303462, "spark.memory.storageFraction": 0.6836791098643603, "spark.reducer.maxBlocksInFlightPerAddress": 1695770092.1915007, "spark.reducer.maxSizeInFlight": 60.538656608918195, "spark.shuffle.file.buffer": 27.96663161940739}, "datetime": {"datetime": "2022-01-05 16:44:40", "elapsed": 0.0, "delta": 0.0}}
{"target": -2799.3474900000015, "params": {"spark.default.parallelism": 242.32132712666447, "spark.executor.cores": 2.3812547364468344, "spark.executor.instances": 5.602628279122993, "spark.executor.memory": 5.735080002884254, "spark.executor.memoryOverhead": 694.6201139208736, "spark.memory.fraction": 0.7413135698587553, "spark.memory.storageFraction": 0.8000021143047324, "spark.reducer.maxBlocksInFlightPerAddress": 1855765397.6586573, "spark.reducer.maxSizeInFlight": 44.388771695136356, "spark.shuffle.file.buffer": 41.712614699410196}, "datetime": {"datetime": "2022-01-05 16:44:40", "elapsed": 0.025931, "delta": 0.025931}}
{"target": -2798.149560000001, "params": {"spark.default.parallelism": 204.14364371828088, "spark.executor.cores": 1.0754563234390446, "spark.executor.instances": 4.971722081513203, "spark.executor.memory": 6.710621612549493, "spark.executor.memoryOverhead": 625.5301766097053, "spark.memory.fraction": 0.641836965239226, "spark.memory.storageFraction": 0.7465986702486878, "spark.reducer.maxBlocksInFlightPerAddress": 1414995580.4013615, "spark.reducer.maxSizeInFlight": 35.31053909404431, "spark.shuffle.file.buffer": 43.35092809869842}, "datetime": {"datetime": "2022-01-05 16:44:40", "elapsed": 0.051119, "delta": 0.025188}}
{"target": -2797.7104600000016, "params": {"spark.default.parallelism": 464.4891041187504, "spark.executor.cores": 2.6616561131812153, "spark.executor.instances": 7.880135721472973, "spark.executor.memory": 6.782484371070607, "spark.executor.memoryOverhead": 726.2045644160833, "spark.memory.fraction": 0.6541925561169546, "spark.memory.storageFraction": 0.5415410442768861, "spark.reducer.maxBlocksInFlightPerAddress": 1861435796.8203616, "spark.reducer.maxSizeInFlight": 34.25531148689039, "spark.shuffle.file.buffer": 25.14275256200365}, "datetime": {"datetime": "2022-01-05 16:44:40", "elapsed": 0.076081, "delta": 0.024962}}
{"target": -2807.060120000001, "params": {"spark.default.parallelism": 234.53229656965675, "spark.executor.cores": 2.3204344131810766, "spark.executor.instances": 5.316083015432291, "spark.executor.memory": 3.4943076406021176, "spark.executor.memoryOverhead": 823.9421142152752, "spark.memory.fraction": 0.5024730199916163, "spark.memory.storageFraction": 0.5833210217431521, "spark.reducer.maxBlocksInFlightPerAddress": 2011730875.0154474, "spark.reducer.maxSizeInFlight": 27.250854889267863, "spark.shuffle.file.buffer": 38.477897864904705}, "datetime": {"datetime": "2022-01-05 16:44:40", "elapsed": 0.100017, "delta": 0.023936}}
{"target": -2801.504330000002, "params": {"spark.default.parallelism": 475.00041680547463, "spark.executor.cores": 2.7452477223277363, "spark.executor.instances": 4.055444927242494, "spark.executor.memory": 5.046752721001166, "spark.executor.memoryOverhead": 808.5336417948729, "spark.memory.fraction": 0.8376692444619083, "spark.memory.storageFraction": 0.8410497833944358, "spark.reducer.maxBlocksInFlightPerAddress": 1824983503.4530282, "spark.reducer.maxSizeInFlight": 49.643107276389024, "spark.shuffle.file.buffer": 26.024682174006827}, "datetime": {"datetime": "2022-01-05 16:44:40", "elapsed": 0.124945, "delta": 0.024928}}
{"target": -2800.386360000002, "params": {"spark.default.parallelism": 227.5524339706243, "spark.executor.cores": 2.062058750098314, "spark.executor.instances": 5.116919432857472, "spark.executor.memory": 3.691316401915424, "spark.executor.memoryOverhead": 547.995236637016, "spark.memory.fraction": 0.7070622038192254, "spark.memory.storageFraction": 0.7932287217643035, "spark.reducer.maxBlocksInFlightPerAddress": 1898272048.5878978, "spark.reducer.maxSizeInFlight": 54.73638662916219, "spark.shuffle.file.buffer": 33.57776171600263}, "datetime": {"datetime": "2022-01-05 16:44:40", "elapsed": 0.149883, "delta": 0.024938}}
{"target": -2801.093950000001, "params": {"spark.default.parallelism": 352.31113149523424, "spark.executor.cores": 2.9158964942138272, "spark.executor.instances": 4.626793425324391, "spark.executor.memory": 6.518574642470904, "spark.executor.memoryOverhead": 635.0968844167375, "spark.memory.fraction": 0.5777149645868472, "spark.memory.storageFraction": 0.6313603166677764, "spark.reducer.maxBlocksInFlightPerAddress": 1118197016.057871, "spark.reducer.maxSizeInFlight": 49.53041656484786, "spark.shuffle.file.buffer": 24.11602521627873}, "datetime": {"datetime": "2022-01-05 16:44:40", "elapsed": 0.17479, "delta": 0.024907}}
{"target": -2797.2889400000004, "params": {"spark.default.parallelism": 312.24243569478006, "spark.executor.cores": 1.5204087818094887, "spark.executor.instances": 5.581250876009583, "spark.executor.memory": 5.2581863810106135, "spark.executor.memoryOverhead": 665.3158420968668, "spark.memory.fraction": 0.8310282534176003, "spark.memory.storageFraction": 0.5238508193406813, "spark.reducer.maxBlocksInFlightPerAddress": 1109020358.183028, "spark.reducer.maxSizeInFlight": 24.127858981924675, "spark.shuffle.file.buffer": 34.66583904111506}, "datetime": {"datetime": "2022-01-05 16:44:40", "elapsed": 0.199722, "delta": 0.024932}}
{"target": -2797.7517500000013, "params": {"spark.default.parallelism": 321.14562038959957, "spark.executor.cores": 1.9886361543981015, "spark.executor.instances": 7.1188173096348155, "spark.executor.memory": 3.8443573792390486, "spark.executor.memoryOverhead": 829.0708599638899, "spark.memory.fraction": 0.7676803141619806, "spark.memory.storageFraction": 0.6115055325774648, "spark.reducer.maxBlocksInFlightPerAddress": 1207825329.0785828, "spark.reducer.maxSizeInFlight": 69.75863536764584, "spark.shuffle.file.buffer": 29.44660693675571}, "datetime": {"datetime": "2022-01-05 16:44:40", "elapsed": 0.224657, "delta": 0.024935}}
{"target": -2850.766040000002, "params": {"spark.default.parallelism": 308.86097416398354, "spark.executor.cores": 2.2634087924934523, "spark.executor.instances": 6.839980010011408, "spark.executor.memory": 4.742484422556778, "spark.executor.memoryOverhead": 529.0159889585988, "spark.memory.fraction": 0.668939103544072, "spark.memory.storageFraction": 0.6480076186490447, "spark.reducer.maxBlocksInFlightPerAddress": 1338725226.7975447, "spark.reducer.maxSizeInFlight": 67.08775345871632, "spark.shuffle.file.buffer": 16.465396347192492}, "datetime": {"datetime": "2022-01-05 16:44:40", "elapsed": 0.249589, "delta": 0.024932}}
{"target": -2797.798430000001, "params": {"spark.default.parallelism": 349.4068138479536, "spark.executor.cores": 1.4361422532846015, "spark.executor.instances": 4.520230499708994, "spark.executor.memory": 4.944829232601754, "spark.executor.memoryOverhead": 490.56673830853873, "spark.memory.fraction": 0.6206444450906681, "spark.memory.storageFraction": 0.8884021448637727, "spark.reducer.maxBlocksInFlightPerAddress": 1488092509.2456908, "spark.reducer.maxSizeInFlight": 44.8085710801108, "spark.shuffle.file.buffer": 32.95827335194069}, "datetime": {"datetime": "2022-01-05 16:44:40", "elapsed": 0.274523, "delta": 0.024934}}
{"target": -2797.935620000002, "params": {"spark.default.parallelism": 371.90612417365105, "spark.executor.cores": 2.9874508121293406, "spark.executor.instances": 6.348310037592125, "spark.executor.memory": 5.6554658945649745, "spark.executor.memoryOverhead": 698.9522530586543, "spark.memory.fraction": 0.6968088261465457, "spark.memory.storageFraction": 0.5556764053755213, "spark.reducer.maxBlocksInFlightPerAddress": 1562752349.3842795, "spark.reducer.maxSizeInFlight": 54.01482266642576, "spark.shuffle.file.buffer": 23.375454667717687}, "datetime": {"datetime": "2022-01-05 16:44:40", "elapsed": 0.299456, "delta": 0.024933}}
{"target": -2798.5889500000008, "params": {"spark.default.parallelism": 288.29413974568877, "spark.executor.cores": 2.5745043873396734, "spark.executor.instances": 4.895349685243439, "spark.executor.memory": 3.044719591298163, "spark.executor.memoryOverhead": 602.4289145018511, "spark.memory.fraction": 0.5196429816194089, "spark.memory.storageFraction": 0.8509865054308945, "spark.reducer.maxBlocksInFlightPerAddress": 1277673748.0204883, "spark.reducer.maxSizeInFlight": 61.404856321544784, "spark.shuffle.file.buffer": 27.49993284363317}, "datetime": {"datetime": "2022-01-05 16:44:40", "elapsed": 0.325387, "delta": 0.025931}}
{"target": -2800.5927000000015, "params": {"spark.default.parallelism": 367.5472131567176, "spark.executor.cores": 2.4027502716515303, "spark.executor.instances": 6.113026365931448, "spark.executor.memory": 6.1057982425493105, "spark.executor.memoryOverhead": 553.2513759814086, "spark.memory.fraction": 0.586531450704387, "spark.memory.storageFraction": 0.6625318594451985, "spark.reducer.maxBlocksInFlightPerAddress": 1665528368.3042765, "spark.reducer.maxSizeInFlight": 47.76184797880559, "spark.shuffle.file.buffer": 17.999803457944346}, "datetime": {"datetime": "2022-01-05 16:44:40", "elapsed": 0.35032, "delta": 0.024933}}
{"target": -2793.577450000001, "params": {"spark.default.parallelism": 498.1740891762359, "spark.executor.cores": 2.4699436783577893, "spark.executor.instances": 4.202891897069161, "spark.executor.memory": 4.410176993313879, "spark.executor.memoryOverhead": 857.3198124704807, "spark.memory.fraction": 0.6795620284564206, "spark.memory.storageFraction": 0.5118024358134541, "spark.reducer.maxBlocksInFlightPerAddress": 1597007937.8540335, "spark.reducer.maxSizeInFlight": 51.54090194070348, "spark.shuffle.file.buffer": 46.20266850314191}, "datetime": {"datetime": "2022-01-05 16:44:40", "elapsed": 0.375277, "delta": 0.024957}}
{"target": -2798.552870000002, "params": {"spark.default.parallelism": 260.7099861199267, "spark.executor.cores": 2.6717381883617675, "spark.executor.instances": 7.342779971018252, "spark.executor.memory": 5.519483320495975, "spark.executor.memoryOverhead": 791.7189381998344, "spark.memory.fraction": 0.5945772017397621, "spark.memory.storageFraction": 0.5797907464823485, "spark.reducer.maxBlocksInFlightPerAddress": 1779488637.537188, "spark.reducer.maxSizeInFlight": 65.08064277703231, "spark.shuffle.file.buffer": 36.3098965072107}, "datetime": {"datetime": "2022-01-05 16:44:40", "elapsed": 0.399214, "delta": 0.023937}}
{"target": -2804.8585800000014, "params": {"spark.default.parallelism": 413.1090134642383, "spark.executor.cores": 1.823838867556053, "spark.executor.instances": 5.446306857427847, "spark.executor.memory": 4.694885556506605, "spark.executor.memoryOverhead": 436.7181962197501, "spark.memory.fraction": 0.7210214785884314, "spark.memory.storageFraction": 0.8310560477407019, "spark.reducer.maxBlocksInFlightPerAddress": 1934583530.3944936, "spark.reducer.maxSizeInFlight": 26.631202725152615, "spark.shuffle.file.buffer": 44.876994758368554}, "datetime": {"datetime": "2022-01-05 16:44:40", "elapsed": 0.424144, "delta": 0.02493}}
{"target": -2796.262940000001, "params": {"spark.default.parallelism": 252.3569526738979, "spark.executor.cores": 1.6483251787123194, "spark.executor.instances": 7.246881502140878, "spark.executor.memory": 6.399996001212407, "spark.executor.memoryOverhead": 761.3139913401815, "spark.memory.fraction": 0.7612707456116017, "spark.memory.storageFraction": 0.6883085002263385, "spark.reducer.maxBlocksInFlightPerAddress": 1294457202.2757275, "spark.reducer.maxSizeInFlight": 38.72976249515192, "spark.shuffle.file.buffer": 44.19786904409136}, "datetime": {"datetime": "2022-01-05 16:44:40", "elapsed": 0.449055, "delta": 0.024911}}
{"target": -2801.356660000002, "params": {"spark.default.parallelism": 395.84876535672043, "spark.executor.cores": 2.078589580324957, "spark.executor.instances": 6.686877761463903, "spark.executor.memory": 5.399316816514668, "spark.executor.memoryOverhead": 411.92510287478, "spark.memory.fraction": 0.7848166312676403, "spark.memory.storageFraction": 0.7289311880351068, "spark.reducer.maxBlocksInFlightPerAddress": 1749513068.9549172, "spark.reducer.maxSizeInFlight": 58.83088294330643, "spark.shuffle.file.buffer": 31.280725219623708}, "datetime": {"datetime": "2022-01-05 16:44:40", "elapsed": 0.473988, "delta": 0.024933}}
{"target": -2797.270700000002, "params": {"spark.default.parallelism": 437.8315289399177, "spark.executor.cores": 1.1375720011299528, "spark.executor.instances": 6.201813617128126, "spark.executor.memory": 3.2292407217887016, "spark.executor.memoryOverhead": 593.0169870936672, "spark.memory.fraction": 0.8196133452171898, "spark.memory.storageFraction": 0.7125988870764488, "spark.reducer.maxBlocksInFlightPerAddress": 1505408307.9616866, "spark.reducer.maxSizeInFlight": 29.977954420040994, "spark.shuffle.file.buffer": 41.23729690504107}, "datetime": {"datetime": "2022-01-05 16:44:40", "elapsed": 0.498927, "delta": 0.024939}}
{"target": -2808.660540000001, "params": {"spark.default.parallelism": 333.4228977862543, "spark.executor.cores": 1.554266148450633, "spark.executor.instances": 4.692556247060405, "spark.executor.memory": 3.9413629151731806, "spark.executor.memoryOverhead": 744.2574611288848, "spark.memory.fraction": 0.5474955521547096, "spark.memory.storageFraction": 0.7191623662268884, "spark.reducer.maxBlocksInFlightPerAddress": 2139883682.7200685, "spark.reducer.maxSizeInFlight": 68.23630834780334, "spark.shuffle.file.buffer": 47.310116421779284}, "datetime": {"datetime": "2022-01-05 16:44:40", "elapsed": 0.523869, "delta": 0.024942}}
{"target": -2812.383730000001, "params": {"spark.default.parallelism": 409.96051543906503, "spark.executor.cores": 1.3682152664909026, "spark.executor.instances": 7.025121170826799, "spark.executor.memory": 6.313498869130309, "spark.executor.memoryOverhead": 476.05434310244743, "spark.memory.fraction": 0.5599906420286562, "spark.memory.storageFraction": 0.813792989048665, "spark.reducer.maxBlocksInFlightPerAddress": 1989830843.068603, "spark.reducer.maxSizeInFlight": 56.94944820996657, "spark.shuffle.file.buffer": 19.28955195633563}, "datetime": {"datetime": "2022-01-05 16:44:40", "elapsed": 0.548815, "delta": 0.024946}}
{"target": -2801.4265700000005, "params": {"spark.default.parallelism": 426.3176049377614, "spark.executor.cores": 2.820183642645561, "spark.executor.instances": 7.597847911705273, "spark.executor.memory": 5.853582847517189, "spark.executor.memoryOverhead": 876.3910509583154, "spark.memory.fraction": 0.73202934122926, "spark.memory.storageFraction": 0.7584809384839661, "spark.reducer.maxBlocksInFlightPerAddress": 1174477448.1490438, "spark.reducer.maxSizeInFlight": 41.10444182684618, "spark.shuffle.file.buffer": 18.45438700127857}, "datetime": {"datetime": "2022-01-05 16:44:40", "elapsed": 0.573757, "delta": 0.024942}}
{"target": -2807.980440000001, "params": {"spark.default.parallelism": 443.1818664524545, "spark.executor.cores": 1.0616695446839923, "spark.executor.instances": 7.676469055736334, "spark.executor.memory": 6.949758089254452, "spark.executor.memoryOverhead": 512.9653134054876, "spark.memory.fraction": 0.8634212223559652, "spark.memory.storageFraction": 0.636150905056535, "spark.reducer.maxBlocksInFlightPerAddress": 2042831280.690432, "spark.reducer.maxSizeInFlight": 31.93152874763262, "spark.shuffle.file.buffer": 36.16457437113462}, "datetime": {"datetime": "2022-01-05 16:44:41", "elapsed": 0.598703, "delta": 0.024946}}
{"target": -2802.096160000001, "params": {"spark.default.parallelism": 388.00517031185, "spark.executor.cores": 2.16028837712284, "spark.executor.instances": 4.338670335382145, "spark.executor.memory": 3.35717698948626, "spark.executor.memoryOverhead": 463.28624055745047, "spark.memory.fraction": 0.8817027281638863, "spark.memory.storageFraction": 0.8689922963858336, "spark.reducer.maxBlocksInFlightPerAddress": 1361360269.2457433, "spark.reducer.maxSizeInFlight": 70.61817428058441, "spark.shuffle.file.buffer": 30.68843249968062}, "datetime": {"datetime": "2022-01-05 16:44:41", "elapsed": 0.623644, "delta": 0.024941}}
{"target": -2811.4759600000016, "params": {"spark.default.parallelism": 298.66882164109444, "spark.executor.cores": 1.3277409399393578, "spark.executor.instances": 7.853546433645268, "spark.executor.memory": 5.972064344249121, "spark.executor.memoryOverhead": 569.0818116987897, "spark.memory.fraction": 0.8987582325423881, "spark.memory.storageFraction": 0.8789925644659426, "spark.reducer.maxBlocksInFlightPerAddress": 2102081963.9849682, "spark.reducer.maxSizeInFlight": 41.75923109021467, "spark.shuffle.file.buffer": 21.974706065141483}, "datetime": {"datetime": "2022-01-05 16:44:41", "elapsed": 0.64859, "delta": 0.024946}}
{"target": -2801.414710000001, "params": {"spark.default.parallelism": 457.7071085359993, "spark.executor.cores": 1.6834753626228847, "spark.executor.instances": 6.4725354189042585, "spark.executor.memory": 4.10562425001947, "spark.executor.memoryOverhead": 396.8800703885334, "spark.memory.fraction": 0.6140817929331461, "spark.memory.storageFraction": 0.7676748385759646, "spark.reducer.maxBlocksInFlightPerAddress": 1245386562.0116868, "spark.reducer.maxSizeInFlight": 62.647728931818534, "spark.shuffle.file.buffer": 40.34683592970395}, "datetime": {"datetime": "2022-01-05 16:44:41", "elapsed": 0.674155, "delta": 0.025565}}
{"target": -2796.3291200000017, "params": {"spark.default.parallelism": 217.3345920891129, "spark.executor.cores": 1.2314823562088533, "spark.executor.instances": 5.76108042113529, "spark.executor.memory": 4.231530567333065, "spark.executor.memoryOverhead": 649.4166605557573, "spark.memory.fraction": 0.5267544320663918, "spark.memory.storageFraction": 0.5971953592315328, "spark.reducer.maxBlocksInFlightPerAddress": 1637645399.3312824, "spark.reducer.maxSizeInFlight": 32.88479865375141, "spark.shuffle.file.buffer": 38.15739150802293}, "datetime": {"datetime": "2022-01-05 16:44:41", "elapsed": 0.699115, "delta": 0.02496}}
{"target": -2800.0035900000016, "params": {"spark.default.parallelism": 272.4793888094003, "spark.executor.cores": 1.8720668004467058, "spark.executor.instances": 5.994087178132373, "spark.executor.memory": 4.52853069077428, "spark.executor.memoryOverhead": 420.01249758298917, "spark.memory.fraction": 0.8538030965678844, "spark.memory.storageFraction": 0.5300241697432299, "spark.reducer.maxBlocksInFlightPerAddress": 1447640582.884893, "spark.reducer.maxSizeInFlight": 37.168487832448776, "spark.shuffle.file.buffer": 20.380635399603186}, "datetime": {"datetime": "2022-01-05 16:44:41", "elapsed": 0.72402, "delta": 0.024905}}
{"target": -2807.7430000000018, "params": {"spark.default.parallelism": 271.10809407290833, "spark.executor.cores": 2.806759041124508, "spark.executor.instances": 6.294717946689143, "spark.executor.memory": 3.011481308124636, "spark.executor.memoryOverhead": 688.2524424150168, "spark.memory.fraction": 0.6306579607088385, "spark.memory.storageFraction": 0.7108232409030437, "spark.reducer.maxBlocksInFlightPerAddress": 2025014908.6723402, "spark.reducer.maxSizeInFlight": 41.14894848011999, "spark.shuffle.file.buffer": 45.073124829433574}, "datetime": {"datetime": "2022-01-05 16:44:41", "elapsed": 1.118503, "delta": 0.394483}}
{"target": -2798.2498000000014, "params": {"spark.default.parallelism": 485.0528357741239, "spark.executor.cores": 2.113306376390313, "spark.executor.instances": 7.662425399065098, "spark.executor.memory": 5.566264835785351, "spark.executor.memoryOverhead": 576.2738030716343, "spark.memory.fraction": 0.6943962668387639, "spark.memory.storageFraction": 0.7417241931679893, "spark.reducer.maxBlocksInFlightPerAddress": 1663814410.6160128, "spark.reducer.maxSizeInFlight": 68.45670848190977, "spark.shuffle.file.buffer": 45.399469940275395}, "datetime": {"datetime": "2022-01-05 16:44:41", "elapsed": 1.543374, "delta": 0.424871}}
{"target": -2798.403850000001, "params": {"spark.default.parallelism": 340.06400682899186, "spark.executor.cores": 1.69034410231043, "spark.executor.instances": 4.900159831256339, "spark.executor.memory": 5.370047475063187, "spark.executor.memoryOverhead": 537.949029987045, "spark.memory.fraction": 0.8665222213873403, "spark.memory.storageFraction": 0.8638542099806228, "spark.reducer.maxBlocksInFlightPerAddress": 1349820488.749463, "spark.reducer.maxSizeInFlight": 29.3227824357134, "spark.shuffle.file.buffer": 22.17480742461161}, "datetime": {"datetime": "2022-01-05 16:44:42", "elapsed": 1.973238, "delta": 0.429864}}
{"target": -2797.8902700000017, "params": {"spark.default.parallelism": 232.70562920572047, "spark.executor.cores": 2.2675735212238357, "spark.executor.instances": 7.2118529494949515, "spark.executor.memory": 5.787201984480713, "spark.executor.memoryOverhead": 761.7422108703548, "spark.memory.fraction": 0.636981647937408, "spark.memory.storageFraction": 0.838340593211071, "spark.reducer.maxBlocksInFlightPerAddress": 1534128789.5421472, "spark.reducer.maxSizeInFlight": 63.5524737797913, "spark.shuffle.file.buffer": 36.0478770759774}, "datetime": {"datetime": "2022-01-05 16:44:42", "elapsed": 2.402018, "delta": 0.42878}}
