{"target": -2800.287800000001, "params": {"spark.default.parallelism": 365.25909347694346, "spark.executor.cores": 1.9436868899211952, "spark.executor.instances": 7.950081658751562, "spark.executor.memory": 4.378968849732409, "spark.executor.memoryOverhead": 636.6613986633272, "spark.memory.fraction": 0.8572048161826705, "spark.memory.storageFraction": 0.8822040002452285, "spark.reducer.maxBlocksInFlightPerAddress": 1158111511.5539265, "spark.reducer.maxSizeInFlight": 29.092925383075, "spark.shuffle.file.buffer": 18.83137534104518}, "datetime": {"datetime": "2022-01-06 15:35:56", "elapsed": 0.0, "delta": 0.0}}
{"target": -2793.088140000001, "params": {"spark.default.parallelism": 480.1191468701157, "spark.executor.cores": 2.0680793409623788, "spark.executor.instances": 4.9249089200595355, "spark.executor.memory": 6.031746684586247, "spark.executor.memoryOverhead": 620.626623796845, "spark.memory.fraction": 0.6209645094340774, "spark.memory.storageFraction": 0.5418741132117332, "spark.reducer.maxBlocksInFlightPerAddress": 1585626423.992874, "spark.reducer.maxSizeInFlight": 70.6039848044866, "spark.shuffle.file.buffer": 38.49800341358751}, "datetime": {"datetime": "2022-01-06 15:35:56", "elapsed": 0.02494, "delta": 0.02494}}
{"target": -2796.722990000001, "params": {"spark.default.parallelism": 337.9377364069686, "spark.executor.cores": 1.4166179898376092, "spark.executor.instances": 5.68540062808637, "spark.executor.memory": 5.55067081596451, "spark.executor.memoryOverhead": 415.5510074669387, "spark.memory.fraction": 0.7694007976826096, "spark.memory.storageFraction": 0.5362456873497904, "spark.reducer.maxBlocksInFlightPerAddress": 1504930545.3068256, "spark.reducer.maxSizeInFlight": 46.61533969761891, "spark.shuffle.file.buffer": 37.53607223925344}, "datetime": {"datetime": "2022-01-06 15:35:56", "elapsed": 0.049867, "delta": 0.024927}}
{"target": -2796.4561700000013, "params": {"spark.default.parallelism": 489.8747423568909, "spark.executor.cores": 2.897880812153024, "spark.executor.instances": 6.829296542026145, "spark.executor.memory": 3.10703101224627, "spark.executor.memoryOverhead": 787.6491763097897, "spark.memory.fraction": 0.6922303134809724, "spark.memory.storageFraction": 0.5744799883642322, "spark.reducer.maxBlocksInFlightPerAddress": 1362591283.5259726, "spark.reducer.maxSizeInFlight": 34.95698521450139, "spark.shuffle.file.buffer": 42.962849666963436}, "datetime": {"datetime": "2022-01-06 15:35:56", "elapsed": 0.073773, "delta": 0.023906}}
{"target": -2798.359370000002, "params": {"spark.default.parallelism": 320.3983144542015, "spark.executor.cores": 2.1368676474860675, "spark.executor.instances": 4.43472621547226, "spark.executor.memory": 5.846959668778256, "spark.executor.memoryOverhead": 522.1073732329626, "spark.memory.fraction": 0.6683861232463205, "spark.memory.storageFraction": 0.7064135276265697, "spark.reducer.maxBlocksInFlightPerAddress": 1450302187.3656993, "spark.reducer.maxSizeInFlight": 68.90891339588335, "spark.shuffle.file.buffer": 26.90879956839529}, "datetime": {"datetime": "2022-01-06 15:35:56", "elapsed": 0.098735, "delta": 0.024962}}
{"target": -2800.6165400000014, "params": {"spark.default.parallelism": 229.61034965118665, "spark.executor.cores": 2.3741795660752087, "spark.executor.instances": 6.377765193153229, "spark.executor.memory": 3.845396572738199, "spark.executor.memoryOverhead": 748.0169019550134, "spark.memory.fraction": 0.5550941097504825, "spark.memory.storageFraction": 0.628436305828726, "spark.reducer.maxBlocksInFlightPerAddress": 1721914957.2045534, "spark.reducer.maxSizeInFlight": 40.53893070579056, "spark.shuffle.file.buffer": 17.045367955016715}, "datetime": {"datetime": "2022-01-06 15:35:56", "elapsed": 0.122671, "delta": 0.023936}}
{"target": -2805.7733100000014, "params": {"spark.default.parallelism": 269.208724012054, "spark.executor.cores": 1.7447267151095538, "spark.executor.instances": 4.221377234520635, "spark.executor.memory": 3.4890348470547874, "spark.executor.memoryOverhead": 456.386318978829, "spark.memory.fraction": 0.8711236378304879, "spark.memory.storageFraction": 0.6461915476177396, "spark.reducer.maxBlocksInFlightPerAddress": 1969597999.163807, "spark.reducer.maxSizeInFlight": 57.54864477087665, "spark.shuffle.file.buffer": 36.79953147841747}, "datetime": {"datetime": "2022-01-06 15:35:56", "elapsed": 0.146607, "delta": 0.023936}}
{"target": -2799.971090000002, "params": {"spark.default.parallelism": 212.6703664865147, "spark.executor.cores": 1.0409033117227322, "spark.executor.instances": 6.179813249924343, "spark.executor.memory": 5.31063119180534, "spark.executor.memoryOverhead": 584.7394454473741, "spark.memory.fraction": 0.6447710502337143, "spark.memory.storageFraction": 0.7618348953727049, "spark.reducer.maxBlocksInFlightPerAddress": 1406818209.3984182, "spark.reducer.maxSizeInFlight": 36.05397352472201, "spark.shuffle.file.buffer": 23.11193212231829}, "datetime": {"datetime": "2022-01-06 15:35:56", "elapsed": 0.171512, "delta": 0.024905}}
{"target": -2812.0389600000008, "params": {"spark.default.parallelism": 306.0264716671639, "spark.executor.cores": 1.2339898803492346, "spark.executor.instances": 5.087558166811387, "spark.executor.memory": 4.817196224116058, "spark.executor.memoryOverhead": 776.3267784785646, "spark.memory.fraction": 0.7368230954961742, "spark.memory.storageFraction": 0.7504434770460688, "spark.reducer.maxBlocksInFlightPerAddress": 2092441976.8719368, "spark.reducer.maxSizeInFlight": 55.07310164187616, "spark.shuffle.file.buffer": 27.46422238968488}, "datetime": {"datetime": "2022-01-06 15:35:56", "elapsed": 0.196445, "delta": 0.024933}}
{"target": -2802.241880000002, "params": {"spark.default.parallelism": 249.76008057494425, "spark.executor.cores": 2.747100686154214, "spark.executor.instances": 5.473504122902975, "spark.executor.memory": 6.486489271886505, "spark.executor.memoryOverhead": 407.39526048509606, "spark.memory.fraction": 0.5293380837168813, "spark.memory.storageFraction": 0.5900877394348142, "spark.reducer.maxBlocksInFlightPerAddress": 1856746530.0592713, "spark.reducer.maxSizeInFlight": 57.92692741423056, "spark.shuffle.file.buffer": 31.24938571553389}, "datetime": {"datetime": "2022-01-06 15:35:56", "elapsed": 0.221379, "delta": 0.024934}}
{"target": -2799.776530000001, "params": {"spark.default.parallelism": 434.56303355556406, "spark.executor.cores": 2.935234244844456, "spark.executor.instances": 6.535687430138864, "spark.executor.memory": 6.724618183472981, "spark.executor.memoryOverhead": 840.5527843918196, "spark.memory.fraction": 0.8121347497269935, "spark.memory.storageFraction": 0.6968424885404377, "spark.reducer.maxBlocksInFlightPerAddress": 1188462993.8319836, "spark.reducer.maxSizeInFlight": 48.124411086666875, "spark.shuffle.file.buffer": 20.44558910570872}, "datetime": {"datetime": "2022-01-06 15:35:56", "elapsed": 0.245316, "delta": 0.023937}}
{"target": -2798.3175100000017, "params": {"spark.default.parallelism": 450.71158820704204, "spark.executor.cores": 1.354596326198105, "spark.executor.instances": 4.009491616829767, "spark.executor.memory": 4.196510577957401, "spark.executor.memoryOverhead": 691.2188719780047, "spark.memory.fraction": 0.8805883573585387, "spark.memory.storageFraction": 0.8206568614258689, "spark.reducer.maxBlocksInFlightPerAddress": 1901916295.2013383, "spark.reducer.maxSizeInFlight": 45.19798765360803, "spark.shuffle.file.buffer": 47.83798712871351}, "datetime": {"datetime": "2022-01-06 15:35:56", "elapsed": 0.269252, "delta": 0.023936}}
{"target": -2810.443980000001, "params": {"spark.default.parallelism": 458.8057952733152, "spark.executor.cores": 2.4137255143924876, "spark.executor.instances": 7.682993620787654, "spark.executor.memory": 5.618587279397337, "spark.executor.memoryOverhead": 473.08650432212323, "spark.memory.fraction": 0.58814576836926, "spark.memory.storageFraction": 0.8103388906496358, "spark.reducer.maxBlocksInFlightPerAddress": 2030906840.6000586, "spark.reducer.maxSizeInFlight": 61.89307978243646, "spark.shuffle.file.buffer": 45.67854185470966}, "datetime": {"datetime": "2022-01-06 15:35:56", "elapsed": 0.294691, "delta": 0.025439}}
{"target": -2796.657250000001, "params": {"spark.default.parallelism": 382.52220627131396, "spark.executor.cores": 2.5279639759179595, "spark.executor.instances": 5.985286134753692, "spark.executor.memory": 3.2591170446336437, "spark.executor.memoryOverhead": 811.8377632727885, "spark.memory.fraction": 0.7842588098283811, "spark.memory.storageFraction": 0.6633192453710607, "spark.reducer.maxBlocksInFlightPerAddress": 1694174295.0317035, "spark.reducer.maxSizeInFlight": 51.35855719094906, "spark.shuffle.file.buffer": 40.35507488178125}, "datetime": {"datetime": "2022-01-06 15:35:56", "elapsed": 0.318652, "delta": 0.023961}}
{"target": -2799.327890000002, "params": {"spark.default.parallelism": 361.90423521127207, "spark.executor.cores": 2.6306181717106005, "spark.executor.instances": 6.6254080451067505, "spark.executor.memory": 4.730156808867223, "spark.executor.memoryOverhead": 708.7467671857546, "spark.memory.fraction": 0.56883513160145, "spark.memory.storageFraction": 0.8431917961481427, "spark.reducer.maxBlocksInFlightPerAddress": 1333696951.213045, "spark.reducer.maxSizeInFlight": 25.137523910679636, "spark.shuffle.file.buffer": 21.111227802602524}, "datetime": {"datetime": "2022-01-06 15:35:56", "elapsed": 0.342563, "delta": 0.023911}}
{"target": -2797.6647400000015, "params": {"spark.default.parallelism": 240.68861760997117, "spark.executor.cores": 1.1387267018898646, "spark.executor.instances": 7.301781286718224, "spark.executor.memory": 3.6362462238101845, "spark.executor.memoryOverhead": 660.1541937186319, "spark.memory.fraction": 0.7022191251155436, "spark.memory.storageFraction": 0.736569084376125, "spark.reducer.maxBlocksInFlightPerAddress": 1631895936.4420476, "spark.reducer.maxSizeInFlight": 28.178342436993816, "spark.shuffle.file.buffer": 43.638451512530956}, "datetime": {"datetime": "2022-01-06 15:35:56", "elapsed": 0.366524, "delta": 0.023961}}
{"target": -2798.7869600000004, "params": {"spark.default.parallelism": 422.07415000614327, "spark.executor.cores": 1.6134642374569157, "spark.executor.instances": 5.213545282587401, "spark.executor.memory": 6.210572575420606, "spark.executor.memoryOverhead": 534.2976160877454, "spark.memory.fraction": 0.8215827422524276, "spark.memory.storageFraction": 0.868214987088562, "spark.reducer.maxBlocksInFlightPerAddress": 1271511714.6250463, "spark.reducer.maxSizeInFlight": 32.04977168922298, "spark.shuffle.file.buffer": 24.60724262106149}, "datetime": {"datetime": "2022-01-06 15:35:56", "elapsed": 0.391894, "delta": 0.02537}}
{"target": -2795.53967, "params": {"spark.default.parallelism": 289.926177137425, "spark.executor.cores": 1.5079049217926537, "spark.executor.instances": 7.1776325019418294, "spark.executor.memory": 4.517950687105594, "spark.executor.memoryOverhead": 484.18247258678946, "spark.memory.fraction": 0.5112559522694593, "spark.memory.storageFraction": 0.5048192039213005, "spark.reducer.maxBlocksInFlightPerAddress": 1115615735.5606942, "spark.reducer.maxSizeInFlight": 66.10332021936486, "spark.shuffle.file.buffer": 34.73494070311669}, "datetime": {"datetime": "2022-01-06 15:35:56", "elapsed": 0.415857, "delta": 0.023963}}
{"target": -2801.7641500000013, "params": {"spark.default.parallelism": 303.55006720180586, "spark.executor.cores": 1.8579242329768988, "spark.executor.instances": 4.686840520095559, "spark.executor.memory": 5.121999453655921, "spark.executor.memoryOverhead": 871.0956074443136, "spark.memory.fraction": 0.7591330395024961, "spark.memory.storageFraction": 0.7836548852826708, "spark.reducer.maxBlocksInFlightPerAddress": 1815485841.0388246, "spark.reducer.maxSizeInFlight": 63.209347175010556, "spark.shuffle.file.buffer": 29.68120610282879}, "datetime": {"datetime": "2022-01-06 15:35:56", "elapsed": 0.439793, "delta": 0.023936}}
{"target": -2809.0664200000015, "params": {"spark.default.parallelism": 401.5722276992618, "spark.executor.cores": 2.2851225373663784, "spark.executor.instances": 7.514981147535803, "spark.executor.memory": 6.905795360376253, "spark.executor.memoryOverhead": 570.2924354841548, "spark.memory.fraction": 0.6101984774045434, "spark.memory.storageFraction": 0.6073249130766232, "spark.reducer.maxBlocksInFlightPerAddress": 2130139191.0549612, "spark.reducer.maxSizeInFlight": 41.95361195670061, "spark.shuffle.file.buffer": 32.61973218997673}, "datetime": {"datetime": "2022-01-06 15:35:57", "elapsed": 0.46373, "delta": 0.023937}}
{"target": -2807.7430000000018, "params": {"spark.default.parallelism": 271.10809407290833, "spark.executor.cores": 2.806759041124508, "spark.executor.instances": 6.294717946689143, "spark.executor.memory": 3.011481308124636, "spark.executor.memoryOverhead": 688.2524424150168, "spark.memory.fraction": 0.6306579607088385, "spark.memory.storageFraction": 0.7108232409030437, "spark.reducer.maxBlocksInFlightPerAddress": 2025014908.6723402, "spark.reducer.maxSizeInFlight": 41.14894848011999, "spark.shuffle.file.buffer": 45.073124829433574}, "datetime": {"datetime": "2022-01-06 15:35:57", "elapsed": 0.859492, "delta": 0.395762}}
{"target": -2798.2498000000014, "params": {"spark.default.parallelism": 485.0528357741239, "spark.executor.cores": 2.113306376390313, "spark.executor.instances": 7.662425399065098, "spark.executor.memory": 5.566264835785351, "spark.executor.memoryOverhead": 576.2738030716343, "spark.memory.fraction": 0.6943962668387639, "spark.memory.storageFraction": 0.7417241931679893, "spark.reducer.maxBlocksInFlightPerAddress": 1663814410.6160128, "spark.reducer.maxSizeInFlight": 68.45670848190977, "spark.shuffle.file.buffer": 45.399469940275395}, "datetime": {"datetime": "2022-01-06 15:35:57", "elapsed": 1.28177, "delta": 0.422278}}
{"target": -2798.403850000001, "params": {"spark.default.parallelism": 340.06400682899186, "spark.executor.cores": 1.69034410231043, "spark.executor.instances": 4.900159831256339, "spark.executor.memory": 5.370047475063187, "spark.executor.memoryOverhead": 537.949029987045, "spark.memory.fraction": 0.8665222213873403, "spark.memory.storageFraction": 0.8638542099806228, "spark.reducer.maxBlocksInFlightPerAddress": 1349820488.749463, "spark.reducer.maxSizeInFlight": 29.3227824357134, "spark.shuffle.file.buffer": 22.17480742461161}, "datetime": {"datetime": "2022-01-06 15:35:58", "elapsed": 1.702, "delta": 0.42023}}
{"target": -2797.8902700000017, "params": {"spark.default.parallelism": 232.70562920572047, "spark.executor.cores": 2.2675735212238357, "spark.executor.instances": 7.2118529494949515, "spark.executor.memory": 5.787201984480713, "spark.executor.memoryOverhead": 761.7422108703548, "spark.memory.fraction": 0.636981647937408, "spark.memory.storageFraction": 0.838340593211071, "spark.reducer.maxBlocksInFlightPerAddress": 1534128789.5421472, "spark.reducer.maxSizeInFlight": 63.5524737797913, "spark.shuffle.file.buffer": 36.0478770759774}, "datetime": {"datetime": "2022-01-06 15:35:58", "elapsed": 2.118502, "delta": 0.416502}}
{"target": -2810.852080000001, "params": {"spark.default.parallelism": 349.1750280081594, "spark.executor.cores": 2.0380319681473575, "spark.executor.instances": 4.69888060043569, "spark.executor.memory": 5.282863406185026, "spark.executor.memoryOverhead": 875.3994386276474, "spark.memory.fraction": 0.8267340435166488, "spark.memory.storageFraction": 0.7377490495323911, "spark.reducer.maxBlocksInFlightPerAddress": 2121702105.4336865, "spark.reducer.maxSizeInFlight": 67.27500406412742, "spark.shuffle.file.buffer": 35.05945387528466}, "datetime": {"datetime": "2022-01-06 15:35:59", "elapsed": 2.530934, "delta": 0.412432}}
{"target": -2799.4428500000013, "params": {"spark.default.parallelism": 244.02544422928824, "spark.executor.cores": 2.4586378387222467, "spark.executor.instances": 4.754980267508744, "spark.executor.memory": 5.575582577246651, "spark.executor.memoryOverhead": 755.8728336341153, "spark.memory.fraction": 0.5842929568333283, "spark.memory.storageFraction": 0.740381699243056, "spark.reducer.maxBlocksInFlightPerAddress": 1877897542.6818209, "spark.reducer.maxSizeInFlight": 54.634498109776004, "spark.shuffle.file.buffer": 35.10807369429277}, "datetime": {"datetime": "2022-01-06 15:35:59", "elapsed": 2.96562, "delta": 0.434686}}
{"target": -2803.8255900000013, "params": {"spark.default.parallelism": 349.41668744840223, "spark.executor.cores": 2.6857996803857, "spark.executor.instances": 4.271227737363815, "spark.executor.memory": 5.293089086198739, "spark.executor.memoryOverhead": 848.781949688444, "spark.memory.fraction": 0.7071440192689288, "spark.memory.storageFraction": 0.5777863238111538, "spark.reducer.maxBlocksInFlightPerAddress": 1984209812.88371, "spark.reducer.maxSizeInFlight": 36.078678833080936, "spark.shuffle.file.buffer": 38.42323316744121}, "datetime": {"datetime": "2022-01-06 15:35:59", "elapsed": 3.372199, "delta": 0.406579}}
{"target": -2797.027580000002, "params": {"spark.default.parallelism": 384.0766083508507, "spark.executor.cores": 2.296625512326249, "spark.executor.instances": 4.679762856869031, "spark.executor.memory": 3.59778719575545, "spark.executor.memoryOverhead": 637.4882964582603, "spark.memory.fraction": 0.8501330905418156, "spark.memory.storageFraction": 0.5735813766188889, "spark.reducer.maxBlocksInFlightPerAddress": 1570711542.5403595, "spark.reducer.maxSizeInFlight": 44.58875203343534, "spark.shuffle.file.buffer": 31.913253949424522}, "datetime": {"datetime": "2022-01-06 15:36:00", "elapsed": 3.782469, "delta": 0.41027}}
{"target": -2795.2315000000012, "params": {"spark.default.parallelism": 489.77991950591667, "spark.executor.cores": 1.2187658283871692, "spark.executor.instances": 6.692164216866487, "spark.executor.memory": 4.9997294843968, "spark.executor.memoryOverhead": 767.1094270329611, "spark.memory.fraction": 0.5574427991496838, "spark.memory.storageFraction": 0.5332810545743503, "spark.reducer.maxBlocksInFlightPerAddress": 1502399536.48588, "spark.reducer.maxSizeInFlight": 62.254188095035204, "spark.shuffle.file.buffer": 22.133623645116483}, "datetime": {"datetime": "2022-01-06 15:36:00", "elapsed": 4.182399, "delta": 0.39993}}
{"target": -2798.7965400000016, "params": {"spark.default.parallelism": 212.98728145584758, "spark.executor.cores": 1.9728814863407895, "spark.executor.instances": 4.957644176551024, "spark.executor.memory": 6.809895126773037, "spark.executor.memoryOverhead": 849.3390654974114, "spark.memory.fraction": 0.7455736009538804, "spark.memory.storageFraction": 0.8893949589300785, "spark.reducer.maxBlocksInFlightPerAddress": 1444033871.2289782, "spark.reducer.maxSizeInFlight": 67.09683444804872, "spark.shuffle.file.buffer": 29.907039149072304}, "datetime": {"datetime": "2022-01-06 15:36:01", "elapsed": 4.589421, "delta": 0.407022}}
{"target": -2813.1759300000012, "params": {"spark.default.parallelism": 411.29401951517286, "spark.executor.cores": 2.3632906752052456, "spark.executor.instances": 6.7885941150110245, "spark.executor.memory": 5.474402970246146, "spark.executor.memoryOverhead": 458.43350150686535, "spark.memory.fraction": 0.8043209825223024, "spark.memory.storageFraction": 0.8124183288775828, "spark.reducer.maxBlocksInFlightPerAddress": 2044515012.178935, "spark.reducer.maxSizeInFlight": 35.22089724499708, "spark.shuffle.file.buffer": 21.653724578314925}, "datetime": {"datetime": "2022-01-06 15:36:01", "elapsed": 4.998176, "delta": 0.408755}}
{"target": -2798.096950000001, "params": {"spark.default.parallelism": 282.6809308282576, "spark.executor.cores": 2.8494816270767434, "spark.executor.instances": 5.547956937025169, "spark.executor.memory": 4.971523493725281, "spark.executor.memoryOverhead": 509.4379844410101, "spark.memory.fraction": 0.8539866075352254, "spark.memory.storageFraction": 0.6533053827221147, "spark.reducer.maxBlocksInFlightPerAddress": 1393260240.5974011, "spark.reducer.maxSizeInFlight": 58.444558185348214, "spark.shuffle.file.buffer": 22.107838181513838}, "datetime": {"datetime": "2022-01-06 15:36:01", "elapsed": 5.401346, "delta": 0.40317}}
{"target": -2799.51489, "params": {"spark.default.parallelism": 360.44966975594343, "spark.executor.cores": 2.535925756562623, "spark.executor.instances": 4.2123703818101, "spark.executor.memory": 5.196213775402079, "spark.executor.memoryOverhead": 778.8903160085895, "spark.memory.fraction": 0.7598332219513916, "spark.memory.storageFraction": 0.8725788059971643, "spark.reducer.maxBlocksInFlightPerAddress": 1153984101.0803053, "spark.reducer.maxSizeInFlight": 37.286710204828154, "spark.shuffle.file.buffer": 45.41560013619752}, "datetime": {"datetime": "2022-01-06 15:36:02", "elapsed": 5.819283, "delta": 0.417937}}
{"target": -2800.08641, "params": {"spark.default.parallelism": 354.8595383231207, "spark.executor.cores": 2.726452963427699, "spark.executor.instances": 7.936506175539668, "spark.executor.memory": 3.039491901435674, "spark.executor.memoryOverhead": 508.65085066386985, "spark.memory.fraction": 0.5895398681310101, "spark.memory.storageFraction": 0.5190150376911042, "spark.reducer.maxBlocksInFlightPerAddress": 1084664414.7410793, "spark.reducer.maxSizeInFlight": 47.52937498772312, "spark.shuffle.file.buffer": 17.45542866144941}, "datetime": {"datetime": "2022-01-06 15:36:02", "elapsed": 6.230368, "delta": 0.411085}}
{"target": -2796.3445000000006, "params": {"spark.default.parallelism": 253.54844989324647, "spark.executor.cores": 2.939741140689428, "spark.executor.instances": 6.967758101824307, "spark.executor.memory": 4.039166773217659, "spark.executor.memoryOverhead": 670.5490237495476, "spark.memory.fraction": 0.8821049014152748, "spark.memory.storageFraction": 0.5323015631248316, "spark.reducer.maxBlocksInFlightPerAddress": 1163435994.8568676, "spark.reducer.maxSizeInFlight": 53.71847190815555, "spark.shuffle.file.buffer": 23.183791322750647}, "datetime": {"datetime": "2022-01-06 15:36:03", "elapsed": 6.663485, "delta": 0.433117}}
