{"target": -2800.5508200000017, "params": {"spark.default.parallelism": 330.61377683753136, "spark.executor.cores": 1.748212093008157, "spark.executor.instances": 6.906678402057665, "spark.executor.memory": 6.428635743493631, "spark.executor.memoryOverhead": 752.0607301971313, "spark.memory.fraction": 0.8415905243362045, "spark.memory.storageFraction": 0.7789255646555688, "spark.reducer.maxBlocksInFlightPerAddress": 1534376204.3310528, "spark.reducer.maxSizeInFlight": 41.845022359853004, "spark.shuffle.file.buffer": 18.940179776585126}, "datetime": {"datetime": "2022-01-05 16:43:26", "elapsed": 18.174592, "delta": 0.449689}}
{"target": -2798.6610900000005, "params": {"spark.default.parallelism": 286.63205949283173, "spark.executor.cores": 1.2297324575302002, "spark.executor.instances": 4.1432230218034025, "spark.executor.memory": 6.457522539509089, "spark.executor.memoryOverhead": 475.1301060308039, "spark.memory.fraction": 0.5003366510447983, "spark.memory.storageFraction": 0.6724723331286533, "spark.reducer.maxBlocksInFlightPerAddress": 1189910154.7067087, "spark.reducer.maxSizeInFlight": 34.4518043108565, "spark.shuffle.file.buffer": 36.702844731122966}, "datetime": {"datetime": "2022-01-05 16:43:26", "elapsed": 18.646132, "delta": 0.47154}}
{"target": -2798.2993300000007, "params": {"spark.default.parallelism": 378.8616732172913, "spark.executor.cores": 2.303884609987997, "spark.executor.instances": 5.9601800061510275, "spark.executor.memory": 4.394804838795418, "spark.executor.memoryOverhead": 780.3686515987847, "spark.memory.fraction": 0.5754243723177536, "spark.memory.storageFraction": 0.6045400652595725, "spark.reducer.maxBlocksInFlightPerAddress": 1158337714.0654132, "spark.reducer.maxSizeInFlight": 48.925301260049594, "spark.shuffle.file.buffer": 34.33740276318423}, "datetime": {"datetime": "2022-01-05 16:43:27", "elapsed": 19.105245, "delta": 0.459113}}
{"target": -2796.272120000001, "params": {"spark.default.parallelism": 377.32348569541233, "spark.executor.cores": 1.9593834237156746, "spark.executor.instances": 6.346170409695924, "spark.executor.memory": 3.5290843875249234, "spark.executor.memoryOverhead": 520.9243753966202, "spark.memory.fraction": 0.5278689442918497, "spark.memory.storageFraction": 0.543198689063711, "spark.reducer.maxBlocksInFlightPerAddress": 1842946497.1773381, "spark.reducer.maxSizeInFlight": 25.26729386516878, "spark.shuffle.file.buffer": 33.26881030718386}, "datetime": {"datetime": "2022-01-05 16:43:27", "elapsed": 19.568951, "delta": 0.463706}}
{"target": -2798.1365600000013, "params": {"spark.default.parallelism": 351.54390087050757, "spark.executor.cores": 1.7779005389083276, "spark.executor.instances": 5.803744833032077, "spark.executor.memory": 6.370333933893356, "spark.executor.memoryOverhead": 505.0904940458414, "spark.memory.fraction": 0.875147359751429, "spark.memory.storageFraction": 0.7480669184806001, "spark.reducer.maxBlocksInFlightPerAddress": 1877626190.0117912, "spark.reducer.maxSizeInFlight": 32.80428793349494, "spark.shuffle.file.buffer": 42.46149302995434}, "datetime": {"datetime": "2022-01-05 16:43:27", "elapsed": 20.027763, "delta": 0.458812}}
{"target": -2798.9400900000014, "params": {"spark.default.parallelism": 228.40834295034676, "spark.executor.cores": 2.550681476889343, "spark.executor.instances": 6.776906795732592, "spark.executor.memory": 6.236179832141985, "spark.executor.memoryOverhead": 514.1062719131635, "spark.memory.fraction": 0.5405044792100829, "spark.memory.storageFraction": 0.688026777438889, "spark.reducer.maxBlocksInFlightPerAddress": 1842696634.7303295, "spark.reducer.maxSizeInFlight": 24.181431197413186, "spark.shuffle.file.buffer": 33.875492429768286}, "datetime": {"datetime": "2022-01-05 16:43:28", "elapsed": 20.497483, "delta": 0.46972}}
{"target": -2794.084360000001, "params": {"spark.default.parallelism": 354.15671897122763, "spark.executor.cores": 2.4206344739784296, "spark.executor.instances": 7.693243005678665, "spark.executor.memory": 5.848676328393099, "spark.executor.memoryOverhead": 563.8567374168767, "spark.memory.fraction": 0.6425625053422246, "spark.memory.storageFraction": 0.5058124737840141, "spark.reducer.maxBlocksInFlightPerAddress": 1468837193.9853284, "spark.reducer.maxSizeInFlight": 45.10795588508935, "spark.shuffle.file.buffer": 31.302577731284735}, "datetime": {"datetime": "2022-01-05 16:43:28", "elapsed": 20.971217, "delta": 0.473734}}
{"target": -2797.122510000001, "params": {"spark.default.parallelism": 311.88227199537675, "spark.executor.cores": 1.4956355399214256, "spark.executor.instances": 4.782238707455634, "spark.executor.memory": 3.3557977997589084, "spark.executor.memoryOverhead": 536.9632157272433, "spark.memory.fraction": 0.7679596145668381, "spark.memory.storageFraction": 0.6243804839013753, "spark.reducer.maxBlocksInFlightPerAddress": 1469164278.3066304, "spark.reducer.maxSizeInFlight": 38.934355093711204, "spark.shuffle.file.buffer": 28.059345372797512}, "datetime": {"datetime": "2022-01-05 16:43:29", "elapsed": 21.448035, "delta": 0.476818}}
{"target": -2807.029980000001, "params": {"spark.default.parallelism": 204.28632515238746, "spark.executor.cores": 2.2192201994100023, "spark.executor.instances": 7.146309632349498, "spark.executor.memory": 4.074139061453315, "spark.executor.memoryOverhead": 617.3595189156144, "spark.memory.fraction": 0.5894639088215836, "spark.memory.storageFraction": 0.7842481505931891, "spark.reducer.maxBlocksInFlightPerAddress": 1940029062.165973, "spark.reducer.maxSizeInFlight": 45.102084853902326, "spark.shuffle.file.buffer": 33.96182175491923}, "datetime": {"datetime": "2022-01-05 16:43:29", "elapsed": 21.923915, "delta": 0.47588}}
{"target": -2804.532160000001, "params": {"spark.default.parallelism": 449.8938425157416, "spark.executor.cores": 1.930477409211064, "spark.executor.instances": 5.925890187466093, "spark.executor.memory": 5.720854284354975, "spark.executor.memoryOverhead": 536.1951624965327, "spark.memory.fraction": 0.5518143469045548, "spark.memory.storageFraction": 0.763409065419873, "spark.reducer.maxBlocksInFlightPerAddress": 1939816885.3539057, "spark.reducer.maxSizeInFlight": 53.705197954421955, "spark.shuffle.file.buffer": 37.46628507250874}, "datetime": {"datetime": "2022-01-05 16:43:30", "elapsed": 22.378306, "delta": 0.454391}}
{"target": -2799.1626300000016, "params": {"spark.default.parallelism": 355.7001950928445, "spark.executor.cores": 2.1256821580684306, "spark.executor.instances": 5.633217894415238, "spark.executor.memory": 4.929494090330219, "spark.executor.memoryOverhead": 650.5511836146095, "spark.memory.fraction": 0.6528790340588759, "spark.memory.storageFraction": 0.7877869015770038, "spark.reducer.maxBlocksInFlightPerAddress": 1601082441.0864682, "spark.reducer.maxSizeInFlight": 53.208987249703256, "spark.shuffle.file.buffer": 30.61523737452112}, "datetime": {"datetime": "2022-01-05 16:43:30", "elapsed": 22.845061, "delta": 0.466755}}
{"target": -2799.6169400000013, "params": {"spark.default.parallelism": 284.5386891067736, "spark.executor.cores": 1.2060320749589004, "spark.executor.instances": 7.949417994607863, "spark.executor.memory": 4.859598997982353, "spark.executor.memoryOverhead": 495.810498681711, "spark.memory.fraction": 0.6998467419555658, "spark.memory.storageFraction": 0.5988547922140409, "spark.reducer.maxBlocksInFlightPerAddress": 1468380883.4676414, "spark.reducer.maxSizeInFlight": 28.457968018965314, "spark.shuffle.file.buffer": 20.61358359008844}, "datetime": {"datetime": "2022-01-05 16:43:31", "elapsed": 23.293113, "delta": 0.448052}}
{"target": -2798.203440000002, "params": {"spark.default.parallelism": 405.5758746276491, "spark.executor.cores": 1.9158316322787627, "spark.executor.instances": 7.015267081810432, "spark.executor.memory": 5.122807607546399, "spark.executor.memoryOverhead": 751.7495751433777, "spark.memory.fraction": 0.7984604520302356, "spark.memory.storageFraction": 0.7221337090630724, "spark.reducer.maxBlocksInFlightPerAddress": 1742778323.6224859, "spark.reducer.maxSizeInFlight": 41.07694471264516, "spark.shuffle.file.buffer": 34.377502735002956}, "datetime": {"datetime": "2022-01-05 16:43:31", "elapsed": 23.768847, "delta": 0.475734}}
{"target": -2798.986140000002, "params": {"spark.default.parallelism": 349.39366668022035, "spark.executor.cores": 2.709578656681015, "spark.executor.instances": 7.6560389042915595, "spark.executor.memory": 4.405129680696644, "spark.executor.memoryOverhead": 793.4032892659944, "spark.memory.fraction": 0.7530900220116665, "spark.memory.storageFraction": 0.7113865470045209, "spark.reducer.maxBlocksInFlightPerAddress": 1664056113.9887452, "spark.reducer.maxSizeInFlight": 39.48817181601674, "spark.shuffle.file.buffer": 22.08773972534766}, "datetime": {"datetime": "2022-01-05 16:43:32", "elapsed": 24.232561, "delta": 0.463714}}
{"target": -2798.128190000001, "params": {"spark.default.parallelism": 224.35140867829898, "spark.executor.cores": 2.756281705950403, "spark.executor.instances": 7.1580423838120115, "spark.executor.memory": 3.0821976760776226, "spark.executor.memoryOverhead": 636.4303309217563, "spark.memory.fraction": 0.5156035221840916, "spark.memory.storageFraction": 0.6763462815226052, "spark.reducer.maxBlocksInFlightPerAddress": 1163700066.9879794, "spark.reducer.maxSizeInFlight": 62.364049701324795, "spark.shuffle.file.buffer": 28.901656719681952}, "datetime": {"datetime": "2022-01-05 16:43:32", "elapsed": 24.704072, "delta": 0.471511}}
{"target": -2803.4333400000014, "params": {"spark.default.parallelism": 354.7318534876067, "spark.executor.cores": 2.5691284400337793, "spark.executor.instances": 4.036957549906707, "spark.executor.memory": 3.711285266655546, "spark.executor.memoryOverhead": 474.2985638751227, "spark.memory.fraction": 0.6921237215033411, "spark.memory.storageFraction": 0.7710756043877297, "spark.reducer.maxBlocksInFlightPerAddress": 1843187709.2593777, "spark.reducer.maxSizeInFlight": 37.53069677346028, "spark.shuffle.file.buffer": 30.458909944835135}, "datetime": {"datetime": "2022-01-05 16:43:33", "elapsed": 25.16658, "delta": 0.462508}}
{"target": -2797.9615600000016, "params": {"spark.default.parallelism": 328.3377209384398, "spark.executor.cores": 2.5474110698163646, "spark.executor.instances": 7.868766435455922, "spark.executor.memory": 4.714660091885381, "spark.executor.memoryOverhead": 635.8933362326945, "spark.memory.fraction": 0.8642513432749045, "spark.memory.storageFraction": 0.6684193742781743, "spark.reducer.maxBlocksInFlightPerAddress": 1383501779.4754264, "spark.reducer.maxSizeInFlight": 29.435545539526775, "spark.shuffle.file.buffer": 46.83262754437765}, "datetime": {"datetime": "2022-01-05 16:43:33", "elapsed": 25.631411, "delta": 0.464831}}
{"target": -2812.1904700000014, "params": {"spark.default.parallelism": 458.7125640747673, "spark.executor.cores": 2.5956090093563375, "spark.executor.instances": 4.6940421474090925, "spark.executor.memory": 6.96883971553462, "spark.executor.memoryOverhead": 398.99323490537176, "spark.memory.fraction": 0.6570593853118633, "spark.memory.storageFraction": 0.8017605261311176, "spark.reducer.maxBlocksInFlightPerAddress": 2119286846.2159996, "spark.reducer.maxSizeInFlight": 30.822078822433895, "spark.shuffle.file.buffer": 45.56929755690336}, "datetime": {"datetime": "2022-01-05 16:43:34", "elapsed": 26.088494, "delta": 0.457083}}
{"target": -2797.334360000001, "params": {"spark.default.parallelism": 293.28582554393046, "spark.executor.cores": 2.331711283683671, "spark.executor.instances": 5.148501806398837, "spark.executor.memory": 6.098088242450906, "spark.executor.memoryOverhead": 733.4848927267096, "spark.memory.fraction": 0.8996344412667281, "spark.memory.storageFraction": 0.6522049112458805, "spark.reducer.maxBlocksInFlightPerAddress": 1349578786.46075, "spark.reducer.maxSizeInFlight": 38.46553549428634, "spark.shuffle.file.buffer": 31.061560402767288}, "datetime": {"datetime": "2022-01-05 16:43:34", "elapsed": 26.567891, "delta": 0.479397}}
{"target": -2798.8079000000016, "params": {"spark.default.parallelism": 416.4507083266318, "spark.executor.cores": 2.783505286205955, "spark.executor.instances": 6.5617047037310074, "spark.executor.memory": 5.094042564934746, "spark.executor.memoryOverhead": 603.0075469791062, "spark.memory.fraction": 0.5880592456789491, "spark.memory.storageFraction": 0.5934323043576921, "spark.reducer.maxBlocksInFlightPerAddress": 1916103978.7745075, "spark.reducer.maxSizeInFlight": 57.81679902868684, "spark.shuffle.file.buffer": 44.564236695857474}, "datetime": {"datetime": "2022-01-05 16:43:34", "elapsed": 27.044056, "delta": 0.476165}}
{"target": -2797.884770000002, "params": {"spark.default.parallelism": 479.43002684638304, "spark.executor.cores": 1.819191066339127, "spark.executor.instances": 6.924507650789945, "spark.executor.memory": 3.025178299666907, "spark.executor.memoryOverhead": 751.4159267091295, "spark.memory.fraction": 0.5035148595300238, "spark.memory.storageFraction": 0.5628153352101681, "spark.reducer.maxBlocksInFlightPerAddress": 1518114532.8010507, "spark.reducer.maxSizeInFlight": 34.86714146291938, "spark.shuffle.file.buffer": 22.46564794681733}, "datetime": {"datetime": "2022-01-05 16:43:35", "elapsed": 27.522302, "delta": 0.478246}}
{"target": -2800.451490000002, "params": {"spark.default.parallelism": 492.733810079263, "spark.executor.cores": 2.2383684062995766, "spark.executor.instances": 7.794312073963445, "spark.executor.memory": 3.007000290903518, "spark.executor.memoryOverhead": 589.5030534518348, "spark.memory.fraction": 0.7114317692014734, "spark.memory.storageFraction": 0.5526825975822979, "spark.reducer.maxBlocksInFlightPerAddress": 1889859093.0170727, "spark.reducer.maxSizeInFlight": 67.7779686014452, "spark.shuffle.file.buffer": 22.76679161287009}, "datetime": {"datetime": "2022-01-05 16:43:35", "elapsed": 28.001004, "delta": 0.478702}}
"{'maxIndex': 14, 'target': -2793.3225800000014, 'params': {'spark.default.parallelism': 315.48959465819183, 'spark.executor.cores': 2.2616963488770354, 'spark.executor.instances': 4.219897548915281, 'spark.executor.memory': 6.090255637685727, 'spark.executor.memoryOverhead': 552.996862599545, 'spark.memory.fraction': 0.7049222661588908, 'spark.memory.storageFraction': 0.5236439149856444, 'spark.reducer.maxBlocksInFlightPerAddress': 1296285661.5891225, 'spark.reducer.maxSizeInFlight': 44.90858334794053, 'spark.shuffle.file.buffer': 32.051217996915156}}"