{"target": -2814.2523100000008, "params": {"spark.default.parallelism": 203.16913403607813, "spark.executor.cores": 1.8712269007120002, "spark.executor.instances": 4.872146371753113, "spark.executor.memory": 5.042673258477159, "spark.executor.memoryOverhead": 467.37953781494394, "spark.memory.fraction": 0.8344536345435318, "spark.memory.storageFraction": 0.7572025611411661, "spark.reducer.maxBlocksInFlightPerAddress": 2069905098.1132007, "spark.reducer.maxSizeInFlight": 39.34310673962203, "spark.shuffle.file.buffer": 30.551893132480547}, "datetime": {"datetime": "2022-01-06 15:38:12", "elapsed": 0.0, "delta": 0.0}}
{"target": -2803.1619300000007, "params": {"spark.default.parallelism": 311.18020799549686, "spark.executor.cores": 1.3297372370084763, "spark.executor.instances": 7.37184859388667, "spark.executor.memory": 5.809891974170043, "spark.executor.memoryOverhead": 617.8241836212727, "spark.memory.fraction": 0.8848580252647209, "spark.memory.storageFraction": 0.8841482676749581, "spark.reducer.maxBlocksInFlightPerAddress": 1140595878.323663, "spark.reducer.maxSizeInFlight": 54.87654815703805, "spark.shuffle.file.buffer": 17.382944250220433}, "datetime": {"datetime": "2022-01-06 15:38:12", "elapsed": 0.024908, "delta": 0.024908}}
{"target": -2798.693910000002, "params": {"spark.default.parallelism": 421.4049898145679, "spark.executor.cores": 1.4104119752605297, "spark.executor.instances": 6.95293822621454, "spark.executor.memory": 5.715508431805116, "spark.executor.memoryOverhead": 861.3039895034867, "spark.memory.fraction": 0.7913143884861531, "spark.memory.storageFraction": 0.6070436149705939, "spark.reducer.maxBlocksInFlightPerAddress": 1809381418.9570587, "spark.reducer.maxSizeInFlight": 66.17459166785952, "spark.shuffle.file.buffer": 42.6573251913468}, "datetime": {"datetime": "2022-01-06 15:38:12", "elapsed": 0.050536, "delta": 0.025628}}
{"target": -2814.7967300000014, "params": {"spark.default.parallelism": 304.26591519050845, "spark.executor.cores": 1.7202824485576635, "spark.executor.instances": 5.66813159339361, "spark.executor.memory": 4.302178528159301, "spark.executor.memoryOverhead": 427.5610907839962, "spark.memory.fraction": 0.6837375507137848, "spark.memory.storageFraction": 0.5788590558882637, "spark.reducer.maxBlocksInFlightPerAddress": 2100106880.039421, "spark.reducer.maxSizeInFlight": 46.50027840415699, "spark.shuffle.file.buffer": 18.66489331457415}, "datetime": {"datetime": "2022-01-06 15:38:12", "elapsed": 0.075472, "delta": 0.024936}}
{"target": -2797.844170000001, "params": {"spark.default.parallelism": 451.5958285708279, "spark.executor.cores": 2.605399973545537, "spark.executor.instances": 7.97537149342975, "spark.executor.memory": 4.654411305168908, "spark.executor.memoryOverhead": 529.2022817601828, "spark.memory.fraction": 0.7146377190169747, "spark.memory.storageFraction": 0.8231377575959088, "spark.reducer.maxBlocksInFlightPerAddress": 1679871631.706392, "spark.reducer.maxSizeInFlight": 55.891695947444354, "spark.shuffle.file.buffer": 35.32580854823334}, "datetime": {"datetime": "2022-01-06 15:38:12", "elapsed": 0.10038, "delta": 0.024908}}
{"target": -2797.5454000000013, "params": {"spark.default.parallelism": 237.84073933389482, "spark.executor.cores": 1.1006626790996397, "spark.executor.instances": 5.5639303941250216, "spark.executor.memory": 6.990368258871813, "spark.executor.memoryOverhead": 546.3021371787228, "spark.memory.fraction": 0.6462121624025499, "spark.memory.storageFraction": 0.550008892290915, "spark.reducer.maxBlocksInFlightPerAddress": 1417723007.311635, "spark.reducer.maxSizeInFlight": 42.21598516035857, "spark.shuffle.file.buffer": 29.41525943052467}, "datetime": {"datetime": "2022-01-06 15:38:12", "elapsed": 0.124316, "delta": 0.023936}}
{"target": -2797.467790000001, "params": {"spark.default.parallelism": 365.8677094883618, "spark.executor.cores": 1.6618452073882635, "spark.executor.instances": 5.038304973855134, "spark.executor.memory": 5.550677678360155, "spark.executor.memoryOverhead": 698.2018170282903, "spark.memory.fraction": 0.5446378272010124, "spark.memory.storageFraction": 0.6985161100723029, "spark.reducer.maxBlocksInFlightPerAddress": 1453352928.599513, "spark.reducer.maxSizeInFlight": 37.42274488900484, "spark.shuffle.file.buffer": 45.303817397869906}, "datetime": {"datetime": "2022-01-06 15:38:12", "elapsed": 0.148252, "delta": 0.023936}}
{"target": -2801.210320000001, "params": {"spark.default.parallelism": 323.7248178475395, "spark.executor.cores": 2.1402211944742033, "spark.executor.instances": 7.1050957493217695, "spark.executor.memory": 5.3226327884188755, "spark.executor.memoryOverhead": 781.8395559760872, "spark.memory.fraction": 0.6155476612378199, "spark.memory.storageFraction": 0.6648693358154414, "spark.reducer.maxBlocksInFlightPerAddress": 1910305507.2560987, "spark.reducer.maxSizeInFlight": 24.721234439842476, "spark.shuffle.file.buffer": 20.05732797310151}, "datetime": {"datetime": "2022-01-06 15:38:12", "elapsed": 0.173186, "delta": 0.024934}}
{"target": -2795.785860000001, "params": {"spark.default.parallelism": 280.0440543377116, "spark.executor.cores": 2.0745058254799957, "spark.executor.instances": 7.720159553962679, "spark.executor.memory": 6.105323787486153, "spark.executor.memoryOverhead": 808.2494680249049, "spark.memory.fraction": 0.5230772280559242, "spark.memory.storageFraction": 0.5064377705687981, "spark.reducer.maxBlocksInFlightPerAddress": 1257987278.0780334, "spark.reducer.maxSizeInFlight": 67.21520205801681, "spark.shuffle.file.buffer": 23.196091263337422}, "datetime": {"datetime": "2022-01-06 15:38:12", "elapsed": 0.197122, "delta": 0.023936}}
{"target": -2795.820610000001, "params": {"spark.default.parallelism": 221.66931304256104, "spark.executor.cores": 2.8857862501949714, "spark.executor.instances": 4.162337849708811, "spark.executor.memory": 3.641737225591262, "spark.executor.memoryOverhead": 485.3974986215218, "spark.memory.fraction": 0.8064451283033428, "spark.memory.storageFraction": 0.7637223982644912, "spark.reducer.maxBlocksInFlightPerAddress": 1338605371.4471154, "spark.reducer.maxSizeInFlight": 27.67369449161864, "spark.shuffle.file.buffer": 40.53409663302787}, "datetime": {"datetime": "2022-01-06 15:38:12", "elapsed": 0.221058, "delta": 0.023936}}
{"target": -2807.058900000002, "params": {"spark.default.parallelism": 364.3226139433741, "spark.executor.cores": 1.0658459774435631, "spark.executor.instances": 5.3197597235127025, "spark.executor.memory": 4.916641510862213, "spark.executor.memoryOverhead": 847.7920534514153, "spark.memory.fraction": 0.634072715569815, "spark.memory.storageFraction": 0.814985553707167, "spark.reducer.maxBlocksInFlightPerAddress": 1979485878.3464155, "spark.reducer.maxSizeInFlight": 43.64295792042445, "spark.shuffle.file.buffer": 24.348589293747068}, "datetime": {"datetime": "2022-01-06 15:38:12", "elapsed": 0.24599, "delta": 0.024932}}
{"target": -2796.500260000001, "params": {"spark.default.parallelism": 342.9737556877019, "spark.executor.cores": 2.308950479534598, "spark.executor.instances": 4.247134981759865, "spark.executor.memory": 4.00814182291845, "spark.executor.memoryOverhead": 567.9872019519845, "spark.memory.fraction": 0.6779170963887463, "spark.memory.storageFraction": 0.7259881705612161, "spark.reducer.maxBlocksInFlightPerAddress": 1529806993.2154906, "spark.reducer.maxSizeInFlight": 50.85075591875249, "spark.shuffle.file.buffer": 38.74350015696463}, "datetime": {"datetime": "2022-01-06 15:38:12", "elapsed": 0.269928, "delta": 0.023938}}
{"target": -2799.530360000002, "params": {"spark.default.parallelism": 384.09793540951114, "spark.executor.cores": 1.942058279617466, "spark.executor.instances": 6.162454275281081, "spark.executor.memory": 3.4668007616201217, "spark.executor.memoryOverhead": 714.7880941158168, "spark.memory.fraction": 0.7562013501385579, "spark.memory.storageFraction": 0.8404313816617521, "spark.reducer.maxBlocksInFlightPerAddress": 1771669603.5762975, "spark.reducer.maxSizeInFlight": 70.96828370620187, "spark.shuffle.file.buffer": 34.092867769125974}, "datetime": {"datetime": "2022-01-06 15:38:12", "elapsed": 0.29486, "delta": 0.024932}}
{"target": -2798.178800000002, "params": {"spark.default.parallelism": 248.08305199697892, "spark.executor.cores": 2.51538457394624, "spark.executor.instances": 6.306148755786385, "spark.executor.memory": 3.0490087585830827, "spark.executor.memoryOverhead": 643.1827971276682, "spark.memory.fraction": 0.5822100135658635, "spark.memory.storageFraction": 0.6570391842086717, "spark.reducer.maxBlocksInFlightPerAddress": 1646889304.2675586, "spark.reducer.maxSizeInFlight": 49.26762718826442, "spark.shuffle.file.buffer": 26.30816426962614}, "datetime": {"datetime": "2022-01-06 15:38:12", "elapsed": 0.318847, "delta": 0.023987}}
{"target": -2796.95188, "params": {"spark.default.parallelism": 427.0328720792021, "spark.executor.cores": 1.2918081667045818, "spark.executor.instances": 4.4734503295066474, "spark.executor.memory": 6.422806394451623, "spark.executor.memoryOverhead": 772.2779562285239, "spark.memory.fraction": 0.851748387872435, "spark.memory.storageFraction": 0.5247628159532473, "spark.reducer.maxBlocksInFlightPerAddress": 1108906876.8157191, "spark.reducer.maxSizeInFlight": 34.323187759096314, "spark.shuffle.file.buffer": 47.7988797700626}, "datetime": {"datetime": "2022-01-06 15:38:12", "elapsed": 0.342759, "delta": 0.023912}}
{"target": -2800.2187000000013, "params": {"spark.default.parallelism": 402.0041578939573, "spark.executor.cores": 2.4756422128354716, "spark.executor.instances": 7.487927928877716, "spark.executor.memory": 6.70504600150462, "spark.executor.memoryOverhead": 441.672260723923, "spark.memory.fraction": 0.5659744009237224, "spark.memory.storageFraction": 0.6366081454614343, "spark.reducer.maxBlocksInFlightPerAddress": 1872009445.1716704, "spark.reducer.maxSizeInFlight": 64.67553850088231, "spark.shuffle.file.buffer": 43.70935408070512}, "datetime": {"datetime": "2022-01-06 15:38:12", "elapsed": 0.366724, "delta": 0.023965}}
{"target": -2799.8151200000016, "params": {"spark.default.parallelism": 485.7295954332797, "spark.executor.cores": 2.9227476170271487, "spark.executor.instances": 4.693579472876299, "spark.executor.memory": 4.422755994341877, "spark.executor.memoryOverhead": 741.0388948307684, "spark.memory.fraction": 0.7204535576023532, "spark.memory.storageFraction": 0.8721856167389439, "spark.reducer.maxBlocksInFlightPerAddress": 1564740980.5532305, "spark.reducer.maxSizeInFlight": 58.19517477553032, "spark.shuffle.file.buffer": 21.494865130416244}, "datetime": {"datetime": "2022-01-06 15:38:12", "elapsed": 0.39066, "delta": 0.023936}}
{"target": -2799.0004600000016, "params": {"spark.default.parallelism": 460.9119258416966, "spark.executor.cores": 2.2982509152715824, "spark.executor.instances": 6.593170644495401, "spark.executor.memory": 3.848717944441031, "spark.executor.memoryOverhead": 386.97578238145735, "spark.memory.fraction": 0.5026580647464303, "spark.memory.storageFraction": 0.7904561913160582, "spark.reducer.maxBlocksInFlightPerAddress": 1353496404.6457326, "spark.reducer.maxSizeInFlight": 29.70054944962992, "spark.shuffle.file.buffer": 32.00261582231978}, "datetime": {"datetime": "2022-01-06 15:38:12", "elapsed": 0.414627, "delta": 0.023967}}
{"target": -2809.4746000000014, "params": {"spark.default.parallelism": 474.42727502605635, "spark.executor.cores": 2.7151943828356035, "spark.executor.instances": 6.646889088465086, "spark.executor.memory": 3.2858653515743717, "spark.executor.memoryOverhead": 581.3521417032298, "spark.memory.fraction": 0.7644831106887469, "spark.memory.storageFraction": 0.7127972172169613, "spark.reducer.maxBlocksInFlightPerAddress": 2014938990.376273, "spark.reducer.maxSizeInFlight": 60.74374204817438, "spark.shuffle.file.buffer": 28.03450708184572}, "datetime": {"datetime": "2022-01-06 15:38:12", "elapsed": 0.438567, "delta": 0.02394}}
{"target": -2797.195800000001, "params": {"spark.default.parallelism": 272.88434719661694, "spark.executor.cores": 1.5389579798358088, "spark.executor.instances": 5.8848434943900525, "spark.executor.memory": 6.267308598965402, "spark.executor.memoryOverhead": 676.4233281359938, "spark.memory.fraction": 0.8762761996291024, "spark.memory.storageFraction": 0.5909572551788144, "spark.reducer.maxBlocksInFlightPerAddress": 1210420461.1429307, "spark.reducer.maxSizeInFlight": 33.16737433911591, "spark.shuffle.file.buffer": 37.66573643556106}, "datetime": {"datetime": "2022-01-06 15:38:12", "elapsed": 0.463025, "delta": 0.024458}}
{"target": -2807.7430000000018, "params": {"spark.default.parallelism": 271.10809407290833, "spark.executor.cores": 2.806759041124508, "spark.executor.instances": 6.294717946689143, "spark.executor.memory": 3.011481308124636, "spark.executor.memoryOverhead": 688.2524424150168, "spark.memory.fraction": 0.6306579607088385, "spark.memory.storageFraction": 0.7108232409030437, "spark.reducer.maxBlocksInFlightPerAddress": 2025014908.6723402, "spark.reducer.maxSizeInFlight": 41.14894848011999, "spark.shuffle.file.buffer": 45.073124829433574}, "datetime": {"datetime": "2022-01-06 15:38:13", "elapsed": 0.849713, "delta": 0.386688}}
{"target": -2798.2498000000014, "params": {"spark.default.parallelism": 485.0528357741239, "spark.executor.cores": 2.113306376390313, "spark.executor.instances": 7.662425399065098, "spark.executor.memory": 5.566264835785351, "spark.executor.memoryOverhead": 576.2738030716343, "spark.memory.fraction": 0.6943962668387639, "spark.memory.storageFraction": 0.7417241931679893, "spark.reducer.maxBlocksInFlightPerAddress": 1663814410.6160128, "spark.reducer.maxSizeInFlight": 68.45670848190977, "spark.shuffle.file.buffer": 45.399469940275395}, "datetime": {"datetime": "2022-01-06 15:38:13", "elapsed": 1.261067, "delta": 0.411354}}
{"target": -2798.403850000001, "params": {"spark.default.parallelism": 340.06400682899186, "spark.executor.cores": 1.69034410231043, "spark.executor.instances": 4.900159831256339, "spark.executor.memory": 5.370047475063187, "spark.executor.memoryOverhead": 537.949029987045, "spark.memory.fraction": 0.8665222213873403, "spark.memory.storageFraction": 0.8638542099806228, "spark.reducer.maxBlocksInFlightPerAddress": 1349820488.749463, "spark.reducer.maxSizeInFlight": 29.3227824357134, "spark.shuffle.file.buffer": 22.17480742461161}, "datetime": {"datetime": "2022-01-06 15:38:13", "elapsed": 1.689709, "delta": 0.428642}}
{"target": -2797.8902700000017, "params": {"spark.default.parallelism": 232.70562920572047, "spark.executor.cores": 2.2675735212238357, "spark.executor.instances": 7.2118529494949515, "spark.executor.memory": 5.787201984480713, "spark.executor.memoryOverhead": 761.7422108703548, "spark.memory.fraction": 0.636981647937408, "spark.memory.storageFraction": 0.838340593211071, "spark.reducer.maxBlocksInFlightPerAddress": 1534128789.5421472, "spark.reducer.maxSizeInFlight": 63.5524737797913, "spark.shuffle.file.buffer": 36.0478770759774}, "datetime": {"datetime": "2022-01-06 15:38:14", "elapsed": 2.108548, "delta": 0.418839}}
{"target": -2810.852080000001, "params": {"spark.default.parallelism": 349.1750280081594, "spark.executor.cores": 2.0380319681473575, "spark.executor.instances": 4.69888060043569, "spark.executor.memory": 5.282863406185026, "spark.executor.memoryOverhead": 875.3994386276474, "spark.memory.fraction": 0.8267340435166488, "spark.memory.storageFraction": 0.7377490495323911, "spark.reducer.maxBlocksInFlightPerAddress": 2121702105.4336865, "spark.reducer.maxSizeInFlight": 67.27500406412742, "spark.shuffle.file.buffer": 35.05945387528466}, "datetime": {"datetime": "2022-01-06 15:38:14", "elapsed": 2.518632, "delta": 0.410084}}
{"target": -2799.4428500000013, "params": {"spark.default.parallelism": 244.02544422928824, "spark.executor.cores": 2.4586378387222467, "spark.executor.instances": 4.754980267508744, "spark.executor.memory": 5.575582577246651, "spark.executor.memoryOverhead": 755.8728336341153, "spark.memory.fraction": 0.5842929568333283, "spark.memory.storageFraction": 0.740381699243056, "spark.reducer.maxBlocksInFlightPerAddress": 1877897542.6818209, "spark.reducer.maxSizeInFlight": 54.634498109776004, "spark.shuffle.file.buffer": 35.10807369429277}, "datetime": {"datetime": "2022-01-06 15:38:15", "elapsed": 2.918109, "delta": 0.399477}}
{"target": -2803.8255900000013, "params": {"spark.default.parallelism": 349.41668744840223, "spark.executor.cores": 2.6857996803857, "spark.executor.instances": 4.271227737363815, "spark.executor.memory": 5.293089086198739, "spark.executor.memoryOverhead": 848.781949688444, "spark.memory.fraction": 0.7071440192689288, "spark.memory.storageFraction": 0.5777863238111538, "spark.reducer.maxBlocksInFlightPerAddress": 1984209812.88371, "spark.reducer.maxSizeInFlight": 36.078678833080936, "spark.shuffle.file.buffer": 38.42323316744121}, "datetime": {"datetime": "2022-01-06 15:38:15", "elapsed": 3.334659, "delta": 0.41655}}
{"target": -2797.027580000002, "params": {"spark.default.parallelism": 384.0766083508507, "spark.executor.cores": 2.296625512326249, "spark.executor.instances": 4.679762856869031, "spark.executor.memory": 3.59778719575545, "spark.executor.memoryOverhead": 637.4882964582603, "spark.memory.fraction": 0.8501330905418156, "spark.memory.storageFraction": 0.5735813766188889, "spark.reducer.maxBlocksInFlightPerAddress": 1570711542.5403595, "spark.reducer.maxSizeInFlight": 44.58875203343534, "spark.shuffle.file.buffer": 31.913253949424522}, "datetime": {"datetime": "2022-01-06 15:38:15", "elapsed": 3.758269, "delta": 0.42361}}
{"target": -2795.2315000000012, "params": {"spark.default.parallelism": 489.77991950591667, "spark.executor.cores": 1.2187658283871692, "spark.executor.instances": 6.692164216866487, "spark.executor.memory": 4.9997294843968, "spark.executor.memoryOverhead": 767.1094270329611, "spark.memory.fraction": 0.5574427991496838, "spark.memory.storageFraction": 0.5332810545743503, "spark.reducer.maxBlocksInFlightPerAddress": 1502399536.48588, "spark.reducer.maxSizeInFlight": 62.254188095035204, "spark.shuffle.file.buffer": 22.133623645116483}, "datetime": {"datetime": "2022-01-06 15:38:16", "elapsed": 4.180577, "delta": 0.422308}}
{"target": -2798.7965400000016, "params": {"spark.default.parallelism": 212.98728145584758, "spark.executor.cores": 1.9728814863407895, "spark.executor.instances": 4.957644176551024, "spark.executor.memory": 6.809895126773037, "spark.executor.memoryOverhead": 849.3390654974114, "spark.memory.fraction": 0.7455736009538804, "spark.memory.storageFraction": 0.8893949589300785, "spark.reducer.maxBlocksInFlightPerAddress": 1444033871.2289782, "spark.reducer.maxSizeInFlight": 67.09683444804872, "spark.shuffle.file.buffer": 29.907039149072304}, "datetime": {"datetime": "2022-01-06 15:38:16", "elapsed": 4.585509, "delta": 0.404932}}
{"target": -2813.1759300000012, "params": {"spark.default.parallelism": 411.29401951517286, "spark.executor.cores": 2.3632906752052456, "spark.executor.instances": 6.7885941150110245, "spark.executor.memory": 5.474402970246146, "spark.executor.memoryOverhead": 458.43350150686535, "spark.memory.fraction": 0.8043209825223024, "spark.memory.storageFraction": 0.8124183288775828, "spark.reducer.maxBlocksInFlightPerAddress": 2044515012.178935, "spark.reducer.maxSizeInFlight": 35.22089724499708, "spark.shuffle.file.buffer": 21.653724578314925}, "datetime": {"datetime": "2022-01-06 15:38:17", "elapsed": 5.002516, "delta": 0.417007}}
{"target": -2798.096950000001, "params": {"spark.default.parallelism": 282.6809308282576, "spark.executor.cores": 2.8494816270767434, "spark.executor.instances": 5.547956937025169, "spark.executor.memory": 4.971523493725281, "spark.executor.memoryOverhead": 509.4379844410101, "spark.memory.fraction": 0.8539866075352254, "spark.memory.storageFraction": 0.6533053827221147, "spark.reducer.maxBlocksInFlightPerAddress": 1393260240.5974011, "spark.reducer.maxSizeInFlight": 58.444558185348214, "spark.shuffle.file.buffer": 22.107838181513838}, "datetime": {"datetime": "2022-01-06 15:38:17", "elapsed": 5.411196, "delta": 0.40868}}
{"target": -2799.51489, "params": {"spark.default.parallelism": 360.44966975594343, "spark.executor.cores": 2.535925756562623, "spark.executor.instances": 4.2123703818101, "spark.executor.memory": 5.196213775402079, "spark.executor.memoryOverhead": 778.8903160085895, "spark.memory.fraction": 0.7598332219513916, "spark.memory.storageFraction": 0.8725788059971643, "spark.reducer.maxBlocksInFlightPerAddress": 1153984101.0803053, "spark.reducer.maxSizeInFlight": 37.286710204828154, "spark.shuffle.file.buffer": 45.41560013619752}, "datetime": {"datetime": "2022-01-06 15:38:18", "elapsed": 5.84352, "delta": 0.432324}}
{"target": -2800.08641, "params": {"spark.default.parallelism": 354.8595383231207, "spark.executor.cores": 2.726452963427699, "spark.executor.instances": 7.936506175539668, "spark.executor.memory": 3.039491901435674, "spark.executor.memoryOverhead": 508.65085066386985, "spark.memory.fraction": 0.5895398681310101, "spark.memory.storageFraction": 0.5190150376911042, "spark.reducer.maxBlocksInFlightPerAddress": 1084664414.7410793, "spark.reducer.maxSizeInFlight": 47.52937498772312, "spark.shuffle.file.buffer": 17.45542866144941}, "datetime": {"datetime": "2022-01-06 15:38:18", "elapsed": 6.280103, "delta": 0.436583}}
{"target": -2796.3445000000006, "params": {"spark.default.parallelism": 253.54844989324647, "spark.executor.cores": 2.939741140689428, "spark.executor.instances": 6.967758101824307, "spark.executor.memory": 4.039166773217659, "spark.executor.memoryOverhead": 670.5490237495476, "spark.memory.fraction": 0.8821049014152748, "spark.memory.storageFraction": 0.5323015631248316, "spark.reducer.maxBlocksInFlightPerAddress": 1163435994.8568676, "spark.reducer.maxSizeInFlight": 53.71847190815555, "spark.shuffle.file.buffer": 23.183791322750647}, "datetime": {"datetime": "2022-01-06 15:38:18", "elapsed": 6.700542, "delta": 0.420439}}
