{"target": -2808.273610000001, "params": {"spark.default.parallelism": 345.55001304079667, "spark.executor.cores": 1.3209061548983216, "spark.executor.instances": 6.464968599836615, "spark.executor.memory": 3.2709882007691573, "spark.executor.memoryOverhead": 727.888940975836, "spark.memory.fraction": 0.7587070091040712, "spark.memory.storageFraction": 0.7792597363531071, "spark.reducer.maxBlocksInFlightPerAddress": 2027248400.3480082, "spark.reducer.maxSizeInFlight": 42.48227635162295, "spark.shuffle.file.buffer": 43.115831473801265}, "datetime": {"datetime": "2022-01-05 16:43:07", "elapsed": 0.0, "delta": 0.0}}
{"target": -2801.8110100000013, "params": {"spark.default.parallelism": 418.3429661540322, "spark.executor.cores": 2.834432245043539, "spark.executor.instances": 6.227752139675589, "spark.executor.memory": 6.321509928719243, "spark.executor.memoryOverhead": 409.88875457007197, "spark.memory.fraction": 0.821026010052383, "spark.memory.storageFraction": 0.6962730461912506, "spark.reducer.maxBlocksInFlightPerAddress": 1877251692.3440416, "spark.reducer.maxSizeInFlight": 43.94645699833892, "spark.shuffle.file.buffer": 34.855370193581706}, "datetime": {"datetime": "2022-01-05 16:43:07", "elapsed": 0.024906, "delta": 0.024906}}
{"target": -2798.810520000002, "params": {"spark.default.parallelism": 483.3432106889801, "spark.executor.cores": 1.7648781922543326, "spark.executor.instances": 4.840995343568941, "spark.executor.memory": 5.961327770245644, "spark.executor.memoryOverhead": 600.1716354897749, "spark.memory.fraction": 0.6968181631100598, "spark.memory.storageFraction": 0.5582577867427515, "spark.reducer.maxBlocksInFlightPerAddress": 1908399062.8302808, "spark.reducer.maxSizeInFlight": 65.09962401738974, "spark.shuffle.file.buffer": 30.55367981877435}, "datetime": {"datetime": "2022-01-05 16:43:07", "elapsed": 0.05086, "delta": 0.025954}}
{"target": -2796.112140000001, "params": {"spark.default.parallelism": 206.66039401738584, "spark.executor.cores": 1.8000642323950036, "spark.executor.instances": 4.095412138914599, "spark.executor.memory": 4.35246954517268, "spark.executor.memoryOverhead": 522.7979223525157, "spark.memory.fraction": 0.7956009468487988, "spark.memory.storageFraction": 0.8592364085533162, "spark.reducer.maxBlocksInFlightPerAddress": 1743024807.5724707, "spark.reducer.maxSizeInFlight": 33.32603413690714, "spark.shuffle.file.buffer": 42.30650279574759}, "datetime": {"datetime": "2022-01-05 16:43:07", "elapsed": 0.075798, "delta": 0.024938}}
{"target": -2803.949870000001, "params": {"spark.default.parallelism": 324.18698327899375, "spark.executor.cores": 2.7287973355273443, "spark.executor.instances": 6.793361907560641, "spark.executor.memory": 3.6714761366855733, "spark.executor.memoryOverhead": 422.0888792266495, "spark.memory.fraction": 0.8090563835948013, "spark.memory.storageFraction": 0.8234520775318056, "spark.reducer.maxBlocksInFlightPerAddress": 1261668088.598151, "spark.reducer.maxSizeInFlight": 67.67456737995755, "spark.shuffle.file.buffer": 18.091242854559503}, "datetime": {"datetime": "2022-01-05 16:43:08", "elapsed": 0.10073, "delta": 0.024932}}
{"target": -2812.9268800000013, "params": {"spark.default.parallelism": 307.53871451263024, "spark.executor.cores": 1.0454526525958503, "spark.executor.instances": 4.947487450938444, "spark.executor.memory": 5.543978853137295, "spark.executor.memoryOverhead": 638.2526009291751, "spark.memory.fraction": 0.74768262987397, "spark.memory.storageFraction": 0.7840028420540276, "spark.reducer.maxBlocksInFlightPerAddress": 2092880746.8379836, "spark.reducer.maxSizeInFlight": 37.36071118574077, "spark.shuffle.file.buffer": 24.880755964506996}, "datetime": {"datetime": "2022-01-05 16:43:08", "elapsed": 0.125636, "delta": 0.024906}}
{"target": -2799.0038100000015, "params": {"spark.default.parallelism": 475.7913934086845, "spark.executor.cores": 2.1700456993215704, "spark.executor.instances": 5.474131947514085, "spark.executor.memory": 3.2264372074913577, "spark.executor.memoryOverhead": 852.0006027501088, "spark.memory.fraction": 0.7836712150511618, "spark.memory.storageFraction": 0.8055694272788194, "spark.reducer.maxBlocksInFlightPerAddress": 1700531801.9875798, "spark.reducer.maxSizeInFlight": 40.541118942630646, "spark.shuffle.file.buffer": 30.948248562962853}, "datetime": {"datetime": "2022-01-05 16:43:08", "elapsed": 0.150597, "delta": 0.024961}}
{"target": -2796.1087300000013, "params": {"spark.default.parallelism": 398.12469739719234, "spark.executor.cores": 2.7560859273846896, "spark.executor.instances": 7.605280034742023, "spark.executor.memory": 4.223097965190788, "spark.executor.memoryOverhead": 806.3868608181651, "spark.memory.fraction": 0.8737025102905449, "spark.memory.storageFraction": 0.6136995046969798, "spark.reducer.maxBlocksInFlightPerAddress": 1601325454.0837545, "spark.reducer.maxSizeInFlight": 52.902715218497704, "spark.shuffle.file.buffer": 41.46831664173567}, "datetime": {"datetime": "2022-01-05 16:43:08", "elapsed": 0.17553, "delta": 0.024933}}
{"target": -2802.8162600000005, "params": {"spark.default.parallelism": 295.7051066014589, "spark.executor.cores": 2.529749611956515, "spark.executor.instances": 5.407028335502109, "spark.executor.memory": 4.888373643276667, "spark.executor.memoryOverhead": 816.2776276728141, "spark.memory.fraction": 0.6778687422239523, "spark.memory.storageFraction": 0.8860270338674603, "spark.reducer.maxBlocksInFlightPerAddress": 1075633309.7220647, "spark.reducer.maxSizeInFlight": 46.52853775253236, "spark.shuffle.file.buffer": 19.560380218259823}, "datetime": {"datetime": "2022-01-05 16:43:08", "elapsed": 0.200459, "delta": 0.024929}}
{"target": -2798.5292900000018, "params": {"spark.default.parallelism": 454.6428440752022, "spark.executor.cores": 2.647459225435658, "spark.executor.instances": 7.271217156670619, "spark.executor.memory": 6.813953166794434, "spark.executor.memoryOverhead": 578.6272593944539, "spark.memory.fraction": 0.5909352469164391, "spark.memory.storageFraction": 0.7550031336142329, "spark.reducer.maxBlocksInFlightPerAddress": 1761071174.0311909, "spark.reducer.maxSizeInFlight": 48.12197882231296, "spark.shuffle.file.buffer": 39.60082751838653}, "datetime": {"datetime": "2022-01-05 16:43:08", "elapsed": 0.225408, "delta": 0.024949}}
{"target": -2798.0384500000014, "params": {"spark.default.parallelism": 387.9340555479709, "spark.executor.cores": 1.4920712037983725, "spark.executor.instances": 5.721166765784293, "spark.executor.memory": 5.753406184389787, "spark.executor.memoryOverhead": 701.1972308175946, "spark.memory.fraction": 0.6339212341952359, "spark.memory.storageFraction": 0.5487015112969934, "spark.reducer.maxBlocksInFlightPerAddress": 1189668360.6674216, "spark.reducer.maxSizeInFlight": 33.76788040779983, "spark.shuffle.file.buffer": 24.36941651081816}, "datetime": {"datetime": "2022-01-05 16:43:08", "elapsed": 0.250344, "delta": 0.024936}}
{"target": -2805.4134800000006, "params": {"spark.default.parallelism": 261.8081542361664, "spark.executor.cores": 2.2761566330803795, "spark.executor.instances": 5.067785729173997, "spark.executor.memory": 6.871222641935146, "spark.executor.memoryOverhead": 466.9802694019374, "spark.memory.fraction": 0.7751263627225042, "spark.memory.storageFraction": 0.8080405939825401, "spark.reducer.maxBlocksInFlightPerAddress": 1138283798.139981, "spark.reducer.maxSizeInFlight": 25.9846698180123, "spark.shuffle.file.buffer": 26.757214032533867}, "datetime": {"datetime": "2022-01-05 16:43:08", "elapsed": 0.275555, "delta": 0.025211}}
{"target": -2798.149560000001, "params": {"spark.default.parallelism": 433.7177857397766, "spark.executor.cores": 1.8791503867801833, "spark.executor.instances": 5.95926970396922, "spark.executor.memory": 4.0777751315797355, "spark.executor.memoryOverhead": 582.3479939529072, "spark.memory.fraction": 0.8886244920328463, "spark.memory.storageFraction": 0.7474918344563237, "spark.reducer.maxBlocksInFlightPerAddress": 1383258535.7504756, "spark.reducer.maxSizeInFlight": 59.55008126487154, "spark.shuffle.file.buffer": 39.00980346892482}, "datetime": {"datetime": "2022-01-05 16:43:08", "elapsed": 0.300497, "delta": 0.024942}}
{"target": -2793.3225800000014, "params": {"spark.default.parallelism": 315.48959465819183, "spark.executor.cores": 2.2616963488770354, "spark.executor.instances": 4.219897548915281, "spark.executor.memory": 6.090255637685727, "spark.executor.memoryOverhead": 552.996862599545, "spark.memory.fraction": 0.7049222661588908, "spark.memory.storageFraction": 0.5236439149856444, "spark.reducer.maxBlocksInFlightPerAddress": 1296285661.5891225, "spark.reducer.maxSizeInFlight": 44.90858334794053, "spark.shuffle.file.buffer": 32.051217996915156}, "datetime": {"datetime": "2022-01-05 16:43:08", "elapsed": 0.324472, "delta": 0.023975}}
{"target": -4338.132489999998, "params": {"spark.default.parallelism": 240.29724945854426, "spark.executor.cores": 2.549003290778189, "spark.executor.instances": 7.955036331866314, "spark.executor.memory": 3.10186115335507, "spark.executor.memoryOverhead": 627.2273726612442, "spark.memory.fraction": 0.6135763654425211, "spark.memory.storageFraction": 0.898974401482592, "spark.reducer.maxBlocksInFlightPerAddress": 1826214355.7913299, "spark.reducer.maxSizeInFlight": 69.23264011009611, "spark.shuffle.file.buffer": 19.14901478484321}, "datetime": {"datetime": "2022-01-05 16:43:08", "elapsed": 0.349478, "delta": 0.025006}}
{"target": -2797.0852400000017, "params": {"spark.default.parallelism": 363.00915411069127, "spark.executor.cores": 1.669416877399529, "spark.executor.instances": 4.699695728239139, "spark.executor.memory": 4.472604652734194, "spark.executor.memoryOverhead": 447.121410595572, "spark.memory.fraction": 0.5374731778641659, "spark.memory.storageFraction": 0.5298092509952881, "spark.reducer.maxBlocksInFlightPerAddress": 1419204774.9601462, "spark.reducer.maxSizeInFlight": 54.540257253544794, "spark.shuffle.file.buffer": 35.58342819480913}, "datetime": {"datetime": "2022-01-05 16:43:08", "elapsed": 0.375447, "delta": 0.025969}}
{"target": -2801.1287100000022, "params": {"spark.default.parallelism": 352.72796052333905, "spark.executor.cores": 2.05195215336822, "spark.executor.instances": 6.860301426834344, "spark.executor.memory": 3.9049828258259125, "spark.executor.memoryOverhead": 831.3619212966373, "spark.memory.fraction": 0.5435836753759083, "spark.memory.storageFraction": 0.7082374423904885, "spark.reducer.maxBlocksInFlightPerAddress": 1808110404.7978048, "spark.reducer.maxSizeInFlight": 61.2865851193297, "spark.shuffle.file.buffer": 22.568944672590018}, "datetime": {"datetime": "2022-01-05 16:43:08", "elapsed": 0.401411, "delta": 0.025964}}
{"target": -2803.3815400000003, "params": {"spark.default.parallelism": 232.8886883050066, "spark.executor.cores": 2.8895132894008357, "spark.executor.instances": 7.552293496903405, "spark.executor.memory": 4.630503432330405, "spark.executor.memoryOverhead": 387.3796804497431, "spark.memory.fraction": 0.6231452508624333, "spark.memory.storageFraction": 0.675254852103422, "spark.reducer.maxBlocksInFlightPerAddress": 1940026680.419639, "spark.reducer.maxSizeInFlight": 65.60895719863177, "spark.shuffle.file.buffer": 45.01136436192836}, "datetime": {"datetime": "2022-01-05 16:43:08", "elapsed": 0.426471, "delta": 0.02506}}
{"target": -2799.157480000001, "params": {"spark.default.parallelism": 497.75258761137525, "spark.executor.cores": 2.1015188608985613, "spark.executor.instances": 4.543848762237827, "spark.executor.memory": 6.649680282738312, "spark.executor.memoryOverhead": 501.5806283112683, "spark.memory.fraction": 0.5192662867960799, "spark.memory.storageFraction": 0.6227343835014485, "spark.reducer.maxBlocksInFlightPerAddress": 1572618761.0322917, "spark.reducer.maxSizeInFlight": 39.76097817847713, "spark.shuffle.file.buffer": 20.631131448607974}, "datetime": {"datetime": "2022-01-05 16:43:08", "elapsed": 0.451463, "delta": 0.024992}}
{"target": -2810.284180000001, "params": {"spark.default.parallelism": 226.42126017762826, "spark.executor.cores": 1.6158174165460655, "spark.executor.instances": 7.395524003639122, "spark.executor.memory": 5.389003963599313, "spark.executor.memoryOverhead": 685.487829488972, "spark.memory.fraction": 0.7375932473733475, "spark.memory.storageFraction": 0.7300197943633647, "spark.reducer.maxBlocksInFlightPerAddress": 2069027886.031447, "spark.reducer.maxSizeInFlight": 62.40276015258122, "spark.shuffle.file.buffer": 25.607206083012503}, "datetime": {"datetime": "2022-01-05 16:43:08", "elapsed": 0.47643, "delta": 0.024967}}
{"target": -2805.331040000002, "params": {"spark.default.parallelism": 336.9338722666989, "spark.executor.cores": 2.428077949743409, "spark.executor.instances": 5.240316389820379, "spark.executor.memory": 3.5010856636732735, "spark.executor.memoryOverhead": 546.1464397905772, "spark.memory.fraction": 0.6727162805068109, "spark.memory.storageFraction": 0.8375222266778377, "spark.reducer.maxBlocksInFlightPerAddress": 1973987400.1712801, "spark.reducer.maxSizeInFlight": 25.129236793362043, "spark.shuffle.file.buffer": 33.64777367202183}, "datetime": {"datetime": "2022-01-05 16:43:08", "elapsed": 0.501445, "delta": 0.025015}}
{"target": -2798.0889600000005, "params": {"spark.default.parallelism": 216.22391024869907, "spark.executor.cores": 1.556431287200387, "spark.executor.instances": 4.3990422247580785, "spark.executor.memory": 4.767764010347874, "spark.executor.memoryOverhead": 739.0062229918868, "spark.memory.fraction": 0.650220323503248, "spark.memory.storageFraction": 0.7212821300908889, "spark.reducer.maxBlocksInFlightPerAddress": 1158083207.545321, "spark.reducer.maxSizeInFlight": 31.960708109562773, "spark.shuffle.file.buffer": 47.14670085373643}, "datetime": {"datetime": "2022-01-05 16:43:08", "elapsed": 0.526412, "delta": 0.024967}}
{"target": -2796.856450000001, "params": {"spark.default.parallelism": 462.0731645885277, "spark.executor.cores": 1.1346462169338019, "spark.executor.instances": 6.0975742873055285, "spark.executor.memory": 6.420321523155405, "spark.executor.memoryOverhead": 651.7188055899431, "spark.memory.fraction": 0.5981613262540711, "spark.memory.storageFraction": 0.5913379111621352, "spark.reducer.maxBlocksInFlightPerAddress": 1517855154.5374017, "spark.reducer.maxSizeInFlight": 35.93038504505348, "spark.shuffle.file.buffer": 37.159459783051446}, "datetime": {"datetime": "2022-01-05 16:43:08", "elapsed": 0.550852, "delta": 0.02444}}
{"target": -2796.919230000001, "params": {"spark.default.parallelism": 443.2380286879833, "spark.executor.cores": 1.254380822602595, "spark.executor.instances": 6.94879072192395, "spark.executor.memory": 5.526181423756952, "spark.executor.memoryOverhead": 752.2977629132065, "spark.memory.fraction": 0.8485542345388766, "spark.memory.storageFraction": 0.6002690933622908, "spark.reducer.maxBlocksInFlightPerAddress": 1240809486.897998, "spark.reducer.maxSizeInFlight": 27.540883279682205, "spark.shuffle.file.buffer": 37.53263699371773}, "datetime": {"datetime": "2022-01-05 16:43:08", "elapsed": 0.575786, "delta": 0.024934}}
{"target": -2852.5406500000017, "params": {"spark.default.parallelism": 425.63403979811017, "spark.executor.cores": 1.4542995718645786, "spark.executor.instances": 6.280795396405322, "spark.executor.memory": 5.17923282176469, "spark.executor.memoryOverhead": 787.2721916292078, "spark.memory.fraction": 0.5765814829140423, "spark.memory.storageFraction": 0.5679328133878809, "spark.reducer.maxBlocksInFlightPerAddress": 1669612588.7812006, "spark.reducer.maxSizeInFlight": 50.804743521361516, "spark.shuffle.file.buffer": 16.143917394557377}, "datetime": {"datetime": "2022-01-05 16:43:08", "elapsed": 0.60165, "delta": 0.025864}}
{"target": -2796.7014400000007, "params": {"spark.default.parallelism": 277.54696823632196, "spark.executor.cores": 1.3509032398516925, "spark.executor.instances": 4.454709958963971, "spark.executor.memory": 3.53665389394779, "spark.executor.memoryOverhead": 771.2722871036647, "spark.memory.fraction": 0.5633026628237078, "spark.memory.storageFraction": 0.6603688947443862, "spark.reducer.maxBlocksInFlightPerAddress": 1336403185.8517919, "spark.reducer.maxSizeInFlight": 30.17818132604023, "spark.shuffle.file.buffer": 46.233952393782744}, "datetime": {"datetime": "2022-01-05 16:43:08", "elapsed": 0.626602, "delta": 0.024952}}
{"target": -2811.4759600000016, "params": {"spark.default.parallelism": 255.85332263886175, "spark.executor.cores": 1.9631966217698595, "spark.executor.instances": 6.57060226245077, "spark.executor.memory": 3.939033555307681, "spark.executor.memoryOverhead": 676.6630075425397, "spark.memory.fraction": 0.5066074813790931, "spark.memory.storageFraction": 0.8636645791381842, "spark.reducer.maxBlocksInFlightPerAddress": 2123885710.5905995, "spark.reducer.maxSizeInFlight": 56.320855861060984, "spark.shuffle.file.buffer": 22.10997758427066}, "datetime": {"datetime": "2022-01-05 16:43:08", "elapsed": 0.651564, "delta": 0.024962}}
{"target": -2797.496200000001, "params": {"spark.default.parallelism": 405.56944075877084, "spark.executor.cores": 2.9984826414278123, "spark.executor.instances": 7.193695310535525, "spark.executor.memory": 5.089155557127227, "spark.executor.memoryOverhead": 493.2249201197866, "spark.memory.fraction": 0.7182384216274191, "spark.memory.storageFraction": 0.6557760509658359, "spark.reducer.maxBlocksInFlightPerAddress": 1436782882.3151023, "spark.reducer.maxSizeInFlight": 71.18414281955977, "spark.shuffle.file.buffer": 28.769094049895337}, "datetime": {"datetime": "2022-01-05 16:43:08", "elapsed": 0.676698, "delta": 0.025134}}
{"target": -2797.0961100000013, "params": {"spark.default.parallelism": 285.59815119110516, "spark.executor.cores": 1.0706249604030136, "spark.executor.instances": 7.8389851755778945, "spark.executor.memory": 5.930853367429844, "spark.executor.memoryOverhead": 870.2627390781826, "spark.memory.fraction": 0.838602486863449, "spark.memory.storageFraction": 0.6386765775993318, "spark.reducer.maxBlocksInFlightPerAddress": 1643745337.1579952, "spark.reducer.maxSizeInFlight": 58.60827159682213, "spark.shuffle.file.buffer": 29.085897843339346}, "datetime": {"datetime": "2022-01-05 16:43:08", "elapsed": 0.701631, "delta": 0.024933}}
{"target": -2797.392990000001, "params": {"spark.default.parallelism": 376.5310752039316, "spark.executor.cores": 2.3907516956981247, "spark.executor.instances": 5.864419882865202, "spark.executor.memory": 6.508991799045706, "spark.executor.memoryOverhead": 464.0913288693877, "spark.memory.fraction": 0.8724323188256471, "spark.memory.storageFraction": 0.5055614868842971, "spark.reducer.maxBlocksInFlightPerAddress": 1468833151.8496518, "spark.reducer.maxSizeInFlight": 52.775266346650504, "spark.shuffle.file.buffer": 43.919207494788836}, "datetime": {"datetime": "2022-01-05 16:43:08", "elapsed": 0.726564, "delta": 0.024933}}
{"target": -2807.7430000000018, "params": {"spark.default.parallelism": 271.10809407290833, "spark.executor.cores": 2.806759041124508, "spark.executor.instances": 6.294717946689143, "spark.executor.memory": 3.011481308124636, "spark.executor.memoryOverhead": 688.2524424150168, "spark.memory.fraction": 0.6306579607088385, "spark.memory.storageFraction": 0.7108232409030437, "spark.reducer.maxBlocksInFlightPerAddress": 2025014908.6723402, "spark.reducer.maxSizeInFlight": 41.14894848011999, "spark.shuffle.file.buffer": 45.073124829433574}, "datetime": {"datetime": "2022-01-05 16:43:09", "elapsed": 1.126584, "delta": 0.40002}}
{"target": -2798.2498000000014, "params": {"spark.default.parallelism": 485.0528357741239, "spark.executor.cores": 2.113306376390313, "spark.executor.instances": 7.662425399065098, "spark.executor.memory": 5.566264835785351, "spark.executor.memoryOverhead": 576.2738030716343, "spark.memory.fraction": 0.6943962668387639, "spark.memory.storageFraction": 0.7417241931679893, "spark.reducer.maxBlocksInFlightPerAddress": 1663814410.6160128, "spark.reducer.maxSizeInFlight": 68.45670848190977, "spark.shuffle.file.buffer": 45.399469940275395}, "datetime": {"datetime": "2022-01-05 16:43:09", "elapsed": 1.546612, "delta": 0.420028}}
{"target": -2798.403850000001, "params": {"spark.default.parallelism": 340.06400682899186, "spark.executor.cores": 1.69034410231043, "spark.executor.instances": 4.900159831256339, "spark.executor.memory": 5.370047475063187, "spark.executor.memoryOverhead": 537.949029987045, "spark.memory.fraction": 0.8665222213873403, "spark.memory.storageFraction": 0.8638542099806228, "spark.reducer.maxBlocksInFlightPerAddress": 1349820488.749463, "spark.reducer.maxSizeInFlight": 29.3227824357134, "spark.shuffle.file.buffer": 22.17480742461161}, "datetime": {"datetime": "2022-01-05 16:43:09", "elapsed": 1.975649, "delta": 0.429037}}
{"target": -2797.8902700000017, "params": {"spark.default.parallelism": 232.70562920572047, "spark.executor.cores": 2.2675735212238357, "spark.executor.instances": 7.2118529494949515, "spark.executor.memory": 5.787201984480713, "spark.executor.memoryOverhead": 761.7422108703548, "spark.memory.fraction": 0.636981647937408, "spark.memory.storageFraction": 0.838340593211071, "spark.reducer.maxBlocksInFlightPerAddress": 1534128789.5421472, "spark.reducer.maxSizeInFlight": 63.5524737797913, "spark.shuffle.file.buffer": 36.0478770759774}, "datetime": {"datetime": "2022-01-05 16:43:10", "elapsed": 2.415665, "delta": 0.440016}}
