{"target": -2796.8978600000014, "params": {"spark.default.parallelism": 253.2930558169108, "spark.executor.cores": 2.3268647578085497, "spark.executor.instances": 6.414586915066179, "spark.executor.memory": 3.6617478972410407, "spark.executor.memoryOverhead": 845.0438124995931, "spark.memory.fraction": 0.664391685797147, "spark.memory.storageFraction": 0.6760508571320853, "spark.reducer.maxBlocksInFlightPerAddress": 1767659783.0199594, "spark.reducer.maxSizeInFlight": 53.21946044513938, "spark.shuffle.file.buffer": 42.90771646280379}, "datetime": {"datetime": "2022-01-05 16:35:56", "elapsed": 18.334965, "delta": 0.465754}}
{"target": -2802.1422800000005, "params": {"spark.default.parallelism": 363.339085215213, "spark.executor.cores": 1.0564424904013288, "spark.executor.instances": 6.810238193779723, "spark.executor.memory": 6.298407409960054, "spark.executor.memoryOverhead": 748.133520787844, "spark.memory.fraction": 0.6782176410712721, "spark.memory.storageFraction": 0.6983921864022258, "spark.reducer.maxBlocksInFlightPerAddress": 1144522762.4139524, "spark.reducer.maxSizeInFlight": 55.23384854983078, "spark.shuffle.file.buffer": 18.763044465356813}, "datetime": {"datetime": "2022-01-05 16:35:56", "elapsed": 18.80829, "delta": 0.473325}}
{"target": -2802.965920000002, "params": {"spark.default.parallelism": 339.56981698943787, "spark.executor.cores": 2.1117636823995607, "spark.executor.instances": 6.283240131508409, "spark.executor.memory": 5.248591594602747, "spark.executor.memoryOverhead": 434.8175820313986, "spark.memory.fraction": 0.6192962492097576, "spark.memory.storageFraction": 0.5799574212884911, "spark.reducer.maxBlocksInFlightPerAddress": 1479224257.3835635, "spark.reducer.maxSizeInFlight": 65.70226427848127, "spark.shuffle.file.buffer": 20.75361822513723}, "datetime": {"datetime": "2022-01-05 16:35:57", "elapsed": 19.297604, "delta": 0.489314}}
{"target": -2796.272120000001, "params": {"spark.default.parallelism": 377.32348569541233, "spark.executor.cores": 1.9593834237156746, "spark.executor.instances": 6.346170409695924, "spark.executor.memory": 3.5290843875249234, "spark.executor.memoryOverhead": 520.9243753966202, "spark.memory.fraction": 0.5278689442918497, "spark.memory.storageFraction": 0.543198689063711, "spark.reducer.maxBlocksInFlightPerAddress": 1842946497.1773381, "spark.reducer.maxSizeInFlight": 25.26729386516878, "spark.shuffle.file.buffer": 33.26881030718386}, "datetime": {"datetime": "2022-01-05 16:35:57", "elapsed": 19.754391, "delta": 0.456787}}
{"target": -2800.5155300000015, "params": {"spark.default.parallelism": 231.0756223178492, "spark.executor.cores": 2.6278819220697853, "spark.executor.instances": 7.924064102723219, "spark.executor.memory": 4.798598022860729, "spark.executor.memoryOverhead": 476.73568687129415, "spark.memory.fraction": 0.6518409732016958, "spark.memory.storageFraction": 0.8599767015439295, "spark.reducer.maxBlocksInFlightPerAddress": 1842689674.5265083, "spark.reducer.maxSizeInFlight": 54.174102903973775, "spark.shuffle.file.buffer": 34.94992533054251}, "datetime": {"datetime": "2022-01-05 16:35:58", "elapsed": 20.224374, "delta": 0.469983}}
{"target": -2794.513860000002, "params": {"spark.default.parallelism": 401.93706044558076, "spark.executor.cores": 1.682356436118238, "spark.executor.instances": 4.5595374657810135, "spark.executor.memory": 6.507038449846812, "spark.executor.memoryOverhead": 547.6871753471744, "spark.memory.fraction": 0.5967167598519543, "spark.memory.storageFraction": 0.5329231360465518, "spark.reducer.maxBlocksInFlightPerAddress": 1570977507.7775283, "spark.reducer.maxSizeInFlight": 43.138111136965215, "spark.shuffle.file.buffer": 29.57168933957201}, "datetime": {"datetime": "2022-01-05 16:35:58", "elapsed": 20.692306, "delta": 0.467932}}
{"target": -2798.142450000001, "params": {"spark.default.parallelism": 305.523302209859, "spark.executor.cores": 1.346759117741997, "spark.executor.instances": 4.809287386974141, "spark.executor.memory": 5.596194616753095, "spark.executor.memoryOverhead": 483.2120728259718, "spark.memory.fraction": 0.8849091429999513, "spark.memory.storageFraction": 0.6285794230260477, "spark.reducer.maxBlocksInFlightPerAddress": 1163695086.6253474, "spark.reducer.maxSizeInFlight": 40.32946567860628, "spark.shuffle.file.buffer": 23.15107939650669}, "datetime": {"datetime": "2022-01-05 16:35:59", "elapsed": 21.169361, "delta": 0.477055}}
{"target": -2794.4245900000014, "params": {"spark.default.parallelism": 410.292470151953, "spark.executor.cores": 2.029642989865012, "spark.executor.instances": 7.74137825663516, "spark.executor.memory": 4.338877506891153, "spark.executor.memoryOverhead": 609.531345012811, "spark.memory.fraction": 0.539824305998539, "spark.memory.storageFraction": 0.5179757102461913, "spark.reducer.maxBlocksInFlightPerAddress": 1286890339.7206657, "spark.reducer.maxSizeInFlight": 46.85018759004076, "spark.shuffle.file.buffer": 27.61789795611824}, "datetime": {"datetime": "2022-01-05 16:35:59", "elapsed": 21.630142, "delta": 0.460781}}
{"target": -2808.7579700000006, "params": {"spark.default.parallelism": 339.3853456993569, "spark.executor.cores": 2.9299248572501533, "spark.executor.instances": 5.341262691510938, "spark.executor.memory": 5.813808258465187, "spark.executor.memoryOverhead": 504.4556044666474, "spark.memory.fraction": 0.6855891031197147, "spark.memory.storageFraction": 0.6170796148316093, "spark.reducer.maxBlocksInFlightPerAddress": 2071007685.739175, "spark.reducer.maxSizeInFlight": 28.515681303263673, "spark.shuffle.file.buffer": 35.02121086690285}, "datetime": {"datetime": "2022-01-05 16:35:59", "elapsed": 22.098888, "delta": 0.468746}}
{"target": -2796.736930000002, "params": {"spark.default.parallelism": 359.6377686729482, "spark.executor.cores": 1.854472372147676, "spark.executor.instances": 5.080247723795301, "spark.executor.memory": 6.802806892507244, "spark.executor.memoryOverhead": 586.8657369705303, "spark.memory.fraction": 0.8753685730216234, "spark.memory.storageFraction": 0.5615502878296494, "spark.reducer.maxBlocksInFlightPerAddress": 1571254724.1866038, "spark.reducer.maxSizeInFlight": 57.93056940966862, "spark.shuffle.file.buffer": 45.418802377691065}, "datetime": {"datetime": "2022-01-05 16:36:00", "elapsed": 22.569629, "delta": 0.470741}}
{"target": -2801.6227300000014, "params": {"spark.default.parallelism": 485.09772022450113, "spark.executor.cores": 2.9162295944393515, "spark.executor.instances": 5.495220899678474, "spark.executor.memory": 6.817504867998781, "spark.executor.memoryOverhead": 637.0467818922089, "spark.memory.fraction": 0.5016776581189034, "spark.memory.storageFraction": 0.8024815097313172, "spark.reducer.maxBlocksInFlightPerAddress": 1877269943.7997522, "spark.reducer.maxSizeInFlight": 33.15808851186364, "spark.shuffle.file.buffer": 22.197640415150502}, "datetime": {"datetime": "2022-01-05 16:36:00", "elapsed": 23.04436, "delta": 0.474731}}
{"target": -2798.172390000001, "params": {"spark.default.parallelism": 419.4468307324205, "spark.executor.cores": 1.0940388785391704, "spark.executor.instances": 4.1889955798482905, "spark.executor.memory": 4.723085989688828, "spark.executor.memoryOverhead": 728.9235455625851, "spark.memory.fraction": 0.707800255316215, "spark.memory.storageFraction": 0.75768371943071, "spark.reducer.maxBlocksInFlightPerAddress": 1286606548.9420528, "spark.reducer.maxSizeInFlight": 61.071148490972064, "spark.shuffle.file.buffer": 31.851196571035914}, "datetime": {"datetime": "2022-01-05 16:36:01", "elapsed": 23.509196, "delta": 0.464836}}
{"target": -2795.434360000001, "params": {"spark.default.parallelism": 272.2526715175605, "spark.executor.cores": 2.630703774788996, "spark.executor.instances": 7.848894921474326, "spark.executor.memory": 4.129043669427295, "spark.executor.memoryOverhead": 568.1184364294376, "spark.memory.fraction": 0.751265694482978, "spark.memory.storageFraction": 0.5042775158511683, "spark.reducer.maxBlocksInFlightPerAddress": 1877622522.6710033, "spark.reducer.maxSizeInFlight": 63.02734814897488, "spark.shuffle.file.buffer": 34.43252138016267}, "datetime": {"datetime": "2022-01-05 16:36:01", "elapsed": 24.008917, "delta": 0.499721}}
{"target": -2795.1940200000013, "params": {"spark.default.parallelism": 261.17050087600876, "spark.executor.cores": 2.9800120564969745, "spark.executor.instances": 5.810231034615436, "spark.executor.memory": 4.566426938259143, "spark.executor.memoryOverhead": 763.4664634048797, "spark.memory.fraction": 0.7588921693913389, "spark.memory.storageFraction": 0.5134546863832203, "spark.reducer.maxBlocksInFlightPerAddress": 1530678185.3332882, "spark.reducer.maxSizeInFlight": 59.18708566517559, "spark.shuffle.file.buffer": 26.617075389929884}, "datetime": {"datetime": "2022-01-05 16:36:02", "elapsed": 24.506597, "delta": 0.49768}}
{"target": -2797.045290000001, "params": {"spark.default.parallelism": 206.46871445987946, "spark.executor.cores": 2.2777656631448338, "spark.executor.instances": 4.858480438922068, "spark.executor.memory": 6.895380243072596, "spark.executor.memoryOverhead": 707.7448089424088, "spark.memory.fraction": 0.8541340121689704, "spark.memory.storageFraction": 0.6198664677760306, "spark.reducer.maxBlocksInFlightPerAddress": 1387464527.576657, "spark.reducer.maxSizeInFlight": 28.49943305878433, "spark.shuffle.file.buffer": 45.52338326274638}, "datetime": {"datetime": "2022-01-05 16:36:02", "elapsed": 24.991302, "delta": 0.484705}}
{"target": -2809.912820000002, "params": {"spark.default.parallelism": 435.5379858206595, "spark.executor.cores": 1.0790647727874587, "spark.executor.instances": 6.972608442209166, "spark.executor.memory": 3.280254019563526, "spark.executor.memoryOverhead": 427.19484892778524, "spark.memory.fraction": 0.5664358026080568, "spark.memory.storageFraction": 0.6052965574392462, "spark.reducer.maxBlocksInFlightPerAddress": 2071314035.0534062, "spark.reducer.maxSizeInFlight": 70.10457820844158, "spark.shuffle.file.buffer": 41.50028668921222}, "datetime": {"datetime": "2022-01-05 16:36:03", "elapsed": 25.477255, "delta": 0.485953}}
{"target": -2799.766180000002, "params": {"spark.default.parallelism": 320.08937428517646, "spark.executor.cores": 2.4987719076194153, "spark.executor.instances": 4.531567162326813, "spark.executor.memory": 4.748862889144207, "spark.executor.memoryOverhead": 815.9829936699552, "spark.memory.fraction": 0.7257277024732057, "spark.memory.storageFraction": 0.561753586597505, "spark.reducer.maxBlocksInFlightPerAddress": 1587183181.0709631, "spark.reducer.maxSizeInFlight": 29.59386191897158, "spark.shuffle.file.buffer": 19.838937030056044}, "datetime": {"datetime": "2022-01-05 16:36:03", "elapsed": 25.961907, "delta": 0.484652}}
{"target": -2812.1904700000014, "params": {"spark.default.parallelism": 458.7125640747673, "spark.executor.cores": 2.5956090093563375, "spark.executor.instances": 4.6940421474090925, "spark.executor.memory": 6.96883971553462, "spark.executor.memoryOverhead": 398.99323490537176, "spark.memory.fraction": 0.6570593853118633, "spark.memory.storageFraction": 0.8017605261311176, "spark.reducer.maxBlocksInFlightPerAddress": 2119286846.2159996, "spark.reducer.maxSizeInFlight": 30.822078822433895, "spark.shuffle.file.buffer": 45.56929755690336}, "datetime": {"datetime": "2022-01-05 16:36:04", "elapsed": 26.421318, "delta": 0.459411}}
{"target": -2800.9974600000014, "params": {"spark.default.parallelism": 206.96078632074003, "spark.executor.cores": 1.4171746471032876, "spark.executor.instances": 7.252878294242997, "spark.executor.memory": 6.751121687721541, "spark.executor.memoryOverhead": 402.63036993117356, "spark.memory.fraction": 0.7234814156372571, "spark.memory.storageFraction": 0.7192617721517625, "spark.reducer.maxBlocksInFlightPerAddress": 1240740128.4509945, "spark.reducer.maxSizeInFlight": 63.4939945724428, "spark.shuffle.file.buffer": 31.765683929851427}, "datetime": {"datetime": "2022-01-05 16:36:04", "elapsed": 26.906009, "delta": 0.484691}}
{"target": -2800.778970000001, "params": {"spark.default.parallelism": 430.6119272177202, "spark.executor.cores": 2.685912817325229, "spark.executor.instances": 5.657970829110143, "spark.executor.memory": 5.927711155920312, "spark.executor.memoryOverhead": 427.1426459781359, "spark.memory.fraction": 0.5530523325690593, "spark.memory.storageFraction": 0.6706036395607302, "spark.reducer.maxBlocksInFlightPerAddress": 1220254775.6965125, "spark.reducer.maxSizeInFlight": 37.94983503590272, "spark.shuffle.file.buffer": 30.15369981219285}, "datetime": {"datetime": "2022-01-05 16:36:05", "elapsed": 27.383608, "delta": 0.477599}}
{"target": -2792.506650000001, "params": {"spark.default.parallelism": 365.8335586166262, "spark.executor.cores": 2.1978034005010354, "spark.executor.instances": 5.37625417069879, "spark.executor.memory": 5.507550520056801, "spark.executor.memoryOverhead": 498.36765768809033, "spark.memory.fraction": 0.5452148682707513, "spark.memory.storageFraction": 0.5356755609570258, "spark.reducer.maxBlocksInFlightPerAddress": 1571525994.0590641, "spark.reducer.maxSizeInFlight": 31.635157761391095, "spark.shuffle.file.buffer": 36.96851253571836}, "datetime": {"datetime": "2022-01-05 16:36:05", "elapsed": 27.860011, "delta": 0.476403}}
{"target": -2796.330230000001, "params": {"spark.default.parallelism": 344.9619456500219, "spark.executor.cores": 1.7770540537138735, "spark.executor.instances": 5.382615550201488, "spark.executor.memory": 6.391503289818907, "spark.executor.memoryOverhead": 575.5315037318458, "spark.memory.fraction": 0.5242742435129119, "spark.memory.storageFraction": 0.6459954003335864, "spark.reducer.maxBlocksInFlightPerAddress": 1571776385.7118607, "spark.reducer.maxSizeInFlight": 69.02304696195097, "spark.shuffle.file.buffer": 40.886652987101414}, "datetime": {"datetime": "2022-01-05 16:36:06", "elapsed": 28.344373, "delta": 0.484362}}
"{'maxIndex': 89, 'target': -2792.506650000001, 'params': {'spark.default.parallelism': 365.8335586166262, 'spark.executor.cores': 2.1978034005010354, 'spark.executor.instances': 5.37625417069879, 'spark.executor.memory': 5.507550520056801, 'spark.executor.memoryOverhead': 498.36765768809033, 'spark.memory.fraction': 0.5452148682707513, 'spark.memory.storageFraction': 0.5356755609570258, 'spark.reducer.maxBlocksInFlightPerAddress': 1571525994.0590641, 'spark.reducer.maxSizeInFlight': 31.635157761391095, 'spark.shuffle.file.buffer': 36.96851253571836}}"