{"target": -2807.0549400000014, "params": {"spark.default.parallelism": 431.8417260169313, "spark.executor.cores": 1.3217345939471894, "spark.executor.instances": 7.317142832612173, "spark.executor.memory": 5.30534928279666, "spark.executor.memoryOverhead": 488.2781663446117, "spark.memory.fraction": 0.7006973696153891, "spark.memory.storageFraction": 0.6356345036723496, "spark.reducer.maxBlocksInFlightPerAddress": 2047863804.5680041, "spark.reducer.maxSizeInFlight": 48.77430830401095, "spark.shuffle.file.buffer": 32.06964429312492}, "datetime": {"datetime": "2022-01-11 11:04:33", "elapsed": 0.0, "delta": 0.0}}
{"target": -2811.100450000001, "params": {"spark.default.parallelism": 331.61905085878936, "spark.executor.cores": 1.2207842120986885, "spark.executor.instances": 5.743584964718535, "spark.executor.memory": 6.62403160700911, "spark.executor.memoryOverhead": 597.9777554403317, "spark.memory.fraction": 0.7469702770523952, "spark.memory.storageFraction": 0.802099181511486, "spark.reducer.maxBlocksInFlightPerAddress": 2095026697.5446577, "spark.reducer.maxSizeInFlight": 38.71362479580752, "spark.shuffle.file.buffer": 36.37253777110877}, "datetime": {"datetime": "2022-01-11 11:04:33", "elapsed": 0.024965, "delta": 0.024965}}
{"target": -2796.884800000001, "params": {"spark.default.parallelism": 489.5698665138598, "spark.executor.cores": 1.8374217928248457, "spark.executor.instances": 4.642305202791493, "spark.executor.memory": 3.4940743172202957, "spark.executor.memoryOverhead": 813.5367520345612, "spark.memory.fraction": 0.8148175962365709, "spark.memory.storageFraction": 0.8550497913568644, "spark.reducer.maxBlocksInFlightPerAddress": 1674407393.6236205, "spark.reducer.maxSizeInFlight": 54.24138496756646, "spark.shuffle.file.buffer": 41.575374066950125}, "datetime": {"datetime": "2022-01-11 11:04:33", "elapsed": 0.050058, "delta": 0.025093}}
{"target": -2803.6364800000006, "params": {"spark.default.parallelism": 472.24215896461266, "spark.executor.cores": 2.1970651675769033, "spark.executor.instances": 6.199853399544585, "spark.executor.memory": 3.8551496210786187, "spark.executor.memoryOverhead": 405.42872336705653, "spark.memory.fraction": 0.5307078537163162, "spark.memory.storageFraction": 0.6511304665837834, "spark.reducer.maxBlocksInFlightPerAddress": 1135996976.4571934, "spark.reducer.maxSizeInFlight": 51.08617537140285, "spark.shuffle.file.buffer": 45.15443990001501}, "datetime": {"datetime": "2022-01-11 11:04:33", "elapsed": 0.074983, "delta": 0.024925}}
{"target": -2800.279630000002, "params": {"spark.default.parallelism": 299.4001416634093, "spark.executor.cores": 2.8489370396449134, "spark.executor.instances": 4.294944395220178, "spark.executor.memory": 6.882784179151491, "spark.executor.memoryOverhead": 424.470444348165, "spark.memory.fraction": 0.8797924535435917, "spark.memory.storageFraction": 0.5879172469151028, "spark.reducer.maxBlocksInFlightPerAddress": 1419897669.7215154, "spark.reducer.maxSizeInFlight": 58.657932617239446, "spark.shuffle.file.buffer": 43.01332662166047}, "datetime": {"datetime": "2022-01-11 11:04:33", "elapsed": 0.098924, "delta": 0.023941}}
{"target": -2811.242000000001, "params": {"spark.default.parallelism": 403.37585783311204, "spark.executor.cores": 1.7207437050894896, "spark.executor.instances": 6.6029987094300795, "spark.executor.memory": 6.38734567480226, "spark.executor.memoryOverhead": 757.6425166414238, "spark.memory.fraction": 0.6673079000980167, "spark.memory.storageFraction": 0.6042576298392888, "spark.reducer.maxBlocksInFlightPerAddress": 2023918122.223564, "spark.reducer.maxSizeInFlight": 35.58211162216965, "spark.shuffle.file.buffer": 20.018148117958816}, "datetime": {"datetime": "2022-01-11 11:04:33", "elapsed": 0.125826, "delta": 0.026902}}
{"target": -2851.560040000002, "params": {"spark.default.parallelism": 456.10938185751985, "spark.executor.cores": 2.2746247285315504, "spark.executor.instances": 5.030594718183662, "spark.executor.memory": 4.727018705763703, "spark.executor.memoryOverhead": 862.0211665140728, "spark.memory.fraction": 0.6001935589080037, "spark.memory.storageFraction": 0.5311000387249805, "spark.reducer.maxBlocksInFlightPerAddress": 1778918369.4282265, "spark.reducer.maxSizeInFlight": 63.53955183337279, "spark.shuffle.file.buffer": 16.114884249022705}, "datetime": {"datetime": "2022-01-11 11:04:33", "elapsed": 0.150783, "delta": 0.024957}}
{"target": -2800.423160000001, "params": {"spark.default.parallelism": 353.2933908135558, "spark.executor.cores": 1.9134863593485618, "spark.executor.instances": 4.556071026776736, "spark.executor.memory": 3.684052891754868, "spark.executor.memoryOverhead": 468.92634951388453, "spark.memory.fraction": 0.8897078177926205, "spark.memory.storageFraction": 0.7483376526934028, "spark.reducer.maxBlocksInFlightPerAddress": 1660848294.5146108, "spark.reducer.maxSizeInFlight": 55.87405511234415, "spark.shuffle.file.buffer": 39.09420973083181}, "datetime": {"datetime": "2022-01-11 11:04:33", "elapsed": 0.175719, "delta": 0.024936}}
{"target": -2798.5889500000008, "params": {"spark.default.parallelism": 212.10091845260231, "spark.executor.cores": 2.547070492840681, "spark.executor.instances": 5.564793387117142, "spark.executor.memory": 5.990923196691835, "spark.executor.memoryOverhead": 753.1806981894042, "spark.memory.fraction": 0.57185941516602, "spark.memory.storageFraction": 0.8264782846836121, "spark.reducer.maxBlocksInFlightPerAddress": 1242288601.4662192, "spark.reducer.maxSizeInFlight": 24.43521153809114, "spark.shuffle.file.buffer": 29.750967256588886}, "datetime": {"datetime": "2022-01-11 11:04:33", "elapsed": 0.200624, "delta": 0.024905}}
{"target": -2798.7572100000007, "params": {"spark.default.parallelism": 394.7526469984525, "spark.executor.cores": 2.930917436191172, "spark.executor.instances": 5.90510774993802, "spark.executor.memory": 4.537365365069854, "spark.executor.memoryOverhead": 662.9046922277294, "spark.memory.fraction": 0.5025855748579023, "spark.memory.storageFraction": 0.5127195976886609, "spark.reducer.maxBlocksInFlightPerAddress": 1105018897.9927306, "spark.reducer.maxSizeInFlight": 44.111069943718505, "spark.shuffle.file.buffer": 25.928036143923958}, "datetime": {"datetime": "2022-01-11 11:04:33", "elapsed": 0.227576, "delta": 0.026952}}
{"target": -2799.5744300000015, "params": {"spark.default.parallelism": 419.9741122552216, "spark.executor.cores": 2.648765210985882, "spark.executor.instances": 6.500134646082858, "spark.executor.memory": 4.01915676310193, "spark.executor.memoryOverhead": 537.2952285558308, "spark.memory.fraction": 0.5879315463783704, "spark.memory.storageFraction": 0.7998998593012827, "spark.reducer.maxBlocksInFlightPerAddress": 1724633179.0579288, "spark.reducer.maxSizeInFlight": 27.227971653554146, "spark.shuffle.file.buffer": 27.86822572304935}, "datetime": {"datetime": "2022-01-11 11:04:33", "elapsed": 0.253484, "delta": 0.025908}}
{"target": -2797.605560000002, "params": {"spark.default.parallelism": 308.84538450381814, "spark.executor.cores": 2.3778115821404286, "spark.executor.instances": 5.267381969635792, "spark.executor.memory": 5.087776012266512, "spark.executor.memoryOverhead": 531.8479635733115, "spark.memory.fraction": 0.8532931125607794, "spark.memory.storageFraction": 0.6817883564969505, "spark.reducer.maxBlocksInFlightPerAddress": 1559338724.2135887, "spark.reducer.maxSizeInFlight": 70.97206578430242, "spark.shuffle.file.buffer": 25.26318445107993}, "datetime": {"datetime": "2022-01-11 11:04:33", "elapsed": 0.277442, "delta": 0.023958}}
{"target": -4333.548259999999, "params": {"spark.default.parallelism": 446.8961159439946, "spark.executor.cores": 1.0846801980661351, "spark.executor.instances": 6.875946424112357, "spark.executor.memory": 3.1381896409222545, "spark.executor.memoryOverhead": 790.3507454215971, "spark.memory.fraction": 0.6214547606806469, "spark.memory.storageFraction": 0.8979609339567285, "spark.reducer.maxBlocksInFlightPerAddress": 1452731852.881723, "spark.reducer.maxSizeInFlight": 37.076490459211385, "spark.shuffle.file.buffer": 38.02436636063476}, "datetime": {"datetime": "2022-01-11 11:04:33", "elapsed": 0.301383, "delta": 0.023941}}
{"target": -2801.0990600000014, "params": {"spark.default.parallelism": 373.45241349069164, "spark.executor.cores": 1.1799624353702844, "spark.executor.instances": 7.169732214526851, "spark.executor.memory": 6.137232096813412, "spark.executor.memoryOverhead": 725.6218672451646, "spark.memory.fraction": 0.7916708224990854, "spark.memory.storageFraction": 0.7776802530978022, "spark.reducer.maxBlocksInFlightPerAddress": 1870965663.0924373, "spark.reducer.maxSizeInFlight": 69.18220936881909, "spark.shuffle.file.buffer": 22.849313363046743}, "datetime": {"datetime": "2022-01-11 11:04:33", "elapsed": 0.325319, "delta": 0.023936}}
{"target": -2796.8996400000015, "params": {"spark.default.parallelism": 341.4410642046292, "spark.executor.cores": 1.4177125664460533, "spark.executor.instances": 7.761517531056949, "spark.executor.memory": 5.635412006601731, "spark.executor.memoryOverhead": 848.6986584111969, "spark.memory.fraction": 0.8310742602923651, "spark.memory.storageFraction": 0.5707536986700674, "spark.reducer.maxBlocksInFlightPerAddress": 1520319326.9042041, "spark.reducer.maxSizeInFlight": 66.64599863702827, "spark.shuffle.file.buffer": 34.559094944905624}, "datetime": {"datetime": "2022-01-11 11:04:33", "elapsed": 0.349229, "delta": 0.02391}}
{"target": -2796.5342500000015, "params": {"spark.default.parallelism": 226.60504361872094, "spark.executor.cores": 1.6028003445527097, "spark.executor.instances": 7.876977678789226, "spark.executor.memory": 5.571868945693973, "spark.executor.memoryOverhead": 624.1565623671855, "spark.memory.fraction": 0.5422033110659219, "spark.memory.storageFraction": 0.7340596257302701, "spark.reducer.maxBlocksInFlightPerAddress": 1331568744.6686094, "spark.reducer.maxSizeInFlight": 42.66174033639048, "spark.shuffle.file.buffer": 43.35319863008505}, "datetime": {"datetime": "2022-01-11 11:04:33", "elapsed": 0.373163, "delta": 0.023934}}
{"target": -2805.5687300000013, "params": {"spark.default.parallelism": 237.19263786469867, "spark.executor.cores": 2.0443068720658757, "spark.executor.instances": 7.540160843501832, "spark.executor.memory": 6.566314771946344, "spark.executor.memoryOverhead": 701.81934259742, "spark.memory.fraction": 0.7760980856897525, "spark.memory.storageFraction": 0.8642229835567412, "spark.reducer.maxBlocksInFlightPerAddress": 1943930027.0931451, "spark.reducer.maxSizeInFlight": 46.29409536660886, "spark.shuffle.file.buffer": 30.974037740651593}, "datetime": {"datetime": "2022-01-11 11:04:33", "elapsed": 0.398122, "delta": 0.024959}}
{"target": -2803.823680000002, "params": {"spark.default.parallelism": 265.45190339755834, "spark.executor.cores": 2.4565786039545423, "spark.executor.instances": 4.138181493803628, "spark.executor.memory": 4.83719026801287, "spark.executor.memoryOverhead": 437.2792298669319, "spark.memory.fraction": 0.6981090889493232, "spark.memory.storageFraction": 0.7028909833510568, "spark.reducer.maxBlocksInFlightPerAddress": 1921963820.922721, "spark.reducer.maxSizeInFlight": 31.838585835645922, "spark.shuffle.file.buffer": 18.993758073810724}, "datetime": {"datetime": "2022-01-11 11:04:33", "elapsed": 0.423053, "delta": 0.024931}}
{"target": -2797.224130000001, "params": {"spark.default.parallelism": 277.76735572742166, "spark.executor.cores": 2.779682207830372, "spark.executor.instances": 4.993208031704992, "spark.executor.memory": 3.3051477339738558, "spark.executor.memoryOverhead": 565.9826050051761, "spark.memory.fraction": 0.737715409159725, "spark.memory.storageFraction": 0.5500901807885936, "spark.reducer.maxBlocksInFlightPerAddress": 1223609397.6636794, "spark.reducer.maxSizeInFlight": 28.990092610573043, "spark.shuffle.file.buffer": 47.21845737996745}, "datetime": {"datetime": "2022-01-11 11:04:33", "elapsed": 0.446994, "delta": 0.023941}}
{"target": -2798.5898500000017, "params": {"spark.default.parallelism": 253.4677964210274, "spark.executor.cores": 1.5112217611362913, "spark.executor.instances": 6.284907338110873, "spark.executor.memory": 4.274574511960642, "spark.executor.memoryOverhead": 646.348727577222, "spark.memory.fraction": 0.6554292101617802, "spark.memory.storageFraction": 0.6693112191179629, "spark.reducer.maxBlocksInFlightPerAddress": 1368155874.9670992, "spark.reducer.maxSizeInFlight": 62.30078165604067, "spark.shuffle.file.buffer": 21.63997939205187}, "datetime": {"datetime": "2022-01-11 11:04:33", "elapsed": 0.471927, "delta": 0.024933}}
{"target": -2807.7430000000018, "params": {"spark.default.parallelism": 271.10809407290833, "spark.executor.cores": 2.806759041124508, "spark.executor.instances": 6.294717946689143, "spark.executor.memory": 3.011481308124636, "spark.executor.memoryOverhead": 688.2524424150168, "spark.memory.fraction": 0.6306579607088385, "spark.memory.storageFraction": 0.7108232409030437, "spark.reducer.maxBlocksInFlightPerAddress": 2025014908.6723402, "spark.reducer.maxSizeInFlight": 41.14894848011999, "spark.shuffle.file.buffer": 45.073124829433574}, "datetime": {"datetime": "2022-01-11 11:04:34", "elapsed": 0.87471, "delta": 0.402783}}
{"target": -2793.439320000001, "params": {"spark.default.parallelism": 449.2014580033741, "spark.executor.cores": 2.786448619100599, "spark.executor.instances": 5.229674736513338, "spark.executor.memory": 5.032070156280393, "spark.executor.memoryOverhead": 808.0687443537449, "spark.memory.fraction": 0.8595575600777718, "spark.memory.storageFraction": 0.5253830268913995, "spark.reducer.maxBlocksInFlightPerAddress": 1520310513.0447896, "spark.reducer.maxSizeInFlight": 64.90075672927601, "spark.shuffle.file.buffer": 38.566269190184954}, "datetime": {"datetime": "2022-01-11 11:04:34", "elapsed": 1.292593, "delta": 0.417883}}
{"target": -2798.3517100000013, "params": {"spark.default.parallelism": 409.56589953601997, "spark.executor.cores": 2.7322465905252473, "spark.executor.instances": 6.990982682549018, "spark.executor.memory": 6.64270846718738, "spark.executor.memoryOverhead": 561.9356270721645, "spark.memory.fraction": 0.5891880961513039, "spark.memory.storageFraction": 0.7631511600231335, "spark.reducer.maxBlocksInFlightPerAddress": 1331612609.987053, "spark.reducer.maxSizeInFlight": 43.26599369212124, "spark.shuffle.file.buffer": 28.575426043343555}, "datetime": {"datetime": "2022-01-11 11:04:35", "elapsed": 1.712707, "delta": 0.420114}}
{"target": -2792.866880000001, "params": {"spark.default.parallelism": 479.751849603228, "spark.executor.cores": 2.377156377768317, "spark.executor.instances": 6.85367863818939, "spark.executor.memory": 5.158999484796218, "spark.executor.memoryOverhead": 504.2937745050226, "spark.memory.fraction": 0.8742104118034906, "spark.memory.storageFraction": 0.5120603217522525, "spark.reducer.maxBlocksInFlightPerAddress": 1520246625.6366832, "spark.reducer.maxSizeInFlight": 60.20608762443183, "spark.shuffle.file.buffer": 36.74408688794651}, "datetime": {"datetime": "2022-01-11 11:04:35", "elapsed": 2.137615, "delta": 0.424908}}
{"target": -2810.852080000001, "params": {"spark.default.parallelism": 349.1750280081594, "spark.executor.cores": 2.0380319681473575, "spark.executor.instances": 4.69888060043569, "spark.executor.memory": 5.282863406185026, "spark.executor.memoryOverhead": 875.3994386276474, "spark.memory.fraction": 0.8267340435166488, "spark.memory.storageFraction": 0.7377490495323911, "spark.reducer.maxBlocksInFlightPerAddress": 2121702105.4336865, "spark.reducer.maxSizeInFlight": 67.27500406412742, "spark.shuffle.file.buffer": 35.05945387528466}, "datetime": {"datetime": "2022-01-11 11:04:36", "elapsed": 2.562773, "delta": 0.425158}}
{"target": -2799.4428500000013, "params": {"spark.default.parallelism": 244.02544422928824, "spark.executor.cores": 2.4586378387222467, "spark.executor.instances": 4.754980267508744, "spark.executor.memory": 5.575582577246651, "spark.executor.memoryOverhead": 755.8728336341153, "spark.memory.fraction": 0.5842929568333283, "spark.memory.storageFraction": 0.740381699243056, "spark.reducer.maxBlocksInFlightPerAddress": 1877897542.6818209, "spark.reducer.maxSizeInFlight": 54.634498109776004, "spark.shuffle.file.buffer": 35.10807369429277}, "datetime": {"datetime": "2022-01-11 11:04:36", "elapsed": 2.983777, "delta": 0.421004}}
{"target": -2799.3956500000013, "params": {"spark.default.parallelism": 404.90506684572074, "spark.executor.cores": 1.2223080638294568, "spark.executor.instances": 4.380751778597538, "spark.executor.memory": 6.388893821819755, "spark.executor.memoryOverhead": 519.9112220118739, "spark.memory.fraction": 0.7407012213446342, "spark.memory.storageFraction": 0.8543273016651385, "spark.reducer.maxBlocksInFlightPerAddress": 1559319377.326496, "spark.reducer.maxSizeInFlight": 58.49795945637695, "spark.shuffle.file.buffer": 19.784530958746785}, "datetime": {"datetime": "2022-01-11 11:04:36", "elapsed": 3.39329, "delta": 0.409513}}
{"target": -2797.9538700000016, "params": {"spark.default.parallelism": 415.25324081439146, "spark.executor.cores": 1.9444851446365532, "spark.executor.instances": 5.713383718445069, "spark.executor.memory": 5.7818428035223945, "spark.executor.memoryOverhead": 747.688968062401, "spark.memory.fraction": 0.6383328730089346, "spark.memory.storageFraction": 0.7389342281591788, "spark.reducer.maxBlocksInFlightPerAddress": 1520254081.8099728, "spark.reducer.maxSizeInFlight": 65.08426839934685, "spark.shuffle.file.buffer": 33.219225997244294}, "datetime": {"datetime": "2022-01-11 11:04:37", "elapsed": 3.81283, "delta": 0.41954}}
{"target": -2797.2663400000015, "params": {"spark.default.parallelism": 436.6056263048566, "spark.executor.cores": 2.742056200746739, "spark.executor.instances": 6.29241465886448, "spark.executor.memory": 3.5482056104493758, "spark.executor.memoryOverhead": 533.5592269048083, "spark.memory.fraction": 0.7742822392977634, "spark.memory.storageFraction": 0.5932876567805421, "spark.reducer.maxBlocksInFlightPerAddress": 1520147880.0744283, "spark.reducer.maxSizeInFlight": 44.87924532290856, "spark.shuffle.file.buffer": 46.87795780171015}, "datetime": {"datetime": "2022-01-11 11:04:37", "elapsed": 4.231448, "delta": 0.418618}}
{"target": -2813.0840000000007, "params": {"spark.default.parallelism": 329.75558374510496, "spark.executor.cores": 1.1278879296341793, "spark.executor.instances": 7.047119767431357, "spark.executor.memory": 6.677580456204788, "spark.executor.memoryOverhead": 858.5878073947799, "spark.memory.fraction": 0.7428407783261415, "spark.memory.storageFraction": 0.7943788199627515, "spark.reducer.maxBlocksInFlightPerAddress": 2121700323.780854, "spark.reducer.maxSizeInFlight": 55.93448937777104, "spark.shuffle.file.buffer": 25.568654463093548}, "datetime": {"datetime": "2022-01-11 11:04:38", "elapsed": 4.659309, "delta": 0.427861}}
{"target": -2798.8684100000014, "params": {"spark.default.parallelism": 309.6238683662251, "spark.executor.cores": 1.3908049124954327, "spark.executor.instances": 7.272528093726626, "spark.executor.memory": 3.965994807557741, "spark.executor.memoryOverhead": 490.8383591344699, "spark.memory.fraction": 0.8463336689592561, "spark.memory.storageFraction": 0.7633893064126523, "spark.reducer.maxBlocksInFlightPerAddress": 1520210654.2084074, "spark.reducer.maxSizeInFlight": 46.78881045263026, "spark.shuffle.file.buffer": 35.683619028838805}, "datetime": {"datetime": "2022-01-11 11:04:38", "elapsed": 5.084688, "delta": 0.425379}}
{"target": -2810.2196700000013, "params": {"spark.default.parallelism": 379.15887631791213, "spark.executor.cores": 1.8965407995269676, "spark.executor.instances": 6.403616985656447, "spark.executor.memory": 6.282578861084369, "spark.executor.memoryOverhead": 603.1247686574463, "spark.memory.fraction": 0.6357371976081048, "spark.memory.storageFraction": 0.8525475706217471, "spark.reducer.maxBlocksInFlightPerAddress": 2121811065.3886142, "spark.reducer.maxSizeInFlight": 36.16831776130748, "spark.shuffle.file.buffer": 33.27469378430088}, "datetime": {"datetime": "2022-01-11 11:04:38", "elapsed": 5.499135, "delta": 0.414447}}
{"target": -2813.100790000001, "params": {"spark.default.parallelism": 266.5294653141216, "spark.executor.cores": 1.0656012265604902, "spark.executor.instances": 6.966772600340882, "spark.executor.memory": 6.061427054496029, "spark.executor.memoryOverhead": 683.9121863342202, "spark.memory.fraction": 0.5040073735550128, "spark.memory.storageFraction": 0.8481683916457023, "spark.reducer.maxBlocksInFlightPerAddress": 2121770336.6208987, "spark.reducer.maxSizeInFlight": 57.41002994288632, "spark.shuffle.file.buffer": 18.74711476487704}, "datetime": {"datetime": "2022-01-11 11:04:39", "elapsed": 5.914532, "delta": 0.415397}}
{"target": -2797.1791500000018, "params": {"spark.default.parallelism": 458.4336906339232, "spark.executor.cores": 2.204752829397717, "spark.executor.instances": 4.521864180949412, "spark.executor.memory": 4.029333752479946, "spark.executor.memoryOverhead": 498.60971359427253, "spark.memory.fraction": 0.7088864338442551, "spark.memory.storageFraction": 0.7275517045596073, "spark.reducer.maxBlocksInFlightPerAddress": 1520109244.0493827, "spark.reducer.maxSizeInFlight": 58.63327551836576, "spark.shuffle.file.buffer": 47.751819982767245}, "datetime": {"datetime": "2022-01-11 11:04:39", "elapsed": 6.351366, "delta": 0.436834}}
