{"target": -2802.2174000000005, "params": {"spark.default.parallelism": 215.26852698288414, "spark.executor.cores": 2.30308715113286, "spark.executor.instances": 4.122732202067745, "spark.executor.memory": 6.218303735551114, "spark.executor.memoryOverhead": 410.4025664594219, "spark.memory.fraction": 0.7565292791901489, "spark.memory.storageFraction": 0.7848650102458135, "spark.reducer.maxBlocksInFlightPerAddress": 1193181539.2226362, "spark.reducer.maxSizeInFlight": 26.92423408424579, "spark.shuffle.file.buffer": 47.62316375655945}, "datetime": {"datetime": "2022-01-07 15:42:05", "elapsed": 0.0, "delta": 0.0}}
{"target": -2852.2902000000017, "params": {"spark.default.parallelism": 282.41695561241755, "spark.executor.cores": 2.8543848444587536, "spark.executor.instances": 5.463137411232598, "spark.executor.memory": 6.910021600910733, "spark.executor.memoryOverhead": 686.3545933554954, "spark.memory.fraction": 0.7720518258499058, "spark.memory.storageFraction": 0.7349430567569564, "spark.reducer.maxBlocksInFlightPerAddress": 1679445439.5063257, "spark.reducer.maxSizeInFlight": 61.638892782620516, "spark.shuffle.file.buffer": 16.23989707868833}, "datetime": {"datetime": "2022-01-07 15:42:05", "elapsed": 0.025931, "delta": 0.025931}}
{"target": -2800.609220000001, "params": {"spark.default.parallelism": 458.36429384210606, "spark.executor.cores": 1.1292800567083363, "spark.executor.instances": 6.490814413957324, "spark.executor.memory": 4.82677718713222, "spark.executor.memoryOverhead": 632.5911075093338, "spark.memory.fraction": 0.8107758276747801, "spark.memory.storageFraction": 0.8032588058002175, "spark.reducer.maxBlocksInFlightPerAddress": 1355180016.969963, "spark.reducer.maxSizeInFlight": 28.847982302537062, "spark.shuffle.file.buffer": 25.21618745119651}, "datetime": {"datetime": "2022-01-07 15:42:05", "elapsed": 0.05082, "delta": 0.024889}}
{"target": -2796.041820000001, "params": {"spark.default.parallelism": 373.07092422078586, "spark.executor.cores": 2.7540874089091147, "spark.executor.instances": 6.244418149770263, "spark.executor.memory": 6.019405511656957, "spark.executor.memoryOverhead": 481.7212809965643, "spark.memory.fraction": 0.6972784664628094, "spark.memory.storageFraction": 0.5480449578210524, "spark.reducer.maxBlocksInFlightPerAddress": 1237378723.0029502, "spark.reducer.maxSizeInFlight": 35.96555336310076, "spark.shuffle.file.buffer": 36.58319405647348}, "datetime": {"datetime": "2022-01-07 15:42:05", "elapsed": 0.076751, "delta": 0.025931}}
{"target": -2795.457750000001, "params": {"spark.default.parallelism": 230.58495266882963, "spark.executor.cores": 1.7115468440300177, "spark.executor.instances": 4.814224148266986, "spark.executor.memory": 5.05969383564164, "spark.executor.memoryOverhead": 713.5577458301987, "spark.memory.fraction": 0.6761999765469227, "spark.memory.storageFraction": 0.6490167785239414, "spark.reducer.maxBlocksInFlightPerAddress": 1616150604.939218, "spark.reducer.maxSizeInFlight": 59.88537257553889, "spark.shuffle.file.buffer": 38.49632101703001}, "datetime": {"datetime": "2022-01-07 15:42:05", "elapsed": 0.101685, "delta": 0.024934}}
{"target": -2809.498800000001, "params": {"spark.default.parallelism": 202.00029688778966, "spark.executor.cores": 2.960555028963195, "spark.executor.instances": 4.309244123415844, "spark.executor.memory": 6.4745900282656415, "spark.executor.memoryOverhead": 784.4327302668939, "spark.memory.fraction": 0.5547181723076129, "spark.memory.storageFraction": 0.7599747501697518, "spark.reducer.maxBlocksInFlightPerAddress": 1970558668.5932574, "spark.reducer.maxSizeInFlight": 33.09643417227699, "spark.shuffle.file.buffer": 17.998858420504313}, "datetime": {"datetime": "2022-01-07 15:42:05", "elapsed": 0.126617, "delta": 0.024932}}
{"target": -2795.464620000001, "params": {"spark.default.parallelism": 403.0402355909167, "spark.executor.cores": 2.6804764231424594, "spark.executor.instances": 6.148163452827748, "spark.executor.memory": 4.4979648026202295, "spark.executor.memoryOverhead": 747.035966690165, "spark.memory.fraction": 0.6264941821260882, "spark.memory.storageFraction": 0.5225783694013161, "spark.reducer.maxBlocksInFlightPerAddress": 1873627093.5498385, "spark.reducer.maxSizeInFlight": 69.7742013843361, "spark.shuffle.file.buffer": 33.01567742651989}, "datetime": {"datetime": "2022-01-07 15:42:05", "elapsed": 0.151552, "delta": 0.024935}}
{"target": -2798.041470000002, "params": {"spark.default.parallelism": 487.89232875782625, "spark.executor.cores": 1.3550183562095994, "spark.executor.instances": 6.9184653705394155, "spark.executor.memory": 5.805274619360517, "spark.executor.memoryOverhead": 769.9978789100153, "spark.memory.fraction": 0.6496967082939262, "spark.memory.storageFraction": 0.8673154321366849, "spark.reducer.maxBlocksInFlightPerAddress": 1561110976.176976, "spark.reducer.maxSizeInFlight": 43.45515200137186, "spark.shuffle.file.buffer": 33.94826345315005}, "datetime": {"datetime": "2022-01-07 15:42:05", "elapsed": 0.176484, "delta": 0.024932}}
{"target": -2800.13639, "params": {"spark.default.parallelism": 326.39702972893537, "spark.executor.cores": 2.0469070140030956, "spark.executor.instances": 5.915279631632933, "spark.executor.memory": 4.668573649098587, "spark.executor.memoryOverhead": 534.1709615348339, "spark.memory.fraction": 0.5770795244325222, "spark.memory.storageFraction": 0.8432390848813538, "spark.reducer.maxBlocksInFlightPerAddress": 1083967877.5781684, "spark.reducer.maxSizeInFlight": 46.52060946694349, "spark.shuffle.file.buffer": 29.858381558391187}, "datetime": {"datetime": "2022-01-07 15:42:05", "elapsed": 0.202414, "delta": 0.02593}}
{"target": -2806.740970000001, "params": {"spark.default.parallelism": 430.052963984619, "spark.executor.cores": 2.495709587957968, "spark.executor.instances": 5.689793515409507, "spark.executor.memory": 5.271517100758075, "spark.executor.memoryOverhead": 489.05958603575664, "spark.memory.fraction": 0.8831214567257801, "spark.memory.storageFraction": 0.5092521365828833, "spark.reducer.maxBlocksInFlightPerAddress": 2127249607.8407211, "spark.reducer.maxSizeInFlight": 65.99987212284503, "spark.shuffle.file.buffer": 26.832607022376386}, "datetime": {"datetime": "2022-01-07 15:42:06", "elapsed": 0.227348, "delta": 0.024934}}
{"target": -2800.7024000000024, "params": {"spark.default.parallelism": 298.1176856110134, "spark.executor.cores": 2.15144075615948, "spark.executor.instances": 7.227332719149352, "spark.executor.memory": 4.160509922884787, "spark.executor.memoryOverhead": 591.4512269001447, "spark.memory.fraction": 0.520184655401319, "spark.memory.storageFraction": 0.700626098733586, "spark.reducer.maxBlocksInFlightPerAddress": 1783883217.206285, "spark.reducer.maxSizeInFlight": 62.84305469894569, "spark.shuffle.file.buffer": 27.412178070257813}, "datetime": {"datetime": "2022-01-07 15:42:06", "elapsed": 0.252281, "delta": 0.024933}}
{"target": -2801.2635700000014, "params": {"spark.default.parallelism": 389.70656730503254, "spark.executor.cores": 1.4858043039969302, "spark.executor.instances": 5.0113055390969325, "spark.executor.memory": 4.298286509703362, "spark.executor.memoryOverhead": 438.23073439525893, "spark.memory.fraction": 0.878281128676501, "spark.memory.storageFraction": 0.5826604279167436, "spark.reducer.maxBlocksInFlightPerAddress": 1160873728.0184634, "spark.reducer.maxSizeInFlight": 49.90927383359791, "spark.shuffle.file.buffer": 31.06941795582233}, "datetime": {"datetime": "2022-01-07 15:42:06", "elapsed": 0.277216, "delta": 0.024935}}
{"target": -3500.6732399999996, "params": {"spark.default.parallelism": 410.8592677073823, "spark.executor.cores": 1.2433051031410494, "spark.executor.instances": 7.015119419793384, "spark.executor.memory": 5.491190425378756, "spark.executor.memoryOverhead": 807.8428864479566, "spark.memory.fraction": 0.6003225410946846, "spark.memory.storageFraction": 0.8930963425350097, "spark.reducer.maxBlocksInFlightPerAddress": 2079808022.3983006, "spark.reducer.maxSizeInFlight": 68.30435396446752, "spark.shuffle.file.buffer": 22.92341910927917}, "datetime": {"datetime": "2022-01-07 15:42:06", "elapsed": 0.303174, "delta": 0.025958}}
{"target": -2806.923060000001, "params": {"spark.default.parallelism": 364.7097465854499, "spark.executor.cores": 1.9545974924758216, "spark.executor.instances": 7.801133479571441, "spark.executor.memory": 3.3553620262874952, "spark.executor.memoryOverhead": 520.3813799624252, "spark.memory.fraction": 0.7391835739423404, "spark.memory.storageFraction": 0.6733164257578822, "spark.reducer.maxBlocksInFlightPerAddress": 1989406471.2148104, "spark.reducer.maxSizeInFlight": 40.181678161693924, "spark.shuffle.file.buffer": 45.50027448728679}, "datetime": {"datetime": "2022-01-07 15:42:06", "elapsed": 0.329075, "delta": 0.025901}}
{"target": -2798.2201900000014, "params": {"spark.default.parallelism": 312.9915612491862, "spark.executor.cores": 1.5378308854477312, "spark.executor.instances": 7.469387476167996, "spark.executor.memory": 3.66483096485232, "spark.executor.memoryOverhead": 663.3564388484001, "spark.memory.fraction": 0.5147286833318777, "spark.memory.storageFraction": 0.5672696556785838, "spark.reducer.maxBlocksInFlightPerAddress": 1883146644.4784002, "spark.reducer.maxSizeInFlight": 41.50856868266583, "spark.shuffle.file.buffer": 44.70253902637314}, "datetime": {"datetime": "2022-01-07 15:42:06", "elapsed": 0.35401, "delta": 0.024935}}
{"target": -2796.4879200000014, "params": {"spark.default.parallelism": 342.8065231610681, "spark.executor.cores": 1.8432440808893287, "spark.executor.instances": 4.4583738123222805, "spark.executor.memory": 5.601238884831163, "spark.executor.memoryOverhead": 566.4487056234233, "spark.memory.fraction": 0.716167801249141, "spark.memory.storageFraction": 0.6100927405382015, "spark.reducer.maxBlocksInFlightPerAddress": 1736492345.2896252, "spark.reducer.maxSizeInFlight": 55.01144365910811, "spark.shuffle.file.buffer": 37.56334084379114}, "datetime": {"datetime": "2022-01-07 15:42:06", "elapsed": 0.378943, "delta": 0.024933}}
{"target": -2803.1427500000013, "params": {"spark.default.parallelism": 256.18965250044187, "spark.executor.cores": 2.513890996792354, "spark.executor.instances": 7.7166042056194435, "spark.executor.memory": 3.432001004383496, "spark.executor.memoryOverhead": 408.51323280543585, "spark.memory.fraction": 0.593512082376873, "spark.memory.storageFraction": 0.8213506462416788, "spark.reducer.maxBlocksInFlightPerAddress": 1543577213.8266516, "spark.reducer.maxSizeInFlight": 36.97994673008327, "spark.shuffle.file.buffer": 19.775803867969287}, "datetime": {"datetime": "2022-01-07 15:42:06", "elapsed": 0.404897, "delta": 0.025954}}
{"target": -2798.0441500000015, "params": {"spark.default.parallelism": 478.8937697063177, "spark.executor.cores": 1.0044096562064093, "spark.executor.instances": 5.393311067216572, "spark.executor.memory": 3.9896439733880102, "spark.executor.memoryOverhead": 864.5767942001831, "spark.memory.fraction": 0.7894093412642698, "spark.memory.storageFraction": 0.6242634587771927, "spark.reducer.maxBlocksInFlightPerAddress": 1451312397.697626, "spark.reducer.maxSizeInFlight": 55.85838979630227, "spark.shuffle.file.buffer": 21.782903559198182}, "datetime": {"datetime": "2022-01-07 15:42:06", "elapsed": 0.430804, "delta": 0.025907}}
{"target": -2797.5520600000004, "params": {"spark.default.parallelism": 272.0757239020229, "spark.executor.cores": 1.6199266217791197, "spark.executor.instances": 4.606828044263276, "spark.executor.memory": 6.726593893506254, "spark.executor.memoryOverhead": 848.0849633210075, "spark.memory.fraction": 0.8504003880296056, "spark.memory.storageFraction": 0.7724769523223767, "spark.reducer.maxBlocksInFlightPerAddress": 1303718679.6756792, "spark.reducer.maxSizeInFlight": 52.07471765151149, "spark.shuffle.file.buffer": 41.78455619425171}, "datetime": {"datetime": "2022-01-07 15:42:06", "elapsed": 0.455737, "delta": 0.024933}}
{"target": -2797.192420000001, "params": {"spark.default.parallelism": 444.73453460744423, "spark.executor.cores": 2.203249237220885, "spark.executor.instances": 6.628073227408376, "spark.executor.memory": 3.001678201560993, "spark.executor.memoryOverhead": 608.262980908545, "spark.memory.fraction": 0.8345279051954828, "spark.memory.storageFraction": 0.6996032031909123, "spark.reducer.maxBlocksInFlightPerAddress": 1449401759.2067535, "spark.reducer.maxSizeInFlight": 26.36186596596694, "spark.shuffle.file.buffer": 40.88465199008733}, "datetime": {"datetime": "2022-01-07 15:42:06", "elapsed": 0.48067, "delta": 0.024933}}
{"target": -2807.7430000000018, "params": {"spark.default.parallelism": 271.10809407290833, "spark.executor.cores": 2.806759041124508, "spark.executor.instances": 6.294717946689143, "spark.executor.memory": 3.011481308124636, "spark.executor.memoryOverhead": 688.2524424150168, "spark.memory.fraction": 0.6306579607088385, "spark.memory.storageFraction": 0.7108232409030437, "spark.reducer.maxBlocksInFlightPerAddress": 2025014908.6723402, "spark.reducer.maxSizeInFlight": 41.14894848011999, "spark.shuffle.file.buffer": 45.073124829433574}, "datetime": {"datetime": "2022-01-07 15:42:06", "elapsed": 0.898553, "delta": 0.417883}}
{"target": -2798.2498000000014, "params": {"spark.default.parallelism": 485.0528357741239, "spark.executor.cores": 2.113306376390313, "spark.executor.instances": 7.662425399065098, "spark.executor.memory": 5.566264835785351, "spark.executor.memoryOverhead": 576.2738030716343, "spark.memory.fraction": 0.6943962668387639, "spark.memory.storageFraction": 0.7417241931679893, "spark.reducer.maxBlocksInFlightPerAddress": 1663814410.6160128, "spark.reducer.maxSizeInFlight": 68.45670848190977, "spark.shuffle.file.buffer": 45.399469940275395}, "datetime": {"datetime": "2022-01-07 15:42:07", "elapsed": 1.345357, "delta": 0.446804}}
{"target": -2798.403850000001, "params": {"spark.default.parallelism": 340.06400682899186, "spark.executor.cores": 1.69034410231043, "spark.executor.instances": 4.900159831256339, "spark.executor.memory": 5.370047475063187, "spark.executor.memoryOverhead": 537.949029987045, "spark.memory.fraction": 0.8665222213873403, "spark.memory.storageFraction": 0.8638542099806228, "spark.reducer.maxBlocksInFlightPerAddress": 1349820488.749463, "spark.reducer.maxSizeInFlight": 29.3227824357134, "spark.shuffle.file.buffer": 22.17480742461161}, "datetime": {"datetime": "2022-01-07 15:42:07", "elapsed": 1.784184, "delta": 0.438827}}
{"target": -2797.8902700000017, "params": {"spark.default.parallelism": 232.70562920572047, "spark.executor.cores": 2.2675735212238357, "spark.executor.instances": 7.2118529494949515, "spark.executor.memory": 5.787201984480713, "spark.executor.memoryOverhead": 761.7422108703548, "spark.memory.fraction": 0.636981647937408, "spark.memory.storageFraction": 0.838340593211071, "spark.reducer.maxBlocksInFlightPerAddress": 1534128789.5421472, "spark.reducer.maxSizeInFlight": 63.5524737797913, "spark.shuffle.file.buffer": 36.0478770759774}, "datetime": {"datetime": "2022-01-07 15:42:08", "elapsed": 2.225565, "delta": 0.441381}}
{"target": -2810.852080000001, "params": {"spark.default.parallelism": 349.1750280081594, "spark.executor.cores": 2.0380319681473575, "spark.executor.instances": 4.69888060043569, "spark.executor.memory": 5.282863406185026, "spark.executor.memoryOverhead": 875.3994386276474, "spark.memory.fraction": 0.8267340435166488, "spark.memory.storageFraction": 0.7377490495323911, "spark.reducer.maxBlocksInFlightPerAddress": 2121702105.4336865, "spark.reducer.maxSizeInFlight": 67.27500406412742, "spark.shuffle.file.buffer": 35.05945387528466}, "datetime": {"datetime": "2022-01-07 15:42:08", "elapsed": 2.654754, "delta": 0.429189}}
{"target": -2799.4428500000013, "params": {"spark.default.parallelism": 244.02544422928824, "spark.executor.cores": 2.4586378387222467, "spark.executor.instances": 4.754980267508744, "spark.executor.memory": 5.575582577246651, "spark.executor.memoryOverhead": 755.8728336341153, "spark.memory.fraction": 0.5842929568333283, "spark.memory.storageFraction": 0.740381699243056, "spark.reducer.maxBlocksInFlightPerAddress": 1877897542.6818209, "spark.reducer.maxSizeInFlight": 54.634498109776004, "spark.shuffle.file.buffer": 35.10807369429277}, "datetime": {"datetime": "2022-01-07 15:42:08", "elapsed": 3.085992, "delta": 0.431238}}
{"target": -2803.8255900000013, "params": {"spark.default.parallelism": 349.41668744840223, "spark.executor.cores": 2.6857996803857, "spark.executor.instances": 4.271227737363815, "spark.executor.memory": 5.293089086198739, "spark.executor.memoryOverhead": 848.781949688444, "spark.memory.fraction": 0.7071440192689288, "spark.memory.storageFraction": 0.5777863238111538, "spark.reducer.maxBlocksInFlightPerAddress": 1984209812.88371, "spark.reducer.maxSizeInFlight": 36.078678833080936, "spark.shuffle.file.buffer": 38.42323316744121}, "datetime": {"datetime": "2022-01-07 15:42:09", "elapsed": 3.518877, "delta": 0.432885}}
{"target": -2797.027580000002, "params": {"spark.default.parallelism": 384.0766083508507, "spark.executor.cores": 2.296625512326249, "spark.executor.instances": 4.679762856869031, "spark.executor.memory": 3.59778719575545, "spark.executor.memoryOverhead": 637.4882964582603, "spark.memory.fraction": 0.8501330905418156, "spark.memory.storageFraction": 0.5735813766188889, "spark.reducer.maxBlocksInFlightPerAddress": 1570711542.5403595, "spark.reducer.maxSizeInFlight": 44.58875203343534, "spark.shuffle.file.buffer": 31.913253949424522}, "datetime": {"datetime": "2022-01-07 15:42:09", "elapsed": 3.943678, "delta": 0.424801}}
{"target": -2795.2315000000012, "params": {"spark.default.parallelism": 489.77991950591667, "spark.executor.cores": 1.2187658283871692, "spark.executor.instances": 6.692164216866487, "spark.executor.memory": 4.9997294843968, "spark.executor.memoryOverhead": 767.1094270329611, "spark.memory.fraction": 0.5574427991496838, "spark.memory.storageFraction": 0.5332810545743503, "spark.reducer.maxBlocksInFlightPerAddress": 1502399536.48588, "spark.reducer.maxSizeInFlight": 62.254188095035204, "spark.shuffle.file.buffer": 22.133623645116483}, "datetime": {"datetime": "2022-01-07 15:42:10", "elapsed": 4.36424, "delta": 0.420562}}
{"target": -2798.7965400000016, "params": {"spark.default.parallelism": 212.98728145584758, "spark.executor.cores": 1.9728814863407895, "spark.executor.instances": 4.957644176551024, "spark.executor.memory": 6.809895126773037, "spark.executor.memoryOverhead": 849.3390654974114, "spark.memory.fraction": 0.7455736009538804, "spark.memory.storageFraction": 0.8893949589300785, "spark.reducer.maxBlocksInFlightPerAddress": 1444033871.2289782, "spark.reducer.maxSizeInFlight": 67.09683444804872, "spark.shuffle.file.buffer": 29.907039149072304}, "datetime": {"datetime": "2022-01-07 15:42:10", "elapsed": 4.794363, "delta": 0.430123}}
{"target": -2813.1759300000012, "params": {"spark.default.parallelism": 411.29401951517286, "spark.executor.cores": 2.3632906752052456, "spark.executor.instances": 6.7885941150110245, "spark.executor.memory": 5.474402970246146, "spark.executor.memoryOverhead": 458.43350150686535, "spark.memory.fraction": 0.8043209825223024, "spark.memory.storageFraction": 0.8124183288775828, "spark.reducer.maxBlocksInFlightPerAddress": 2044515012.178935, "spark.reducer.maxSizeInFlight": 35.22089724499708, "spark.shuffle.file.buffer": 21.653724578314925}, "datetime": {"datetime": "2022-01-07 15:42:11", "elapsed": 5.23043, "delta": 0.436067}}
{"target": -2798.096950000001, "params": {"spark.default.parallelism": 282.6809308282576, "spark.executor.cores": 2.8494816270767434, "spark.executor.instances": 5.547956937025169, "spark.executor.memory": 4.971523493725281, "spark.executor.memoryOverhead": 509.4379844410101, "spark.memory.fraction": 0.8539866075352254, "spark.memory.storageFraction": 0.6533053827221147, "spark.reducer.maxBlocksInFlightPerAddress": 1393260240.5974011, "spark.reducer.maxSizeInFlight": 58.444558185348214, "spark.shuffle.file.buffer": 22.107838181513838}, "datetime": {"datetime": "2022-01-07 15:42:11", "elapsed": 5.654004, "delta": 0.423574}}
{"target": -2799.51489, "params": {"spark.default.parallelism": 360.44966975594343, "spark.executor.cores": 2.535925756562623, "spark.executor.instances": 4.2123703818101, "spark.executor.memory": 5.196213775402079, "spark.executor.memoryOverhead": 778.8903160085895, "spark.memory.fraction": 0.7598332219513916, "spark.memory.storageFraction": 0.8725788059971643, "spark.reducer.maxBlocksInFlightPerAddress": 1153984101.0803053, "spark.reducer.maxSizeInFlight": 37.286710204828154, "spark.shuffle.file.buffer": 45.41560013619752}, "datetime": {"datetime": "2022-01-07 15:42:11", "elapsed": 6.073624, "delta": 0.41962}}
{"target": -2800.08641, "params": {"spark.default.parallelism": 354.8595383231207, "spark.executor.cores": 2.726452963427699, "spark.executor.instances": 7.936506175539668, "spark.executor.memory": 3.039491901435674, "spark.executor.memoryOverhead": 508.65085066386985, "spark.memory.fraction": 0.5895398681310101, "spark.memory.storageFraction": 0.5190150376911042, "spark.reducer.maxBlocksInFlightPerAddress": 1084664414.7410793, "spark.reducer.maxSizeInFlight": 47.52937498772312, "spark.shuffle.file.buffer": 17.45542866144941}, "datetime": {"datetime": "2022-01-07 15:42:12", "elapsed": 6.503884, "delta": 0.43026}}
{"target": -2796.3445000000006, "params": {"spark.default.parallelism": 253.54844989324647, "spark.executor.cores": 2.939741140689428, "spark.executor.instances": 6.967758101824307, "spark.executor.memory": 4.039166773217659, "spark.executor.memoryOverhead": 670.5490237495476, "spark.memory.fraction": 0.8821049014152748, "spark.memory.storageFraction": 0.5323015631248316, "spark.reducer.maxBlocksInFlightPerAddress": 1163435994.8568676, "spark.reducer.maxSizeInFlight": 53.71847190815555, "spark.shuffle.file.buffer": 23.183791322750647}, "datetime": {"datetime": "2022-01-07 15:42:12", "elapsed": 6.954997, "delta": 0.451113}}
