{"target": -2798.572950000001, "params": {"spark.default.parallelism": 263.5164004545459, "spark.executor.cores": 2.6603130523245984, "spark.executor.instances": 4.960380616644841, "spark.executor.memory": 5.52648298100064, "spark.executor.memoryOverhead": 734.394607960496, "spark.memory.fraction": 0.7969533718828408, "spark.memory.storageFraction": 0.6561058818398324, "spark.reducer.maxBlocksInFlightPerAddress": 1889598130.3914661, "spark.reducer.maxSizeInFlight": 67.34092330184208, "spark.shuffle.file.buffer": 34.79744061560246}, "datetime": {"datetime": "2022-01-06 15:36:03", "elapsed": 7.077383, "delta": 0.413898}}
{"target": -2797.082490000001, "params": {"spark.default.parallelism": 454.2880127718163, "spark.executor.cores": 2.3180713193317666, "spark.executor.instances": 5.515324674646927, "spark.executor.memory": 4.66626691605899, "spark.executor.memoryOverhead": 621.7018836236315, "spark.memory.fraction": 0.8741135080027203, "spark.memory.storageFraction": 0.845437181967241, "spark.reducer.maxBlocksInFlightPerAddress": 1586908648.5908895, "spark.reducer.maxSizeInFlight": 50.61688791735202, "spark.shuffle.file.buffer": 44.01292359293829}, "datetime": {"datetime": "2022-01-06 15:36:04", "elapsed": 7.506157, "delta": 0.428774}}
{"target": -2800.4865500000014, "params": {"spark.default.parallelism": 494.0998655411983, "spark.executor.cores": 1.4447663870623515, "spark.executor.instances": 5.8650658966662945, "spark.executor.memory": 6.582567210397786, "spark.executor.memoryOverhead": 680.5066709815026, "spark.memory.fraction": 0.790383538339526, "spark.memory.storageFraction": 0.6654680656805441, "spark.reducer.maxBlocksInFlightPerAddress": 1808513684.5259116, "spark.reducer.maxSizeInFlight": 69.41064143268304, "spark.shuffle.file.buffer": 22.405954103658306}, "datetime": {"datetime": "2022-01-06 15:36:04", "elapsed": 7.940914, "delta": 0.434757}}
{"target": -2798.289240000001, "params": {"spark.default.parallelism": 285.1602547920208, "spark.executor.cores": 2.5234597253854836, "spark.executor.instances": 4.961937299212352, "spark.executor.memory": 4.0169294186294096, "spark.executor.memoryOverhead": 425.4545726107052, "spark.memory.fraction": 0.8456576379056108, "spark.memory.storageFraction": 0.6791595662481119, "spark.reducer.maxBlocksInFlightPerAddress": 1676955227.1654925, "spark.reducer.maxSizeInFlight": 59.362125969288954, "spark.shuffle.file.buffer": 41.48764374819826}, "datetime": {"datetime": "2022-01-06 15:36:04", "elapsed": 8.366872, "delta": 0.425958}}
{"target": -2803.376410000001, "params": {"spark.default.parallelism": 276.10574206630406, "spark.executor.cores": 1.372311339473328, "spark.executor.instances": 5.8872762509503875, "spark.executor.memory": 6.927297671301029, "spark.executor.memoryOverhead": 449.52277516728077, "spark.memory.fraction": 0.6133849729712229, "spark.memory.storageFraction": 0.8202564697133825, "spark.reducer.maxBlocksInFlightPerAddress": 1787540582.560001, "spark.reducer.maxSizeInFlight": 37.380403617284976, "spark.shuffle.file.buffer": 26.06872341680358}, "datetime": {"datetime": "2022-01-06 15:36:05", "elapsed": 8.822426, "delta": 0.455554}}
"{'maxIndex': 2, 'target': -2793.088140000001, 'params': {'spark.default.parallelism': 480.1191468701157, 'spark.executor.cores': 2.0680793409623788, 'spark.executor.instances': 4.9249089200595355, 'spark.executor.memory': 6.031746684586247, 'spark.executor.memoryOverhead': 620.626623796845, 'spark.memory.fraction': 0.6209645094340774, 'spark.memory.storageFraction': 0.5418741132117332, 'spark.reducer.maxBlocksInFlightPerAddress': 1585626423.992874, 'spark.reducer.maxSizeInFlight': 70.6039848044866, 'spark.shuffle.file.buffer': 38.49800341358751}}"