{"target": -2797.5392100000013, "params": {"spark.default.parallelism": 388.66795699229084, "spark.executor.cores": 1.821869801032138, "spark.executor.instances": 4.158742770361052, "spark.executor.memory": 6.154871633697718, "spark.executor.memoryOverhead": 750.1213302116198, "spark.memory.fraction": 0.7179447443682881, "spark.memory.storageFraction": 0.6278823178960934, "spark.reducer.maxBlocksInFlightPerAddress": 1597042662.2116547, "spark.reducer.maxSizeInFlight": 66.49531574446021, "spark.shuffle.file.buffer": 23.956446000746705}, "datetime": {"datetime": "2022-01-05 16:44:58", "elapsed": 17.957013, "delta": 0.456815}}
{"target": -2799.9259600000014, "params": {"spark.default.parallelism": 235.19008538154998, "spark.executor.cores": 2.888632137894473, "spark.executor.instances": 4.7638028344982, "spark.executor.memory": 6.261970244106301, "spark.executor.memoryOverhead": 766.9021131107042, "spark.memory.fraction": 0.6318385184132144, "spark.memory.storageFraction": 0.663049117790394, "spark.reducer.maxBlocksInFlightPerAddress": 1723422862.6665177, "spark.reducer.maxSizeInFlight": 35.39137716780775, "spark.shuffle.file.buffer": 18.889870628712426}, "datetime": {"datetime": "2022-01-05 16:44:58", "elapsed": 18.4429, "delta": 0.485887}}
{"target": -2797.1625200000008, "params": {"spark.default.parallelism": 387.18560194183834, "spark.executor.cores": 1.1598508613448517, "spark.executor.instances": 4.056025975741094, "spark.executor.memory": 3.607735333813859, "spark.executor.memoryOverhead": 651.9249696510362, "spark.memory.fraction": 0.8645961152214875, "spark.memory.storageFraction": 0.635349663611635, "spark.reducer.maxBlocksInFlightPerAddress": 1502368182.3106987, "spark.reducer.maxSizeInFlight": 58.00020526967157, "spark.shuffle.file.buffer": 42.52048666309335}, "datetime": {"datetime": "2022-01-05 16:44:59", "elapsed": 18.926883, "delta": 0.483983}}
{"target": -2796.272120000001, "params": {"spark.default.parallelism": 377.32348569541233, "spark.executor.cores": 1.9593834237156746, "spark.executor.instances": 6.346170409695924, "spark.executor.memory": 3.5290843875249234, "spark.executor.memoryOverhead": 520.9243753966202, "spark.memory.fraction": 0.5278689442918497, "spark.memory.storageFraction": 0.543198689063711, "spark.reducer.maxBlocksInFlightPerAddress": 1842946497.1773381, "spark.reducer.maxSizeInFlight": 25.26729386516878, "spark.shuffle.file.buffer": 33.26881030718386}, "datetime": {"datetime": "2022-01-05 16:44:59", "elapsed": 19.379788, "delta": 0.452905}}
{"target": -2797.2585600000016, "params": {"spark.default.parallelism": 323.34351396194813, "spark.executor.cores": 1.5138988934597142, "spark.executor.instances": 4.272537596703275, "spark.executor.memory": 4.026611400234917, "spark.executor.memoryOverhead": 580.047017345948, "spark.memory.fraction": 0.8754861964821996, "spark.memory.storageFraction": 0.7674673973359663, "spark.reducer.maxBlocksInFlightPerAddress": 1637675814.6810648, "spark.reducer.maxSizeInFlight": 60.90264723377099, "spark.shuffle.file.buffer": 40.22047301552493}, "datetime": {"datetime": "2022-01-05 16:45:00", "elapsed": 19.850626, "delta": 0.470838}}
{"target": -2797.5701500000014, "params": {"spark.default.parallelism": 227.88511712075857, "spark.executor.cores": 1.6530710065859293, "spark.executor.instances": 5.174600311702144, "spark.executor.memory": 6.013123535285765, "spark.executor.memoryOverhead": 834.4795542657716, "spark.memory.fraction": 0.6892066327552575, "spark.memory.storageFraction": 0.6766753852934906, "spark.reducer.maxBlocksInFlightPerAddress": 1596969882.171405, "spark.reducer.maxSizeInFlight": 38.675686559770284, "spark.shuffle.file.buffer": 26.299562087950136}, "datetime": {"datetime": "2022-01-05 16:45:00", "elapsed": 20.298008, "delta": 0.447382}}
{"target": -2799.0028100000013, "params": {"spark.default.parallelism": 294.14477602520714, "spark.executor.cores": 1.1388837638148412, "spark.executor.instances": 4.131706323369004, "spark.executor.memory": 6.700655423556712, "spark.executor.memoryOverhead": 778.1342009479151, "spark.memory.fraction": 0.7477123236955295, "spark.memory.storageFraction": 0.7957468317769458, "spark.reducer.maxBlocksInFlightPerAddress": 1637598792.1179414, "spark.reducer.maxSizeInFlight": 34.46126581864142, "spark.shuffle.file.buffer": 35.187391529754905}, "datetime": {"datetime": "2022-01-05 16:45:01", "elapsed": 20.78, "delta": 0.481992}}
{"target": -2798.1253400000005, "params": {"spark.default.parallelism": 456.9393729957447, "spark.executor.cores": 2.6144702147486756, "spark.executor.instances": 6.069304649413528, "spark.executor.memory": 5.3390548130350135, "spark.executor.memoryOverhead": 875.2094096464903, "spark.memory.fraction": 0.5782260477934608, "spark.memory.storageFraction": 0.7570699041439426, "spark.reducer.maxBlocksInFlightPerAddress": 1240960835.94036, "spark.reducer.maxSizeInFlight": 35.64823384296682, "spark.shuffle.file.buffer": 39.94638777141883}, "datetime": {"datetime": "2022-01-05 16:45:01", "elapsed": 21.259063, "delta": 0.479063}}
{"target": -2798.942470000001, "params": {"spark.default.parallelism": 498.82501445097114, "spark.executor.cores": 1.770724423560211, "spark.executor.instances": 4.01747687402453, "spark.executor.memory": 5.790764175314335, "spark.executor.memoryOverhead": 841.1149107002439, "spark.memory.fraction": 0.5933129358356724, "spark.memory.storageFraction": 0.8802532041424215, "spark.reducer.maxBlocksInFlightPerAddress": 1240962287.112381, "spark.reducer.maxSizeInFlight": 70.26933988518826, "spark.shuffle.file.buffer": 29.597860450603914}, "datetime": {"datetime": "2022-01-05 16:45:02", "elapsed": 21.719813, "delta": 0.46075}}
{"target": -2796.583030000002, "params": {"spark.default.parallelism": 202.11636436590152, "spark.executor.cores": 1.1068040954284402, "spark.executor.instances": 4.027003211821993, "spark.executor.memory": 4.590176440964193, "spark.executor.memoryOverhead": 415.0134311127924, "spark.memory.fraction": 0.7634892041102246, "spark.memory.storageFraction": 0.518873873945857, "spark.reducer.maxBlocksInFlightPerAddress": 1597082017.9961748, "spark.reducer.maxSizeInFlight": 43.288462826084476, "spark.shuffle.file.buffer": 34.63899222792014}, "datetime": {"datetime": "2022-01-05 16:45:02", "elapsed": 22.187839, "delta": 0.468026}}
{"target": -2798.117820000001, "params": {"spark.default.parallelism": 221.24313704519034, "spark.executor.cores": 2.014879107060957, "spark.executor.instances": 7.061698630712454, "spark.executor.memory": 5.581537589175719, "spark.executor.memoryOverhead": 621.8061528951837, "spark.memory.fraction": 0.7131213701420124, "spark.memory.storageFraction": 0.658986580264982, "spark.reducer.maxBlocksInFlightPerAddress": 1240911656.4833827, "spark.reducer.maxSizeInFlight": 38.68034601142118, "spark.shuffle.file.buffer": 45.955720271635506}, "datetime": {"datetime": "2022-01-05 16:45:03", "elapsed": 22.675759, "delta": 0.48792}}
{"target": -2797.318570000001, "params": {"spark.default.parallelism": 416.56928241908076, "spark.executor.cores": 1.971641941186773, "spark.executor.instances": 6.638250022996697, "spark.executor.memory": 3.990196502675886, "spark.executor.memoryOverhead": 517.9575991223379, "spark.memory.fraction": 0.8077108591708742, "spark.memory.storageFraction": 0.8097342750006296, "spark.reducer.maxBlocksInFlightPerAddress": 1502566281.0787342, "spark.reducer.maxSizeInFlight": 70.56940701028883, "spark.shuffle.file.buffer": 43.87224215098611}, "datetime": {"datetime": "2022-01-05 16:45:03", "elapsed": 23.145835, "delta": 0.470076}}
{"target": -2802.0435100000013, "params": {"spark.default.parallelism": 330.2007091735195, "spark.executor.cores": 2.0010743683849923, "spark.executor.instances": 7.535653888907376, "spark.executor.memory": 6.354032484367551, "spark.executor.memoryOverhead": 438.3363018707549, "spark.memory.fraction": 0.8133082133991729, "spark.memory.storageFraction": 0.821034557068627, "spark.reducer.maxBlocksInFlightPerAddress": 1502422007.5248559, "spark.reducer.maxSizeInFlight": 65.27152212335776, "spark.shuffle.file.buffer": 34.76409760530164}, "datetime": {"datetime": "2022-01-05 16:45:04", "elapsed": 23.62374, "delta": 0.477905}}
{"target": -2798.408290000002, "params": {"spark.default.parallelism": 378.490378987991, "spark.executor.cores": 1.1051102294391304, "spark.executor.instances": 7.676085645840032, "spark.executor.memory": 3.8842242278834567, "spark.executor.memoryOverhead": 874.0496493039539, "spark.memory.fraction": 0.52318597379266, "spark.memory.storageFraction": 0.7413483716229609, "spark.reducer.maxBlocksInFlightPerAddress": 1294492921.7963858, "spark.reducer.maxSizeInFlight": 31.251029192127675, "spark.shuffle.file.buffer": 22.880997026163108}, "datetime": {"datetime": "2022-01-05 16:45:04", "elapsed": 24.094855, "delta": 0.471115}}
{"target": -2797.7015400000023, "params": {"spark.default.parallelism": 208.26240469508957, "spark.executor.cores": 2.3933825772181905, "spark.executor.instances": 5.119335505840141, "spark.executor.memory": 3.412044671693633, "spark.executor.memoryOverhead": 515.6963719165492, "spark.memory.fraction": 0.7683032603701394, "spark.memory.storageFraction": 0.7000385285203601, "spark.reducer.maxBlocksInFlightPerAddress": 1570678838.6333685, "spark.reducer.maxSizeInFlight": 69.20981885557573, "spark.shuffle.file.buffer": 29.876537844633575}, "datetime": {"datetime": "2022-01-05 16:45:04", "elapsed": 24.573803, "delta": 0.478948}}
{"target": -2798.3981700000004, "params": {"spark.default.parallelism": 406.01548808533073, "spark.executor.cores": 2.3455113232769325, "spark.executor.instances": 4.479255348805466, "spark.executor.memory": 4.612234549139516, "spark.executor.memoryOverhead": 847.4979306986595, "spark.memory.fraction": 0.6363085878535664, "spark.memory.storageFraction": 0.5440596268460041, "spark.reducer.maxBlocksInFlightPerAddress": 1109065954.4349267, "spark.reducer.maxSizeInFlight": 38.331986211728854, "spark.shuffle.file.buffer": 23.300725809690853}, "datetime": {"datetime": "2022-01-05 16:45:05", "elapsed": 25.048846, "delta": 0.475043}}
{"target": -2802.349290000002, "params": {"spark.default.parallelism": 451.59837453676226, "spark.executor.cores": 1.0828685246420193, "spark.executor.instances": 6.828648412973082, "spark.executor.memory": 5.278573689984436, "spark.executor.memoryOverhead": 426.6598382639483, "spark.memory.fraction": 0.8469827882276362, "spark.memory.storageFraction": 0.6955280166194092, "spark.reducer.maxBlocksInFlightPerAddress": 1842912150.240623, "spark.reducer.maxSizeInFlight": 67.77334848336696, "spark.shuffle.file.buffer": 34.379404461860474}, "datetime": {"datetime": "2022-01-05 16:45:05", "elapsed": 25.510767, "delta": 0.461921}}
{"target": -2812.1904700000014, "params": {"spark.default.parallelism": 458.7125640747673, "spark.executor.cores": 2.5956090093563375, "spark.executor.instances": 4.6940421474090925, "spark.executor.memory": 6.96883971553462, "spark.executor.memoryOverhead": 398.99323490537176, "spark.memory.fraction": 0.6570593853118633, "spark.memory.storageFraction": 0.8017605261311176, "spark.reducer.maxBlocksInFlightPerAddress": 2119286846.2159996, "spark.reducer.maxSizeInFlight": 30.822078822433895, "spark.shuffle.file.buffer": 45.56929755690336}, "datetime": {"datetime": "2022-01-05 16:45:06", "elapsed": 25.974795, "delta": 0.464028}}
{"target": -2800.64299, "params": {"spark.default.parallelism": 229.24483407892785, "spark.executor.cores": 1.917557341357536, "spark.executor.instances": 6.898970446374517, "spark.executor.memory": 4.413649877513203, "spark.executor.memoryOverhead": 475.84504260449535, "spark.memory.fraction": 0.7249187839418696, "spark.memory.storageFraction": 0.8707189067610032, "spark.reducer.maxBlocksInFlightPerAddress": 1163407869.8806057, "spark.reducer.maxSizeInFlight": 59.88528400307202, "spark.shuffle.file.buffer": 47.9035647161431}, "datetime": {"datetime": "2022-01-05 16:45:06", "elapsed": 26.440576, "delta": 0.465781}}
{"target": -2796.714420000001, "params": {"spark.default.parallelism": 421.503273952192, "spark.executor.cores": 2.2200971613670513, "spark.executor.instances": 6.645273620183491, "spark.executor.memory": 3.3808919401647377, "spark.executor.memoryOverhead": 842.0222260764765, "spark.memory.fraction": 0.7390932435795924, "spark.memory.storageFraction": 0.5606543981439904, "spark.reducer.maxBlocksInFlightPerAddress": 1241052166.464849, "spark.reducer.maxSizeInFlight": 33.86955782352113, "spark.shuffle.file.buffer": 41.50047143897852}, "datetime": {"datetime": "2022-01-05 16:45:07", "elapsed": 26.962188, "delta": 0.521612}}
{"target": -2798.725690000002, "params": {"spark.default.parallelism": 307.87536874664966, "spark.executor.cores": 1.4571882690471596, "spark.executor.instances": 5.622112422749796, "spark.executor.memory": 5.885613613528331, "spark.executor.memoryOverhead": 573.176829883639, "spark.memory.fraction": 0.6254406397969536, "spark.memory.storageFraction": 0.5810367829912603, "spark.reducer.maxBlocksInFlightPerAddress": 1505445160.9890199, "spark.reducer.maxSizeInFlight": 24.18995466903056, "spark.shuffle.file.buffer": 25.45905003960104}, "datetime": {"datetime": "2022-01-05 16:45:07", "elapsed": 27.448582, "delta": 0.486394}}
{"target": -2799.0038100000015, "params": {"spark.default.parallelism": 472.26193048524647, "spark.executor.cores": 2.6466771683058625, "spark.executor.instances": 4.721530881199359, "spark.executor.memory": 3.307820899221929, "spark.executor.memoryOverhead": 791.1991780567582, "spark.memory.fraction": 0.8867812556924062, "spark.memory.storageFraction": 0.81711924254977, "spark.reducer.maxBlocksInFlightPerAddress": 1695725340.314226, "spark.reducer.maxSizeInFlight": 40.50754226853605, "spark.shuffle.file.buffer": 28.820814705462354}, "datetime": {"datetime": "2022-01-05 16:45:08", "elapsed": 27.94652, "delta": 0.497938}}
"{'maxIndex': 16, 'target': -2793.577450000001, 'params': {'spark.default.parallelism': 498.1740891762359, 'spark.executor.cores': 2.4699436783577893, 'spark.executor.instances': 4.202891897069161, 'spark.executor.memory': 4.410176993313879, 'spark.executor.memoryOverhead': 857.3198124704807, 'spark.memory.fraction': 0.6795620284564206, 'spark.memory.storageFraction': 0.5118024358134541, 'spark.reducer.maxBlocksInFlightPerAddress': 1597007937.8540335, 'spark.reducer.maxSizeInFlight': 51.54090194070348, 'spark.shuffle.file.buffer': 46.20266850314191}}"