{"target": -2796.3445000000006, "params": {"spark.default.parallelism": 253.54844989324647, "spark.executor.cores": 2.939741140689428, "spark.executor.instances": 6.967758101824307, "spark.executor.memory": 4.039166773217659, "spark.executor.memoryOverhead": 670.5490237495476, "spark.memory.fraction": 0.8821049014152748, "spark.memory.storageFraction": 0.5323015631248316, "spark.reducer.maxBlocksInFlightPerAddress": 1163435994.8568676, "spark.reducer.maxSizeInFlight": 53.71847190815555, "spark.shuffle.file.buffer": 23.183791322750647}, "datetime": {"datetime": "2022-01-07 15:54:11", "elapsed": 6.858122, "delta": 0.436007}}
{"target": -2798.572950000001, "params": {"spark.default.parallelism": 263.5164004545459, "spark.executor.cores": 2.6603130523245984, "spark.executor.instances": 4.960380616644841, "spark.executor.memory": 5.52648298100064, "spark.executor.memoryOverhead": 734.394607960496, "spark.memory.fraction": 0.7969533718828408, "spark.memory.storageFraction": 0.6561058818398324, "spark.reducer.maxBlocksInFlightPerAddress": 1889598130.3914661, "spark.reducer.maxSizeInFlight": 67.34092330184208, "spark.shuffle.file.buffer": 34.79744061560246}, "datetime": {"datetime": "2022-01-07 15:54:12", "elapsed": 7.305095, "delta": 0.446973}}
{"target": -2797.082490000001, "params": {"spark.default.parallelism": 454.2880127718163, "spark.executor.cores": 2.3180713193317666, "spark.executor.instances": 5.515324674646927, "spark.executor.memory": 4.66626691605899, "spark.executor.memoryOverhead": 621.7018836236315, "spark.memory.fraction": 0.8741135080027203, "spark.memory.storageFraction": 0.845437181967241, "spark.reducer.maxBlocksInFlightPerAddress": 1586908648.5908895, "spark.reducer.maxSizeInFlight": 50.61688791735202, "spark.shuffle.file.buffer": 44.01292359293829}, "datetime": {"datetime": "2022-01-07 15:54:12", "elapsed": 7.724588, "delta": 0.419493}}
{"target": -2801.8944100000017, "params": {"spark.default.parallelism": 413.6055890750645, "spark.executor.cores": 2.0551370418362915, "spark.executor.instances": 7.847437007003874, "spark.executor.memory": 5.525601428352841, "spark.executor.memoryOverhead": 450.90073151654474, "spark.memory.fraction": 0.7449001018736584, "spark.memory.storageFraction": 0.7654277560609493, "spark.reducer.maxBlocksInFlightPerAddress": 1393336860.1768818, "spark.reducer.maxSizeInFlight": 38.26264195926771, "spark.shuffle.file.buffer": 32.30409334681761}, "datetime": {"datetime": "2022-01-07 15:54:13", "elapsed": 8.177065, "delta": 0.452477}}
{"target": -2801.0563600000023, "params": {"spark.default.parallelism": 480.0609693680596, "spark.executor.cores": 1.9552720955711944, "spark.executor.instances": 7.585506841300032, "spark.executor.memory": 3.0287878374140424, "spark.executor.memoryOverhead": 625.1257258344075, "spark.memory.fraction": 0.6319395617922167, "spark.memory.storageFraction": 0.5560500783928106, "spark.reducer.maxBlocksInFlightPerAddress": 1855334910.0784621, "spark.reducer.maxSizeInFlight": 30.422462409543336, "spark.shuffle.file.buffer": 24.184036512857748}, "datetime": {"datetime": "2022-01-07 15:54:13", "elapsed": 8.679859, "delta": 0.502794}}
{"target": -2854.588180000002, "params": {"spark.default.parallelism": 371.2472616171024, "spark.executor.cores": 2.8730521570024568, "spark.executor.instances": 5.165484522188388, "spark.executor.memory": 6.276887347470362, "spark.executor.memoryOverhead": 700.8771835899397, "spark.memory.fraction": 0.6043503721967185, "spark.memory.storageFraction": 0.8097534457010722, "spark.reducer.maxBlocksInFlightPerAddress": 1855250000.2987738, "spark.reducer.maxSizeInFlight": 36.51842300557317, "spark.shuffle.file.buffer": 16.340406752263103}, "datetime": {"datetime": "2022-01-07 15:54:14", "elapsed": 9.150108, "delta": 0.470249}}
"{'maxIndex': 16, 'target': -2794.7897600000015, 'params': {'spark.default.parallelism': 326.58089768255167, 'spark.executor.cores': 1.4501001940700466, 'spark.executor.instances': 5.776197055123383, 'spark.executor.memory': 3.1938064679792877, 'spark.executor.memoryOverhead': 542.8220637313422, 'spark.memory.fraction': 0.5926494794686672, 'spark.memory.storageFraction': 0.5113773662918243, 'spark.reducer.maxBlocksInFlightPerAddress': 1855330973.371195, 'spark.reducer.maxSizeInFlight': 43.77554928277776, 'spark.shuffle.file.buffer': 38.643984693006786}}"