{"target": -397.267, "params": {"spark.broadcast.compress": 1.0, "spark.default.parallelism": 280.0, "spark.executor.instances": 7.0, "spark.executor.memory": 3.0, "spark.kryoserializer.buffer": 48.0}, "datetime": {"datetime": "2022-01-20 17:42:58", "elapsed": 0.0, "delta": 0.0}}
{"target": -218.759, "params": {"spark.broadcast.compress": 0.0, "spark.default.parallelism": 282.0, "spark.executor.instances": 7.0, "spark.executor.memory": 7.0, "spark.kryoserializer.buffer": 67.0}, "datetime": {"datetime": "2022-01-20 17:42:58", "elapsed": 0.0, "delta": 0.0}}
{"target": -274.356, "params": {"spark.broadcast.compress": 0.0, "spark.default.parallelism": 409.0, "spark.executor.instances": 6.0, "spark.executor.memory": 4.0, "spark.kryoserializer.buffer": 65.0}, "datetime": {"datetime": "2022-01-20 17:42:58", "elapsed": 0.0, "delta": 0.0}}
{"target": -185.528, "params": {"spark.broadcast.compress": 0.0, "spark.default.parallelism": 347.0, "spark.executor.instances": 7.0, "spark.executor.memory": 5.0, "spark.kryoserializer.buffer": 75.0}, "datetime": {"datetime": "2022-01-20 17:42:58", "elapsed": 0.000998, "delta": 0.000998}}
{"target": -222.671, "params": {"spark.broadcast.compress": 0.0, "spark.default.parallelism": 439.0, "spark.executor.instances": 7.0, "spark.executor.memory": 6.0, "spark.kryoserializer.buffer": 73.0}, "datetime": {"datetime": "2022-01-20 17:42:58", "elapsed": 0.000998, "delta": 0.0}}
{"target": -268.936, "params": {"spark.broadcast.compress": 0.0, "spark.default.parallelism": 325.0, "spark.executor.instances": 6.0, "spark.executor.memory": 5.0, "spark.kryoserializer.buffer": 72.0}, "datetime": {"datetime": "2022-01-20 17:42:58", "elapsed": 0.001995, "delta": 0.000997}}
{"target": -280.262, "params": {"spark.broadcast.compress": 0.0, "spark.default.parallelism": 308.0, "spark.executor.instances": 5.0, "spark.executor.memory": 7.0, "spark.kryoserializer.buffer": 33.0}, "datetime": {"datetime": "2022-01-20 17:42:58", "elapsed": 0.001995, "delta": 0.0}}
{"target": -180.737, "params": {"spark.broadcast.compress": 0.0, "spark.default.parallelism": 401.0, "spark.executor.instances": 7.0, "spark.executor.memory": 5.0, "spark.kryoserializer.buffer": 90.0}, "datetime": {"datetime": "2022-01-20 17:42:58", "elapsed": 0.001995, "delta": 0.0}}
{"target": -242.835, "params": {"spark.broadcast.compress": 0.0, "spark.default.parallelism": 364.0, "spark.executor.instances": 5.0, "spark.executor.memory": 6.0, "spark.kryoserializer.buffer": 120.0}, "datetime": {"datetime": "2022-01-20 17:42:58", "elapsed": 0.002992, "delta": 0.000997}}
{"target": -192.778, "params": {"spark.broadcast.compress": 0.0, "spark.default.parallelism": 432.0, "spark.executor.instances": 7.0, "spark.executor.memory": 5.0, "spark.kryoserializer.buffer": 84.0}, "datetime": {"datetime": "2022-01-20 17:42:58", "elapsed": 0.002992, "delta": 0.0}}
{"target": -313.351, "params": {"spark.broadcast.compress": 0.0, "spark.default.parallelism": 389.0, "spark.executor.instances": 5.0, "spark.executor.memory": 4.0, "spark.kryoserializer.buffer": 60.0}, "datetime": {"datetime": "2022-01-20 17:42:58", "elapsed": 0.00399, "delta": 0.000998}}
{"target": -184.96, "params": {"spark.broadcast.compress": 0.0, "spark.default.parallelism": 399.0, "spark.executor.instances": 7.0, "spark.executor.memory": 5.0, "spark.kryoserializer.buffer": 81.0}, "datetime": {"datetime": "2022-01-20 17:42:58", "elapsed": 0.00399, "delta": 0.0}}
{"target": -200.646, "params": {"spark.broadcast.compress": 0.0, "spark.default.parallelism": 462.0, "spark.executor.instances": 8.0, "spark.executor.memory": 7.0, "spark.kryoserializer.buffer": 69.0}, "datetime": {"datetime": "2022-01-20 17:42:58", "elapsed": 0.00399, "delta": 0.0}}
{"target": -266.492, "params": {"spark.broadcast.compress": 0.0, "spark.default.parallelism": 467.0, "spark.executor.instances": 6.0, "spark.executor.memory": 5.0, "spark.kryoserializer.buffer": 88.0}, "datetime": {"datetime": "2022-01-20 17:42:58", "elapsed": 0.004988, "delta": 0.000998}}
{"target": -353.454, "params": {"spark.broadcast.compress": 1.0, "spark.default.parallelism": 482.0, "spark.executor.instances": 4.0, "spark.executor.memory": 4.0, "spark.kryoserializer.buffer": 123.0}, "datetime": {"datetime": "2022-01-20 17:42:58", "elapsed": 0.004988, "delta": 0.0}}
{"target": -220.545, "params": {"spark.broadcast.compress": 0.0, "spark.default.parallelism": 386.0, "spark.executor.instances": 7.0, "spark.executor.memory": 6.0, "spark.kryoserializer.buffer": 119.0}, "datetime": {"datetime": "2022-01-20 17:42:58", "elapsed": 0.004988, "delta": 0.0}}
{"target": -636.02, "params": {"spark.broadcast.compress": 1.0, "spark.default.parallelism": 294.0, "spark.executor.instances": 4.0, "spark.executor.memory": 3.0, "spark.kryoserializer.buffer": 110.0}, "datetime": {"datetime": "2022-01-20 17:42:58", "elapsed": 0.005984, "delta": 0.000996}}
{"target": -161.869, "params": {"spark.broadcast.compress": 0.0, "spark.default.parallelism": 485.0, "spark.executor.instances": 8.0, "spark.executor.memory": 7.0, "spark.kryoserializer.buffer": 128.0}, "datetime": {"datetime": "2022-01-20 17:42:58", "elapsed": 0.005984, "delta": 0.0}}
{"target": -270.492, "params": {"spark.broadcast.compress": 1.0, "spark.default.parallelism": 410.0, "spark.executor.instances": 7.0, "spark.executor.memory": 5.0, "spark.kryoserializer.buffer": 117.0}, "datetime": {"datetime": "2022-01-20 17:42:58", "elapsed": 0.005984, "delta": 0.0}}
{"target": -160.02, "params": {"spark.broadcast.compress": 0.0, "spark.default.parallelism": 410.0, "spark.executor.instances": 7.0, "spark.executor.memory": 7.0, "spark.kryoserializer.buffer": 124.0}, "datetime": {"datetime": "2022-01-20 17:42:58", "elapsed": 0.006982, "delta": 0.000998}}
{"target": -185.006, "params": {"spark.broadcast.compress": 1.0, "spark.default.parallelism": 471.0, "spark.executor.instances": 7.0, "spark.executor.memory": 6.0, "spark.kryoserializer.buffer": 108.0}, "datetime": {"datetime": "2022-01-20 17:42:58", "elapsed": 0.006982, "delta": 0.0}}
{"target": -182.159, "params": {"spark.broadcast.compress": 0.0, "spark.default.parallelism": 432.0, "spark.executor.instances": 6.0, "spark.executor.memory": 6.0, "spark.kryoserializer.buffer": 100.0}, "datetime": {"datetime": "2022-01-20 17:42:58", "elapsed": 0.006982, "delta": 0.0}}
{"target": -256.8077697753906, "params": {"spark.broadcast.compress": 0.41545497543417365, "spark.default.parallelism": 438.512942664565, "spark.executor.instances": 7.4396923641610755, "spark.executor.memory": 6.075139698661545, "spark.kryoserializer.buffer": 72.5751697420003}, "datetime": {"datetime": "2022-01-20 17:42:59", "elapsed": 1.569677, "delta": 1.562695}}
{"target": -256.8077697753906, "params": {"spark.broadcast.compress": 0.1474930435207943, "spark.default.parallelism": 413.24882812816384, "spark.executor.instances": 6.837284412811092, "spark.executor.memory": 6.8967514983530425, "spark.kryoserializer.buffer": 125.86715998025701}, "datetime": {"datetime": "2022-01-20 17:43:00", "elapsed": 2.333169, "delta": 0.763492}}
{"target": -256.8077697753906, "params": {"spark.broadcast.compress": 0.18981026202804205, "spark.default.parallelism": 406.50569032890803, "spark.executor.instances": 6.6860452263887735, "spark.executor.memory": 6.68891368549728, "spark.kryoserializer.buffer": 124.45800757500277}, "datetime": {"datetime": "2022-01-20 17:43:01", "elapsed": 3.237285, "delta": 0.904116}}
{"target": -256.8077697753906, "params": {"spark.broadcast.compress": 0.026876546771894133, "spark.default.parallelism": 487.4535733160754, "spark.executor.instances": 7.802738508469685, "spark.executor.memory": 6.2003000548278555, "spark.kryoserializer.buffer": 126.39497047169526}, "datetime": {"datetime": "2022-01-20 17:43:02", "elapsed": 4.237216, "delta": 0.999931}}
{"target": -256.8077697753906, "params": {"spark.broadcast.compress": 0.18349884184468476, "spark.default.parallelism": 411.52120868700285, "spark.executor.instances": 6.350943684552469, "spark.executor.memory": 6.808994433206161, "spark.kryoserializer.buffer": 121.67708403759023}, "datetime": {"datetime": "2022-01-20 17:43:02", "elapsed": 4.710139, "delta": 0.472923}}
{"target": -256.8077697753906, "params": {"spark.broadcast.compress": 0.20571784068048043, "spark.default.parallelism": 482.18528821532254, "spark.executor.instances": 7.904521476785765, "spark.executor.memory": 6.114294736576083, "spark.kryoserializer.buffer": 127.70473639209855}, "datetime": {"datetime": "2022-01-20 17:43:03", "elapsed": 5.483035, "delta": 0.772896}}
{"target": -256.8077697753906, "params": {"spark.broadcast.compress": 0.0, "spark.default.parallelism": 432.5316823061425, "spark.executor.instances": 7.811074002657217, "spark.executor.memory": 6.943870456345747, "spark.kryoserializer.buffer": 102.59952081520814}, "datetime": {"datetime": "2022-01-20 17:43:03", "elapsed": 5.797791, "delta": 0.314756}}
{"target": -256.8077697753906, "params": {"spark.broadcast.compress": 0.16232102818375235, "spark.default.parallelism": 409.1631695107901, "spark.executor.instances": 7.425833275291476, "spark.executor.memory": 6.770865998937661, "spark.kryoserializer.buffer": 127.00422183906952}, "datetime": {"datetime": "2022-01-20 17:43:04", "elapsed": 6.134949, "delta": 0.337158}}
{"target": -256.8077697753906, "params": {"spark.broadcast.compress": 0.10911048283735296, "spark.default.parallelism": 466.539675260571, "spark.executor.instances": 7.584309800978371, "spark.executor.memory": 6.520328902216835, "spark.kryoserializer.buffer": 108.80359772926417}, "datetime": {"datetime": "2022-01-20 17:43:04", "elapsed": 6.477042, "delta": 0.342093}}
{"target": -256.8077697753906, "params": {"spark.broadcast.compress": 0.11496469329816902, "spark.default.parallelism": 381.8957028281652, "spark.executor.instances": 7.58577008608524, "spark.executor.memory": 6.64425972916048, "spark.kryoserializer.buffer": 118.66098474167214}, "datetime": {"datetime": "2022-01-20 17:43:05", "elapsed": 6.825681, "delta": 0.348639}}
{"target": -256.8077697753906, "params": {"spark.broadcast.compress": 0.0, "spark.default.parallelism": 390.0586613575288, "spark.executor.instances": 6.421238500423847, "spark.executor.memory": 6.41112085672, "spark.kryoserializer.buffer": 119.32990630709583}, "datetime": {"datetime": "2022-01-20 17:43:05", "elapsed": 7.530819, "delta": 0.705138}}
{"target": -256.8077697753906, "params": {"spark.broadcast.compress": 0.048368071141537586, "spark.default.parallelism": 408.27949931177983, "spark.executor.instances": 7.410716457654481, "spark.executor.memory": 6.805944210836899, "spark.kryoserializer.buffer": 121.28697524348664}, "datetime": {"datetime": "2022-01-20 17:43:06", "elapsed": 7.845977, "delta": 0.315158}}
{"target": -256.8077697753906, "params": {"spark.broadcast.compress": 0.0, "spark.default.parallelism": 385.6506456581315, "spark.executor.instances": 7.251959852186646, "spark.executor.memory": 6.5230078939432, "spark.kryoserializer.buffer": 123.44234402470587}, "datetime": {"datetime": "2022-01-20 17:43:06", "elapsed": 8.219762, "delta": 0.373785}}
{"target": -256.8077697753906, "params": {"spark.broadcast.compress": 0.08043066062661622, "spark.default.parallelism": 386.27341625659545, "spark.executor.instances": 7.25167440400696, "spark.executor.memory": 6.613114829828301, "spark.kryoserializer.buffer": 114.81176822439667}, "datetime": {"datetime": "2022-01-20 17:43:06", "elapsed": 8.461641, "delta": 0.241879}}
{"target": -256.8077697753906, "params": {"spark.broadcast.compress": 0.023011959634171963, "spark.default.parallelism": 440.0669756857045, "spark.executor.instances": 6.601279750545727, "spark.executor.memory": 6.794152518160282, "spark.kryoserializer.buffer": 127.58948909033967}, "datetime": {"datetime": "2022-01-20 17:43:06", "elapsed": 8.733982, "delta": 0.272341}}
