{"target": -2798.7982500000016, "params": {"spark.default.parallelism": 499.5203698033364, "spark.executor.cores": 1.5075164996891117, "spark.executor.instances": 5.842274495189165, "spark.executor.memory": 3.36990870276741, "spark.executor.memoryOverhead": 768.2678557687191, "spark.memory.fraction": 0.5209413050806667, "spark.memory.storageFraction": 0.7406980703082133, "spark.reducer.maxBlocksInFlightPerAddress": 1858818428.1587834, "spark.reducer.maxSizeInFlight": 62.31803082963323, "spark.shuffle.file.buffer": 40.834383608457784}, "datetime": {"datetime": "2022-01-06 18:56:15", "elapsed": 1.659559, "delta": 0.087103}}
{"target": -2809.064670000001, "params": {"spark.default.parallelism": 203.27550740361815, "spark.executor.cores": 1.784965521980363, "spark.executor.instances": 7.269183092971183, "spark.executor.memory": 6.963126073785908, "spark.executor.memoryOverhead": 629.0308338878399, "spark.memory.fraction": 0.7564602988841151, "spark.memory.storageFraction": 0.5996132539750021, "spark.reducer.maxBlocksInFlightPerAddress": 2129652757.7829201, "spark.reducer.maxSizeInFlight": 65.76018868379155, "spark.shuffle.file.buffer": 36.22519340843213}, "datetime": {"datetime": "2022-01-06 18:56:15", "elapsed": 1.74844, "delta": 0.088881}}
{"target": -2802.7247900000016, "params": {"spark.default.parallelism": 281.2286154667962, "spark.executor.cores": 2.6636459219455926, "spark.executor.instances": 4.165862038733264, "spark.executor.memory": 4.815029096128925, "spark.executor.memoryOverhead": 757.5072041224703, "spark.memory.fraction": 0.7607459890059556, "spark.memory.storageFraction": 0.7597687974533374, "spark.reducer.maxBlocksInFlightPerAddress": 1861359003.090942, "spark.reducer.maxSizeInFlight": 49.19551692917284, "spark.shuffle.file.buffer": 20.880164632046643}, "datetime": {"datetime": "2022-01-06 18:56:15", "elapsed": 1.834516, "delta": 0.086076}}
{"target": -2794.1548000000003, "params": {"spark.default.parallelism": 428.1564620773886, "spark.executor.cores": 2.4856499965745797, "spark.executor.instances": 4.761583355645154, "spark.executor.memory": 4.19689439968055, "spark.executor.memoryOverhead": 544.2820081500435, "spark.memory.fraction": 0.5632022382973509, "spark.memory.storageFraction": 0.5159328064191415, "spark.reducer.maxBlocksInFlightPerAddress": 1196951309.1991158, "spark.reducer.maxSizeInFlight": 58.71609903117303, "spark.shuffle.file.buffer": 43.50053120459977}, "datetime": {"datetime": "2022-01-06 18:56:15", "elapsed": 1.912715, "delta": 0.078199}}
{"target": -2809.1260100000013, "params": {"spark.default.parallelism": 201.71361835989288, "spark.executor.cores": 2.313256804716371, "spark.executor.instances": 7.022991620668855, "spark.executor.memory": 5.777729274065159, "spark.executor.memoryOverhead": 660.1320236457457, "spark.memory.fraction": 0.7769212666577975, "spark.memory.storageFraction": 0.5860713784818473, "spark.reducer.maxBlocksInFlightPerAddress": 2087191102.8654299, "spark.reducer.maxSizeInFlight": 47.59071414981109, "spark.shuffle.file.buffer": 31.035871132692385}, "datetime": {"datetime": "2022-01-06 18:56:15", "elapsed": 1.996491, "delta": 0.083776}}
{"target": -2803.1833300000017, "params": {"spark.default.parallelism": 391.67539650971435, "spark.executor.cores": 1.7229702785452408, "spark.executor.instances": 5.200575010433765, "spark.executor.memory": 6.519709300672959, "spark.executor.memoryOverhead": 399.1725459496612, "spark.memory.fraction": 0.8502058766598098, "spark.memory.storageFraction": 0.7493553964200514, "spark.reducer.maxBlocksInFlightPerAddress": 1398556476.4007888, "spark.reducer.maxSizeInFlight": 36.82663471080859, "spark.shuffle.file.buffer": 19.192073968561278}, "datetime": {"datetime": "2022-01-06 18:56:15", "elapsed": 2.073481, "delta": 0.07699}}
{"target": -2800.591930000002, "params": {"spark.default.parallelism": 302.53639398194235, "spark.executor.cores": 1.829947072891763, "spark.executor.instances": 4.628396241174988, "spark.executor.memory": 6.563189280613064, "spark.executor.memoryOverhead": 392.3690500101141, "spark.memory.fraction": 0.6598044582882334, "spark.memory.storageFraction": 0.7096038121241799, "spark.reducer.maxBlocksInFlightPerAddress": 1382331141.2625194, "spark.reducer.maxSizeInFlight": 24.968051071941236, "spark.shuffle.file.buffer": 23.38810516336092}, "datetime": {"datetime": "2022-01-06 18:56:15", "elapsed": 2.15935, "delta": 0.085869}}
{"target": -2798.627490000001, "params": {"spark.default.parallelism": 346.952093512264, "spark.executor.cores": 2.322641564327616, "spark.executor.instances": 5.903000480408682, "spark.executor.memory": 6.015311100604463, "spark.executor.memoryOverhead": 495.005656694649, "spark.memory.fraction": 0.5501632016412918, "spark.memory.storageFraction": 0.7717993991420249, "spark.reducer.maxBlocksInFlightPerAddress": 1449828746.1417398, "spark.reducer.maxSizeInFlight": 44.170696370625805, "spark.shuffle.file.buffer": 45.09085145117833}, "datetime": {"datetime": "2022-01-06 18:56:15", "elapsed": 2.239445, "delta": 0.080095}}
{"target": -2798.4782800000003, "params": {"spark.default.parallelism": 370.39236534126894, "spark.executor.cores": 2.9966746666551245, "spark.executor.instances": 6.90415843106295, "spark.executor.memory": 5.182573954702695, "spark.executor.memoryOverhead": 713.5321435085916, "spark.memory.fraction": 0.6063855425738904, "spark.memory.storageFraction": 0.8009281986809326, "spark.reducer.maxBlocksInFlightPerAddress": 1211692703.0288358, "spark.reducer.maxSizeInFlight": 29.693533220718663, "spark.shuffle.file.buffer": 43.78812575661398}, "datetime": {"datetime": "2022-01-06 18:56:15", "elapsed": 2.322541, "delta": 0.083096}}
{"target": -2797.208230000001, "params": {"spark.default.parallelism": 450.4747172722724, "spark.executor.cores": 2.6286404487433037, "spark.executor.instances": 6.737719122440176, "spark.executor.memory": 6.948346753167689, "spark.executor.memoryOverhead": 505.83040511680264, "spark.memory.fraction": 0.8150659245965381, "spark.memory.storageFraction": 0.6501220352937677, "spark.reducer.maxBlocksInFlightPerAddress": 1918516819.9915872, "spark.reducer.maxSizeInFlight": 51.73113485360159, "spark.shuffle.file.buffer": 42.648457606418894}, "datetime": {"datetime": "2022-01-06 18:56:15", "elapsed": 2.413405, "delta": 0.090864}}
{"target": -2797.269110000002, "params": {"spark.default.parallelism": 290.67963975959685, "spark.executor.cores": 2.4829826140502678, "spark.executor.instances": 5.06504235110455, "spark.executor.memory": 4.922609050174996, "spark.executor.memoryOverhead": 531.5646672046186, "spark.memory.fraction": 0.6770873753447837, "spark.memory.storageFraction": 0.7144691952435158, "spark.reducer.maxBlocksInFlightPerAddress": 1680484853.846784, "spark.reducer.maxSizeInFlight": 30.392533459555914, "spark.shuffle.file.buffer": 44.80045369569976}, "datetime": {"datetime": "2022-01-06 18:56:15", "elapsed": 2.497633, "delta": 0.084228}}
{"target": -2800.5654300000006, "params": {"spark.default.parallelism": 351.24192503793245, "spark.executor.cores": 1.1401356817862915, "spark.executor.instances": 6.438525224456816, "spark.executor.memory": 6.167404564113376, "spark.executor.memoryOverhead": 628.2074047006522, "spark.memory.fraction": 0.893828837955972, "spark.memory.storageFraction": 0.6467290314341245, "spark.reducer.maxBlocksInFlightPerAddress": 1121696089.1288996, "spark.reducer.maxSizeInFlight": 33.523228253850874, "spark.shuffle.file.buffer": 29.769791437801235}, "datetime": {"datetime": "2022-01-06 18:56:16", "elapsed": 2.591555, "delta": 0.093922}}
{"target": -2802.980400000001, "params": {"spark.default.parallelism": 462.2113304272272, "spark.executor.cores": 2.5266518738298807, "spark.executor.instances": 7.502447762767691, "spark.executor.memory": 3.988490203661349, "spark.executor.memoryOverhead": 634.0558740713271, "spark.memory.fraction": 0.8597867544701028, "spark.memory.storageFraction": 0.6064806950077182, "spark.reducer.maxBlocksInFlightPerAddress": 1087428666.0180225, "spark.reducer.maxSizeInFlight": 55.137207805053706, "spark.shuffle.file.buffer": 19.36483896816299}, "datetime": {"datetime": "2022-01-06 18:56:16", "elapsed": 2.6745, "delta": 0.082945}}
{"target": -2799.3702700000013, "params": {"spark.default.parallelism": 217.54563943314764, "spark.executor.cores": 2.6021290319082473, "spark.executor.instances": 4.918441503054547, "spark.executor.memory": 5.445261542494588, "spark.executor.memoryOverhead": 732.7374994195288, "spark.memory.fraction": 0.8876722774028853, "spark.memory.storageFraction": 0.8002645515338551, "spark.reducer.maxBlocksInFlightPerAddress": 1449500160.8367753, "spark.reducer.maxSizeInFlight": 30.584933742203003, "spark.shuffle.file.buffer": 30.802596243919478}, "datetime": {"datetime": "2022-01-06 18:56:16", "elapsed": 2.763301, "delta": 0.088801}}
{"target": -2796.329290000001, "params": {"spark.default.parallelism": 259.57271064055374, "spark.executor.cores": 2.490219645709502, "spark.executor.instances": 6.494357846033596, "spark.executor.memory": 6.353350777819408, "spark.executor.memoryOverhead": 712.0519477597154, "spark.memory.fraction": 0.5625576786073971, "spark.memory.storageFraction": 0.6289792176612639, "spark.reducer.maxBlocksInFlightPerAddress": 1737230250.1168504, "spark.reducer.maxSizeInFlight": 66.65636582245897, "spark.shuffle.file.buffer": 43.247054411651675}, "datetime": {"datetime": "2022-01-06 18:56:16", "elapsed": 2.849089, "delta": 0.085788}}
{"target": -2804.9001400000006, "params": {"spark.default.parallelism": 345.4580000557852, "spark.executor.cores": 2.2786788193448, "spark.executor.instances": 5.755793542623721, "spark.executor.memory": 6.561213609596687, "spark.executor.memoryOverhead": 421.1383250850025, "spark.memory.fraction": 0.6709424609925183, "spark.memory.storageFraction": 0.7977884200420315, "spark.reducer.maxBlocksInFlightPerAddress": 1196652560.94318, "spark.reducer.maxSizeInFlight": 50.50835718731403, "spark.shuffle.file.buffer": 17.34142601114008}, "datetime": {"datetime": "2022-01-06 18:56:16", "elapsed": 2.942812, "delta": 0.093723}}
{"target": -2799.571460000001, "params": {"spark.default.parallelism": 450.9538371294508, "spark.executor.cores": 2.0455193426504765, "spark.executor.instances": 5.407104370869007, "spark.executor.memory": 3.5524567528167634, "spark.executor.memoryOverhead": 783.8637500003854, "spark.memory.fraction": 0.6968117790454068, "spark.memory.storageFraction": 0.7727415882972064, "spark.reducer.maxBlocksInFlightPerAddress": 1356009724.020565, "spark.reducer.maxSizeInFlight": 67.03652160009386, "spark.shuffle.file.buffer": 29.516382071575887}, "datetime": {"datetime": "2022-01-06 18:56:16", "elapsed": 3.03457, "delta": 0.091758}}
{"target": -2800.5778300000015, "params": {"spark.default.parallelism": 481.029524060879, "spark.executor.cores": 2.8123391578981156, "spark.executor.instances": 7.301292251172797, "spark.executor.memory": 5.037250374571417, "spark.executor.memoryOverhead": 762.7414859029234, "spark.memory.fraction": 0.7042739046079883, "spark.memory.storageFraction": 0.8470846618367565, "spark.reducer.maxBlocksInFlightPerAddress": 1796729644.1465883, "spark.reducer.maxSizeInFlight": 52.320326992573264, "spark.shuffle.file.buffer": 30.519804196154283}, "datetime": {"datetime": "2022-01-06 18:56:16", "elapsed": 3.121357, "delta": 0.086787}}
{"target": -2799.0019500000008, "params": {"spark.default.parallelism": 489.23647413058336, "spark.executor.cores": 2.864362532077533, "spark.executor.instances": 4.5578137084455985, "spark.executor.memory": 3.343915154239726, "spark.executor.memoryOverhead": 609.4822621040593, "spark.memory.fraction": 0.8119479674615143, "spark.memory.storageFraction": 0.7848905254998659, "spark.reducer.maxBlocksInFlightPerAddress": 1197135121.3995929, "spark.reducer.maxSizeInFlight": 59.03281790880722, "spark.shuffle.file.buffer": 46.38584548357823}, "datetime": {"datetime": "2022-01-06 18:56:16", "elapsed": 3.221489, "delta": 0.100132}}
{"target": -2797.9611600000007, "params": {"spark.default.parallelism": 246.6556126108186, "spark.executor.cores": 2.5395128242533556, "spark.executor.instances": 4.845460053530935, "spark.executor.memory": 6.537323959564695, "spark.executor.memoryOverhead": 531.7829614683045, "spark.memory.fraction": 0.5208336653744907, "spark.memory.storageFraction": 0.8871470059663313, "spark.reducer.maxBlocksInFlightPerAddress": 1680326005.517923, "spark.reducer.maxSizeInFlight": 29.568403210076617, "spark.shuffle.file.buffer": 30.673973890881115}, "datetime": {"datetime": "2022-01-06 18:56:16", "elapsed": 3.323415, "delta": 0.101926}}
{"target": -2797.7177800000018, "params": {"spark.default.parallelism": 394.54377864072444, "spark.executor.cores": 1.8111335647990767, "spark.executor.instances": 5.468729693384981, "spark.executor.memory": 3.4234267968195757, "spark.executor.memoryOverhead": 793.64250915965, "spark.memory.fraction": 0.525056841702994, "spark.memory.storageFraction": 0.6969551962010075, "spark.reducer.maxBlocksInFlightPerAddress": 1382007999.210748, "spark.reducer.maxSizeInFlight": 49.663414103606115, "spark.shuffle.file.buffer": 33.06653364685462}, "datetime": {"datetime": "2022-01-06 18:56:16", "elapsed": 3.415378, "delta": 0.091963}}
{"target": -2797.9811500000014, "params": {"spark.default.parallelism": 466.6677861534049, "spark.executor.cores": 2.3505129289332345, "spark.executor.instances": 6.293351770583305, "spark.executor.memory": 3.06548488138754, "spark.executor.memoryOverhead": 787.4260547133222, "spark.memory.fraction": 0.8863094515021859, "spark.memory.storageFraction": 0.6291214370175439, "spark.reducer.maxBlocksInFlightPerAddress": 1737060088.7135715, "spark.reducer.maxSizeInFlight": 56.37104580475861, "spark.shuffle.file.buffer": 34.79020848553425}, "datetime": {"datetime": "2022-01-06 18:56:16", "elapsed": 3.510433, "delta": 0.095055}}
{"target": -2795.867610000001, "params": {"spark.default.parallelism": 227.61365436747712, "spark.executor.cores": 1.4417257606147424, "spark.executor.instances": 6.4482351847839965, "spark.executor.memory": 3.0163814363785177, "spark.executor.memoryOverhead": 531.9228806061968, "spark.memory.fraction": 0.6269959738407512, "spark.memory.storageFraction": 0.6743988558225544, "spark.reducer.maxBlocksInFlightPerAddress": 1609671659.1086159, "spark.reducer.maxSizeInFlight": 69.7418008135092, "spark.shuffle.file.buffer": 45.657980517400084}, "datetime": {"datetime": "2022-01-06 18:56:17", "elapsed": 3.606492, "delta": 0.096059}}
{"target": -2803.8380600000023, "params": {"spark.default.parallelism": 417.7057696864205, "spark.executor.cores": 2.827533558782951, "spark.executor.instances": 6.295071073521484, "spark.executor.memory": 5.222924350724794, "spark.executor.memoryOverhead": 433.7346700919268, "spark.memory.fraction": 0.6587777150113244, "spark.memory.storageFraction": 0.7209256188350273, "spark.reducer.maxBlocksInFlightPerAddress": 1918297773.6036344, "spark.reducer.maxSizeInFlight": 41.94969147910163, "spark.shuffle.file.buffer": 18.844814060871826}, "datetime": {"datetime": "2022-01-06 18:56:17", "elapsed": 3.704239, "delta": 0.097747}}
{"target": -2798.7791800000014, "params": {"spark.default.parallelism": 474.1554017289768, "spark.executor.cores": 1.1520362397347688, "spark.executor.instances": 6.975063732312444, "spark.executor.memory": 6.474957525566671, "spark.executor.memoryOverhead": 785.6608660947913, "spark.memory.fraction": 0.7529889374105894, "spark.memory.storageFraction": 0.8418860915126366, "spark.reducer.maxBlocksInFlightPerAddress": 1650350506.100451, "spark.reducer.maxSizeInFlight": 48.70846583420279, "spark.shuffle.file.buffer": 32.56970111755213}, "datetime": {"datetime": "2022-01-06 18:56:17", "elapsed": 3.798438, "delta": 0.094199}}
{"target": -2796.9032900000007, "params": {"spark.default.parallelism": 216.36356744345994, "spark.executor.cores": 2.6496069558385664, "spark.executor.instances": 6.556062957858859, "spark.executor.memory": 5.7130882307688395, "spark.executor.memoryOverhead": 765.057443589677, "spark.memory.fraction": 0.8628335271280723, "spark.memory.storageFraction": 0.7164738087813324, "spark.reducer.maxBlocksInFlightPerAddress": 1274626968.4514742, "spark.reducer.maxSizeInFlight": 26.11505676174471, "spark.shuffle.file.buffer": 38.35408973850629}, "datetime": {"datetime": "2022-01-06 18:56:17", "elapsed": 3.904469, "delta": 0.106031}}
{"target": -2797.582400000001, "params": {"spark.default.parallelism": 379.3856763973032, "spark.executor.cores": 2.5578211670290734, "spark.executor.instances": 5.667681492419634, "spark.executor.memory": 3.416546168838006, "spark.executor.memoryOverhead": 786.3458932801614, "spark.memory.fraction": 0.830445298640625, "spark.memory.storageFraction": 0.7525608812202016, "spark.reducer.maxBlocksInFlightPerAddress": 1609847541.6604633, "spark.reducer.maxSizeInFlight": 31.042643556884478, "spark.shuffle.file.buffer": 43.75318701290625}, "datetime": {"datetime": "2022-01-06 18:56:17", "elapsed": 4.036124, "delta": 0.131655}}
{"target": -2796.785930000002, "params": {"spark.default.parallelism": 478.14077113797686, "spark.executor.cores": 2.4761913060376726, "spark.executor.instances": 6.975373729865809, "spark.executor.memory": 4.429936706776074, "spark.executor.memoryOverhead": 604.200330189565, "spark.memory.fraction": 0.6569061099866044, "spark.memory.storageFraction": 0.7315844875482269, "spark.reducer.maxBlocksInFlightPerAddress": 1544951972.3487458, "spark.reducer.maxSizeInFlight": 58.45157818961282, "spark.shuffle.file.buffer": 42.35018943883887}, "datetime": {"datetime": "2022-01-06 18:56:17", "elapsed": 4.148414, "delta": 0.11229}}
{"target": -2799.091930000003, "params": {"spark.default.parallelism": 355.2986084706989, "spark.executor.cores": 2.9759629895762307, "spark.executor.instances": 7.782490477879594, "spark.executor.memory": 4.467984261153744, "spark.executor.memoryOverhead": 568.568317634273, "spark.memory.fraction": 0.6677460460500211, "spark.memory.storageFraction": 0.7271877456119482, "spark.reducer.maxBlocksInFlightPerAddress": 1697373622.3895178, "spark.reducer.maxSizeInFlight": 43.934390439115376, "spark.shuffle.file.buffer": 21.874780053815055}, "datetime": {"datetime": "2022-01-06 18:56:17", "elapsed": 4.263484, "delta": 0.11507}}
{"target": -2797.088410000001, "params": {"spark.default.parallelism": 368.9963825157372, "spark.executor.cores": 2.8885775295516067, "spark.executor.instances": 4.993296889969334, "spark.executor.memory": 5.422663810374214, "spark.executor.memoryOverhead": 811.936824911469, "spark.memory.fraction": 0.6050121177575789, "spark.memory.storageFraction": 0.7505765207008458, "spark.reducer.maxBlocksInFlightPerAddress": 1545107459.525334, "spark.reducer.maxSizeInFlight": 42.02975466707504, "spark.shuffle.file.buffer": 36.90181121789006}, "datetime": {"datetime": "2022-01-06 18:56:17", "elapsed": 4.424359, "delta": 0.160875}}
{"target": -2798.5889500000008, "params": {"spark.default.parallelism": 322.4219145433008, "spark.executor.cores": 1.8013960457617073, "spark.executor.instances": 7.9568482472421085, "spark.executor.memory": 3.6754324835899004, "spark.executor.memoryOverhead": 587.8536703856117, "spark.memory.fraction": 0.7645170758468232, "spark.memory.storageFraction": 0.8834738832490897, "spark.reducer.maxBlocksInFlightPerAddress": 1274472752.148055, "spark.reducer.maxSizeInFlight": 31.71505977556637, "spark.shuffle.file.buffer": 28.775876419328732}, "datetime": {"datetime": "2022-01-06 18:56:17", "elapsed": 4.543262, "delta": 0.118903}}
{"target": -2802.3724500000017, "params": {"spark.default.parallelism": 261.4421387803216, "spark.executor.cores": 1.5071576846837142, "spark.executor.instances": 5.574722197275845, "spark.executor.memory": 4.307654064039928, "spark.executor.memoryOverhead": 410.0508830221044, "spark.memory.fraction": 0.6649131444487707, "spark.memory.storageFraction": 0.702959244921081, "spark.reducer.maxBlocksInFlightPerAddress": 1796402851.5066195, "spark.reducer.maxSizeInFlight": 65.75300408593783, "spark.shuffle.file.buffer": 47.83434639170892}, "datetime": {"datetime": "2022-01-06 18:56:18", "elapsed": 4.662459, "delta": 0.119197}}
{"target": -2796.08269, "params": {"spark.default.parallelism": 471.01296345685523, "spark.executor.cores": 2.1369855789742083, "spark.executor.instances": 7.83660957309397, "spark.executor.memory": 4.619696186232649, "spark.executor.memoryOverhead": 528.3280835176962, "spark.memory.fraction": 0.8340328795726341, "spark.memory.storageFraction": 0.8147098168717091, "spark.reducer.maxBlocksInFlightPerAddress": 1212037729.0213885, "spark.reducer.maxSizeInFlight": 69.26273801815276, "spark.shuffle.file.buffer": 42.80823256546056}, "datetime": {"datetime": "2022-01-06 18:56:18", "elapsed": 4.767413, "delta": 0.104954}}
{"target": -2799.4689700000013, "params": {"spark.default.parallelism": 437.63998464836857, "spark.executor.cores": 2.502644345658056, "spark.executor.instances": 7.536822310240607, "spark.executor.memory": 4.020559767139163, "spark.executor.memoryOverhead": 485.80732356393685, "spark.memory.fraction": 0.8930073356063201, "spark.memory.storageFraction": 0.8031487258498995, "spark.reducer.maxBlocksInFlightPerAddress": 1737581865.9631286, "spark.reducer.maxSizeInFlight": 38.24923531090408, "spark.shuffle.file.buffer": 22.523785675916482}, "datetime": {"datetime": "2022-01-06 18:56:18", "elapsed": 4.899001, "delta": 0.131588}}
