{"target": -2797.4040800000007, "params": {"spark.default.parallelism": 497.61406655717644, "spark.executor.cores": 1.5309704216305127, "spark.executor.instances": 4.7366751448400155, "spark.executor.memory": 6.725894862872289, "spark.executor.memoryOverhead": 717.5777397338484, "spark.memory.fraction": 0.7540742758974823, "spark.memory.storageFraction": 0.5099578279959533, "spark.reducer.maxBlocksInFlightPerAddress": 1137979251.5589056, "spark.reducer.maxSizeInFlight": 42.14919068362375, "spark.shuffle.file.buffer": 28.41551845731525}, "datetime": {"datetime": "2022-01-07 16:22:08", "elapsed": 1.456377, "delta": 0.101728}}
{"target": -2800.4030700000008, "params": {"spark.default.parallelism": 415.0197825807252, "spark.executor.cores": 1.726805338000737, "spark.executor.instances": 4.921795307692856, "spark.executor.memory": 5.17922648030639, "spark.executor.memoryOverhead": 650.6005146025987, "spark.memory.fraction": 0.5253902838160498, "spark.memory.storageFraction": 0.7480929093919623, "spark.reducer.maxBlocksInFlightPerAddress": 1175118367.8516307, "spark.reducer.maxSizeInFlight": 46.69798338570731, "spark.shuffle.file.buffer": 18.88119786030397}, "datetime": {"datetime": "2022-01-07 16:22:08", "elapsed": 1.555113, "delta": 0.098736}}
{"target": -2796.8492400000014, "params": {"spark.default.parallelism": 270.4786092350405, "spark.executor.cores": 2.4918374940995762, "spark.executor.instances": 5.8573510013244245, "spark.executor.memory": 4.080125297767461, "spark.executor.memoryOverhead": 622.6011244461616, "spark.memory.fraction": 0.6823038593029572, "spark.memory.storageFraction": 0.6694246533007249, "spark.reducer.maxBlocksInFlightPerAddress": 1737397985.9944415, "spark.reducer.maxSizeInFlight": 37.71184295557874, "spark.shuffle.file.buffer": 39.388692138875044}, "datetime": {"datetime": "2022-01-07 16:22:08", "elapsed": 1.653849, "delta": 0.098736}}
{"target": -2811.5361500000013, "params": {"spark.default.parallelism": 319.6672738654613, "spark.executor.cores": 1.709764987916486, "spark.executor.instances": 6.737629248770231, "spark.executor.memory": 6.910411205509299, "spark.executor.memoryOverhead": 528.976027533054, "spark.memory.fraction": 0.7931578164113124, "spark.memory.storageFraction": 0.8603823219245724, "spark.reducer.maxBlocksInFlightPerAddress": 2109221331.0449252, "spark.reducer.maxSizeInFlight": 50.421754238693175, "spark.shuffle.file.buffer": 26.481489144031396}, "datetime": {"datetime": "2022-01-07 16:22:08", "elapsed": 1.751588, "delta": 0.097739}}
{"target": -2797.060220000001, "params": {"spark.default.parallelism": 498.4717374322219, "spark.executor.cores": 2.539917230819132, "spark.executor.instances": 6.5898180666693005, "spark.executor.memory": 3.8215193600816875, "spark.executor.memoryOverhead": 743.2327144178248, "spark.memory.fraction": 0.570280188682581, "spark.memory.storageFraction": 0.5409804876852686, "spark.reducer.maxBlocksInFlightPerAddress": 1796569176.0152788, "spark.reducer.maxSizeInFlight": 55.31720373195644, "spark.shuffle.file.buffer": 28.561055631620878}, "datetime": {"datetime": "2022-01-07 16:22:08", "elapsed": 1.854313, "delta": 0.102725}}
{"target": -2798.1217200000015, "params": {"spark.default.parallelism": 370.89715900580586, "spark.executor.cores": 1.7455593897047201, "spark.executor.instances": 4.548412727130316, "spark.executor.memory": 3.00119317088661, "spark.executor.memoryOverhead": 651.03542847793, "spark.memory.fraction": 0.626049869067065, "spark.memory.storageFraction": 0.6406076405843628, "spark.reducer.maxBlocksInFlightPerAddress": 1737400459.0748177, "spark.reducer.maxSizeInFlight": 38.999550564152386, "spark.shuffle.file.buffer": 36.020337533529286}, "datetime": {"datetime": "2022-01-07 16:22:08", "elapsed": 1.949059, "delta": 0.094746}}
{"target": -2800.3888200000015, "params": {"spark.default.parallelism": 400.53448423977983, "spark.executor.cores": 2.612543789936108, "spark.executor.instances": 4.054246955151147, "spark.executor.memory": 3.9729449889677464, "spark.executor.memoryOverhead": 395.7873595033749, "spark.memory.fraction": 0.8233478287621234, "spark.memory.storageFraction": 0.7522999669195276, "spark.reducer.maxBlocksInFlightPerAddress": 1776947474.9269054, "spark.reducer.maxSizeInFlight": 25.76639049759963, "spark.shuffle.file.buffer": 43.471057799957265}, "datetime": {"datetime": "2022-01-07 16:22:08", "elapsed": 2.043806, "delta": 0.094747}}
{"target": -2793.2196100000006, "params": {"spark.default.parallelism": 236.09576172880827, "spark.executor.cores": 2.331947870755529, "spark.executor.instances": 5.78655651577885, "spark.executor.memory": 4.124187264299631, "spark.executor.memoryOverhead": 384.7633157244881, "spark.memory.fraction": 0.7776508697863813, "spark.memory.storageFraction": 0.5155972233384881, "spark.reducer.maxBlocksInFlightPerAddress": 1196805476.3922563, "spark.reducer.maxSizeInFlight": 26.61458643576564, "spark.shuffle.file.buffer": 43.584902679939866}, "datetime": {"datetime": "2022-01-07 16:22:08", "elapsed": 2.136558, "delta": 0.092752}}
{"target": -2801.121270000001, "params": {"spark.default.parallelism": 255.19865901998838, "spark.executor.cores": 1.345843662323398, "spark.executor.instances": 4.819779110546027, "spark.executor.memory": 4.14986248254305, "spark.executor.memoryOverhead": 445.13275434954585, "spark.memory.fraction": 0.6901261825641176, "spark.memory.storageFraction": 0.8525335373932907, "spark.reducer.maxBlocksInFlightPerAddress": 1175117871.4022555, "spark.reducer.maxSizeInFlight": 37.684663645988095, "spark.shuffle.file.buffer": 31.406432833542336}, "datetime": {"datetime": "2022-01-07 16:22:08", "elapsed": 2.239283, "delta": 0.102725}}
{"target": -2796.1052900000013, "params": {"spark.default.parallelism": 213.86029833034144, "spark.executor.cores": 2.319578157385472, "spark.executor.instances": 7.280035033397785, "spark.executor.memory": 5.328857938753822, "spark.executor.memoryOverhead": 740.5185399292209, "spark.memory.fraction": 0.8874447704925226, "spark.memory.storageFraction": 0.5359940782173956, "spark.reducer.maxBlocksInFlightPerAddress": 1918499447.3820412, "spark.reducer.maxSizeInFlight": 35.84117371217542, "spark.shuffle.file.buffer": 27.27668282479911}, "datetime": {"datetime": "2022-01-07 16:22:08", "elapsed": 2.330041, "delta": 0.090758}}
{"target": -2802.6716200000014, "params": {"spark.default.parallelism": 228.5457186683682, "spark.executor.cores": 2.192482539935158, "spark.executor.instances": 5.395785858798479, "spark.executor.memory": 4.852256110204777, "spark.executor.memoryOverhead": 657.9709396235185, "spark.memory.fraction": 0.801175840665169, "spark.memory.storageFraction": 0.7254867141508283, "spark.reducer.maxBlocksInFlightPerAddress": 1137982815.9249187, "spark.reducer.maxSizeInFlight": 44.857842539942816, "spark.shuffle.file.buffer": 18.24456508950753}, "datetime": {"datetime": "2022-01-07 16:22:09", "elapsed": 2.436761, "delta": 0.10672}}
{"target": -4336.520089999998, "params": {"spark.default.parallelism": 261.5739193924962, "spark.executor.cores": 1.9484810901910787, "spark.executor.instances": 7.705844375031454, "spark.executor.memory": 4.870693399069953, "spark.executor.memoryOverhead": 522.5920444371336, "spark.memory.fraction": 0.8473998177755537, "spark.memory.storageFraction": 0.896523889965162, "spark.reducer.maxBlocksInFlightPerAddress": 1737402041.3320427, "spark.reducer.maxSizeInFlight": 63.70550793689339, "spark.shuffle.file.buffer": 16.693986062995798}, "datetime": {"datetime": "2022-01-07 16:22:09", "elapsed": 2.564846, "delta": 0.128085}}
{"target": -4333.625229999998, "params": {"spark.default.parallelism": 387.5174476035051, "spark.executor.cores": 2.509557144319892, "spark.executor.instances": 7.15761628587475, "spark.executor.memory": 6.737628957419883, "spark.executor.memoryOverhead": 755.7666736386359, "spark.memory.fraction": 0.6907381565328619, "spark.memory.storageFraction": 0.8980098613353811, "spark.reducer.maxBlocksInFlightPerAddress": 1096940557.2382011, "spark.reducer.maxSizeInFlight": 36.13889228012987, "spark.shuffle.file.buffer": 44.13332485328763}, "datetime": {"datetime": "2022-01-07 16:22:09", "elapsed": 2.675559, "delta": 0.110713}}
{"target": -2797.5398000000014, "params": {"spark.default.parallelism": 246.79528922074653, "spark.executor.cores": 1.641360412439522, "spark.executor.instances": 5.117879810438165, "spark.executor.memory": 3.9809523937363624, "spark.executor.memoryOverhead": 727.131218037089, "spark.memory.fraction": 0.7114039743887254, "spark.memory.storageFraction": 0.8637135010552675, "spark.reducer.maxBlocksInFlightPerAddress": 1776949614.118468, "spark.reducer.maxSizeInFlight": 62.071079588340645, "spark.shuffle.file.buffer": 37.01376491222683}, "datetime": {"datetime": "2022-01-07 16:22:09", "elapsed": 2.785273, "delta": 0.109714}}
{"target": -2797.244960000002, "params": {"spark.default.parallelism": 366.53194448567046, "spark.executor.cores": 1.5179533592113394, "spark.executor.instances": 6.675818178938074, "spark.executor.memory": 6.759948570012154, "spark.executor.memoryOverhead": 580.618742349012, "spark.memory.fraction": 0.6104180617136176, "spark.memory.storageFraction": 0.5738955678038926, "spark.reducer.maxBlocksInFlightPerAddress": 1287054988.1300616, "spark.reducer.maxSizeInFlight": 37.75299850489378, "spark.shuffle.file.buffer": 27.88416409543334}, "datetime": {"datetime": "2022-01-07 16:22:09", "elapsed": 2.911934, "delta": 0.126661}}
"{'maxIndex': 43, 'target': -2793.2196100000006, 'params': {'spark.default.parallelism': 236.09576172880827, 'spark.executor.cores': 2.331947870755529, 'spark.executor.instances': 5.78655651577885, 'spark.executor.memory': 4.124187264299631, 'spark.executor.memoryOverhead': 384.7633157244881, 'spark.memory.fraction': 0.7776508697863813, 'spark.memory.storageFraction': 0.5155972233384881, 'spark.reducer.maxBlocksInFlightPerAddress': 1196805476.3922563, 'spark.reducer.maxSizeInFlight': 26.61458643576564, 'spark.shuffle.file.buffer': 43.584902679939866}}"