{"target": -2802.071390000001, "params": {"spark.default.parallelism": 430.4822833159408, "spark.executor.cores": 1.6344444944224037, "spark.executor.instances": 5.483699941232561, "spark.executor.memory": 3.9451772902359625, "spark.executor.memoryOverhead": 543.4335975573608, "spark.memory.fraction": 0.7628337030061043, "spark.memory.storageFraction": 0.7990319152635927, "spark.reducer.maxBlocksInFlightPerAddress": 1217766776.3996582, "spark.reducer.maxSizeInFlight": 61.1303937490278, "spark.shuffle.file.buffer": 16.712267856121564}, "datetime": {"datetime": "2022-01-06 18:56:13", "elapsed": 0.0, "delta": 0.0}}
{"target": -2793.954580000001, "params": {"spark.default.parallelism": 251.37788971076844, "spark.executor.cores": 1.0118462335150573, "spark.executor.instances": 7.254046214240432, "spark.executor.memory": 5.1515799828136215, "spark.executor.memoryOverhead": 483.22166540619173, "spark.memory.fraction": 0.8013183781688946, "spark.memory.storageFraction": 0.5171006180547153, "spark.reducer.maxBlocksInFlightPerAddress": 1449648831.5464818, "spark.reducer.maxSizeInFlight": 24.082622431528513, "spark.shuffle.file.buffer": 45.021922673246564}, "datetime": {"datetime": "2022-01-06 18:56:13", "elapsed": 0.0259, "delta": 0.0259}}
{"target": -2798.8514000000014, "params": {"spark.default.parallelism": 270.40500810940625, "spark.executor.cores": 2.0667347484428817, "spark.executor.instances": 6.196651752690164, "spark.executor.memory": 6.671068384521028, "spark.executor.memoryOverhead": 598.0589617749913, "spark.memory.fraction": 0.6058476897244731, "spark.memory.storageFraction": 0.661443697338811, "spark.reducer.maxBlocksInFlightPerAddress": 1351138156.5962927, "spark.reducer.maxSizeInFlight": 66.82993671302738, "spark.shuffle.file.buffer": 26.62277539338813}, "datetime": {"datetime": "2022-01-06 18:56:13", "elapsed": 0.050338, "delta": 0.024438}}
{"target": -2798.2190200000023, "params": {"spark.default.parallelism": 360.18908996105074, "spark.executor.cores": 2.249795024167926, "spark.executor.instances": 4.690429862173805, "spark.executor.memory": 5.402234197346616, "spark.executor.memoryOverhead": 393.5632465304433, "spark.memory.fraction": 0.658345537513959, "spark.memory.storageFraction": 0.5622170817183728, "spark.reducer.maxBlocksInFlightPerAddress": 1609502383.6105337, "spark.reducer.maxSizeInFlight": 43.04443039830766, "spark.shuffle.file.buffer": 34.32682829901309}, "datetime": {"datetime": "2022-01-06 18:56:13", "elapsed": 0.075272, "delta": 0.024934}}
{"target": -2807.8580800000013, "params": {"spark.default.parallelism": 329.6963738172425, "spark.executor.cores": 1.9012753846954975, "spark.executor.instances": 7.058282321710466, "spark.executor.memory": 3.602157523338848, "spark.executor.memoryOverhead": 735.32033797557, "spark.memory.fraction": 0.5130170141523682, "spark.memory.storageFraction": 0.7037965704480641, "spark.reducer.maxBlocksInFlightPerAddress": 2092330685.2552671, "spark.reducer.maxSizeInFlight": 54.96843185177991, "spark.shuffle.file.buffer": 37.321349615114556}, "datetime": {"datetime": "2022-01-06 18:56:13", "elapsed": 0.100205, "delta": 0.024933}}
{"target": -2798.8566700000015, "params": {"spark.default.parallelism": 474.95780457331375, "spark.executor.cores": 2.68524044128071, "spark.executor.instances": 4.162977367221074, "spark.executor.memory": 5.898297991291384, "spark.executor.memoryOverhead": 806.7614595904831, "spark.memory.fraction": 0.8739637897723735, "spark.memory.storageFraction": 0.8848985159750038, "spark.reducer.maxBlocksInFlightPerAddress": 1784488454.776013, "spark.reducer.maxSizeInFlight": 43.26114468127126, "spark.shuffle.file.buffer": 41.84188256863973}, "datetime": {"datetime": "2022-01-06 18:56:13", "elapsed": 0.125138, "delta": 0.024933}}
{"target": -2804.425810000002, "params": {"spark.default.parallelism": 312.81688128327244, "spark.executor.cores": 1.4743219890393304, "spark.executor.instances": 7.96124285773985, "spark.executor.memory": 3.333665387699053, "spark.executor.memoryOverhead": 641.927685674113, "spark.memory.fraction": 0.8239060071528869, "spark.memory.storageFraction": 0.597380401659071, "spark.reducer.maxBlocksInFlightPerAddress": 1962740870.5775747, "spark.reducer.maxSizeInFlight": 69.64595368301407, "spark.shuffle.file.buffer": 30.279712564108205}, "datetime": {"datetime": "2022-01-06 18:56:13", "elapsed": 0.150071, "delta": 0.024933}}
{"target": -2798.641640000001, "params": {"spark.default.parallelism": 401.10329953377914, "spark.executor.cores": 2.870202625589007, "spark.executor.instances": 6.737754948075663, "spark.executor.memory": 4.402961148286009, "spark.executor.memoryOverhead": 452.9124206941456, "spark.memory.fraction": 0.7089084181801811, "spark.memory.storageFraction": 0.6293120252930666, "spark.reducer.maxBlocksInFlightPerAddress": 1706681345.0330749, "spark.reducer.maxSizeInFlight": 52.54447396866833, "spark.shuffle.file.buffer": 40.71151939503946}, "datetime": {"datetime": "2022-01-06 18:56:13", "elapsed": 0.175006, "delta": 0.024935}}
{"target": -2802.0804000000007, "params": {"spark.default.parallelism": 445.09462183827213, "spark.executor.cores": 1.2864803334946404, "spark.executor.instances": 5.0427669031859175, "spark.executor.memory": 6.224222788943747, "spark.executor.memoryOverhead": 708.4542906268209, "spark.memory.fraction": 0.5677293821939243, "spark.memory.storageFraction": 0.7728021466875776, "spark.reducer.maxBlocksInFlightPerAddress": 1138197264.8533282, "spark.reducer.maxSizeInFlight": 36.284219170775444, "spark.shuffle.file.buffer": 21.654332486380167}, "datetime": {"datetime": "2022-01-06 18:56:13", "elapsed": 0.198941, "delta": 0.023935}}
{"target": -2801.3504500000017, "params": {"spark.default.parallelism": 211.4266386397161, "spark.executor.cores": 2.553863995098873, "spark.executor.instances": 5.781385086034607, "spark.executor.memory": 4.751779790807516, "spark.executor.memoryOverhead": 866.2711853753218, "spark.memory.fraction": 0.6820877854158515, "spark.memory.storageFraction": 0.8400119891820412, "spark.reducer.maxBlocksInFlightPerAddress": 1861422319.3866725, "spark.reducer.maxSizeInFlight": 29.872518403781697, "spark.shuffle.file.buffer": 23.685829130610372}, "datetime": {"datetime": "2022-01-06 18:56:13", "elapsed": 0.223874, "delta": 0.024933}}
{"target": -2855.447220000002, "params": {"spark.default.parallelism": 326.6733739756464, "spark.executor.cores": 1.332646695913084, "spark.executor.instances": 4.863730034148996, "spark.executor.memory": 6.1315270504044594, "spark.executor.memoryOverhead": 452.75042510544625, "spark.memory.fraction": 0.5149698506596839, "spark.memory.storageFraction": 0.8273692601271079, "spark.reducer.maxBlocksInFlightPerAddress": 1395694546.4294255, "spark.reducer.maxSizeInFlight": 27.793827538180278, "spark.shuffle.file.buffer": 16.439062503001395}, "datetime": {"datetime": "2022-01-06 18:56:13", "elapsed": 0.247811, "delta": 0.023937}}
{"target": -2851.3012000000017, "params": {"spark.default.parallelism": 205.4156784510964, "spark.executor.cores": 1.6281805894372439, "spark.executor.instances": 3.4497779404219546, "spark.executor.memory": 4.101203035286494, "spark.executor.memoryOverhead": 556.2346250420258, "spark.memory.fraction": 0.8992048892059077, "spark.memory.storageFraction": 0.5734003655824477, "spark.reducer.maxBlocksInFlightPerAddress": 1308235232.3782961, "spark.reducer.maxSizeInFlight": 42.178785359274876, "spark.shuffle.file.buffer": 12.96}, "datetime": {"datetime": "2022-01-06 18:56:13", "elapsed": 0.272743, "delta": 0.024932}}
{"target": -2850.8808800000015, "params": {"spark.default.parallelism": 288.56333951910295, "spark.executor.cores": 0.9298604305078951, "spark.executor.instances": 5.181774657963327, "spark.executor.memory": 3.07028361904314, "spark.executor.memoryOverhead": 534.3441000928116, "spark.memory.fraction": 0.7971784073823476, "spark.memory.storageFraction": 0.696959496587256, "spark.reducer.maxBlocksInFlightPerAddress": 1344369292.116093, "spark.reducer.maxSizeInFlight": 45.94310954994927, "spark.shuffle.file.buffer": 12.96}, "datetime": {"datetime": "2022-01-06 18:56:13", "elapsed": 0.29668, "delta": 0.023937}}
{"target": -2852.0653500000008, "params": {"spark.default.parallelism": 318.3533415595484, "spark.executor.cores": 0.81, "spark.executor.instances": 3.9767422025527583, "spark.executor.memory": 6.768120064759267, "spark.executor.memoryOverhead": 330.40515543403365, "spark.memory.fraction": 0.6016912881283983, "spark.memory.storageFraction": 0.6529617887932563, "spark.reducer.maxBlocksInFlightPerAddress": 1365098601.2768874, "spark.reducer.maxSizeInFlight": 39.7681799480837, "spark.shuffle.file.buffer": 12.96}, "datetime": {"datetime": "2022-01-06 18:56:13", "elapsed": 0.321613, "delta": 0.024933}}
{"target": -2851.7438800000014, "params": {"spark.default.parallelism": 310.5908132193615, "spark.executor.cores": 1.0447156614793383, "spark.executor.instances": 4.5521033161721896, "spark.executor.memory": 4.983213648423087, "spark.executor.memoryOverhead": 494.93030604815783, "spark.memory.fraction": 0.6731660342358375, "spark.memory.storageFraction": 0.8099526256953004, "spark.reducer.maxBlocksInFlightPerAddress": 1408139401.2295687, "spark.reducer.maxSizeInFlight": 34.12144864407893, "spark.shuffle.file.buffer": 13.010720311366232}, "datetime": {"datetime": "2022-01-06 18:56:13", "elapsed": 0.345549, "delta": 0.023936}}
{"target": -2852.1049100000014, "params": {"spark.default.parallelism": 316.6618104270365, "spark.executor.cores": 1.7854760152409739, "spark.executor.instances": 4.615744716227455, "spark.executor.memory": 3.816801363589475, "spark.executor.memoryOverhead": 311.73702493439833, "spark.memory.fraction": 0.5876623095703164, "spark.memory.storageFraction": 0.736808971255216, "spark.reducer.maxBlocksInFlightPerAddress": 1173520801.1634257, "spark.reducer.maxSizeInFlight": 24.65623824142685, "spark.shuffle.file.buffer": 12.96}, "datetime": {"datetime": "2022-01-06 18:56:13", "elapsed": 0.369485, "delta": 0.023936}}
{"target": -2799.6202600000006, "params": {"spark.default.parallelism": 230.20304541543564, "spark.executor.cores": 0.9120916361935479, "spark.executor.instances": 3.452755443913385, "spark.executor.memory": 2.6891572822372685, "spark.executor.memoryOverhead": 370.45366893851485, "spark.memory.fraction": 0.7022025910304158, "spark.memory.storageFraction": 0.6438301301616348, "spark.reducer.maxBlocksInFlightPerAddress": 1325430870.2271905, "spark.reducer.maxSizeInFlight": 19.810279754013283, "spark.shuffle.file.buffer": 17.105566838170986}, "datetime": {"datetime": "2022-01-06 18:56:13", "elapsed": 0.394418, "delta": 0.024933}}
{"target": -2856.292990000002, "params": {"spark.default.parallelism": 268.1764707282982, "spark.executor.cores": 1.34038541967499, "spark.executor.instances": 3.826063155904374, "spark.executor.memory": 4.287225402411883, "spark.executor.memoryOverhead": 453.61853855280043, "spark.memory.fraction": 0.8967271912474877, "spark.memory.storageFraction": 0.7609688497622462, "spark.reducer.maxBlocksInFlightPerAddress": 1381560388.4986498, "spark.reducer.maxSizeInFlight": 21.524968368928633, "spark.shuffle.file.buffer": 14.037911412365974}, "datetime": {"datetime": "2022-01-06 18:56:13", "elapsed": 0.418355, "delta": 0.023937}}
{"target": -2801.052210000001, "params": {"spark.default.parallelism": 175.6555098791884, "spark.executor.cores": 0.81, "spark.executor.instances": 3.24, "spark.executor.memory": 3.155593773219723, "spark.executor.memoryOverhead": 343.4362350899556, "spark.memory.fraction": 0.5273376674331363, "spark.memory.storageFraction": 0.8277492945877011, "spark.reducer.maxBlocksInFlightPerAddress": 1078165564.4876764, "spark.reducer.maxSizeInFlight": 45.10089812053249, "spark.shuffle.file.buffer": 24.931153522584363}, "datetime": {"datetime": "2022-01-06 18:56:13", "elapsed": 0.443288, "delta": 0.024933}}
{"target": -2863.2709800000016, "params": {"spark.default.parallelism": 162.0, "spark.executor.cores": 1.115697662326559, "spark.executor.instances": 3.24, "spark.executor.memory": 2.43, "spark.executor.memoryOverhead": 311.04, "spark.memory.fraction": 0.784373726552911, "spark.memory.storageFraction": 0.515805147850307, "spark.reducer.maxBlocksInFlightPerAddress": 1299500204.4552612, "spark.reducer.maxSizeInFlight": 32.193830248942085, "spark.shuffle.file.buffer": 12.974847656420698}, "datetime": {"datetime": "2022-01-06 18:56:13", "elapsed": 0.468244, "delta": 0.024956}}
{"target": -2811.666330000001, "params": {"spark.default.parallelism": 471.7347958176224, "spark.executor.cores": 1.4158234970816053, "spark.executor.instances": 6.7021902652564265, "spark.executor.memory": 6.307245827387211, "spark.executor.memoryOverhead": 512.8708848319183, "spark.memory.fraction": 0.5002018501106356, "spark.memory.storageFraction": 0.7529280134151459, "spark.reducer.maxBlocksInFlightPerAddress": 2027727390.8450725, "spark.reducer.maxSizeInFlight": 60.16555453095418, "spark.shuffle.file.buffer": 25.13734788014303}, "datetime": {"datetime": "2022-01-06 18:56:13", "elapsed": 0.540058, "delta": 0.071814}}
{"target": -2797.238750000002, "params": {"spark.default.parallelism": 486.2394357576476, "spark.executor.cores": 1.1541914177210235, "spark.executor.instances": 6.671555755962629, "spark.executor.memory": 6.093578670722904, "spark.executor.memoryOverhead": 597.20764129425, "spark.memory.fraction": 0.566908767886981, "spark.memory.storageFraction": 0.549952090389277, "spark.reducer.maxBlocksInFlightPerAddress": 1355843577.2816215, "spark.reducer.maxSizeInFlight": 25.570597125766916, "spark.shuffle.file.buffer": 35.34356290352122}, "datetime": {"datetime": "2022-01-06 18:56:14", "elapsed": 0.613859, "delta": 0.073801}}
{"target": -2798.9645400000013, "params": {"spark.default.parallelism": 265.99297625372975, "spark.executor.cores": 2.710912249803219, "spark.executor.instances": 7.179488483764702, "spark.executor.memory": 4.397167676389818, "spark.executor.memoryOverhead": 620.2671062595156, "spark.memory.fraction": 0.7223427035574222, "spark.memory.storageFraction": 0.6777398809728279, "spark.reducer.maxBlocksInFlightPerAddress": 1826051960.7028747, "spark.reducer.maxSizeInFlight": 41.6369158208802, "spark.shuffle.file.buffer": 47.86790957178454}, "datetime": {"datetime": "2022-01-06 18:56:14", "elapsed": 0.685667, "delta": 0.071808}}
{"target": -2797.0545800000004, "params": {"spark.default.parallelism": 345.9575059778214, "spark.executor.cores": 2.429394866291638, "spark.executor.instances": 7.0392250747115614, "spark.executor.memory": 6.962727483549804, "spark.executor.memoryOverhead": 766.7546950852324, "spark.memory.fraction": 0.5817279152607406, "spark.memory.storageFraction": 0.6331629966578163, "spark.reducer.maxBlocksInFlightPerAddress": 1211856221.2005877, "spark.reducer.maxSizeInFlight": 24.999809610364057, "spark.shuffle.file.buffer": 44.3916597706138}, "datetime": {"datetime": "2022-01-06 18:56:14", "elapsed": 0.753486, "delta": 0.067819}}
{"target": -2807.822400000001, "params": {"spark.default.parallelism": 280.45195687695133, "spark.executor.cores": 1.243244999059367, "spark.executor.instances": 6.491444310510021, "spark.executor.memory": 4.724482082144515, "spark.executor.memoryOverhead": 587.6287890158578, "spark.memory.fraction": 0.6934385279716476, "spark.memory.storageFraction": 0.5894932200870144, "spark.reducer.maxBlocksInFlightPerAddress": 2112623908.705553, "spark.reducer.maxSizeInFlight": 39.38805184459612, "spark.shuffle.file.buffer": 38.39361373640864}, "datetime": {"datetime": "2022-01-06 18:56:14", "elapsed": 0.826263, "delta": 0.072777}}
{"target": -2807.0062300000013, "params": {"spark.default.parallelism": 230.9067130890092, "spark.executor.cores": 1.8985399613249527, "spark.executor.instances": 6.349207892032901, "spark.executor.memory": 4.863152281530208, "spark.executor.memoryOverhead": 534.7836185254696, "spark.memory.fraction": 0.7827695753201128, "spark.memory.storageFraction": 0.5530067371631945, "spark.reducer.maxBlocksInFlightPerAddress": 2048344295.4161325, "spark.reducer.maxSizeInFlight": 58.012989078743686, "spark.shuffle.file.buffer": 45.970502274357244}, "datetime": {"datetime": "2022-01-06 18:56:14", "elapsed": 0.896104, "delta": 0.069841}}
{"target": -2795.806160000001, "params": {"spark.default.parallelism": 352.04651515700687, "spark.executor.cores": 1.5188513541685025, "spark.executor.instances": 7.885765277992592, "spark.executor.memory": 5.038123631538513, "spark.executor.memoryOverhead": 538.0941905619998, "spark.memory.fraction": 0.7052444345224423, "spark.memory.storageFraction": 0.5534462275676156, "spark.reducer.maxBlocksInFlightPerAddress": 1382175986.4515374, "spark.reducer.maxSizeInFlight": 28.14624059181522, "spark.shuffle.file.buffer": 42.30314185306119}, "datetime": {"datetime": "2022-01-06 18:56:14", "elapsed": 0.964893, "delta": 0.068789}}
{"target": -2796.8492400000014, "params": {"spark.default.parallelism": 270.4786092350405, "spark.executor.cores": 2.4918374940995762, "spark.executor.instances": 5.8573510013244245, "spark.executor.memory": 4.080125297767461, "spark.executor.memoryOverhead": 622.6011244461616, "spark.memory.fraction": 0.6823038593029572, "spark.memory.storageFraction": 0.6694246533007249, "spark.reducer.maxBlocksInFlightPerAddress": 1737397985.9944415, "spark.reducer.maxSizeInFlight": 37.71184295557874, "spark.shuffle.file.buffer": 39.388692138875044}, "datetime": {"datetime": "2022-01-06 18:56:14", "elapsed": 1.040689, "delta": 0.075796}}
{"target": -2798.4134800000015, "params": {"spark.default.parallelism": 292.1189803826157, "spark.executor.cores": 2.138498435927387, "spark.executor.instances": 4.207283138125501, "spark.executor.memory": 4.730596523410366, "spark.executor.memoryOverhead": 742.2134768483536, "spark.memory.fraction": 0.7050624040282509, "spark.memory.storageFraction": 0.5760350924159015, "spark.reducer.maxBlocksInFlightPerAddress": 1446856239.9477859, "spark.reducer.maxSizeInFlight": 71.16904767547007, "spark.shuffle.file.buffer": 25.254765771556578}, "datetime": {"datetime": "2022-01-06 18:56:14", "elapsed": 1.111501, "delta": 0.070812}}
{"target": -2797.060220000001, "params": {"spark.default.parallelism": 498.4717374322219, "spark.executor.cores": 2.539917230819132, "spark.executor.instances": 6.5898180666693005, "spark.executor.memory": 3.8215193600816875, "spark.executor.memoryOverhead": 743.2327144178248, "spark.memory.fraction": 0.570280188682581, "spark.memory.storageFraction": 0.5409804876852686, "spark.reducer.maxBlocksInFlightPerAddress": 1796569176.0152788, "spark.reducer.maxSizeInFlight": 55.31720373195644, "spark.shuffle.file.buffer": 28.561055631620878}, "datetime": {"datetime": "2022-01-06 18:56:14", "elapsed": 1.182338, "delta": 0.070837}}
{"target": -2814.436630000001, "params": {"spark.default.parallelism": 413.7850037130409, "spark.executor.cores": 1.827494092927964, "spark.executor.instances": 4.8503452289778615, "spark.executor.memory": 5.4242841483608775, "spark.executor.memoryOverhead": 408.8068662636944, "spark.memory.fraction": 0.7341725892850932, "spark.memory.storageFraction": 0.8735424684303739, "spark.reducer.maxBlocksInFlightPerAddress": 2081493733.5344758, "spark.reducer.maxSizeInFlight": 52.747772396926045, "spark.shuffle.file.buffer": 23.87998667477134}, "datetime": {"datetime": "2022-01-06 18:56:14", "elapsed": 1.266087, "delta": 0.083749}}
{"target": -2800.3888200000015, "params": {"spark.default.parallelism": 400.53448423977983, "spark.executor.cores": 2.612543789936108, "spark.executor.instances": 4.054246955151147, "spark.executor.memory": 3.9729449889677464, "spark.executor.memoryOverhead": 395.7873595033749, "spark.memory.fraction": 0.8233478287621234, "spark.memory.storageFraction": 0.7522999669195276, "spark.reducer.maxBlocksInFlightPerAddress": 1776947474.9269054, "spark.reducer.maxSizeInFlight": 25.76639049759963, "spark.shuffle.file.buffer": 43.471057799957265}, "datetime": {"datetime": "2022-01-06 18:56:14", "elapsed": 1.341883, "delta": 0.075796}}
{"target": -2793.2196100000006, "params": {"spark.default.parallelism": 236.09576172880827, "spark.executor.cores": 2.331947870755529, "spark.executor.instances": 5.78655651577885, "spark.executor.memory": 4.124187264299631, "spark.executor.memoryOverhead": 384.7633157244881, "spark.memory.fraction": 0.7776508697863813, "spark.memory.storageFraction": 0.5155972233384881, "spark.reducer.maxBlocksInFlightPerAddress": 1196805476.3922563, "spark.reducer.maxSizeInFlight": 26.61458643576564, "spark.shuffle.file.buffer": 43.584902679939866}, "datetime": {"datetime": "2022-01-06 18:56:14", "elapsed": 1.412694, "delta": 0.070811}}
{"target": -2802.9760200000014, "params": {"spark.default.parallelism": 204.9017160613747, "spark.executor.cores": 1.9712310559517778, "spark.executor.instances": 4.170617782473027, "spark.executor.memory": 5.540753735042669, "spark.executor.memoryOverhead": 823.4181514985374, "spark.memory.fraction": 0.6590273103375737, "spark.memory.storageFraction": 0.6301248762774985, "spark.reducer.maxBlocksInFlightPerAddress": 1983374571.603139, "spark.reducer.maxSizeInFlight": 49.303360771004854, "spark.shuffle.file.buffer": 40.022710909864735}, "datetime": {"datetime": "2022-01-06 18:56:14", "elapsed": 1.495466, "delta": 0.082772}}
{"target": -2796.1052900000013, "params": {"spark.default.parallelism": 213.86029833034144, "spark.executor.cores": 2.319578157385472, "spark.executor.instances": 7.280035033397785, "spark.executor.memory": 5.328857938753822, "spark.executor.memoryOverhead": 740.5185399292209, "spark.memory.fraction": 0.8874447704925226, "spark.memory.storageFraction": 0.5359940782173956, "spark.reducer.maxBlocksInFlightPerAddress": 1918499447.3820412, "spark.reducer.maxSizeInFlight": 35.84117371217542, "spark.shuffle.file.buffer": 27.27668282479911}, "datetime": {"datetime": "2022-01-06 18:56:15", "elapsed": 1.572456, "delta": 0.07699}}
