{"target": -2796.3031600000013, "params": {"spark.default.parallelism": 430.09549046126335, "spark.executor.cores": 1.6022886026396481, "spark.executor.instances": 4.167893658443862, "spark.executor.memory": 5.92440161076578, "spark.executor.memoryOverhead": 802.5149466224909, "spark.memory.fraction": 0.6503973903603866, "spark.memory.storageFraction": 0.853650977655903, "spark.reducer.maxBlocksInFlightPerAddress": 1648429930.1972857, "spark.reducer.maxSizeInFlight": 35.9293800436983, "spark.shuffle.file.buffer": 36.973854647197044}, "datetime": {"datetime": "2022-01-06 18:55:54", "elapsed": 0.0, "delta": 0.0}}
{"target": -2796.7478900000015, "params": {"spark.default.parallelism": 474.17669209367926, "spark.executor.cores": 2.009126967455143, "spark.executor.instances": 7.2108076994067325, "spark.executor.memory": 5.53543930608731, "spark.executor.memoryOverhead": 616.4271270510621, "spark.memory.fraction": 0.8285104341755312, "spark.memory.storageFraction": 0.6331419521488779, "spark.reducer.maxBlocksInFlightPerAddress": 1312665590.435222, "spark.reducer.maxSizeInFlight": 42.78233786085295, "spark.shuffle.file.buffer": 30.211487028435528}, "datetime": {"datetime": "2022-01-06 18:55:54", "elapsed": 0.024933, "delta": 0.024933}}
{"target": -2802.310870000001, "params": {"spark.default.parallelism": 258.0142159287563, "spark.executor.cores": 1.4052066163498478, "spark.executor.instances": 4.929996790209913, "spark.executor.memory": 3.0863130980036084, "spark.executor.memoryOverhead": 450.3742822782913, "spark.memory.fraction": 0.8675934932404095, "spark.memory.storageFraction": 0.6621714440580178, "spark.reducer.maxBlocksInFlightPerAddress": 1741930220.1182132, "spark.reducer.maxSizeInFlight": 59.81065021822347, "spark.shuffle.file.buffer": 17.56366158005207}, "datetime": {"datetime": "2022-01-06 18:55:54", "elapsed": 0.049871, "delta": 0.024938}}
{"target": -2808.5946500000014, "params": {"spark.default.parallelism": 207.55001441836254, "spark.executor.cores": 2.9950348334255157, "spark.executor.instances": 4.603802462805137, "spark.executor.memory": 4.269337754496289, "spark.executor.memoryOverhead": 560.0257208488746, "spark.memory.fraction": 0.5125090801981107, "spark.memory.storageFraction": 0.6011128173693424, "spark.reducer.maxBlocksInFlightPerAddress": 2136750384.520571, "spark.reducer.maxSizeInFlight": 54.44622930528649, "spark.shuffle.file.buffer": 47.50492501926993}, "datetime": {"datetime": "2022-01-06 18:55:54", "elapsed": 0.074811, "delta": 0.02494}}
{"target": -2801.6227300000014, "params": {"spark.default.parallelism": 274.28386027181546, "spark.executor.cores": 1.234761307796496, "spark.executor.instances": 5.754799064029081, "spark.executor.memory": 6.90324801819968, "spark.executor.memoryOverhead": 662.6641521399276, "spark.memory.fraction": 0.8127626630239388, "spark.memory.storageFraction": 0.8010971249392859, "spark.reducer.maxBlocksInFlightPerAddress": 1877964867.4494884, "spark.reducer.maxSizeInFlight": 50.31017988397494, "spark.shuffle.file.buffer": 22.165101771071026}, "datetime": {"datetime": "2022-01-06 18:55:54", "elapsed": 0.099776, "delta": 0.024965}}
{"target": -2802.193490000001, "params": {"spark.default.parallelism": 292.4712632077859, "spark.executor.cores": 1.8890298824859366, "spark.executor.instances": 6.819171914835382, "spark.executor.memory": 3.873418780237309, "spark.executor.memoryOverhead": 428.618071358628, "spark.memory.fraction": 0.7424452639932535, "spark.memory.storageFraction": 0.8841112111615537, "spark.reducer.maxBlocksInFlightPerAddress": 1231034297.2196765, "spark.reducer.maxSizeInFlight": 28.66392648829494, "spark.shuffle.file.buffer": 27.806222514093392}, "datetime": {"datetime": "2022-01-06 18:55:54", "elapsed": 0.123712, "delta": 0.023936}}
{"target": -2802.275810000002, "params": {"spark.default.parallelism": 322.2828687125386, "spark.executor.cores": 1.1992662521207385, "spark.executor.instances": 6.032350692010205, "spark.executor.memory": 6.31487874087918, "spark.executor.memoryOverhead": 483.4662695967122, "spark.memory.fraction": 0.5931221496537215, "spark.memory.storageFraction": 0.5246870398364573, "spark.reducer.maxBlocksInFlightPerAddress": 1955903525.2749403, "spark.reducer.maxSizeInFlight": 64.68753554814855, "spark.shuffle.file.buffer": 24.20932318075869}, "datetime": {"datetime": "2022-01-06 18:55:55", "elapsed": 0.148614, "delta": 0.024902}}
{"target": -2798.298840000001, "params": {"spark.default.parallelism": 372.4554881394798, "spark.executor.cores": 2.732565216707587, "spark.executor.instances": 7.98539299234328, "spark.executor.memory": 4.874035604856813, "spark.executor.memoryOverhead": 842.2940278435105, "spark.memory.fraction": 0.6864811291238244, "spark.memory.storageFraction": 0.7746275831061451, "spark.reducer.maxBlocksInFlightPerAddress": 1406407136.9947786, "spark.reducer.maxSizeInFlight": 47.8956634649865, "spark.shuffle.file.buffer": 38.73509325505647}, "datetime": {"datetime": "2022-01-06 18:55:55", "elapsed": 0.173547, "delta": 0.024933}}
{"target": -2797.289920000001, "params": {"spark.default.parallelism": 459.35971297424163, "spark.executor.cores": 2.303090527855365, "spark.executor.instances": 5.393569515707059, "spark.executor.memory": 3.431259322013635, "spark.executor.memoryOverhead": 700.1477833572171, "spark.memory.fraction": 0.568267912507837, "spark.memory.storageFraction": 0.7291033306854878, "spark.reducer.maxBlocksInFlightPerAddress": 1167819801.0850818, "spark.reducer.maxSizeInFlight": 68.23782310990003, "spark.shuffle.file.buffer": 41.88958017938613}, "datetime": {"datetime": "2022-01-06 18:55:55", "elapsed": 0.197513, "delta": 0.023966}}
{"target": -2796.502050000002, "params": {"spark.default.parallelism": 386.27384212996117, "spark.executor.cores": 2.410451860463988, "spark.executor.instances": 6.48639230138144, "spark.executor.memory": 5.0909764309476575, "spark.executor.memoryOverhead": 758.9150138177051, "spark.memory.fraction": 0.7324632462389655, "spark.memory.storageFraction": 0.5625373986339371, "spark.reducer.maxBlocksInFlightPerAddress": 1578033941.060028, "spark.reducer.maxSizeInFlight": 31.222821686697458, "spark.shuffle.file.buffer": 33.962486190858144}, "datetime": {"datetime": "2022-01-06 18:55:55", "elapsed": 0.221418, "delta": 0.023905}}
{"target": -2796.8731800000014, "params": {"spark.default.parallelism": 162.00000000000003, "spark.executor.cores": 1.4146307463264127, "spark.executor.instances": 6.112721066462866, "spark.executor.memory": 6.782930699046911, "spark.executor.memoryOverhead": 311.03999999999996, "spark.memory.fraction": 0.8908398639841852, "spark.memory.storageFraction": 0.8532527990059104, "spark.reducer.maxBlocksInFlightPerAddress": 1182947960.4556577, "spark.reducer.maxSizeInFlight": 42.482454778287504, "spark.shuffle.file.buffer": 31.04169458734464}, "datetime": {"datetime": "2022-01-06 18:55:55", "elapsed": 0.246353, "delta": 0.024935}}
{"target": -2799.000460000002, "params": {"spark.default.parallelism": 162.00000000000003, "spark.executor.cores": 1.1177025686344135, "spark.executor.instances": 6.995456315737277, "spark.executor.memory": 5.009564523437175, "spark.executor.memoryOverhead": 311.03999999999996, "spark.memory.fraction": 0.5715910398756784, "spark.memory.storageFraction": 0.7757286428400767, "spark.reducer.maxBlocksInFlightPerAddress": 1396926964.0148258, "spark.reducer.maxSizeInFlight": 46.45162438278581, "spark.shuffle.file.buffer": 30.697256704738376}, "datetime": {"datetime": "2022-01-06 18:55:55", "elapsed": 0.270288, "delta": 0.023935}}
{"target": -2797.035270000001, "params": {"spark.default.parallelism": 162.00000000000003, "spark.executor.cores": 2.904797172790524, "spark.executor.instances": 4.244894366475376, "spark.executor.memory": 4.41078112141671, "spark.executor.memoryOverhead": 311.03999999999996, "spark.memory.fraction": 0.6820121341713266, "spark.memory.storageFraction": 0.6714243893683318, "spark.reducer.maxBlocksInFlightPerAddress": 1389909388.3276505, "spark.reducer.maxSizeInFlight": 38.39238276093958, "spark.shuffle.file.buffer": 31.490171780622422}, "datetime": {"datetime": "2022-01-06 18:55:55", "elapsed": 0.295221, "delta": 0.024933}}
{"target": -2796.976550000001, "params": {"spark.default.parallelism": 162.00000000000003, "spark.executor.cores": 2.522177835162518, "spark.executor.instances": 7.65174484058687, "spark.executor.memory": 3.3491508494764908, "spark.executor.memoryOverhead": 323.56986291570234, "spark.memory.fraction": 0.6480576760735761, "spark.memory.storageFraction": 0.564131946876422, "spark.reducer.maxBlocksInFlightPerAddress": 1346868155.9026515, "spark.reducer.maxSizeInFlight": 45.14873486082871, "spark.shuffle.file.buffer": 29.846418337190897}, "datetime": {"datetime": "2022-01-06 18:55:55", "elapsed": 0.319157, "delta": 0.023936}}
{"target": -2797.462450000001, "params": {"spark.default.parallelism": 162.00000000000003, "spark.executor.cores": 2.0830305447902946, "spark.executor.instances": 5.584512305289824, "spark.executor.memory": 6.124887188852699, "spark.executor.memoryOverhead": 311.03999999999996, "spark.memory.fraction": 0.7795047918818192, "spark.memory.storageFraction": 0.6129412789478472, "spark.reducer.maxBlocksInFlightPerAddress": 1370133243.7156265, "spark.reducer.maxSizeInFlight": 44.61347617919741, "spark.shuffle.file.buffer": 31.285349737209117}, "datetime": {"datetime": "2022-01-06 18:55:55", "elapsed": 0.343093, "delta": 0.023936}}
{"target": -2800.0771300000015, "params": {"spark.default.parallelism": 210.81412823288431, "spark.executor.cores": 2.465192420336097, "spark.executor.instances": 3.67665355388604, "spark.executor.memory": 2.954057517811229, "spark.executor.memoryOverhead": 311.0400000000001, "spark.memory.fraction": 0.7131086393948621, "spark.memory.storageFraction": 0.8050726424545716, "spark.reducer.maxBlocksInFlightPerAddress": 1380358489.6036868, "spark.reducer.maxSizeInFlight": 45.40720699563474, "spark.shuffle.file.buffer": 16.564387967175886}, "datetime": {"datetime": "2022-01-06 18:55:55", "elapsed": 0.367029, "delta": 0.023936}}
{"target": -2797.549540000002, "params": {"spark.default.parallelism": 245.0389272276122, "spark.executor.cores": 1.0009603264974662, "spark.executor.instances": 4.68002441465624, "spark.executor.memory": 3.1490210519647603, "spark.executor.memoryOverhead": 311.0400000000001, "spark.memory.fraction": 0.8744166457884655, "spark.memory.storageFraction": 0.8626027276028578, "spark.reducer.maxBlocksInFlightPerAddress": 1396524942.3261342, "spark.reducer.maxSizeInFlight": 26.918414429123132, "spark.shuffle.file.buffer": 30.0282573872407}, "datetime": {"datetime": "2022-01-06 18:55:55", "elapsed": 0.391964, "delta": 0.024935}}
{"target": -2812.8713500000017, "params": {"spark.default.parallelism": 326.9876498043041, "spark.executor.cores": 1.8322813453180387, "spark.executor.instances": 3.3751571846421298, "spark.executor.memory": 2.43, "spark.executor.memoryOverhead": 330.82125615210083, "spark.memory.fraction": 0.6207827583429392, "spark.memory.storageFraction": 0.6594091511215525, "spark.reducer.maxBlocksInFlightPerAddress": 1348532982.291243, "spark.reducer.maxSizeInFlight": 35.19049145307769, "spark.shuffle.file.buffer": 26.923573778346196}, "datetime": {"datetime": "2022-01-06 18:55:55", "elapsed": 0.416924, "delta": 0.02496}}
{"target": -2797.9725100000014, "params": {"spark.default.parallelism": 175.5326830658444, "spark.executor.cores": 2.9387947530729024, "spark.executor.instances": 4.447425561019409, "spark.executor.memory": 2.5625966131228854, "spark.executor.memoryOverhead": 457.28703175989597, "spark.memory.fraction": 0.5614353759479271, "spark.memory.storageFraction": 0.5374614839073488, "spark.reducer.maxBlocksInFlightPerAddress": 1371555356.199325, "spark.reducer.maxSizeInFlight": 37.74184973004785, "spark.shuffle.file.buffer": 28.912614939027026}, "datetime": {"datetime": "2022-01-06 18:55:55", "elapsed": 0.44183, "delta": 0.024906}}
{"target": -2811.5967500000015, "params": {"spark.default.parallelism": 285.7783857336006, "spark.executor.cores": 1.4538130667680653, "spark.executor.instances": 5.1074707052868265, "spark.executor.memory": 2.43, "spark.executor.memoryOverhead": 311.0400000000001, "spark.memory.fraction": 0.8150778478782642, "spark.memory.storageFraction": 0.6819493877630112, "spark.reducer.maxBlocksInFlightPerAddress": 1401342650.5058842, "spark.reducer.maxSizeInFlight": 41.50258603164948, "spark.shuffle.file.buffer": 30.531599730068447}, "datetime": {"datetime": "2022-01-06 18:55:55", "elapsed": 0.469781, "delta": 0.027951}}
{"target": -2811.666330000001, "params": {"spark.default.parallelism": 471.7347958176224, "spark.executor.cores": 1.4158234970816053, "spark.executor.instances": 6.7021902652564265, "spark.executor.memory": 6.307245827387211, "spark.executor.memoryOverhead": 512.8708848319183, "spark.memory.fraction": 0.5002018501106356, "spark.memory.storageFraction": 0.7529280134151459, "spark.reducer.maxBlocksInFlightPerAddress": 2027727390.8450725, "spark.reducer.maxSizeInFlight": 60.16555453095418, "spark.shuffle.file.buffer": 25.13734788014303}, "datetime": {"datetime": "2022-01-06 18:55:55", "elapsed": 0.539834, "delta": 0.070053}}
{"target": -2797.238750000002, "params": {"spark.default.parallelism": 486.2394357576476, "spark.executor.cores": 1.1541914177210235, "spark.executor.instances": 6.671555755962629, "spark.executor.memory": 6.093578670722904, "spark.executor.memoryOverhead": 597.20764129425, "spark.memory.fraction": 0.566908767886981, "spark.memory.storageFraction": 0.549952090389277, "spark.reducer.maxBlocksInFlightPerAddress": 1355843577.2816215, "spark.reducer.maxSizeInFlight": 25.570597125766916, "spark.shuffle.file.buffer": 35.34356290352122}, "datetime": {"datetime": "2022-01-06 18:55:55", "elapsed": 0.606682, "delta": 0.066848}}
{"target": -2798.9645400000013, "params": {"spark.default.parallelism": 265.99297625372975, "spark.executor.cores": 2.710912249803219, "spark.executor.instances": 7.179488483764702, "spark.executor.memory": 4.397167676389818, "spark.executor.memoryOverhead": 620.2671062595156, "spark.memory.fraction": 0.7223427035574222, "spark.memory.storageFraction": 0.6777398809728279, "spark.reducer.maxBlocksInFlightPerAddress": 1826051960.7028747, "spark.reducer.maxSizeInFlight": 41.6369158208802, "spark.shuffle.file.buffer": 47.86790957178454}, "datetime": {"datetime": "2022-01-06 18:55:55", "elapsed": 0.678501, "delta": 0.071819}}
{"target": -2797.0545800000004, "params": {"spark.default.parallelism": 345.9575059778214, "spark.executor.cores": 2.429394866291638, "spark.executor.instances": 7.0392250747115614, "spark.executor.memory": 6.962727483549804, "spark.executor.memoryOverhead": 766.7546950852324, "spark.memory.fraction": 0.5817279152607406, "spark.memory.storageFraction": 0.6331629966578163, "spark.reducer.maxBlocksInFlightPerAddress": 1211856221.2005877, "spark.reducer.maxSizeInFlight": 24.999809610364057, "spark.shuffle.file.buffer": 44.3916597706138}, "datetime": {"datetime": "2022-01-06 18:55:55", "elapsed": 0.7533, "delta": 0.074799}}
{"target": -2807.822400000001, "params": {"spark.default.parallelism": 280.45195687695133, "spark.executor.cores": 1.243244999059367, "spark.executor.instances": 6.491444310510021, "spark.executor.memory": 4.724482082144515, "spark.executor.memoryOverhead": 587.6287890158578, "spark.memory.fraction": 0.6934385279716476, "spark.memory.storageFraction": 0.5894932200870144, "spark.reducer.maxBlocksInFlightPerAddress": 2112623908.705553, "spark.reducer.maxSizeInFlight": 39.38805184459612, "spark.shuffle.file.buffer": 38.39361373640864}, "datetime": {"datetime": "2022-01-06 18:55:55", "elapsed": 0.824117, "delta": 0.070817}}
{"target": -2798.4373200000014, "params": {"spark.default.parallelism": 467.86810336217576, "spark.executor.cores": 1.4884178409257993, "spark.executor.instances": 7.527658837320596, "spark.executor.memory": 6.189960602625073, "spark.executor.memoryOverhead": 769.0217795352014, "spark.memory.fraction": 0.5248833904424423, "spark.memory.storageFraction": 0.8432288650372375, "spark.reducer.maxBlocksInFlightPerAddress": 1648501678.5878525, "spark.reducer.maxSizeInFlight": 68.29685044518251, "spark.shuffle.file.buffer": 24.78789409945388}, "datetime": {"datetime": "2022-01-06 18:55:55", "elapsed": 0.889108, "delta": 0.064991}}
{"target": -2800.6425500000014, "params": {"spark.default.parallelism": 378.64730888356155, "spark.executor.cores": 1.5348489946641475, "spark.executor.instances": 6.959732238971443, "spark.executor.memory": 6.041133334886032, "spark.executor.memoryOverhead": 469.3693137078661, "spark.memory.fraction": 0.80650345650807, "spark.memory.storageFraction": 0.6506333045392078, "spark.reducer.maxBlocksInFlightPerAddress": 1346857227.0408478, "spark.reducer.maxSizeInFlight": 66.5007208702936, "spark.shuffle.file.buffer": 46.775373198039716}, "datetime": {"datetime": "2022-01-06 18:55:55", "elapsed": 0.968895, "delta": 0.079787}}
{"target": -2803.0298400000015, "params": {"spark.default.parallelism": 468.5917819239863, "spark.executor.cores": 2.4607986786176212, "spark.executor.instances": 7.0255036866324705, "spark.executor.memory": 4.9350425395804915, "spark.executor.memoryOverhead": 393.84613143010876, "spark.memory.fraction": 0.882617868218349, "spark.memory.storageFraction": 0.7693573265051522, "spark.reducer.maxBlocksInFlightPerAddress": 1346884805.9160304, "spark.reducer.maxSizeInFlight": 27.772030524586214, "spark.shuffle.file.buffer": 17.08448860378828}, "datetime": {"datetime": "2022-01-06 18:55:55", "elapsed": 1.048905, "delta": 0.08001}}
{"target": -2798.4134800000015, "params": {"spark.default.parallelism": 292.1189803826157, "spark.executor.cores": 2.138498435927387, "spark.executor.instances": 4.207283138125501, "spark.executor.memory": 4.730596523410366, "spark.executor.memoryOverhead": 742.2134768483536, "spark.memory.fraction": 0.7050624040282509, "spark.memory.storageFraction": 0.5760350924159015, "spark.reducer.maxBlocksInFlightPerAddress": 1446856239.9477859, "spark.reducer.maxSizeInFlight": 71.16904767547007, "spark.shuffle.file.buffer": 25.254765771556578}, "datetime": {"datetime": "2022-01-06 18:55:55", "elapsed": 1.121861, "delta": 0.072956}}
{"target": -2801.2134400000014, "params": {"spark.default.parallelism": 329.1702476523958, "spark.executor.cores": 2.360541835020565, "spark.executor.instances": 4.124526741574773, "spark.executor.memory": 4.936661767905223, "spark.executor.memoryOverhead": 847.3269605740447, "spark.memory.fraction": 0.7631730811844706, "spark.memory.storageFraction": 0.7721502571488441, "spark.reducer.maxBlocksInFlightPerAddress": 1396529364.7275262, "spark.reducer.maxSizeInFlight": 50.46718986257609, "spark.shuffle.file.buffer": 21.049539899459205}, "datetime": {"datetime": "2022-01-06 18:55:56", "elapsed": 1.200722, "delta": 0.078861}}
{"target": -2814.436630000001, "params": {"spark.default.parallelism": 413.7850037130409, "spark.executor.cores": 1.827494092927964, "spark.executor.instances": 4.8503452289778615, "spark.executor.memory": 5.4242841483608775, "spark.executor.memoryOverhead": 408.8068662636944, "spark.memory.fraction": 0.7341725892850932, "spark.memory.storageFraction": 0.8735424684303739, "spark.reducer.maxBlocksInFlightPerAddress": 2081493733.5344758, "spark.reducer.maxSizeInFlight": 52.747772396926045, "spark.shuffle.file.buffer": 23.87998667477134}, "datetime": {"datetime": "2022-01-06 18:55:56", "elapsed": 1.274746, "delta": 0.074024}}
{"target": -2796.637470000001, "params": {"spark.default.parallelism": 320.5125917646505, "spark.executor.cores": 1.613105503758953, "spark.executor.instances": 6.9702192780167955, "spark.executor.memory": 6.035276232767588, "spark.executor.memoryOverhead": 640.9399633572717, "spark.memory.fraction": 0.8338279926987648, "spark.memory.storageFraction": 0.5613592437578103, "spark.reducer.maxBlocksInFlightPerAddress": 1182936570.4913373, "spark.reducer.maxSizeInFlight": 69.50464468136823, "spark.shuffle.file.buffer": 40.82909360124083}, "datetime": {"datetime": "2022-01-06 18:55:56", "elapsed": 1.363736, "delta": 0.08899}}
{"target": -2793.2196100000006, "params": {"spark.default.parallelism": 236.09576172880827, "spark.executor.cores": 2.331947870755529, "spark.executor.instances": 5.78655651577885, "spark.executor.memory": 4.124187264299631, "spark.executor.memoryOverhead": 384.7633157244881, "spark.memory.fraction": 0.7776508697863813, "spark.memory.storageFraction": 0.5155972233384881, "spark.reducer.maxBlocksInFlightPerAddress": 1196805476.3922563, "spark.reducer.maxSizeInFlight": 26.61458643576564, "spark.shuffle.file.buffer": 43.584902679939866}, "datetime": {"datetime": "2022-01-06 18:55:56", "elapsed": 1.445944, "delta": 0.082208}}
{"target": -2796.9591200000013, "params": {"spark.default.parallelism": 350.4128073456284, "spark.executor.cores": 2.4309262710010944, "spark.executor.instances": 6.551059937720916, "spark.executor.memory": 6.775207229754263, "spark.executor.memoryOverhead": 804.525245641107, "spark.memory.fraction": 0.8570183082683664, "spark.memory.storageFraction": 0.6438542740959188, "spark.reducer.maxBlocksInFlightPerAddress": 1578022702.9143376, "spark.reducer.maxSizeInFlight": 48.295509598234425, "spark.shuffle.file.buffer": 45.135631146079625}, "datetime": {"datetime": "2022-01-06 18:55:56", "elapsed": 1.520735, "delta": 0.074791}}
