{"target": -2795.723690000001, "params": {"spark.default.parallelism": 328.742133664362, "spark.executor.cores": 2.1648032792319842, "spark.executor.instances": 5.8384919015657015, "spark.executor.memory": 6.8351726592169335, "spark.executor.memoryOverhead": 797.6309768830344, "spark.memory.fraction": 0.8918121335459648, "spark.memory.storageFraction": 0.5188854126673794, "spark.reducer.maxBlocksInFlightPerAddress": 1917746997.696159, "spark.reducer.maxSizeInFlight": 35.788603408250516, "spark.shuffle.file.buffer": 30.39769506818759}, "datetime": {"datetime": "2022-01-06 18:58:29", "elapsed": 5.056981, "delta": 0.106123}}
{"target": -2797.054960000001, "params": {"spark.default.parallelism": 366.6338636989731, "spark.executor.cores": 2.2540151220835094, "spark.executor.instances": 7.127655864286824, "spark.executor.memory": 4.296571452799901, "spark.executor.memoryOverhead": 782.9558067116523, "spark.memory.fraction": 0.5800172027996565, "spark.memory.storageFraction": 0.637129514489108, "spark.reducer.maxBlocksInFlightPerAddress": 1286544156.2704773, "spark.reducer.maxSizeInFlight": 61.61584180257596, "spark.shuffle.file.buffer": 43.7412879570988}, "datetime": {"datetime": "2022-01-06 18:58:29", "elapsed": 5.168001, "delta": 0.11102}}
{"target": -2799.3204700000015, "params": {"spark.default.parallelism": 474.2829437708807, "spark.executor.cores": 1.143610872013794, "spark.executor.instances": 7.287209383618345, "spark.executor.memory": 4.4267693431554065, "spark.executor.memoryOverhead": 652.0688730125944, "spark.memory.fraction": 0.8883245154279932, "spark.memory.storageFraction": 0.6113896501643232, "spark.reducer.maxBlocksInFlightPerAddress": 1917525258.5781455, "spark.reducer.maxSizeInFlight": 50.054075213392316, "spark.shuffle.file.buffer": 32.21165596542378}, "datetime": {"datetime": "2022-01-06 18:58:30", "elapsed": 5.285051, "delta": 0.11705}}
{"target": -2803.2442800000017, "params": {"spark.default.parallelism": 229.8834912341512, "spark.executor.cores": 1.0513419482660746, "spark.executor.instances": 6.085630620827569, "spark.executor.memory": 3.880824608084542, "spark.executor.memoryOverhead": 561.9279861938372, "spark.memory.fraction": 0.7519489144407797, "spark.memory.storageFraction": 0.5949200961874158, "spark.reducer.maxBlocksInFlightPerAddress": 1795674818.3102322, "spark.reducer.maxSizeInFlight": 25.98486977742943, "spark.shuffle.file.buffer": 17.335996673514366}, "datetime": {"datetime": "2022-01-06 18:58:30", "elapsed": 5.396027, "delta": 0.110976}}
{"target": -2797.3451900000005, "params": {"spark.default.parallelism": 441.52273423147125, "spark.executor.cores": 1.3783418642145664, "spark.executor.instances": 6.237107199768184, "spark.executor.memory": 4.963242912610408, "spark.executor.memoryOverhead": 683.1630461273046, "spark.memory.fraction": 0.5935561552249289, "spark.memory.storageFraction": 0.6589038844010653, "spark.reducer.maxBlocksInFlightPerAddress": 1211121339.719471, "spark.reducer.maxSizeInFlight": 34.25778104256164, "spark.shuffle.file.buffer": 44.51905330209246}, "datetime": {"datetime": "2022-01-06 18:58:30", "elapsed": 5.526969, "delta": 0.130942}}
{"target": -2799.938190000002, "params": {"spark.default.parallelism": 200.34315316453427, "spark.executor.cores": 2.339229559999332, "spark.executor.instances": 4.8109376941116055, "spark.executor.memory": 4.628366812556363, "spark.executor.memoryOverhead": 666.7871254267473, "spark.memory.fraction": 0.8658135892715397, "spark.memory.storageFraction": 0.5704762278416202, "spark.reducer.maxBlocksInFlightPerAddress": 1546614807.567275, "spark.reducer.maxSizeInFlight": 56.737297795710454, "spark.shuffle.file.buffer": 20.481633925806147}, "datetime": {"datetime": "2022-01-06 18:58:30", "elapsed": 5.643963, "delta": 0.116994}}
{"target": -4386.291189999998, "params": {"spark.default.parallelism": 238.70787925420439, "spark.executor.cores": 2.5341544823707443, "spark.executor.instances": 7.921700960071483, "spark.executor.memory": 3.8141914411582096, "spark.executor.memoryOverhead": 760.684354293043, "spark.memory.fraction": 0.784116256484289, "spark.memory.storageFraction": 0.8956997212825497, "spark.reducer.maxBlocksInFlightPerAddress": 1210884713.8956282, "spark.reducer.maxSizeInFlight": 32.221233261654575, "spark.shuffle.file.buffer": 16.196216667468622}, "datetime": {"datetime": "2022-01-06 18:58:30", "elapsed": 5.762041, "delta": 0.118078}}
{"target": -2799.0154900000016, "params": {"spark.default.parallelism": 366.60679832538403, "spark.executor.cores": 2.770486312540024, "spark.executor.instances": 5.957456331956243, "spark.executor.memory": 6.5235929040549046, "spark.executor.memoryOverhead": 656.7209904040955, "spark.memory.fraction": 0.6828342895116202, "spark.memory.storageFraction": 0.7765325414719864, "spark.reducer.maxBlocksInFlightPerAddress": 1286780543.047246, "spark.reducer.maxSizeInFlight": 55.56066523713422, "spark.shuffle.file.buffer": 35.295849588956166}, "datetime": {"datetime": "2022-01-06 18:58:30", "elapsed": 5.879018, "delta": 0.116977}}
{"target": -2799.552100000001, "params": {"spark.default.parallelism": 431.634625055792, "spark.executor.cores": 1.2835353433935788, "spark.executor.instances": 6.873482626175848, "spark.executor.memory": 6.36135250101283, "spark.executor.memoryOverhead": 479.9992951630579, "spark.memory.fraction": 0.6015377868569638, "spark.memory.storageFraction": 0.6310789531301787, "spark.reducer.maxBlocksInFlightPerAddress": 1123075953.6965623, "spark.reducer.maxSizeInFlight": 61.83048223260343, "spark.shuffle.file.buffer": 34.76835324201903}, "datetime": {"datetime": "2022-01-06 18:58:30", "elapsed": 6.007029, "delta": 0.128011}}
{"target": -2798.0697400000017, "params": {"spark.default.parallelism": 405.0623457984665, "spark.executor.cores": 1.8372393339670379, "spark.executor.instances": 5.96766875578323, "spark.executor.memory": 3.7619043190049073, "spark.executor.memoryOverhead": 630.7044960510992, "spark.memory.fraction": 0.5944946719677471, "spark.memory.storageFraction": 0.7003602136940383, "spark.reducer.maxBlocksInFlightPerAddress": 1420872561.9012897, "spark.reducer.maxSizeInFlight": 66.61595438424618, "spark.shuffle.file.buffer": 44.433546695329376}, "datetime": {"datetime": "2022-01-06 18:58:30", "elapsed": 6.126054, "delta": 0.119025}}
{"target": -2800.7096700000006, "params": {"spark.default.parallelism": 301.8365674656283, "spark.executor.cores": 2.936629801190546, "spark.executor.instances": 4.2364122721814805, "spark.executor.memory": 6.141232048725399, "spark.executor.memoryOverhead": 511.6754752172059, "spark.memory.fraction": 0.7201281771954559, "spark.memory.storageFraction": 0.8475052094350946, "spark.reducer.maxBlocksInFlightPerAddress": 1121455643.0546029, "spark.reducer.maxSizeInFlight": 56.41200610191934, "spark.shuffle.file.buffer": 23.53254631452032}, "datetime": {"datetime": "2022-01-06 18:58:30", "elapsed": 6.244996, "delta": 0.118942}}
