{"target": -2797.5286000000024, "params": {"spark.default.parallelism": 280.7132556084708, "spark.executor.cores": 2.112955071564624, "spark.executor.instances": 7.107335662663312, "spark.executor.memory": 5.734584628617965, "spark.executor.memoryOverhead": 553.1647910405472, "spark.memory.fraction": 0.6417415133513878, "spark.memory.storageFraction": 0.7228945313490892, "spark.reducer.maxBlocksInFlightPerAddress": 1544972361.3316028, "spark.reducer.maxSizeInFlight": 66.3244492891621, "spark.shuffle.file.buffer": 35.76922506137164}, "datetime": {"datetime": "2022-01-06 18:55:59", "elapsed": 5.036065, "delta": 0.141626}}
{"target": -2796.330230000001, "params": {"spark.default.parallelism": 354.5343640390908, "spark.executor.cores": 2.7979543668219065, "spark.executor.instances": 5.588731343557668, "spark.executor.memory": 4.329024849385059, "spark.executor.memoryOverhead": 617.3080504255868, "spark.memory.fraction": 0.8489537453262455, "spark.memory.storageFraction": 0.6654564240597145, "spark.reducer.maxBlocksInFlightPerAddress": 1556667716.9955568, "spark.reducer.maxSizeInFlight": 42.763800341976335, "spark.shuffle.file.buffer": 41.85970490235746}, "datetime": {"datetime": "2022-01-06 18:56:00", "elapsed": 5.138801, "delta": 0.102736}}
{"target": -2799.7979400000017, "params": {"spark.default.parallelism": 365.1544880829306, "spark.executor.cores": 1.4112991011856546, "spark.executor.instances": 5.552486845895661, "spark.executor.memory": 5.040422562842338, "spark.executor.memoryOverhead": 451.0232879512122, "spark.memory.fraction": 0.6190853448745892, "spark.memory.storageFraction": 0.7697591057526083, "spark.reducer.maxBlocksInFlightPerAddress": 1556683001.9104962, "spark.reducer.maxSizeInFlight": 66.82352657210384, "spark.shuffle.file.buffer": 39.149468944947195}, "datetime": {"datetime": "2022-01-06 18:56:00", "elapsed": 5.257697, "delta": 0.118896}}
{"target": -2796.947330000002, "params": {"spark.default.parallelism": 217.95477186659178, "spark.executor.cores": 1.8317115212411903, "spark.executor.instances": 6.323096633516238, "spark.executor.memory": 6.258761331476979, "spark.executor.memoryOverhead": 485.1115298886947, "spark.memory.fraction": 0.7731835780818164, "spark.memory.storageFraction": 0.5541942099555655, "spark.reducer.maxBlocksInFlightPerAddress": 1596383508.6765504, "spark.reducer.maxSizeInFlight": 36.5215936331256, "spark.shuffle.file.buffer": 25.737650539840306}, "datetime": {"datetime": "2022-01-06 18:56:00", "elapsed": 5.383681, "delta": 0.125984}}
{"target": -2812.764570000001, "params": {"spark.default.parallelism": 392.7954077691935, "spark.executor.cores": 1.0295212997944638, "spark.executor.instances": 7.34228919794308, "spark.executor.memory": 6.157569454118771, "spark.executor.memoryOverhead": 821.844087115419, "spark.memory.fraction": 0.7225695258079433, "spark.memory.storageFraction": 0.7593910426275385, "spark.reducer.maxBlocksInFlightPerAddress": 2069869552.0445514, "spark.reducer.maxSizeInFlight": 59.64199214167872, "spark.shuffle.file.buffer": 26.953381169763883}, "datetime": {"datetime": "2022-01-06 18:56:00", "elapsed": 5.496186, "delta": 0.112505}}
{"target": -2796.970180000001, "params": {"spark.default.parallelism": 495.4171285152041, "spark.executor.cores": 1.4907411789897766, "spark.executor.instances": 6.653374189710053, "spark.executor.memory": 3.824847960187803, "spark.executor.memoryOverhead": 655.3377136709358, "spark.memory.fraction": 0.5671521336211319, "spark.memory.storageFraction": 0.6640374353856967, "spark.reducer.maxBlocksInFlightPerAddress": 1463605853.4638577, "spark.reducer.maxSizeInFlight": 52.57639455015196, "spark.shuffle.file.buffer": 36.595002558841045}, "datetime": {"datetime": "2022-01-06 18:56:00", "elapsed": 5.616716, "delta": 0.12053}}
{"target": -2804.508810000002, "params": {"spark.default.parallelism": 465.5783993990668, "spark.executor.cores": 1.6588688714597994, "spark.executor.instances": 6.717676913188203, "spark.executor.memory": 3.0415263869182834, "spark.executor.memoryOverhead": 597.8898483714014, "spark.memory.fraction": 0.5230828885300839, "spark.memory.storageFraction": 0.7043302266581761, "spark.reducer.maxBlocksInFlightPerAddress": 1936079967.9553044, "spark.reducer.maxSizeInFlight": 64.51204855908169, "spark.shuffle.file.buffer": 44.70268559598256}, "datetime": {"datetime": "2022-01-06 18:56:00", "elapsed": 5.746369, "delta": 0.129653}}
{"target": -2851.5865800000024, "params": {"spark.default.parallelism": 278.8177059328466, "spark.executor.cores": 1.9534005453325658, "spark.executor.instances": 6.851716371702194, "spark.executor.memory": 3.1506740930216277, "spark.executor.memoryOverhead": 744.0102703047173, "spark.memory.fraction": 0.5149069560394814, "spark.memory.storageFraction": 0.7336208861553157, "spark.reducer.maxBlocksInFlightPerAddress": 1648453662.366925, "spark.reducer.maxSizeInFlight": 50.89832521285474, "spark.shuffle.file.buffer": 16.498308584056094}, "datetime": {"datetime": "2022-01-06 18:56:00", "elapsed": 5.875962, "delta": 0.129593}}
{"target": -2798.36278, "params": {"spark.default.parallelism": 219.32984775182257, "spark.executor.cores": 1.0996380933783934, "spark.executor.instances": 4.5387777876345465, "spark.executor.memory": 3.607351378103743, "spark.executor.memoryOverhead": 558.113317170222, "spark.memory.fraction": 0.6581736074348622, "spark.memory.storageFraction": 0.7968911571907069, "spark.reducer.maxBlocksInFlightPerAddress": 1157738607.0580997, "spark.reducer.maxSizeInFlight": 67.48032976852721, "spark.shuffle.file.buffer": 41.2477272410122}, "datetime": {"datetime": "2022-01-06 18:56:00", "elapsed": 6.003621, "delta": 0.127659}}
{"target": -2810.6783000000014, "params": {"spark.default.parallelism": 422.71754570274766, "spark.executor.cores": 2.1997742412008607, "spark.executor.instances": 7.445781438739136, "spark.executor.memory": 3.0730369525566585, "spark.executor.memoryOverhead": 779.9518569013846, "spark.memory.fraction": 0.5514138630121824, "spark.memory.storageFraction": 0.6147101937526496, "spark.reducer.maxBlocksInFlightPerAddress": 2095265716.7508826, "spark.reducer.maxSizeInFlight": 32.54826267023497, "spark.shuffle.file.buffer": 26.894352077651057}, "datetime": {"datetime": "2022-01-06 18:56:00", "elapsed": 6.117316, "delta": 0.113695}}
{"target": -2795.9901500000014, "params": {"spark.default.parallelism": 424.24348196573476, "spark.executor.cores": 1.5597361794511855, "spark.executor.instances": 6.7393133226447315, "spark.executor.memory": 3.9615567002686998, "spark.executor.memoryOverhead": 624.2220606074618, "spark.memory.fraction": 0.8804609307702389, "spark.memory.storageFraction": 0.5125537097902136, "spark.reducer.maxBlocksInFlightPerAddress": 1875774786.71811, "spark.reducer.maxSizeInFlight": 48.21351965718215, "spark.shuffle.file.buffer": 31.34507270735779}, "datetime": {"datetime": "2022-01-06 18:56:01", "elapsed": 6.232516, "delta": 0.1152}}
{"target": -2801.689660000001, "params": {"spark.default.parallelism": 377.09777315872, "spark.executor.cores": 2.2473834830511867, "spark.executor.instances": 5.147171357705558, "spark.executor.memory": 4.0540199803773564, "spark.executor.memoryOverhead": 449.6322622302265, "spark.memory.fraction": 0.8918781305149005, "spark.memory.storageFraction": 0.8800627995930015, "spark.reducer.maxBlocksInFlightPerAddress": 1276603972.857214, "spark.reducer.maxSizeInFlight": 69.11448281340574, "spark.shuffle.file.buffer": 31.312700085349128}, "datetime": {"datetime": "2022-01-06 18:56:01", "elapsed": 6.359685, "delta": 0.127169}}
