{"target": -2797.160070000001, "params": {"spark.default.parallelism": 321.3969059726106, "spark.executor.cores": 1.5164105380076185, "spark.executor.instances": 4.566180471879269, "spark.executor.memory": 6.4036100954367825, "spark.executor.memoryOverhead": 575.006611968297, "spark.memory.fraction": 0.592259278826687, "spark.memory.storageFraction": 0.8170553099177664, "spark.reducer.maxBlocksInFlightPerAddress": 1446858559.40834, "spark.reducer.maxSizeInFlight": 60.149714907560636, "spark.shuffle.file.buffer": 37.675663118847716}, "datetime": {"datetime": "2022-01-06 19:03:16", "elapsed": 5.237407, "delta": 0.114377}}
{"target": -2794.081320000001, "params": {"spark.default.parallelism": 480.1439205837154, "spark.executor.cores": 2.5380204539203133, "spark.executor.instances": 7.535806369564266, "spark.executor.memory": 4.521630429781348, "spark.executor.memoryOverhead": 683.5896122492267, "spark.memory.fraction": 0.6186727194837771, "spark.memory.storageFraction": 0.5193199737599725, "spark.reducer.maxBlocksInFlightPerAddress": 1447080980.652629, "spark.reducer.maxSizeInFlight": 60.11402756409356, "spark.shuffle.file.buffer": 45.6763071706896}, "datetime": {"datetime": "2022-01-06 19:03:16", "elapsed": 5.362049, "delta": 0.124642}}
{"target": -2798.1993700000016, "params": {"spark.default.parallelism": 323.37263184550727, "spark.executor.cores": 2.7181957144669333, "spark.executor.instances": 6.582584068298878, "spark.executor.memory": 4.272698188344288, "spark.executor.memoryOverhead": 608.2669615417753, "spark.memory.fraction": 0.6208088883762788, "spark.memory.storageFraction": 0.8156495895536509, "spark.reducer.maxBlocksInFlightPerAddress": 1447283357.3976765, "spark.reducer.maxSizeInFlight": 53.11831580539793, "spark.shuffle.file.buffer": 36.38710372051102}, "datetime": {"datetime": "2022-01-06 19:03:16", "elapsed": 5.483276, "delta": 0.121227}}
{"target": -2793.282280000001, "params": {"spark.default.parallelism": 478.9143342195407, "spark.executor.cores": 1.8064869467556022, "spark.executor.instances": 5.26801811754963, "spark.executor.memory": 5.1126924770470366, "spark.executor.memoryOverhead": 680.4667996132323, "spark.memory.fraction": 0.738604342537781, "spark.memory.storageFraction": 0.5005732284729023, "spark.reducer.maxBlocksInFlightPerAddress": 1398557817.9352138, "spark.reducer.maxSizeInFlight": 56.194125179785814, "spark.shuffle.file.buffer": 41.716634249209136}, "datetime": {"datetime": "2022-01-06 19:03:16", "elapsed": 5.595975, "delta": 0.112699}}
{"target": -2796.970180000001, "params": {"spark.default.parallelism": 495.4171285152041, "spark.executor.cores": 1.4907411789897766, "spark.executor.instances": 6.653374189710053, "spark.executor.memory": 3.824847960187803, "spark.executor.memoryOverhead": 655.3377136709358, "spark.memory.fraction": 0.5671521336211319, "spark.memory.storageFraction": 0.6640374353856967, "spark.reducer.maxBlocksInFlightPerAddress": 1463605853.4638577, "spark.reducer.maxSizeInFlight": 52.57639455015196, "spark.shuffle.file.buffer": 36.595002558841045}, "datetime": {"datetime": "2022-01-06 19:03:16", "elapsed": 5.701404, "delta": 0.105429}}
{"target": -2796.575720000001, "params": {"spark.default.parallelism": 438.0254600148125, "spark.executor.cores": 1.1536046837901264, "spark.executor.instances": 5.952617296704373, "spark.executor.memory": 3.1182715882221843, "spark.executor.memoryOverhead": 386.5019201566825, "spark.memory.fraction": 0.8883638678501824, "spark.memory.storageFraction": 0.8683305627811071, "spark.reducer.maxBlocksInFlightPerAddress": 1398645501.0486417, "spark.reducer.maxSizeInFlight": 48.02318770114404, "spark.shuffle.file.buffer": 46.61976098778368}, "datetime": {"datetime": "2022-01-06 19:03:16", "elapsed": 5.831033, "delta": 0.129629}}
{"target": -2801.1727900000014, "params": {"spark.default.parallelism": 283.69465370005787, "spark.executor.cores": 2.2483242641457384, "spark.executor.instances": 5.522156336989557, "spark.executor.memory": 3.1236149958657, "spark.executor.memoryOverhead": 438.3329443549788, "spark.memory.fraction": 0.8456052864520127, "spark.memory.storageFraction": 0.7380650707028859, "spark.reducer.maxBlocksInFlightPerAddress": 1382247438.986318, "spark.reducer.maxSizeInFlight": 45.99577935462357, "spark.shuffle.file.buffer": 40.38290924243357}, "datetime": {"datetime": "2022-01-06 19:03:17", "elapsed": 5.954414, "delta": 0.123381}}
{"target": -2798.111410000002, "params": {"spark.default.parallelism": 398.3924697490122, "spark.executor.cores": 1.3327297664368825, "spark.executor.instances": 6.187901416945721, "spark.executor.memory": 4.133474292390661, "spark.executor.memoryOverhead": 598.702367389414, "spark.memory.fraction": 0.64656059848643, "spark.memory.storageFraction": 0.5875688228794822, "spark.reducer.maxBlocksInFlightPerAddress": 1398608662.153112, "spark.reducer.maxSizeInFlight": 33.730867335286476, "spark.shuffle.file.buffer": 29.74661388445527}, "datetime": {"datetime": "2022-01-06 19:03:17", "elapsed": 6.07908, "delta": 0.124666}}
{"target": -2797.1625200000008, "params": {"spark.default.parallelism": 242.67178612368224, "spark.executor.cores": 2.5899688143577455, "spark.executor.instances": 4.910480178076391, "spark.executor.memory": 5.6400014385306, "spark.executor.memoryOverhead": 575.515183035076, "spark.memory.fraction": 0.8797162127041384, "spark.memory.storageFraction": 0.6643245765758078, "spark.reducer.maxBlocksInFlightPerAddress": 1382097345.5983415, "spark.reducer.maxSizeInFlight": 55.056824053703394, "spark.shuffle.file.buffer": 39.39667038605818}, "datetime": {"datetime": "2022-01-06 19:03:17", "elapsed": 6.209393, "delta": 0.130313}}
{"target": -2801.8139900000006, "params": {"spark.default.parallelism": 458.0098030048655, "spark.executor.cores": 1.6091687064323494, "spark.executor.instances": 7.78108893219575, "spark.executor.memory": 5.333332544274932, "spark.executor.memoryOverhead": 407.45570700714956, "spark.memory.fraction": 0.8368080087304008, "spark.memory.storageFraction": 0.8302308106088134, "spark.reducer.maxBlocksInFlightPerAddress": 1245407605.7229977, "spark.reducer.maxSizeInFlight": 69.63321227915063, "spark.shuffle.file.buffer": 46.519242347458416}, "datetime": {"datetime": "2022-01-06 19:03:17", "elapsed": 6.357971, "delta": 0.148578}}
{"target": -2800.2835000000014, "params": {"spark.default.parallelism": 388.25044459921446, "spark.executor.cores": 1.0583159239650963, "spark.executor.instances": 6.4863614197785235, "spark.executor.memory": 6.805015160384494, "spark.executor.memoryOverhead": 695.7888713319842, "spark.memory.fraction": 0.7212353411069267, "spark.memory.storageFraction": 0.5943346311157405, "spark.reducer.maxBlocksInFlightPerAddress": 1447012640.7825685, "spark.reducer.maxSizeInFlight": 26.11263347135275, "spark.shuffle.file.buffer": 17.90886242663827}, "datetime": {"datetime": "2022-01-06 19:03:17", "elapsed": 6.489699, "delta": 0.131728}}
"{'maxIndex': 73, 'target': -2793.282280000001, 'params': {'spark.default.parallelism': 478.9143342195407, 'spark.executor.cores': 1.8064869467556022, 'spark.executor.instances': 5.26801811754963, 'spark.executor.memory': 5.1126924770470366, 'spark.executor.memoryOverhead': 680.4667996132323, 'spark.memory.fraction': 0.738604342537781, 'spark.memory.storageFraction': 0.5005732284729023, 'spark.reducer.maxBlocksInFlightPerAddress': 1398557817.9352138, 'spark.reducer.maxSizeInFlight': 56.194125179785814, 'spark.shuffle.file.buffer': 41.716634249209136}}"