{"target": -2800.7705100000017, "params": {"spark.default.parallelism": 467.38813117515343, "spark.executor.cores": 2.849886302167637, "spark.executor.instances": 6.017628110809618, "spark.executor.memory": 3.148003794603157, "spark.executor.memoryOverhead": 498.2084517988844, "spark.memory.fraction": 0.8417491880010528, "spark.memory.storageFraction": 0.7427035753336048, "spark.reducer.maxBlocksInFlightPerAddress": 1258378185.155991, "spark.reducer.maxSizeInFlight": 42.46765750771512, "spark.shuffle.file.buffer": 17.48496184129796}, "datetime": {"datetime": "2022-01-07 15:47:45", "elapsed": 5.699992, "delta": 0.125547}}
{"target": -2797.899460000002, "params": {"spark.default.parallelism": 294.58806145946403, "spark.executor.cores": 2.317144855019889, "spark.executor.instances": 7.281885319724215, "spark.executor.memory": 3.0145903230072193, "spark.executor.memoryOverhead": 848.9504720908831, "spark.memory.fraction": 0.5386715104621926, "spark.memory.storageFraction": 0.5459274054309039, "spark.reducer.maxBlocksInFlightPerAddress": 1826983315.7000504, "spark.reducer.maxSizeInFlight": 28.481500709446586, "spark.shuffle.file.buffer": 38.047390105370134}, "datetime": {"datetime": "2022-01-07 15:47:45", "elapsed": 5.824468, "delta": 0.124476}}
{"target": -2799.0762200000013, "params": {"spark.default.parallelism": 331.4004271658174, "spark.executor.cores": 1.109403356176441, "spark.executor.instances": 5.093122695937391, "spark.executor.memory": 3.0859149172703977, "spark.executor.memoryOverhead": 505.7474363765763, "spark.memory.fraction": 0.7239930410419454, "spark.memory.storageFraction": 0.8360029462708212, "spark.reducer.maxBlocksInFlightPerAddress": 1610824436.304819, "spark.reducer.maxSizeInFlight": 39.83896668345255, "spark.shuffle.file.buffer": 20.16033521761323}, "datetime": {"datetime": "2022-01-07 15:47:45", "elapsed": 5.945355, "delta": 0.120887}}
{"target": -2798.737250000001, "params": {"spark.default.parallelism": 245.79187986759217, "spark.executor.cores": 2.4684067846309663, "spark.executor.instances": 7.326879234440787, "spark.executor.memory": 5.468446720628817, "spark.executor.memoryOverhead": 388.51390506115183, "spark.memory.fraction": 0.631735690103441, "spark.memory.storageFraction": 0.6889703790635208, "spark.reducer.maxBlocksInFlightPerAddress": 1383047026.4469025, "spark.reducer.maxSizeInFlight": 59.935333603191694, "spark.shuffle.file.buffer": 42.28807293107873}, "datetime": {"datetime": "2022-01-07 15:47:45", "elapsed": 6.063387, "delta": 0.118032}}
{"target": -2796.970180000001, "params": {"spark.default.parallelism": 495.4171285152041, "spark.executor.cores": 1.4907411789897766, "spark.executor.instances": 6.653374189710053, "spark.executor.memory": 3.824847960187803, "spark.executor.memoryOverhead": 655.3377136709358, "spark.memory.fraction": 0.5671521336211319, "spark.memory.storageFraction": 0.6640374353856967, "spark.reducer.maxBlocksInFlightPerAddress": 1463605853.4638577, "spark.reducer.maxSizeInFlight": 52.57639455015196, "spark.shuffle.file.buffer": 36.595002558841045}, "datetime": {"datetime": "2022-01-07 15:47:45", "elapsed": 6.167366, "delta": 0.103979}}
{"target": -2796.9245900000014, "params": {"spark.default.parallelism": 443.04358936441724, "spark.executor.cores": 2.1636812615751997, "spark.executor.instances": 5.803192520826354, "spark.executor.memory": 3.6952238420979113, "spark.executor.memoryOverhead": 393.87023287934545, "spark.memory.fraction": 0.7664039570576981, "spark.memory.storageFraction": 0.5383361707130894, "spark.reducer.maxBlocksInFlightPerAddress": 1461403987.463567, "spark.reducer.maxSizeInFlight": 71.73931694060731, "spark.shuffle.file.buffer": 27.469312455692624}, "datetime": {"datetime": "2022-01-07 15:47:45", "elapsed": 6.29009, "delta": 0.122724}}
{"target": -2793.38176, "params": {"spark.default.parallelism": 343.557740898309, "spark.executor.cores": 1.7735376623679686, "spark.executor.instances": 4.144165681277501, "spark.executor.memory": 5.627370326410777, "spark.executor.memoryOverhead": 504.98599019378617, "spark.memory.fraction": 0.513769564166101, "spark.memory.storageFraction": 0.5195171220998986, "spark.reducer.maxBlocksInFlightPerAddress": 1258444512.5697904, "spark.reducer.maxSizeInFlight": 48.81197378871504, "spark.shuffle.file.buffer": 38.279328165661965}, "datetime": {"datetime": "2022-01-07 15:47:46", "elapsed": 6.446676, "delta": 0.156586}}
{"target": -2798.36278, "params": {"spark.default.parallelism": 219.32984775182257, "spark.executor.cores": 1.0996380933783934, "spark.executor.instances": 4.5387777876345465, "spark.executor.memory": 3.607351378103743, "spark.executor.memoryOverhead": 558.113317170222, "spark.memory.fraction": 0.6581736074348622, "spark.memory.storageFraction": 0.7968911571907069, "spark.reducer.maxBlocksInFlightPerAddress": 1157738607.0580997, "spark.reducer.maxSizeInFlight": 67.48032976852721, "spark.shuffle.file.buffer": 41.2477272410122}, "datetime": {"datetime": "2022-01-07 15:47:46", "elapsed": 6.56746, "delta": 0.120784}}
{"target": -2803.4107600000016, "params": {"spark.default.parallelism": 371.5382596102332, "spark.executor.cores": 2.4800673256910155, "spark.executor.instances": 7.23619224929287, "spark.executor.memory": 4.156025063710565, "spark.executor.memoryOverhead": 424.78434709764673, "spark.memory.fraction": 0.6735077196393108, "spark.memory.storageFraction": 0.7679815508821495, "spark.reducer.maxBlocksInFlightPerAddress": 1610874912.5895085, "spark.reducer.maxSizeInFlight": 27.859438799359047, "spark.shuffle.file.buffer": 18.816104522786194}, "datetime": {"datetime": "2022-01-07 15:47:46", "elapsed": 6.696993, "delta": 0.129533}}
{"target": -2795.6302700000006, "params": {"spark.default.parallelism": 305.0277432609675, "spark.executor.cores": 2.05188489492045, "spark.executor.instances": 4.45183478255794, "spark.executor.memory": 6.216171947110529, "spark.executor.memoryOverhead": 715.6090427501737, "spark.memory.fraction": 0.6159216556960858, "spark.memory.storageFraction": 0.6863015231888179, "spark.reducer.maxBlocksInFlightPerAddress": 1680501120.588844, "spark.reducer.maxSizeInFlight": 49.29471395842581, "spark.shuffle.file.buffer": 43.40450311530489}, "datetime": {"datetime": "2022-01-07 15:47:46", "elapsed": 6.830216, "delta": 0.133223}}
