{"target": -2809.7981600000016, "params": {"spark.default.parallelism": 348.081557403503, "spark.executor.cores": 1.6008658232281, "spark.executor.instances": 6.089314266823582, "spark.executor.memory": 4.888787656885654, "spark.executor.memoryOverhead": 440.1479044109972, "spark.memory.fraction": 0.5467482300116583, "spark.memory.storageFraction": 0.5689390747928883, "spark.reducer.maxBlocksInFlightPerAddress": 1975413191.137765, "spark.reducer.maxSizeInFlight": 37.759828736498484, "spark.shuffle.file.buffer": 16.68919499336806}, "datetime": {"datetime": "2022-01-07 15:49:33", "elapsed": 0.0, "delta": 0.0}}
{"target": -2799.934020000002, "params": {"spark.default.parallelism": 460.5589631594639, "spark.executor.cores": 1.4958091708864982, "spark.executor.instances": 6.812353619597122, "spark.executor.memory": 3.1742155479528416, "spark.executor.memoryOverhead": 644.4951184606156, "spark.memory.fraction": 0.5015672948490753, "spark.memory.storageFraction": 0.7541071307711027, "spark.reducer.maxBlocksInFlightPerAddress": 1920567307.656144, "spark.reducer.maxSizeInFlight": 28.87799317994994, "spark.shuffle.file.buffer": 36.12456450450345}, "datetime": {"datetime": "2022-01-07 15:49:33", "elapsed": 0.026028, "delta": 0.026028}}
{"target": -2798.7869600000004, "params": {"spark.default.parallelism": 236.52920669527023, "spark.executor.cores": 1.2894576379352787, "spark.executor.instances": 5.291630053966352, "spark.executor.memory": 3.579167004921693, "spark.executor.memoryOverhead": 502.77541333848046, "spark.memory.fraction": 0.8769920605204803, "spark.memory.storageFraction": 0.8489075570315276, "spark.reducer.maxBlocksInFlightPerAddress": 1258245324.8657103, "spark.reducer.maxSizeInFlight": 61.46900721604046, "spark.shuffle.file.buffer": 26.532455870176562}, "datetime": {"datetime": "2022-01-07 15:49:33", "elapsed": 0.051968, "delta": 0.02594}}
{"target": -2799.9368900000013, "params": {"spark.default.parallelism": 434.10971614445566, "spark.executor.cores": 2.9006500341931067, "spark.executor.instances": 5.633538520915151, "spark.executor.memory": 4.3356664821323365, "spark.executor.memoryOverhead": 416.30479621267676, "spark.memory.fraction": 0.633318416289247, "spark.memory.storageFraction": 0.6325500156111408, "spark.reducer.maxBlocksInFlightPerAddress": 1437954051.6471653, "spark.reducer.maxSizeInFlight": 56.01257674995705, "spark.shuffle.file.buffer": 43.1732707957742}, "datetime": {"datetime": "2022-01-07 15:49:33", "elapsed": 0.076933, "delta": 0.024965}}
{"target": -2799.6202600000024, "params": {"spark.default.parallelism": 404.51651007786575, "spark.executor.cores": 2.3333142350824434, "spark.executor.instances": 4.081629789719166, "spark.executor.memory": 6.360247055893415, "spark.executor.memoryOverhead": 583.4861640104464, "spark.memory.fraction": 0.8289963306046408, "spark.memory.storageFraction": 0.7291160533480004, "spark.reducer.maxBlocksInFlightPerAddress": 1599012747.310921, "spark.reducer.maxSizeInFlight": 40.98006351614621, "spark.shuffle.file.buffer": 21.21011220545813}, "datetime": {"datetime": "2022-01-07 15:49:33", "elapsed": 0.101833, "delta": 0.0249}}
{"target": -2796.2273000000014, "params": {"spark.default.parallelism": 263.9997022756037, "spark.executor.cores": 1.1643566088532418, "spark.executor.instances": 4.944262193741483, "spark.executor.memory": 6.183486417696139, "spark.executor.memoryOverhead": 724.5364680459813, "spark.memory.fraction": 0.6004343863295137, "spark.memory.storageFraction": 0.617358941049491, "spark.reducer.maxBlocksInFlightPerAddress": 1742676725.8038495, "spark.reducer.maxSizeInFlight": 70.81735845275696, "spark.shuffle.file.buffer": 38.700285930451535}, "datetime": {"datetime": "2022-01-07 15:49:33", "elapsed": 0.125797, "delta": 0.023964}}
{"target": -2796.5129300000012, "params": {"spark.default.parallelism": 207.88711965637677, "spark.executor.cores": 1.9853654277854902, "spark.executor.instances": 6.791342349405927, "spark.executor.memory": 5.488586596521838, "spark.executor.memoryOverhead": 833.1547105520176, "spark.memory.fraction": 0.768394979701646, "spark.memory.storageFraction": 0.6919363758273399, "spark.reducer.maxBlocksInFlightPerAddress": 1332901079.7938745, "spark.reducer.maxSizeInFlight": 65.76326825533496, "spark.shuffle.file.buffer": 33.37493065411322}, "datetime": {"datetime": "2022-01-07 15:49:33", "elapsed": 0.150704, "delta": 0.024907}}
{"target": -2794.4441300000008, "params": {"spark.default.parallelism": 299.6120760458674, "spark.executor.cores": 2.013148357695844, "spark.executor.instances": 4.741985478709292, "spark.executor.memory": 6.648768896081206, "spark.executor.memoryOverhead": 796.0757791402791, "spark.memory.fraction": 0.6848776237140882, "spark.memory.storageFraction": 0.5207619261471681, "spark.reducer.maxBlocksInFlightPerAddress": 1176810076.8860242, "spark.reducer.maxSizeInFlight": 45.66021688653423, "spark.shuffle.file.buffer": 47.060409984282146}, "datetime": {"datetime": "2022-01-07 15:49:33", "elapsed": 0.175664, "delta": 0.02496}}
{"target": -2811.401900000001, "params": {"spark.default.parallelism": 355.73843857842235, "spark.executor.cores": 2.443498720435792, "spark.executor.instances": 7.2679924911226115, "spark.executor.memory": 5.164539629770911, "spark.executor.memoryOverhead": 740.0259401320516, "spark.memory.fraction": 0.7021588832102375, "spark.memory.storageFraction": 0.782964220266199, "spark.reducer.maxBlocksInFlightPerAddress": 2045201073.5206308, "spark.reducer.maxSizeInFlight": 49.705309634176956, "spark.shuffle.file.buffer": 24.441210898690986}, "datetime": {"datetime": "2022-01-07 15:49:33", "elapsed": 0.199599, "delta": 0.023935}}
{"target": -2797.9643200000014, "params": {"spark.default.parallelism": 483.739031980583, "spark.executor.cores": 2.754828831843054, "spark.executor.instances": 7.634436376061966, "spark.executor.memory": 4.01642502667578, "spark.executor.memoryOverhead": 567.5331857474016, "spark.memory.fraction": 0.7925925205608456, "spark.memory.storageFraction": 0.8832823200960578, "spark.reducer.maxBlocksInFlightPerAddress": 1669216086.730443, "spark.reducer.maxSizeInFlight": 26.354114284263108, "spark.shuffle.file.buffer": 31.56041106409025}, "datetime": {"datetime": "2022-01-07 15:49:33", "elapsed": 0.224535, "delta": 0.024936}}
{"target": -2852.514780000002, "params": {"spark.default.parallelism": 162.0, "spark.executor.cores": 1.1225687771239306, "spark.executor.instances": 7.062584583565987, "spark.executor.memory": 6.282795188976053, "spark.executor.memoryOverhead": 322.32803833851074, "spark.memory.fraction": 0.7888093849768418, "spark.memory.storageFraction": 0.7454707731721891, "spark.reducer.maxBlocksInFlightPerAddress": 1397500598.8588183, "spark.reducer.maxSizeInFlight": 22.10156230004089, "spark.shuffle.file.buffer": 14.263137290119156}, "datetime": {"datetime": "2022-01-07 15:49:33", "elapsed": 0.248441, "delta": 0.023906}}
{"target": -2798.921070000001, "params": {"spark.default.parallelism": 198.23618722997918, "spark.executor.cores": 1.6747499165161406, "spark.executor.instances": 5.347124345450459, "spark.executor.memory": 6.147745163354272, "spark.executor.memoryOverhead": 311.04, "spark.memory.fraction": 0.8605422924409051, "spark.memory.storageFraction": 0.6373609320645959, "spark.reducer.maxBlocksInFlightPerAddress": 1286415748.7972577, "spark.reducer.maxSizeInFlight": 26.24808980563757, "spark.shuffle.file.buffer": 18.83926233695104}, "datetime": {"datetime": "2022-01-07 15:49:33", "elapsed": 0.273403, "delta": 0.024962}}
{"target": -2805.0841700000005, "params": {"spark.default.parallelism": 254.41663823987287, "spark.executor.cores": 1.9024238296831442, "spark.executor.instances": 6.041283322560057, "spark.executor.memory": 4.757915467305603, "spark.executor.memoryOverhead": 422.5457023485424, "spark.memory.fraction": 0.6574465825116983, "spark.memory.storageFraction": 0.8220178950529902, "spark.reducer.maxBlocksInFlightPerAddress": 1079809854.0693185, "spark.reducer.maxSizeInFlight": 19.44885915380646, "spark.shuffle.file.buffer": 26.954741779046614}, "datetime": {"datetime": "2022-01-07 15:49:33", "elapsed": 0.298331, "delta": 0.024928}}
{"target": -2851.3588000000013, "params": {"spark.default.parallelism": 162.0, "spark.executor.cores": 1.657487688508798, "spark.executor.instances": 4.669999217822747, "spark.executor.memory": 3.6542839353314776, "spark.executor.memoryOverhead": 340.44861155041497, "spark.memory.fraction": 0.5339609506529294, "spark.memory.storageFraction": 0.696243742224198, "spark.reducer.maxBlocksInFlightPerAddress": 1335243797.5087678, "spark.reducer.maxSizeInFlight": 30.803734043868534, "spark.shuffle.file.buffer": 15.138950804141503}, "datetime": {"datetime": "2022-01-07 15:49:33", "elapsed": 0.322244, "delta": 0.023913}}
{"target": -2797.981800000001, "params": {"spark.default.parallelism": 168.11798034771098, "spark.executor.cores": 1.31753391333221, "spark.executor.instances": 7.752364045495007, "spark.executor.memory": 4.291814761660422, "spark.executor.memoryOverhead": 464.5629176955058, "spark.memory.fraction": 0.660236986514042, "spark.memory.storageFraction": 0.5306134924648079, "spark.reducer.maxBlocksInFlightPerAddress": 1206004242.0494392, "spark.reducer.maxSizeInFlight": 43.11611821644652, "spark.shuffle.file.buffer": 28.74181320542242}, "datetime": {"datetime": "2022-01-07 15:49:33", "elapsed": 0.346207, "delta": 0.023963}}
{"target": -2797.5916800000014, "params": {"spark.default.parallelism": 162.0, "spark.executor.cores": 1.5729185325184685, "spark.executor.instances": 3.5667833998528917, "spark.executor.memory": 2.839155973333454, "spark.executor.memoryOverhead": 346.8256817375644, "spark.memory.fraction": 0.6550190627326545, "spark.memory.storageFraction": 0.6952827061378324, "spark.reducer.maxBlocksInFlightPerAddress": 1369622283.18751, "spark.reducer.maxSizeInFlight": 26.24279594049269, "spark.shuffle.file.buffer": 29.77975764110475}, "datetime": {"datetime": "2022-01-07 15:49:33", "elapsed": 0.371148, "delta": 0.024941}}
{"target": -2805.3364100000013, "params": {"spark.default.parallelism": 169.73257910364364, "spark.executor.cores": 1.0135617865759237, "spark.executor.instances": 3.24, "spark.executor.memory": 3.285119735841207, "spark.executor.memoryOverhead": 469.7264770233426, "spark.memory.fraction": 0.5704026165391972, "spark.memory.storageFraction": 0.7515018086506349, "spark.reducer.maxBlocksInFlightPerAddress": 1280191736.512451, "spark.reducer.maxSizeInFlight": 21.23538537305027, "spark.shuffle.file.buffer": 17.646319743221923}, "datetime": {"datetime": "2022-01-07 15:49:33", "elapsed": 0.395077, "delta": 0.023929}}
{"target": -2810.6941900000015, "params": {"spark.default.parallelism": 197.2016472069968, "spark.executor.cores": 1.91166964536541, "spark.executor.instances": 5.038208908979312, "spark.executor.memory": 2.4299999999999993, "spark.executor.memoryOverhead": 311.7079545693872, "spark.memory.fraction": 0.7465543806928604, "spark.memory.storageFraction": 0.5283589368575835, "spark.reducer.maxBlocksInFlightPerAddress": 1232128730.92414, "spark.reducer.maxSizeInFlight": 23.713550312196023, "spark.shuffle.file.buffer": 21.090213653104755}, "datetime": {"datetime": "2022-01-07 15:49:33", "elapsed": 0.419982, "delta": 0.024905}}
{"target": -2851.7438800000014, "params": {"spark.default.parallelism": 162.0, "spark.executor.cores": 1.2205375483224454, "spark.executor.instances": 3.3328613492358934, "spark.executor.memory": 2.651305693678654, "spark.executor.memoryOverhead": 492.4697129309613, "spark.memory.fraction": 0.7397340569855504, "spark.memory.storageFraction": 0.8561469172190808, "spark.reducer.maxBlocksInFlightPerAddress": 1397744266.8320405, "spark.reducer.maxSizeInFlight": 35.74437174901796, "spark.shuffle.file.buffer": 13.551931069822542}, "datetime": {"datetime": "2022-01-07 15:49:33", "elapsed": 0.443946, "delta": 0.023964}}
{"target": -2801.168990000001, "params": {"spark.default.parallelism": 166.7812800291021, "spark.executor.cores": 1.7880596751278113, "spark.executor.instances": 3.9414453231128843, "spark.executor.memory": 3.92919500449876, "spark.executor.memoryOverhead": 311.03999999999996, "spark.memory.fraction": 0.8851970927332917, "spark.memory.storageFraction": 0.636209106510792, "spark.reducer.maxBlocksInFlightPerAddress": 1110431055.7329876, "spark.reducer.maxSizeInFlight": 19.44, "spark.shuffle.file.buffer": 24.694568081171226}, "datetime": {"datetime": "2022-01-07 15:49:33", "elapsed": 0.468874, "delta": 0.024928}}
{"target": -2853.086090000001, "params": {"spark.default.parallelism": 180.97430225362612, "spark.executor.cores": 1.9138355510172511, "spark.executor.instances": 5.0482211356040585, "spark.executor.memory": 4.417253950042824, "spark.executor.memoryOverhead": 499.84821158122236, "spark.memory.fraction": 0.40499999999999997, "spark.memory.storageFraction": 0.7056882875569446, "spark.reducer.maxBlocksInFlightPerAddress": 880408790.9574007, "spark.reducer.maxSizeInFlight": 21.929825610223553, "spark.shuffle.file.buffer": 12.96}, "datetime": {"datetime": "2022-01-07 15:49:33", "elapsed": 0.493815, "delta": 0.024941}}
{"target": -2852.922250000002, "params": {"spark.default.parallelism": 296.7765436365457, "spark.executor.cores": 1.0874584511468632, "spark.executor.instances": 3.6812790424582693, "spark.executor.memory": 2.6647202361211164, "spark.executor.memoryOverhead": 385.359506643514, "spark.memory.fraction": 0.4173985746720378, "spark.memory.storageFraction": 0.7815176100080351, "spark.reducer.maxBlocksInFlightPerAddress": 1152268225.3425786, "spark.reducer.maxSizeInFlight": 33.4037847581217, "spark.shuffle.file.buffer": 13.513501769346911}, "datetime": {"datetime": "2022-01-07 15:49:33", "elapsed": 0.519746, "delta": 0.025931}}
{"target": -3499.8764100000008, "params": {"spark.default.parallelism": 217.0204727796452, "spark.executor.cores": 2.231177409693445, "spark.executor.instances": 4.53052241458353, "spark.executor.memory": 2.4425413987278985, "spark.executor.memoryOverhead": 316.3512964417581, "spark.memory.fraction": 0.499469281981503, "spark.memory.storageFraction": 0.8938165731650761, "spark.reducer.maxBlocksInFlightPerAddress": 1224396960.9570084, "spark.reducer.maxSizeInFlight": 35.60362106847324, "spark.shuffle.file.buffer": 22.380873222436776}, "datetime": {"datetime": "2022-01-07 15:49:33", "elapsed": 0.544354, "delta": 0.024608}}
{"target": -2853.411200000001, "params": {"spark.default.parallelism": 162.0, "spark.executor.cores": 1.5053548700191717, "spark.executor.instances": 3.2400000000000007, "spark.executor.memory": 3.8469996476525252, "spark.executor.memoryOverhead": 557.0852977181746, "spark.memory.fraction": 0.4300362109287576, "spark.memory.storageFraction": 0.6589944985683903, "spark.reducer.maxBlocksInFlightPerAddress": 996542603.643109, "spark.reducer.maxSizeInFlight": 26.425266563119383, "spark.shuffle.file.buffer": 15.671884758107998}, "datetime": {"datetime": "2022-01-07 15:49:33", "elapsed": 0.569293, "delta": 0.024939}}
{"target": -2849.685690000001, "params": {"spark.default.parallelism": 260.09070284369477, "spark.executor.cores": 2.7196456347542037, "spark.executor.instances": 3.9136426092048335, "spark.executor.memory": 3.3440424736947256, "spark.executor.memoryOverhead": 312.4189558043242, "spark.memory.fraction": 0.5562013350072912, "spark.memory.storageFraction": 0.5255189651247312, "spark.reducer.maxBlocksInFlightPerAddress": 1369628843.5143096, "spark.reducer.maxSizeInFlight": 43.13491758531943, "spark.shuffle.file.buffer": 12.96}, "datetime": {"datetime": "2022-01-07 15:49:33", "elapsed": 0.594226, "delta": 0.024933}}
{"target": -2801.0363800000005, "params": {"spark.default.parallelism": 267.5234700738939, "spark.executor.cores": 1.64218243880255, "spark.executor.instances": 3.2399999999999958, "spark.executor.memory": 3.2818114869534263, "spark.executor.memoryOverhead": 469.43772114335644, "spark.memory.fraction": 0.5690318383304954, "spark.memory.storageFraction": 0.45149339438981173, "spark.reducer.maxBlocksInFlightPerAddress": 877975328.6737968, "spark.reducer.maxSizeInFlight": 25.05839654232911, "spark.shuffle.file.buffer": 28.987612759586554}, "datetime": {"datetime": "2022-01-07 15:49:33", "elapsed": 0.618161, "delta": 0.023935}}
{"target": -2851.225670000001, "params": {"spark.default.parallelism": 319.4969809710363, "spark.executor.cores": 1.9509026379170078, "spark.executor.instances": 4.620069409293102, "spark.executor.memory": 4.51715709120976, "spark.executor.memoryOverhead": 311.03999999999996, "spark.memory.fraction": 0.4761675639992123, "spark.memory.storageFraction": 0.43409186975602476, "spark.reducer.maxBlocksInFlightPerAddress": 1041623321.7775772, "spark.reducer.maxSizeInFlight": 21.24689942988128, "spark.shuffle.file.buffer": 13.61682677322868}, "datetime": {"datetime": "2022-01-07 15:49:33", "elapsed": 0.643066, "delta": 0.024905}}
{"target": -2851.8332300000015, "params": {"spark.default.parallelism": 181.84105020751065, "spark.executor.cores": 1.4587027859447899, "spark.executor.instances": 3.7605771576738145, "spark.executor.memory": 2.608822042581963, "spark.executor.memoryOverhead": 509.06759939124714, "spark.memory.fraction": 0.5268143532319616, "spark.memory.storageFraction": 0.5709098634705271, "spark.reducer.maxBlocksInFlightPerAddress": 1230157966.1155558, "spark.reducer.maxSizeInFlight": 28.82531507229976, "spark.shuffle.file.buffer": 16.101057850531856}, "datetime": {"datetime": "2022-01-07 15:49:34", "elapsed": 0.668023, "delta": 0.024957}}
{"target": -2799.510530000001, "params": {"spark.default.parallelism": 203.65648225814434, "spark.executor.cores": 0.9709192167008047, "spark.executor.instances": 3.3208443000358483, "spark.executor.memory": 3.9996653294062487, "spark.executor.memoryOverhead": 363.71098748236597, "spark.memory.fraction": 0.405, "spark.memory.storageFraction": 0.4050000000000001, "spark.reducer.maxBlocksInFlightPerAddress": 869730876.6300006, "spark.reducer.maxSizeInFlight": 42.882583252564174, "spark.shuffle.file.buffer": 19.789702719027375}, "datetime": {"datetime": "2022-01-07 15:49:34", "elapsed": 0.692961, "delta": 0.024938}}
{"target": -2813.5778800000016, "params": {"spark.default.parallelism": 166.10626852115792, "spark.executor.cores": 0.9200872825247302, "spark.executor.instances": 5.186584214029034, "spark.executor.memory": 2.4578712902547495, "spark.executor.memoryOverhead": 405.2273992608419, "spark.memory.fraction": 0.42083370692596095, "spark.memory.storageFraction": 0.4982958293411841, "spark.reducer.maxBlocksInFlightPerAddress": 1279376471.3894737, "spark.reducer.maxSizeInFlight": 36.12593133219247, "spark.shuffle.file.buffer": 26.607079767388083}, "datetime": {"datetime": "2022-01-07 15:49:34", "elapsed": 0.716897, "delta": 0.023936}}
{"target": -2811.666330000001, "params": {"spark.default.parallelism": 471.7347958176224, "spark.executor.cores": 1.4158234970816053, "spark.executor.instances": 6.7021902652564265, "spark.executor.memory": 6.307245827387211, "spark.executor.memoryOverhead": 512.8708848319183, "spark.memory.fraction": 0.5002018501106356, "spark.memory.storageFraction": 0.7529280134151459, "spark.reducer.maxBlocksInFlightPerAddress": 2027727390.8450725, "spark.reducer.maxSizeInFlight": 60.16555453095418, "spark.shuffle.file.buffer": 25.13734788014303}, "datetime": {"datetime": "2022-01-07 15:49:34", "elapsed": 0.800673, "delta": 0.083776}}
{"target": -2797.238750000002, "params": {"spark.default.parallelism": 486.2394357576476, "spark.executor.cores": 1.1541914177210235, "spark.executor.instances": 6.671555755962629, "spark.executor.memory": 6.093578670722904, "spark.executor.memoryOverhead": 597.20764129425, "spark.memory.fraction": 0.566908767886981, "spark.memory.storageFraction": 0.549952090389277, "spark.reducer.maxBlocksInFlightPerAddress": 1355843577.2816215, "spark.reducer.maxSizeInFlight": 25.570597125766916, "spark.shuffle.file.buffer": 35.34356290352122}, "datetime": {"datetime": "2022-01-07 15:49:34", "elapsed": 0.890405, "delta": 0.089732}}
{"target": -2798.9645400000013, "params": {"spark.default.parallelism": 265.99297625372975, "spark.executor.cores": 2.710912249803219, "spark.executor.instances": 7.179488483764702, "spark.executor.memory": 4.397167676389818, "spark.executor.memoryOverhead": 620.2671062595156, "spark.memory.fraction": 0.7223427035574222, "spark.memory.storageFraction": 0.6777398809728279, "spark.reducer.maxBlocksInFlightPerAddress": 1826051960.7028747, "spark.reducer.maxSizeInFlight": 41.6369158208802, "spark.shuffle.file.buffer": 47.86790957178454}, "datetime": {"datetime": "2022-01-07 15:49:34", "elapsed": 0.981162, "delta": 0.090757}}
{"target": -2796.1374600000017, "params": {"spark.default.parallelism": 268.54080760596366, "spark.executor.cores": 1.694689649508329, "spark.executor.instances": 6.382826115341582, "spark.executor.memory": 3.8547139446499536, "spark.executor.memoryOverhead": 560.1756773158413, "spark.memory.fraction": 0.8525743068110974, "spark.memory.storageFraction": 0.5606924753046771, "spark.reducer.maxBlocksInFlightPerAddress": 1369607810.1170344, "spark.reducer.maxSizeInFlight": 43.98018215383173, "spark.shuffle.file.buffer": 37.99112244062847}, "datetime": {"datetime": "2022-01-07 15:49:34", "elapsed": 1.071514, "delta": 0.090352}}
{"target": -2807.822400000001, "params": {"spark.default.parallelism": 280.45195687695133, "spark.executor.cores": 1.243244999059367, "spark.executor.instances": 6.491444310510021, "spark.executor.memory": 4.724482082144515, "spark.executor.memoryOverhead": 587.6287890158578, "spark.memory.fraction": 0.6934385279716476, "spark.memory.storageFraction": 0.5894932200870144, "spark.reducer.maxBlocksInFlightPerAddress": 2112623908.705553, "spark.reducer.maxSizeInFlight": 39.38805184459612, "spark.shuffle.file.buffer": 38.39361373640864}, "datetime": {"datetime": "2022-01-07 15:49:34", "elapsed": 1.170158, "delta": 0.098644}}
