{"target": -2798.7982500000016, "params": {"spark.default.parallelism": 499.5203698033364, "spark.executor.cores": 1.5075164996891117, "spark.executor.instances": 5.842274495189165, "spark.executor.memory": 3.36990870276741, "spark.executor.memoryOverhead": 768.2678557687191, "spark.memory.fraction": 0.5209413050806667, "spark.memory.storageFraction": 0.7406980703082133, "spark.reducer.maxBlocksInFlightPerAddress": 1858818428.1587834, "spark.reducer.maxSizeInFlight": 62.31803082963323, "spark.shuffle.file.buffer": 40.834383608457784}, "datetime": {"datetime": "2022-01-06 19:03:12", "elapsed": 1.702215, "delta": 0.084767}}
{"target": -2809.064670000001, "params": {"spark.default.parallelism": 203.27550740361815, "spark.executor.cores": 1.784965521980363, "spark.executor.instances": 7.269183092971183, "spark.executor.memory": 6.963126073785908, "spark.executor.memoryOverhead": 629.0308338878399, "spark.memory.fraction": 0.7564602988841151, "spark.memory.storageFraction": 0.5996132539750021, "spark.reducer.maxBlocksInFlightPerAddress": 2129652757.7829201, "spark.reducer.maxSizeInFlight": 65.76018868379155, "spark.shuffle.file.buffer": 36.22519340843213}, "datetime": {"datetime": "2022-01-06 19:03:12", "elapsed": 1.787992, "delta": 0.085777}}
{"target": -2802.7247900000016, "params": {"spark.default.parallelism": 281.2286154667962, "spark.executor.cores": 2.6636459219455926, "spark.executor.instances": 4.165862038733264, "spark.executor.memory": 4.815029096128925, "spark.executor.memoryOverhead": 757.5072041224703, "spark.memory.fraction": 0.7607459890059556, "spark.memory.storageFraction": 0.7597687974533374, "spark.reducer.maxBlocksInFlightPerAddress": 1861359003.090942, "spark.reducer.maxSizeInFlight": 49.19551692917284, "spark.shuffle.file.buffer": 20.880164632046643}, "datetime": {"datetime": "2022-01-06 19:03:12", "elapsed": 1.868748, "delta": 0.080756}}
{"target": -2796.7095400000017, "params": {"spark.default.parallelism": 309.97923869684456, "spark.executor.cores": 1.2504383021185308, "spark.executor.instances": 4.1084040660920085, "spark.executor.memory": 3.3604226470776273, "spark.executor.memoryOverhead": 550.0710036683877, "spark.memory.fraction": 0.5494672529222815, "spark.memory.storageFraction": 0.6869442185997954, "spark.reducer.maxBlocksInFlightPerAddress": 1918326511.5115974, "spark.reducer.maxSizeInFlight": 54.8775796684403, "spark.shuffle.file.buffer": 41.001760861195365}, "datetime": {"datetime": "2022-01-06 19:03:13", "elapsed": 1.973973, "delta": 0.105225}}
{"target": -2809.1260100000013, "params": {"spark.default.parallelism": 201.71361835989288, "spark.executor.cores": 2.313256804716371, "spark.executor.instances": 7.022991620668855, "spark.executor.memory": 5.777729274065159, "spark.executor.memoryOverhead": 660.1320236457457, "spark.memory.fraction": 0.7769212666577975, "spark.memory.storageFraction": 0.5860713784818473, "spark.reducer.maxBlocksInFlightPerAddress": 2087191102.8654299, "spark.reducer.maxSizeInFlight": 47.59071414981109, "spark.shuffle.file.buffer": 31.035871132692385}, "datetime": {"datetime": "2022-01-06 19:03:13", "elapsed": 2.07969, "delta": 0.105717}}
{"target": -2803.1833300000017, "params": {"spark.default.parallelism": 391.67539650971435, "spark.executor.cores": 1.7229702785452408, "spark.executor.instances": 5.200575010433765, "spark.executor.memory": 6.519709300672959, "spark.executor.memoryOverhead": 399.1725459496612, "spark.memory.fraction": 0.8502058766598098, "spark.memory.storageFraction": 0.7493553964200514, "spark.reducer.maxBlocksInFlightPerAddress": 1398556476.4007888, "spark.reducer.maxSizeInFlight": 36.82663471080859, "spark.shuffle.file.buffer": 19.192073968561278}, "datetime": {"datetime": "2022-01-06 19:03:13", "elapsed": 2.172442, "delta": 0.092752}}
{"target": -2801.5797400000015, "params": {"spark.default.parallelism": 446.7904621735389, "spark.executor.cores": 2.0982461995897657, "spark.executor.instances": 4.3702504557490975, "spark.executor.memory": 6.888610263634246, "spark.executor.memoryOverhead": 403.7024676051797, "spark.memory.fraction": 0.765575124474736, "spark.memory.storageFraction": 0.8245385471434199, "spark.reducer.maxBlocksInFlightPerAddress": 1918529392.701959, "spark.reducer.maxSizeInFlight": 34.215583250326574, "spark.shuffle.file.buffer": 29.493632763935}, "datetime": {"datetime": "2022-01-06 19:03:13", "elapsed": 2.251231, "delta": 0.078789}}
{"target": -3489.2126700000003, "params": {"spark.default.parallelism": 380.75928396678546, "spark.executor.cores": 1.571243972940606, "spark.executor.instances": 4.5371427243757605, "spark.executor.memory": 5.021350381877719, "spark.executor.memoryOverhead": 675.0173201988448, "spark.memory.fraction": 0.7638879583943475, "spark.memory.storageFraction": 0.8909405255278069, "spark.reducer.maxBlocksInFlightPerAddress": 1398825155.714675, "spark.reducer.maxSizeInFlight": 53.35210718984037, "spark.shuffle.file.buffer": 32.30343463502302}, "datetime": {"datetime": "2022-01-06 19:03:13", "elapsed": 2.341014, "delta": 0.089783}}
{"target": -2798.4782800000003, "params": {"spark.default.parallelism": 370.39236534126894, "spark.executor.cores": 2.9966746666551245, "spark.executor.instances": 6.90415843106295, "spark.executor.memory": 5.182573954702695, "spark.executor.memoryOverhead": 713.5321435085916, "spark.memory.fraction": 0.6063855425738904, "spark.memory.storageFraction": 0.8009281986809326, "spark.reducer.maxBlocksInFlightPerAddress": 1211692703.0288358, "spark.reducer.maxSizeInFlight": 29.693533220718663, "spark.shuffle.file.buffer": 43.78812575661398}, "datetime": {"datetime": "2022-01-06 19:03:13", "elapsed": 2.436366, "delta": 0.095352}}
{"target": -2797.2158900000013, "params": {"spark.default.parallelism": 365.41762787734274, "spark.executor.cores": 1.485325934718196, "spark.executor.instances": 5.830258207431357, "spark.executor.memory": 3.171282526872066, "spark.executor.memoryOverhead": 587.775543744346, "spark.memory.fraction": 0.8068774235498328, "spark.memory.storageFraction": 0.5972027479332618, "spark.reducer.maxBlocksInFlightPerAddress": 1382012796.812282, "spark.reducer.maxSizeInFlight": 48.99115345368369, "spark.shuffle.file.buffer": 39.23156265074977}, "datetime": {"datetime": "2022-01-06 19:03:13", "elapsed": 2.54009, "delta": 0.103724}}
{"target": -2797.269110000002, "params": {"spark.default.parallelism": 290.67963975959685, "spark.executor.cores": 2.4829826140502678, "spark.executor.instances": 5.06504235110455, "spark.executor.memory": 4.922609050174996, "spark.executor.memoryOverhead": 531.5646672046186, "spark.memory.fraction": 0.6770873753447837, "spark.memory.storageFraction": 0.7144691952435158, "spark.reducer.maxBlocksInFlightPerAddress": 1680484853.846784, "spark.reducer.maxSizeInFlight": 30.392533459555914, "spark.shuffle.file.buffer": 44.80045369569976}, "datetime": {"datetime": "2022-01-06 19:03:13", "elapsed": 2.625666, "delta": 0.085576}}
{"target": -2800.5654300000006, "params": {"spark.default.parallelism": 351.24192503793245, "spark.executor.cores": 1.1401356817862915, "spark.executor.instances": 6.438525224456816, "spark.executor.memory": 6.167404564113376, "spark.executor.memoryOverhead": 628.2074047006522, "spark.memory.fraction": 0.893828837955972, "spark.memory.storageFraction": 0.6467290314341245, "spark.reducer.maxBlocksInFlightPerAddress": 1121696089.1288996, "spark.reducer.maxSizeInFlight": 33.523228253850874, "spark.shuffle.file.buffer": 29.769791437801235}, "datetime": {"datetime": "2022-01-06 19:03:13", "elapsed": 2.723382, "delta": 0.097716}}
{"target": -2802.980400000001, "params": {"spark.default.parallelism": 462.2113304272272, "spark.executor.cores": 2.5266518738298807, "spark.executor.instances": 7.502447762767691, "spark.executor.memory": 3.988490203661349, "spark.executor.memoryOverhead": 634.0558740713271, "spark.memory.fraction": 0.8597867544701028, "spark.memory.storageFraction": 0.6064806950077182, "spark.reducer.maxBlocksInFlightPerAddress": 1087428666.0180225, "spark.reducer.maxSizeInFlight": 55.137207805053706, "spark.shuffle.file.buffer": 19.36483896816299}, "datetime": {"datetime": "2022-01-06 19:03:13", "elapsed": 2.812173, "delta": 0.088791}}
{"target": -2798.4227300000016, "params": {"spark.default.parallelism": 225.23399855318317, "spark.executor.cores": 2.0107384490514253, "spark.executor.instances": 7.275142147584944, "spark.executor.memory": 5.116421472027397, "spark.executor.memoryOverhead": 571.5400382574047, "spark.memory.fraction": 0.6747563115565427, "spark.memory.storageFraction": 0.8612937040867432, "spark.reducer.maxBlocksInFlightPerAddress": 1579384373.011645, "spark.reducer.maxSizeInFlight": 58.869926704208424, "spark.shuffle.file.buffer": 25.008973871177965}, "datetime": {"datetime": "2022-01-06 19:03:14", "elapsed": 2.910464, "delta": 0.098291}}
{"target": -2797.8707700000004, "params": {"spark.default.parallelism": 457.1461466569804, "spark.executor.cores": 1.5560103875536118, "spark.executor.instances": 7.126731753627254, "spark.executor.memory": 4.927716638105105, "spark.executor.memoryOverhead": 462.064255976719, "spark.memory.fraction": 0.8669708101248226, "spark.memory.storageFraction": 0.5049880974946437, "spark.reducer.maxBlocksInFlightPerAddress": 1171052473.167124, "spark.reducer.maxSizeInFlight": 26.327807548726398, "spark.shuffle.file.buffer": 44.406083942504104}, "datetime": {"datetime": "2022-01-06 19:03:14", "elapsed": 3.004213, "delta": 0.093749}}
{"target": -2796.788080000001, "params": {"spark.default.parallelism": 308.63948565293657, "spark.executor.cores": 2.957178064757817, "spark.executor.instances": 4.132179175662759, "spark.executor.memory": 3.4539532547541905, "spark.executor.memoryOverhead": 714.3441611601421, "spark.memory.fraction": 0.5799529705947553, "spark.memory.storageFraction": 0.8819762664438295, "spark.reducer.maxBlocksInFlightPerAddress": 1737550346.2547865, "spark.reducer.maxSizeInFlight": 45.180551771542156, "spark.shuffle.file.buffer": 40.1884083361385}, "datetime": {"datetime": "2022-01-06 19:03:14", "elapsed": 3.100043, "delta": 0.09583}}
{"target": -2799.571460000001, "params": {"spark.default.parallelism": 450.9538371294508, "spark.executor.cores": 2.0455193426504765, "spark.executor.instances": 5.407104370869007, "spark.executor.memory": 3.5524567528167634, "spark.executor.memoryOverhead": 783.8637500003854, "spark.memory.fraction": 0.6968117790454068, "spark.memory.storageFraction": 0.7727415882972064, "spark.reducer.maxBlocksInFlightPerAddress": 1356009724.020565, "spark.reducer.maxSizeInFlight": 67.03652160009386, "spark.shuffle.file.buffer": 29.516382071575887}, "datetime": {"datetime": "2022-01-06 19:03:14", "elapsed": 3.193851, "delta": 0.093808}}
{"target": -2800.4308800000017, "params": {"spark.default.parallelism": 417.99963123374516, "spark.executor.cores": 1.1090886904098578, "spark.executor.instances": 6.832859703956979, "spark.executor.memory": 5.989767592213337, "spark.executor.memoryOverhead": 859.4199720521448, "spark.memory.fraction": 0.6190837926950273, "spark.memory.storageFraction": 0.8762229549566503, "spark.reducer.maxBlocksInFlightPerAddress": 1918149371.4768083, "spark.reducer.maxSizeInFlight": 25.07306102801479, "spark.shuffle.file.buffer": 22.765826640152287}, "datetime": {"datetime": "2022-01-06 19:03:14", "elapsed": 3.297773, "delta": 0.103922}}
{"target": -2798.796540000001, "params": {"spark.default.parallelism": 379.25223107835507, "spark.executor.cores": 2.688455572811649, "spark.executor.instances": 4.888239770258485, "spark.executor.memory": 4.7596498072856, "spark.executor.memoryOverhead": 774.0584675441246, "spark.memory.fraction": 0.8414555364995335, "spark.memory.storageFraction": 0.8568587681092998, "spark.reducer.maxBlocksInFlightPerAddress": 1355676920.276765, "spark.reducer.maxSizeInFlight": 28.08969368764693, "spark.shuffle.file.buffer": 33.344336563354105}, "datetime": {"datetime": "2022-01-06 19:03:14", "elapsed": 3.394102, "delta": 0.096329}}
{"target": -2796.8100800000016, "params": {"spark.default.parallelism": 217.6560191971811, "spark.executor.cores": 1.0993255820490064, "spark.executor.instances": 6.983161843492984, "spark.executor.memory": 3.3724976352317833, "spark.executor.memoryOverhead": 566.2885866731117, "spark.memory.fraction": 0.7062304293757772, "spark.memory.storageFraction": 0.6281144908144543, "spark.reducer.maxBlocksInFlightPerAddress": 1579394915.0082617, "spark.reducer.maxSizeInFlight": 38.76179540370643, "spark.shuffle.file.buffer": 36.078416705780675}, "datetime": {"datetime": "2022-01-06 19:03:14", "elapsed": 3.495719, "delta": 0.101617}}
{"target": -2798.3826800000015, "params": {"spark.default.parallelism": 440.0938846362194, "spark.executor.cores": 1.8576465458257057, "spark.executor.instances": 7.320023524617784, "spark.executor.memory": 4.878415950259128, "spark.executor.memoryOverhead": 869.5638809041237, "spark.memory.fraction": 0.6864457743904027, "spark.memory.storageFraction": 0.5531217578531118, "spark.reducer.maxBlocksInFlightPerAddress": 1398390165.024644, "spark.reducer.maxSizeInFlight": 33.422866968915585, "spark.shuffle.file.buffer": 24.282749963467744}, "datetime": {"datetime": "2022-01-06 19:03:14", "elapsed": 3.598619, "delta": 0.1029}}
{"target": -2797.0438800000015, "params": {"spark.default.parallelism": 368.84891049168607, "spark.executor.cores": 2.5738938104790527, "spark.executor.instances": 5.620390891437127, "spark.executor.memory": 5.795576275910836, "spark.executor.memoryOverhead": 840.6992655949203, "spark.memory.fraction": 0.8009405283837129, "spark.memory.storageFraction": 0.5981055024558632, "spark.reducer.maxBlocksInFlightPerAddress": 1353985803.9363174, "spark.reducer.maxSizeInFlight": 42.33356650995793, "spark.shuffle.file.buffer": 41.07888145903563}, "datetime": {"datetime": "2022-01-06 19:03:14", "elapsed": 3.694367, "delta": 0.095748}}
{"target": -2796.4727700000017, "params": {"spark.default.parallelism": 409.30453326163985, "spark.executor.cores": 1.725542389642873, "spark.executor.instances": 6.624108731911889, "spark.executor.memory": 5.638103121080803, "spark.executor.memoryOverhead": 845.4721509104531, "spark.memory.fraction": 0.6766286615618158, "spark.memory.storageFraction": 0.5834706234691587, "spark.reducer.maxBlocksInFlightPerAddress": 1579618054.6292439, "spark.reducer.maxSizeInFlight": 63.100662664276776, "spark.shuffle.file.buffer": 41.598894419690915}, "datetime": {"datetime": "2022-01-06 19:03:14", "elapsed": 3.785093, "delta": 0.090726}}
{"target": -2795.9429900000014, "params": {"spark.default.parallelism": 465.9950026444051, "spark.executor.cores": 2.879320474752506, "spark.executor.instances": 5.386382125813727, "spark.executor.memory": 3.5123256470466537, "spark.executor.memoryOverhead": 697.9594831523452, "spark.memory.fraction": 0.539024194545602, "spark.memory.storageFraction": 0.6736835489906727, "spark.reducer.maxBlocksInFlightPerAddress": 1686248608.9417744, "spark.reducer.maxSizeInFlight": 71.31766781676399, "spark.shuffle.file.buffer": 39.824592090302374}, "datetime": {"datetime": "2022-01-06 19:03:14", "elapsed": 3.900885, "delta": 0.115792}}
{"target": -2798.458660000001, "params": {"spark.default.parallelism": 351.7594303563492, "spark.executor.cores": 2.312826454941253, "spark.executor.instances": 6.623452574653679, "spark.executor.memory": 6.617430069248321, "spark.executor.memoryOverhead": 630.6642781640946, "spark.memory.fraction": 0.7104914234034452, "spark.memory.storageFraction": 0.7761800196844141, "spark.reducer.maxBlocksInFlightPerAddress": 1355673741.2114298, "spark.reducer.maxSizeInFlight": 64.32216514919051, "spark.shuffle.file.buffer": 43.3586897210232}, "datetime": {"datetime": "2022-01-06 19:03:15", "elapsed": 4.004513, "delta": 0.103628}}
{"target": -2796.9032900000007, "params": {"spark.default.parallelism": 216.36356744345994, "spark.executor.cores": 2.6496069558385664, "spark.executor.instances": 6.556062957858859, "spark.executor.memory": 5.7130882307688395, "spark.executor.memoryOverhead": 765.057443589677, "spark.memory.fraction": 0.8628335271280723, "spark.memory.storageFraction": 0.7164738087813324, "spark.reducer.maxBlocksInFlightPerAddress": 1274626968.4514742, "spark.reducer.maxSizeInFlight": 26.11505676174471, "spark.shuffle.file.buffer": 38.35408973850629}, "datetime": {"datetime": "2022-01-06 19:03:15", "elapsed": 4.128151, "delta": 0.123638}}
{"target": -2799.921280000001, "params": {"spark.default.parallelism": 247.18177435937767, "spark.executor.cores": 2.0436851474620354, "spark.executor.instances": 7.265140084717531, "spark.executor.memory": 6.75525093826392, "spark.executor.memoryOverhead": 564.4519055677976, "spark.memory.fraction": 0.6876592227193985, "spark.memory.storageFraction": 0.8666883734604343, "spark.reducer.maxBlocksInFlightPerAddress": 1274821739.9948726, "spark.reducer.maxSizeInFlight": 44.6354820012444, "spark.shuffle.file.buffer": 20.61574889639496}, "datetime": {"datetime": "2022-01-06 19:03:15", "elapsed": 4.239889, "delta": 0.111738}}
{"target": -2798.519990000002, "params": {"spark.default.parallelism": 239.2497316075981, "spark.executor.cores": 2.6842824550979465, "spark.executor.instances": 6.537751046378924, "spark.executor.memory": 5.440428655800577, "spark.executor.memoryOverhead": 578.401932141936, "spark.memory.fraction": 0.6514105378423035, "spark.memory.storageFraction": 0.5600149487971161, "spark.reducer.maxBlocksInFlightPerAddress": 1353791827.3756292, "spark.reducer.maxSizeInFlight": 59.256753532035674, "spark.shuffle.file.buffer": 23.71629130351933}, "datetime": {"datetime": "2022-01-06 19:03:15", "elapsed": 4.351835, "delta": 0.111946}}
{"target": -2799.091930000003, "params": {"spark.default.parallelism": 355.2986084706989, "spark.executor.cores": 2.9759629895762307, "spark.executor.instances": 7.782490477879594, "spark.executor.memory": 4.467984261153744, "spark.executor.memoryOverhead": 568.568317634273, "spark.memory.fraction": 0.6677460460500211, "spark.memory.storageFraction": 0.7271877456119482, "spark.reducer.maxBlocksInFlightPerAddress": 1697373622.3895178, "spark.reducer.maxSizeInFlight": 43.934390439115376, "spark.shuffle.file.buffer": 21.874780053815055}, "datetime": {"datetime": "2022-01-06 19:03:15", "elapsed": 4.457708, "delta": 0.105873}}
{"target": -2800.117500000001, "params": {"spark.default.parallelism": 233.69787134973518, "spark.executor.cores": 1.9273929844045892, "spark.executor.instances": 4.1639374722020985, "spark.executor.memory": 3.117950969818841, "spark.executor.memoryOverhead": 435.4666517859817, "spark.memory.fraction": 0.7998221886630037, "spark.memory.storageFraction": 0.8016158686002912, "spark.reducer.maxBlocksInFlightPerAddress": 1686037883.4159617, "spark.reducer.maxSizeInFlight": 38.533562173003205, "spark.shuffle.file.buffer": 37.60884506495202}, "datetime": {"datetime": "2022-01-06 19:03:15", "elapsed": 4.607981, "delta": 0.150273}}
{"target": -2800.220600000001, "params": {"spark.default.parallelism": 276.52253043169276, "spark.executor.cores": 2.960765767625718, "spark.executor.instances": 7.896520918030431, "spark.executor.memory": 4.011038865295317, "spark.executor.memoryOverhead": 600.0887628008816, "spark.memory.fraction": 0.8960914882879374, "spark.memory.storageFraction": 0.8841154264522124, "spark.reducer.maxBlocksInFlightPerAddress": 1274410126.8098264, "spark.reducer.maxSizeInFlight": 41.4193770950649, "spark.shuffle.file.buffer": 18.307035112470658}, "datetime": {"datetime": "2022-01-06 19:03:15", "elapsed": 4.737393, "delta": 0.129412}}
{"target": -2796.4023600000014, "params": {"spark.default.parallelism": 466.8220947937644, "spark.executor.cores": 2.781119943532378, "spark.executor.instances": 5.437155260754593, "spark.executor.memory": 5.747667668793239, "spark.executor.memoryOverhead": 526.4049617350838, "spark.memory.fraction": 0.6873562314115834, "spark.memory.storageFraction": 0.5862147059548133, "spark.reducer.maxBlocksInFlightPerAddress": 1680690676.5124931, "spark.reducer.maxSizeInFlight": 24.828509353791226, "spark.shuffle.file.buffer": 39.51552395322831}, "datetime": {"datetime": "2022-01-06 19:03:15", "elapsed": 4.857074, "delta": 0.119681}}
{"target": -2797.478100000001, "params": {"spark.default.parallelism": 433.23692286957197, "spark.executor.cores": 2.8463357321756737, "spark.executor.instances": 5.586446943872009, "spark.executor.memory": 6.683943768445818, "spark.executor.memoryOverhead": 835.721835622525, "spark.memory.fraction": 0.5577696480905259, "spark.memory.storageFraction": 0.6215163572251455, "spark.reducer.maxBlocksInFlightPerAddress": 1386021363.7708087, "spark.reducer.maxSizeInFlight": 30.03496917348614, "spark.shuffle.file.buffer": 29.123629252205937}, "datetime": {"datetime": "2022-01-06 19:03:16", "elapsed": 4.978337, "delta": 0.121263}}
{"target": -2796.4561700000013, "params": {"spark.default.parallelism": 309.7663100410701, "spark.executor.cores": 2.769276440880006, "spark.executor.instances": 6.754054747976434, "spark.executor.memory": 3.823164875851003, "spark.executor.memoryOverhead": 856.4219553382636, "spark.memory.fraction": 0.5287078613854068, "spark.memory.storageFraction": 0.5584128910774669, "spark.reducer.maxBlocksInFlightPerAddress": 1354373662.0121179, "spark.reducer.maxSizeInFlight": 55.92393012586317, "spark.shuffle.file.buffer": 40.251673533125796}, "datetime": {"datetime": "2022-01-06 19:03:16", "elapsed": 5.12303, "delta": 0.144693}}
