{"target": -2796.657250000001, "params": {"spark.default.parallelism": 229.43364416455586, "spark.executor.cores": 1.3739903433741367, "spark.executor.instances": 7.881443212320342, "spark.executor.memory": 6.498112708561302, "spark.executor.memoryOverhead": 871.6418024318759, "spark.memory.fraction": 0.5763278070025363, "spark.memory.storageFraction": 0.6394724773301875, "spark.reducer.maxBlocksInFlightPerAddress": 1717007040.474594, "spark.reducer.maxSizeInFlight": 36.80117810961938, "spark.shuffle.file.buffer": 39.67553820801475}, "datetime": {"datetime": "2022-01-06 19:17:25", "elapsed": 0.0, "delta": 0.0}}
{"target": -2795.9338100000004, "params": {"spark.default.parallelism": 291.42119292145156, "spark.executor.cores": 1.737959654629503, "spark.executor.instances": 6.106194326920605, "spark.executor.memory": 4.743832518484107, "spark.executor.memoryOverhead": 535.0670036763513, "spark.memory.fraction": 0.5366042007895792, "spark.memory.storageFraction": 0.6154260303999735, "spark.reducer.maxBlocksInFlightPerAddress": 1178928385.8763008, "spark.reducer.maxSizeInFlight": 63.41280485168166, "spark.shuffle.file.buffer": 36.54044699067509}, "datetime": {"datetime": "2022-01-06 19:17:25", "elapsed": 0.025931, "delta": 0.025931}}
{"target": -2811.218310000001, "params": {"spark.default.parallelism": 349.58867868459004, "spark.executor.cores": 1.842003931214692, "spark.executor.instances": 5.147152836868584, "spark.executor.memory": 4.465045037460598, "spark.executor.memoryOverhead": 431.7499730729381, "spark.memory.fraction": 0.7065368187376254, "spark.memory.storageFraction": 0.8450941112072345, "spark.reducer.maxBlocksInFlightPerAddress": 2100272671.9784026, "spark.reducer.maxSizeInFlight": 41.01814840692681, "spark.shuffle.file.buffer": 43.159271652614876}, "datetime": {"datetime": "2022-01-06 19:17:25", "elapsed": 0.050864, "delta": 0.024933}}
{"target": -2798.4422400000017, "params": {"spark.default.parallelism": 482.15507401142185, "spark.executor.cores": 2.460446035487405, "spark.executor.instances": 5.563916574826996, "spark.executor.memory": 5.679059102775244, "spark.executor.memoryOverhead": 528.5345990867507, "spark.memory.fraction": 0.6742945342957184, "spark.memory.storageFraction": 0.5691158964482184, "spark.reducer.maxBlocksInFlightPerAddress": 1872694337.5194912, "spark.reducer.maxSizeInFlight": 67.90129012532626, "spark.shuffle.file.buffer": 30.21923861209885}, "datetime": {"datetime": "2022-01-06 19:17:25", "elapsed": 0.075797, "delta": 0.024933}}
{"target": -2798.9551600000023, "params": {"spark.default.parallelism": 385.25076141437796, "spark.executor.cores": 2.7947970199481347, "spark.executor.instances": 4.317692950938793, "spark.executor.memory": 3.5473187444578143, "spark.executor.memoryOverhead": 721.9491257060415, "spark.memory.fraction": 0.6071022167588245, "spark.memory.storageFraction": 0.7076131439987011, "spark.reducer.maxBlocksInFlightPerAddress": 1761663863.794645, "spark.reducer.maxSizeInFlight": 55.94731913748713, "spark.shuffle.file.buffer": 32.34549846975824}, "datetime": {"datetime": "2022-01-06 19:17:25", "elapsed": 0.10073, "delta": 0.024933}}
{"target": -2798.0398100000007, "params": {"spark.default.parallelism": 415.55602952212746, "spark.executor.cores": 1.5892306218348908, "spark.executor.instances": 6.651756216919036, "spark.executor.memory": 5.024064952351589, "spark.executor.memoryOverhead": 812.6241658466167, "spark.memory.fraction": 0.77854924382621, "spark.memory.storageFraction": 0.6953860410537558, "spark.reducer.maxBlocksInFlightPerAddress": 1267053641.753713, "spark.reducer.maxSizeInFlight": 33.043206627501576, "spark.shuffle.file.buffer": 28.275645876167346}, "datetime": {"datetime": "2022-01-06 19:17:26", "elapsed": 0.125664, "delta": 0.024934}}
{"target": -2800.477550000002, "params": {"spark.default.parallelism": 248.51435939857407, "spark.executor.cores": 2.318378578152016, "spark.executor.instances": 7.2275767469464745, "spark.executor.memory": 3.20004504614682, "spark.executor.memoryOverhead": 648.3864438917035, "spark.memory.fraction": 0.8726794245800451, "spark.memory.storageFraction": 0.773984997320887, "spark.reducer.maxBlocksInFlightPerAddress": 1412404329.6952786, "spark.reducer.maxSizeInFlight": 26.86241210187524, "spark.shuffle.file.buffer": 24.713086172855895}, "datetime": {"datetime": "2022-01-06 19:17:26", "elapsed": 0.150597, "delta": 0.024933}}
{"target": -2800.464760000001, "params": {"spark.default.parallelism": 363.8113547777191, "spark.executor.cores": 2.9258266304177796, "spark.executor.instances": 6.856236802373183, "spark.executor.memory": 6.1431295276374644, "spark.executor.memoryOverhead": 761.7710203018712, "spark.memory.fraction": 0.6250909730840964, "spark.memory.storageFraction": 0.8676577680568787, "spark.reducer.maxBlocksInFlightPerAddress": 1512502973.306271, "spark.reducer.maxSizeInFlight": 62.26023704928107, "spark.shuffle.file.buffer": 17.76190557807083}, "datetime": {"datetime": "2022-01-06 19:17:26", "elapsed": 0.175531, "delta": 0.024934}}
{"target": -2808.878150000002, "params": {"spark.default.parallelism": 280.8583511808874, "spark.executor.cores": 1.1254161083150105, "spark.executor.instances": 5.871635162731918, "spark.executor.memory": 6.777909782667464, "spark.executor.memoryOverhead": 582.3475512992206, "spark.memory.fraction": 0.8161394585791997, "spark.memory.storageFraction": 0.7880737322587081, "spark.reducer.maxBlocksInFlightPerAddress": 1935519057.9868665, "spark.reducer.maxSizeInFlight": 46.15044258840458, "spark.shuffle.file.buffer": 20.981983913641876}, "datetime": {"datetime": "2022-01-06 19:17:26", "elapsed": 0.200464, "delta": 0.024933}}
{"target": -2795.8458500000006, "params": {"spark.default.parallelism": 459.95623309550894, "spark.executor.cores": 2.0457254132067133, "spark.executor.instances": 4.609512192825447, "spark.executor.memory": 3.8207563012638186, "spark.executor.memoryOverhead": 473.93963792413194, "spark.memory.fraction": 0.856819243228109, "spark.memory.storageFraction": 0.5011737471837706, "spark.reducer.maxBlocksInFlightPerAddress": 1338535749.6815217, "spark.reducer.maxSizeInFlight": 52.07329848524007, "spark.shuffle.file.buffer": 46.506751508871766}, "datetime": {"datetime": "2022-01-06 19:17:26", "elapsed": 0.226395, "delta": 0.025931}}
{"target": -2866.7660800000017, "params": {"spark.default.parallelism": 169.60203238184928, "spark.executor.cores": 1.4602201493374065, "spark.executor.instances": 3.2400000000000007, "spark.executor.memory": 2.4541746250301104, "spark.executor.memoryOverhead": 311.04, "spark.memory.fraction": 0.8497037007524311, "spark.memory.storageFraction": 0.7154442492333246, "spark.reducer.maxBlocksInFlightPerAddress": 1408549056.4475455, "spark.reducer.maxSizeInFlight": 19.44, "spark.shuffle.file.buffer": 14.056292443056762}, "datetime": {"datetime": "2022-01-06 19:17:26", "elapsed": 0.252325, "delta": 0.02593}}
{"target": -2853.243010000002, "params": {"spark.default.parallelism": 162.0, "spark.executor.cores": 2.200556932723896, "spark.executor.instances": 3.2400000000000007, "spark.executor.memory": 4.413063216789071, "spark.executor.memoryOverhead": 311.04, "spark.memory.fraction": 0.555030247212508, "spark.memory.storageFraction": 0.7676749022036282, "spark.reducer.maxBlocksInFlightPerAddress": 1398286136.2468522, "spark.reducer.maxSizeInFlight": 19.44, "spark.shuffle.file.buffer": 12.96}, "datetime": {"datetime": "2022-01-06 19:17:26", "elapsed": 0.278255, "delta": 0.02593}}
{"target": -2852.3414800000014, "params": {"spark.default.parallelism": 164.56606073853854, "spark.executor.cores": 2.9851456649822676, "spark.executor.instances": 4.006270952086213, "spark.executor.memory": 4.340811517819023, "spark.executor.memoryOverhead": 311.04, "spark.memory.fraction": 0.7258355055783368, "spark.memory.storageFraction": 0.5935353289909446, "spark.reducer.maxBlocksInFlightPerAddress": 1387187185.9117053, "spark.reducer.maxSizeInFlight": 19.44, "spark.shuffle.file.buffer": 12.96}, "datetime": {"datetime": "2022-01-06 19:17:26", "elapsed": 0.303189, "delta": 0.024934}}
{"target": -3539.2440700000006, "params": {"spark.default.parallelism": 162.0, "spark.executor.cores": 1.0947115361150084, "spark.executor.instances": 3.5734478616803274, "spark.executor.memory": 4.041119809326622, "spark.executor.memoryOverhead": 311.04, "spark.memory.fraction": 0.6533702493508996, "spark.memory.storageFraction": 0.8938710876489522, "spark.reducer.maxBlocksInFlightPerAddress": 1353175807.5785983, "spark.reducer.maxSizeInFlight": 20.33502037420599, "spark.shuffle.file.buffer": 12.96}, "datetime": {"datetime": "2022-01-06 19:17:26", "elapsed": 0.328122, "delta": 0.024933}}
{"target": -2852.2286700000013, "params": {"spark.default.parallelism": 162.0, "spark.executor.cores": 1.946657768140072, "spark.executor.instances": 4.183420202994187, "spark.executor.memory": 3.7275223941548647, "spark.executor.memoryOverhead": 311.04, "spark.memory.fraction": 0.772556478982779, "spark.memory.storageFraction": 0.5714339777125514, "spark.reducer.maxBlocksInFlightPerAddress": 1402674248.3198247, "spark.reducer.maxSizeInFlight": 19.44, "spark.shuffle.file.buffer": 12.96}, "datetime": {"datetime": "2022-01-06 19:17:26", "elapsed": 0.352058, "delta": 0.023936}}
{"target": -2800.730550000001, "params": {"spark.default.parallelism": 170.82491030748886, "spark.executor.cores": 1.464177137103074, "spark.executor.instances": 3.3648051266685166, "spark.executor.memory": 2.8836629741378728, "spark.executor.memoryOverhead": 507.07099601161667, "spark.memory.fraction": 0.4233262931909846, "spark.memory.storageFraction": 0.5589369537668974, "spark.reducer.maxBlocksInFlightPerAddress": 869730876.6300001, "spark.reducer.maxSizeInFlight": 23.554440284774376, "spark.shuffle.file.buffer": 24.15972399973577}, "datetime": {"datetime": "2022-01-06 19:17:26", "elapsed": 0.376993, "delta": 0.024935}}
{"target": -2812.446500000001, "params": {"spark.default.parallelism": 282.74726601627924, "spark.executor.cores": 1.3146964853257783, "spark.executor.instances": 3.240000000000002, "spark.executor.memory": 2.449478175954152, "spark.executor.memoryOverhead": 311.1772838242277, "spark.memory.fraction": 0.551363634951702, "spark.memory.storageFraction": 0.5380867621121023, "spark.reducer.maxBlocksInFlightPerAddress": 987992696.9634601, "spark.reducer.maxSizeInFlight": 29.428392554851854, "spark.shuffle.file.buffer": 29.18382645578865}, "datetime": {"datetime": "2022-01-06 19:17:26", "elapsed": 0.401925, "delta": 0.024932}}
{"target": -2799.4744600000017, "params": {"spark.default.parallelism": 229.37507593471943, "spark.executor.cores": 1.090588369937142, "spark.executor.instances": 4.597631847129116, "spark.executor.memory": 3.750355930084631, "spark.executor.memoryOverhead": 441.63140096274765, "spark.memory.fraction": 0.405, "spark.memory.storageFraction": 0.41255416639376086, "spark.reducer.maxBlocksInFlightPerAddress": 1339773600.8726833, "spark.reducer.maxSizeInFlight": 19.840954554672813, "spark.shuffle.file.buffer": 17.155252409370476}, "datetime": {"datetime": "2022-01-06 19:17:26", "elapsed": 0.425884, "delta": 0.023959}}
{"target": -2852.724400000001, "params": {"spark.default.parallelism": 304.2110251211773, "spark.executor.cores": 1.8806610059391153, "spark.executor.instances": 4.874215154365486, "spark.executor.memory": 3.4399854786478596, "spark.executor.memoryOverhead": 409.1028755301413, "spark.memory.fraction": 0.5188667939408288, "spark.memory.storageFraction": 0.4050000000000001, "spark.reducer.maxBlocksInFlightPerAddress": 1199521990.2824297, "spark.reducer.maxSizeInFlight": 39.869958487726905, "spark.shuffle.file.buffer": 13.46860963421639}, "datetime": {"datetime": "2022-01-06 19:17:26", "elapsed": 0.450817, "delta": 0.024933}}
{"target": -2799.510530000001, "params": {"spark.default.parallelism": 183.30420428687663, "spark.executor.cores": 0.8399440043574158, "spark.executor.instances": 3.96902975920934, "spark.executor.memory": 4.406093025164233, "spark.executor.memoryOverhead": 326.8907204537968, "spark.memory.fraction": 0.4578728163720679, "spark.memory.storageFraction": 0.4926936773433961, "spark.reducer.maxBlocksInFlightPerAddress": 957802933.5524858, "spark.reducer.maxSizeInFlight": 46.54735418350244, "spark.shuffle.file.buffer": 18.698410830855135}, "datetime": {"datetime": "2022-01-06 19:17:26", "elapsed": 0.475755, "delta": 0.024938}}
{"target": -2811.666330000001, "params": {"spark.default.parallelism": 471.7347958176224, "spark.executor.cores": 1.4158234970816053, "spark.executor.instances": 6.7021902652564265, "spark.executor.memory": 6.307245827387211, "spark.executor.memoryOverhead": 512.8708848319183, "spark.memory.fraction": 0.5002018501106356, "spark.memory.storageFraction": 0.7529280134151459, "spark.reducer.maxBlocksInFlightPerAddress": 2027727390.8450725, "spark.reducer.maxSizeInFlight": 60.16555453095418, "spark.shuffle.file.buffer": 25.13734788014303}, "datetime": {"datetime": "2022-01-06 19:17:26", "elapsed": 0.545206, "delta": 0.069451}}
{"target": -2797.238750000002, "params": {"spark.default.parallelism": 486.2394357576476, "spark.executor.cores": 1.1541914177210235, "spark.executor.instances": 6.671555755962629, "spark.executor.memory": 6.093578670722904, "spark.executor.memoryOverhead": 597.20764129425, "spark.memory.fraction": 0.566908767886981, "spark.memory.storageFraction": 0.549952090389277, "spark.reducer.maxBlocksInFlightPerAddress": 1355843577.2816215, "spark.reducer.maxSizeInFlight": 25.570597125766916, "spark.shuffle.file.buffer": 35.34356290352122}, "datetime": {"datetime": "2022-01-06 19:17:26", "elapsed": 0.617014, "delta": 0.071808}}
{"target": -2798.9645400000013, "params": {"spark.default.parallelism": 265.99297625372975, "spark.executor.cores": 2.710912249803219, "spark.executor.instances": 7.179488483764702, "spark.executor.memory": 4.397167676389818, "spark.executor.memoryOverhead": 620.2671062595156, "spark.memory.fraction": 0.7223427035574222, "spark.memory.storageFraction": 0.6777398809728279, "spark.reducer.maxBlocksInFlightPerAddress": 1826051960.7028747, "spark.reducer.maxSizeInFlight": 41.6369158208802, "spark.shuffle.file.buffer": 47.86790957178454}, "datetime": {"datetime": "2022-01-06 19:17:26", "elapsed": 0.696801, "delta": 0.079787}}
{"target": -2797.0545800000004, "params": {"spark.default.parallelism": 345.9575059778214, "spark.executor.cores": 2.429394866291638, "spark.executor.instances": 7.0392250747115614, "spark.executor.memory": 6.962727483549804, "spark.executor.memoryOverhead": 766.7546950852324, "spark.memory.fraction": 0.5817279152607406, "spark.memory.storageFraction": 0.6331629966578163, "spark.reducer.maxBlocksInFlightPerAddress": 1211856221.2005877, "spark.reducer.maxSizeInFlight": 24.999809610364057, "spark.shuffle.file.buffer": 44.3916597706138}, "datetime": {"datetime": "2022-01-06 19:17:26", "elapsed": 0.771601, "delta": 0.0748}}
{"target": -2807.822400000001, "params": {"spark.default.parallelism": 280.45195687695133, "spark.executor.cores": 1.243244999059367, "spark.executor.instances": 6.491444310510021, "spark.executor.memory": 4.724482082144515, "spark.executor.memoryOverhead": 587.6287890158578, "spark.memory.fraction": 0.6934385279716476, "spark.memory.storageFraction": 0.5894932200870144, "spark.reducer.maxBlocksInFlightPerAddress": 2112623908.705553, "spark.reducer.maxSizeInFlight": 39.38805184459612, "spark.shuffle.file.buffer": 38.39361373640864}, "datetime": {"datetime": "2022-01-06 19:17:26", "elapsed": 0.852385, "delta": 0.080784}}
{"target": -2807.0062300000013, "params": {"spark.default.parallelism": 230.9067130890092, "spark.executor.cores": 1.8985399613249527, "spark.executor.instances": 6.349207892032901, "spark.executor.memory": 4.863152281530208, "spark.executor.memoryOverhead": 534.7836185254696, "spark.memory.fraction": 0.7827695753201128, "spark.memory.storageFraction": 0.5530067371631945, "spark.reducer.maxBlocksInFlightPerAddress": 2048344295.4161325, "spark.reducer.maxSizeInFlight": 58.012989078743686, "spark.shuffle.file.buffer": 45.970502274357244}, "datetime": {"datetime": "2022-01-06 19:17:26", "elapsed": 0.926187, "delta": 0.073802}}
{"target": -2795.806160000001, "params": {"spark.default.parallelism": 352.04651515700687, "spark.executor.cores": 1.5188513541685025, "spark.executor.instances": 7.885765277992592, "spark.executor.memory": 5.038123631538513, "spark.executor.memoryOverhead": 538.0941905619998, "spark.memory.fraction": 0.7052444345224423, "spark.memory.storageFraction": 0.5534462275676156, "spark.reducer.maxBlocksInFlightPerAddress": 1382175986.4515374, "spark.reducer.maxSizeInFlight": 28.14624059181522, "spark.shuffle.file.buffer": 42.30314185306119}, "datetime": {"datetime": "2022-01-06 19:17:26", "elapsed": 0.999021, "delta": 0.072834}}
{"target": -2796.8492400000014, "params": {"spark.default.parallelism": 270.4786092350405, "spark.executor.cores": 2.4918374940995762, "spark.executor.instances": 5.8573510013244245, "spark.executor.memory": 4.080125297767461, "spark.executor.memoryOverhead": 622.6011244461616, "spark.memory.fraction": 0.6823038593029572, "spark.memory.storageFraction": 0.6694246533007249, "spark.reducer.maxBlocksInFlightPerAddress": 1737397985.9944415, "spark.reducer.maxSizeInFlight": 37.71184295557874, "spark.shuffle.file.buffer": 39.388692138875044}, "datetime": {"datetime": "2022-01-06 19:17:26", "elapsed": 1.067808, "delta": 0.068787}}
{"target": -2798.4134800000015, "params": {"spark.default.parallelism": 292.1189803826157, "spark.executor.cores": 2.138498435927387, "spark.executor.instances": 4.207283138125501, "spark.executor.memory": 4.730596523410366, "spark.executor.memoryOverhead": 742.2134768483536, "spark.memory.fraction": 0.7050624040282509, "spark.memory.storageFraction": 0.5760350924159015, "spark.reducer.maxBlocksInFlightPerAddress": 1446856239.9477859, "spark.reducer.maxSizeInFlight": 71.16904767547007, "spark.shuffle.file.buffer": 25.254765771556578}, "datetime": {"datetime": "2022-01-06 19:17:27", "elapsed": 1.138648, "delta": 0.07084}}
{"target": -2797.060220000001, "params": {"spark.default.parallelism": 498.4717374322219, "spark.executor.cores": 2.539917230819132, "spark.executor.instances": 6.5898180666693005, "spark.executor.memory": 3.8215193600816875, "spark.executor.memoryOverhead": 743.2327144178248, "spark.memory.fraction": 0.570280188682581, "spark.memory.storageFraction": 0.5409804876852686, "spark.reducer.maxBlocksInFlightPerAddress": 1796569176.0152788, "spark.reducer.maxSizeInFlight": 55.31720373195644, "spark.shuffle.file.buffer": 28.561055631620878}, "datetime": {"datetime": "2022-01-06 19:17:27", "elapsed": 1.218405, "delta": 0.079757}}
{"target": -2814.436630000001, "params": {"spark.default.parallelism": 413.7850037130409, "spark.executor.cores": 1.827494092927964, "spark.executor.instances": 4.8503452289778615, "spark.executor.memory": 5.4242841483608775, "spark.executor.memoryOverhead": 408.8068662636944, "spark.memory.fraction": 0.7341725892850932, "spark.memory.storageFraction": 0.8735424684303739, "spark.reducer.maxBlocksInFlightPerAddress": 2081493733.5344758, "spark.reducer.maxSizeInFlight": 52.747772396926045, "spark.shuffle.file.buffer": 23.87998667477134}, "datetime": {"datetime": "2022-01-06 19:17:27", "elapsed": 1.301184, "delta": 0.082779}}
{"target": -2800.3888200000015, "params": {"spark.default.parallelism": 400.53448423977983, "spark.executor.cores": 2.612543789936108, "spark.executor.instances": 4.054246955151147, "spark.executor.memory": 3.9729449889677464, "spark.executor.memoryOverhead": 395.7873595033749, "spark.memory.fraction": 0.8233478287621234, "spark.memory.storageFraction": 0.7522999669195276, "spark.reducer.maxBlocksInFlightPerAddress": 1776947474.9269054, "spark.reducer.maxSizeInFlight": 25.76639049759963, "spark.shuffle.file.buffer": 43.471057799957265}, "datetime": {"datetime": "2022-01-06 19:17:27", "elapsed": 1.39294, "delta": 0.091756}}
{"target": -2793.2196100000006, "params": {"spark.default.parallelism": 236.09576172880827, "spark.executor.cores": 2.331947870755529, "spark.executor.instances": 5.78655651577885, "spark.executor.memory": 4.124187264299631, "spark.executor.memoryOverhead": 384.7633157244881, "spark.memory.fraction": 0.7776508697863813, "spark.memory.storageFraction": 0.5155972233384881, "spark.reducer.maxBlocksInFlightPerAddress": 1196805476.3922563, "spark.reducer.maxSizeInFlight": 26.61458643576564, "spark.shuffle.file.buffer": 43.584902679939866}, "datetime": {"datetime": "2022-01-06 19:17:27", "elapsed": 1.477712, "delta": 0.084772}}
{"target": -2802.9760200000014, "params": {"spark.default.parallelism": 204.9017160613747, "spark.executor.cores": 1.9712310559517778, "spark.executor.instances": 4.170617782473027, "spark.executor.memory": 5.540753735042669, "spark.executor.memoryOverhead": 823.4181514985374, "spark.memory.fraction": 0.6590273103375737, "spark.memory.storageFraction": 0.6301248762774985, "spark.reducer.maxBlocksInFlightPerAddress": 1983374571.603139, "spark.reducer.maxSizeInFlight": 49.303360771004854, "spark.shuffle.file.buffer": 40.022710909864735}, "datetime": {"datetime": "2022-01-06 19:17:27", "elapsed": 1.5575, "delta": 0.079788}}
{"target": -2796.1052900000013, "params": {"spark.default.parallelism": 213.86029833034144, "spark.executor.cores": 2.319578157385472, "spark.executor.instances": 7.280035033397785, "spark.executor.memory": 5.328857938753822, "spark.executor.memoryOverhead": 740.5185399292209, "spark.memory.fraction": 0.8874447704925226, "spark.memory.storageFraction": 0.5359940782173956, "spark.reducer.maxBlocksInFlightPerAddress": 1918499447.3820412, "spark.reducer.maxSizeInFlight": 35.84117371217542, "spark.shuffle.file.buffer": 27.27668282479911}, "datetime": {"datetime": "2022-01-06 19:17:27", "elapsed": 1.648256, "delta": 0.090756}}
