{"target": -2793.8171, "params": {"spark.default.parallelism": 403.13619662150074, "spark.executor.cores": 2.596585851505292, "spark.executor.instances": 6.881287853210578, "spark.executor.memory": 4.166130591109554, "spark.executor.memoryOverhead": 639.9168537627856, "spark.memory.fraction": 0.8194636567869784, "spark.memory.storageFraction": 0.5319755844495495, "spark.reducer.maxBlocksInFlightPerAddress": 1212100898.1785567, "spark.reducer.maxSizeInFlight": 41.227032484376394, "spark.shuffle.file.buffer": 41.71438184973945}, "datetime": {"datetime": "2022-01-06 18:30:21", "elapsed": 5.004747, "delta": 0.135539}}
{"target": -2796.330230000001, "params": {"spark.default.parallelism": 354.5343640390908, "spark.executor.cores": 2.7979543668219065, "spark.executor.instances": 5.588731343557668, "spark.executor.memory": 4.329024849385059, "spark.executor.memoryOverhead": 617.3080504255868, "spark.memory.fraction": 0.8489537453262455, "spark.memory.storageFraction": 0.6654564240597145, "spark.reducer.maxBlocksInFlightPerAddress": 1556667716.9955568, "spark.reducer.maxSizeInFlight": 42.763800341976335, "spark.shuffle.file.buffer": 41.85970490235746}, "datetime": {"datetime": "2022-01-06 18:30:21", "elapsed": 5.118055, "delta": 0.113308}}
{"target": -2799.2278900000024, "params": {"spark.default.parallelism": 206.9455828302954, "spark.executor.cores": 1.8804592903598043, "spark.executor.instances": 4.933132138393502, "spark.executor.memory": 4.75388518876335, "spark.executor.memoryOverhead": 391.5090782873016, "spark.memory.fraction": 0.655693832701033, "spark.memory.storageFraction": 0.557294786775836, "spark.reducer.maxBlocksInFlightPerAddress": 1197045184.3198233, "spark.reducer.maxSizeInFlight": 68.38693348626408, "spark.shuffle.file.buffer": 29.09548191694479}, "datetime": {"datetime": "2022-01-06 18:30:21", "elapsed": 5.245389, "delta": 0.127334}}
{"target": -2796.947330000002, "params": {"spark.default.parallelism": 217.95477186659178, "spark.executor.cores": 1.8317115212411903, "spark.executor.instances": 6.323096633516238, "spark.executor.memory": 6.258761331476979, "spark.executor.memoryOverhead": 485.1115298886947, "spark.memory.fraction": 0.7731835780818164, "spark.memory.storageFraction": 0.5541942099555655, "spark.reducer.maxBlocksInFlightPerAddress": 1596383508.6765504, "spark.reducer.maxSizeInFlight": 36.5215936331256, "spark.shuffle.file.buffer": 25.737650539840306}, "datetime": {"datetime": "2022-01-06 18:30:21", "elapsed": 5.377008, "delta": 0.131619}}
{"target": -2812.764570000001, "params": {"spark.default.parallelism": 392.7954077691935, "spark.executor.cores": 1.0295212997944638, "spark.executor.instances": 7.34228919794308, "spark.executor.memory": 6.157569454118771, "spark.executor.memoryOverhead": 821.844087115419, "spark.memory.fraction": 0.7225695258079433, "spark.memory.storageFraction": 0.7593910426275385, "spark.reducer.maxBlocksInFlightPerAddress": 2069869552.0445514, "spark.reducer.maxSizeInFlight": 59.64199214167872, "spark.shuffle.file.buffer": 26.953381169763883}, "datetime": {"datetime": "2022-01-06 18:30:21", "elapsed": 5.491989, "delta": 0.114981}}
{"target": -2800.0056800000016, "params": {"spark.default.parallelism": 281.5673123631052, "spark.executor.cores": 2.688383807741599, "spark.executor.instances": 5.822696882966806, "spark.executor.memory": 5.4859527309120475, "spark.executor.memoryOverhead": 605.2225398593804, "spark.memory.fraction": 0.5509277066844965, "spark.memory.storageFraction": 0.509723284355322, "spark.reducer.maxBlocksInFlightPerAddress": 1796820710.7049522, "spark.reducer.maxSizeInFlight": 49.413022184641214, "spark.shuffle.file.buffer": 20.671961093431033}, "datetime": {"datetime": "2022-01-06 18:30:21", "elapsed": 5.60769, "delta": 0.115701}}
{"target": -2804.508810000002, "params": {"spark.default.parallelism": 465.5783993990668, "spark.executor.cores": 1.6588688714597994, "spark.executor.instances": 6.717676913188203, "spark.executor.memory": 3.0415263869182834, "spark.executor.memoryOverhead": 597.8898483714014, "spark.memory.fraction": 0.5230828885300839, "spark.memory.storageFraction": 0.7043302266581761, "spark.reducer.maxBlocksInFlightPerAddress": 1936079967.9553044, "spark.reducer.maxSizeInFlight": 64.51204855908169, "spark.shuffle.file.buffer": 44.70268559598256}, "datetime": {"datetime": "2022-01-06 18:30:22", "elapsed": 5.724289, "delta": 0.116599}}
{"target": -3489.7071200000005, "params": {"spark.default.parallelism": 449.56748275256297, "spark.executor.cores": 2.7223542104015213, "spark.executor.instances": 5.197086143871584, "spark.executor.memory": 3.4538595777397934, "spark.executor.memoryOverhead": 562.0094788447589, "spark.memory.fraction": 0.6471146953154696, "spark.memory.storageFraction": 0.8912740398970946, "spark.reducer.maxBlocksInFlightPerAddress": 1556933190.8111687, "spark.reducer.maxSizeInFlight": 63.47228863751995, "spark.shuffle.file.buffer": 22.595215757442492}, "datetime": {"datetime": "2022-01-06 18:30:22", "elapsed": 5.842011, "delta": 0.117722}}
{"target": -2795.115250000001, "params": {"spark.default.parallelism": 204.60654144667012, "spark.executor.cores": 1.6330346166890262, "spark.executor.instances": 5.882886404029085, "spark.executor.memory": 6.266287099893403, "spark.executor.memoryOverhead": 699.2472369968464, "spark.memory.fraction": 0.756380042548614, "spark.memory.storageFraction": 0.5025586106177786, "spark.reducer.maxBlocksInFlightPerAddress": 1556365577.927279, "spark.reducer.maxSizeInFlight": 55.40294084611255, "spark.shuffle.file.buffer": 23.684391222913785}, "datetime": {"datetime": "2022-01-06 18:30:22", "elapsed": 5.979803, "delta": 0.137792}}
{"target": -2810.6783000000014, "params": {"spark.default.parallelism": 422.71754570274766, "spark.executor.cores": 2.1997742412008607, "spark.executor.instances": 7.445781438739136, "spark.executor.memory": 3.0730369525566585, "spark.executor.memoryOverhead": 779.9518569013846, "spark.memory.fraction": 0.5514138630121824, "spark.memory.storageFraction": 0.6147101937526496, "spark.reducer.maxBlocksInFlightPerAddress": 2095265716.7508826, "spark.reducer.maxSizeInFlight": 32.54826267023497, "spark.shuffle.file.buffer": 26.894352077651057}, "datetime": {"datetime": "2022-01-06 18:30:22", "elapsed": 6.098501, "delta": 0.118698}}
{"target": -2796.330230000001, "params": {"spark.default.parallelism": 343.8863338067314, "spark.executor.cores": 2.9375539469549516, "spark.executor.instances": 7.953995940284475, "spark.executor.memory": 6.820243558827103, "spark.executor.memoryOverhead": 627.3770042993845, "spark.memory.fraction": 0.6459638141137828, "spark.memory.storageFraction": 0.6374237384883537, "spark.reducer.maxBlocksInFlightPerAddress": 1556130516.6994085, "spark.reducer.maxSizeInFlight": 70.51494069157522, "spark.shuffle.file.buffer": 40.38938618062282}, "datetime": {"datetime": "2022-01-06 18:30:22", "elapsed": 6.222774, "delta": 0.124273}}
{"target": -2800.074670000002, "params": {"spark.default.parallelism": 269.6731744179521, "spark.executor.cores": 1.034420063244663, "spark.executor.instances": 5.819008067959079, "spark.executor.memory": 6.749021026665259, "spark.executor.memoryOverhead": 645.7026734899044, "spark.memory.fraction": 0.8528181230861971, "spark.memory.storageFraction": 0.8366530079061858, "spark.reducer.maxBlocksInFlightPerAddress": 1505209811.7171726, "spark.reducer.maxSizeInFlight": 69.18540749784736, "spark.shuffle.file.buffer": 20.997518149003543}, "datetime": {"datetime": "2022-01-06 18:30:22", "elapsed": 6.352835, "delta": 0.130061}}
