{"target": -2798.7982500000016, "params": {"spark.default.parallelism": 499.5203698033364, "spark.executor.cores": 1.5075164996891117, "spark.executor.instances": 5.842274495189165, "spark.executor.memory": 3.36990870276741, "spark.executor.memoryOverhead": 768.2678557687191, "spark.memory.fraction": 0.5209413050806667, "spark.memory.storageFraction": 0.7406980703082133, "spark.reducer.maxBlocksInFlightPerAddress": 1858818428.1587834, "spark.reducer.maxSizeInFlight": 62.31803082963323, "spark.shuffle.file.buffer": 40.834383608457784}, "datetime": {"datetime": "2022-01-06 18:32:12", "elapsed": 1.696668, "delta": 0.083283}}
{"target": -2809.064670000001, "params": {"spark.default.parallelism": 203.27550740361815, "spark.executor.cores": 1.784965521980363, "spark.executor.instances": 7.269183092971183, "spark.executor.memory": 6.963126073785908, "spark.executor.memoryOverhead": 629.0308338878399, "spark.memory.fraction": 0.7564602988841151, "spark.memory.storageFraction": 0.5996132539750021, "spark.reducer.maxBlocksInFlightPerAddress": 2129652757.7829201, "spark.reducer.maxSizeInFlight": 65.76018868379155, "spark.shuffle.file.buffer": 36.22519340843213}, "datetime": {"datetime": "2022-01-06 18:32:12", "elapsed": 1.781949, "delta": 0.085281}}
{"target": -2802.7247900000016, "params": {"spark.default.parallelism": 281.2286154667962, "spark.executor.cores": 2.6636459219455926, "spark.executor.instances": 4.165862038733264, "spark.executor.memory": 4.815029096128925, "spark.executor.memoryOverhead": 757.5072041224703, "spark.memory.fraction": 0.7607459890059556, "spark.memory.storageFraction": 0.7597687974533374, "spark.reducer.maxBlocksInFlightPerAddress": 1861359003.090942, "spark.reducer.maxSizeInFlight": 49.19551692917284, "spark.shuffle.file.buffer": 20.880164632046643}, "datetime": {"datetime": "2022-01-06 18:32:12", "elapsed": 1.864714, "delta": 0.082765}}
{"target": -2801.586790000001, "params": {"spark.default.parallelism": 398.4498691404067, "spark.executor.cores": 2.8044493088900913, "spark.executor.instances": 4.4114069284787165, "spark.executor.memory": 3.9635335420310196, "spark.executor.memoryOverhead": 773.6635163349367, "spark.memory.fraction": 0.6961440548944902, "spark.memory.storageFraction": 0.7940657551603901, "spark.reducer.maxBlocksInFlightPerAddress": 1843381009.3138359, "spark.reducer.maxSizeInFlight": 36.062550138899454, "spark.shuffle.file.buffer": 31.058325904970143}, "datetime": {"datetime": "2022-01-06 18:32:12", "elapsed": 1.953973, "delta": 0.089259}}
{"target": -2809.1260100000013, "params": {"spark.default.parallelism": 201.71361835989288, "spark.executor.cores": 2.313256804716371, "spark.executor.instances": 7.022991620668855, "spark.executor.memory": 5.777729274065159, "spark.executor.memoryOverhead": 660.1320236457457, "spark.memory.fraction": 0.7769212666577975, "spark.memory.storageFraction": 0.5860713784818473, "spark.reducer.maxBlocksInFlightPerAddress": 2087191102.8654299, "spark.reducer.maxSizeInFlight": 47.59071414981109, "spark.shuffle.file.buffer": 31.035871132692385}, "datetime": {"datetime": "2022-01-06 18:32:12", "elapsed": 2.052711, "delta": 0.098738}}
{"target": -2803.1833300000017, "params": {"spark.default.parallelism": 391.67539650971435, "spark.executor.cores": 1.7229702785452408, "spark.executor.instances": 5.200575010433765, "spark.executor.memory": 6.519709300672959, "spark.executor.memoryOverhead": 399.1725459496612, "spark.memory.fraction": 0.8502058766598098, "spark.memory.storageFraction": 0.7493553964200514, "spark.reducer.maxBlocksInFlightPerAddress": 1398556476.4007888, "spark.reducer.maxSizeInFlight": 36.82663471080859, "spark.shuffle.file.buffer": 19.192073968561278}, "datetime": {"datetime": "2022-01-06 18:32:12", "elapsed": 2.135521, "delta": 0.08281}}
{"target": -2798.664420000001, "params": {"spark.default.parallelism": 381.7550958683454, "spark.executor.cores": 2.953107118284188, "spark.executor.instances": 4.317558392723323, "spark.executor.memory": 3.766559748319751, "spark.executor.memoryOverhead": 692.2336869872697, "spark.memory.fraction": 0.5198174130691084, "spark.memory.storageFraction": 0.6464399774934287, "spark.reducer.maxBlocksInFlightPerAddress": 1308137737.2675557, "spark.reducer.maxSizeInFlight": 54.13806771750315, "spark.shuffle.file.buffer": 20.704734905037245}, "datetime": {"datetime": "2022-01-06 18:32:12", "elapsed": 2.227242, "delta": 0.091721}}
{"target": -2797.1715400000016, "params": {"spark.default.parallelism": 233.8046509001092, "spark.executor.cores": 1.1520830730330087, "spark.executor.instances": 6.58521858430384, "spark.executor.memory": 5.971666097732564, "spark.executor.memoryOverhead": 523.0314655135401, "spark.memory.fraction": 0.7686551023938683, "spark.memory.storageFraction": 0.6002027662326079, "spark.reducer.maxBlocksInFlightPerAddress": 1504958730.0903559, "spark.reducer.maxSizeInFlight": 37.846672819418266, "spark.shuffle.file.buffer": 32.6889369462814}, "datetime": {"datetime": "2022-01-06 18:32:12", "elapsed": 2.309024, "delta": 0.081782}}
{"target": -2812.9268800000013, "params": {"spark.default.parallelism": 226.86249983118307, "spark.executor.cores": 2.062575382964363, "spark.executor.instances": 6.261043614564869, "spark.executor.memory": 5.948737722909595, "spark.executor.memoryOverhead": 657.6824509227789, "spark.memory.fraction": 0.674871679260466, "spark.memory.storageFraction": 0.7823689167341987, "spark.reducer.maxBlocksInFlightPerAddress": 2093266295.0796576, "spark.reducer.maxSizeInFlight": 57.70144082047158, "spark.shuffle.file.buffer": 24.889142462253563}, "datetime": {"datetime": "2022-01-06 18:32:12", "elapsed": 2.391804, "delta": 0.08278}}
{"target": -2813.757990000001, "params": {"spark.default.parallelism": 299.8369168917898, "spark.executor.cores": 2.1856809233411716, "spark.executor.instances": 6.05019953083664, "spark.executor.memory": 4.777713755232652, "spark.executor.memoryOverhead": 634.8580218213025, "spark.memory.fraction": 0.7747445057716917, "spark.memory.storageFraction": 0.7473521073909999, "spark.reducer.maxBlocksInFlightPerAddress": 2073623955.3671274, "spark.reducer.maxSizeInFlight": 45.40214938263189, "spark.shuffle.file.buffer": 20.59626500445138}, "datetime": {"datetime": "2022-01-06 18:32:12", "elapsed": 2.483557, "delta": 0.091753}}
{"target": -2797.269110000002, "params": {"spark.default.parallelism": 290.67963975959685, "spark.executor.cores": 2.4829826140502678, "spark.executor.instances": 5.06504235110455, "spark.executor.memory": 4.922609050174996, "spark.executor.memoryOverhead": 531.5646672046186, "spark.memory.fraction": 0.6770873753447837, "spark.memory.storageFraction": 0.7144691952435158, "spark.reducer.maxBlocksInFlightPerAddress": 1680484853.846784, "spark.reducer.maxSizeInFlight": 30.392533459555914, "spark.shuffle.file.buffer": 44.80045369569976}, "datetime": {"datetime": "2022-01-06 18:32:12", "elapsed": 2.577307, "delta": 0.09375}}
{"target": -2800.5654300000006, "params": {"spark.default.parallelism": 351.24192503793245, "spark.executor.cores": 1.1401356817862915, "spark.executor.instances": 6.438525224456816, "spark.executor.memory": 6.167404564113376, "spark.executor.memoryOverhead": 628.2074047006522, "spark.memory.fraction": 0.893828837955972, "spark.memory.storageFraction": 0.6467290314341245, "spark.reducer.maxBlocksInFlightPerAddress": 1121696089.1288996, "spark.reducer.maxSizeInFlight": 33.523228253850874, "spark.shuffle.file.buffer": 29.769791437801235}, "datetime": {"datetime": "2022-01-06 18:32:13", "elapsed": 2.665072, "delta": 0.087765}}
{"target": -2802.980400000001, "params": {"spark.default.parallelism": 462.2113304272272, "spark.executor.cores": 2.5266518738298807, "spark.executor.instances": 7.502447762767691, "spark.executor.memory": 3.988490203661349, "spark.executor.memoryOverhead": 634.0558740713271, "spark.memory.fraction": 0.8597867544701028, "spark.memory.storageFraction": 0.6064806950077182, "spark.reducer.maxBlocksInFlightPerAddress": 1087428666.0180225, "spark.reducer.maxSizeInFlight": 55.137207805053706, "spark.shuffle.file.buffer": 19.36483896816299}, "datetime": {"datetime": "2022-01-06 18:32:13", "elapsed": 2.754833, "delta": 0.089761}}
{"target": -2798.0873200000005, "params": {"spark.default.parallelism": 461.43849841690104, "spark.executor.cores": 1.5258848272784375, "spark.executor.instances": 5.365460536566166, "spark.executor.memory": 6.174115408750531, "spark.executor.memoryOverhead": 741.2077923765607, "spark.memory.fraction": 0.5471638896997204, "spark.memory.storageFraction": 0.7827091804355701, "spark.reducer.maxBlocksInFlightPerAddress": 1382062325.93122, "spark.reducer.maxSizeInFlight": 41.73069234746382, "spark.shuffle.file.buffer": 39.072060260901765}, "datetime": {"datetime": "2022-01-06 18:32:13", "elapsed": 2.850576, "delta": 0.095743}}
{"target": -2800.0980400000017, "params": {"spark.default.parallelism": 469.410721273813, "spark.executor.cores": 2.1123589598725747, "spark.executor.instances": 6.344448640171816, "spark.executor.memory": 6.609029493886041, "spark.executor.memoryOverhead": 664.5807613656746, "spark.memory.fraction": 0.7169688555827042, "spark.memory.storageFraction": 0.6124715931297127, "spark.reducer.maxBlocksInFlightPerAddress": 1842613040.1094658, "spark.reducer.maxSizeInFlight": 25.349946645737912, "spark.shuffle.file.buffer": 35.35872731079774}, "datetime": {"datetime": "2022-01-06 18:32:13", "elapsed": 2.950309, "delta": 0.099733}}
{"target": -2804.9001400000006, "params": {"spark.default.parallelism": 345.4580000557852, "spark.executor.cores": 2.2786788193448, "spark.executor.instances": 5.755793542623721, "spark.executor.memory": 6.561213609596687, "spark.executor.memoryOverhead": 421.1383250850025, "spark.memory.fraction": 0.6709424609925183, "spark.memory.storageFraction": 0.7977884200420315, "spark.reducer.maxBlocksInFlightPerAddress": 1196652560.94318, "spark.reducer.maxSizeInFlight": 50.50835718731403, "spark.shuffle.file.buffer": 17.34142601114008}, "datetime": {"datetime": "2022-01-06 18:32:13", "elapsed": 3.039072, "delta": 0.088763}}
{"target": -2802.9054800000013, "params": {"spark.default.parallelism": 453.2068012849756, "spark.executor.cores": 2.4376176043363778, "spark.executor.instances": 7.44036845277609, "spark.executor.memory": 6.8906992458949095, "spark.executor.memoryOverhead": 820.1674806413575, "spark.memory.fraction": 0.6794023841597299, "spark.memory.storageFraction": 0.7594251524971705, "spark.reducer.maxBlocksInFlightPerAddress": 1918664202.7930722, "spark.reducer.maxSizeInFlight": 55.94325516167832, "spark.shuffle.file.buffer": 17.083681831262794}, "datetime": {"datetime": "2022-01-06 18:32:13", "elapsed": 3.128832, "delta": 0.08976}}
{"target": -2801.163750000001, "params": {"spark.default.parallelism": 242.63758775864696, "spark.executor.cores": 2.71502137770513, "spark.executor.instances": 7.1857411455086355, "spark.executor.memory": 3.2314152507597256, "spark.executor.memoryOverhead": 473.81023603059873, "spark.memory.fraction": 0.7649625106577024, "spark.memory.storageFraction": 0.5200879533338719, "spark.reducer.maxBlocksInFlightPerAddress": 1842822357.1242554, "spark.reducer.maxSizeInFlight": 24.99652350634406, "spark.shuffle.file.buffer": 18.6075114682762}, "datetime": {"datetime": "2022-01-06 18:32:13", "elapsed": 3.233552, "delta": 0.10472}}
{"target": -2798.3844100000006, "params": {"spark.default.parallelism": 471.16057308508715, "spark.executor.cores": 2.795648090647938, "spark.executor.instances": 4.018708651542916, "spark.executor.memory": 6.027566212445114, "spark.executor.memoryOverhead": 819.375868975133, "spark.memory.fraction": 0.5168396282319996, "spark.memory.storageFraction": 0.8245951296615179, "spark.reducer.maxBlocksInFlightPerAddress": 1196996830.8817, "spark.reducer.maxSizeInFlight": 43.95509941774384, "spark.shuffle.file.buffer": 32.59630429362046}, "datetime": {"datetime": "2022-01-06 18:32:13", "elapsed": 3.334282, "delta": 0.10073}}
{"target": -2796.8322400000015, "params": {"spark.default.parallelism": 355.56346911236574, "spark.executor.cores": 1.1559359985367175, "spark.executor.instances": 4.478696026495706, "spark.executor.memory": 3.7952596799545817, "spark.executor.memoryOverhead": 732.5713241662659, "spark.memory.fraction": 0.8986912482602587, "spark.memory.storageFraction": 0.5956486094205566, "spark.reducer.maxBlocksInFlightPerAddress": 1287125307.7278073, "spark.reducer.maxSizeInFlight": 41.53611865218631, "spark.shuffle.file.buffer": 27.586974055131297}, "datetime": {"datetime": "2022-01-06 18:32:13", "elapsed": 3.447884, "delta": 0.113602}}
{"target": -2798.1468900000013, "params": {"spark.default.parallelism": 361.0360179854904, "spark.executor.cores": 2.3708832350123608, "spark.executor.instances": 7.79594848363979, "spark.executor.memory": 6.79938319200571, "spark.executor.memoryOverhead": 792.3642181103219, "spark.memory.fraction": 0.8674652707715811, "spark.memory.storageFraction": 0.5285343681925261, "spark.reducer.maxBlocksInFlightPerAddress": 1796732607.0658092, "spark.reducer.maxSizeInFlight": 56.457937466361564, "spark.shuffle.file.buffer": 26.34811791878321}, "datetime": {"datetime": "2022-01-06 18:32:13", "elapsed": 3.551597, "delta": 0.103713}}
{"target": -2799.623390000001, "params": {"spark.default.parallelism": 218.5300473465543, "spark.executor.cores": 2.320247440268167, "spark.executor.instances": 6.372246824791704, "spark.executor.memory": 3.8085913321867064, "spark.executor.memoryOverhead": 789.1259337706447, "spark.memory.fraction": 0.5895662125274227, "spark.memory.storageFraction": 0.7756438379266106, "spark.reducer.maxBlocksInFlightPerAddress": 1212028463.1775603, "spark.reducer.maxSizeInFlight": 47.05332333667796, "spark.shuffle.file.buffer": 22.11147582087352}, "datetime": {"datetime": "2022-01-06 18:32:14", "elapsed": 3.664641, "delta": 0.113044}}
{"target": -2803.2340900000017, "params": {"spark.default.parallelism": 436.12678309284604, "spark.executor.cores": 2.613582862079157, "spark.executor.instances": 7.845645924964589, "spark.executor.memory": 6.835052853739935, "spark.executor.memoryOverhead": 399.24609907806496, "spark.memory.fraction": 0.5296699458201501, "spark.memory.storageFraction": 0.8264623446804458, "spark.reducer.maxBlocksInFlightPerAddress": 1505129378.2618542, "spark.reducer.maxSizeInFlight": 67.47187532747787, "spark.shuffle.file.buffer": 18.978997469315978}, "datetime": {"datetime": "2022-01-06 18:32:14", "elapsed": 3.766754, "delta": 0.102113}}
{"target": -4335.6915199999985, "params": {"spark.default.parallelism": 340.33165456065245, "spark.executor.cores": 2.2248789045593433, "spark.executor.instances": 7.670694669023351, "spark.executor.memory": 4.712387814380058, "spark.executor.memoryOverhead": 827.2413041603584, "spark.memory.fraction": 0.546508865039847, "spark.memory.storageFraction": 0.8991900702778028, "spark.reducer.maxBlocksInFlightPerAddress": 1680656832.6863992, "spark.reducer.maxSizeInFlight": 36.51939692926972, "spark.shuffle.file.buffer": 23.364629749560777}, "datetime": {"datetime": "2022-01-06 18:32:14", "elapsed": 3.864499, "delta": 0.097745}}
{"target": -2798.7791800000014, "params": {"spark.default.parallelism": 474.1554017289768, "spark.executor.cores": 1.1520362397347688, "spark.executor.instances": 6.975063732312444, "spark.executor.memory": 6.474957525566671, "spark.executor.memoryOverhead": 785.6608660947913, "spark.memory.fraction": 0.7529889374105894, "spark.memory.storageFraction": 0.8418860915126366, "spark.reducer.maxBlocksInFlightPerAddress": 1650350506.100451, "spark.reducer.maxSizeInFlight": 48.70846583420279, "spark.shuffle.file.buffer": 32.56970111755213}, "datetime": {"datetime": "2022-01-06 18:32:14", "elapsed": 3.973213, "delta": 0.108714}}
{"target": -2796.9032900000007, "params": {"spark.default.parallelism": 216.36356744345994, "spark.executor.cores": 2.6496069558385664, "spark.executor.instances": 6.556062957858859, "spark.executor.memory": 5.7130882307688395, "spark.executor.memoryOverhead": 765.057443589677, "spark.memory.fraction": 0.8628335271280723, "spark.memory.storageFraction": 0.7164738087813324, "spark.reducer.maxBlocksInFlightPerAddress": 1274626968.4514742, "spark.reducer.maxSizeInFlight": 26.11505676174471, "spark.shuffle.file.buffer": 38.35408973850629}, "datetime": {"datetime": "2022-01-06 18:32:14", "elapsed": 4.080925, "delta": 0.107712}}
{"target": -2798.171830000001, "params": {"spark.default.parallelism": 459.5103813495358, "spark.executor.cores": 2.845919342107292, "spark.executor.instances": 5.386278587958916, "spark.executor.memory": 5.376147998933999, "spark.executor.memoryOverhead": 435.3638920701523, "spark.memory.fraction": 0.5997754704596305, "spark.memory.storageFraction": 0.5016744366805146, "spark.reducer.maxBlocksInFlightPerAddress": 1269387766.846817, "spark.reducer.maxSizeInFlight": 51.365395707936074, "spark.shuffle.file.buffer": 28.393087102637583}, "datetime": {"datetime": "2022-01-06 18:32:14", "elapsed": 4.204596, "delta": 0.123671}}
{"target": -2796.785930000002, "params": {"spark.default.parallelism": 478.14077113797686, "spark.executor.cores": 2.4761913060376726, "spark.executor.instances": 6.975373729865809, "spark.executor.memory": 4.429936706776074, "spark.executor.memoryOverhead": 604.200330189565, "spark.memory.fraction": 0.6569061099866044, "spark.memory.storageFraction": 0.7315844875482269, "spark.reducer.maxBlocksInFlightPerAddress": 1544951972.3487458, "spark.reducer.maxSizeInFlight": 58.45157818961282, "spark.shuffle.file.buffer": 42.35018943883887}, "datetime": {"datetime": "2022-01-06 18:32:14", "elapsed": 4.305326, "delta": 0.10073}}
{"target": -2799.091930000003, "params": {"spark.default.parallelism": 355.2986084706989, "spark.executor.cores": 2.9759629895762307, "spark.executor.instances": 7.782490477879594, "spark.executor.memory": 4.467984261153744, "spark.executor.memoryOverhead": 568.568317634273, "spark.memory.fraction": 0.6677460460500211, "spark.memory.storageFraction": 0.7271877456119482, "spark.reducer.maxBlocksInFlightPerAddress": 1697373622.3895178, "spark.reducer.maxSizeInFlight": 43.934390439115376, "spark.shuffle.file.buffer": 21.874780053815055}, "datetime": {"datetime": "2022-01-06 18:32:14", "elapsed": 4.409606, "delta": 0.10428}}
{"target": -2798.5441800000017, "params": {"spark.default.parallelism": 438.11729250159004, "spark.executor.cores": 1.6960903962309541, "spark.executor.instances": 6.609410803430675, "spark.executor.memory": 5.804962660957079, "spark.executor.memoryOverhead": 739.498289489186, "spark.memory.fraction": 0.6010961723207888, "spark.memory.storageFraction": 0.6055640812633618, "spark.reducer.maxBlocksInFlightPerAddress": 1680355065.5432389, "spark.reducer.maxSizeInFlight": 44.76394561588083, "spark.shuffle.file.buffer": 25.204262739575064}, "datetime": {"datetime": "2022-01-06 18:32:14", "elapsed": 4.55721, "delta": 0.147604}}
{"target": -2800.8356200000017, "params": {"spark.default.parallelism": 344.7682842077485, "spark.executor.cores": 1.12634240726412, "spark.executor.instances": 4.674507811358109, "spark.executor.memory": 6.340658129193082, "spark.executor.memoryOverhead": 594.135038218582, "spark.memory.fraction": 0.5784047621746435, "spark.memory.storageFraction": 0.7822697899892286, "spark.reducer.maxBlocksInFlightPerAddress": 1737565597.3183722, "spark.reducer.maxSizeInFlight": 37.98589810260141, "spark.shuffle.file.buffer": 22.174303504420088}, "datetime": {"datetime": "2022-01-06 18:32:15", "elapsed": 4.680931, "delta": 0.123721}}
{"target": -2798.394990000001, "params": {"spark.default.parallelism": 305.67487489772293, "spark.executor.cores": 2.304726108182613, "spark.executor.instances": 7.481035372164502, "spark.executor.memory": 6.193845389923178, "spark.executor.memoryOverhead": 857.5015699975725, "spark.memory.fraction": 0.5994960715421337, "spark.memory.storageFraction": 0.8346000059070098, "spark.reducer.maxBlocksInFlightPerAddress": 1544786623.6837955, "spark.reducer.maxSizeInFlight": 71.03435466003103, "spark.shuffle.file.buffer": 32.58347232915135}, "datetime": {"datetime": "2022-01-06 18:32:15", "elapsed": 4.793258, "delta": 0.112327}}
{"target": -2798.0701000000017, "params": {"spark.default.parallelism": 406.0525928407907, "spark.executor.cores": 2.873573551726927, "spark.executor.instances": 6.855882718927873, "spark.executor.memory": 5.745636226649896, "spark.executor.memoryOverhead": 840.7257721314688, "spark.memory.fraction": 0.7092987760499898, "spark.memory.storageFraction": 0.595517548115954, "spark.reducer.maxBlocksInFlightPerAddress": 1658892955.4304948, "spark.reducer.maxSizeInFlight": 50.00684901096863, "spark.shuffle.file.buffer": 27.20526399037458}, "datetime": {"datetime": "2022-01-06 18:32:15", "elapsed": 4.91455, "delta": 0.121292}}
{"target": -2801.2357200000015, "params": {"spark.default.parallelism": 367.12401101520334, "spark.executor.cores": 2.0229549432680103, "spark.executor.instances": 6.726655466663585, "spark.executor.memory": 6.295426893305735, "spark.executor.memoryOverhead": 449.96891253679206, "spark.memory.fraction": 0.7701792447243994, "spark.memory.storageFraction": 0.6488012942212117, "spark.reducer.maxBlocksInFlightPerAddress": 1356008812.989986, "spark.reducer.maxSizeInFlight": 57.83207856694159, "spark.shuffle.file.buffer": 26.79094169880631}, "datetime": {"datetime": "2022-01-06 18:32:15", "elapsed": 5.05318, "delta": 0.13863}}
