{"target": -2803.6146100000014, "params": {"spark.default.parallelism": 228.92974480112434, "spark.executor.cores": 1.3382781605193779, "spark.executor.instances": 7.976160816291884, "spark.executor.memory": 6.768399768099748, "spark.executor.memoryOverhead": 627.4314196041032, "spark.memory.fraction": 0.700147685574958, "spark.memory.storageFraction": 0.6935077872115738, "spark.reducer.maxBlocksInFlightPerAddress": 1976858080.807315, "spark.reducer.maxSizeInFlight": 56.06837134311114, "spark.shuffle.file.buffer": 43.946699829289926}, "datetime": {"datetime": "2022-01-06 18:56:52", "elapsed": 1.675027, "delta": 0.083747}}
{"target": -2801.7302500000014, "params": {"spark.default.parallelism": 317.3885228356397, "spark.executor.cores": 2.4989708474684362, "spark.executor.instances": 6.149684722986751, "spark.executor.memory": 5.998016163456418, "spark.executor.memoryOverhead": 422.64489774282526, "spark.memory.fraction": 0.7723932309757027, "spark.memory.storageFraction": 0.862748857112571, "spark.reducer.maxBlocksInFlightPerAddress": 1602865529.4455175, "spark.reducer.maxSizeInFlight": 55.94354367034802, "spark.shuffle.file.buffer": 23.354146220535913}, "datetime": {"datetime": "2022-01-06 18:56:52", "elapsed": 1.775757, "delta": 0.10073}}
{"target": -2798.011960000001, "params": {"spark.default.parallelism": 388.7690255281293, "spark.executor.cores": 1.3423125904219637, "spark.executor.instances": 5.833026718496363, "spark.executor.memory": 4.207235206405739, "spark.executor.memoryOverhead": 725.2013344009913, "spark.memory.fraction": 0.6753783269814059, "spark.memory.storageFraction": 0.7652607212071354, "spark.reducer.maxBlocksInFlightPerAddress": 1298168663.2679586, "spark.reducer.maxSizeInFlight": 63.7261776989082, "spark.shuffle.file.buffer": 43.624577210189045}, "datetime": {"datetime": "2022-01-06 18:56:52", "elapsed": 1.884065, "delta": 0.108308}}
{"target": -2799.5228300000012, "params": {"spark.default.parallelism": 303.2871833266856, "spark.executor.cores": 1.0888593825058623, "spark.executor.instances": 4.914596102775494, "spark.executor.memory": 4.679551898841828, "spark.executor.memoryOverhead": 703.0930706842842, "spark.memory.fraction": 0.6332624397419616, "spark.memory.storageFraction": 0.5507545517965717, "spark.reducer.maxBlocksInFlightPerAddress": 1153908900.4046764, "spark.reducer.maxSizeInFlight": 28.269014250172766, "spark.shuffle.file.buffer": 23.538198241280508}, "datetime": {"datetime": "2022-01-06 18:56:53", "elapsed": 1.976817, "delta": 0.092752}}
{"target": -2798.5310500000014, "params": {"spark.default.parallelism": 210.3729742271131, "spark.executor.cores": 1.7352579696565191, "spark.executor.instances": 6.9842229094617885, "spark.executor.memory": 3.4525045596092396, "spark.executor.memoryOverhead": 816.7816163032171, "spark.memory.fraction": 0.8730160135692214, "spark.memory.storageFraction": 0.762023409446601, "spark.reducer.maxBlocksInFlightPerAddress": 1602860592.991466, "spark.reducer.maxSizeInFlight": 36.079254276765475, "spark.shuffle.file.buffer": 27.40177752802976}, "datetime": {"datetime": "2022-01-06 18:56:53", "elapsed": 2.0701, "delta": 0.093283}}
{"target": -2811.392190000001, "params": {"spark.default.parallelism": 233.16582699278297, "spark.executor.cores": 2.1596029911087897, "spark.executor.instances": 7.3522744180802295, "spark.executor.memory": 5.104434380626181, "spark.executor.memoryOverhead": 688.2139115428836, "spark.memory.fraction": 0.7744841456797524, "spark.memory.storageFraction": 0.8062157703131247, "spark.reducer.maxBlocksInFlightPerAddress": 2110332121.0339477, "spark.reducer.maxSizeInFlight": 35.687993647989146, "spark.shuffle.file.buffer": 22.191054330925237}, "datetime": {"datetime": "2022-01-06 18:56:53", "elapsed": 2.160856, "delta": 0.090756}}
{"target": -2798.9712700000014, "params": {"spark.default.parallelism": 250.15745228177545, "spark.executor.cores": 2.833378905780167, "spark.executor.instances": 6.07425786682416, "spark.executor.memory": 6.305349683040166, "spark.executor.memoryOverhead": 689.5233372287337, "spark.memory.fraction": 0.7428411871163363, "spark.memory.storageFraction": 0.8673007313831064, "spark.reducer.maxBlocksInFlightPerAddress": 1358204992.797883, "spark.reducer.maxSizeInFlight": 46.09538325365537, "spark.shuffle.file.buffer": 22.921988679178515}, "datetime": {"datetime": "2022-01-06 18:56:53", "elapsed": 2.252257, "delta": 0.091401}}
{"target": -2798.9122900000007, "params": {"spark.default.parallelism": 219.31138827110968, "spark.executor.cores": 1.9322816296543803, "spark.executor.instances": 5.822748113911381, "spark.executor.memory": 6.00161040046277, "spark.executor.memoryOverhead": 532.2446862907245, "spark.memory.fraction": 0.5758679524643895, "spark.memory.storageFraction": 0.7227586770187417, "spark.reducer.maxBlocksInFlightPerAddress": 1084772890.073081, "spark.reducer.maxSizeInFlight": 70.75178124574788, "spark.shuffle.file.buffer": 36.807592418147564}, "datetime": {"datetime": "2022-01-06 18:56:53", "elapsed": 2.357973, "delta": 0.105716}}
{"target": -2800.2982700000016, "params": {"spark.default.parallelism": 281.39800984478717, "spark.executor.cores": 2.5196609843617264, "spark.executor.instances": 5.236822840135478, "spark.executor.memory": 5.652675028368326, "spark.executor.memoryOverhead": 857.3358921622901, "spark.memory.fraction": 0.676407904512661, "spark.memory.storageFraction": 0.5475518435225128, "spark.reducer.maxBlocksInFlightPerAddress": 1602885787.6046925, "spark.reducer.maxSizeInFlight": 48.15040073946054, "spark.shuffle.file.buffer": 17.680099183346044}, "datetime": {"datetime": "2022-01-06 18:56:53", "elapsed": 2.464238, "delta": 0.106265}}
{"target": -2803.5885000000017, "params": {"spark.default.parallelism": 289.2530794100964, "spark.executor.cores": 2.8116842782290963, "spark.executor.instances": 7.744444968670125, "spark.executor.memory": 3.9345627858131422, "spark.executor.memoryOverhead": 657.1294689716715, "spark.memory.fraction": 0.5516681202221513, "spark.memory.storageFraction": 0.8389197385638061, "spark.reducer.maxBlocksInFlightPerAddress": 1976844194.8877246, "spark.reducer.maxSizeInFlight": 52.19814174557762, "spark.shuffle.file.buffer": 36.933285303277174}, "datetime": {"datetime": "2022-01-06 18:56:53", "elapsed": 2.54901, "delta": 0.084772}}
{"target": -2799.1578100000015, "params": {"spark.default.parallelism": 227.91943137876495, "spark.executor.cores": 1.1743807643638549, "spark.executor.instances": 5.270015265549083, "spark.executor.memory": 6.846725781083073, "spark.executor.memoryOverhead": 580.0672060880952, "spark.memory.fraction": 0.7486049534767858, "spark.memory.storageFraction": 0.6231350257362593, "spark.reducer.maxBlocksInFlightPerAddress": 1615494969.7447553, "spark.reducer.maxSizeInFlight": 60.82757112150472, "spark.shuffle.file.buffer": 21.457851145526572}, "datetime": {"datetime": "2022-01-06 18:56:53", "elapsed": 2.636749, "delta": 0.087739}}
{"target": -2805.088000000001, "params": {"spark.default.parallelism": 298.30742315957764, "spark.executor.cores": 2.1152762175744106, "spark.executor.instances": 4.604078751274671, "spark.executor.memory": 3.728283769434935, "spark.executor.memoryOverhead": 431.59860202689845, "spark.memory.fraction": 0.5108553473131533, "spark.memory.storageFraction": 0.7836243995519567, "spark.reducer.maxBlocksInFlightPerAddress": 1084756741.0604365, "spark.reducer.maxSizeInFlight": 57.124926302720304, "spark.shuffle.file.buffer": 27.403399223391077}, "datetime": {"datetime": "2022-01-06 18:56:53", "elapsed": 2.739195, "delta": 0.102446}}
{"target": -2800.5654300000006, "params": {"spark.default.parallelism": 351.24192503793245, "spark.executor.cores": 1.1401356817862915, "spark.executor.instances": 6.438525224456816, "spark.executor.memory": 6.167404564113376, "spark.executor.memoryOverhead": 628.2074047006522, "spark.memory.fraction": 0.893828837955972, "spark.memory.storageFraction": 0.6467290314341245, "spark.reducer.maxBlocksInFlightPerAddress": 1121696089.1288996, "spark.reducer.maxSizeInFlight": 33.523228253850874, "spark.shuffle.file.buffer": 29.769791437801235}, "datetime": {"datetime": "2022-01-06 18:56:53", "elapsed": 2.828926, "delta": 0.089731}}
{"target": -2801.218540000001, "params": {"spark.default.parallelism": 231.6891653621581, "spark.executor.cores": 2.607005386266909, "spark.executor.instances": 4.231339645938607, "spark.executor.memory": 3.7616802204208457, "spark.executor.memoryOverhead": 785.3640214866305, "spark.memory.fraction": 0.5834143791612884, "spark.memory.storageFraction": 0.5691814620680604, "spark.reducer.maxBlocksInFlightPerAddress": 1121689049.9783063, "spark.reducer.maxSizeInFlight": 50.85795343603585, "spark.shuffle.file.buffer": 23.401549964211675}, "datetime": {"datetime": "2022-01-06 18:56:54", "elapsed": 2.926699, "delta": 0.097773}}
{"target": -2800.248140000002, "params": {"spark.default.parallelism": 463.8557838965281, "spark.executor.cores": 2.341915193193435, "spark.executor.instances": 4.773057936516707, "spark.executor.memory": 6.478160346237431, "spark.executor.memoryOverhead": 840.9047702514881, "spark.memory.fraction": 0.5383330531161284, "spark.memory.storageFraction": 0.7416613860307982, "spark.reducer.maxBlocksInFlightPerAddress": 1420387698.6143808, "spark.reducer.maxSizeInFlight": 41.42599438827794, "spark.shuffle.file.buffer": 19.79853780817374}, "datetime": {"datetime": "2022-01-06 18:56:54", "elapsed": 3.021013, "delta": 0.094314}}
{"target": -2798.2201900000014, "params": {"spark.default.parallelism": 462.02567528102776, "spark.executor.cores": 1.099044651744384, "spark.executor.instances": 6.127488103193034, "spark.executor.memory": 4.3671374741903115, "spark.executor.memoryOverhead": 675.925582775114, "spark.memory.fraction": 0.5370308149905921, "spark.memory.storageFraction": 0.5569145692169453, "spark.reducer.maxBlocksInFlightPerAddress": 1869262948.5775318, "spark.reducer.maxSizeInFlight": 44.95717615475899, "spark.shuffle.file.buffer": 47.69909494288406}, "datetime": {"datetime": "2022-01-06 18:56:54", "elapsed": 3.114761, "delta": 0.093748}}
{"target": -2797.3883500000015, "params": {"spark.default.parallelism": 388.62046602482553, "spark.executor.cores": 2.7854690444256343, "spark.executor.instances": 5.083832233932872, "spark.executor.memory": 5.808440326643564, "spark.executor.memoryOverhead": 633.5175681694395, "spark.memory.fraction": 0.7177962502089319, "spark.memory.storageFraction": 0.5722124993634036, "spark.reducer.maxBlocksInFlightPerAddress": 1869267594.223374, "spark.reducer.maxSizeInFlight": 64.60118294276072, "spark.shuffle.file.buffer": 37.22964622886644}, "datetime": {"datetime": "2022-01-06 18:56:54", "elapsed": 3.218111, "delta": 0.10335}}
{"target": -2796.731340000001, "params": {"spark.default.parallelism": 480.85600246317597, "spark.executor.cores": 2.0170343778715063, "spark.executor.instances": 5.9080403166073765, "spark.executor.memory": 4.326373093318232, "spark.executor.memoryOverhead": 678.210599197622, "spark.memory.fraction": 0.8377504106383162, "spark.memory.storageFraction": 0.6961350828797398, "spark.reducer.maxBlocksInFlightPerAddress": 1298157634.1423697, "spark.reducer.maxSizeInFlight": 55.19092074033067, "spark.shuffle.file.buffer": 45.3372316428649}, "datetime": {"datetime": "2022-01-06 18:56:54", "elapsed": 3.306873, "delta": 0.088762}}
{"target": -2798.670250000002, "params": {"spark.default.parallelism": 401.2394779985192, "spark.executor.cores": 2.337607138990867, "spark.executor.instances": 6.614477238677093, "spark.executor.memory": 4.773857557876576, "spark.executor.memoryOverhead": 390.5222219794794, "spark.memory.fraction": 0.7921268870856386, "spark.memory.storageFraction": 0.7986514046213491, "spark.reducer.maxBlocksInFlightPerAddress": 1602854262.900782, "spark.reducer.maxSizeInFlight": 57.24092120358827, "spark.shuffle.file.buffer": 42.62616482377945}, "datetime": {"datetime": "2022-01-06 18:56:54", "elapsed": 3.396564, "delta": 0.089691}}
{"target": -2797.115070000001, "params": {"spark.default.parallelism": 317.6451534100099, "spark.executor.cores": 2.8033480503742823, "spark.executor.instances": 4.9857612983972555, "spark.executor.memory": 3.4690310314371193, "spark.executor.memoryOverhead": 684.9794389154541, "spark.memory.fraction": 0.7895421654668218, "spark.memory.storageFraction": 0.6164971950958872, "spark.reducer.maxBlocksInFlightPerAddress": 1265270204.7431722, "spark.reducer.maxSizeInFlight": 25.519293138103677, "spark.shuffle.file.buffer": 32.82082764893312}, "datetime": {"datetime": "2022-01-06 18:56:54", "elapsed": 3.504824, "delta": 0.10826}}
{"target": -2810.2437100000016, "params": {"spark.default.parallelism": 301.5061751591054, "spark.executor.cores": 2.6947544751415604, "spark.executor.instances": 4.656510266650482, "spark.executor.memory": 4.350906650692357, "spark.executor.memoryOverhead": 691.3613322173519, "spark.memory.fraction": 0.5531385813448417, "spark.memory.storageFraction": 0.7306276177660549, "spark.reducer.maxBlocksInFlightPerAddress": 2110323754.5800328, "spark.reducer.maxSizeInFlight": 41.56981465694201, "spark.shuffle.file.buffer": 30.39756174287692}, "datetime": {"datetime": "2022-01-06 18:56:54", "elapsed": 3.605846, "delta": 0.101022}}
{"target": -2792.9504200000015, "params": {"spark.default.parallelism": 302.8997256746079, "spark.executor.cores": 2.652433150553822, "spark.executor.instances": 6.399050992530723, "spark.executor.memory": 5.181080747269317, "spark.executor.memoryOverhead": 611.6297174417236, "spark.memory.fraction": 0.7819736868465337, "spark.memory.storageFraction": 0.5261255365368416, "spark.reducer.maxBlocksInFlightPerAddress": 1602877492.627508, "spark.reducer.maxSizeInFlight": 47.497635347622, "spark.shuffle.file.buffer": 42.69462441901127}, "datetime": {"datetime": "2022-01-06 18:56:54", "elapsed": 3.713393, "delta": 0.107547}}
{"target": -2801.5915500000015, "params": {"spark.default.parallelism": 477.5238496647018, "spark.executor.cores": 2.3088810168187637, "spark.executor.instances": 6.262848917734017, "spark.executor.memory": 6.661585266937074, "spark.executor.memoryOverhead": 460.8621590559231, "spark.memory.fraction": 0.7055150203156207, "spark.memory.storageFraction": 0.5639713213704121, "spark.reducer.maxBlocksInFlightPerAddress": 1842938964.9944487, "spark.reducer.maxSizeInFlight": 33.72407318265924, "spark.shuffle.file.buffer": 34.41733890824548}, "datetime": {"datetime": "2022-01-06 18:56:54", "elapsed": 3.803348, "delta": 0.089955}}
{"target": -2797.7188200000023, "params": {"spark.default.parallelism": 257.44865413923355, "spark.executor.cores": 1.5451343336563124, "spark.executor.instances": 4.955550691377826, "spark.executor.memory": 4.370036080352248, "spark.executor.memoryOverhead": 813.524980087165, "spark.memory.fraction": 0.7214930101161465, "spark.memory.storageFraction": 0.7013108991287376, "spark.reducer.maxBlocksInFlightPerAddress": 1298183491.388424, "spark.reducer.maxSizeInFlight": 53.44603465583427, "spark.shuffle.file.buffer": 21.957390857779863}, "datetime": {"datetime": "2022-01-06 18:56:55", "elapsed": 3.905112, "delta": 0.101764}}
{"target": -2803.059940000001, "params": {"spark.default.parallelism": 316.9659447259091, "spark.executor.cores": 2.427883169070747, "spark.executor.instances": 7.994293915766265, "spark.executor.memory": 6.710639340210185, "spark.executor.memoryOverhead": 497.1163347878042, "spark.memory.fraction": 0.5966520115720154, "spark.memory.storageFraction": 0.5619480425751415, "spark.reducer.maxBlocksInFlightPerAddress": 1976840408.5651815, "spark.reducer.maxSizeInFlight": 29.02205878811511, "spark.shuffle.file.buffer": 45.447299184801764}, "datetime": {"datetime": "2022-01-06 18:56:55", "elapsed": 4.011203, "delta": 0.106091}}
{"target": -2797.8839600000006, "params": {"spark.default.parallelism": 340.2443055844117, "spark.executor.cores": 2.9172101114262565, "spark.executor.instances": 6.580915750935224, "spark.executor.memory": 6.556093862047139, "spark.executor.memoryOverhead": 570.6183622113211, "spark.memory.fraction": 0.6534025594474555, "spark.memory.storageFraction": 0.8209471064027072, "spark.reducer.maxBlocksInFlightPerAddress": 1265266286.729456, "spark.reducer.maxSizeInFlight": 46.94929617858722, "spark.shuffle.file.buffer": 36.15309881614874}, "datetime": {"datetime": "2022-01-06 18:56:55", "elapsed": 4.120297, "delta": 0.109094}}
{"target": -2798.518890000002, "params": {"spark.default.parallelism": 329.32800803882674, "spark.executor.cores": 1.5272973053378451, "spark.executor.instances": 5.739387138915784, "spark.executor.memory": 5.21587854563667, "spark.executor.memoryOverhead": 447.5212821830321, "spark.memory.fraction": 0.6676039379588568, "spark.memory.storageFraction": 0.555364313358821, "spark.reducer.maxBlocksInFlightPerAddress": 1602850468.4064555, "spark.reducer.maxSizeInFlight": 42.553100563481706, "spark.shuffle.file.buffer": 44.191606906038416}, "datetime": {"datetime": "2022-01-06 18:56:55", "elapsed": 4.235301, "delta": 0.115004}}
{"target": -2799.4809000000014, "params": {"spark.default.parallelism": 467.7375105618752, "spark.executor.cores": 2.0267790223864166, "spark.executor.instances": 5.5807068890546105, "spark.executor.memory": 3.175697817481716, "spark.executor.memoryOverhead": 709.3619268891243, "spark.memory.fraction": 0.7220497753125021, "spark.memory.storageFraction": 0.8588970173111761, "spark.reducer.maxBlocksInFlightPerAddress": 1869252413.2638087, "spark.reducer.maxSizeInFlight": 40.27259551040583, "spark.shuffle.file.buffer": 29.713140881929313}, "datetime": {"datetime": "2022-01-06 18:56:55", "elapsed": 4.357275, "delta": 0.121974}}
{"target": -2813.865350000001, "params": {"spark.default.parallelism": 304.0286689451696, "spark.executor.cores": 1.7798076936359672, "spark.executor.instances": 4.808725927495349, "spark.executor.memory": 3.96230558919051, "spark.executor.memoryOverhead": 784.439120654702, "spark.memory.fraction": 0.7382605760206099, "spark.memory.storageFraction": 0.8110615411552177, "spark.reducer.maxBlocksInFlightPerAddress": 2110312954.505732, "spark.reducer.maxSizeInFlight": 27.778561260496048, "spark.shuffle.file.buffer": 17.36352403731931}, "datetime": {"datetime": "2022-01-06 18:56:55", "elapsed": 4.472818, "delta": 0.115543}}
{"target": -2798.3175100000017, "params": {"spark.default.parallelism": 328.0767948183052, "spark.executor.cores": 2.6487537316334975, "spark.executor.instances": 5.525922327979085, "spark.executor.memory": 4.443998303062446, "spark.executor.memoryOverhead": 630.7673216940045, "spark.memory.fraction": 0.5659103561661261, "spark.memory.storageFraction": 0.8253140881064233, "spark.reducer.maxBlocksInFlightPerAddress": 1869259727.6240568, "spark.reducer.maxSizeInFlight": 65.31700288965398, "spark.shuffle.file.buffer": 46.827343094953065}, "datetime": {"datetime": "2022-01-06 18:56:55", "elapsed": 4.616919, "delta": 0.144101}}
{"target": -2800.8369000000016, "params": {"spark.default.parallelism": 484.1351253075394, "spark.executor.cores": 1.566816085793319, "spark.executor.instances": 7.273258778003292, "spark.executor.memory": 3.958062021220183, "spark.executor.memoryOverhead": 873.1432249980095, "spark.memory.fraction": 0.5466934843657109, "spark.memory.storageFraction": 0.8301314188503572, "spark.reducer.maxBlocksInFlightPerAddress": 1808725039.2883701, "spark.reducer.maxSizeInFlight": 57.81939630064019, "spark.shuffle.file.buffer": 27.553232738699766}, "datetime": {"datetime": "2022-01-06 18:56:55", "elapsed": 4.763243, "delta": 0.146324}}
{"target": -2799.713460000001, "params": {"spark.default.parallelism": 303.2234506039064, "spark.executor.cores": 1.9485542543877776, "spark.executor.instances": 6.258469732875882, "spark.executor.memory": 3.271568034663614, "spark.executor.memoryOverhead": 862.5190978578544, "spark.memory.fraction": 0.7183014162669634, "spark.memory.storageFraction": 0.8014451584878474, "spark.reducer.maxBlocksInFlightPerAddress": 1358202094.5183825, "spark.reducer.maxSizeInFlight": 68.61647966643042, "spark.shuffle.file.buffer": 30.6582147152223}, "datetime": {"datetime": "2022-01-06 18:56:55", "elapsed": 4.87295, "delta": 0.109707}}
{"target": -2797.0418400000017, "params": {"spark.default.parallelism": 313.9717045171635, "spark.executor.cores": 2.191673480139386, "spark.executor.instances": 5.1974066834354895, "spark.executor.memory": 3.036006306295461, "spark.executor.memoryOverhead": 687.733574273336, "spark.memory.fraction": 0.5370504607710647, "spark.memory.storageFraction": 0.5875752485965909, "spark.reducer.maxBlocksInFlightPerAddress": 1615507759.0213182, "spark.reducer.maxSizeInFlight": 57.8329002797521, "spark.shuffle.file.buffer": 31.89932242001152}, "datetime": {"datetime": "2022-01-06 18:56:56", "elapsed": 4.996683, "delta": 0.123733}}
{"target": -2799.2823000000017, "params": {"spark.default.parallelism": 444.09860563140796, "spark.executor.cores": 1.8175769550502632, "spark.executor.instances": 7.737701483703555, "spark.executor.memory": 5.419387255692806, "spark.executor.memoryOverhead": 485.9755318804751, "spark.memory.fraction": 0.5049997688433937, "spark.memory.storageFraction": 0.8607274617704126, "spark.reducer.maxBlocksInFlightPerAddress": 1808712209.383294, "spark.reducer.maxSizeInFlight": 46.91422085277832, "spark.shuffle.file.buffer": 27.72522669110853}, "datetime": {"datetime": "2022-01-06 18:56:56", "elapsed": 5.105593, "delta": 0.10891}}
