{"target": -2809.749040000001, "params": {"spark.default.parallelism": 437.0209637445051, "spark.executor.cores": 2.436035231248211, "spark.executor.instances": 5.443698347320592, "spark.executor.memory": 4.502367108119362, "spark.executor.memoryOverhead": 754.3603512395698, "spark.memory.fraction": 0.5401206423936629, "spark.memory.storageFraction": 0.8533865016870354, "spark.reducer.maxBlocksInFlightPerAddress": 2037131470.052777, "spark.reducer.maxSizeInFlight": 63.678633022323034, "spark.shuffle.file.buffer": 27.311429269422852}, "datetime": {"datetime": "2022-01-07 16:22:30", "elapsed": 0.0, "delta": 0.0}}
{"target": -2799.314560000001, "params": {"spark.default.parallelism": 496.4382650873452, "spark.executor.cores": 1.0822202127949876, "spark.executor.instances": 6.594794234794404, "spark.executor.memory": 6.9200585284158675, "spark.executor.memoryOverhead": 579.4494256754903, "spark.memory.fraction": 0.6935039627670293, "spark.memory.storageFraction": 0.8647424840353111, "spark.reducer.maxBlocksInFlightPerAddress": 1238468084.235364, "spark.reducer.maxSizeInFlight": 59.27810045539953, "spark.shuffle.file.buffer": 25.34673159135975}, "datetime": {"datetime": "2022-01-07 16:22:30", "elapsed": 0.025931, "delta": 0.025931}}
{"target": -2799.7273800000003, "params": {"spark.default.parallelism": 226.26733926166054, "spark.executor.cores": 1.301446490251327, "spark.executor.instances": 5.161095817625517, "spark.executor.memory": 4.83982203753291, "spark.executor.memoryOverhead": 693.4046704951852, "spark.memory.fraction": 0.8418640063417229, "spark.memory.storageFraction": 0.6347461602825992, "spark.reducer.maxBlocksInFlightPerAddress": 1126357618.7055435, "spark.reducer.maxSizeInFlight": 39.226712303342836, "spark.shuffle.file.buffer": 35.19399182644112}, "datetime": {"datetime": "2022-01-07 16:22:30", "elapsed": 0.050892, "delta": 0.024961}}
{"target": -2797.100550000001, "params": {"spark.default.parallelism": 375.81218949707863, "spark.executor.cores": 2.9572760787429004, "spark.executor.instances": 4.088313605649117, "spark.executor.memory": 5.565040937655892, "spark.executor.memoryOverhead": 833.0739907193328, "spark.memory.fraction": 0.6503893118522975, "spark.memory.storageFraction": 0.7221678098342648, "spark.reducer.maxBlocksInFlightPerAddress": 1442170442.176926, "spark.reducer.maxSizeInFlight": 26.73844883660014, "spark.shuffle.file.buffer": 38.02623642635222}, "datetime": {"datetime": "2022-01-07 16:22:30", "elapsed": 0.075821, "delta": 0.024929}}
{"target": -2796.6164600000006, "params": {"spark.default.parallelism": 334.2629186199822, "spark.executor.cores": 1.9363822024575184, "spark.executor.instances": 7.882194026209716, "spark.executor.memory": 3.249221229658242, "spark.executor.memoryOverhead": 819.2202705184827, "spark.memory.fraction": 0.8892066670349462, "spark.memory.storageFraction": 0.6893444559142667, "spark.reducer.maxBlocksInFlightPerAddress": 1322861829.4098551, "spark.reducer.maxSizeInFlight": 46.30737936052725, "spark.shuffle.file.buffer": 45.621241785358436}, "datetime": {"datetime": "2022-01-07 16:22:30", "elapsed": 0.100759, "delta": 0.024938}}
{"target": -2799.749940000001, "params": {"spark.default.parallelism": 262.53046816233416, "spark.executor.cores": 2.17978888997734, "spark.executor.instances": 7.294226734741889, "spark.executor.memory": 3.752719136847746, "spark.executor.memoryOverhead": 643.7239554594119, "spark.memory.fraction": 0.7550244211426711, "spark.memory.storageFraction": 0.523096453158038, "spark.reducer.maxBlocksInFlightPerAddress": 1921681154.6180072, "spark.reducer.maxSizeInFlight": 69.62094475674667, "spark.shuffle.file.buffer": 16.892292671386432}, "datetime": {"datetime": "2022-01-07 16:22:30", "elapsed": 0.124692, "delta": 0.023933}}
{"target": -2801.1554000000015, "params": {"spark.default.parallelism": 237.59919131806762, "spark.executor.cores": 1.6501998651600904, "spark.executor.instances": 6.825219267372862, "spark.executor.memory": 5.231309750353709, "spark.executor.memoryOverhead": 390.9027970796198, "spark.memory.fraction": 0.7304131911607734, "spark.memory.storageFraction": 0.7888306554530458, "spark.reducer.maxBlocksInFlightPerAddress": 1751120023.6991012, "spark.reducer.maxSizeInFlight": 30.36052094891308, "spark.shuffle.file.buffer": 29.50330320915657}, "datetime": {"datetime": "2022-01-07 16:22:30", "elapsed": 0.1496, "delta": 0.024908}}
{"target": -2803.1341600000014, "params": {"spark.default.parallelism": 310.9065594016986, "spark.executor.cores": 2.212304310651331, "spark.executor.instances": 5.866257448463201, "spark.executor.memory": 5.915138311527926, "spark.executor.memoryOverhead": 469.1352468912087, "spark.memory.fraction": 0.781066624430677, "spark.memory.storageFraction": 0.7786308404399218, "spark.reducer.maxBlocksInFlightPerAddress": 1680551037.5432806, "spark.reducer.maxSizeInFlight": 38.22232664090142, "spark.shuffle.file.buffer": 22.202406577530407}, "datetime": {"datetime": "2022-01-07 16:22:30", "elapsed": 0.174562, "delta": 0.024962}}
{"target": -2808.7144300000014, "params": {"spark.default.parallelism": 396.138202488491, "spark.executor.cores": 1.4957936789313615, "spark.executor.instances": 6.269913390500195, "spark.executor.memory": 3.887818000551814, "spark.executor.memoryOverhead": 527.8420777540732, "spark.memory.fraction": 0.520554225155943, "spark.memory.storageFraction": 0.5893867818432788, "spark.reducer.maxBlocksInFlightPerAddress": 2105176590.7986848, "spark.reducer.maxSizeInFlight": 54.01983022817772, "spark.shuffle.file.buffer": 43.862093292236594}, "datetime": {"datetime": "2022-01-07 16:22:30", "elapsed": 0.199592, "delta": 0.02503}}
{"target": -2796.8307900000013, "params": {"spark.default.parallelism": 447.5705206228881, "spark.executor.cores": 2.712685855266167, "spark.executor.instances": 4.4483380551109875, "spark.executor.memory": 6.587485213091114, "spark.executor.memoryOverhead": 620.4540778127431, "spark.memory.fraction": 0.5922837208518114, "spark.memory.storageFraction": 0.5794869904562674, "spark.reducer.maxBlocksInFlightPerAddress": 1505635177.7142928, "spark.reducer.maxSizeInFlight": 50.16235213743401, "spark.shuffle.file.buffer": 38.54874043738501}, "datetime": {"datetime": "2022-01-07 16:22:30", "elapsed": 0.224497, "delta": 0.024905}}
{"target": -2796.6253000000015, "params": {"spark.default.parallelism": 183.6007851418917, "spark.executor.cores": 0.8219655276319059, "spark.executor.instances": 3.4659856647967495, "spark.executor.memory": 5.551580642691267, "spark.executor.memoryOverhead": 552.5620225253058, "spark.memory.fraction": 0.5883950635523797, "spark.memory.storageFraction": 0.5164117737446116, "spark.reducer.maxBlocksInFlightPerAddress": 1396043986.0929403, "spark.reducer.maxSizeInFlight": 20.26196242962537, "spark.shuffle.file.buffer": 21.1887142666292}, "datetime": {"datetime": "2022-01-07 16:22:30", "elapsed": 0.249523, "delta": 0.025026}}
{"target": -2799.9119100000016, "params": {"spark.default.parallelism": 306.1868603422383, "spark.executor.cores": 0.81, "spark.executor.instances": 4.22243126395048, "spark.executor.memory": 5.177773116188012, "spark.executor.memoryOverhead": 330.48477230344747, "spark.memory.fraction": 0.7115804598909463, "spark.memory.storageFraction": 0.7606995499571139, "spark.reducer.maxBlocksInFlightPerAddress": 1282989660.2693005, "spark.reducer.maxSizeInFlight": 38.862612745169606, "spark.shuffle.file.buffer": 18.0962696722874}, "datetime": {"datetime": "2022-01-07 16:22:30", "elapsed": 0.274488, "delta": 0.024965}}
{"target": -2796.9593900000013, "params": {"spark.default.parallelism": 291.32832744850583, "spark.executor.cores": 1.0701501286630963, "spark.executor.instances": 3.2399999999999998, "spark.executor.memory": 3.3509431546521533, "spark.executor.memoryOverhead": 387.48340776030574, "spark.memory.fraction": 0.5610857349313293, "spark.memory.storageFraction": 0.7080061297884562, "spark.reducer.maxBlocksInFlightPerAddress": 1329736503.2795043, "spark.reducer.maxSizeInFlight": 44.28736385860595, "spark.shuffle.file.buffer": 29.50790520518655}, "datetime": {"datetime": "2022-01-07 16:22:30", "elapsed": 0.298552, "delta": 0.024064}}
{"target": -2797.064470000001, "params": {"spark.default.parallelism": 238.3083481340432, "spark.executor.cores": 1.8525388266205314, "spark.executor.instances": 5.092204567752958, "spark.executor.memory": 4.307638388408119, "spark.executor.memoryOverhead": 483.63130181514947, "spark.memory.fraction": 0.8252922520195264, "spark.memory.storageFraction": 0.8728993106496932, "spark.reducer.maxBlocksInFlightPerAddress": 1185380471.3943503, "spark.reducer.maxSizeInFlight": 31.591712151846952, "spark.shuffle.file.buffer": 22.338499493493977}, "datetime": {"datetime": "2022-01-07 16:22:30", "elapsed": 0.323771, "delta": 0.025219}}
{"target": -2856.802780000001, "params": {"spark.default.parallelism": 173.53672015906767, "spark.executor.cores": 1.4542309522411605, "spark.executor.instances": 3.5782655961789014, "spark.executor.memory": 6.892656817302504, "spark.executor.memoryOverhead": 459.30839906590495, "spark.memory.fraction": 0.7474654826841515, "spark.memory.storageFraction": 0.5889261701555495, "spark.reducer.maxBlocksInFlightPerAddress": 1015989330.0004137, "spark.reducer.maxSizeInFlight": 20.84757623548859, "spark.shuffle.file.buffer": 14.1123771684847}, "datetime": {"datetime": "2022-01-07 16:22:30", "elapsed": 0.347713, "delta": 0.023942}}
{"target": -2799.9926600000013, "params": {"spark.default.parallelism": 251.3733453988547, "spark.executor.cores": 1.9023772330292565, "spark.executor.instances": 3.3819521569460353, "spark.executor.memory": 3.943602319973966, "spark.executor.memoryOverhead": 312.0099153463901, "spark.memory.fraction": 0.8635075530197789, "spark.memory.storageFraction": 0.7473849723406244, "spark.reducer.maxBlocksInFlightPerAddress": 1232671875.8751404, "spark.reducer.maxSizeInFlight": 23.41632628879144, "spark.shuffle.file.buffer": 18.109316649394813}, "datetime": {"datetime": "2022-01-07 16:22:30", "elapsed": 0.372639, "delta": 0.024926}}
{"target": -2856.5118600000014, "params": {"spark.default.parallelism": 213.74312436601238, "spark.executor.cores": 1.4305856169293183, "spark.executor.instances": 3.24, "spark.executor.memory": 4.328899732007977, "spark.executor.memoryOverhead": 432.18837468332526, "spark.memory.fraction": 0.7285178977533501, "spark.memory.storageFraction": 0.569456928621285, "spark.reducer.maxBlocksInFlightPerAddress": 1001758235.10614, "spark.reducer.maxSizeInFlight": 32.49539242954392, "spark.shuffle.file.buffer": 13.706166942544874}, "datetime": {"datetime": "2022-01-07 16:22:30", "elapsed": 0.397573, "delta": 0.024934}}
{"target": -2799.3779400000017, "params": {"spark.default.parallelism": 162.0, "spark.executor.cores": 2.227649464037336, "spark.executor.instances": 4.71661450124976, "spark.executor.memory": 4.203555976869772, "spark.executor.memoryOverhead": 338.63913542578695, "spark.memory.fraction": 0.6468523318772877, "spark.memory.storageFraction": 0.846526460636575, "spark.reducer.maxBlocksInFlightPerAddress": 1396279021.8123972, "spark.reducer.maxSizeInFlight": 38.14027836334001, "spark.shuffle.file.buffer": 18.612854016518586}, "datetime": {"datetime": "2022-01-07 16:22:30", "elapsed": 0.422059, "delta": 0.024486}}
{"target": -2799.5582100000006, "params": {"spark.default.parallelism": 162.0, "spark.executor.cores": 2.6068231593247795, "spark.executor.instances": 3.552829610961951, "spark.executor.memory": 3.3515639925789955, "spark.executor.memoryOverhead": 492.4135333169269, "spark.memory.fraction": 0.760363922458884, "spark.memory.storageFraction": 0.6304644867049533, "spark.reducer.maxBlocksInFlightPerAddress": 872637388.5973878, "spark.reducer.maxSizeInFlight": 42.5268852676895, "spark.shuffle.file.buffer": 31.410597361098986}, "datetime": {"datetime": "2022-01-07 16:22:30", "elapsed": 0.446993, "delta": 0.024934}}
{"target": -2801.0776200000005, "params": {"spark.default.parallelism": 177.85151969309769, "spark.executor.cores": 1.1565117180306737, "spark.executor.instances": 4.518895944509336, "spark.executor.memory": 4.519802693018493, "spark.executor.memoryOverhead": 573.9129611012986, "spark.memory.fraction": 0.5547567699302222, "spark.memory.storageFraction": 0.6651179229122277, "spark.reducer.maxBlocksInFlightPerAddress": 1046862426.28075, "spark.reducer.maxSizeInFlight": 46.366292258992075, "spark.shuffle.file.buffer": 22.753157789193736}, "datetime": {"datetime": "2022-01-07 16:22:30", "elapsed": 0.471954, "delta": 0.024961}}
{"target": -2852.2465100000018, "params": {"spark.default.parallelism": 300.3831681474679, "spark.executor.cores": 2.2520323208220834, "spark.executor.instances": 3.522304996569711, "spark.executor.memory": 3.4994386982230785, "spark.executor.memoryOverhead": 333.3998515574967, "spark.memory.fraction": 0.5149070774981358, "spark.memory.storageFraction": 0.5460521702056308, "spark.reducer.maxBlocksInFlightPerAddress": 1372338175.8446546, "spark.reducer.maxSizeInFlight": 33.24438795120962, "spark.shuffle.file.buffer": 14.847232253141822}, "datetime": {"datetime": "2022-01-07 16:22:30", "elapsed": 0.496861, "delta": 0.024907}}
{"target": -2851.225670000001, "params": {"spark.default.parallelism": 266.0330058600572, "spark.executor.cores": 1.994235748920938, "spark.executor.instances": 4.150292624090091, "spark.executor.memory": 2.5504105410874156, "spark.executor.memoryOverhead": 319.0780150599809, "spark.memory.fraction": 0.6900425984360962, "spark.memory.storageFraction": 0.41623990029245783, "spark.reducer.maxBlocksInFlightPerAddress": 959555328.1978498, "spark.reducer.maxSizeInFlight": 39.03963345276946, "spark.shuffle.file.buffer": 13.379368352702572}, "datetime": {"datetime": "2022-01-07 16:22:30", "elapsed": 0.520795, "delta": 0.023934}}
{"target": -2798.423190000001, "params": {"spark.default.parallelism": 169.803189552681, "spark.executor.cores": 2.6177010595223695, "spark.executor.instances": 3.240000000000008, "spark.executor.memory": 2.5061211375223658, "spark.executor.memoryOverhead": 546.2481047895088, "spark.memory.fraction": 0.885056759795469, "spark.memory.storageFraction": 0.4869345533158163, "spark.reducer.maxBlocksInFlightPerAddress": 1147222753.360022, "spark.reducer.maxSizeInFlight": 20.408813978902074, "spark.shuffle.file.buffer": 26.036944289503772}, "datetime": {"datetime": "2022-01-07 16:22:30", "elapsed": 0.545733, "delta": 0.024938}}
{"target": -2798.4599700000003, "params": {"spark.default.parallelism": 198.63454085815252, "spark.executor.cores": 1.2387639950098108, "spark.executor.instances": 5.096883117722585, "spark.executor.memory": 4.428897509017542, "spark.executor.memoryOverhead": 483.57112288930887, "spark.memory.fraction": 0.7668904630490229, "spark.memory.storageFraction": 0.40499999999999997, "spark.reducer.maxBlocksInFlightPerAddress": 1057678781.7274963, "spark.reducer.maxSizeInFlight": 25.953777298142644, "spark.shuffle.file.buffer": 18.16099398046972}, "datetime": {"datetime": "2022-01-07 16:22:30", "elapsed": 0.569692, "delta": 0.023959}}
{"target": -2802.4550100000006, "params": {"spark.default.parallelism": 239.74685955800774, "spark.executor.cores": 1.7617585833221732, "spark.executor.instances": 4.676384203296169, "spark.executor.memory": 3.86943448241251, "spark.executor.memoryOverhead": 404.1475956160557, "spark.memory.fraction": 0.6558443508244421, "spark.memory.storageFraction": 0.46876132805290727, "spark.reducer.maxBlocksInFlightPerAddress": 869730876.6299999, "spark.reducer.maxSizeInFlight": 46.30240858191724, "spark.shuffle.file.buffer": 21.293905089479424}, "datetime": {"datetime": "2022-01-07 16:22:30", "elapsed": 0.594598, "delta": 0.024906}}
{"target": -2866.0048500000016, "params": {"spark.default.parallelism": 279.1966896878261, "spark.executor.cores": 1.4175327577777734, "spark.executor.instances": 3.475021735584809, "spark.executor.memory": 2.432475454146014, "spark.executor.memoryOverhead": 368.17123218055195, "spark.memory.fraction": 0.7727608330371969, "spark.memory.storageFraction": 0.40499999999999997, "spark.reducer.maxBlocksInFlightPerAddress": 876100089.7994603, "spark.reducer.maxSizeInFlight": 23.06885448837812, "spark.shuffle.file.buffer": 12.96}, "datetime": {"datetime": "2022-01-07 16:22:30", "elapsed": 0.619591, "delta": 0.024993}}
{"target": -2851.1023600000008, "params": {"spark.default.parallelism": 313.6368081828589, "spark.executor.cores": 1.9008479267578964, "spark.executor.instances": 3.2399999999999993, "spark.executor.memory": 4.1778240597022585, "spark.executor.memoryOverhead": 511.69753599528474, "spark.memory.fraction": 0.595676950816008, "spark.memory.storageFraction": 0.4309968262313003, "spark.reducer.maxBlocksInFlightPerAddress": 1070777461.5973977, "spark.reducer.maxSizeInFlight": 21.062469300149928, "spark.shuffle.file.buffer": 14.82489184975255}, "datetime": {"datetime": "2022-01-07 16:22:30", "elapsed": 0.643529, "delta": 0.023938}}
{"target": -2799.729990000001, "params": {"spark.default.parallelism": 170.74641425163125, "spark.executor.cores": 1.71359884996161, "spark.executor.instances": 4.187303652228579, "spark.executor.memory": 3.880270938212542, "spark.executor.memoryOverhead": 388.9806522830607, "spark.memory.fraction": 0.7347344913852836, "spark.memory.storageFraction": 0.4993916001352775, "spark.reducer.maxBlocksInFlightPerAddress": 869730876.6299998, "spark.reducer.maxSizeInFlight": 28.63999801341427, "spark.shuffle.file.buffer": 23.184813896263314}, "datetime": {"datetime": "2022-01-07 16:22:30", "elapsed": 0.668036, "delta": 0.024507}}
{"target": -2863.9097900000015, "params": {"spark.default.parallelism": 203.8984150035644, "spark.executor.cores": 0.958291017759306, "spark.executor.instances": 3.748983030288739, "spark.executor.memory": 2.4912218556630936, "spark.executor.memoryOverhead": 313.12020639160966, "spark.memory.fraction": 0.5717328208264691, "spark.memory.storageFraction": 0.4085630601940798, "spark.reducer.maxBlocksInFlightPerAddress": 1230584113.4927979, "spark.reducer.maxSizeInFlight": 44.541684579213, "spark.shuffle.file.buffer": 15.832673934278324}, "datetime": {"datetime": "2022-01-07 16:22:30", "elapsed": 0.692996, "delta": 0.02496}}
{"target": -2797.1006400000015, "params": {"spark.default.parallelism": 239.80495418686874, "spark.executor.cores": 0.9158685767069766, "spark.executor.instances": 4.81881451120025, "spark.executor.memory": 3.0416000275544497, "spark.executor.memoryOverhead": 474.9690472927292, "spark.memory.fraction": 0.8234005455419071, "spark.memory.storageFraction": 0.5345645198562857, "spark.reducer.maxBlocksInFlightPerAddress": 1306766610.5975244, "spark.reducer.maxSizeInFlight": 37.627568750948264, "spark.shuffle.file.buffer": 24.766400678318462}, "datetime": {"datetime": "2022-01-07 16:22:31", "elapsed": 0.717935, "delta": 0.024939}}
{"target": -2794.5335200000013, "params": {"spark.default.parallelism": 324.7478995062508, "spark.executor.cores": 1.600807428614272, "spark.executor.instances": 7.663028911160264, "spark.executor.memory": 6.322274935616056, "spark.executor.memoryOverhead": 725.7450247703641, "spark.memory.fraction": 0.8803691428286866, "spark.memory.storageFraction": 0.5347825885634763, "spark.reducer.maxBlocksInFlightPerAddress": 1396276427.917315, "spark.reducer.maxSizeInFlight": 64.22608665264312, "spark.shuffle.file.buffer": 27.05746140362186}, "datetime": {"datetime": "2022-01-07 16:22:31", "elapsed": 0.815093, "delta": 0.097158}}
{"target": -2799.4265200000013, "params": {"spark.default.parallelism": 333.76967397015926, "spark.executor.cores": 2.25653589176778, "spark.executor.instances": 5.416903275541156, "spark.executor.memory": 5.115982294392445, "spark.executor.memoryOverhead": 785.26233190725, "spark.memory.fraction": 0.8027907599336401, "spark.memory.storageFraction": 0.6277441607412091, "spark.reducer.maxBlocksInFlightPerAddress": 1329740469.8488176, "spark.reducer.maxSizeInFlight": 38.62458254291428, "spark.shuffle.file.buffer": 17.752774367958974}, "datetime": {"datetime": "2022-01-07 16:22:31", "elapsed": 0.906849, "delta": 0.091756}}
{"target": -2797.2512800000013, "params": {"spark.default.parallelism": 418.26346606990984, "spark.executor.cores": 1.2396327454127851, "spark.executor.instances": 6.106495139750123, "spark.executor.memory": 6.498376151433304, "spark.executor.memoryOverhead": 557.4522400054085, "spark.memory.fraction": 0.7642487308818838, "spark.memory.storageFraction": 0.6779036476659406, "spark.reducer.maxBlocksInFlightPerAddress": 1442171211.1489744, "spark.reducer.maxSizeInFlight": 59.607403042839664, "spark.shuffle.file.buffer": 29.97435171307084}, "datetime": {"datetime": "2022-01-07 16:22:31", "elapsed": 1.011568, "delta": 0.104719}}
{"target": -2800.3615600000003, "params": {"spark.default.parallelism": 322.71526227299955, "spark.executor.cores": 1.4534567590054062, "spark.executor.instances": 6.802093249911238, "spark.executor.memory": 3.864044654829071, "spark.executor.memoryOverhead": 580.6239547293883, "spark.memory.fraction": 0.8355196255568431, "spark.memory.storageFraction": 0.8579781914810969, "spark.reducer.maxBlocksInFlightPerAddress": 1126356858.8176837, "spark.reducer.maxSizeInFlight": 44.364921330612894, "spark.shuffle.file.buffer": 46.88893985426105}, "datetime": {"datetime": "2022-01-07 16:22:31", "elapsed": 1.114186, "delta": 0.102618}}
{"target": -2798.845340000001, "params": {"spark.default.parallelism": 265.30874886314825, "spark.executor.cores": 2.935882594410959, "spark.executor.instances": 6.915593612042642, "spark.executor.memory": 3.2723822211119766, "spark.executor.memoryOverhead": 823.1413477445647, "spark.memory.fraction": 0.899517531553671, "spark.memory.storageFraction": 0.7758742154551179, "spark.reducer.maxBlocksInFlightPerAddress": 1306763932.324749, "spark.reducer.maxSizeInFlight": 63.26588422291243, "spark.shuffle.file.buffer": 32.88191583967519}, "datetime": {"datetime": "2022-01-07 16:22:31", "elapsed": 1.211931, "delta": 0.097745}}
