{"target": -2798.7982500000016, "params": {"spark.default.parallelism": 499.5203698033364, "spark.executor.cores": 1.5075164996891117, "spark.executor.instances": 5.842274495189165, "spark.executor.memory": 3.36990870276741, "spark.executor.memoryOverhead": 768.2678557687191, "spark.memory.fraction": 0.5209413050806667, "spark.memory.storageFraction": 0.7406980703082133, "spark.reducer.maxBlocksInFlightPerAddress": 1858818428.1587834, "spark.reducer.maxSizeInFlight": 62.31803082963323, "spark.shuffle.file.buffer": 40.834383608457784}, "datetime": {"datetime": "2022-01-06 19:17:27", "elapsed": 1.736021, "delta": 0.087765}}
{"target": -2809.064670000001, "params": {"spark.default.parallelism": 203.27550740361815, "spark.executor.cores": 1.784965521980363, "spark.executor.instances": 7.269183092971183, "spark.executor.memory": 6.963126073785908, "spark.executor.memoryOverhead": 629.0308338878399, "spark.memory.fraction": 0.7564602988841151, "spark.memory.storageFraction": 0.5996132539750021, "spark.reducer.maxBlocksInFlightPerAddress": 2129652757.7829201, "spark.reducer.maxSizeInFlight": 65.76018868379155, "spark.shuffle.file.buffer": 36.22519340843213}, "datetime": {"datetime": "2022-01-06 19:17:27", "elapsed": 1.812816, "delta": 0.076795}}
{"target": -2802.7247900000016, "params": {"spark.default.parallelism": 281.2286154667962, "spark.executor.cores": 2.6636459219455926, "spark.executor.instances": 4.165862038733264, "spark.executor.memory": 4.815029096128925, "spark.executor.memoryOverhead": 757.5072041224703, "spark.memory.fraction": 0.7607459890059556, "spark.memory.storageFraction": 0.7597687974533374, "spark.reducer.maxBlocksInFlightPerAddress": 1861359003.090942, "spark.reducer.maxSizeInFlight": 49.19551692917284, "spark.shuffle.file.buffer": 20.880164632046643}, "datetime": {"datetime": "2022-01-06 19:17:27", "elapsed": 1.90457, "delta": 0.091754}}
{"target": -2801.586790000001, "params": {"spark.default.parallelism": 398.4498691404067, "spark.executor.cores": 2.8044493088900913, "spark.executor.instances": 4.4114069284787165, "spark.executor.memory": 3.9635335420310196, "spark.executor.memoryOverhead": 773.6635163349367, "spark.memory.fraction": 0.6961440548944902, "spark.memory.storageFraction": 0.7940657551603901, "spark.reducer.maxBlocksInFlightPerAddress": 1843381009.3138359, "spark.reducer.maxSizeInFlight": 36.062550138899454, "spark.shuffle.file.buffer": 31.058325904970143}, "datetime": {"datetime": "2022-01-06 19:17:27", "elapsed": 1.997323, "delta": 0.092753}}
{"target": -2809.1260100000013, "params": {"spark.default.parallelism": 201.71361835989288, "spark.executor.cores": 2.313256804716371, "spark.executor.instances": 7.022991620668855, "spark.executor.memory": 5.777729274065159, "spark.executor.memoryOverhead": 660.1320236457457, "spark.memory.fraction": 0.7769212666577975, "spark.memory.storageFraction": 0.5860713784818473, "spark.reducer.maxBlocksInFlightPerAddress": 2087191102.8654299, "spark.reducer.maxSizeInFlight": 47.59071414981109, "spark.shuffle.file.buffer": 31.035871132692385}, "datetime": {"datetime": "2022-01-06 19:17:27", "elapsed": 2.092068, "delta": 0.094745}}
{"target": -2803.1833300000017, "params": {"spark.default.parallelism": 391.67539650971435, "spark.executor.cores": 1.7229702785452408, "spark.executor.instances": 5.200575010433765, "spark.executor.memory": 6.519709300672959, "spark.executor.memoryOverhead": 399.1725459496612, "spark.memory.fraction": 0.8502058766598098, "spark.memory.storageFraction": 0.7493553964200514, "spark.reducer.maxBlocksInFlightPerAddress": 1398556476.4007888, "spark.reducer.maxSizeInFlight": 36.82663471080859, "spark.shuffle.file.buffer": 19.192073968561278}, "datetime": {"datetime": "2022-01-06 19:17:28", "elapsed": 2.176842, "delta": 0.084774}}
{"target": -2798.664420000001, "params": {"spark.default.parallelism": 381.7550958683454, "spark.executor.cores": 2.953107118284188, "spark.executor.instances": 4.317558392723323, "spark.executor.memory": 3.766559748319751, "spark.executor.memoryOverhead": 692.2336869872697, "spark.memory.fraction": 0.5198174130691084, "spark.memory.storageFraction": 0.6464399774934287, "spark.reducer.maxBlocksInFlightPerAddress": 1308137737.2675557, "spark.reducer.maxSizeInFlight": 54.13806771750315, "spark.shuffle.file.buffer": 20.704734905037245}, "datetime": {"datetime": "2022-01-06 19:17:28", "elapsed": 2.26361, "delta": 0.086768}}
{"target": -2797.1715400000016, "params": {"spark.default.parallelism": 233.8046509001092, "spark.executor.cores": 1.1520830730330087, "spark.executor.instances": 6.58521858430384, "spark.executor.memory": 5.971666097732564, "spark.executor.memoryOverhead": 523.0314655135401, "spark.memory.fraction": 0.7686551023938683, "spark.memory.storageFraction": 0.6002027662326079, "spark.reducer.maxBlocksInFlightPerAddress": 1504958730.0903559, "spark.reducer.maxSizeInFlight": 37.846672819418266, "spark.shuffle.file.buffer": 32.6889369462814}, "datetime": {"datetime": "2022-01-06 19:17:28", "elapsed": 2.347386, "delta": 0.083776}}
{"target": -2812.9268800000013, "params": {"spark.default.parallelism": 226.86249983118307, "spark.executor.cores": 2.062575382964363, "spark.executor.instances": 6.261043614564869, "spark.executor.memory": 5.948737722909595, "spark.executor.memoryOverhead": 657.6824509227789, "spark.memory.fraction": 0.674871679260466, "spark.memory.storageFraction": 0.7823689167341987, "spark.reducer.maxBlocksInFlightPerAddress": 2093266295.0796576, "spark.reducer.maxSizeInFlight": 57.70144082047158, "spark.shuffle.file.buffer": 24.889142462253563}, "datetime": {"datetime": "2022-01-06 19:17:28", "elapsed": 2.438144, "delta": 0.090758}}
{"target": -2813.757990000001, "params": {"spark.default.parallelism": 299.8369168917898, "spark.executor.cores": 2.1856809233411716, "spark.executor.instances": 6.05019953083664, "spark.executor.memory": 4.777713755232652, "spark.executor.memoryOverhead": 634.8580218213025, "spark.memory.fraction": 0.7747445057716917, "spark.memory.storageFraction": 0.7473521073909999, "spark.reducer.maxBlocksInFlightPerAddress": 2073623955.3671274, "spark.reducer.maxSizeInFlight": 45.40214938263189, "spark.shuffle.file.buffer": 20.59626500445138}, "datetime": {"datetime": "2022-01-06 19:17:28", "elapsed": 2.526906, "delta": 0.088762}}
{"target": -2797.269110000002, "params": {"spark.default.parallelism": 290.67963975959685, "spark.executor.cores": 2.4829826140502678, "spark.executor.instances": 5.06504235110455, "spark.executor.memory": 4.922609050174996, "spark.executor.memoryOverhead": 531.5646672046186, "spark.memory.fraction": 0.6770873753447837, "spark.memory.storageFraction": 0.7144691952435158, "spark.reducer.maxBlocksInFlightPerAddress": 1680484853.846784, "spark.reducer.maxSizeInFlight": 30.392533459555914, "spark.shuffle.file.buffer": 44.80045369569976}, "datetime": {"datetime": "2022-01-06 19:17:28", "elapsed": 2.623646, "delta": 0.09674}}
{"target": -2800.5654300000006, "params": {"spark.default.parallelism": 351.24192503793245, "spark.executor.cores": 1.1401356817862915, "spark.executor.instances": 6.438525224456816, "spark.executor.memory": 6.167404564113376, "spark.executor.memoryOverhead": 628.2074047006522, "spark.memory.fraction": 0.893828837955972, "spark.memory.storageFraction": 0.6467290314341245, "spark.reducer.maxBlocksInFlightPerAddress": 1121696089.1288996, "spark.reducer.maxSizeInFlight": 33.523228253850874, "spark.shuffle.file.buffer": 29.769791437801235}, "datetime": {"datetime": "2022-01-06 19:17:28", "elapsed": 2.712409, "delta": 0.088763}}
{"target": -2802.980400000001, "params": {"spark.default.parallelism": 462.2113304272272, "spark.executor.cores": 2.5266518738298807, "spark.executor.instances": 7.502447762767691, "spark.executor.memory": 3.988490203661349, "spark.executor.memoryOverhead": 634.0558740713271, "spark.memory.fraction": 0.8597867544701028, "spark.memory.storageFraction": 0.6064806950077182, "spark.reducer.maxBlocksInFlightPerAddress": 1087428666.0180225, "spark.reducer.maxSizeInFlight": 55.137207805053706, "spark.shuffle.file.buffer": 19.36483896816299}, "datetime": {"datetime": "2022-01-06 19:17:28", "elapsed": 2.804164, "delta": 0.091755}}
{"target": -2799.556590000002, "params": {"spark.default.parallelism": 478.4132771261992, "spark.executor.cores": 2.437736769609094, "spark.executor.instances": 6.013023575732749, "spark.executor.memory": 4.165678692846868, "spark.executor.memoryOverhead": 604.8186741232486, "spark.memory.fraction": 0.6096962835593396, "spark.memory.storageFraction": 0.719599515053282, "spark.reducer.maxBlocksInFlightPerAddress": 1752357871.2610142, "spark.reducer.maxSizeInFlight": 62.06642761647661, "spark.shuffle.file.buffer": 32.548390618248774}, "datetime": {"datetime": "2022-01-06 19:17:28", "elapsed": 2.897913, "delta": 0.093749}}
{"target": -2798.2201900000014, "params": {"spark.default.parallelism": 462.02567528102776, "spark.executor.cores": 1.099044651744384, "spark.executor.instances": 6.127488103193034, "spark.executor.memory": 4.3671374741903115, "spark.executor.memoryOverhead": 675.925582775114, "spark.memory.fraction": 0.5370308149905921, "spark.memory.storageFraction": 0.5569145692169453, "spark.reducer.maxBlocksInFlightPerAddress": 1869262948.5775318, "spark.reducer.maxSizeInFlight": 44.95717615475899, "spark.shuffle.file.buffer": 47.69909494288406}, "datetime": {"datetime": "2022-01-06 19:17:28", "elapsed": 2.996649, "delta": 0.098736}}
{"target": -2801.266230000002, "params": {"spark.default.parallelism": 290.74774712720506, "spark.executor.cores": 1.0312291549828234, "spark.executor.instances": 5.250660445542586, "spark.executor.memory": 4.592988321520455, "spark.executor.memoryOverhead": 775.5363067868645, "spark.memory.fraction": 0.5020405748337491, "spark.memory.storageFraction": 0.5700480148391234, "spark.reducer.maxBlocksInFlightPerAddress": 1722364149.0066407, "spark.reducer.maxSizeInFlight": 48.952574820571854, "spark.shuffle.file.buffer": 17.820545536029904}, "datetime": {"datetime": "2022-01-06 19:17:28", "elapsed": 3.108351, "delta": 0.111702}}
{"target": -2800.3806000000013, "params": {"spark.default.parallelism": 364.2342978965679, "spark.executor.cores": 1.4795428724302337, "spark.executor.instances": 7.857279498331104, "spark.executor.memory": 4.70619729589861, "spark.executor.memoryOverhead": 798.8101633004505, "spark.memory.fraction": 0.6920726430305487, "spark.memory.storageFraction": 0.8189234642518041, "spark.reducer.maxBlocksInFlightPerAddress": 1325122987.9620185, "spark.reducer.maxSizeInFlight": 56.84764445035586, "spark.shuffle.file.buffer": 17.244690332182618}, "datetime": {"datetime": "2022-01-06 19:17:29", "elapsed": 3.215065, "delta": 0.106714}}
{"target": -2799.5158000000015, "params": {"spark.default.parallelism": 421.11428840357075, "spark.executor.cores": 2.9901940876419157, "spark.executor.instances": 7.590370980032054, "spark.executor.memory": 4.919026822616731, "spark.executor.memoryOverhead": 544.5330692420904, "spark.memory.fraction": 0.7066682483220476, "spark.memory.storageFraction": 0.8869592188940782, "spark.reducer.maxBlocksInFlightPerAddress": 1566055189.4615898, "spark.reducer.maxSizeInFlight": 54.87089462050523, "spark.shuffle.file.buffer": 20.247925148820446}, "datetime": {"datetime": "2022-01-06 19:17:29", "elapsed": 3.318788, "delta": 0.103723}}
{"target": -2806.7180700000013, "params": {"spark.default.parallelism": 219.50436023390165, "spark.executor.cores": 2.359331909734939, "spark.executor.instances": 7.37112044343487, "spark.executor.memory": 3.7716409615893203, "spark.executor.memoryOverhead": 426.9505794224455, "spark.memory.fraction": 0.8469830011738424, "spark.memory.storageFraction": 0.5050415917120266, "spark.reducer.maxBlocksInFlightPerAddress": 2035601739.0805206, "spark.reducer.maxSizeInFlight": 39.93867374398016, "spark.shuffle.file.buffer": 34.30017628674835}, "datetime": {"datetime": "2022-01-06 19:17:29", "elapsed": 3.426499, "delta": 0.107711}}
{"target": -2811.440850000001, "params": {"spark.default.parallelism": 444.2454363303159, "spark.executor.cores": 1.9383111521948042, "spark.executor.instances": 4.774594747867555, "spark.executor.memory": 4.651587889139576, "spark.executor.memoryOverhead": 809.2356197419872, "spark.memory.fraction": 0.7162065942530164, "spark.memory.storageFraction": 0.7962593806465814, "spark.reducer.maxBlocksInFlightPerAddress": 1998732887.2788014, "spark.reducer.maxSizeInFlight": 48.78792760594456, "spark.shuffle.file.buffer": 27.429732041102632}, "datetime": {"datetime": "2022-01-06 19:17:29", "elapsed": 3.525236, "delta": 0.098737}}
{"target": -2799.638490000001, "params": {"spark.default.parallelism": 420.6190551266837, "spark.executor.cores": 2.2752244650750293, "spark.executor.instances": 6.145998776213132, "spark.executor.memory": 6.85838486642573, "spark.executor.memoryOverhead": 777.9590446974044, "spark.memory.fraction": 0.6819302191620981, "spark.memory.storageFraction": 0.6687724197973691, "spark.reducer.maxBlocksInFlightPerAddress": 1582629571.04088, "spark.reducer.maxSizeInFlight": 24.62810572677913, "spark.shuffle.file.buffer": 20.624765612634423}, "datetime": {"datetime": "2022-01-06 19:17:29", "elapsed": 3.64292, "delta": 0.117684}}
{"target": -2801.5915500000015, "params": {"spark.default.parallelism": 477.5238496647018, "spark.executor.cores": 2.3088810168187637, "spark.executor.instances": 6.262848917734017, "spark.executor.memory": 6.661585266937074, "spark.executor.memoryOverhead": 460.8621590559231, "spark.memory.fraction": 0.7055150203156207, "spark.memory.storageFraction": 0.5639713213704121, "spark.reducer.maxBlocksInFlightPerAddress": 1842938964.9944487, "spark.reducer.maxSizeInFlight": 33.72407318265924, "spark.shuffle.file.buffer": 34.41733890824548}, "datetime": {"datetime": "2022-01-06 19:17:29", "elapsed": 3.752627, "delta": 0.109707}}
{"target": -2800.220600000001, "params": {"spark.default.parallelism": 339.3701711484059, "spark.executor.cores": 2.3606465764238704, "spark.executor.instances": 7.871331719010587, "spark.executor.memory": 3.128555709930484, "spark.executor.memoryOverhead": 614.629074501393, "spark.memory.fraction": 0.5005918755392836, "spark.memory.storageFraction": 0.8141024268237961, "spark.reducer.maxBlocksInFlightPerAddress": 1264410299.532724, "spark.reducer.maxSizeInFlight": 41.19307492875333, "spark.shuffle.file.buffer": 20.63781126163894}, "datetime": {"datetime": "2022-01-06 19:17:29", "elapsed": 3.870313, "delta": 0.117686}}
{"target": -2795.457750000001, "params": {"spark.default.parallelism": 394.5939891634457, "spark.executor.cores": 2.1552874117657046, "spark.executor.instances": 5.878817557838705, "spark.executor.memory": 6.0811930468219915, "spark.executor.memoryOverhead": 711.2566990692274, "spark.memory.fraction": 0.6944580013514806, "spark.memory.storageFraction": 0.6670123177810359, "spark.reducer.maxBlocksInFlightPerAddress": 1613287900.1156006, "spark.reducer.maxSizeInFlight": 41.05359875431136, "spark.shuffle.file.buffer": 38.233991336418214}, "datetime": {"datetime": "2022-01-06 19:17:29", "elapsed": 3.996974, "delta": 0.126661}}
{"target": -2798.7791800000014, "params": {"spark.default.parallelism": 474.1554017289768, "spark.executor.cores": 1.1520362397347688, "spark.executor.instances": 6.975063732312444, "spark.executor.memory": 6.474957525566671, "spark.executor.memoryOverhead": 785.6608660947913, "spark.memory.fraction": 0.7529889374105894, "spark.memory.storageFraction": 0.8418860915126366, "spark.reducer.maxBlocksInFlightPerAddress": 1650350506.100451, "spark.reducer.maxSizeInFlight": 48.70846583420279, "spark.shuffle.file.buffer": 32.56970111755213}, "datetime": {"datetime": "2022-01-06 19:17:30", "elapsed": 4.124632, "delta": 0.127658}}
{"target": -2796.9032900000007, "params": {"spark.default.parallelism": 216.36356744345994, "spark.executor.cores": 2.6496069558385664, "spark.executor.instances": 6.556062957858859, "spark.executor.memory": 5.7130882307688395, "spark.executor.memoryOverhead": 765.057443589677, "spark.memory.fraction": 0.8628335271280723, "spark.memory.storageFraction": 0.7164738087813324, "spark.reducer.maxBlocksInFlightPerAddress": 1274626968.4514742, "spark.reducer.maxSizeInFlight": 26.11505676174471, "spark.shuffle.file.buffer": 38.35408973850629}, "datetime": {"datetime": "2022-01-06 19:17:30", "elapsed": 4.238328, "delta": 0.113696}}
{"target": -2798.947360000001, "params": {"spark.default.parallelism": 306.2755112296253, "spark.executor.cores": 2.2376643463810044, "spark.executor.instances": 6.771976517107138, "spark.executor.memory": 3.543232521269204, "spark.executor.memoryOverhead": 773.000441881936, "spark.memory.fraction": 0.8544792049680789, "spark.memory.storageFraction": 0.824963896181865, "spark.reducer.maxBlocksInFlightPerAddress": 1175615384.5510643, "spark.reducer.maxSizeInFlight": 66.11536649652629, "spark.shuffle.file.buffer": 24.35365100718839}, "datetime": {"datetime": "2022-01-06 19:17:30", "elapsed": 4.355016, "delta": 0.116688}}
{"target": -2796.785930000002, "params": {"spark.default.parallelism": 478.14077113797686, "spark.executor.cores": 2.4761913060376726, "spark.executor.instances": 6.975373729865809, "spark.executor.memory": 4.429936706776074, "spark.executor.memoryOverhead": 604.200330189565, "spark.memory.fraction": 0.6569061099866044, "spark.memory.storageFraction": 0.7315844875482269, "spark.reducer.maxBlocksInFlightPerAddress": 1544951972.3487458, "spark.reducer.maxSizeInFlight": 58.45157818961282, "spark.shuffle.file.buffer": 42.35018943883887}, "datetime": {"datetime": "2022-01-06 19:17:30", "elapsed": 4.462729, "delta": 0.107713}}
{"target": -2799.091930000003, "params": {"spark.default.parallelism": 355.2986084706989, "spark.executor.cores": 2.9759629895762307, "spark.executor.instances": 7.782490477879594, "spark.executor.memory": 4.467984261153744, "spark.executor.memoryOverhead": 568.568317634273, "spark.memory.fraction": 0.6677460460500211, "spark.memory.storageFraction": 0.7271877456119482, "spark.reducer.maxBlocksInFlightPerAddress": 1697373622.3895178, "spark.reducer.maxSizeInFlight": 43.934390439115376, "spark.shuffle.file.buffer": 21.874780053815055}, "datetime": {"datetime": "2022-01-06 19:17:30", "elapsed": 4.560466, "delta": 0.097737}}
{"target": -2798.370230000001, "params": {"spark.default.parallelism": 312.4979137899216, "spark.executor.cores": 1.5265648579829803, "spark.executor.instances": 5.1132392540579685, "spark.executor.memory": 5.839683554560267, "spark.executor.memoryOverhead": 557.3399692205713, "spark.memory.fraction": 0.7592110251095576, "spark.memory.storageFraction": 0.7334084370068665, "spark.reducer.maxBlocksInFlightPerAddress": 1163203972.385867, "spark.reducer.maxSizeInFlight": 37.889241529364625, "spark.shuffle.file.buffer": 28.220665088125685}, "datetime": {"datetime": "2022-01-06 19:17:30", "elapsed": 4.699095, "delta": 0.138629}}
{"target": -2803.3364100000017, "params": {"spark.default.parallelism": 215.1461008928089, "spark.executor.cores": 2.170918001545961, "spark.executor.instances": 4.670618793022308, "spark.executor.memory": 5.1458699587965775, "spark.executor.memoryOverhead": 826.5081432408356, "spark.memory.fraction": 0.5204758729398893, "spark.memory.storageFraction": 0.8053213710592784, "spark.reducer.maxBlocksInFlightPerAddress": 1818064358.7008066, "spark.reducer.maxSizeInFlight": 36.588556883914976, "spark.shuffle.file.buffer": 16.724722104967626}, "datetime": {"datetime": "2022-01-06 19:17:30", "elapsed": 4.80581, "delta": 0.106715}}
{"target": -2800.2313900000013, "params": {"spark.default.parallelism": 399.8893412385212, "spark.executor.cores": 1.2826772667442266, "spark.executor.instances": 6.3495889915316255, "spark.executor.memory": 6.849422316430619, "spark.executor.memoryOverhead": 731.1018962369421, "spark.memory.fraction": 0.7260412451371328, "spark.memory.storageFraction": 0.7592373517654661, "spark.reducer.maxBlocksInFlightPerAddress": 1530018930.9809792, "spark.reducer.maxSizeInFlight": 52.30568082307619, "spark.shuffle.file.buffer": 18.429971481525055}, "datetime": {"datetime": "2022-01-06 19:17:30", "elapsed": 4.915516, "delta": 0.109706}}
{"target": -2797.9572900000016, "params": {"spark.default.parallelism": 454.9149926692786, "spark.executor.cores": 2.474951195212502, "spark.executor.instances": 4.9775647972208565, "spark.executor.memory": 4.083217831850321, "spark.executor.memoryOverhead": 857.2369947741532, "spark.memory.fraction": 0.5094392873628943, "spark.memory.storageFraction": 0.5638943479317313, "spark.reducer.maxBlocksInFlightPerAddress": 1678489524.9136662, "spark.reducer.maxSizeInFlight": 48.63007744263088, "spark.shuffle.file.buffer": 27.374508272935152}, "datetime": {"datetime": "2022-01-06 19:17:30", "elapsed": 5.023229, "delta": 0.107713}}
{"target": -2801.7027500000013, "params": {"spark.default.parallelism": 416.76385175689086, "spark.executor.cores": 2.632529339293866, "spark.executor.instances": 7.114240284809113, "spark.executor.memory": 5.560105177482802, "spark.executor.memoryOverhead": 441.98603023537964, "spark.memory.fraction": 0.5856032104613327, "spark.memory.storageFraction": 0.7801473889425117, "spark.reducer.maxBlocksInFlightPerAddress": 1820612149.5643835, "spark.reducer.maxSizeInFlight": 51.590591131683524, "spark.shuffle.file.buffer": 41.39189522979531}, "datetime": {"datetime": "2022-01-06 19:17:31", "elapsed": 5.144903, "delta": 0.121674}}
