{"target": -2796.330230000001, "params": {"spark.default.parallelism": 354.5343640390908, "spark.executor.cores": 2.7979543668219065, "spark.executor.instances": 5.588731343557668, "spark.executor.memory": 4.329024849385059, "spark.executor.memoryOverhead": 617.3080504255868, "spark.memory.fraction": 0.8489537453262455, "spark.memory.storageFraction": 0.6654564240597145, "spark.reducer.maxBlocksInFlightPerAddress": 1556667716.9955568, "spark.reducer.maxSizeInFlight": 42.763800341976335, "spark.shuffle.file.buffer": 41.85970490235746}, "datetime": {"datetime": "2022-01-06 18:56:18", "elapsed": 5.027756, "delta": 0.128755}}
{"target": -2796.9233700000013, "params": {"spark.default.parallelism": 237.5161794331969, "spark.executor.cores": 2.3398191612125347, "spark.executor.instances": 5.390080068497269, "spark.executor.memory": 6.7458390487003985, "spark.executor.memoryOverhead": 511.0112335786294, "spark.memory.fraction": 0.503279843198144, "spark.memory.storageFraction": 0.6524735445748152, "spark.reducer.maxBlocksInFlightPerAddress": 1556867677.076604, "spark.reducer.maxSizeInFlight": 40.85990187957848, "spark.shuffle.file.buffer": 32.201242258184}, "datetime": {"datetime": "2022-01-06 18:56:18", "elapsed": 5.157015, "delta": 0.129259}}
{"target": -2798.9816000000014, "params": {"spark.default.parallelism": 487.26042890208925, "spark.executor.cores": 2.8598434988295303, "spark.executor.instances": 6.674607184352036, "spark.executor.memory": 4.656057179417199, "spark.executor.memoryOverhead": 762.9171318840431, "spark.memory.fraction": 0.8307153632206967, "spark.memory.storageFraction": 0.8275256574456367, "spark.reducer.maxBlocksInFlightPerAddress": 1449824767.2375488, "spark.reducer.maxSizeInFlight": 58.0740438655092, "spark.shuffle.file.buffer": 23.100781983073855}, "datetime": {"datetime": "2022-01-06 18:56:18", "elapsed": 5.283128, "delta": 0.126113}}
{"target": -2812.764570000001, "params": {"spark.default.parallelism": 392.7954077691935, "spark.executor.cores": 1.0295212997944638, "spark.executor.instances": 7.34228919794308, "spark.executor.memory": 6.157569454118771, "spark.executor.memoryOverhead": 821.844087115419, "spark.memory.fraction": 0.7225695258079433, "spark.memory.storageFraction": 0.7593910426275385, "spark.reducer.maxBlocksInFlightPerAddress": 2069869552.0445514, "spark.reducer.maxSizeInFlight": 59.64199214167872, "spark.shuffle.file.buffer": 26.953381169763883}, "datetime": {"datetime": "2022-01-06 18:56:18", "elapsed": 5.405853, "delta": 0.122725}}
{"target": -2801.0326900000014, "params": {"spark.default.parallelism": 364.29084612449003, "spark.executor.cores": 1.9724513717029355, "spark.executor.instances": 6.697958469052186, "spark.executor.memory": 5.658154848830204, "spark.executor.memoryOverhead": 518.1602402486609, "spark.memory.fraction": 0.6984037088188545, "spark.memory.storageFraction": 0.8036426305785671, "spark.reducer.maxBlocksInFlightPerAddress": 1449997971.488996, "spark.reducer.maxSizeInFlight": 64.44998779543323, "spark.shuffle.file.buffer": 18.7330024561602}, "datetime": {"datetime": "2022-01-06 18:56:18", "elapsed": 5.527151, "delta": 0.121298}}
{"target": -2798.9492500000015, "params": {"spark.default.parallelism": 490.30247074685275, "spark.executor.cores": 2.6337870671018484, "spark.executor.instances": 7.229753750097226, "spark.executor.memory": 6.140175842209844, "spark.executor.memoryOverhead": 445.33287223498945, "spark.memory.fraction": 0.7531826128399681, "spark.memory.storageFraction": 0.5305896828523253, "spark.reducer.maxBlocksInFlightPerAddress": 1556494653.0048604, "spark.reducer.maxSizeInFlight": 55.425530390547216, "spark.shuffle.file.buffer": 18.120782869751523}, "datetime": {"datetime": "2022-01-06 18:56:19", "elapsed": 5.644817, "delta": 0.117666}}
{"target": -2797.3060000000005, "params": {"spark.default.parallelism": 409.88213150040104, "spark.executor.cores": 2.619191824762769, "spark.executor.instances": 6.276496217581726, "spark.executor.memory": 6.095435501524911, "spark.executor.memoryOverhead": 717.1534156792343, "spark.memory.fraction": 0.7521662700579826, "spark.memory.storageFraction": 0.8468032273604389, "spark.reducer.maxBlocksInFlightPerAddress": 1274816790.8617253, "spark.reducer.maxSizeInFlight": 31.501697158321214, "spark.shuffle.file.buffer": 43.345969757778704}, "datetime": {"datetime": "2022-01-06 18:56:19", "elapsed": 5.778833, "delta": 0.134016}}
{"target": -2795.6754800000017, "params": {"spark.default.parallelism": 226.58336416630263, "spark.executor.cores": 2.8726510430575183, "spark.executor.instances": 4.122170888235811, "spark.executor.memory": 4.25528526080288, "spark.executor.memoryOverhead": 615.5184922007497, "spark.memory.fraction": 0.5620508093320233, "spark.memory.storageFraction": 0.5067525005478254, "spark.reducer.maxBlocksInFlightPerAddress": 1557049672.8553097, "spark.reducer.maxSizeInFlight": 65.47590447750657, "spark.shuffle.file.buffer": 26.202354341979625}, "datetime": {"datetime": "2022-01-06 18:56:19", "elapsed": 5.896648, "delta": 0.117815}}
{"target": -2797.311360000001, "params": {"spark.default.parallelism": 445.8955820193953, "spark.executor.cores": 1.2225220789050824, "spark.executor.instances": 7.165305699957509, "spark.executor.memory": 4.284503706684324, "spark.executor.memoryOverhead": 441.378969866724, "spark.memory.fraction": 0.6708065776250642, "spark.memory.storageFraction": 0.5439561474581899, "spark.reducer.maxBlocksInFlightPerAddress": 1918501136.335401, "spark.reducer.maxSizeInFlight": 30.01987574191775, "spark.shuffle.file.buffer": 36.49791162772136}, "datetime": {"datetime": "2022-01-06 18:56:19", "elapsed": 6.024309, "delta": 0.127661}}
{"target": -2797.2088700000004, "params": {"spark.default.parallelism": 384.82966151606604, "spark.executor.cores": 2.175801358535262, "spark.executor.instances": 4.895103733709515, "spark.executor.memory": 5.4433104713003715, "spark.executor.memoryOverhead": 542.3077441677269, "spark.memory.fraction": 0.782804272883836, "spark.memory.storageFraction": 0.8260778272015961, "spark.reducer.maxBlocksInFlightPerAddress": 1196755810.3116384, "spark.reducer.maxSizeInFlight": 40.41951484093297, "spark.shuffle.file.buffer": 33.58984839951144}, "datetime": {"datetime": "2022-01-06 18:56:19", "elapsed": 6.168922, "delta": 0.144613}}
{"target": -2797.9781500000013, "params": {"spark.default.parallelism": 325.72534500603524, "spark.executor.cores": 1.230909931827487, "spark.executor.instances": 7.484479591671262, "spark.executor.memory": 3.4406796000276074, "spark.executor.memoryOverhead": 806.4272018255836, "spark.memory.fraction": 0.6289062597295344, "spark.memory.storageFraction": 0.599324080684014, "spark.reducer.maxBlocksInFlightPerAddress": 1211985293.2404175, "spark.reducer.maxSizeInFlight": 43.163670784088595, "spark.shuffle.file.buffer": 36.45530273664767}, "datetime": {"datetime": "2022-01-06 18:56:19", "elapsed": 6.338077, "delta": 0.169155}}
