{"target": -2797.7389800000014, "params": {"spark.default.parallelism": 395.7724930806787, "spark.executor.cores": 1.0145521438690714, "spark.executor.instances": 4.390566966845704, "spark.executor.memory": 5.716310051097709, "spark.executor.memoryOverhead": 806.5046783784223, "spark.memory.fraction": 0.7011673639230335, "spark.memory.storageFraction": 0.5941909694793404, "spark.reducer.maxBlocksInFlightPerAddress": 1865114714.7520957, "spark.reducer.maxSizeInFlight": 24.459305267377935, "spark.shuffle.file.buffer": 39.08680573462304}, "datetime": {"datetime": "2022-01-07 16:22:24", "elapsed": 0.0, "delta": 0.0}}
{"target": -2803.7728400000015, "params": {"spark.default.parallelism": 275.3336328119524, "spark.executor.cores": 1.2514276421846995, "spark.executor.instances": 6.289701778633239, "spark.executor.memory": 3.2586591018774316, "spark.executor.memoryOverhead": 463.041389232037, "spark.memory.fraction": 0.8786877746772181, "spark.memory.storageFraction": 0.8609835337691466, "spark.reducer.maxBlocksInFlightPerAddress": 1468269713.8096094, "spark.reducer.maxSizeInFlight": 47.492753763398795, "spark.shuffle.file.buffer": 20.059000853726353}, "datetime": {"datetime": "2022-01-07 16:22:24", "elapsed": 0.025936, "delta": 0.025936}}
{"target": -2797.2889400000004, "params": {"spark.default.parallelism": 363.71369624708836, "spark.executor.cores": 2.9870840797762224, "spark.executor.instances": 5.805349021514418, "spark.executor.memory": 3.4563068199735674, "spark.executor.memoryOverhead": 632.9033787035471, "spark.memory.fraction": 0.8088388482876951, "spark.memory.storageFraction": 0.53153213088755, "spark.reducer.maxBlocksInFlightPerAddress": 1149385247.6525877, "spark.reducer.maxSizeInFlight": 55.37162072614338, "spark.shuffle.file.buffer": 33.16455816414454}, "datetime": {"datetime": "2022-01-07 16:22:24", "elapsed": 0.051865, "delta": 0.025929}}
{"target": -2798.1581300000016, "params": {"spark.default.parallelism": 334.36435651629307, "spark.executor.cores": 2.553265425506163, "spark.executor.instances": 6.85981895022562, "spark.executor.memory": 6.6024565238347535, "spark.executor.memoryOverhead": 515.2880356192036, "spark.memory.fraction": 0.7658151708389633, "spark.memory.storageFraction": 0.7543124945418429, "spark.reducer.maxBlocksInFlightPerAddress": 1300738448.1565278, "spark.reducer.maxSizeInFlight": 64.92730222467544, "spark.shuffle.file.buffer": 29.503975574909553}, "datetime": {"datetime": "2022-01-07 16:22:24", "elapsed": 0.076798, "delta": 0.024933}}
{"target": -2812.2448200000013, "params": {"spark.default.parallelism": 313.5196115224702, "spark.executor.cores": 1.7392212494443662, "spark.executor.instances": 5.540838974437401, "spark.executor.memory": 5.399168360040378, "spark.executor.memoryOverhead": 762.2006756661177, "spark.memory.fraction": 0.6175473702952059, "spark.memory.storageFraction": 0.7308031403180111, "spark.reducer.maxBlocksInFlightPerAddress": 2067993364.2735052, "spark.reducer.maxSizeInFlight": 70.50241289700926, "spark.shuffle.file.buffer": 16.63555495783723}, "datetime": {"datetime": "2022-01-07 16:22:24", "elapsed": 0.101733, "delta": 0.024935}}
{"target": -2799.6395400000015, "params": {"spark.default.parallelism": 456.28663546251994, "spark.executor.cores": 2.1041132062976575, "spark.executor.instances": 4.977047963729397, "spark.executor.memory": 4.488922314441787, "spark.executor.memoryOverhead": 401.8895819169644, "spark.memory.fraction": 0.6470219304612117, "spark.memory.storageFraction": 0.793800369947351, "spark.reducer.maxBlocksInFlightPerAddress": 1681043525.7706647, "spark.reducer.maxSizeInFlight": 58.36383346810797, "spark.shuffle.file.buffer": 42.18803305693241}, "datetime": {"datetime": "2022-01-07 16:22:24", "elapsed": 0.126667, "delta": 0.024934}}
{"target": -2794.087160000001, "params": {"spark.default.parallelism": 235.18391124869842, "spark.executor.cores": 2.230479603140142, "spark.executor.instances": 6.507045687830036, "spark.executor.memory": 6.255711540829353, "spark.executor.memoryOverhead": 532.189237322717, "spark.memory.fraction": 0.5558741867184184, "spark.memory.storageFraction": 0.5439160023864932, "spark.reducer.maxBlocksInFlightPerAddress": 1181719368.1066914, "spark.reducer.maxSizeInFlight": 35.46605862868505, "spark.shuffle.file.buffer": 36.390250550746416}, "datetime": {"datetime": "2022-01-07 16:22:24", "elapsed": 0.150601, "delta": 0.023934}}
{"target": -2798.7683100000013, "params": {"spark.default.parallelism": 223.0761260757136, "spark.executor.cores": 2.68394314416415, "spark.executor.instances": 7.426448938060595, "spark.executor.memory": 4.853864896197209, "spark.executor.memoryOverhead": 594.9187608310189, "spark.memory.fraction": 0.6903250275252643, "spark.memory.storageFraction": 0.84626607496583, "spark.reducer.maxBlocksInFlightPerAddress": 1739866627.6653724, "spark.reducer.maxSizeInFlight": 41.8949573157668, "spark.shuffle.file.buffer": 28.02501760432024}, "datetime": {"datetime": "2022-01-07 16:22:24", "elapsed": 0.175534, "delta": 0.024933}}
{"target": -2797.8548800000012, "params": {"spark.default.parallelism": 475.771908054059, "spark.executor.cores": 1.8774516463740203, "spark.executor.instances": 7.6880181364807365, "spark.executor.memory": 4.051568269476284, "spark.executor.memoryOverhead": 853.049377491636, "spark.memory.fraction": 0.8567471031191541, "spark.memory.storageFraction": 0.6777332105073921, "spark.reducer.maxBlocksInFlightPerAddress": 1579587391.363203, "spark.reducer.maxSizeInFlight": 30.715249867388078, "spark.shuffle.file.buffer": 23.37767505635616}, "datetime": {"datetime": "2022-01-07 16:22:24", "elapsed": 0.200468, "delta": 0.024934}}
{"target": -2803.0139200000012, "params": {"spark.default.parallelism": 423.0391203849377, "spark.executor.cores": 1.557700718772492, "spark.executor.instances": 4.448787955455522, "spark.executor.memory": 6.05728395715936, "spark.executor.memoryOverhead": 727.6337155776877, "spark.memory.fraction": 0.5320203618385362, "spark.memory.storageFraction": 0.623914705724398, "spark.reducer.maxBlocksInFlightPerAddress": 1948539282.749463, "spark.reducer.maxSizeInFlight": 51.12464779556883, "spark.shuffle.file.buffer": 45.169400064427016}, "datetime": {"datetime": "2022-01-07 16:22:24", "elapsed": 0.224404, "delta": 0.023936}}
{"target": -2820.965990000001, "params": {"spark.default.parallelism": 162.07942251068397, "spark.executor.cores": 2.8088866724914716, "spark.executor.instances": 3.922115682194288, "spark.executor.memory": 2.455942883844828, "spark.executor.memoryOverhead": 434.17947717357583, "spark.memory.fraction": 0.5824160318400691, "spark.memory.storageFraction": 0.8290173225157309, "spark.reducer.maxBlocksInFlightPerAddress": 1145222106.3026767, "spark.reducer.maxSizeInFlight": 41.94540300324002, "spark.shuffle.file.buffer": 23.877342086316606}, "datetime": {"datetime": "2022-01-07 16:22:24", "elapsed": 0.249337, "delta": 0.024933}}
{"target": -2853.072840000002, "params": {"spark.default.parallelism": 216.1933721343793, "spark.executor.cores": 1.289369365651392, "spark.executor.instances": 3.24, "spark.executor.memory": 2.915008381332906, "spark.executor.memoryOverhead": 343.1087678241455, "spark.memory.fraction": 0.7035085904544331, "spark.memory.storageFraction": 0.7557048324599207, "spark.reducer.maxBlocksInFlightPerAddress": 1395965241.0644217, "spark.reducer.maxSizeInFlight": 45.489851973934975, "spark.shuffle.file.buffer": 12.96}, "datetime": {"datetime": "2022-01-07 16:22:24", "elapsed": 0.27427, "delta": 0.024933}}
{"target": -2850.8509800000015, "params": {"spark.default.parallelism": 176.8819999217409, "spark.executor.cores": 2.218683047484554, "spark.executor.instances": 3.472800279067209, "spark.executor.memory": 3.2841722639721618, "spark.executor.memoryOverhead": 491.9206301262626, "spark.memory.fraction": 0.5399429307332471, "spark.memory.storageFraction": 0.6537642635432985, "spark.reducer.maxBlocksInFlightPerAddress": 1339561684.029448, "spark.reducer.maxSizeInFlight": 33.02020265686112, "spark.shuffle.file.buffer": 13.54024568160563}, "datetime": {"datetime": "2022-01-07 16:22:24", "elapsed": 0.298206, "delta": 0.023936}}
{"target": -2851.704610000001, "params": {"spark.default.parallelism": 320.74484399999295, "spark.executor.cores": 1.9124724239697963, "spark.executor.instances": 3.259469160466982, "spark.executor.memory": 4.438343537078714, "spark.executor.memoryOverhead": 317.35832594808653, "spark.memory.fraction": 0.8574533635665172, "spark.memory.storageFraction": 0.6722459656267178, "spark.reducer.maxBlocksInFlightPerAddress": 1366911223.7845466, "spark.reducer.maxSizeInFlight": 43.29817039848248, "spark.shuffle.file.buffer": 12.96}, "datetime": {"datetime": "2022-01-07 16:22:24", "elapsed": 0.322781, "delta": 0.024575}}
{"target": -2848.760820000002, "params": {"spark.default.parallelism": 241.15832038056533, "spark.executor.cores": 1.4539164009462473, "spark.executor.instances": 3.24, "spark.executor.memory": 3.6745537813722744, "spark.executor.memoryOverhead": 532.3381504793377, "spark.memory.fraction": 0.7742154820757845, "spark.memory.storageFraction": 0.5037893859922045, "spark.reducer.maxBlocksInFlightPerAddress": 1287948053.5550873, "spark.reducer.maxSizeInFlight": 46.319687500348, "spark.shuffle.file.buffer": 13.075914221790423}, "datetime": {"datetime": "2022-01-07 16:22:24", "elapsed": 0.347722, "delta": 0.024941}}
{"target": -2851.3289000000013, "params": {"spark.default.parallelism": 328.0248004110532, "spark.executor.cores": 0.9141817649987084, "spark.executor.instances": 3.5024949049690837, "spark.executor.memory": 2.572324868087246, "spark.executor.memoryOverhead": 316.8200106495999, "spark.memory.fraction": 0.7365645778515955, "spark.memory.storageFraction": 0.6523798739474359, "spark.reducer.maxBlocksInFlightPerAddress": 1286106266.1310503, "spark.reducer.maxSizeInFlight": 20.10032906886066, "spark.shuffle.file.buffer": 12.96}, "datetime": {"datetime": "2022-01-07 16:22:24", "elapsed": 0.371653, "delta": 0.023931}}
{"target": -2800.6663400000007, "params": {"spark.default.parallelism": 237.17723662539493, "spark.executor.cores": 1.7105914982721038, "spark.executor.instances": 3.778033489008503, "spark.executor.memory": 3.252947667818877, "spark.executor.memoryOverhead": 311.04, "spark.memory.fraction": 0.8307857373846785, "spark.memory.storageFraction": 0.6714001433345159, "spark.reducer.maxBlocksInFlightPerAddress": 903652775.0422643, "spark.reducer.maxSizeInFlight": 19.71022166310351, "spark.shuffle.file.buffer": 22.3966106798683}, "datetime": {"datetime": "2022-01-07 16:22:24", "elapsed": 0.395591, "delta": 0.023938}}
{"target": -2849.3703000000014, "params": {"spark.default.parallelism": 165.68128901368482, "spark.executor.cores": 1.8331793865012087, "spark.executor.instances": 3.24, "spark.executor.memory": 3.879761432995079, "spark.executor.memoryOverhead": 362.38633113656067, "spark.memory.fraction": 0.5276964863561753, "spark.memory.storageFraction": 0.5287749148315941, "spark.reducer.maxBlocksInFlightPerAddress": 1169955100.1990557, "spark.reducer.maxSizeInFlight": 28.164241268318065, "spark.shuffle.file.buffer": 12.96}, "datetime": {"datetime": "2022-01-07 16:22:24", "elapsed": 0.420211, "delta": 0.02462}}
{"target": -2806.724100000001, "params": {"spark.default.parallelism": 193.76350711883933, "spark.executor.cores": 1.3154677911470911, "spark.executor.instances": 3.257337303818476, "spark.executor.memory": 4.58264449298723, "spark.executor.memoryOverhead": 418.3599726827141, "spark.memory.fraction": 0.6506583171521775, "spark.memory.storageFraction": 0.8152826880498538, "spark.reducer.maxBlocksInFlightPerAddress": 1015806189.6352357, "spark.reducer.maxSizeInFlight": 40.84416205232296, "spark.shuffle.file.buffer": 17.919249952360225}, "datetime": {"datetime": "2022-01-07 16:22:24", "elapsed": 0.445146, "delta": 0.024935}}
{"target": -2852.8772100000006, "params": {"spark.default.parallelism": 280.24307060481016, "spark.executor.cores": 1.2225967628227237, "spark.executor.instances": 3.24, "spark.executor.memory": 2.782484061347843, "spark.executor.memoryOverhead": 499.243048267661, "spark.memory.fraction": 0.7769494731905435, "spark.memory.storageFraction": 0.8868863443740056, "spark.reducer.maxBlocksInFlightPerAddress": 869730876.6300002, "spark.reducer.maxSizeInFlight": 35.327648082944684, "spark.shuffle.file.buffer": 13.096490738581231}, "datetime": {"datetime": "2022-01-07 16:22:24", "elapsed": 0.469081, "delta": 0.023935}}
{"target": -2802.8836000000006, "params": {"spark.default.parallelism": 310.1778546516565, "spark.executor.cores": 1.6550117158412376, "spark.executor.instances": 3.24, "spark.executor.memory": 6.277542613323293, "spark.executor.memoryOverhead": 484.27300283012875, "spark.memory.fraction": 0.66879842452386, "spark.memory.storageFraction": 0.7637389217097993, "spark.reducer.maxBlocksInFlightPerAddress": 1012941727.6618094, "spark.reducer.maxSizeInFlight": 32.41802941064245, "spark.shuffle.file.buffer": 17.13350055330624}, "datetime": {"datetime": "2022-01-07 16:22:25", "elapsed": 0.493017, "delta": 0.023936}}
{"target": -2849.3703000000014, "params": {"spark.default.parallelism": 167.16441812091313, "spark.executor.cores": 0.9945914235416615, "spark.executor.instances": 3.24, "spark.executor.memory": 5.663254314555129, "spark.executor.memoryOverhead": 311.03999999999996, "spark.memory.fraction": 0.5449889243697472, "spark.memory.storageFraction": 0.5299397729401466, "spark.reducer.maxBlocksInFlightPerAddress": 1159959482.1392453, "spark.reducer.maxSizeInFlight": 20.26394622063883, "spark.shuffle.file.buffer": 15.717702074794293}, "datetime": {"datetime": "2022-01-07 16:22:25", "elapsed": 0.518352, "delta": 0.025335}}
{"target": -2855.0451700000012, "params": {"spark.default.parallelism": 256.53717387453594, "spark.executor.cores": 1.8794591270910683, "spark.executor.instances": 4.75766883961593, "spark.executor.memory": 3.9063720698732554, "spark.executor.memoryOverhead": 410.10712416538667, "spark.memory.fraction": 0.5979236908179211, "spark.memory.storageFraction": 0.6862878007628235, "spark.reducer.maxBlocksInFlightPerAddress": 1255409821.7237346, "spark.reducer.maxSizeInFlight": 30.956369872139405, "spark.shuffle.file.buffer": 13.30751959633322}, "datetime": {"datetime": "2022-01-07 16:22:25", "elapsed": 0.54445, "delta": 0.026098}}
{"target": -2851.5874300000014, "params": {"spark.default.parallelism": 238.55285113674125, "spark.executor.cores": 1.4081734409671582, "spark.executor.instances": 3.698107046664776, "spark.executor.memory": 4.820723842617481, "spark.executor.memoryOverhead": 509.68756600771036, "spark.memory.fraction": 0.8311614970417263, "spark.memory.storageFraction": 0.655798758264591, "spark.reducer.maxBlocksInFlightPerAddress": 1384903797.672195, "spark.reducer.maxSizeInFlight": 41.68065532556575, "spark.shuffle.file.buffer": 12.96}, "datetime": {"datetime": "2022-01-07 16:22:25", "elapsed": 0.5685, "delta": 0.02405}}
{"target": -2853.067420000002, "params": {"spark.default.parallelism": 296.90194180622143, "spark.executor.cores": 1.3404760705020788, "spark.executor.instances": 3.244589761367401, "spark.executor.memory": 3.5570752226065023, "spark.executor.memoryOverhead": 312.18441645816813, "spark.memory.fraction": 0.8195456904647165, "spark.memory.storageFraction": 0.8692078319815142, "spark.reducer.maxBlocksInFlightPerAddress": 931127609.9174949, "spark.reducer.maxSizeInFlight": 21.90342042875266, "spark.shuffle.file.buffer": 12.96}, "datetime": {"datetime": "2022-01-07 16:22:25", "elapsed": 0.593416, "delta": 0.024916}}
{"target": -2851.8332300000015, "params": {"spark.default.parallelism": 224.36127456182496, "spark.executor.cores": 1.2819631809754204, "spark.executor.instances": 3.2399999999999998, "spark.executor.memory": 3.9994059045176096, "spark.executor.memoryOverhead": 525.3106413372092, "spark.memory.fraction": 0.5571218853737072, "spark.memory.storageFraction": 0.5713202813141561, "spark.reducer.maxBlocksInFlightPerAddress": 1259845034.6326113, "spark.reducer.maxSizeInFlight": 29.682328581526747, "spark.shuffle.file.buffer": 14.134492475745004}, "datetime": {"datetime": "2022-01-07 16:22:25", "elapsed": 0.617409, "delta": 0.023993}}
{"target": -2866.1678100000013, "params": {"spark.default.parallelism": 202.95966210098143, "spark.executor.cores": 1.0956911326685894, "spark.executor.instances": 4.543038573871824, "spark.executor.memory": 2.4715781879263643, "spark.executor.memoryOverhead": 325.580618354952, "spark.memory.fraction": 0.7110648195757714, "spark.memory.storageFraction": 0.40499999999999997, "spark.reducer.maxBlocksInFlightPerAddress": 1121044010.2684844, "spark.reducer.maxSizeInFlight": 22.16195527122957, "spark.shuffle.file.buffer": 16.31510846985408}, "datetime": {"datetime": "2022-01-07 16:22:25", "elapsed": 0.641865, "delta": 0.024456}}
{"target": -2796.722130000001, "params": {"spark.default.parallelism": 296.6608480974489, "spark.executor.cores": 0.9318032377038281, "spark.executor.instances": 3.266492134203958, "spark.executor.memory": 3.6693813232502386, "spark.executor.memoryOverhead": 311.03999999999996, "spark.memory.fraction": 0.7949524663787053, "spark.memory.storageFraction": 0.518536097487907, "spark.reducer.maxBlocksInFlightPerAddress": 1404645722.559905, "spark.reducer.maxSizeInFlight": 42.791488172974574, "spark.shuffle.file.buffer": 18.993084453487327}, "datetime": {"datetime": "2022-01-07 16:22:25", "elapsed": 0.665799, "delta": 0.023934}}
{"target": -2852.610700000002, "params": {"spark.default.parallelism": 263.43810482479694, "spark.executor.cores": 1.6516125049681527, "spark.executor.instances": 3.931237474555974, "spark.executor.memory": 3.234767317461851, "spark.executor.memoryOverhead": 436.57665263020846, "spark.memory.fraction": 0.848944720024973, "spark.memory.storageFraction": 0.41237947152011173, "spark.reducer.maxBlocksInFlightPerAddress": 1348383437.0045004, "spark.reducer.maxSizeInFlight": 32.18656670657972, "spark.shuffle.file.buffer": 12.96}, "datetime": {"datetime": "2022-01-07 16:22:25", "elapsed": 0.690734, "delta": 0.024935}}
{"target": -2866.0048500000016, "params": {"spark.default.parallelism": 164.6951767191008, "spark.executor.cores": 1.8741507562988433, "spark.executor.instances": 3.2399999999999998, "spark.executor.memory": 2.43, "spark.executor.memoryOverhead": 374.30998076631477, "spark.memory.fraction": 0.5825903395950726, "spark.memory.storageFraction": 0.4707978733914744, "spark.reducer.maxBlocksInFlightPerAddress": 959804254.1684978, "spark.reducer.maxSizeInFlight": 20.5187837561863, "spark.shuffle.file.buffer": 12.96}, "datetime": {"datetime": "2022-01-07 16:22:25", "elapsed": 0.714642, "delta": 0.023908}}
{"target": -2811.666330000001, "params": {"spark.default.parallelism": 471.7347958176224, "spark.executor.cores": 1.4158234970816053, "spark.executor.instances": 6.7021902652564265, "spark.executor.memory": 6.307245827387211, "spark.executor.memoryOverhead": 512.8708848319183, "spark.memory.fraction": 0.5002018501106356, "spark.memory.storageFraction": 0.7529280134151459, "spark.reducer.maxBlocksInFlightPerAddress": 2027727390.8450725, "spark.reducer.maxSizeInFlight": 60.16555453095418, "spark.shuffle.file.buffer": 25.13734788014303}, "datetime": {"datetime": "2022-01-07 16:22:25", "elapsed": 0.802334, "delta": 0.087692}}
{"target": -2797.238750000002, "params": {"spark.default.parallelism": 486.2394357576476, "spark.executor.cores": 1.1541914177210235, "spark.executor.instances": 6.671555755962629, "spark.executor.memory": 6.093578670722904, "spark.executor.memoryOverhead": 597.20764129425, "spark.memory.fraction": 0.566908767886981, "spark.memory.storageFraction": 0.549952090389277, "spark.reducer.maxBlocksInFlightPerAddress": 1355843577.2816215, "spark.reducer.maxSizeInFlight": 25.570597125766916, "spark.shuffle.file.buffer": 35.34356290352122}, "datetime": {"datetime": "2022-01-07 16:22:25", "elapsed": 0.892094, "delta": 0.08976}}
{"target": -2798.9645400000013, "params": {"spark.default.parallelism": 265.99297625372975, "spark.executor.cores": 2.710912249803219, "spark.executor.instances": 7.179488483764702, "spark.executor.memory": 4.397167676389818, "spark.executor.memoryOverhead": 620.2671062595156, "spark.memory.fraction": 0.7223427035574222, "spark.memory.storageFraction": 0.6777398809728279, "spark.reducer.maxBlocksInFlightPerAddress": 1826051960.7028747, "spark.reducer.maxSizeInFlight": 41.6369158208802, "spark.shuffle.file.buffer": 47.86790957178454}, "datetime": {"datetime": "2022-01-07 16:22:25", "elapsed": 0.982855, "delta": 0.090761}}
{"target": -2797.0545800000004, "params": {"spark.default.parallelism": 345.9575059778214, "spark.executor.cores": 2.429394866291638, "spark.executor.instances": 7.0392250747115614, "spark.executor.memory": 6.962727483549804, "spark.executor.memoryOverhead": 766.7546950852324, "spark.memory.fraction": 0.5817279152607406, "spark.memory.storageFraction": 0.6331629966578163, "spark.reducer.maxBlocksInFlightPerAddress": 1211856221.2005877, "spark.reducer.maxSizeInFlight": 24.999809610364057, "spark.shuffle.file.buffer": 44.3916597706138}, "datetime": {"datetime": "2022-01-07 16:22:25", "elapsed": 1.082589, "delta": 0.099734}}
{"target": -2807.822400000001, "params": {"spark.default.parallelism": 280.45195687695133, "spark.executor.cores": 1.243244999059367, "spark.executor.instances": 6.491444310510021, "spark.executor.memory": 4.724482082144515, "spark.executor.memoryOverhead": 587.6287890158578, "spark.memory.fraction": 0.6934385279716476, "spark.memory.storageFraction": 0.5894932200870144, "spark.reducer.maxBlocksInFlightPerAddress": 2112623908.705553, "spark.reducer.maxSizeInFlight": 39.38805184459612, "spark.shuffle.file.buffer": 38.39361373640864}, "datetime": {"datetime": "2022-01-07 16:22:25", "elapsed": 1.176338, "delta": 0.093749}}
