{"target": -2806.046340000001, "params": {"spark.default.parallelism": 483.2423216778751, "spark.executor.cores": 2.529561547499164, "spark.executor.instances": 6.700962570142491, "spark.executor.memory": 6.3669903515204656, "spark.executor.memoryOverhead": 764.5670748389709, "spark.memory.fraction": 0.7132801197781805, "spark.memory.storageFraction": 0.68623204126882, "spark.reducer.maxBlocksInFlightPerAddress": 1996804224.8185713, "spark.reducer.maxSizeInFlight": 58.8054254360661, "spark.shuffle.file.buffer": 39.48830551592067}, "datetime": {"datetime": "2022-01-07 16:21:11", "elapsed": 0.0, "delta": 0.0}}
{"target": -2798.763130000001, "params": {"spark.default.parallelism": 298.7785439015645, "spark.executor.cores": 1.693602951713026, "spark.executor.instances": 7.663917347441869, "spark.executor.memory": 4.569110374429007, "spark.executor.memoryOverhead": 806.3556737751458, "spark.memory.fraction": 0.5973031015571991, "spark.memory.storageFraction": 0.6182031603153956, "spark.reducer.maxBlocksInFlightPerAddress": 1912136579.7326088, "spark.reducer.maxSizeInFlight": 47.28205291903062, "spark.shuffle.file.buffer": 30.698412715184077}, "datetime": {"datetime": "2022-01-07 16:21:11", "elapsed": 0.02593, "delta": 0.02593}}
{"target": -2801.295150000001, "params": {"spark.default.parallelism": 226.86431640792634, "spark.executor.cores": 2.634280837671576, "spark.executor.instances": 5.118185384114877, "spark.executor.memory": 3.9652245220367295, "spark.executor.memoryOverhead": 661.3186560814694, "spark.memory.fraction": 0.84345336951332, "spark.memory.storageFraction": 0.8209928403157909, "spark.reducer.maxBlocksInFlightPerAddress": 1129671471.999061, "spark.reducer.maxSizeInFlight": 32.97774142009165, "spark.shuffle.file.buffer": 21.52573378710194}, "datetime": {"datetime": "2022-01-07 16:21:11", "elapsed": 0.051328, "delta": 0.025398}}
{"target": -2801.2772000000023, "params": {"spark.default.parallelism": 234.42824057104016, "spark.executor.cores": 2.944388029926342, "spark.executor.instances": 5.378648790490966, "spark.executor.memory": 3.772783197799844, "spark.executor.memoryOverhead": 419.98139551659375, "spark.memory.fraction": 0.5225683265909351, "spark.memory.storageFraction": 0.735322967607164, "spark.reducer.maxBlocksInFlightPerAddress": 1455887444.1399074, "spark.reducer.maxSizeInFlight": 69.66719643249832, "spark.shuffle.file.buffer": 37.6540251591942}, "datetime": {"datetime": "2022-01-07 16:21:12", "elapsed": 0.076787, "delta": 0.025459}}
{"target": -2794.6930900000007, "params": {"spark.default.parallelism": 425.28915813082097, "spark.executor.cores": 1.445042191062901, "spark.executor.instances": 6.8563001538797295, "spark.executor.memory": 5.788905376185376, "spark.executor.memoryOverhead": 852.5567323290257, "spark.memory.fraction": 0.8902154181900496, "spark.memory.storageFraction": 0.5307704069041631, "spark.reducer.maxBlocksInFlightPerAddress": 1227587797.156663, "spark.reducer.maxSizeInFlight": 37.41139927629671, "spark.shuffle.file.buffer": 46.09426711955011}, "datetime": {"datetime": "2022-01-07 16:21:12", "elapsed": 0.101774, "delta": 0.024987}}
{"target": -2798.9939100000024, "params": {"spark.default.parallelism": 365.79807978830536, "spark.executor.cores": 1.385287200403016, "spark.executor.instances": 4.778295490141864, "spark.executor.memory": 5.974046080721235, "spark.executor.memoryOverhead": 630.0356879179571, "spark.memory.fraction": 0.6567837301024188, "spark.memory.storageFraction": 0.7424185441239834, "spark.reducer.maxBlocksInFlightPerAddress": 1681610549.159964, "spark.reducer.maxSizeInFlight": 63.287503427457054, "spark.shuffle.file.buffer": 32.15037839172678}, "datetime": {"datetime": "2022-01-07 16:21:12", "elapsed": 0.127219, "delta": 0.025445}}
{"target": -2801.2279100000014, "params": {"spark.default.parallelism": 443.22387383523846, "spark.executor.cores": 1.9546107217080397, "spark.executor.instances": 5.844764933278597, "spark.executor.memory": 4.75021267594501, "spark.executor.memoryOverhead": 681.4781534808535, "spark.memory.fraction": 0.8063165610757261, "spark.memory.storageFraction": 0.8143748261137393, "spark.reducer.maxBlocksInFlightPerAddress": 1720695590.102337, "spark.reducer.maxSizeInFlight": 56.308042866107314, "spark.shuffle.file.buffer": 17.50305659009512}, "datetime": {"datetime": "2022-01-07 16:21:12", "elapsed": 0.152178, "delta": 0.024959}}
{"target": -2810.277350000001, "params": {"spark.default.parallelism": 405.785005551581, "spark.executor.cores": 2.242206312192919, "spark.executor.instances": 6.232870543733846, "spark.executor.memory": 6.951505932017264, "spark.executor.memoryOverhead": 541.6777456827807, "spark.memory.fraction": 0.6947215422797531, "spark.memory.storageFraction": 0.6372328251565205, "spark.reducer.maxBlocksInFlightPerAddress": 2078729230.9613929, "spark.reducer.maxSizeInFlight": 24.755856437534785, "spark.shuffle.file.buffer": 26.850785496509374}, "datetime": {"datetime": "2022-01-07 16:21:12", "elapsed": 0.176114, "delta": 0.023936}}
{"target": -2800.4993600000016, "params": {"spark.default.parallelism": 271.59495193983156, "spark.executor.cores": 2.042601983277913, "spark.executor.instances": 4.163867064550446, "spark.executor.memory": 5.0391599566128535, "spark.executor.memoryOverhead": 440.23155820192574, "spark.memory.fraction": 0.7707539874030995, "spark.memory.storageFraction": 0.5752277328490448, "spark.reducer.maxBlocksInFlightPerAddress": 1378320190.3041568, "spark.reducer.maxSizeInFlight": 50.31520184252926, "spark.shuffle.file.buffer": 44.05621515995939}, "datetime": {"datetime": "2022-01-07 16:21:12", "elapsed": 0.201047, "delta": 0.024933}}
{"target": -3489.41987, "params": {"spark.default.parallelism": 345.3237248386599, "spark.executor.cores": 1.1568766400886321, "spark.executor.instances": 7.279844289300263, "spark.executor.memory": 3.075701862373928, "spark.executor.memoryOverhead": 507.84196760272323, "spark.memory.fraction": 0.5554318488052374, "spark.memory.storageFraction": 0.8928209092006203, "spark.reducer.maxBlocksInFlightPerAddress": 1565698906.1739304, "spark.reducer.maxSizeInFlight": 39.22670689519856, "spark.shuffle.file.buffer": 22.93499745696248}, "datetime": {"datetime": "2022-01-07 16:21:12", "elapsed": 0.225981, "delta": 0.024934}}
{"target": -2817.396270000001, "params": {"spark.default.parallelism": 289.74514454733367, "spark.executor.cores": 1.2182468684927594, "spark.executor.instances": 3.239999999999988, "spark.executor.memory": 2.437049925196549, "spark.executor.memoryOverhead": 460.98547137638064, "spark.memory.fraction": 0.6659956442470584, "spark.memory.storageFraction": 0.4050000000000001, "spark.reducer.maxBlocksInFlightPerAddress": 869730876.6299995, "spark.reducer.maxSizeInFlight": 26.655440913335042, "spark.shuffle.file.buffer": 20.388627182330577}, "datetime": {"datetime": "2022-01-07 16:21:12", "elapsed": 0.249917, "delta": 0.023936}}
{"target": -2802.43958, "params": {"spark.default.parallelism": 293.9033213255566, "spark.executor.cores": 1.132920151260347, "spark.executor.instances": 3.6458142221408902, "spark.executor.memory": 2.5726922362965987, "spark.executor.memoryOverhead": 535.7675937572179, "spark.memory.fraction": 0.577438744287484, "spark.memory.storageFraction": 0.586901962774692, "spark.reducer.maxBlocksInFlightPerAddress": 1117574564.0353966, "spark.reducer.maxSizeInFlight": 21.234003630820965, "spark.shuffle.file.buffer": 18.90387232203098}, "datetime": {"datetime": "2022-01-07 16:21:12", "elapsed": 0.27485, "delta": 0.024933}}
{"target": -2794.5741700000012, "params": {"spark.default.parallelism": 174.74748446078073, "spark.executor.cores": 1.5918907727869966, "spark.executor.instances": 5.06584373549514, "spark.executor.memory": 3.9255925064860944, "spark.executor.memoryOverhead": 343.3775059663819, "spark.memory.fraction": 0.6001374855946788, "spark.memory.storageFraction": 0.4052633886909799, "spark.reducer.maxBlocksInFlightPerAddress": 1267056148.037529, "spark.reducer.maxSizeInFlight": 44.55250871348598, "spark.shuffle.file.buffer": 27.672401623749}, "datetime": {"datetime": "2022-01-07 16:21:12", "elapsed": 0.299783, "delta": 0.024933}}
{"target": -2854.422190000001, "params": {"spark.default.parallelism": 166.1487537338059, "spark.executor.cores": 0.8517500727092279, "spark.executor.instances": 4.430490919370789, "spark.executor.memory": 3.22771040207474, "spark.executor.memoryOverhead": 406.8378841280018, "spark.memory.fraction": 0.7867364102875658, "spark.memory.storageFraction": 0.4617529512469193, "spark.reducer.maxBlocksInFlightPerAddress": 891816692.445719, "spark.reducer.maxSizeInFlight": 30.37129255302493, "spark.shuffle.file.buffer": 13.157261943537065}, "datetime": {"datetime": "2022-01-07 16:21:12", "elapsed": 0.324733, "delta": 0.02495}}
{"target": -2794.407660000001, "params": {"spark.default.parallelism": 221.28028360876368, "spark.executor.cores": 1.9123182760783362, "spark.executor.instances": 3.7892772576950597, "spark.executor.memory": 4.154711913447827, "spark.executor.memoryOverhead": 313.5461668776836, "spark.memory.fraction": 0.8721796107943536, "spark.memory.storageFraction": 0.541430655677855, "spark.reducer.maxBlocksInFlightPerAddress": 1383256333.8265078, "spark.reducer.maxSizeInFlight": 35.45656717423279, "spark.shuffle.file.buffer": 29.760573736575576}, "datetime": {"datetime": "2022-01-07 16:21:12", "elapsed": 0.349762, "delta": 0.025029}}
{"target": -2808.1551100000015, "params": {"spark.default.parallelism": 325.1342225029987, "spark.executor.cores": 1.7076890015640829, "spark.executor.instances": 3.626037629811669, "spark.executor.memory": 2.433537819385709, "spark.executor.memoryOverhead": 350.8948096679048, "spark.memory.fraction": 0.6863297852795524, "spark.memory.storageFraction": 0.533694395082906, "spark.reducer.maxBlocksInFlightPerAddress": 1323964352.1131876, "spark.reducer.maxSizeInFlight": 20.712015819419385, "spark.shuffle.file.buffer": 28.469293281211197}, "datetime": {"datetime": "2022-01-07 16:21:12", "elapsed": 0.373752, "delta": 0.02399}}
{"target": -2797.9101800000003, "params": {"spark.default.parallelism": 228.7329978226105, "spark.executor.cores": 1.0354778496329862, "spark.executor.instances": 3.2483536187652176, "spark.executor.memory": 3.2361126977496504, "spark.executor.memoryOverhead": 540.436001747128, "spark.memory.fraction": 0.8691477438335092, "spark.memory.storageFraction": 0.4050000000000001, "spark.reducer.maxBlocksInFlightPerAddress": 969895116.7107781, "spark.reducer.maxSizeInFlight": 32.37894000317467, "spark.shuffle.file.buffer": 23.48115339884563}, "datetime": {"datetime": "2022-01-07 16:21:12", "elapsed": 0.39876, "delta": 0.025008}}
{"target": -2849.6900400000013, "params": {"spark.default.parallelism": 168.6041032638637, "spark.executor.cores": 1.4110061600578052, "spark.executor.instances": 4.52384998325729, "spark.executor.memory": 4.533497689455962, "spark.executor.memoryOverhead": 311.04, "spark.memory.fraction": 0.7903354305772081, "spark.memory.storageFraction": 0.4123733332048714, "spark.reducer.maxBlocksInFlightPerAddress": 1222159716.9189277, "spark.reducer.maxSizeInFlight": 36.31635848064639, "spark.shuffle.file.buffer": 14.817834811133364}, "datetime": {"datetime": "2022-01-07 16:21:12", "elapsed": 0.424783, "delta": 0.026023}}
{"target": -2801.2349800000015, "params": {"spark.default.parallelism": 255.02598093580335, "spark.executor.cores": 0.8513571141667772, "spark.executor.instances": 5.109524545798032, "spark.executor.memory": 3.6330513447357493, "spark.executor.memoryOverhead": 386.5288666915993, "spark.memory.fraction": 0.5191828508126719, "spark.memory.storageFraction": 0.5585678860118836, "spark.reducer.maxBlocksInFlightPerAddress": 983497762.3420253, "spark.reducer.maxSizeInFlight": 41.59486722368148, "spark.shuffle.file.buffer": 23.744823604817153}, "datetime": {"datetime": "2022-01-07 16:21:12", "elapsed": 0.44977, "delta": 0.024987}}
{"target": -2818.439320000001, "params": {"spark.default.parallelism": 210.64484627941948, "spark.executor.cores": 1.1596299374311254, "spark.executor.instances": 3.9739116729168775, "spark.executor.memory": 2.499502467176851, "spark.executor.memoryOverhead": 430.9281745294282, "spark.memory.fraction": 0.6210818497933449, "spark.memory.storageFraction": 0.49127410825683754, "spark.reducer.maxBlocksInFlightPerAddress": 869730876.6299996, "spark.reducer.maxSizeInFlight": 27.355710163756445, "spark.shuffle.file.buffer": 17.29769459909624}, "datetime": {"datetime": "2022-01-07 16:21:12", "elapsed": 0.473733, "delta": 0.023963}}
{"target": -2799.510530000001, "params": {"spark.default.parallelism": 245.1105176519806, "spark.executor.cores": 1.5489836952530582, "spark.executor.instances": 4.005902348616046, "spark.executor.memory": 3.4690210950174216, "spark.executor.memoryOverhead": 311.0400000000001, "spark.memory.fraction": 0.5670943648330875, "spark.memory.storageFraction": 0.536170497024303, "spark.reducer.maxBlocksInFlightPerAddress": 972145742.4509791, "spark.reducer.maxSizeInFlight": 22.0910488388807, "spark.shuffle.file.buffer": 20.684357493455824}, "datetime": {"datetime": "2022-01-07 16:21:12", "elapsed": 0.498752, "delta": 0.025019}}
{"target": -2856.312920000001, "params": {"spark.default.parallelism": 176.89103055564868, "spark.executor.cores": 0.8950398278696585, "spark.executor.instances": 5.093338317264031, "spark.executor.memory": 4.316634565535339, "spark.executor.memoryOverhead": 397.23942474426974, "spark.memory.fraction": 0.5034457770002865, "spark.memory.storageFraction": 0.5781678843039625, "spark.reducer.maxBlocksInFlightPerAddress": 1040792930.1170808, "spark.reducer.maxSizeInFlight": 35.34311968795141, "spark.shuffle.file.buffer": 13.183487999020418}, "datetime": {"datetime": "2022-01-07 16:21:12", "elapsed": 0.52276, "delta": 0.024008}}
{"target": -2794.983280000001, "params": {"spark.default.parallelism": 165.81332563716148, "spark.executor.cores": 0.8235323751854842, "spark.executor.instances": 4.345803668555233, "spark.executor.memory": 3.404834803970253, "spark.executor.memoryOverhead": 543.8144824917443, "spark.memory.fraction": 0.405, "spark.memory.storageFraction": 0.4050000000000001, "spark.reducer.maxBlocksInFlightPerAddress": 1224322108.1678994, "spark.reducer.maxSizeInFlight": 29.74269524883334, "spark.shuffle.file.buffer": 29.56643958578422}, "datetime": {"datetime": "2022-01-07 16:21:12", "elapsed": 0.547756, "delta": 0.024996}}
{"target": -2814.306060000002, "params": {"spark.default.parallelism": 315.5154509367984, "spark.executor.cores": 1.3475078262512332, "spark.executor.instances": 3.3796544197636136, "spark.executor.memory": 2.4333651935788785, "spark.executor.memoryOverhead": 449.0016554607665, "spark.memory.fraction": 0.4702024105134798, "spark.memory.storageFraction": 0.48371899610984687, "spark.reducer.maxBlocksInFlightPerAddress": 1340870315.6228242, "spark.reducer.maxSizeInFlight": 20.0178585577715, "spark.shuffle.file.buffer": 17.053776622885685}, "datetime": {"datetime": "2022-01-07 16:21:12", "elapsed": 0.572743, "delta": 0.024987}}
{"target": -2797.3582200000005, "params": {"spark.default.parallelism": 288.19123389938795, "spark.executor.cores": 1.9128346854481377, "spark.executor.instances": 3.2473129382705124, "spark.executor.memory": 2.7034450227579003, "spark.executor.memoryOverhead": 356.8122458468048, "spark.memory.fraction": 0.43347828710518305, "spark.memory.storageFraction": 0.4220090400576615, "spark.reducer.maxBlocksInFlightPerAddress": 869730876.6300011, "spark.reducer.maxSizeInFlight": 42.87462566043747, "spark.shuffle.file.buffer": 27.26327853675045}, "datetime": {"datetime": "2022-01-07 16:21:12", "elapsed": 0.601727, "delta": 0.028984}}
{"target": -2794.833380000001, "params": {"spark.default.parallelism": 244.78580386240273, "spark.executor.cores": 1.3757404988972837, "spark.executor.instances": 3.242610857767455, "spark.executor.memory": 2.83982912159134, "spark.executor.memoryOverhead": 340.0703343334645, "spark.memory.fraction": 0.44983892696180133, "spark.memory.storageFraction": 0.43873773003699984, "spark.reducer.maxBlocksInFlightPerAddress": 1184090852.4631734, "spark.reducer.maxSizeInFlight": 21.588216199814667, "spark.shuffle.file.buffer": 23.447231109961052}, "datetime": {"datetime": "2022-01-07 16:21:12", "elapsed": 0.626246, "delta": 0.024519}}
{"target": -2796.8955800000012, "params": {"spark.default.parallelism": 327.03775941031057, "spark.executor.cores": 1.65624384699851, "spark.executor.instances": 5.23996520365546, "spark.executor.memory": 3.0627425035953784, "spark.executor.memoryOverhead": 410.31729948938056, "spark.memory.fraction": 0.5881988578994513, "spark.memory.storageFraction": 0.47750271750863693, "spark.reducer.maxBlocksInFlightPerAddress": 1301755677.5542107, "spark.reducer.maxSizeInFlight": 44.18150489641577, "spark.shuffle.file.buffer": 30.334367651417327}, "datetime": {"datetime": "2022-01-07 16:21:12", "elapsed": 0.650777, "delta": 0.024531}}
{"target": -2869.0363800000014, "params": {"spark.default.parallelism": 167.0234670929952, "spark.executor.cores": 0.8830582649969324, "spark.executor.instances": 3.7108229307747607, "spark.executor.memory": 2.4300000000000006, "spark.executor.memoryOverhead": 449.749402174706, "spark.memory.fraction": 0.4050000000000003, "spark.memory.storageFraction": 0.5394693188595989, "spark.reducer.maxBlocksInFlightPerAddress": 1044912289.6644652, "spark.reducer.maxSizeInFlight": 25.79430501508777, "spark.shuffle.file.buffer": 13.582431393072975}, "datetime": {"datetime": "2022-01-07 16:21:12", "elapsed": 0.675719, "delta": 0.024942}}
{"target": -2802.43958, "params": {"spark.default.parallelism": 284.908588601468, "spark.executor.cores": 0.8663004379890875, "spark.executor.instances": 4.076276879583039, "spark.executor.memory": 4.07914040301362, "spark.executor.memoryOverhead": 527.6596272182636, "spark.memory.fraction": 0.5151061478056828, "spark.memory.storageFraction": 0.5895763451045906, "spark.reducer.maxBlocksInFlightPerAddress": 903579335.8845555, "spark.reducer.maxSizeInFlight": 36.37275333728718, "spark.shuffle.file.buffer": 18.847907355428468}, "datetime": {"datetime": "2022-01-07 16:21:12", "elapsed": 0.699793, "delta": 0.024074}}
{"target": -2797.3582200000005, "params": {"spark.default.parallelism": 186.8057894222575, "spark.executor.cores": 1.9095716109267669, "spark.executor.instances": 4.756285869806105, "spark.executor.memory": 3.8577875462091247, "spark.executor.memoryOverhead": 311.0400000000001, "spark.memory.fraction": 0.435746689848214, "spark.memory.storageFraction": 0.4050000000000001, "spark.reducer.maxBlocksInFlightPerAddress": 869730876.6299992, "spark.reducer.maxSizeInFlight": 30.843763124969893, "spark.shuffle.file.buffer": 27.53878685584071}, "datetime": {"datetime": "2022-01-07 16:21:12", "elapsed": 0.724734, "delta": 0.024941}}
{"target": -2798.604710000002, "params": {"spark.default.parallelism": 325.7026640239797, "spark.executor.cores": 2.9624006622247685, "spark.executor.instances": 5.289560972016435, "spark.executor.memory": 5.700279818055968, "spark.executor.memoryOverhead": 854.5273102593198, "spark.memory.fraction": 0.6591323116221308, "spark.memory.storageFraction": 0.7308186776371918, "spark.reducer.maxBlocksInFlightPerAddress": 1720708633.3902857, "spark.reducer.maxSizeInFlight": 25.440510339668933, "spark.shuffle.file.buffer": 27.170009269870466}, "datetime": {"datetime": "2022-01-07 16:21:12", "elapsed": 0.816757, "delta": 0.092023}}
{"target": -2798.7550700000015, "params": {"spark.default.parallelism": 368.10956776581895, "spark.executor.cores": 1.8126035053502763, "spark.executor.instances": 4.492422762837112, "spark.executor.memory": 6.1392325883424625, "spark.executor.memoryOverhead": 769.2189748253386, "spark.memory.fraction": 0.8823318582116, "spark.memory.storageFraction": 0.8058389786117885, "spark.reducer.maxBlocksInFlightPerAddress": 1720698623.2002006, "spark.reducer.maxSizeInFlight": 53.92621139885935, "spark.shuffle.file.buffer": 35.809293607885884}, "datetime": {"datetime": "2022-01-07 16:21:12", "elapsed": 0.917691, "delta": 0.100934}}
{"target": -2797.873020000001, "params": {"spark.default.parallelism": 290.0368482051982, "spark.executor.cores": 1.8237211632606878, "spark.executor.instances": 6.745265956046071, "spark.executor.memory": 6.598843694974877, "spark.executor.memoryOverhead": 384.67559934348753, "spark.memory.fraction": 0.5573827465427127, "spark.memory.storageFraction": 0.6138008437574664, "spark.reducer.maxBlocksInFlightPerAddress": 1912133050.2378306, "spark.reducer.maxSizeInFlight": 29.78906008160304, "spark.shuffle.file.buffer": 43.54903080753893}, "datetime": {"datetime": "2022-01-07 16:21:12", "elapsed": 1.01259, "delta": 0.094899}}
{"target": -2802.6966100000013, "params": {"spark.default.parallelism": 267.17225610639025, "spark.executor.cores": 1.2544266894308305, "spark.executor.instances": 4.28221976530762, "spark.executor.memory": 3.5566829865984495, "spark.executor.memoryOverhead": 398.0683685399874, "spark.memory.fraction": 0.6395074590735553, "spark.memory.storageFraction": 0.577162988522785, "spark.reducer.maxBlocksInFlightPerAddress": 1184092310.521665, "spark.reducer.maxSizeInFlight": 54.4084560537098, "spark.shuffle.file.buffer": 18.67825403503465}, "datetime": {"datetime": "2022-01-07 16:21:13", "elapsed": 1.108671, "delta": 0.096081}}
{"target": -2794.7312100000017, "params": {"spark.default.parallelism": 498.44423558279493, "spark.executor.cores": 2.5091830947695355, "spark.executor.instances": 4.716219650604478, "spark.executor.memory": 4.2482955631975905, "spark.executor.memoryOverhead": 800.4786604370602, "spark.memory.fraction": 0.8864029909232489, "spark.memory.storageFraction": 0.5406564358001312, "spark.reducer.maxBlocksInFlightPerAddress": 1681610828.6520953, "spark.reducer.maxSizeInFlight": 63.2063747437152, "spark.shuffle.file.buffer": 34.46929893450408}, "datetime": {"datetime": "2022-01-07 16:21:13", "elapsed": 1.21066, "delta": 0.101989}}
