{"target": -3489.2796600000006, "params": {"spark.default.parallelism": 236.2802976948392, "spark.executor.cores": 1.666804694656034, "spark.executor.instances": 7.250885034918959, "spark.executor.memory": 4.492924318325476, "spark.executor.memoryOverhead": 768.3079982707465, "spark.memory.fraction": 0.5389149397557015, "spark.memory.storageFraction": 0.8908666010332469, "spark.reducer.maxBlocksInFlightPerAddress": 1092748811.5231853, "spark.reducer.maxSizeInFlight": 46.34166535638508, "spark.shuffle.file.buffer": 27.384004564212955}, "datetime": {"datetime": "2022-01-06 18:56:51", "elapsed": 0.0, "delta": 0.0}}
{"target": -2805.245860000002, "params": {"spark.default.parallelism": 454.95870631669175, "spark.executor.cores": 2.6075243556579837, "spark.executor.instances": 4.484238957441653, "spark.executor.memory": 5.332687747543499, "spark.executor.memoryOverhead": 497.1732604875983, "spark.memory.fraction": 0.6769432153601381, "spark.memory.storageFraction": 0.5516743793788286, "spark.reducer.maxBlocksInFlightPerAddress": 1976854122.1925354, "spark.reducer.maxSizeInFlight": 52.45794500625333, "spark.shuffle.file.buffer": 25.28633109116671}, "datetime": {"datetime": "2022-01-06 18:56:51", "elapsed": 0.024904, "delta": 0.024904}}
{"target": -2799.260600000002, "params": {"spark.default.parallelism": 317.3720315952277, "spark.executor.cores": 1.3375076828365557, "spark.executor.instances": 4.206772687993111, "spark.executor.memory": 6.088995202929572, "spark.executor.memoryOverhead": 874.4419936797626, "spark.memory.fraction": 0.6020874025160307, "spark.memory.storageFraction": 0.832772440002649, "spark.reducer.maxBlocksInFlightPerAddress": 1420365152.879211, "spark.reducer.maxSizeInFlight": 54.65805138464694, "spark.shuffle.file.buffer": 21.736847707831974}, "datetime": {"datetime": "2022-01-06 18:56:51", "elapsed": 0.049839, "delta": 0.024935}}
{"target": -2799.952720000001, "params": {"spark.default.parallelism": 369.424691769349, "spark.executor.cores": 2.3881179764718024, "spark.executor.instances": 7.88699119771805, "spark.executor.memory": 3.2753539995869394, "spark.executor.memoryOverhead": 816.5321428001077, "spark.memory.fraction": 0.7834377017318874, "spark.memory.storageFraction": 0.6439867327359058, "spark.reducer.maxBlocksInFlightPerAddress": 1808720555.8761373, "spark.reducer.maxSizeInFlight": 68.19179621979458, "spark.shuffle.file.buffer": 29.50189652655233}, "datetime": {"datetime": "2022-01-06 18:56:51", "elapsed": 0.07577, "delta": 0.025931}}
{"target": -2805.126980000001, "params": {"spark.default.parallelism": 273.63046727492724, "spark.executor.cores": 1.004871040806505, "spark.executor.instances": 5.956927602021505, "spark.executor.memory": 6.495707645841298, "spark.executor.memoryOverhead": 673.9909530168657, "spark.memory.fraction": 0.7066557419967459, "spark.memory.storageFraction": 0.5254972906499743, "spark.reducer.maxBlocksInFlightPerAddress": 2110350738.351033, "spark.reducer.maxSizeInFlight": 32.08144837744145, "spark.shuffle.file.buffer": 44.08163738811046}, "datetime": {"datetime": "2022-01-06 18:56:51", "elapsed": 0.100703, "delta": 0.024933}}
{"target": -2796.842720000002, "params": {"spark.default.parallelism": 206.90761769439223, "spark.executor.cores": 1.937445901007805, "spark.executor.instances": 6.39525134560005, "spark.executor.memory": 4.1918336068615085, "spark.executor.memoryOverhead": 539.5561210863601, "spark.memory.fraction": 0.8557739445523265, "spark.memory.storageFraction": 0.7368754844811334, "spark.reducer.maxBlocksInFlightPerAddress": 1615499596.4807527, "spark.reducer.maxSizeInFlight": 42.540527598736794, "spark.shuffle.file.buffer": 46.50151648889417}, "datetime": {"datetime": "2022-01-06 18:56:51", "elapsed": 0.124686, "delta": 0.023983}}
{"target": -2796.159410000001, "params": {"spark.default.parallelism": 385.1026533096141, "spark.executor.cores": 2.5986119000089194, "spark.executor.instances": 5.35306009219013, "spark.executor.memory": 4.792285383180318, "spark.executor.memoryOverhead": 695.1429033422199, "spark.memory.fraction": 0.55522814752207, "spark.memory.storageFraction": 0.6864094363625304, "spark.reducer.maxBlocksInFlightPerAddress": 1298164323.5028996, "spark.reducer.maxSizeInFlight": 27.19402957976382, "spark.shuffle.file.buffer": 33.967946353513085}, "datetime": {"datetime": "2022-01-06 18:56:51", "elapsed": 0.150247, "delta": 0.025561}}
{"target": -2855.6014500000015, "params": {"spark.default.parallelism": 321.20774551890065, "spark.executor.cores": 2.9460795057389344, "spark.executor.instances": 4.982046495557655, "spark.executor.memory": 5.640444585279015, "spark.executor.memoryOverhead": 397.45177982774396, "spark.memory.fraction": 0.8863955311591677, "spark.memory.storageFraction": 0.5820320238877075, "spark.reducer.maxBlocksInFlightPerAddress": 1911855667.5930948, "spark.reducer.maxSizeInFlight": 60.1596339208894, "spark.shuffle.file.buffer": 16.483912949802516}, "datetime": {"datetime": "2022-01-06 18:56:51", "elapsed": 0.175091, "delta": 0.024844}}
{"target": -2799.055060000001, "params": {"spark.default.parallelism": 484.1182309343506, "spark.executor.cores": 1.556893645385348, "spark.executor.instances": 6.98974365574541, "spark.executor.memory": 6.651692408426371, "spark.executor.memoryOverhead": 476.4718293979123, "spark.memory.fraction": 0.7635341148744559, "spark.memory.storageFraction": 0.7534697192066636, "spark.reducer.maxBlocksInFlightPerAddress": 1265256585.9169486, "spark.reducer.maxSizeInFlight": 62.96144549939961, "spark.shuffle.file.buffer": 35.3773607694432}, "datetime": {"datetime": "2022-01-06 18:56:51", "elapsed": 0.199054, "delta": 0.023963}}
{"target": -2797.400560000001, "params": {"spark.default.parallelism": 415.196479066944, "spark.executor.cores": 2.1862317601410006, "spark.executor.instances": 6.414634667567549, "spark.executor.memory": 3.4272239214235696, "spark.executor.memoryOverhead": 627.1964013287252, "spark.memory.fraction": 0.6371779342007029, "spark.memory.storageFraction": 0.7916053976716615, "spark.reducer.maxBlocksInFlightPerAddress": 1602870981.0196714, "spark.reducer.maxSizeInFlight": 36.236317821939195, "spark.shuffle.file.buffer": 39.29810433522783}, "datetime": {"datetime": "2022-01-06 18:56:51", "elapsed": 0.22396, "delta": 0.024906}}
{"target": -2803.7320200000004, "params": {"spark.default.parallelism": 227.33445129459773, "spark.executor.cores": 1.49656967651847, "spark.executor.instances": 5.2055199290506975, "spark.executor.memory": 2.8887087660476802, "spark.executor.memoryOverhead": 458.29930311425903, "spark.memory.fraction": 0.5114378094546101, "spark.memory.storageFraction": 0.6285215932903484, "spark.reducer.maxBlocksInFlightPerAddress": 954240153.2421238, "spark.reducer.maxSizeInFlight": 25.854688589819514, "spark.shuffle.file.buffer": 22.132785837571415}, "datetime": {"datetime": "2022-01-06 18:56:51", "elapsed": 0.248916, "delta": 0.024956}}
{"target": -2800.475470000001, "params": {"spark.default.parallelism": 190.49486452065298, "spark.executor.cores": 0.8164679682265243, "spark.executor.instances": 3.2399999999999984, "spark.executor.memory": 4.482779098579186, "spark.executor.memoryOverhead": 339.8004043306988, "spark.memory.fraction": 0.467709004216171, "spark.memory.storageFraction": 0.7073008995447022, "spark.reducer.maxBlocksInFlightPerAddress": 1358196905.0078163, "spark.reducer.maxSizeInFlight": 40.84580990354948, "spark.shuffle.file.buffer": 17.008486059078635}, "datetime": {"datetime": "2022-01-06 18:56:51", "elapsed": 0.272831, "delta": 0.023915}}
{"target": -2801.054070000002, "params": {"spark.default.parallelism": 325.21270789182057, "spark.executor.cores": 1.7262332214804703, "spark.executor.instances": 3.8814127594636108, "spark.executor.memory": 3.4505201045100744, "spark.executor.memoryOverhead": 311.04000000000013, "spark.memory.fraction": 0.417397194429709, "spark.memory.storageFraction": 0.8491468159659121, "spark.reducer.maxBlocksInFlightPerAddress": 990915347.3289413, "spark.reducer.maxSizeInFlight": 32.88931799077884, "spark.shuffle.file.buffer": 25.64738606969085}, "datetime": {"datetime": "2022-01-06 18:56:51", "elapsed": 0.297763, "delta": 0.024932}}
{"target": -2867.235050000001, "params": {"spark.default.parallelism": 162.7506460504895, "spark.executor.cores": 1.0992425407520567, "spark.executor.instances": 3.6606682184107537, "spark.executor.memory": 2.4562042610509955, "spark.executor.memoryOverhead": 514.3060975769267, "spark.memory.fraction": 0.5728839033568283, "spark.memory.storageFraction": 0.7916037759651342, "spark.reducer.maxBlocksInFlightPerAddress": 1237916723.9045284, "spark.reducer.maxSizeInFlight": 45.419274541973614, "spark.shuffle.file.buffer": 13.5173146813444}, "datetime": {"datetime": "2022-01-06 18:56:51", "elapsed": 0.322734, "delta": 0.024971}}
{"target": -2796.7175500000008, "params": {"spark.default.parallelism": 264.8587091623818, "spark.executor.cores": 1.19901813610374, "spark.executor.instances": 4.412666603546633, "spark.executor.memory": 3.7640392899230894, "spark.executor.memoryOverhead": 374.623196871943, "spark.memory.fraction": 0.40499999999999997, "spark.memory.storageFraction": 0.5182751456077417, "spark.reducer.maxBlocksInFlightPerAddress": 869730876.6300011, "spark.reducer.maxSizeInFlight": 20.409507202990905, "spark.shuffle.file.buffer": 30.45902594870969}, "datetime": {"datetime": "2022-01-06 18:56:51", "elapsed": 0.346646, "delta": 0.023912}}
{"target": -2801.2349800000015, "params": {"spark.default.parallelism": 232.9256374345162, "spark.executor.cores": 1.2731716825410078, "spark.executor.instances": 3.402962424848204, "spark.executor.memory": 3.055638298239433, "spark.executor.memoryOverhead": 351.2384364423515, "spark.memory.fraction": 0.40499999999999997, "spark.memory.storageFraction": 0.5746912339209792, "spark.reducer.maxBlocksInFlightPerAddress": 869730876.6300007, "spark.reducer.maxSizeInFlight": 46.039795546874316, "spark.shuffle.file.buffer": 23.75125326699035}, "datetime": {"datetime": "2022-01-06 18:56:51", "elapsed": 0.371662, "delta": 0.025016}}
{"target": -2854.160780000001, "params": {"spark.default.parallelism": 201.49713487352696, "spark.executor.cores": 1.6594768853691184, "spark.executor.instances": 5.081446485460882, "spark.executor.memory": 4.4175116161947345, "spark.executor.memoryOverhead": 398.2511677070048, "spark.memory.fraction": 0.41360347271429415, "spark.memory.storageFraction": 0.41384257267581764, "spark.reducer.maxBlocksInFlightPerAddress": 963891955.7036539, "spark.reducer.maxSizeInFlight": 20.67027281202621, "spark.shuffle.file.buffer": 13.896935206153797}, "datetime": {"datetime": "2022-01-06 18:56:51", "elapsed": 0.395653, "delta": 0.023991}}
{"target": -2795.599970000001, "params": {"spark.default.parallelism": 259.97021633992836, "spark.executor.cores": 1.9474293728156538, "spark.executor.instances": 4.5136280711751615, "spark.executor.memory": 2.5478766329427085, "spark.executor.memoryOverhead": 312.58989058212194, "spark.memory.fraction": 0.5036752296226832, "spark.memory.storageFraction": 0.40499999999999986, "spark.reducer.maxBlocksInFlightPerAddress": 1153883538.8341405, "spark.reducer.maxSizeInFlight": 33.43822469024766, "spark.shuffle.file.buffer": 28.690071641229956}, "datetime": {"datetime": "2022-01-06 18:56:51", "elapsed": 0.420297, "delta": 0.024644}}
{"target": -2801.623740000001, "params": {"spark.default.parallelism": 305.26433282830965, "spark.executor.cores": 0.8445541038151398, "spark.executor.instances": 4.186072602497017, "spark.executor.memory": 3.4393281075285937, "spark.executor.memoryOverhead": 451.77207279985765, "spark.memory.fraction": 0.5413856490956764, "spark.memory.storageFraction": 0.5138658772310348, "spark.reducer.maxBlocksInFlightPerAddress": 1084762214.0574076, "spark.reducer.maxSizeInFlight": 37.089563248889434, "spark.shuffle.file.buffer": 18.01927617493243}, "datetime": {"datetime": "2022-01-06 18:56:51", "elapsed": 0.445207, "delta": 0.02491}}
{"target": -2796.877340000001, "params": {"spark.default.parallelism": 163.45361500695407, "spark.executor.cores": 1.0236387832275236, "spark.executor.instances": 3.2494297024393592, "spark.executor.memory": 3.8048311969255257, "spark.executor.memoryOverhead": 570.4387430713715, "spark.memory.fraction": 0.4622023069994354, "spark.memory.storageFraction": 0.46743540639367076, "spark.reducer.maxBlocksInFlightPerAddress": 1391642663.8765395, "spark.reducer.maxSizeInFlight": 24.307978478726632, "spark.shuffle.file.buffer": 19.106944428842947}, "datetime": {"datetime": "2022-01-06 18:56:51", "elapsed": 0.469144, "delta": 0.023937}}
{"target": -2802.349910000001, "params": {"spark.default.parallelism": 366.94982861100937, "spark.executor.cores": 2.9162012830162864, "spark.executor.instances": 5.301516152089738, "spark.executor.memory": 4.532691717736957, "spark.executor.memoryOverhead": 470.38430573701174, "spark.memory.fraction": 0.6607745088462367, "spark.memory.storageFraction": 0.8872598826597167, "spark.reducer.maxBlocksInFlightPerAddress": 1420371753.7654526, "spark.reducer.maxSizeInFlight": 26.575148478244778, "spark.shuffle.file.buffer": 35.01512608879504}, "datetime": {"datetime": "2022-01-06 18:56:51", "elapsed": 0.538956, "delta": 0.069812}}
{"target": -2798.239200000002, "params": {"spark.default.parallelism": 205.29508222592406, "spark.executor.cores": 1.917941614226472, "spark.executor.instances": 5.511296058450449, "spark.executor.memory": 3.3355403379122057, "spark.executor.memoryOverhead": 741.692338688218, "spark.memory.fraction": 0.5266577587641363, "spark.memory.storageFraction": 0.6067587829256931, "spark.reducer.maxBlocksInFlightPerAddress": 1420377805.9571438, "spark.reducer.maxSizeInFlight": 70.03394104462532, "spark.shuffle.file.buffer": 22.640165584246166}, "datetime": {"datetime": "2022-01-06 18:56:51", "elapsed": 0.614782, "delta": 0.075826}}
{"target": -2802.49416, "params": {"spark.default.parallelism": 219.22902298235465, "spark.executor.cores": 2.162377990923302, "spark.executor.instances": 7.766029557386906, "spark.executor.memory": 3.8122274124922253, "spark.executor.memoryOverhead": 403.00953085054056, "spark.memory.fraction": 0.8374975303225266, "spark.memory.storageFraction": 0.6312001423423095, "spark.reducer.maxBlocksInFlightPerAddress": 1084765945.43749, "spark.reducer.maxSizeInFlight": 54.79913454290747, "spark.shuffle.file.buffer": 45.477951426598636}, "datetime": {"datetime": "2022-01-06 18:56:51", "elapsed": 0.696084, "delta": 0.081302}}
{"target": -2799.1613700000003, "params": {"spark.default.parallelism": 406.8405007614171, "spark.executor.cores": 2.5132876454309083, "spark.executor.instances": 6.8344651178348, "spark.executor.memory": 4.30658649199098, "spark.executor.memoryOverhead": 654.665597980777, "spark.memory.fraction": 0.7152000037320255, "spark.memory.storageFraction": 0.8157168884525715, "spark.reducer.maxBlocksInFlightPerAddress": 1153889404.009751, "spark.reducer.maxSizeInFlight": 46.210389752516846, "spark.shuffle.file.buffer": 46.42451997239711}, "datetime": {"datetime": "2022-01-06 18:56:51", "elapsed": 0.769887, "delta": 0.073803}}
{"target": -2799.56092, "params": {"spark.default.parallelism": 360.1876810664809, "spark.executor.cores": 1.1116869693602578, "spark.executor.instances": 5.205247064361247, "spark.executor.memory": 4.515015516467988, "spark.executor.memoryOverhead": 725.9626506465709, "spark.memory.fraction": 0.6617006002870892, "spark.memory.storageFraction": 0.6050288237100425, "spark.reducer.maxBlocksInFlightPerAddress": 1084776618.992866, "spark.reducer.maxSizeInFlight": 37.83213498327436, "spark.shuffle.file.buffer": 42.30079275174383}, "datetime": {"datetime": "2022-01-06 18:56:51", "elapsed": 0.852693, "delta": 0.082806}}
{"target": -2800.666430000001, "params": {"spark.default.parallelism": 374.0981598141583, "spark.executor.cores": 2.7902985379326752, "spark.executor.instances": 4.735557871914917, "spark.executor.memory": 5.55732936290681, "spark.executor.memoryOverhead": 815.2142940838355, "spark.memory.fraction": 0.6173714027158989, "spark.memory.storageFraction": 0.5414173990321337, "spark.reducer.maxBlocksInFlightPerAddress": 1976862511.3353493, "spark.reducer.maxSizeInFlight": 33.384927871486376, "spark.shuffle.file.buffer": 45.111677312518836}, "datetime": {"datetime": "2022-01-06 18:56:52", "elapsed": 0.939552, "delta": 0.086859}}
{"target": -2802.3802900000014, "params": {"spark.default.parallelism": 418.25456789945906, "spark.executor.cores": 1.6187308439059984, "spark.executor.instances": 6.5880240231896785, "spark.executor.memory": 5.122639946194976, "spark.executor.memoryOverhead": 430.26757328333434, "spark.memory.fraction": 0.7783105994272614, "spark.memory.storageFraction": 0.7074438227547883, "spark.reducer.maxBlocksInFlightPerAddress": 1153896091.023663, "spark.reducer.maxSizeInFlight": 40.384621310227374, "spark.shuffle.file.buffer": 34.57804996716216}, "datetime": {"datetime": "2022-01-06 18:56:52", "elapsed": 1.021918, "delta": 0.082366}}
{"target": -2797.552080000001, "params": {"spark.default.parallelism": 466.21627827917024, "spark.executor.cores": 1.8859714022668377, "spark.executor.instances": 5.57777065654944, "spark.executor.memory": 6.066794263993779, "spark.executor.memoryOverhead": 387.09994993456695, "spark.memory.fraction": 0.8781352971772007, "spark.memory.storageFraction": 0.5654453281420867, "spark.reducer.maxBlocksInFlightPerAddress": 1153877738.3898983, "spark.reducer.maxSizeInFlight": 49.74398002113739, "spark.shuffle.file.buffer": 42.69563872261841}, "datetime": {"datetime": "2022-01-06 18:56:52", "elapsed": 1.098297, "delta": 0.076379}}
{"target": -2797.6310200000003, "params": {"spark.default.parallelism": 340.7742938357695, "spark.executor.cores": 2.6862343039857706, "spark.executor.instances": 4.13630427720882, "spark.executor.memory": 4.359876210236687, "spark.executor.memoryOverhead": 766.0396608928634, "spark.memory.fraction": 0.5280848641672543, "spark.memory.storageFraction": 0.5695798600058644, "spark.reducer.maxBlocksInFlightPerAddress": 1153905106.968504, "spark.reducer.maxSizeInFlight": 33.89459202662421, "spark.shuffle.file.buffer": 40.27114748930454}, "datetime": {"datetime": "2022-01-06 18:56:52", "elapsed": 1.170103, "delta": 0.071806}}
{"target": -2797.054960000001, "params": {"spark.default.parallelism": 295.12423754664377, "spark.executor.cores": 1.4569301020921521, "spark.executor.instances": 5.434209085194915, "spark.executor.memory": 4.382155957723992, "spark.executor.memoryOverhead": 852.694136621858, "spark.memory.fraction": 0.7900314974763403, "spark.memory.storageFraction": 0.655486995267102, "spark.reducer.maxBlocksInFlightPerAddress": 1298173337.4355657, "spark.reducer.maxSizeInFlight": 35.51669878957956, "spark.shuffle.file.buffer": 45.91012166299962}, "datetime": {"datetime": "2022-01-06 18:56:52", "elapsed": 1.250888, "delta": 0.080785}}
{"target": -2797.5299100000016, "params": {"spark.default.parallelism": 259.1964471636476, "spark.executor.cores": 2.3786683119323504, "spark.executor.instances": 7.905496557129279, "spark.executor.memory": 3.459927551504162, "spark.executor.memoryOverhead": 762.7309640126616, "spark.memory.fraction": 0.8629743433889419, "spark.memory.storageFraction": 0.7398730983803806, "spark.reducer.maxBlocksInFlightPerAddress": 1602881078.8524804, "spark.reducer.maxSizeInFlight": 48.50857984447276, "spark.shuffle.file.buffer": 36.44404290534113}, "datetime": {"datetime": "2022-01-06 18:56:52", "elapsed": 1.339672, "delta": 0.088784}}
{"target": -2799.314560000001, "params": {"spark.default.parallelism": 267.9929514858105, "spark.executor.cores": 1.6090761017722033, "spark.executor.instances": 7.764982438265415, "spark.executor.memory": 3.2600574291898385, "spark.executor.memoryOverhead": 607.0629483175425, "spark.memory.fraction": 0.7945511742801019, "spark.memory.storageFraction": 0.877206536390879, "spark.reducer.maxBlocksInFlightPerAddress": 1265260865.1181784, "spark.reducer.maxSizeInFlight": 61.26366425644024, "spark.shuffle.file.buffer": 25.40436659846463}, "datetime": {"datetime": "2022-01-06 18:56:52", "elapsed": 1.414176, "delta": 0.074504}}
{"target": -2795.552290000001, "params": {"spark.default.parallelism": 478.7748577275751, "spark.executor.cores": 1.5497604468036035, "spark.executor.instances": 6.768769820921079, "spark.executor.memory": 6.144100708776398, "spark.executor.memoryOverhead": 607.1741457146561, "spark.memory.fraction": 0.6076664256721526, "spark.memory.storageFraction": 0.5405726759964531, "spark.reducer.maxBlocksInFlightPerAddress": 1808716213.2604003, "spark.reducer.maxSizeInFlight": 57.796341987855584, "spark.shuffle.file.buffer": 43.24534556694476}, "datetime": {"datetime": "2022-01-06 18:56:52", "elapsed": 1.499923, "delta": 0.085747}}
{"target": -2799.9844200000002, "params": {"spark.default.parallelism": 337.4769664449806, "spark.executor.cores": 2.0633000673571757, "spark.executor.instances": 7.253700468398034, "spark.executor.memory": 3.269247979687662, "spark.executor.memoryOverhead": 815.3890783519016, "spark.memory.fraction": 0.8459607583608824, "spark.memory.storageFraction": 0.872110304662786, "spark.reducer.maxBlocksInFlightPerAddress": 1153920960.124627, "spark.reducer.maxSizeInFlight": 41.44613334235397, "spark.shuffle.file.buffer": 29.51072798623492}, "datetime": {"datetime": "2022-01-06 18:56:52", "elapsed": 1.59128, "delta": 0.091357}}
