{"target": -2796.330230000001, "params": {"spark.default.parallelism": 354.5343640390908, "spark.executor.cores": 2.7979543668219065, "spark.executor.instances": 5.588731343557668, "spark.executor.memory": 4.329024849385059, "spark.executor.memoryOverhead": 617.3080504255868, "spark.memory.fraction": 0.8489537453262455, "spark.memory.storageFraction": 0.6654564240597145, "spark.reducer.maxBlocksInFlightPerAddress": 1556667716.9955568, "spark.reducer.maxSizeInFlight": 42.763800341976335, "spark.shuffle.file.buffer": 41.85970490235746}, "datetime": {"datetime": "2022-01-06 19:17:31", "elapsed": 5.254609, "delta": 0.109706}}
{"target": -2810.8933500000007, "params": {"spark.default.parallelism": 322.0274690567453, "spark.executor.cores": 2.9470871730852375, "spark.executor.instances": 7.991212839426758, "spark.executor.memory": 6.603247007193293, "spark.executor.memoryOverhead": 750.4424089676605, "spark.memory.fraction": 0.843089960447329, "spark.memory.storageFraction": 0.6357805487982662, "spark.reducer.maxBlocksInFlightPerAddress": 2039933163.3931723, "spark.reducer.maxSizeInFlight": 53.852935313078106, "spark.shuffle.file.buffer": 19.032478507171}, "datetime": {"datetime": "2022-01-06 19:17:31", "elapsed": 5.358332, "delta": 0.103723}}
{"target": -2796.947330000002, "params": {"spark.default.parallelism": 217.95477186659178, "spark.executor.cores": 1.8317115212411903, "spark.executor.instances": 6.323096633516238, "spark.executor.memory": 6.258761331476979, "spark.executor.memoryOverhead": 485.1115298886947, "spark.memory.fraction": 0.7731835780818164, "spark.memory.storageFraction": 0.5541942099555655, "spark.reducer.maxBlocksInFlightPerAddress": 1596383508.6765504, "spark.reducer.maxSizeInFlight": 36.5215936331256, "spark.shuffle.file.buffer": 25.737650539840306}, "datetime": {"datetime": "2022-01-06 19:17:31", "elapsed": 5.495964, "delta": 0.137632}}
{"target": -2812.764570000001, "params": {"spark.default.parallelism": 392.7954077691935, "spark.executor.cores": 1.0295212997944638, "spark.executor.instances": 7.34228919794308, "spark.executor.memory": 6.157569454118771, "spark.executor.memoryOverhead": 821.844087115419, "spark.memory.fraction": 0.7225695258079433, "spark.memory.storageFraction": 0.7593910426275385, "spark.reducer.maxBlocksInFlightPerAddress": 2069869552.0445514, "spark.reducer.maxSizeInFlight": 59.64199214167872, "spark.shuffle.file.buffer": 26.953381169763883}, "datetime": {"datetime": "2022-01-06 19:17:31", "elapsed": 5.605671, "delta": 0.109707}}
{"target": -2796.970180000001, "params": {"spark.default.parallelism": 495.4171285152041, "spark.executor.cores": 1.4907411789897766, "spark.executor.instances": 6.653374189710053, "spark.executor.memory": 3.824847960187803, "spark.executor.memoryOverhead": 655.3377136709358, "spark.memory.fraction": 0.5671521336211319, "spark.memory.storageFraction": 0.6640374353856967, "spark.reducer.maxBlocksInFlightPerAddress": 1463605853.4638577, "spark.reducer.maxSizeInFlight": 52.57639455015196, "spark.shuffle.file.buffer": 36.595002558841045}, "datetime": {"datetime": "2022-01-06 19:17:31", "elapsed": 5.726347, "delta": 0.120676}}
{"target": -2804.508810000002, "params": {"spark.default.parallelism": 465.5783993990668, "spark.executor.cores": 1.6588688714597994, "spark.executor.instances": 6.717676913188203, "spark.executor.memory": 3.0415263869182834, "spark.executor.memoryOverhead": 597.8898483714014, "spark.memory.fraction": 0.5230828885300839, "spark.memory.storageFraction": 0.7043302266581761, "spark.reducer.maxBlocksInFlightPerAddress": 1936079967.9553044, "spark.reducer.maxSizeInFlight": 64.51204855908169, "spark.shuffle.file.buffer": 44.70268559598256}, "datetime": {"datetime": "2022-01-06 19:17:31", "elapsed": 5.839047, "delta": 0.1127}}
{"target": -2797.1526300000014, "params": {"spark.default.parallelism": 405.11408380367686, "spark.executor.cores": 1.4504678772041235, "spark.executor.instances": 4.299065935335017, "spark.executor.memory": 4.879391833921911, "spark.executor.memoryOverhead": 853.9420334106987, "spark.memory.fraction": 0.6503455793637382, "spark.memory.storageFraction": 0.6003351759776028, "spark.reducer.maxBlocksInFlightPerAddress": 1571758860.0765128, "spark.reducer.maxSizeInFlight": 57.27293832631507, "spark.shuffle.file.buffer": 44.01114330293487}, "datetime": {"datetime": "2022-01-06 19:17:31", "elapsed": 5.951746, "delta": 0.112699}}
{"target": -2798.36278, "params": {"spark.default.parallelism": 219.32984775182257, "spark.executor.cores": 1.0996380933783934, "spark.executor.instances": 4.5387777876345465, "spark.executor.memory": 3.607351378103743, "spark.executor.memoryOverhead": 558.113317170222, "spark.memory.fraction": 0.6581736074348622, "spark.memory.storageFraction": 0.7968911571907069, "spark.reducer.maxBlocksInFlightPerAddress": 1157738607.0580997, "spark.reducer.maxSizeInFlight": 67.48032976852721, "spark.shuffle.file.buffer": 41.2477272410122}, "datetime": {"datetime": "2022-01-06 19:17:31", "elapsed": 6.058459, "delta": 0.106713}}
{"target": -2810.6783000000014, "params": {"spark.default.parallelism": 422.71754570274766, "spark.executor.cores": 2.1997742412008607, "spark.executor.instances": 7.445781438739136, "spark.executor.memory": 3.0730369525566585, "spark.executor.memoryOverhead": 779.9518569013846, "spark.memory.fraction": 0.5514138630121824, "spark.memory.storageFraction": 0.6147101937526496, "spark.reducer.maxBlocksInFlightPerAddress": 2095265716.7508826, "spark.reducer.maxSizeInFlight": 32.54826267023497, "spark.shuffle.file.buffer": 26.894352077651057}, "datetime": {"datetime": "2022-01-06 19:17:32", "elapsed": 6.187116, "delta": 0.128657}}
{"target": -2795.9901500000014, "params": {"spark.default.parallelism": 424.24348196573476, "spark.executor.cores": 1.5597361794511855, "spark.executor.instances": 6.7393133226447315, "spark.executor.memory": 3.9615567002686998, "spark.executor.memoryOverhead": 624.2220606074618, "spark.memory.fraction": 0.8804609307702389, "spark.memory.storageFraction": 0.5125537097902136, "spark.reducer.maxBlocksInFlightPerAddress": 1875774786.71811, "spark.reducer.maxSizeInFlight": 48.21351965718215, "spark.shuffle.file.buffer": 31.34507270735779}, "datetime": {"datetime": "2022-01-06 19:17:32", "elapsed": 6.297819, "delta": 0.110703}}
{"target": -2801.689660000001, "params": {"spark.default.parallelism": 377.09777315872, "spark.executor.cores": 2.2473834830511867, "spark.executor.instances": 5.147171357705558, "spark.executor.memory": 4.0540199803773564, "spark.executor.memoryOverhead": 449.6322622302265, "spark.memory.fraction": 0.8918781305149005, "spark.memory.storageFraction": 0.8800627995930015, "spark.reducer.maxBlocksInFlightPerAddress": 1276603972.857214, "spark.reducer.maxSizeInFlight": 69.11448281340574, "spark.shuffle.file.buffer": 31.312700085349128}, "datetime": {"datetime": "2022-01-06 19:17:32", "elapsed": 6.422485, "delta": 0.124666}}
"{'maxIndex': 33, 'target': -2793.2196100000006, 'params': {'spark.default.parallelism': 236.09576172880827, 'spark.executor.cores': 2.331947870755529, 'spark.executor.instances': 5.78655651577885, 'spark.executor.memory': 4.124187264299631, 'spark.executor.memoryOverhead': 384.7633157244881, 'spark.memory.fraction': 0.7776508697863813, 'spark.memory.storageFraction': 0.5155972233384881, 'spark.reducer.maxBlocksInFlightPerAddress': 1196805476.3922563, 'spark.reducer.maxSizeInFlight': 26.61458643576564, 'spark.shuffle.file.buffer': 43.584902679939866}}"