{"target": -2798.610790000002, "params": {"spark.default.parallelism": 323.8776819888231, "spark.executor.cores": 2.8141399802649465, "spark.executor.instances": 7.434831236552146, "spark.executor.memory": 5.976775377871228, "spark.executor.memoryOverhead": 797.5126062574345, "spark.memory.fraction": 0.6942208411177626, "spark.memory.storageFraction": 0.7361234362058713, "spark.reducer.maxBlocksInFlightPerAddress": 1602836641.8158786, "spark.reducer.maxSizeInFlight": 28.68269481082735, "spark.shuffle.file.buffer": 25.03921404549533}, "datetime": {"datetime": "2022-01-06 18:56:56", "elapsed": 5.227835, "delta": 0.122242}}
{"target": -2798.0755600000016, "params": {"spark.default.parallelism": 277.09202146386565, "spark.executor.cores": 1.1787807547992337, "spark.executor.instances": 7.049514207995967, "spark.executor.memory": 5.387066554893574, "spark.executor.memoryOverhead": 799.8788236646044, "spark.memory.fraction": 0.6122537191883851, "spark.memory.storageFraction": 0.8130576735149881, "spark.reducer.maxBlocksInFlightPerAddress": 1602816415.233018, "spark.reducer.maxSizeInFlight": 51.02514840042783, "spark.shuffle.file.buffer": 31.958525693076716}, "datetime": {"datetime": "2022-01-06 18:56:56", "elapsed": 5.355233, "delta": 0.127398}}
{"target": -2810.8933500000007, "params": {"spark.default.parallelism": 322.0274690567453, "spark.executor.cores": 2.9470871730852375, "spark.executor.instances": 7.991212839426758, "spark.executor.memory": 6.603247007193293, "spark.executor.memoryOverhead": 750.4424089676605, "spark.memory.fraction": 0.843089960447329, "spark.memory.storageFraction": 0.6357805487982662, "spark.reducer.maxBlocksInFlightPerAddress": 2039933163.3931723, "spark.reducer.maxSizeInFlight": 53.852935313078106, "spark.shuffle.file.buffer": 19.032478507171}, "datetime": {"datetime": "2022-01-06 18:56:56", "elapsed": 5.484858, "delta": 0.129625}}
{"target": -2800.485590000001, "params": {"spark.default.parallelism": 301.5502695625537, "spark.executor.cores": 1.9320107031576796, "spark.executor.instances": 5.804368850436251, "spark.executor.memory": 5.800903482939317, "spark.executor.memoryOverhead": 723.7732865679493, "spark.memory.fraction": 0.7066366872039778, "spark.memory.storageFraction": 0.7477233446282296, "spark.reducer.maxBlocksInFlightPerAddress": 1808727801.6944752, "spark.reducer.maxSizeInFlight": 37.24466222836773, "spark.shuffle.file.buffer": 30.846034642399665}, "datetime": {"datetime": "2022-01-06 18:56:56", "elapsed": 5.620132, "delta": 0.135274}}
{"target": -2800.270170000001, "params": {"spark.default.parallelism": 440.9837901840394, "spark.executor.cores": 2.939137357754007, "spark.executor.instances": 7.217458586056246, "spark.executor.memory": 4.77936907863378, "spark.executor.memoryOverhead": 660.157137792851, "spark.memory.fraction": 0.5102882581416899, "spark.memory.storageFraction": 0.687462039690327, "spark.reducer.maxBlocksInFlightPerAddress": 1358209953.4577646, "spark.reducer.maxSizeInFlight": 58.050051197554076, "spark.shuffle.file.buffer": 17.35038778948433}, "datetime": {"datetime": "2022-01-06 18:56:56", "elapsed": 5.755769, "delta": 0.135637}}
{"target": -2800.047220000001, "params": {"spark.default.parallelism": 355.67170054556266, "spark.executor.cores": 1.9064267008329947, "spark.executor.instances": 5.343251342457051, "spark.executor.memory": 3.0435719341725176, "spark.executor.memoryOverhead": 632.6328276271576, "spark.memory.fraction": 0.7744852629687111, "spark.memory.storageFraction": 0.517159704576288, "spark.reducer.maxBlocksInFlightPerAddress": 1084769984.1283183, "spark.reducer.maxSizeInFlight": 40.60253781999443, "spark.shuffle.file.buffer": 20.345689876799213}, "datetime": {"datetime": "2022-01-06 18:56:56", "elapsed": 5.883075, "delta": 0.127306}}
{"target": -2798.9455500000017, "params": {"spark.default.parallelism": 379.3178203527275, "spark.executor.cores": 1.5747132174088208, "spark.executor.instances": 6.257793441112783, "spark.executor.memory": 6.885585653970939, "spark.executor.memoryOverhead": 695.5209757193335, "spark.memory.fraction": 0.6444961133275864, "spark.memory.storageFraction": 0.7746010575081296, "spark.reducer.maxBlocksInFlightPerAddress": 1298186274.528139, "spark.reducer.maxSizeInFlight": 40.74317535261422, "spark.shuffle.file.buffer": 21.806788342853036}, "datetime": {"datetime": "2022-01-06 18:56:57", "elapsed": 5.994776, "delta": 0.111701}}
{"target": -2797.70449, "params": {"spark.default.parallelism": 448.076192313325, "spark.executor.cores": 2.1155358077911837, "spark.executor.instances": 4.4233614535234835, "spark.executor.memory": 3.576730935843022, "spark.executor.memoryOverhead": 729.0701360212362, "spark.memory.fraction": 0.7335838655868492, "spark.memory.storageFraction": 0.6725762016120834, "spark.reducer.maxBlocksInFlightPerAddress": 1153861683.0024862, "spark.reducer.maxSizeInFlight": 60.0664255503171, "spark.shuffle.file.buffer": 42.817525507445495}, "datetime": {"datetime": "2022-01-06 18:56:57", "elapsed": 6.120098, "delta": 0.125322}}
{"target": -2798.36278, "params": {"spark.default.parallelism": 219.32984775182257, "spark.executor.cores": 1.0996380933783934, "spark.executor.instances": 4.5387777876345465, "spark.executor.memory": 3.607351378103743, "spark.executor.memoryOverhead": 558.113317170222, "spark.memory.fraction": 0.6581736074348622, "spark.memory.storageFraction": 0.7968911571907069, "spark.reducer.maxBlocksInFlightPerAddress": 1157738607.0580997, "spark.reducer.maxSizeInFlight": 67.48032976852721, "spark.shuffle.file.buffer": 41.2477272410122}, "datetime": {"datetime": "2022-01-06 18:56:57", "elapsed": 6.237783, "delta": 0.117685}}
{"target": -2797.4894000000013, "params": {"spark.default.parallelism": 278.76258407213436, "spark.executor.cores": 2.0849339438322874, "spark.executor.instances": 7.50190553082283, "spark.executor.memory": 4.903523894332913, "spark.executor.memoryOverhead": 713.573649396787, "spark.memory.fraction": 0.511470408411618, "spark.memory.storageFraction": 0.6089086045328147, "spark.reducer.maxBlocksInFlightPerAddress": 1391655801.558934, "spark.reducer.maxSizeInFlight": 45.25092398395878, "spark.shuffle.file.buffer": 45.71169020359714}, "datetime": {"datetime": "2022-01-06 18:56:57", "elapsed": 6.386001, "delta": 0.148218}}
{"target": -2802.637700000001, "params": {"spark.default.parallelism": 411.4900234172526, "spark.executor.cores": 2.0484594569654195, "spark.executor.instances": 6.6057700448282795, "spark.executor.memory": 5.122265513221535, "spark.executor.memoryOverhead": 453.5298479227942, "spark.memory.fraction": 0.5363898757379033, "spark.memory.storageFraction": 0.68329191761886, "spark.reducer.maxBlocksInFlightPerAddress": 1358192385.9252737, "spark.reducer.maxSizeInFlight": 50.1298764354099, "spark.shuffle.file.buffer": 18.38040175295429}, "datetime": {"datetime": "2022-01-06 18:56:57", "elapsed": 6.512666, "delta": 0.126665}}
{"target": -2801.689660000001, "params": {"spark.default.parallelism": 377.09777315872, "spark.executor.cores": 2.2473834830511867, "spark.executor.instances": 5.147171357705558, "spark.executor.memory": 4.0540199803773564, "spark.executor.memoryOverhead": 449.6322622302265, "spark.memory.fraction": 0.8918781305149005, "spark.memory.storageFraction": 0.8800627995930015, "spark.reducer.maxBlocksInFlightPerAddress": 1276603972.857214, "spark.reducer.maxSizeInFlight": 69.11448281340574, "spark.shuffle.file.buffer": 31.312700085349128}, "datetime": {"datetime": "2022-01-06 18:56:57", "elapsed": 6.637916, "delta": 0.12525}}
