{"target": -2796.1052900000013, "params": {"spark.default.parallelism": 213.86029833034144, "spark.executor.cores": 2.319578157385472, "spark.executor.instances": 7.280035033397785, "spark.executor.memory": 5.328857938753822, "spark.executor.memoryOverhead": 740.5185399292209, "spark.memory.fraction": 0.8874447704925226, "spark.memory.storageFraction": 0.5359940782173956, "spark.reducer.maxBlocksInFlightPerAddress": 1918499447.3820412, "spark.reducer.maxSizeInFlight": 35.84117371217542, "spark.shuffle.file.buffer": 27.27668282479911}, "datetime": {"datetime": "2022-01-06 18:55:56", "elapsed": 1.604708, "delta": 0.083973}}
{"target": -2799.300190000001, "params": {"spark.default.parallelism": 481.6568559164157, "spark.executor.cores": 1.7707633048307698, "spark.executor.instances": 5.633202929505151, "spark.executor.memory": 3.1105778662590393, "spark.executor.memoryOverhead": 393.85677112161244, "spark.memory.fraction": 0.6321099036587214, "spark.memory.storageFraction": 0.8889783806299985, "spark.reducer.maxBlocksInFlightPerAddress": 1355870454.144339, "spark.reducer.maxSizeInFlight": 40.13325260049416, "spark.shuffle.file.buffer": 43.15303498142859}, "datetime": {"datetime": "2022-01-06 18:55:56", "elapsed": 1.684665, "delta": 0.079957}}
{"target": -2793.951930000001, "params": {"spark.default.parallelism": 373.8994696396165, "spark.executor.cores": 2.5808126733972196, "spark.executor.instances": 4.618224299000742, "spark.executor.memory": 6.558686689135209, "spark.executor.memoryOverhead": 524.9761211593178, "spark.memory.fraction": 0.5962821286252266, "spark.memory.storageFraction": 0.5086054037433495, "spark.reducer.maxBlocksInFlightPerAddress": 1396508692.7698443, "spark.reducer.maxSizeInFlight": 42.603824742986525, "spark.shuffle.file.buffer": 46.819000791322594}, "datetime": {"datetime": "2022-01-06 18:55:56", "elapsed": 1.77967, "delta": 0.095005}}
{"target": -2802.7247900000016, "params": {"spark.default.parallelism": 281.2286154667962, "spark.executor.cores": 2.6636459219455926, "spark.executor.instances": 4.165862038733264, "spark.executor.memory": 4.815029096128925, "spark.executor.memoryOverhead": 757.5072041224703, "spark.memory.fraction": 0.7607459890059556, "spark.memory.storageFraction": 0.7597687974533374, "spark.reducer.maxBlocksInFlightPerAddress": 1861359003.090942, "spark.reducer.maxSizeInFlight": 49.19551692917284, "spark.shuffle.file.buffer": 20.880164632046643}, "datetime": {"datetime": "2022-01-06 18:55:56", "elapsed": 1.860662, "delta": 0.080992}}
{"target": -2797.088410000001, "params": {"spark.default.parallelism": 449.25931266273335, "spark.executor.cores": 2.5964811712191587, "spark.executor.instances": 4.348104765641575, "spark.executor.memory": 3.143879776964796, "spark.executor.memoryOverhead": 838.5097236111176, "spark.memory.fraction": 0.8083390356577318, "spark.memory.storageFraction": 0.7780094397580499, "spark.reducer.maxBlocksInFlightPerAddress": 1648402973.4799378, "spark.reducer.maxSizeInFlight": 28.575637227115827, "spark.shuffle.file.buffer": 37.218786226826296}, "datetime": {"datetime": "2022-01-06 18:55:56", "elapsed": 1.948655, "delta": 0.087993}}
{"target": -2809.1260100000013, "params": {"spark.default.parallelism": 201.71361835989288, "spark.executor.cores": 2.313256804716371, "spark.executor.instances": 7.022991620668855, "spark.executor.memory": 5.777729274065159, "spark.executor.memoryOverhead": 660.1320236457457, "spark.memory.fraction": 0.7769212666577975, "spark.memory.storageFraction": 0.5860713784818473, "spark.reducer.maxBlocksInFlightPerAddress": 2087191102.8654299, "spark.reducer.maxSizeInFlight": 47.59071414981109, "spark.shuffle.file.buffer": 31.035871132692385}, "datetime": {"datetime": "2022-01-06 18:55:56", "elapsed": 2.025699, "delta": 0.077044}}
{"target": -2803.1833300000017, "params": {"spark.default.parallelism": 391.67539650971435, "spark.executor.cores": 1.7229702785452408, "spark.executor.instances": 5.200575010433765, "spark.executor.memory": 6.519709300672959, "spark.executor.memoryOverhead": 399.1725459496612, "spark.memory.fraction": 0.8502058766598098, "spark.memory.storageFraction": 0.7493553964200514, "spark.reducer.maxBlocksInFlightPerAddress": 1398556476.4007888, "spark.reducer.maxSizeInFlight": 36.82663471080859, "spark.shuffle.file.buffer": 19.192073968561278}, "datetime": {"datetime": "2022-01-06 18:55:56", "elapsed": 2.11372, "delta": 0.088021}}
{"target": -2801.5797400000015, "params": {"spark.default.parallelism": 446.7904621735389, "spark.executor.cores": 2.0982461995897657, "spark.executor.instances": 4.3702504557490975, "spark.executor.memory": 6.888610263634246, "spark.executor.memoryOverhead": 403.7024676051797, "spark.memory.fraction": 0.765575124474736, "spark.memory.storageFraction": 0.8245385471434199, "spark.reducer.maxBlocksInFlightPerAddress": 1918529392.701959, "spark.reducer.maxSizeInFlight": 34.215583250326574, "spark.shuffle.file.buffer": 29.493632763935}, "datetime": {"datetime": "2022-01-06 18:55:57", "elapsed": 2.20769, "delta": 0.09397}}
{"target": -2797.1715400000016, "params": {"spark.default.parallelism": 233.8046509001092, "spark.executor.cores": 1.1520830730330087, "spark.executor.instances": 6.58521858430384, "spark.executor.memory": 5.971666097732564, "spark.executor.memoryOverhead": 523.0314655135401, "spark.memory.fraction": 0.7686551023938683, "spark.memory.storageFraction": 0.6002027662326079, "spark.reducer.maxBlocksInFlightPerAddress": 1504958730.0903559, "spark.reducer.maxSizeInFlight": 37.846672819418266, "spark.shuffle.file.buffer": 32.6889369462814}, "datetime": {"datetime": "2022-01-06 18:55:57", "elapsed": 2.298701, "delta": 0.091011}}
{"target": -2812.9268800000013, "params": {"spark.default.parallelism": 226.86249983118307, "spark.executor.cores": 2.062575382964363, "spark.executor.instances": 6.261043614564869, "spark.executor.memory": 5.948737722909595, "spark.executor.memoryOverhead": 657.6824509227789, "spark.memory.fraction": 0.674871679260466, "spark.memory.storageFraction": 0.7823689167341987, "spark.reducer.maxBlocksInFlightPerAddress": 2093266295.0796576, "spark.reducer.maxSizeInFlight": 57.70144082047158, "spark.shuffle.file.buffer": 24.889142462253563}, "datetime": {"datetime": "2022-01-06 18:55:57", "elapsed": 2.391833, "delta": 0.093132}}
{"target": -2798.5637400000014, "params": {"spark.default.parallelism": 338.32798068241425, "spark.executor.cores": 2.4042845267277575, "spark.executor.instances": 6.006531497819367, "spark.executor.memory": 3.3349140359201135, "spark.executor.memoryOverhead": 389.7241016393871, "spark.memory.fraction": 0.8312262440263225, "spark.memory.storageFraction": 0.8870193764342433, "spark.reducer.maxBlocksInFlightPerAddress": 1312645645.9025915, "spark.reducer.maxSizeInFlight": 59.08406729229063, "spark.shuffle.file.buffer": 40.666451000270406}, "datetime": {"datetime": "2022-01-06 18:55:57", "elapsed": 2.509171, "delta": 0.117338}}
{"target": -2797.269110000002, "params": {"spark.default.parallelism": 290.67963975959685, "spark.executor.cores": 2.4829826140502678, "spark.executor.instances": 5.06504235110455, "spark.executor.memory": 4.922609050174996, "spark.executor.memoryOverhead": 531.5646672046186, "spark.memory.fraction": 0.6770873753447837, "spark.memory.storageFraction": 0.7144691952435158, "spark.reducer.maxBlocksInFlightPerAddress": 1680484853.846784, "spark.reducer.maxSizeInFlight": 30.392533459555914, "spark.shuffle.file.buffer": 44.80045369569976}, "datetime": {"datetime": "2022-01-06 18:55:57", "elapsed": 2.603917, "delta": 0.094746}}
{"target": -2800.5654300000006, "params": {"spark.default.parallelism": 351.24192503793245, "spark.executor.cores": 1.1401356817862915, "spark.executor.instances": 6.438525224456816, "spark.executor.memory": 6.167404564113376, "spark.executor.memoryOverhead": 628.2074047006522, "spark.memory.fraction": 0.893828837955972, "spark.memory.storageFraction": 0.6467290314341245, "spark.reducer.maxBlocksInFlightPerAddress": 1121696089.1288996, "spark.reducer.maxSizeInFlight": 33.523228253850874, "spark.shuffle.file.buffer": 29.769791437801235}, "datetime": {"datetime": "2022-01-06 18:55:57", "elapsed": 2.696669, "delta": 0.092752}}
{"target": -2802.980400000001, "params": {"spark.default.parallelism": 462.2113304272272, "spark.executor.cores": 2.5266518738298807, "spark.executor.instances": 7.502447762767691, "spark.executor.memory": 3.988490203661349, "spark.executor.memoryOverhead": 634.0558740713271, "spark.memory.fraction": 0.8597867544701028, "spark.memory.storageFraction": 0.6064806950077182, "spark.reducer.maxBlocksInFlightPerAddress": 1087428666.0180225, "spark.reducer.maxSizeInFlight": 55.137207805053706, "spark.shuffle.file.buffer": 19.36483896816299}, "datetime": {"datetime": "2022-01-06 18:55:57", "elapsed": 2.794407, "delta": 0.097738}}
{"target": -2799.556590000002, "params": {"spark.default.parallelism": 478.4132771261992, "spark.executor.cores": 2.437736769609094, "spark.executor.instances": 6.013023575732749, "spark.executor.memory": 4.165678692846868, "spark.executor.memoryOverhead": 604.8186741232486, "spark.memory.fraction": 0.6096962835593396, "spark.memory.storageFraction": 0.719599515053282, "spark.reducer.maxBlocksInFlightPerAddress": 1752357871.2610142, "spark.reducer.maxSizeInFlight": 62.06642761647661, "spark.shuffle.file.buffer": 32.548390618248774}, "datetime": {"datetime": "2022-01-06 18:55:57", "elapsed": 2.886163, "delta": 0.091756}}
{"target": -2797.379220000001, "params": {"spark.default.parallelism": 431.0365834165143, "spark.executor.cores": 2.083832769077392, "spark.executor.instances": 6.156238522344893, "spark.executor.memory": 6.664649085927459, "spark.executor.memoryOverhead": 701.562621425828, "spark.memory.fraction": 0.6207183276708197, "spark.memory.storageFraction": 0.7041117125808785, "spark.reducer.maxBlocksInFlightPerAddress": 1211826629.542481, "spark.reducer.maxSizeInFlight": 45.954174749108844, "spark.shuffle.file.buffer": 34.09606006619184}, "datetime": {"datetime": "2022-01-06 18:55:57", "elapsed": 2.982904, "delta": 0.096741}}
{"target": -2801.266230000002, "params": {"spark.default.parallelism": 290.74774712720506, "spark.executor.cores": 1.0312291549828234, "spark.executor.instances": 5.250660445542586, "spark.executor.memory": 4.592988321520455, "spark.executor.memoryOverhead": 775.5363067868645, "spark.memory.fraction": 0.5020405748337491, "spark.memory.storageFraction": 0.5700480148391234, "spark.reducer.maxBlocksInFlightPerAddress": 1722364149.0066407, "spark.reducer.maxSizeInFlight": 48.952574820571854, "spark.shuffle.file.buffer": 17.820545536029904}, "datetime": {"datetime": "2022-01-06 18:55:57", "elapsed": 3.082146, "delta": 0.099242}}
{"target": -2797.5510300000005, "params": {"spark.default.parallelism": 319.9110305094707, "spark.executor.cores": 1.9511711450435671, "spark.executor.instances": 4.810546596512443, "spark.executor.memory": 5.493233548499724, "spark.executor.memoryOverhead": 753.7454674344237, "spark.memory.fraction": 0.7658371925415186, "spark.memory.storageFraction": 0.8621353645705307, "spark.reducer.maxBlocksInFlightPerAddress": 1196785930.0431845, "spark.reducer.maxSizeInFlight": 33.01249792543393, "spark.shuffle.file.buffer": 44.979876543996646}, "datetime": {"datetime": "2022-01-06 18:55:58", "elapsed": 3.207755, "delta": 0.125609}}
{"target": -2800.7909800000007, "params": {"spark.default.parallelism": 243.43167740313766, "spark.executor.cores": 2.6276187591786333, "spark.executor.instances": 4.335422471797401, "spark.executor.memory": 6.273622525583709, "spark.executor.memoryOverhead": 791.2600434668984, "spark.memory.fraction": 0.6736898411278163, "spark.memory.storageFraction": 0.7676449526092668, "spark.reducer.maxBlocksInFlightPerAddress": 1196816569.8112326, "spark.reducer.maxSizeInFlight": 49.286196868742046, "spark.shuffle.file.buffer": 18.464006636057604}, "datetime": {"datetime": "2022-01-06 18:55:58", "elapsed": 3.311987, "delta": 0.104232}}
{"target": -2806.7180700000013, "params": {"spark.default.parallelism": 219.50436023390165, "spark.executor.cores": 2.359331909734939, "spark.executor.instances": 7.37112044343487, "spark.executor.memory": 3.7716409615893203, "spark.executor.memoryOverhead": 426.9505794224455, "spark.memory.fraction": 0.8469830011738424, "spark.memory.storageFraction": 0.5050415917120266, "spark.reducer.maxBlocksInFlightPerAddress": 2035601739.0805206, "spark.reducer.maxSizeInFlight": 39.93867374398016, "spark.shuffle.file.buffer": 34.30017628674835}, "datetime": {"datetime": "2022-01-06 18:55:58", "elapsed": 3.414712, "delta": 0.102725}}
{"target": -2797.196320000001, "params": {"spark.default.parallelism": 298.55125456820195, "spark.executor.cores": 2.859231785217738, "spark.executor.instances": 4.154005640779744, "spark.executor.memory": 3.5312165145356356, "spark.executor.memoryOverhead": 770.1229029346412, "spark.memory.fraction": 0.8912663895364005, "spark.memory.storageFraction": 0.8015495090097526, "spark.reducer.maxBlocksInFlightPerAddress": 1578063168.038886, "spark.reducer.maxSizeInFlight": 25.47375181459347, "spark.shuffle.file.buffer": 36.890437797307925}, "datetime": {"datetime": "2022-01-06 18:55:58", "elapsed": 3.52741, "delta": 0.112698}}
{"target": -2797.6358600000017, "params": {"spark.default.parallelism": 346.20345702500936, "spark.executor.cores": 1.1736165677972081, "spark.executor.instances": 6.887141146876001, "spark.executor.memory": 5.297891811474049, "spark.executor.memoryOverhead": 731.3133304618764, "spark.memory.fraction": 0.6790541222584694, "spark.memory.storageFraction": 0.7280667124641601, "spark.reducer.maxBlocksInFlightPerAddress": 1918475904.906351, "spark.reducer.maxSizeInFlight": 62.500746429846835, "spark.shuffle.file.buffer": 40.30961293901815}, "datetime": {"datetime": "2022-01-06 18:55:58", "elapsed": 3.62814, "delta": 0.10073}}
{"target": -2801.5915500000015, "params": {"spark.default.parallelism": 477.5238496647018, "spark.executor.cores": 2.3088810168187637, "spark.executor.instances": 6.262848917734017, "spark.executor.memory": 6.661585266937074, "spark.executor.memoryOverhead": 460.8621590559231, "spark.memory.fraction": 0.7055150203156207, "spark.memory.storageFraction": 0.5639713213704121, "spark.reducer.maxBlocksInFlightPerAddress": 1842938964.9944487, "spark.reducer.maxSizeInFlight": 33.72407318265924, "spark.shuffle.file.buffer": 34.41733890824548}, "datetime": {"datetime": "2022-01-06 18:55:58", "elapsed": 3.730866, "delta": 0.102726}}
{"target": -2800.220600000001, "params": {"spark.default.parallelism": 339.3701711484059, "spark.executor.cores": 2.3606465764238704, "spark.executor.instances": 7.871331719010587, "spark.executor.memory": 3.128555709930484, "spark.executor.memoryOverhead": 614.629074501393, "spark.memory.fraction": 0.5005918755392836, "spark.memory.storageFraction": 0.8141024268237961, "spark.reducer.maxBlocksInFlightPerAddress": 1264410299.532724, "spark.reducer.maxSizeInFlight": 41.19307492875333, "spark.shuffle.file.buffer": 20.63781126163894}, "datetime": {"datetime": "2022-01-06 18:55:58", "elapsed": 3.825612, "delta": 0.094746}}
{"target": -2796.507600000001, "params": {"spark.default.parallelism": 447.9436351911623, "spark.executor.cores": 2.1317299483611993, "spark.executor.instances": 5.084817671058272, "spark.executor.memory": 5.840090152090367, "spark.executor.memoryOverhead": 494.82638900031975, "spark.memory.fraction": 0.7547804212865541, "spark.memory.storageFraction": 0.6497308785038831, "spark.reducer.maxBlocksInFlightPerAddress": 1396477921.3651009, "spark.reducer.maxSizeInFlight": 28.277241996484534, "spark.shuffle.file.buffer": 39.51505550092175}, "datetime": {"datetime": "2022-01-06 18:55:58", "elapsed": 3.933326, "delta": 0.107714}}
{"target": -2798.7791800000014, "params": {"spark.default.parallelism": 474.1554017289768, "spark.executor.cores": 1.1520362397347688, "spark.executor.instances": 6.975063732312444, "spark.executor.memory": 6.474957525566671, "spark.executor.memoryOverhead": 785.6608660947913, "spark.memory.fraction": 0.7529889374105894, "spark.memory.storageFraction": 0.8418860915126366, "spark.reducer.maxBlocksInFlightPerAddress": 1650350506.100451, "spark.reducer.maxSizeInFlight": 48.70846583420279, "spark.shuffle.file.buffer": 32.56970111755213}, "datetime": {"datetime": "2022-01-06 18:55:58", "elapsed": 4.03206, "delta": 0.098734}}
{"target": -2796.9032900000007, "params": {"spark.default.parallelism": 216.36356744345994, "spark.executor.cores": 2.6496069558385664, "spark.executor.instances": 6.556062957858859, "spark.executor.memory": 5.7130882307688395, "spark.executor.memoryOverhead": 765.057443589677, "spark.memory.fraction": 0.8628335271280723, "spark.memory.storageFraction": 0.7164738087813324, "spark.reducer.maxBlocksInFlightPerAddress": 1274626968.4514742, "spark.reducer.maxSizeInFlight": 26.11505676174471, "spark.shuffle.file.buffer": 38.35408973850629}, "datetime": {"datetime": "2022-01-06 18:55:59", "elapsed": 4.14077, "delta": 0.10871}}
{"target": -2799.142890000001, "params": {"spark.default.parallelism": 335.1888056620011, "spark.executor.cores": 1.667920909108749, "spark.executor.instances": 5.38281903365879, "spark.executor.memory": 3.6428351748468017, "spark.executor.memoryOverhead": 498.18366760461186, "spark.memory.fraction": 0.6456557218536628, "spark.memory.storageFraction": 0.6212219997303017, "spark.reducer.maxBlocksInFlightPerAddress": 1396459900.6634946, "spark.reducer.maxSizeInFlight": 46.54323610349, "spark.shuffle.file.buffer": 19.996434073446252}, "datetime": {"datetime": "2022-01-06 18:55:59", "elapsed": 4.244492, "delta": 0.103722}}
{"target": -2796.785930000002, "params": {"spark.default.parallelism": 478.14077113797686, "spark.executor.cores": 2.4761913060376726, "spark.executor.instances": 6.975373729865809, "spark.executor.memory": 4.429936706776074, "spark.executor.memoryOverhead": 604.200330189565, "spark.memory.fraction": 0.6569061099866044, "spark.memory.storageFraction": 0.7315844875482269, "spark.reducer.maxBlocksInFlightPerAddress": 1544951972.3487458, "spark.reducer.maxSizeInFlight": 58.45157818961282, "spark.shuffle.file.buffer": 42.35018943883887}, "datetime": {"datetime": "2022-01-06 18:55:59", "elapsed": 4.341233, "delta": 0.096741}}
{"target": -2799.091930000003, "params": {"spark.default.parallelism": 355.2986084706989, "spark.executor.cores": 2.9759629895762307, "spark.executor.instances": 7.782490477879594, "spark.executor.memory": 4.467984261153744, "spark.executor.memoryOverhead": 568.568317634273, "spark.memory.fraction": 0.6677460460500211, "spark.memory.storageFraction": 0.7271877456119482, "spark.reducer.maxBlocksInFlightPerAddress": 1697373622.3895178, "spark.reducer.maxSizeInFlight": 43.934390439115376, "spark.shuffle.file.buffer": 21.874780053815055}, "datetime": {"datetime": "2022-01-06 18:55:59", "elapsed": 4.438972, "delta": 0.097739}}
{"target": -2798.370230000001, "params": {"spark.default.parallelism": 312.4979137899216, "spark.executor.cores": 1.5265648579829803, "spark.executor.instances": 5.1132392540579685, "spark.executor.memory": 5.839683554560267, "spark.executor.memoryOverhead": 557.3399692205713, "spark.memory.fraction": 0.7592110251095576, "spark.memory.storageFraction": 0.7334084370068665, "spark.reducer.maxBlocksInFlightPerAddress": 1163203972.385867, "spark.reducer.maxSizeInFlight": 37.889241529364625, "spark.shuffle.file.buffer": 28.220665088125685}, "datetime": {"datetime": "2022-01-06 18:55:59", "elapsed": 4.572614, "delta": 0.133642}}
{"target": -2799.5843100000016, "params": {"spark.default.parallelism": 215.57896415302199, "spark.executor.cores": 1.197578465381552, "spark.executor.instances": 5.449419573073736, "spark.executor.memory": 3.2242065225631023, "spark.executor.memoryOverhead": 709.770135482528, "spark.memory.fraction": 0.8133048508685201, "spark.memory.storageFraction": 0.6071996872408589, "spark.reducer.maxBlocksInFlightPerAddress": 1370112266.3422914, "spark.reducer.maxSizeInFlight": 64.49134812955779, "spark.shuffle.file.buffer": 18.131607026257093}, "datetime": {"datetime": "2022-01-06 18:55:59", "elapsed": 4.679002, "delta": 0.106388}}
{"target": -2798.3671800000016, "params": {"spark.default.parallelism": 288.32096801286104, "spark.executor.cores": 2.714194412386848, "spark.executor.instances": 4.963799806254549, "spark.executor.memory": 3.646998836073311, "spark.executor.memoryOverhead": 554.3235336427636, "spark.memory.fraction": 0.6056846978076471, "spark.memory.storageFraction": 0.7540021698129115, "spark.reducer.maxBlocksInFlightPerAddress": 1648476245.6178465, "spark.reducer.maxSizeInFlight": 46.90868677186183, "spark.shuffle.file.buffer": 31.044888289289112}, "datetime": {"datetime": "2022-01-06 18:55:59", "elapsed": 4.787712, "delta": 0.10871}}
{"target": -2797.9572900000016, "params": {"spark.default.parallelism": 454.9149926692786, "spark.executor.cores": 2.474951195212502, "spark.executor.instances": 4.9775647972208565, "spark.executor.memory": 4.083217831850321, "spark.executor.memoryOverhead": 857.2369947741532, "spark.memory.fraction": 0.5094392873628943, "spark.memory.storageFraction": 0.5638943479317313, "spark.reducer.maxBlocksInFlightPerAddress": 1678489524.9136662, "spark.reducer.maxSizeInFlight": 48.63007744263088, "spark.shuffle.file.buffer": 27.374508272935152}, "datetime": {"datetime": "2022-01-06 18:55:59", "elapsed": 4.894439, "delta": 0.106727}}
