{"target": -2800.369220000001, "params": {"spark.default.parallelism": 272.6741775872534, "spark.executor.cores": 1.9037349832083121, "spark.executor.instances": 5.776737388284317, "spark.executor.memory": 3.0085139686640754, "spark.executor.memoryOverhead": 464.2940385928048, "spark.memory.fraction": 0.5418074203480057, "spark.memory.storageFraction": 0.8672597226010617, "spark.reducer.maxBlocksInFlightPerAddress": 1669882186.0603952, "spark.reducer.maxSizeInFlight": 39.07975537442137, "spark.shuffle.file.buffer": 44.449266790985725}, "datetime": {"datetime": "2022-01-07 15:50:20", "elapsed": 0.0, "delta": 0.0}}
{"target": -2798.4026200000017, "params": {"spark.default.parallelism": 417.56488821752, "spark.executor.cores": 1.6132961225559213, "spark.executor.instances": 7.2812641522618495, "spark.executor.memory": 4.700854832478559, "spark.executor.memoryOverhead": 772.3147471911532, "spark.memory.fraction": 0.8323832695589297, "spark.memory.storageFraction": 0.8328492073385451, "spark.reducer.maxBlocksInFlightPerAddress": 1597588262.3435328, "spark.reducer.maxSizeInFlight": 67.93521579169497, "spark.shuffle.file.buffer": 23.45148781867534}, "datetime": {"datetime": "2022-01-07 15:50:20", "elapsed": 0.024456, "delta": 0.024456}}
{"target": -2800.6195500000017, "params": {"spark.default.parallelism": 493.21666742531363, "spark.executor.cores": 2.249668534456484, "spark.executor.instances": 6.825578142739037, "spark.executor.memory": 5.088094589533965, "spark.executor.memoryOverhead": 641.7521166099161, "spark.memory.fraction": 0.6300867054446021, "spark.memory.storageFraction": 0.7837445650121185, "spark.reducer.maxBlocksInFlightPerAddress": 1482570000.5638256, "spark.reducer.maxSizeInFlight": 24.28329982777588, "spark.shuffle.file.buffer": 25.891982078694785}, "datetime": {"datetime": "2022-01-07 15:50:20", "elapsed": 0.049389, "delta": 0.024933}}
{"target": -2800.2798800000014, "params": {"spark.default.parallelism": 392.45533856743634, "spark.executor.cores": 2.431761367077173, "spark.executor.instances": 4.520257250504411, "spark.executor.memory": 4.070241257913425, "spark.executor.memoryOverhead": 411.44020605458127, "spark.memory.fraction": 0.7466159655879709, "spark.memory.storageFraction": 0.5882952490064887, "spark.reducer.maxBlocksInFlightPerAddress": 1922449321.1957235, "spark.reducer.maxSizeInFlight": 57.734074256304496, "spark.shuffle.file.buffer": 38.95177660408601}, "datetime": {"datetime": "2022-01-07 15:50:20", "elapsed": 0.074405, "delta": 0.025016}}
{"target": -2798.4223500000016, "params": {"spark.default.parallelism": 293.2914272942179, "spark.executor.cores": 2.1026233814581894, "spark.executor.instances": 4.0678103653674516, "spark.executor.memory": 4.401362809054163, "spark.executor.memoryOverhead": 691.4176264125725, "spark.memory.fraction": 0.7892230499372903, "spark.memory.storageFraction": 0.5091426159726462, "spark.reducer.maxBlocksInFlightPerAddress": 1777297278.1423512, "spark.reducer.maxSizeInFlight": 37.988873030533966, "spark.shuffle.file.buffer": 20.908416512474766}, "datetime": {"datetime": "2022-01-07 15:50:20", "elapsed": 0.098417, "delta": 0.024012}}
{"target": -2799.4961200000007, "params": {"spark.default.parallelism": 445.6694353312164, "spark.executor.cores": 2.7579645284891305, "spark.executor.instances": 6.441481258900454, "spark.executor.memory": 5.492143160569952, "spark.executor.memoryOverhead": 611.1377712523724, "spark.memory.fraction": 0.6629854578573721, "spark.memory.storageFraction": 0.7225296278346001, "spark.reducer.maxBlocksInFlightPerAddress": 1152874356.3752487, "spark.reducer.maxSizeInFlight": 32.774908124834354, "spark.shuffle.file.buffer": 45.6569018730195}, "datetime": {"datetime": "2022-01-07 15:50:20", "elapsed": 0.123417, "delta": 0.025}}
{"target": -2796.7173600000015, "params": {"spark.default.parallelism": 350.8014060192644, "spark.executor.cores": 1.471202322283184, "spark.executor.instances": 7.669057422052955, "spark.executor.memory": 5.894542904044086, "spark.executor.memoryOverhead": 512.657556613938, "spark.memory.fraction": 0.5113933112606552, "spark.memory.storageFraction": 0.5553810438835962, "spark.reducer.maxBlocksInFlightPerAddress": 1343257821.6186504, "spark.reducer.maxSizeInFlight": 49.45099253897791, "spark.shuffle.file.buffer": 28.888284502324947}, "datetime": {"datetime": "2022-01-07 15:50:20", "elapsed": 0.14732, "delta": 0.023903}}
{"target": -2808.008110000001, "params": {"spark.default.parallelism": 256.40976116318745, "spark.executor.cores": 2.8309285229680943, "spark.executor.instances": 5.280857187487582, "spark.executor.memory": 6.795177181303161, "spark.executor.memoryOverhead": 810.3881160509434, "spark.memory.fraction": 0.6026259167422344, "spark.memory.storageFraction": 0.6296537134621067, "spark.reducer.maxBlocksInFlightPerAddress": 2005046110.505326, "spark.reducer.maxSizeInFlight": 46.23192260786049, "spark.shuffle.file.buffer": 34.713241279534046}, "datetime": {"datetime": "2022-01-07 15:50:20", "elapsed": 0.172318, "delta": 0.024998}}
{"target": -2812.3405700000008, "params": {"spark.default.parallelism": 325.75164755236256, "spark.executor.cores": 1.3891435514074753, "spark.executor.instances": 4.996193442977969, "spark.executor.memory": 3.78707249184173, "spark.executor.memoryOverhead": 572.1668223662991, "spark.memory.fraction": 0.888754199153328, "spark.memory.storageFraction": 0.6830159816211416, "spark.reducer.maxBlocksInFlightPerAddress": 2084159139.939423, "spark.reducer.maxSizeInFlight": 63.27370731186304, "spark.shuffle.file.buffer": 17.07224542132653}, "datetime": {"datetime": "2022-01-07 15:50:20", "elapsed": 0.196349, "delta": 0.024031}}
{"target": -2798.1253400000005, "params": {"spark.default.parallelism": 202.90559709101245, "spark.executor.cores": 1.1161433283559343, "spark.executor.instances": 6.061031902133358, "spark.executor.memory": 6.545734647062618, "spark.executor.memoryOverhead": 830.2362864114656, "spark.memory.fraction": 0.7112622373901194, "spark.memory.storageFraction": 0.7486419250272489, "spark.reducer.maxBlocksInFlightPerAddress": 1221683275.0432746, "spark.reducer.maxSizeInFlight": 57.581733127973884, "spark.shuffle.file.buffer": 37.97381701346424}, "datetime": {"datetime": "2022-01-07 15:50:20", "elapsed": 0.220351, "delta": 0.024002}}
{"target": -2797.9168400000017, "params": {"spark.default.parallelism": 307.61514259868557, "spark.executor.cores": 2.653277694888029, "spark.executor.instances": 4.50161690901492, "spark.executor.memory": 4.293844672180773, "spark.executor.memoryOverhead": 557.2791968750757, "spark.memory.fraction": 0.739157704513466, "spark.memory.storageFraction": 0.6309146078858833, "spark.reducer.maxBlocksInFlightPerAddress": 1401473901.001516, "spark.reducer.maxSizeInFlight": 28.98157125455947, "spark.shuffle.file.buffer": 21.835137634712048}, "datetime": {"datetime": "2022-01-07 15:50:20", "elapsed": 0.245366, "delta": 0.025015}}
{"target": -2800.850840000002, "params": {"spark.default.parallelism": 271.6463038386594, "spark.executor.cores": 1.4522724248113383, "spark.executor.instances": 4.115664712453902, "spark.executor.memory": 4.495172798441485, "spark.executor.memoryOverhead": 572.9404335435656, "spark.memory.fraction": 0.81864930113057, "spark.memory.storageFraction": 0.7609547999777917, "spark.reducer.maxBlocksInFlightPerAddress": 1396972752.033673, "spark.reducer.maxSizeInFlight": 35.261674999378606, "spark.shuffle.file.buffer": 20.028606412533666}, "datetime": {"datetime": "2022-01-07 15:50:20", "elapsed": 0.270282, "delta": 0.024916}}
{"target": -2798.1090000000013, "params": {"spark.default.parallelism": 248.2718313817456, "spark.executor.cores": 1.9522818775201245, "spark.executor.instances": 5.1299697817183, "spark.executor.memory": 4.150746761740425, "spark.executor.memoryOverhead": 565.3657051751261, "spark.memory.fraction": 0.5434587201049221, "spark.memory.storageFraction": 0.8407740122614487, "spark.reducer.maxBlocksInFlightPerAddress": 1407528836.2644563, "spark.reducer.maxSizeInFlight": 19.439999999999998, "spark.shuffle.file.buffer": 30.06084307357944}, "datetime": {"datetime": "2022-01-07 15:50:20", "elapsed": 0.295227, "delta": 0.024945}}
{"target": -2794.5314500000013, "params": {"spark.default.parallelism": 184.77083775468623, "spark.executor.cores": 1.395023861870424, "spark.executor.instances": 4.875480080404299, "spark.executor.memory": 2.7165482670052694, "spark.executor.memoryOverhead": 530.4525216934969, "spark.memory.fraction": 0.5809322113531492, "spark.memory.storageFraction": 0.5069611855126324, "spark.reducer.maxBlocksInFlightPerAddress": 1406025239.4702096, "spark.reducer.maxSizeInFlight": 23.200199221409147, "spark.shuffle.file.buffer": 28.991321184793925}, "datetime": {"datetime": "2022-01-07 15:50:20", "elapsed": 0.321166, "delta": 0.025939}}
{"target": -2797.6337600000015, "params": {"spark.default.parallelism": 294.5126848832105, "spark.executor.cores": 2.2466330865349615, "spark.executor.instances": 3.5001595787455124, "spark.executor.memory": 3.9533372069082358, "spark.executor.memoryOverhead": 518.5140617952175, "spark.memory.fraction": 0.8497949624014847, "spark.memory.storageFraction": 0.7010871432791009, "spark.reducer.maxBlocksInFlightPerAddress": 1379474087.9574087, "spark.reducer.maxSizeInFlight": 20.047347354270535, "spark.shuffle.file.buffer": 27.59072621544526}, "datetime": {"datetime": "2022-01-07 15:50:20", "elapsed": 0.346112, "delta": 0.024946}}
{"target": -2852.1045600000016, "params": {"spark.default.parallelism": 308.7491024456303, "spark.executor.cores": 1.861031944314579, "spark.executor.instances": 6.736119638296621, "spark.executor.memory": 4.239938208758251, "spark.executor.memoryOverhead": 559.3315981485515, "spark.memory.fraction": 0.8969058501295664, "spark.memory.storageFraction": 0.8853844903217798, "spark.reducer.maxBlocksInFlightPerAddress": 1407009584.2869473, "spark.reducer.maxSizeInFlight": 46.46488180813888, "spark.shuffle.file.buffer": 15.223819452239534}, "datetime": {"datetime": "2022-01-07 15:50:20", "elapsed": 0.370056, "delta": 0.023944}}
{"target": -2796.956740000001, "params": {"spark.default.parallelism": 174.48887672210424, "spark.executor.cores": 2.9512208627731096, "spark.executor.instances": 4.110241855228212, "spark.executor.memory": 3.535365145693369, "spark.executor.memoryOverhead": 508.0122843030648, "spark.memory.fraction": 0.5312374981228994, "spark.memory.storageFraction": 0.6249820102762451, "spark.reducer.maxBlocksInFlightPerAddress": 1357736437.4204924, "spark.reducer.maxSizeInFlight": 19.971579074577154, "spark.shuffle.file.buffer": 30.962174638190373}, "datetime": {"datetime": "2022-01-07 15:50:21", "elapsed": 0.395999, "delta": 0.025943}}
{"target": -2852.0991700000013, "params": {"spark.default.parallelism": 271.41772627186685, "spark.executor.cores": 1.216506509370176, "spark.executor.instances": 6.074300551275924, "spark.executor.memory": 4.174324362052393, "spark.executor.memoryOverhead": 321.94327375433085, "spark.memory.fraction": 0.7219660248329882, "spark.memory.storageFraction": 0.7326377654315154, "spark.reducer.maxBlocksInFlightPerAddress": 1390580365.2913342, "spark.reducer.maxSizeInFlight": 23.728775402264382, "spark.shuffle.file.buffer": 13.234761763863071}, "datetime": {"datetime": "2022-01-07 15:50:21", "elapsed": 0.419943, "delta": 0.023944}}
{"target": -2796.049300000001, "params": {"spark.default.parallelism": 283.8508184133935, "spark.executor.cores": 2.2792079610096283, "spark.executor.instances": 7.8479645276494905, "spark.executor.memory": 4.511559494154543, "spark.executor.memoryOverhead": 535.4489183171169, "spark.memory.fraction": 0.6414264893615416, "spark.memory.storageFraction": 0.50898444871816, "spark.reducer.maxBlocksInFlightPerAddress": 1314733044.6279402, "spark.reducer.maxSizeInFlight": 31.950243313975406, "spark.shuffle.file.buffer": 19.891365417988208}, "datetime": {"datetime": "2022-01-07 15:50:21", "elapsed": 0.444888, "delta": 0.024945}}
{"target": -2802.305030000002, "params": {"spark.default.parallelism": 207.46405890563062, "spark.executor.cores": 1.6157459404599575, "spark.executor.instances": 5.567683762158147, "spark.executor.memory": 3.4153658282785027, "spark.executor.memoryOverhead": 451.04611259153404, "spark.memory.fraction": 0.81318192533406, "spark.memory.storageFraction": 0.769422750807533, "spark.reducer.maxBlocksInFlightPerAddress": 1391588161.590643, "spark.reducer.maxSizeInFlight": 36.255875024820675, "spark.shuffle.file.buffer": 24.46163495868721}, "datetime": {"datetime": "2022-01-07 15:50:21", "elapsed": 0.469829, "delta": 0.024941}}
{"target": -2851.225670000001, "params": {"spark.default.parallelism": 205.7750025806506, "spark.executor.cores": 2.252460710676462, "spark.executor.instances": 4.639114540472284, "spark.executor.memory": 3.0548598697937774, "spark.executor.memoryOverhead": 311.0400000000001, "spark.memory.fraction": 0.6672576558929297, "spark.memory.storageFraction": 0.45549901098498646, "spark.reducer.maxBlocksInFlightPerAddress": 869730876.6300001, "spark.reducer.maxSizeInFlight": 29.321357481628628, "spark.shuffle.file.buffer": 13.199575783309289}, "datetime": {"datetime": "2022-01-07 15:50:21", "elapsed": 0.494774, "delta": 0.024945}}
{"target": -2800.693560000001, "params": {"spark.default.parallelism": 202.74422668678926, "spark.executor.cores": 2.1069072321351405, "spark.executor.instances": 4.9326827706542, "spark.executor.memory": 4.458069563036616, "spark.executor.memoryOverhead": 446.9866137882378, "spark.memory.fraction": 0.5187855989642393, "spark.memory.storageFraction": 0.4050000000000001, "spark.reducer.maxBlocksInFlightPerAddress": 1080991943.9256563, "spark.reducer.maxSizeInFlight": 26.710687444421485, "spark.shuffle.file.buffer": 22.17500562161638}, "datetime": {"datetime": "2022-01-07 15:50:21", "elapsed": 0.519715, "delta": 0.024941}}
{"target": -2799.4146100000007, "params": {"spark.default.parallelism": 284.20832769144255, "spark.executor.cores": 1.6081517530883447, "spark.executor.instances": 3.457632609407373, "spark.executor.memory": 2.5960479948923276, "spark.executor.memoryOverhead": 498.87284085739935, "spark.memory.fraction": 0.8700438567405675, "spark.memory.storageFraction": 0.573685903053836, "spark.reducer.maxBlocksInFlightPerAddress": 992330841.9535167, "spark.reducer.maxSizeInFlight": 20.82576476584344, "spark.shuffle.file.buffer": 31.444146779099707}, "datetime": {"datetime": "2022-01-07 15:50:21", "elapsed": 0.544199, "delta": 0.024484}}
{"target": -2796.0876700000013, "params": {"spark.default.parallelism": 165.32784407290515, "spark.executor.cores": 2.749448346565321, "spark.executor.instances": 3.2399999999999993, "spark.executor.memory": 3.2582096596029353, "spark.executor.memoryOverhead": 350.60691040431715, "spark.memory.fraction": 0.6256799419090717, "spark.memory.storageFraction": 0.5272962827087551, "spark.reducer.maxBlocksInFlightPerAddress": 1338289856.8168101, "spark.reducer.maxSizeInFlight": 42.82750818662279, "spark.shuffle.file.buffer": 19.418417528772743}, "datetime": {"datetime": "2022-01-07 15:50:21", "elapsed": 0.568111, "delta": 0.023912}}
{"target": -2849.6900400000013, "params": {"spark.default.parallelism": 305.55247358357457, "spark.executor.cores": 1.027480700980719, "spark.executor.instances": 3.81751739954883, "spark.executor.memory": 3.831011092261508, "spark.executor.memoryOverhead": 372.48701122450916, "spark.memory.fraction": 0.8199687803279307, "spark.memory.storageFraction": 0.4343446579300038, "spark.reducer.maxBlocksInFlightPerAddress": 1256193971.2463758, "spark.reducer.maxSizeInFlight": 35.903737802759544, "spark.shuffle.file.buffer": 14.336728650915955}, "datetime": {"datetime": "2022-01-07 15:50:21", "elapsed": 0.593208, "delta": 0.025097}}
{"target": -2855.3850500000017, "params": {"spark.default.parallelism": 190.87562504651873, "spark.executor.cores": 1.3770844373229756, "spark.executor.instances": 6.276793616054277, "spark.executor.memory": 4.18246696346713, "spark.executor.memoryOverhead": 421.5929696887374, "spark.memory.fraction": 0.4962396114476711, "spark.memory.storageFraction": 0.5851184259194941, "spark.reducer.maxBlocksInFlightPerAddress": 1223549250.3161905, "spark.reducer.maxSizeInFlight": 27.60291684341851, "spark.shuffle.file.buffer": 12.960000000000003}, "datetime": {"datetime": "2022-01-07 15:50:21", "elapsed": 0.618142, "delta": 0.024934}}
{"target": -2851.225670000001, "params": {"spark.default.parallelism": 169.33285559175323, "spark.executor.cores": 1.0839368369255005, "spark.executor.instances": 5.23746227265203, "spark.executor.memory": 3.225955451340326, "spark.executor.memoryOverhead": 328.7135890440688, "spark.memory.fraction": 0.4852036829522187, "spark.memory.storageFraction": 0.4856074216247542, "spark.reducer.maxBlocksInFlightPerAddress": 1072825920.7756581, "spark.reducer.maxSizeInFlight": 47.108037158828786, "spark.shuffle.file.buffer": 14.745393949419809}, "datetime": {"datetime": "2022-01-07 15:50:21", "elapsed": 0.644072, "delta": 0.02593}}
{"target": -2793.9353600000013, "params": {"spark.default.parallelism": 255.7734775502277, "spark.executor.cores": 1.026872173292871, "spark.executor.instances": 4.6070964315708505, "spark.executor.memory": 2.6775178407392963, "spark.executor.memoryOverhead": 311.03999999999996, "spark.memory.fraction": 0.4049999999999955, "spark.memory.storageFraction": 0.43266175050970973, "spark.reducer.maxBlocksInFlightPerAddress": 1324848075.535678, "spark.reducer.maxSizeInFlight": 21.69238800262616, "spark.shuffle.file.buffer": 27.164677654092433}, "datetime": {"datetime": "2022-01-07 15:50:21", "elapsed": 0.668037, "delta": 0.023965}}
{"target": -2851.225670000001, "params": {"spark.default.parallelism": 310.16437802992493, "spark.executor.cores": 1.6916675051491215, "spark.executor.instances": 7.595858288466318, "spark.executor.memory": 4.372387728464949, "spark.executor.memoryOverhead": 311.03999999999996, "spark.memory.fraction": 0.412982277100494, "spark.memory.storageFraction": 0.4050000000000001, "spark.reducer.maxBlocksInFlightPerAddress": 898191483.5341834, "spark.reducer.maxSizeInFlight": 41.1796723046823, "spark.shuffle.file.buffer": 13.83663811556025}, "datetime": {"datetime": "2022-01-07 15:50:21", "elapsed": 0.693002, "delta": 0.024965}}
{"target": -2801.207030000001, "params": {"spark.default.parallelism": 292.6036634710943, "spark.executor.cores": 0.839234283920899, "spark.executor.instances": 7.045565533030378, "spark.executor.memory": 3.6188823218209976, "spark.executor.memoryOverhead": 393.35679796169455, "spark.memory.fraction": 0.5701441858104473, "spark.memory.storageFraction": 0.5038308391600093, "spark.reducer.maxBlocksInFlightPerAddress": 869730876.6300001, "spark.reducer.maxSizeInFlight": 33.7604209733171, "spark.shuffle.file.buffer": 20.90190605463382}, "datetime": {"datetime": "2022-01-07 15:50:21", "elapsed": 0.718155, "delta": 0.025153}}
{"target": -2811.666330000001, "params": {"spark.default.parallelism": 471.7347958176224, "spark.executor.cores": 1.4158234970816053, "spark.executor.instances": 6.7021902652564265, "spark.executor.memory": 6.307245827387211, "spark.executor.memoryOverhead": 512.8708848319183, "spark.memory.fraction": 0.5002018501106356, "spark.memory.storageFraction": 0.7529280134151459, "spark.reducer.maxBlocksInFlightPerAddress": 2027727390.8450725, "spark.reducer.maxSizeInFlight": 60.16555453095418, "spark.shuffle.file.buffer": 25.13734788014303}, "datetime": {"datetime": "2022-01-07 15:50:21", "elapsed": 0.816891, "delta": 0.098736}}
{"target": -2797.238750000002, "params": {"spark.default.parallelism": 486.2394357576476, "spark.executor.cores": 1.1541914177210235, "spark.executor.instances": 6.671555755962629, "spark.executor.memory": 6.093578670722904, "spark.executor.memoryOverhead": 597.20764129425, "spark.memory.fraction": 0.566908767886981, "spark.memory.storageFraction": 0.549952090389277, "spark.reducer.maxBlocksInFlightPerAddress": 1355843577.2816215, "spark.reducer.maxSizeInFlight": 25.570597125766916, "spark.shuffle.file.buffer": 35.34356290352122}, "datetime": {"datetime": "2022-01-07 15:50:21", "elapsed": 0.924603, "delta": 0.107712}}
{"target": -2798.9645400000013, "params": {"spark.default.parallelism": 265.99297625372975, "spark.executor.cores": 2.710912249803219, "spark.executor.instances": 7.179488483764702, "spark.executor.memory": 4.397167676389818, "spark.executor.memoryOverhead": 620.2671062595156, "spark.memory.fraction": 0.7223427035574222, "spark.memory.storageFraction": 0.6777398809728279, "spark.reducer.maxBlocksInFlightPerAddress": 1826051960.7028747, "spark.reducer.maxSizeInFlight": 41.6369158208802, "spark.shuffle.file.buffer": 47.86790957178454}, "datetime": {"datetime": "2022-01-07 15:50:21", "elapsed": 1.025844, "delta": 0.101241}}
{"target": -2797.0545800000004, "params": {"spark.default.parallelism": 345.9575059778214, "spark.executor.cores": 2.429394866291638, "spark.executor.instances": 7.0392250747115614, "spark.executor.memory": 6.962727483549804, "spark.executor.memoryOverhead": 766.7546950852324, "spark.memory.fraction": 0.5817279152607406, "spark.memory.storageFraction": 0.6331629966578163, "spark.reducer.maxBlocksInFlightPerAddress": 1211856221.2005877, "spark.reducer.maxSizeInFlight": 24.999809610364057, "spark.shuffle.file.buffer": 44.3916597706138}, "datetime": {"datetime": "2022-01-07 15:50:21", "elapsed": 1.127572, "delta": 0.101728}}
