{"target": -2807.822400000001, "params": {"spark.default.parallelism": 280.45195687695133, "spark.executor.cores": 1.243244999059367, "spark.executor.instances": 6.491444310510021, "spark.executor.memory": 4.724482082144515, "spark.executor.memoryOverhead": 587.6287890158578, "spark.memory.fraction": 0.6934385279716476, "spark.memory.storageFraction": 0.5894932200870144, "spark.reducer.maxBlocksInFlightPerAddress": 2112623908.705553, "spark.reducer.maxSizeInFlight": 39.38805184459612, "spark.shuffle.file.buffer": 38.39361373640864}, "datetime": {"datetime": "2022-01-07 15:50:21", "elapsed": 1.228333, "delta": 0.100761}}
{"target": -2807.0062300000013, "params": {"spark.default.parallelism": 230.9067130890092, "spark.executor.cores": 1.8985399613249527, "spark.executor.instances": 6.349207892032901, "spark.executor.memory": 4.863152281530208, "spark.executor.memoryOverhead": 534.7836185254696, "spark.memory.fraction": 0.7827695753201128, "spark.memory.storageFraction": 0.5530067371631945, "spark.reducer.maxBlocksInFlightPerAddress": 2048344295.4161325, "spark.reducer.maxSizeInFlight": 58.012989078743686, "spark.shuffle.file.buffer": 45.970502274357244}, "datetime": {"datetime": "2022-01-07 15:50:21", "elapsed": 1.33106, "delta": 0.102727}}
{"target": -2795.806160000001, "params": {"spark.default.parallelism": 352.04651515700687, "spark.executor.cores": 1.5188513541685025, "spark.executor.instances": 7.885765277992592, "spark.executor.memory": 5.038123631538513, "spark.executor.memoryOverhead": 538.0941905619998, "spark.memory.fraction": 0.7052444345224423, "spark.memory.storageFraction": 0.5534462275676156, "spark.reducer.maxBlocksInFlightPerAddress": 1382175986.4515374, "spark.reducer.maxSizeInFlight": 28.14624059181522, "spark.shuffle.file.buffer": 42.30314185306119}, "datetime": {"datetime": "2022-01-07 15:50:22", "elapsed": 1.434782, "delta": 0.103722}}
{"target": -2796.8492400000014, "params": {"spark.default.parallelism": 270.4786092350405, "spark.executor.cores": 2.4918374940995762, "spark.executor.instances": 5.8573510013244245, "spark.executor.memory": 4.080125297767461, "spark.executor.memoryOverhead": 622.6011244461616, "spark.memory.fraction": 0.6823038593029572, "spark.memory.storageFraction": 0.6694246533007249, "spark.reducer.maxBlocksInFlightPerAddress": 1737397985.9944415, "spark.reducer.maxSizeInFlight": 37.71184295557874, "spark.shuffle.file.buffer": 39.388692138875044}, "datetime": {"datetime": "2022-01-07 15:50:22", "elapsed": 1.532761, "delta": 0.097979}}
{"target": -2798.4134800000015, "params": {"spark.default.parallelism": 292.1189803826157, "spark.executor.cores": 2.138498435927387, "spark.executor.instances": 4.207283138125501, "spark.executor.memory": 4.730596523410366, "spark.executor.memoryOverhead": 742.2134768483536, "spark.memory.fraction": 0.7050624040282509, "spark.memory.storageFraction": 0.5760350924159015, "spark.reducer.maxBlocksInFlightPerAddress": 1446856239.9477859, "spark.reducer.maxSizeInFlight": 71.16904767547007, "spark.shuffle.file.buffer": 25.254765771556578}, "datetime": {"datetime": "2022-01-07 15:50:22", "elapsed": 1.629299, "delta": 0.096538}}
{"target": -2797.060220000001, "params": {"spark.default.parallelism": 498.4717374322219, "spark.executor.cores": 2.539917230819132, "spark.executor.instances": 6.5898180666693005, "spark.executor.memory": 3.8215193600816875, "spark.executor.memoryOverhead": 743.2327144178248, "spark.memory.fraction": 0.570280188682581, "spark.memory.storageFraction": 0.5409804876852686, "spark.reducer.maxBlocksInFlightPerAddress": 1796569176.0152788, "spark.reducer.maxSizeInFlight": 55.31720373195644, "spark.shuffle.file.buffer": 28.561055631620878}, "datetime": {"datetime": "2022-01-07 15:50:22", "elapsed": 1.718917, "delta": 0.089618}}
{"target": -2814.436630000001, "params": {"spark.default.parallelism": 413.7850037130409, "spark.executor.cores": 1.827494092927964, "spark.executor.instances": 4.8503452289778615, "spark.executor.memory": 5.4242841483608775, "spark.executor.memoryOverhead": 408.8068662636944, "spark.memory.fraction": 0.7341725892850932, "spark.memory.storageFraction": 0.8735424684303739, "spark.reducer.maxBlocksInFlightPerAddress": 2081493733.5344758, "spark.reducer.maxSizeInFlight": 52.747772396926045, "spark.shuffle.file.buffer": 23.87998667477134}, "datetime": {"datetime": "2022-01-07 15:50:22", "elapsed": 1.807914, "delta": 0.088997}}
{"target": -2800.3888200000015, "params": {"spark.default.parallelism": 400.53448423977983, "spark.executor.cores": 2.612543789936108, "spark.executor.instances": 4.054246955151147, "spark.executor.memory": 3.9729449889677464, "spark.executor.memoryOverhead": 395.7873595033749, "spark.memory.fraction": 0.8233478287621234, "spark.memory.storageFraction": 0.7522999669195276, "spark.reducer.maxBlocksInFlightPerAddress": 1776947474.9269054, "spark.reducer.maxSizeInFlight": 25.76639049759963, "spark.shuffle.file.buffer": 43.471057799957265}, "datetime": {"datetime": "2022-01-07 15:50:22", "elapsed": 1.902741, "delta": 0.094827}}
{"target": -2793.2196100000006, "params": {"spark.default.parallelism": 236.09576172880827, "spark.executor.cores": 2.331947870755529, "spark.executor.instances": 5.78655651577885, "spark.executor.memory": 4.124187264299631, "spark.executor.memoryOverhead": 384.7633157244881, "spark.memory.fraction": 0.7776508697863813, "spark.memory.storageFraction": 0.5155972233384881, "spark.reducer.maxBlocksInFlightPerAddress": 1196805476.3922563, "spark.reducer.maxSizeInFlight": 26.61458643576564, "spark.shuffle.file.buffer": 43.584902679939866}, "datetime": {"datetime": "2022-01-07 15:50:22", "elapsed": 2.00461, "delta": 0.101869}}
{"target": -2802.9760200000014, "params": {"spark.default.parallelism": 204.9017160613747, "spark.executor.cores": 1.9712310559517778, "spark.executor.instances": 4.170617782473027, "spark.executor.memory": 5.540753735042669, "spark.executor.memoryOverhead": 823.4181514985374, "spark.memory.fraction": 0.6590273103375737, "spark.memory.storageFraction": 0.6301248762774985, "spark.reducer.maxBlocksInFlightPerAddress": 1983374571.603139, "spark.reducer.maxSizeInFlight": 49.303360771004854, "spark.shuffle.file.buffer": 40.022710909864735}, "datetime": {"datetime": "2022-01-07 15:50:22", "elapsed": 2.108587, "delta": 0.103977}}
{"target": -2796.1052900000013, "params": {"spark.default.parallelism": 213.86029833034144, "spark.executor.cores": 2.319578157385472, "spark.executor.instances": 7.280035033397785, "spark.executor.memory": 5.328857938753822, "spark.executor.memoryOverhead": 740.5185399292209, "spark.memory.fraction": 0.8874447704925226, "spark.memory.storageFraction": 0.5359940782173956, "spark.reducer.maxBlocksInFlightPerAddress": 1918499447.3820412, "spark.reducer.maxSizeInFlight": 35.84117371217542, "spark.shuffle.file.buffer": 27.27668282479911}, "datetime": {"datetime": "2022-01-07 15:50:22", "elapsed": 2.210604, "delta": 0.102017}}
{"target": -2798.7982500000016, "params": {"spark.default.parallelism": 499.5203698033364, "spark.executor.cores": 1.5075164996891117, "spark.executor.instances": 5.842274495189165, "spark.executor.memory": 3.36990870276741, "spark.executor.memoryOverhead": 768.2678557687191, "spark.memory.fraction": 0.5209413050806667, "spark.memory.storageFraction": 0.7406980703082133, "spark.reducer.maxBlocksInFlightPerAddress": 1858818428.1587834, "spark.reducer.maxSizeInFlight": 62.31803082963323, "spark.shuffle.file.buffer": 40.834383608457784}, "datetime": {"datetime": "2022-01-07 15:50:22", "elapsed": 2.314118, "delta": 0.103514}}
{"target": -2809.064670000001, "params": {"spark.default.parallelism": 203.27550740361815, "spark.executor.cores": 1.784965521980363, "spark.executor.instances": 7.269183092971183, "spark.executor.memory": 6.963126073785908, "spark.executor.memoryOverhead": 629.0308338878399, "spark.memory.fraction": 0.7564602988841151, "spark.memory.storageFraction": 0.5996132539750021, "spark.reducer.maxBlocksInFlightPerAddress": 2129652757.7829201, "spark.reducer.maxSizeInFlight": 65.76018868379155, "spark.shuffle.file.buffer": 36.22519340843213}, "datetime": {"datetime": "2022-01-07 15:50:23", "elapsed": 2.426312, "delta": 0.112194}}
{"target": -2802.7247900000016, "params": {"spark.default.parallelism": 281.2286154667962, "spark.executor.cores": 2.6636459219455926, "spark.executor.instances": 4.165862038733264, "spark.executor.memory": 4.815029096128925, "spark.executor.memoryOverhead": 757.5072041224703, "spark.memory.fraction": 0.7607459890059556, "spark.memory.storageFraction": 0.7597687974533374, "spark.reducer.maxBlocksInFlightPerAddress": 1861359003.090942, "spark.reducer.maxSizeInFlight": 49.19551692917284, "spark.shuffle.file.buffer": 20.880164632046643}, "datetime": {"datetime": "2022-01-07 15:50:23", "elapsed": 2.552158, "delta": 0.125846}}
{"target": -2801.586790000001, "params": {"spark.default.parallelism": 398.4498691404067, "spark.executor.cores": 2.8044493088900913, "spark.executor.instances": 4.4114069284787165, "spark.executor.memory": 3.9635335420310196, "spark.executor.memoryOverhead": 773.6635163349367, "spark.memory.fraction": 0.6961440548944902, "spark.memory.storageFraction": 0.7940657551603901, "spark.reducer.maxBlocksInFlightPerAddress": 1843381009.3138359, "spark.reducer.maxSizeInFlight": 36.062550138899454, "spark.shuffle.file.buffer": 31.058325904970143}, "datetime": {"datetime": "2022-01-07 15:50:23", "elapsed": 2.779926, "delta": 0.227768}}
{"target": -2809.1260100000013, "params": {"spark.default.parallelism": 201.71361835989288, "spark.executor.cores": 2.313256804716371, "spark.executor.instances": 7.022991620668855, "spark.executor.memory": 5.777729274065159, "spark.executor.memoryOverhead": 660.1320236457457, "spark.memory.fraction": 0.7769212666577975, "spark.memory.storageFraction": 0.5860713784818473, "spark.reducer.maxBlocksInFlightPerAddress": 2087191102.8654299, "spark.reducer.maxSizeInFlight": 47.59071414981109, "spark.shuffle.file.buffer": 31.035871132692385}, "datetime": {"datetime": "2022-01-07 15:50:23", "elapsed": 2.930523, "delta": 0.150597}}
"{'maxIndex': 43, 'target': -2793.2196100000006, 'params': {'spark.default.parallelism': 236.09576172880827, 'spark.executor.cores': 2.331947870755529, 'spark.executor.instances': 5.78655651577885, 'spark.executor.memory': 4.124187264299631, 'spark.executor.memoryOverhead': 384.7633157244881, 'spark.memory.fraction': 0.7776508697863813, 'spark.memory.storageFraction': 0.5155972233384881, 'spark.reducer.maxBlocksInFlightPerAddress': 1196805476.3922563, 'spark.reducer.maxSizeInFlight': 26.61458643576564, 'spark.shuffle.file.buffer': 43.584902679939866}}"