{"target": -2801.7920800000015, "params": {"spark.default.parallelism": 323.6057115716423, "spark.executor.cores": 1.834021542662864, "spark.executor.instances": 5.579342996410176, "spark.executor.memory": 4.707680983930792, "spark.executor.memoryOverhead": 434.66189678037955, "spark.memory.fraction": 0.5821102053560269, "spark.memory.storageFraction": 0.5529149705249478, "spark.reducer.maxBlocksInFlightPerAddress": 1169721831.04822, "spark.reducer.maxSizeInFlight": 66.48188393025004, "spark.shuffle.file.buffer": 22.340480274364914}, "datetime": {"datetime": "2022-01-06 18:32:10", "elapsed": 0.0, "delta": 0.0}}
{"target": -2801.2687800000012, "params": {"spark.default.parallelism": 363.46190349885035, "spark.executor.cores": 2.826446558550607, "spark.executor.instances": 5.906008484464106, "spark.executor.memory": 6.992794711382647, "spark.executor.memoryOverhead": 398.4894868121719, "spark.memory.fraction": 0.7678216245349412, "spark.memory.storageFraction": 0.7655311936797808, "spark.reducer.maxBlocksInFlightPerAddress": 1367796909.4645538, "spark.reducer.maxSizeInFlight": 61.99343519242718, "spark.shuffle.file.buffer": 42.81780615700917}, "datetime": {"datetime": "2022-01-06 18:32:10", "elapsed": 0.025014, "delta": 0.025014}}
{"target": -2797.5801300000016, "params": {"spark.default.parallelism": 389.1718743840877, "spark.executor.cores": 1.0058836996566227, "spark.executor.instances": 6.992844845799649, "spark.executor.memory": 4.083135859594313, "spark.executor.memoryOverhead": 550.1250827783824, "spark.memory.fraction": 0.8196077540732326, "spark.memory.storageFraction": 0.8254103067487388, "spark.reducer.maxBlocksInFlightPerAddress": 1545230140.0387135, "spark.reducer.maxSizeInFlight": 25.323163253226983, "spark.shuffle.file.buffer": 34.61090131218666}, "datetime": {"datetime": "2022-01-06 18:32:10", "elapsed": 0.051019, "delta": 0.026005}}
{"target": -2795.079090000001, "params": {"spark.default.parallelism": 301.3033844156904, "spark.executor.cores": 2.003239427043754, "spark.executor.instances": 5.031011850654311, "spark.executor.memory": 5.991406445578397, "spark.executor.memoryOverhead": 865.4261340762959, "spark.memory.fraction": 0.5012335031706748, "spark.memory.storageFraction": 0.5374611348252065, "spark.reducer.maxBlocksInFlightPerAddress": 1842636099.0857425, "spark.reducer.maxSizeInFlight": 37.40303584653166, "spark.shuffle.file.buffer": 37.47232531927841}, "datetime": {"datetime": "2022-01-06 18:32:10", "elapsed": 0.074964, "delta": 0.023945}}
{"target": -2796.413290000001, "params": {"spark.default.parallelism": 253.26451995711773, "spark.executor.cores": 2.434479209229165, "spark.executor.instances": 4.145393245721371, "spark.executor.memory": 6.364543706063351, "spark.executor.memoryOverhead": 596.7995399475575, "spark.memory.fraction": 0.8407843394487418, "spark.memory.storageFraction": 0.8165248865553457, "spark.reducer.maxBlocksInFlightPerAddress": 1287285978.073831, "spark.reducer.maxSizeInFlight": 67.87153253383076, "spark.shuffle.file.buffer": 38.68772588205656}, "datetime": {"datetime": "2022-01-06 18:32:10", "elapsed": 0.099903, "delta": 0.024939}}
{"target": -2804.671420000001, "params": {"spark.default.parallelism": 220.76508152109164, "spark.executor.cores": 2.7104593698524724, "spark.executor.instances": 4.611294142931209, "spark.executor.memory": 5.086355321833446, "spark.executor.memoryOverhead": 820.5062962276236, "spark.memory.fraction": 0.7357768561182101, "spark.memory.storageFraction": 0.6950247752660736, "spark.reducer.maxBlocksInFlightPerAddress": 1973600670.5233865, "spark.reducer.maxSizeInFlight": 31.36391042954178, "spark.shuffle.file.buffer": 46.12100325607521}, "datetime": {"datetime": "2022-01-06 18:32:10", "elapsed": 0.124847, "delta": 0.024944}}
{"target": -2800.130830000001, "params": {"spark.default.parallelism": 268.24614912870925, "spark.executor.cores": 1.2721323735550754, "spark.executor.instances": 7.948611391941595, "spark.executor.memory": 3.2194577888461215, "spark.executor.memoryOverhead": 505.34431065856165, "spark.memory.fraction": 0.6991810023544189, "spark.memory.storageFraction": 0.6479001706317778, "spark.reducer.maxBlocksInFlightPerAddress": 1414365475.5432436, "spark.reducer.maxSizeInFlight": 41.43125640974968, "spark.shuffle.file.buffer": 17.595526901010135}, "datetime": {"datetime": "2022-01-06 18:32:10", "elapsed": 0.149785, "delta": 0.024938}}
{"target": -2809.9915000000015, "params": {"spark.default.parallelism": 418.989657393207, "spark.executor.cores": 1.6364525224598403, "spark.executor.instances": 7.322294479770576, "spark.executor.memory": 3.4079094746838705, "spark.executor.memoryOverhead": 756.5601117216762, "spark.memory.fraction": 0.5692587249253954, "spark.memory.storageFraction": 0.607091590980188, "spark.reducer.maxBlocksInFlightPerAddress": 2085623115.9730284, "spark.reducer.maxSizeInFlight": 43.66611848879621, "spark.shuffle.file.buffer": 24.788436177846272}, "datetime": {"datetime": "2022-01-06 18:32:10", "elapsed": 0.174728, "delta": 0.024943}}
{"target": -2798.415330000001, "params": {"spark.default.parallelism": 488.1491448655303, "spark.executor.cores": 1.5430797207183748, "spark.executor.instances": 6.294752473580251, "spark.executor.memory": 5.586309577274786, "spark.executor.memoryOverhead": 719.69092388358, "spark.memory.fraction": 0.6281405014436182, "spark.memory.storageFraction": 0.8763052963703792, "spark.reducer.maxBlocksInFlightPerAddress": 1658720490.5180871, "spark.reducer.maxSizeInFlight": 53.68777023766699, "spark.shuffle.file.buffer": 29.687863823244335}, "datetime": {"datetime": "2022-01-06 18:32:10", "elapsed": 0.199516, "delta": 0.024788}}
{"target": -2800.3702100000023, "params": {"spark.default.parallelism": 455.50412069569063, "spark.executor.cores": 2.3954704462028342, "spark.executor.instances": 6.579475316967716, "spark.executor.memory": 4.2425981431700714, "spark.executor.memoryOverhead": 646.113484128669, "spark.memory.fraction": 0.8620138585599503, "spark.memory.storageFraction": 0.701528050842489, "spark.reducer.maxBlocksInFlightPerAddress": 1781156233.7510524, "spark.reducer.maxSizeInFlight": 52.10066977325998, "spark.shuffle.file.buffer": 26.642805856516937}, "datetime": {"datetime": "2022-01-06 18:32:10", "elapsed": 0.22446, "delta": 0.024944}}
{"target": -2866.1140800000016, "params": {"spark.default.parallelism": 162.0, "spark.executor.cores": 1.6249195324872927, "spark.executor.instances": 4.224036504639583, "spark.executor.memory": 2.4669658263801244, "spark.executor.memoryOverhead": 311.04, "spark.memory.fraction": 0.8367501137084783, "spark.memory.storageFraction": 0.6152838557347041, "spark.reducer.maxBlocksInFlightPerAddress": 1406297708.7116258, "spark.reducer.maxSizeInFlight": 46.49110498749138, "spark.shuffle.file.buffer": 12.96}, "datetime": {"datetime": "2022-01-06 18:32:10", "elapsed": 0.248401, "delta": 0.023941}}
{"target": -2851.792090000002, "params": {"spark.default.parallelism": 169.85259985447382, "spark.executor.cores": 1.8519468653263447, "spark.executor.instances": 7.444728148452227, "spark.executor.memory": 2.791318179602175, "spark.executor.memoryOverhead": 311.04, "spark.memory.fraction": 0.7805615053059518, "spark.memory.storageFraction": 0.8732852405269969, "spark.reducer.maxBlocksInFlightPerAddress": 1403145355.5947087, "spark.reducer.maxSizeInFlight": 46.24027986220888, "spark.shuffle.file.buffer": 12.96}, "datetime": {"datetime": "2022-01-06 18:32:10", "elapsed": 0.273342, "delta": 0.024941}}
{"target": -2863.9157700000014, "params": {"spark.default.parallelism": 162.0, "spark.executor.cores": 2.2584034161855016, "spark.executor.instances": 5.2275200194333005, "spark.executor.memory": 2.43, "spark.executor.memoryOverhead": 311.04, "spark.memory.fraction": 0.5692678169417554, "spark.memory.storageFraction": 0.505023799285792, "spark.reducer.maxBlocksInFlightPerAddress": 1407274464.9108539, "spark.reducer.maxSizeInFlight": 47.02568448321471, "spark.shuffle.file.buffer": 13.593091893845694}, "datetime": {"datetime": "2022-01-06 18:32:10", "elapsed": 0.298278, "delta": 0.024936}}
{"target": -2866.7660800000017, "params": {"spark.default.parallelism": 162.0, "spark.executor.cores": 1.3713077842405503, "spark.executor.instances": 6.267435708462355, "spark.executor.memory": 2.43, "spark.executor.memoryOverhead": 311.04, "spark.memory.fraction": 0.6573821661875877, "spark.memory.storageFraction": 0.7281442203696762, "spark.reducer.maxBlocksInFlightPerAddress": 1391098985.482451, "spark.reducer.maxSizeInFlight": 43.970948546827074, "spark.shuffle.file.buffer": 12.96}, "datetime": {"datetime": "2022-01-06 18:32:10", "elapsed": 0.322728, "delta": 0.02445}}
{"target": -2851.792090000002, "params": {"spark.default.parallelism": 162.0, "spark.executor.cores": 2.8975706269437915, "spark.executor.instances": 7.072649892985176, "spark.executor.memory": 3.6758051510379093, "spark.executor.memoryOverhead": 311.04, "spark.memory.fraction": 0.678569999138655, "spark.memory.storageFraction": 0.8088630552912286, "spark.reducer.maxBlocksInFlightPerAddress": 1408293442.0701315, "spark.reducer.maxSizeInFlight": 47.18082832280097, "spark.shuffle.file.buffer": 12.96}, "datetime": {"datetime": "2022-01-06 18:32:10", "elapsed": 0.347669, "delta": 0.024941}}
{"target": -2849.685690000001, "params": {"spark.default.parallelism": 174.0138302782656, "spark.executor.cores": 1.2988839851969065, "spark.executor.instances": 3.24, "spark.executor.memory": 3.813004080394281, "spark.executor.memoryOverhead": 341.007558551458, "spark.memory.fraction": 0.8272733621530646, "spark.memory.storageFraction": 0.4050000000000002, "spark.reducer.maxBlocksInFlightPerAddress": 1372672845.1025596, "spark.reducer.maxSizeInFlight": 25.823113252700132, "spark.shuffle.file.buffer": 12.96}, "datetime": {"datetime": "2022-01-06 18:32:10", "elapsed": 0.371604, "delta": 0.023935}}
{"target": -2797.425670000001, "params": {"spark.default.parallelism": 234.94962685807835, "spark.executor.cores": 1.305914109099744, "spark.executor.instances": 3.350477567980628, "spark.executor.memory": 3.599496176144754, "spark.executor.memoryOverhead": 311.1578181091533, "spark.memory.fraction": 0.5892900934925117, "spark.memory.storageFraction": 0.5202114897645949, "spark.reducer.maxBlocksInFlightPerAddress": 1269556452.1974335, "spark.reducer.maxSizeInFlight": 34.075551973220705, "spark.shuffle.file.buffer": 17.17208922687849}, "datetime": {"datetime": "2022-01-06 18:32:10", "elapsed": 0.396548, "delta": 0.024944}}
{"target": -2849.0512300000014, "params": {"spark.default.parallelism": 227.23209508376718, "spark.executor.cores": 1.7419289088477807, "spark.executor.instances": 3.24, "spark.executor.memory": 2.8119200069367523, "spark.executor.memoryOverhead": 311.04, "spark.memory.fraction": 0.7237237402632016, "spark.memory.storageFraction": 0.447006532730207, "spark.reducer.maxBlocksInFlightPerAddress": 1319880978.9627187, "spark.reducer.maxSizeInFlight": 19.56582913562246, "spark.shuffle.file.buffer": 12.96}, "datetime": {"datetime": "2022-01-06 18:32:10", "elapsed": 0.420492, "delta": 0.023944}}
{"target": -2797.421320000001, "params": {"spark.default.parallelism": 163.27775311859654, "spark.executor.cores": 0.9695145929002247, "spark.executor.instances": 3.2457177543155753, "spark.executor.memory": 4.523517694926407, "spark.executor.memoryOverhead": 311.04, "spark.memory.fraction": 0.8097928822632956, "spark.memory.storageFraction": 0.415615347748494, "spark.reducer.maxBlocksInFlightPerAddress": 1404048560.5120883, "spark.reducer.maxSizeInFlight": 45.16351344194136, "spark.shuffle.file.buffer": 16.730337093510883}, "datetime": {"datetime": "2022-01-06 18:32:10", "elapsed": 0.445488, "delta": 0.024996}}
{"target": -2852.4606600000016, "params": {"spark.default.parallelism": 162.0, "spark.executor.cores": 0.816154591319389, "spark.executor.instances": 4.098478342661075, "spark.executor.memory": 4.254348476558699, "spark.executor.memoryOverhead": 311.04, "spark.memory.fraction": 0.5172210087129189, "spark.memory.storageFraction": 0.5755657363871887, "spark.reducer.maxBlocksInFlightPerAddress": 1379959419.9527488, "spark.reducer.maxSizeInFlight": 29.46795526971256, "spark.shuffle.file.buffer": 14.149819160997506}, "datetime": {"datetime": "2022-01-06 18:32:10", "elapsed": 0.469859, "delta": 0.024371}}
{"target": -2811.666330000001, "params": {"spark.default.parallelism": 471.7347958176224, "spark.executor.cores": 1.4158234970816053, "spark.executor.instances": 6.7021902652564265, "spark.executor.memory": 6.307245827387211, "spark.executor.memoryOverhead": 512.8708848319183, "spark.memory.fraction": 0.5002018501106356, "spark.memory.storageFraction": 0.7529280134151459, "spark.reducer.maxBlocksInFlightPerAddress": 2027727390.8450725, "spark.reducer.maxSizeInFlight": 60.16555453095418, "spark.shuffle.file.buffer": 25.13734788014303}, "datetime": {"datetime": "2022-01-06 18:32:10", "elapsed": 0.534667, "delta": 0.064808}}
{"target": -2797.238750000002, "params": {"spark.default.parallelism": 486.2394357576476, "spark.executor.cores": 1.1541914177210235, "spark.executor.instances": 6.671555755962629, "spark.executor.memory": 6.093578670722904, "spark.executor.memoryOverhead": 597.20764129425, "spark.memory.fraction": 0.566908767886981, "spark.memory.storageFraction": 0.549952090389277, "spark.reducer.maxBlocksInFlightPerAddress": 1355843577.2816215, "spark.reducer.maxSizeInFlight": 25.570597125766916, "spark.shuffle.file.buffer": 35.34356290352122}, "datetime": {"datetime": "2022-01-06 18:32:10", "elapsed": 0.601488, "delta": 0.066821}}
{"target": -2798.9645400000013, "params": {"spark.default.parallelism": 265.99297625372975, "spark.executor.cores": 2.710912249803219, "spark.executor.instances": 7.179488483764702, "spark.executor.memory": 4.397167676389818, "spark.executor.memoryOverhead": 620.2671062595156, "spark.memory.fraction": 0.7223427035574222, "spark.memory.storageFraction": 0.6777398809728279, "spark.reducer.maxBlocksInFlightPerAddress": 1826051960.7028747, "spark.reducer.maxSizeInFlight": 41.6369158208802, "spark.shuffle.file.buffer": 47.86790957178454}, "datetime": {"datetime": "2022-01-06 18:32:11", "elapsed": 0.67519, "delta": 0.073702}}
{"target": -2797.0545800000004, "params": {"spark.default.parallelism": 345.9575059778214, "spark.executor.cores": 2.429394866291638, "spark.executor.instances": 7.0392250747115614, "spark.executor.memory": 6.962727483549804, "spark.executor.memoryOverhead": 766.7546950852324, "spark.memory.fraction": 0.5817279152607406, "spark.memory.storageFraction": 0.6331629966578163, "spark.reducer.maxBlocksInFlightPerAddress": 1211856221.2005877, "spark.reducer.maxSizeInFlight": 24.999809610364057, "spark.shuffle.file.buffer": 44.3916597706138}, "datetime": {"datetime": "2022-01-06 18:32:11", "elapsed": 0.748002, "delta": 0.072812}}
{"target": -2807.822400000001, "params": {"spark.default.parallelism": 280.45195687695133, "spark.executor.cores": 1.243244999059367, "spark.executor.instances": 6.491444310510021, "spark.executor.memory": 4.724482082144515, "spark.executor.memoryOverhead": 587.6287890158578, "spark.memory.fraction": 0.6934385279716476, "spark.memory.storageFraction": 0.5894932200870144, "spark.reducer.maxBlocksInFlightPerAddress": 2112623908.705553, "spark.reducer.maxSizeInFlight": 39.38805184459612, "spark.shuffle.file.buffer": 38.39361373640864}, "datetime": {"datetime": "2022-01-06 18:32:11", "elapsed": 0.822773, "delta": 0.074771}}
{"target": -2807.0062300000013, "params": {"spark.default.parallelism": 230.9067130890092, "spark.executor.cores": 1.8985399613249527, "spark.executor.instances": 6.349207892032901, "spark.executor.memory": 4.863152281530208, "spark.executor.memoryOverhead": 534.7836185254696, "spark.memory.fraction": 0.7827695753201128, "spark.memory.storageFraction": 0.5530067371631945, "spark.reducer.maxBlocksInFlightPerAddress": 2048344295.4161325, "spark.reducer.maxSizeInFlight": 58.012989078743686, "spark.shuffle.file.buffer": 45.970502274357244}, "datetime": {"datetime": "2022-01-06 18:32:11", "elapsed": 0.898013, "delta": 0.07524}}
{"target": -2795.806160000001, "params": {"spark.default.parallelism": 352.04651515700687, "spark.executor.cores": 1.5188513541685025, "spark.executor.instances": 7.885765277992592, "spark.executor.memory": 5.038123631538513, "spark.executor.memoryOverhead": 538.0941905619998, "spark.memory.fraction": 0.7052444345224423, "spark.memory.storageFraction": 0.5534462275676156, "spark.reducer.maxBlocksInFlightPerAddress": 1382175986.4515374, "spark.reducer.maxSizeInFlight": 28.14624059181522, "spark.shuffle.file.buffer": 42.30314185306119}, "datetime": {"datetime": "2022-01-06 18:32:11", "elapsed": 0.972913, "delta": 0.0749}}
{"target": -2796.8492400000014, "params": {"spark.default.parallelism": 270.4786092350405, "spark.executor.cores": 2.4918374940995762, "spark.executor.instances": 5.8573510013244245, "spark.executor.memory": 4.080125297767461, "spark.executor.memoryOverhead": 622.6011244461616, "spark.memory.fraction": 0.6823038593029572, "spark.memory.storageFraction": 0.6694246533007249, "spark.reducer.maxBlocksInFlightPerAddress": 1737397985.9944415, "spark.reducer.maxSizeInFlight": 37.71184295557874, "spark.shuffle.file.buffer": 39.388692138875044}, "datetime": {"datetime": "2022-01-06 18:32:11", "elapsed": 1.047163, "delta": 0.07425}}
{"target": -2798.4134800000015, "params": {"spark.default.parallelism": 292.1189803826157, "spark.executor.cores": 2.138498435927387, "spark.executor.instances": 4.207283138125501, "spark.executor.memory": 4.730596523410366, "spark.executor.memoryOverhead": 742.2134768483536, "spark.memory.fraction": 0.7050624040282509, "spark.memory.storageFraction": 0.5760350924159015, "spark.reducer.maxBlocksInFlightPerAddress": 1446856239.9477859, "spark.reducer.maxSizeInFlight": 71.16904767547007, "spark.shuffle.file.buffer": 25.254765771556578}, "datetime": {"datetime": "2022-01-06 18:32:11", "elapsed": 1.127947, "delta": 0.080784}}
{"target": -2797.060220000001, "params": {"spark.default.parallelism": 498.4717374322219, "spark.executor.cores": 2.539917230819132, "spark.executor.instances": 6.5898180666693005, "spark.executor.memory": 3.8215193600816875, "spark.executor.memoryOverhead": 743.2327144178248, "spark.memory.fraction": 0.570280188682581, "spark.memory.storageFraction": 0.5409804876852686, "spark.reducer.maxBlocksInFlightPerAddress": 1796569176.0152788, "spark.reducer.maxSizeInFlight": 55.31720373195644, "spark.shuffle.file.buffer": 28.561055631620878}, "datetime": {"datetime": "2022-01-06 18:32:11", "elapsed": 1.208734, "delta": 0.080787}}
{"target": -2814.436630000001, "params": {"spark.default.parallelism": 413.7850037130409, "spark.executor.cores": 1.827494092927964, "spark.executor.instances": 4.8503452289778615, "spark.executor.memory": 5.4242841483608775, "spark.executor.memoryOverhead": 408.8068662636944, "spark.memory.fraction": 0.7341725892850932, "spark.memory.storageFraction": 0.8735424684303739, "spark.reducer.maxBlocksInFlightPerAddress": 2081493733.5344758, "spark.reducer.maxSizeInFlight": 52.747772396926045, "spark.shuffle.file.buffer": 23.87998667477134}, "datetime": {"datetime": "2022-01-06 18:32:11", "elapsed": 1.291544, "delta": 0.08281}}
{"target": -2800.3888200000015, "params": {"spark.default.parallelism": 400.53448423977983, "spark.executor.cores": 2.612543789936108, "spark.executor.instances": 4.054246955151147, "spark.executor.memory": 3.9729449889677464, "spark.executor.memoryOverhead": 395.7873595033749, "spark.memory.fraction": 0.8233478287621234, "spark.memory.storageFraction": 0.7522999669195276, "spark.reducer.maxBlocksInFlightPerAddress": 1776947474.9269054, "spark.reducer.maxSizeInFlight": 25.76639049759963, "spark.shuffle.file.buffer": 43.471057799957265}, "datetime": {"datetime": "2022-01-06 18:32:11", "elapsed": 1.373302, "delta": 0.081758}}
{"target": -2793.2196100000006, "params": {"spark.default.parallelism": 236.09576172880827, "spark.executor.cores": 2.331947870755529, "spark.executor.instances": 5.78655651577885, "spark.executor.memory": 4.124187264299631, "spark.executor.memoryOverhead": 384.7633157244881, "spark.memory.fraction": 0.7776508697863813, "spark.memory.storageFraction": 0.5155972233384881, "spark.reducer.maxBlocksInFlightPerAddress": 1196805476.3922563, "spark.reducer.maxSizeInFlight": 26.61458643576564, "spark.shuffle.file.buffer": 43.584902679939866}, "datetime": {"datetime": "2022-01-06 18:32:11", "elapsed": 1.458786, "delta": 0.085484}}
{"target": -2802.9760200000014, "params": {"spark.default.parallelism": 204.9017160613747, "spark.executor.cores": 1.9712310559517778, "spark.executor.instances": 4.170617782473027, "spark.executor.memory": 5.540753735042669, "spark.executor.memoryOverhead": 823.4181514985374, "spark.memory.fraction": 0.6590273103375737, "spark.memory.storageFraction": 0.6301248762774985, "spark.reducer.maxBlocksInFlightPerAddress": 1983374571.603139, "spark.reducer.maxSizeInFlight": 49.303360771004854, "spark.shuffle.file.buffer": 40.022710909864735}, "datetime": {"datetime": "2022-01-06 18:32:11", "elapsed": 1.531608, "delta": 0.072822}}
{"target": -2796.1052900000013, "params": {"spark.default.parallelism": 213.86029833034144, "spark.executor.cores": 2.319578157385472, "spark.executor.instances": 7.280035033397785, "spark.executor.memory": 5.328857938753822, "spark.executor.memoryOverhead": 740.5185399292209, "spark.memory.fraction": 0.8874447704925226, "spark.memory.storageFraction": 0.5359940782173956, "spark.reducer.maxBlocksInFlightPerAddress": 1918499447.3820412, "spark.reducer.maxSizeInFlight": 35.84117371217542, "spark.shuffle.file.buffer": 27.27668282479911}, "datetime": {"datetime": "2022-01-06 18:32:12", "elapsed": 1.613385, "delta": 0.081777}}
