{"target": -2796.330230000001, "params": {"spark.default.parallelism": 354.5343640390908, "spark.executor.cores": 2.7979543668219065, "spark.executor.instances": 5.588731343557668, "spark.executor.memory": 4.329024849385059, "spark.executor.memoryOverhead": 617.3080504255868, "spark.memory.fraction": 0.8489537453262455, "spark.memory.storageFraction": 0.6654564240597145, "spark.reducer.maxBlocksInFlightPerAddress": 1556667716.9955568, "spark.reducer.maxSizeInFlight": 42.763800341976335, "spark.shuffle.file.buffer": 41.85970490235746}, "datetime": {"datetime": "2022-01-06 18:32:15", "elapsed": 5.15789, "delta": 0.10471}}
{"target": -2801.2634100000014, "params": {"spark.default.parallelism": 436.3102272110648, "spark.executor.cores": 2.0760861016261485, "spark.executor.instances": 5.1763833705245785, "spark.executor.memory": 6.472528602344839, "spark.executor.memoryOverhead": 618.3773903948004, "spark.memory.fraction": 0.620656569546902, "spark.memory.storageFraction": 0.7367187043968723, "spark.reducer.maxBlocksInFlightPerAddress": 1274463379.7435193, "spark.reducer.maxSizeInFlight": 66.15201258991445, "spark.shuffle.file.buffer": 16.996101291504235}, "datetime": {"datetime": "2022-01-06 18:32:15", "elapsed": 5.285662, "delta": 0.127772}}
{"target": -2796.947330000002, "params": {"spark.default.parallelism": 217.95477186659178, "spark.executor.cores": 1.8317115212411903, "spark.executor.instances": 6.323096633516238, "spark.executor.memory": 6.258761331476979, "spark.executor.memoryOverhead": 485.1115298886947, "spark.memory.fraction": 0.7731835780818164, "spark.memory.storageFraction": 0.5541942099555655, "spark.reducer.maxBlocksInFlightPerAddress": 1596383508.6765504, "spark.reducer.maxSizeInFlight": 36.5215936331256, "spark.shuffle.file.buffer": 25.737650539840306}, "datetime": {"datetime": "2022-01-06 18:32:15", "elapsed": 5.403733, "delta": 0.118071}}
{"target": -2812.764570000001, "params": {"spark.default.parallelism": 392.7954077691935, "spark.executor.cores": 1.0295212997944638, "spark.executor.instances": 7.34228919794308, "spark.executor.memory": 6.157569454118771, "spark.executor.memoryOverhead": 821.844087115419, "spark.memory.fraction": 0.7225695258079433, "spark.memory.storageFraction": 0.7593910426275385, "spark.reducer.maxBlocksInFlightPerAddress": 2069869552.0445514, "spark.reducer.maxSizeInFlight": 59.64199214167872, "spark.shuffle.file.buffer": 26.953381169763883}, "datetime": {"datetime": "2022-01-06 18:32:15", "elapsed": 5.532552, "delta": 0.128819}}
{"target": -2798.2280600000017, "params": {"spark.default.parallelism": 286.21530470479655, "spark.executor.cores": 2.6060909059346162, "spark.executor.instances": 5.082972420896821, "spark.executor.memory": 6.011630103347061, "spark.executor.memoryOverhead": 520.5073090197099, "spark.memory.fraction": 0.5235837800034975, "spark.memory.storageFraction": 0.8780370109991116, "spark.reducer.maxBlocksInFlightPerAddress": 1556832393.5350301, "spark.reducer.maxSizeInFlight": 49.42576809395776, "spark.shuffle.file.buffer": 22.25132450009078}, "datetime": {"datetime": "2022-01-06 18:32:16", "elapsed": 5.655224, "delta": 0.122672}}
{"target": -2804.508810000002, "params": {"spark.default.parallelism": 465.5783993990668, "spark.executor.cores": 1.6588688714597994, "spark.executor.instances": 6.717676913188203, "spark.executor.memory": 3.0415263869182834, "spark.executor.memoryOverhead": 597.8898483714014, "spark.memory.fraction": 0.5230828885300839, "spark.memory.storageFraction": 0.7043302266581761, "spark.reducer.maxBlocksInFlightPerAddress": 1936079967.9553044, "spark.reducer.maxSizeInFlight": 64.51204855908169, "spark.shuffle.file.buffer": 44.70268559598256}, "datetime": {"datetime": "2022-01-06 18:32:16", "elapsed": 5.779516, "delta": 0.124292}}
{"target": -2800.1163100000017, "params": {"spark.default.parallelism": 437.8418205802506, "spark.executor.cores": 2.722209136850199, "spark.executor.instances": 7.617470948044338, "spark.executor.memory": 6.764932548251778, "spark.executor.memoryOverhead": 402.93644840011933, "spark.memory.fraction": 0.6539128283816819, "spark.memory.storageFraction": 0.7240865174277682, "spark.reducer.maxBlocksInFlightPerAddress": 1403883625.6395674, "spark.reducer.maxSizeInFlight": 59.20762772264685, "spark.shuffle.file.buffer": 43.34996813923617}, "datetime": {"datetime": "2022-01-06 18:32:16", "elapsed": 5.921138, "delta": 0.141622}}
{"target": -2797.400560000001, "params": {"spark.default.parallelism": 315.8987868191236, "spark.executor.cores": 2.4123871402000665, "spark.executor.instances": 5.323681900159125, "spark.executor.memory": 6.150514280741833, "spark.executor.memoryOverhead": 662.1963789276472, "spark.memory.fraction": 0.6314341939990399, "spark.memory.storageFraction": 0.7808648395520477, "spark.reducer.maxBlocksInFlightPerAddress": 1596212839.774373, "spark.reducer.maxSizeInFlight": 55.24740720467804, "spark.shuffle.file.buffer": 43.035494932805875}, "datetime": {"datetime": "2022-01-06 18:32:16", "elapsed": 6.061395, "delta": 0.140257}}
{"target": -2810.6783000000014, "params": {"spark.default.parallelism": 422.71754570274766, "spark.executor.cores": 2.1997742412008607, "spark.executor.instances": 7.445781438739136, "spark.executor.memory": 3.0730369525566585, "spark.executor.memoryOverhead": 779.9518569013846, "spark.memory.fraction": 0.5514138630121824, "spark.memory.storageFraction": 0.6147101937526496, "spark.reducer.maxBlocksInFlightPerAddress": 2095265716.7508826, "spark.reducer.maxSizeInFlight": 32.54826267023497, "spark.shuffle.file.buffer": 26.894352077651057}, "datetime": {"datetime": "2022-01-06 18:32:16", "elapsed": 6.172097, "delta": 0.110702}}
{"target": -2796.9794400000014, "params": {"spark.default.parallelism": 458.09749398689087, "spark.executor.cores": 2.661245799824008, "spark.executor.instances": 4.426794086054802, "spark.executor.memory": 6.8762044227887, "spark.executor.memoryOverhead": 682.2131935399509, "spark.memory.fraction": 0.82617386872442, "spark.memory.storageFraction": 0.6578062250135476, "spark.reducer.maxBlocksInFlightPerAddress": 1545396242.9497428, "spark.reducer.maxSizeInFlight": 70.70210158302942, "spark.shuffle.file.buffer": 36.439476061240384}, "datetime": {"datetime": "2022-01-06 18:32:16", "elapsed": 6.32614, "delta": 0.154043}}
{"target": -2797.8402600000018, "params": {"spark.default.parallelism": 370.94990081368843, "spark.executor.cores": 1.279294007800544, "spark.executor.instances": 7.453835590949533, "spark.executor.memory": 5.551647432798276, "spark.executor.memoryOverhead": 573.429957506149, "spark.memory.fraction": 0.8940143119011665, "spark.memory.storageFraction": 0.7442726062791957, "spark.reducer.maxBlocksInFlightPerAddress": 1596549055.847077, "spark.reducer.maxSizeInFlight": 71.55390980231587, "spark.shuffle.file.buffer": 36.1841784650092}, "datetime": {"datetime": "2022-01-06 18:32:16", "elapsed": 6.463605, "delta": 0.137465}}
