{"target": -2800.9202800000016, "params": {"spark.default.parallelism": 477.25410838150543, "spark.executor.cores": 2.2711400950722425, "spark.executor.instances": 4.272708982729179, "spark.executor.memory": 5.256953795235924, "spark.executor.memoryOverhead": 410.7795145856541, "spark.memory.fraction": 0.7051646235665019, "spark.memory.storageFraction": 0.5943442003183129, "spark.reducer.maxBlocksInFlightPerAddress": 1369018834.525621, "spark.reducer.maxSizeInFlight": 65.03483547435525, "spark.shuffle.file.buffer": 32.49895824515511}, "datetime": {"datetime": "2022-01-06 18:29:08", "elapsed": 0.0, "delta": 0.0}}
{"target": -2809.028460000001, "params": {"spark.default.parallelism": 213.89129762461374, "spark.executor.cores": 2.1624932228376608, "spark.executor.instances": 5.478996707150538, "spark.executor.memory": 6.971103198026669, "spark.executor.memoryOverhead": 829.656674219012, "spark.memory.fraction": 0.539059359396888, "spark.memory.storageFraction": 0.8417227045902307, "spark.reducer.maxBlocksInFlightPerAddress": 2120975763.624258, "spark.reducer.maxSizeInFlight": 42.81619582050017, "spark.shuffle.file.buffer": 42.38561478150552}, "datetime": {"datetime": "2022-01-06 18:29:08", "elapsed": 0.025423, "delta": 0.025423}}
{"target": -2798.394990000001, "params": {"spark.default.parallelism": 374.88799559756853, "spark.executor.cores": 1.3368532012900678, "spark.executor.instances": 6.206742213852905, "spark.executor.memory": 4.433875810096994, "spark.executor.memoryOverhead": 822.9981521967878, "spark.memory.fraction": 0.693597754178548, "spark.memory.storageFraction": 0.8670289502604285, "spark.reducer.maxBlocksInFlightPerAddress": 1576475837.8508935, "spark.reducer.maxSizeInFlight": 49.25000919289946, "spark.shuffle.file.buffer": 35.2433125411306}, "datetime": {"datetime": "2022-01-06 18:29:08", "elapsed": 0.050354, "delta": 0.024931}}
{"target": -2802.1659400000003, "params": {"spark.default.parallelism": 413.74219948404823, "spark.executor.cores": 1.4065580094487309, "spark.executor.instances": 4.696743320974042, "spark.executor.memory": 5.466583249815245, "spark.executor.memoryOverhead": 455.8354604286754, "spark.memory.fraction": 0.7482384557166446, "spark.memory.storageFraction": 0.764719853437539, "spark.reducer.maxBlocksInFlightPerAddress": 1228993367.9622812, "spark.reducer.maxSizeInFlight": 36.44202715046817, "spark.shuffle.file.buffer": 47.69413230331741}, "datetime": {"datetime": "2022-01-06 18:29:08", "elapsed": 0.075287, "delta": 0.024933}}
{"target": -2803.1252700000014, "params": {"spark.default.parallelism": 258.55507639809844, "spark.executor.cores": 1.0537915756710212, "spark.executor.instances": 5.0231994606530135, "spark.executor.memory": 4.633815770522369, "spark.executor.memoryOverhead": 487.2157215351444, "spark.memory.fraction": 0.8716871045787029, "spark.memory.storageFraction": 0.5039682130614314, "spark.reducer.maxBlocksInFlightPerAddress": 1940500206.817526, "spark.reducer.maxSizeInFlight": 61.850629728976436, "spark.shuffle.file.buffer": 19.973183297070303}, "datetime": {"datetime": "2022-01-06 18:29:08", "elapsed": 0.099223, "delta": 0.023936}}
{"target": -2854.4069200000017, "params": {"spark.default.parallelism": 396.540081983578, "spark.executor.cores": 2.759039692765646, "spark.executor.instances": 6.941135061542716, "spark.executor.memory": 3.0289022330912276, "spark.executor.memoryOverhead": 773.263872608306, "spark.memory.fraction": 0.625288712097279, "spark.memory.storageFraction": 0.6289133389230778, "spark.reducer.maxBlocksInFlightPerAddress": 1810679812.165917, "spark.reducer.maxSizeInFlight": 28.52191874917652, "spark.shuffle.file.buffer": 16.259348296195636}, "datetime": {"datetime": "2022-01-06 18:29:08", "elapsed": 0.124254, "delta": 0.025031}}
{"target": -2800.2542500000004, "params": {"spark.default.parallelism": 329.70541483418634, "spark.executor.cores": 1.9423934097762157, "spark.executor.instances": 7.897299408617043, "spark.executor.memory": 4.126108408070474, "spark.executor.memoryOverhead": 709.4688965779362, "spark.memory.fraction": 0.5545344928897795, "spark.memory.storageFraction": 0.6847976017052259, "spark.reducer.maxBlocksInFlightPerAddress": 1091573031.4959216, "spark.reducer.maxSizeInFlight": 45.25203603715926, "spark.shuffle.file.buffer": 22.48171875120234}, "datetime": {"datetime": "2022-01-06 18:29:08", "elapsed": 0.1492, "delta": 0.024946}}
{"target": -2798.610990000001, "params": {"spark.default.parallelism": 299.6473914380068, "spark.executor.cores": 2.8271071352982347, "spark.executor.instances": 5.729193645975426, "spark.executor.memory": 6.27380969389815, "spark.executor.memoryOverhead": 629.4874629073595, "spark.memory.fraction": 0.81503711793105, "spark.memory.storageFraction": 0.7936702345710098, "spark.reducer.maxBlocksInFlightPerAddress": 1467216725.18745, "spark.reducer.maxSizeInFlight": 31.577878834787864, "spark.shuffle.file.buffer": 39.07765693149534}, "datetime": {"datetime": "2022-01-06 18:29:08", "elapsed": 0.173669, "delta": 0.024469}}
{"target": -2798.810520000002, "params": {"spark.default.parallelism": 273.6403721373837, "spark.executor.cores": 2.4309711080836305, "spark.executor.instances": 7.2280199701256524, "spark.executor.memory": 3.6954197838989225, "spark.executor.memoryOverhead": 656.8047740658503, "spark.memory.fraction": 0.604748423278007, "spark.memory.storageFraction": 0.5715953257489425, "spark.reducer.maxBlocksInFlightPerAddress": 1878353158.9049687, "spark.reducer.maxSizeInFlight": 56.594144221966786, "spark.shuffle.file.buffer": 30.869985890561864}, "datetime": {"datetime": "2022-01-06 18:29:08", "elapsed": 0.198587, "delta": 0.024918}}
{"target": -2798.4408400000025, "params": {"spark.default.parallelism": 468.58809436745156, "spark.executor.cores": 1.603726037070961, "spark.executor.instances": 6.795243429059674, "spark.executor.memory": 5.855181586199452, "spark.executor.memoryOverhead": 567.302113637297, "spark.memory.fraction": 0.8538473243440072, "spark.memory.storageFraction": 0.7027253107604691, "spark.reducer.maxBlocksInFlightPerAddress": 1711316575.620726, "spark.reducer.maxSizeInFlight": 69.19105956660792, "spark.shuffle.file.buffer": 28.743165164022983}, "datetime": {"datetime": "2022-01-06 18:29:08", "elapsed": 0.222582, "delta": 0.023995}}
{"target": -2850.4124800000013, "params": {"spark.default.parallelism": 314.57063187904623, "spark.executor.cores": 2.624911520770251, "spark.executor.instances": 4.916396645824873, "spark.executor.memory": 3.4607921488098086, "spark.executor.memoryOverhead": 532.6769296866664, "spark.memory.fraction": 0.43742227944057355, "spark.memory.storageFraction": 0.6775049704049618, "spark.reducer.maxBlocksInFlightPerAddress": 1327054937.1100776, "spark.reducer.maxSizeInFlight": 30.295560024733255, "spark.shuffle.file.buffer": 13.322080111325104}, "datetime": {"datetime": "2022-01-06 18:29:08", "elapsed": 0.247553, "delta": 0.024971}}
{"target": -2853.243010000002, "params": {"spark.default.parallelism": 308.82680801545047, "spark.executor.cores": 2.451670508680619, "spark.executor.instances": 3.24, "spark.executor.memory": 4.420838437052324, "spark.executor.memoryOverhead": 311.03999999999996, "spark.memory.fraction": 0.5321490222635296, "spark.memory.storageFraction": 0.7748434116157563, "spark.reducer.maxBlocksInFlightPerAddress": 1397016919.7865295, "spark.reducer.maxSizeInFlight": 19.44, "spark.shuffle.file.buffer": 12.96}, "datetime": {"datetime": "2022-01-06 18:29:08", "elapsed": 0.272516, "delta": 0.024963}}
{"target": -2869.6978200000017, "params": {"spark.default.parallelism": 324.70683469294124, "spark.executor.cores": 1.8359279296326718, "spark.executor.instances": 3.3951368537846527, "spark.executor.memory": 2.4299999999999993, "spark.executor.memoryOverhead": 464.5031878120961, "spark.memory.fraction": 0.5243411549120601, "spark.memory.storageFraction": 0.5862455079661283, "spark.reducer.maxBlocksInFlightPerAddress": 1263693669.401574, "spark.reducer.maxSizeInFlight": 19.44, "spark.shuffle.file.buffer": 12.96}, "datetime": {"datetime": "2022-01-06 18:29:08", "elapsed": 0.29735, "delta": 0.024834}}
{"target": -2798.284870000002, "params": {"spark.default.parallelism": 246.9610071251806, "spark.executor.cores": 1.5830770048221112, "spark.executor.instances": 4.159764904725312, "spark.executor.memory": 2.7418874506855175, "spark.executor.memoryOverhead": 341.36233446759786, "spark.memory.fraction": 0.40499999999999997, "spark.memory.storageFraction": 0.8282749695213305, "spark.reducer.maxBlocksInFlightPerAddress": 1385616790.1564612, "spark.reducer.maxSizeInFlight": 19.68367790915732, "spark.shuffle.file.buffer": 23.90229839149099}, "datetime": {"datetime": "2022-01-06 18:29:08", "elapsed": 0.322291, "delta": 0.024941}}
{"target": -2849.2739800000018, "params": {"spark.default.parallelism": 285.9784689599006, "spark.executor.cores": 1.3235193622210142, "spark.executor.instances": 3.2820085301728743, "spark.executor.memory": 3.3098098802643108, "spark.executor.memoryOverhead": 380.9929087939029, "spark.memory.fraction": 0.41015696400436547, "spark.memory.storageFraction": 0.5381182466674401, "spark.reducer.maxBlocksInFlightPerAddress": 1212126225.9388654, "spark.reducer.maxSizeInFlight": 19.44, "spark.shuffle.file.buffer": 15.613343811587928}, "datetime": {"datetime": "2022-01-06 18:29:08", "elapsed": 0.346543, "delta": 0.024252}}
{"target": -2851.225670000001, "params": {"spark.default.parallelism": 268.99200135925565, "spark.executor.cores": 1.6128441548767454, "spark.executor.instances": 3.5667807684989445, "spark.executor.memory": 2.6929356717326063, "spark.executor.memoryOverhead": 362.6139379467493, "spark.memory.fraction": 0.8130446199148824, "spark.memory.storageFraction": 0.5193550839651218, "spark.reducer.maxBlocksInFlightPerAddress": 1004579964.6316135, "spark.reducer.maxSizeInFlight": 23.419050774411442, "spark.shuffle.file.buffer": 15.18570676834873}, "datetime": {"datetime": "2022-01-06 18:29:08", "elapsed": 0.371483, "delta": 0.02494}}
{"target": -2849.404570000001, "params": {"spark.default.parallelism": 238.17743312415968, "spark.executor.cores": 0.9209696910020305, "spark.executor.instances": 3.9127156124510942, "spark.executor.memory": 3.399837752027895, "spark.executor.memoryOverhead": 508.01522407435107, "spark.memory.fraction": 0.6326209485450878, "spark.memory.storageFraction": 0.4198702800436485, "spark.reducer.maxBlocksInFlightPerAddress": 1190494667.6040096, "spark.reducer.maxSizeInFlight": 29.169325119183746, "spark.shuffle.file.buffer": 12.96}, "datetime": {"datetime": "2022-01-06 18:29:08", "elapsed": 0.396975, "delta": 0.025492}}
{"target": -2854.3321600000013, "params": {"spark.default.parallelism": 295.3277840707896, "spark.executor.cores": 1.325150711539222, "spark.executor.instances": 3.24, "spark.executor.memory": 4.18974689898902, "spark.executor.memoryOverhead": 426.91592983235813, "spark.memory.fraction": 0.6950539672276544, "spark.memory.storageFraction": 0.40499999999999997, "spark.reducer.maxBlocksInFlightPerAddress": 878172365.1615032, "spark.reducer.maxSizeInFlight": 39.23592012652591, "spark.shuffle.file.buffer": 13.550699454796618}, "datetime": {"datetime": "2022-01-06 18:29:08", "elapsed": 0.420911, "delta": 0.023936}}
{"target": -2815.640250000001, "params": {"spark.default.parallelism": 308.62175403382753, "spark.executor.cores": 1.78051724192982, "spark.executor.instances": 3.2538757940227265, "spark.executor.memory": 2.457691065320832, "spark.executor.memoryOverhead": 559.412900576907, "spark.memory.fraction": 0.8771904709337426, "spark.memory.storageFraction": 0.5510486931067721, "spark.reducer.maxBlocksInFlightPerAddress": 1082682788.301379, "spark.reducer.maxSizeInFlight": 19.44, "spark.shuffle.file.buffer": 20.452962424400248}, "datetime": {"datetime": "2022-01-06 18:29:08", "elapsed": 0.445725, "delta": 0.024814}}
{"target": -2798.6477800000016, "params": {"spark.default.parallelism": 171.75994624785469, "spark.executor.cores": 1.2236835871460514, "spark.executor.instances": 4.984762905020965, "spark.executor.memory": 3.7415931565255125, "spark.executor.memoryOverhead": 461.0022689392661, "spark.memory.fraction": 0.5593218714930317, "spark.memory.storageFraction": 0.47160687217292285, "spark.reducer.maxBlocksInFlightPerAddress": 1351960190.2021565, "spark.reducer.maxSizeInFlight": 19.981024473233177, "spark.shuffle.file.buffer": 25.607744033701906}, "datetime": {"datetime": "2022-01-06 18:29:08", "elapsed": 0.47126, "delta": 0.025535}}
{"target": -2811.666330000001, "params": {"spark.default.parallelism": 471.7347958176224, "spark.executor.cores": 1.4158234970816053, "spark.executor.instances": 6.7021902652564265, "spark.executor.memory": 6.307245827387211, "spark.executor.memoryOverhead": 512.8708848319183, "spark.memory.fraction": 0.5002018501106356, "spark.memory.storageFraction": 0.7529280134151459, "spark.reducer.maxBlocksInFlightPerAddress": 2027727390.8450725, "spark.reducer.maxSizeInFlight": 60.16555453095418, "spark.shuffle.file.buffer": 25.13734788014303}, "datetime": {"datetime": "2022-01-06 18:29:08", "elapsed": 0.547371, "delta": 0.076111}}
{"target": -2797.238750000002, "params": {"spark.default.parallelism": 486.2394357576476, "spark.executor.cores": 1.1541914177210235, "spark.executor.instances": 6.671555755962629, "spark.executor.memory": 6.093578670722904, "spark.executor.memoryOverhead": 597.20764129425, "spark.memory.fraction": 0.566908767886981, "spark.memory.storageFraction": 0.549952090389277, "spark.reducer.maxBlocksInFlightPerAddress": 1355843577.2816215, "spark.reducer.maxSizeInFlight": 25.570597125766916, "spark.shuffle.file.buffer": 35.34356290352122}, "datetime": {"datetime": "2022-01-06 18:29:08", "elapsed": 0.616185, "delta": 0.068814}}
{"target": -2798.9645400000013, "params": {"spark.default.parallelism": 265.99297625372975, "spark.executor.cores": 2.710912249803219, "spark.executor.instances": 7.179488483764702, "spark.executor.memory": 4.397167676389818, "spark.executor.memoryOverhead": 620.2671062595156, "spark.memory.fraction": 0.7223427035574222, "spark.memory.storageFraction": 0.6777398809728279, "spark.reducer.maxBlocksInFlightPerAddress": 1826051960.7028747, "spark.reducer.maxSizeInFlight": 41.6369158208802, "spark.shuffle.file.buffer": 47.86790957178454}, "datetime": {"datetime": "2022-01-06 18:29:08", "elapsed": 0.683193, "delta": 0.067008}}
{"target": -2797.0545800000004, "params": {"spark.default.parallelism": 345.9575059778214, "spark.executor.cores": 2.429394866291638, "spark.executor.instances": 7.0392250747115614, "spark.executor.memory": 6.962727483549804, "spark.executor.memoryOverhead": 766.7546950852324, "spark.memory.fraction": 0.5817279152607406, "spark.memory.storageFraction": 0.6331629966578163, "spark.reducer.maxBlocksInFlightPerAddress": 1211856221.2005877, "spark.reducer.maxSizeInFlight": 24.999809610364057, "spark.shuffle.file.buffer": 44.3916597706138}, "datetime": {"datetime": "2022-01-06 18:29:08", "elapsed": 0.749046, "delta": 0.065853}}
{"target": -2807.822400000001, "params": {"spark.default.parallelism": 280.45195687695133, "spark.executor.cores": 1.243244999059367, "spark.executor.instances": 6.491444310510021, "spark.executor.memory": 4.724482082144515, "spark.executor.memoryOverhead": 587.6287890158578, "spark.memory.fraction": 0.6934385279716476, "spark.memory.storageFraction": 0.5894932200870144, "spark.reducer.maxBlocksInFlightPerAddress": 2112623908.705553, "spark.reducer.maxSizeInFlight": 39.38805184459612, "spark.shuffle.file.buffer": 38.39361373640864}, "datetime": {"datetime": "2022-01-06 18:29:08", "elapsed": 0.816864, "delta": 0.067818}}
{"target": -2807.0062300000013, "params": {"spark.default.parallelism": 230.9067130890092, "spark.executor.cores": 1.8985399613249527, "spark.executor.instances": 6.349207892032901, "spark.executor.memory": 4.863152281530208, "spark.executor.memoryOverhead": 534.7836185254696, "spark.memory.fraction": 0.7827695753201128, "spark.memory.storageFraction": 0.5530067371631945, "spark.reducer.maxBlocksInFlightPerAddress": 2048344295.4161325, "spark.reducer.maxSizeInFlight": 58.012989078743686, "spark.shuffle.file.buffer": 45.970502274357244}, "datetime": {"datetime": "2022-01-06 18:29:08", "elapsed": 0.887912, "delta": 0.071048}}
{"target": -2795.806160000001, "params": {"spark.default.parallelism": 352.04651515700687, "spark.executor.cores": 1.5188513541685025, "spark.executor.instances": 7.885765277992592, "spark.executor.memory": 5.038123631538513, "spark.executor.memoryOverhead": 538.0941905619998, "spark.memory.fraction": 0.7052444345224423, "spark.memory.storageFraction": 0.5534462275676156, "spark.reducer.maxBlocksInFlightPerAddress": 1382175986.4515374, "spark.reducer.maxSizeInFlight": 28.14624059181522, "spark.shuffle.file.buffer": 42.30314185306119}, "datetime": {"datetime": "2022-01-06 18:29:09", "elapsed": 0.964706, "delta": 0.076794}}
{"target": -2796.8492400000014, "params": {"spark.default.parallelism": 270.4786092350405, "spark.executor.cores": 2.4918374940995762, "spark.executor.instances": 5.8573510013244245, "spark.executor.memory": 4.080125297767461, "spark.executor.memoryOverhead": 622.6011244461616, "spark.memory.fraction": 0.6823038593029572, "spark.memory.storageFraction": 0.6694246533007249, "spark.reducer.maxBlocksInFlightPerAddress": 1737397985.9944415, "spark.reducer.maxSizeInFlight": 37.71184295557874, "spark.shuffle.file.buffer": 39.388692138875044}, "datetime": {"datetime": "2022-01-06 18:29:09", "elapsed": 1.039511, "delta": 0.074805}}
{"target": -2798.4134800000015, "params": {"spark.default.parallelism": 292.1189803826157, "spark.executor.cores": 2.138498435927387, "spark.executor.instances": 4.207283138125501, "spark.executor.memory": 4.730596523410366, "spark.executor.memoryOverhead": 742.2134768483536, "spark.memory.fraction": 0.7050624040282509, "spark.memory.storageFraction": 0.5760350924159015, "spark.reducer.maxBlocksInFlightPerAddress": 1446856239.9477859, "spark.reducer.maxSizeInFlight": 71.16904767547007, "spark.shuffle.file.buffer": 25.254765771556578}, "datetime": {"datetime": "2022-01-06 18:29:09", "elapsed": 1.111326, "delta": 0.071815}}
{"target": -2797.060220000001, "params": {"spark.default.parallelism": 498.4717374322219, "spark.executor.cores": 2.539917230819132, "spark.executor.instances": 6.5898180666693005, "spark.executor.memory": 3.8215193600816875, "spark.executor.memoryOverhead": 743.2327144178248, "spark.memory.fraction": 0.570280188682581, "spark.memory.storageFraction": 0.5409804876852686, "spark.reducer.maxBlocksInFlightPerAddress": 1796569176.0152788, "spark.reducer.maxSizeInFlight": 55.31720373195644, "spark.shuffle.file.buffer": 28.561055631620878}, "datetime": {"datetime": "2022-01-06 18:29:09", "elapsed": 1.192216, "delta": 0.08089}}
{"target": -2814.436630000001, "params": {"spark.default.parallelism": 413.7850037130409, "spark.executor.cores": 1.827494092927964, "spark.executor.instances": 4.8503452289778615, "spark.executor.memory": 5.4242841483608775, "spark.executor.memoryOverhead": 408.8068662636944, "spark.memory.fraction": 0.7341725892850932, "spark.memory.storageFraction": 0.8735424684303739, "spark.reducer.maxBlocksInFlightPerAddress": 2081493733.5344758, "spark.reducer.maxSizeInFlight": 52.747772396926045, "spark.shuffle.file.buffer": 23.87998667477134}, "datetime": {"datetime": "2022-01-06 18:29:09", "elapsed": 1.267083, "delta": 0.074867}}
{"target": -2800.3888200000015, "params": {"spark.default.parallelism": 400.53448423977983, "spark.executor.cores": 2.612543789936108, "spark.executor.instances": 4.054246955151147, "spark.executor.memory": 3.9729449889677464, "spark.executor.memoryOverhead": 395.7873595033749, "spark.memory.fraction": 0.8233478287621234, "spark.memory.storageFraction": 0.7522999669195276, "spark.reducer.maxBlocksInFlightPerAddress": 1776947474.9269054, "spark.reducer.maxSizeInFlight": 25.76639049759963, "spark.shuffle.file.buffer": 43.471057799957265}, "datetime": {"datetime": "2022-01-06 18:29:09", "elapsed": 1.353563, "delta": 0.08648}}
{"target": -2793.2196100000006, "params": {"spark.default.parallelism": 236.09576172880827, "spark.executor.cores": 2.331947870755529, "spark.executor.instances": 5.78655651577885, "spark.executor.memory": 4.124187264299631, "spark.executor.memoryOverhead": 384.7633157244881, "spark.memory.fraction": 0.7776508697863813, "spark.memory.storageFraction": 0.5155972233384881, "spark.reducer.maxBlocksInFlightPerAddress": 1196805476.3922563, "spark.reducer.maxSizeInFlight": 26.61458643576564, "spark.shuffle.file.buffer": 43.584902679939866}, "datetime": {"datetime": "2022-01-06 18:29:09", "elapsed": 1.433328, "delta": 0.079765}}
{"target": -2802.9760200000014, "params": {"spark.default.parallelism": 204.9017160613747, "spark.executor.cores": 1.9712310559517778, "spark.executor.instances": 4.170617782473027, "spark.executor.memory": 5.540753735042669, "spark.executor.memoryOverhead": 823.4181514985374, "spark.memory.fraction": 0.6590273103375737, "spark.memory.storageFraction": 0.6301248762774985, "spark.reducer.maxBlocksInFlightPerAddress": 1983374571.603139, "spark.reducer.maxSizeInFlight": 49.303360771004854, "spark.shuffle.file.buffer": 40.022710909864735}, "datetime": {"datetime": "2022-01-06 18:29:09", "elapsed": 1.518526, "delta": 0.085198}}
{"target": -2796.1052900000013, "params": {"spark.default.parallelism": 213.86029833034144, "spark.executor.cores": 2.319578157385472, "spark.executor.instances": 7.280035033397785, "spark.executor.memory": 5.328857938753822, "spark.executor.memoryOverhead": 740.5185399292209, "spark.memory.fraction": 0.8874447704925226, "spark.memory.storageFraction": 0.5359940782173956, "spark.reducer.maxBlocksInFlightPerAddress": 1918499447.3820412, "spark.reducer.maxSizeInFlight": 35.84117371217542, "spark.shuffle.file.buffer": 27.27668282479911}, "datetime": {"datetime": "2022-01-06 18:29:09", "elapsed": 1.601309, "delta": 0.082783}}
