{"target": -2801.1273800000013, "params": {"spark.default.parallelism": 403.29072883093204, "spark.executor.cores": 1.1428259445709381, "spark.executor.instances": 5.055509341703034, "spark.executor.memory": 4.089493950251263, "spark.executor.memoryOverhead": 814.8602956765571, "spark.memory.fraction": 0.8216677192499114, "spark.memory.storageFraction": 0.8272722961110961, "spark.reducer.maxBlocksInFlightPerAddress": 1441517553.6519656, "spark.reducer.maxSizeInFlight": 27.615710957401838, "spark.shuffle.file.buffer": 16.537008330268282}, "datetime": {"datetime": "2022-01-06 19:03:11", "elapsed": 0.0, "delta": 0.0}}
{"target": -2809.1696100000013, "params": {"spark.default.parallelism": 493.6870520210198, "spark.executor.cores": 2.1073000359904803, "spark.executor.instances": 7.0697115599172875, "spark.executor.memory": 4.526091609985539, "spark.executor.memoryOverhead": 399.10909272398794, "spark.memory.fraction": 0.7028669561638513, "spark.memory.storageFraction": 0.5820014760306458, "spark.reducer.maxBlocksInFlightPerAddress": 2030086090.2688382, "spark.reducer.maxSizeInFlight": 40.881421532753265, "spark.shuffle.file.buffer": 44.6234694366394}, "datetime": {"datetime": "2022-01-06 19:03:11", "elapsed": 0.023959, "delta": 0.023959}}
{"target": -2794.3395700000005, "params": {"spark.default.parallelism": 274.5777796840233, "spark.executor.cores": 1.4832945471504058, "spark.executor.instances": 4.609961378498218, "spark.executor.memory": 5.268839369130167, "spark.executor.memoryOverhead": 709.9302933662821, "spark.memory.fraction": 0.5736418105283109, "spark.memory.storageFraction": 0.5159347504366288, "spark.reducer.maxBlocksInFlightPerAddress": 1245324193.2350266, "spark.reducer.maxSizeInFlight": 67.36725313246001, "spark.shuffle.file.buffer": 45.50971608339396}, "datetime": {"datetime": "2022-01-06 19:03:11", "elapsed": 0.049448, "delta": 0.025489}}
{"target": -2796.8093600000016, "params": {"spark.default.parallelism": 457.85113029940766, "spark.executor.cores": 1.6317712594690168, "spark.executor.instances": 4.091456094984043, "spark.executor.memory": 6.691934818211431, "spark.executor.memoryOverhead": 571.1368215336712, "spark.memory.fraction": 0.6525353999929702, "spark.memory.storageFraction": 0.7201493085394226, "spark.reducer.maxBlocksInFlightPerAddress": 1354175062.7551606, "spark.reducer.maxSizeInFlight": 65.38203029205597, "spark.shuffle.file.buffer": 39.47686732681774}, "datetime": {"datetime": "2022-01-06 19:03:11", "elapsed": 0.074383, "delta": 0.024935}}
{"target": -2796.79162, "params": {"spark.default.parallelism": 352.33307050455426, "spark.executor.cores": 1.8790267877451226, "spark.executor.instances": 7.797473445338042, "spark.executor.memory": 6.133683217433244, "spark.executor.memoryOverhead": 754.6546409098501, "spark.memory.fraction": 0.8715805954961406, "spark.memory.storageFraction": 0.6728547062439647, "spark.reducer.maxBlocksInFlightPerAddress": 1170888466.878842, "spark.reducer.maxSizeInFlight": 29.60242168319006, "spark.shuffle.file.buffer": 38.00793091961927}, "datetime": {"datetime": "2022-01-06 19:03:11", "elapsed": 0.099317, "delta": 0.024934}}
{"target": -2797.8689200000013, "params": {"spark.default.parallelism": 310.7372568867734, "spark.executor.cores": 2.280794350385518, "spark.executor.instances": 7.455447894378017, "spark.executor.memory": 5.784009192365829, "spark.executor.memoryOverhead": 857.586398027345, "spark.memory.fraction": 0.7770824125503011, "spark.memory.storageFraction": 0.6496124266821505, "spark.reducer.maxBlocksInFlightPerAddress": 1686441711.1743212, "spark.reducer.maxSizeInFlight": 52.29597886943484, "spark.shuffle.file.buffer": 32.452159053763154}, "datetime": {"datetime": "2022-01-06 19:03:11", "elapsed": 0.124249, "delta": 0.024932}}
{"target": -2811.2260300000016, "params": {"spark.default.parallelism": 432.7258003611512, "spark.executor.cores": 2.814081939307971, "spark.executor.instances": 5.347753024877539, "spark.executor.memory": 3.1665014220415846, "spark.executor.memoryOverhead": 454.1350915153893, "spark.memory.fraction": 0.5394147363169491, "spark.memory.storageFraction": 0.5582494844857255, "spark.reducer.maxBlocksInFlightPerAddress": 2059823780.6414344, "spark.reducer.maxSizeInFlight": 44.013690121779675, "spark.shuffle.file.buffer": 26.39861571863014}, "datetime": {"datetime": "2022-01-06 19:03:11", "elapsed": 0.148207, "delta": 0.023958}}
{"target": -2798.031140000001, "params": {"spark.default.parallelism": 250.92891779133018, "spark.executor.cores": 2.4808453539467936, "spark.executor.instances": 5.799288826164093, "spark.executor.memory": 3.6468274707973203, "spark.executor.memoryOverhead": 603.8657250799878, "spark.memory.fraction": 0.7917876331560284, "spark.memory.storageFraction": 0.874725767222039, "spark.reducer.maxBlocksInFlightPerAddress": 1579225637.8365011, "spark.reducer.maxSizeInFlight": 54.01787242550182, "spark.shuffle.file.buffer": 29.456623206905995}, "datetime": {"datetime": "2022-01-06 19:03:11", "elapsed": 0.172121, "delta": 0.023914}}
{"target": -2801.657430000002, "params": {"spark.default.parallelism": 325.991135747885, "spark.executor.cores": 1.2410416290841169, "spark.executor.instances": 6.7433733045707855, "spark.executor.memory": 6.437704119972692, "spark.executor.memoryOverhead": 675.2126226148889, "spark.memory.fraction": 0.671862092889714, "spark.memory.storageFraction": 0.7872359302053743, "spark.reducer.maxBlocksInFlightPerAddress": 1877603798.9093113, "spark.reducer.maxSizeInFlight": 36.49352181752833, "spark.shuffle.file.buffer": 24.73115503048843}, "datetime": {"datetime": "2022-01-06 19:03:11", "elapsed": 0.197077, "delta": 0.024956}}
{"target": -2801.0400300000015, "params": {"spark.default.parallelism": 229.44373695436818, "spark.executor.cores": 2.6657067240871446, "spark.executor.instances": 6.057733472699587, "spark.executor.memory": 4.906286040798588, "spark.executor.memoryOverhead": 528.4576054686644, "spark.memory.fraction": 0.6168642925780989, "spark.memory.storageFraction": 0.7552141534090159, "spark.reducer.maxBlocksInFlightPerAddress": 1783484456.3896224, "spark.reducer.maxSizeInFlight": 58.66054498908163, "spark.shuffle.file.buffer": 21.75709851059986}, "datetime": {"datetime": "2022-01-06 19:03:11", "elapsed": 0.220991, "delta": 0.023914}}
{"target": -2801.7007600000015, "params": {"spark.default.parallelism": 272.88835161688087, "spark.executor.cores": 1.3204624890734964, "spark.executor.instances": 4.303703925739117, "spark.executor.memory": 2.876185314739501, "spark.executor.memoryOverhead": 479.71641592444104, "spark.memory.fraction": 0.5405593585467928, "spark.memory.storageFraction": 0.7984962038204747, "spark.reducer.maxBlocksInFlightPerAddress": 1399897651.2407124, "spark.reducer.maxSizeInFlight": 20.467672358954204, "spark.shuffle.file.buffer": 16.99321094625438}, "datetime": {"datetime": "2022-01-06 19:03:11", "elapsed": 0.245923, "delta": 0.024932}}
{"target": -2813.068850000002, "params": {"spark.default.parallelism": 290.45773728208826, "spark.executor.cores": 1.696099128120598, "spark.executor.instances": 7.605045869849922, "spark.executor.memory": 2.43, "spark.executor.memoryOverhead": 311.04, "spark.memory.fraction": 0.6962858094000688, "spark.memory.storageFraction": 0.8717827609805306, "spark.reducer.maxBlocksInFlightPerAddress": 1348850718.6734376, "spark.reducer.maxSizeInFlight": 28.844048980328452, "spark.shuffle.file.buffer": 21.673939300036633}, "datetime": {"datetime": "2022-01-06 19:03:11", "elapsed": 0.270858, "delta": 0.024935}}
{"target": -2798.4272500000015, "params": {"spark.default.parallelism": 314.6787515129682, "spark.executor.cores": 2.8971054691689835, "spark.executor.instances": 5.873628919201662, "spark.executor.memory": 3.2365083232346845, "spark.executor.memoryOverhead": 329.801987256512, "spark.memory.fraction": 0.8631033335653138, "spark.memory.storageFraction": 0.6966277110600239, "spark.reducer.maxBlocksInFlightPerAddress": 1386232241.6840534, "spark.reducer.maxSizeInFlight": 19.44, "spark.shuffle.file.buffer": 23.086390744400315}, "datetime": {"datetime": "2022-01-06 19:03:11", "elapsed": 0.294794, "delta": 0.023936}}
{"target": -2863.2709800000016, "params": {"spark.default.parallelism": 323.9613915253121, "spark.executor.cores": 2.4939964345836065, "spark.executor.instances": 6.75847506748059, "spark.executor.memory": 2.43, "spark.executor.memoryOverhead": 311.04, "spark.memory.fraction": 0.7741275562480672, "spark.memory.storageFraction": 0.5101860469008966, "spark.reducer.maxBlocksInFlightPerAddress": 1307308784.3174973, "spark.reducer.maxSizeInFlight": 19.44, "spark.shuffle.file.buffer": 13.50187547363038}, "datetime": {"datetime": "2022-01-06 19:03:11", "elapsed": 0.319754, "delta": 0.02496}}
{"target": -2798.8149200000016, "params": {"spark.default.parallelism": 304.9041614637126, "spark.executor.cores": 1.8501390847760768, "spark.executor.instances": 4.803399782380645, "spark.executor.memory": 2.5630613266021567, "spark.executor.memoryOverhead": 311.04, "spark.memory.fraction": 0.5958391887454398, "spark.memory.storageFraction": 0.5832067295623141, "spark.reducer.maxBlocksInFlightPerAddress": 1369204407.3053827, "spark.reducer.maxSizeInFlight": 23.494931915336334, "spark.shuffle.file.buffer": 26.976467793002936}, "datetime": {"datetime": "2022-01-06 19:03:11", "elapsed": 0.344746, "delta": 0.024992}}
{"target": -2856.5118600000014, "params": {"spark.default.parallelism": 247.81785979581502, "spark.executor.cores": 1.385878851900361, "spark.executor.instances": 4.175024940819459, "spark.executor.memory": 2.531499630626258, "spark.executor.memoryOverhead": 430.44135250210235, "spark.memory.fraction": 0.6242651153928696, "spark.memory.storageFraction": 0.5470538302406636, "spark.reducer.maxBlocksInFlightPerAddress": 871140321.5000788, "spark.reducer.maxSizeInFlight": 30.920548599447322, "spark.shuffle.file.buffer": 14.937581051062686}, "datetime": {"datetime": "2022-01-06 19:03:11", "elapsed": 0.369305, "delta": 0.024559}}
{"target": -2815.1987700000013, "params": {"spark.default.parallelism": 285.96104854492233, "spark.executor.cores": 1.521967511955469, "spark.executor.instances": 4.914183653846545, "spark.executor.memory": 2.4368312131383236, "spark.executor.memoryOverhead": 449.42641788685916, "spark.memory.fraction": 0.8815827674700696, "spark.memory.storageFraction": 0.46683150524760303, "spark.reducer.maxBlocksInFlightPerAddress": 1223406234.1317494, "spark.reducer.maxSizeInFlight": 23.84385717512446, "spark.shuffle.file.buffer": 17.003615650115705}, "datetime": {"datetime": "2022-01-06 19:03:11", "elapsed": 0.394245, "delta": 0.02494}}
{"target": -2851.225670000001, "params": {"spark.default.parallelism": 217.1408081383023, "spark.executor.cores": 0.82879454913853, "spark.executor.instances": 4.783696896745432, "spark.executor.memory": 3.6251013175377413, "spark.executor.memoryOverhead": 344.98894230076723, "spark.memory.fraction": 0.7605359445613922, "spark.memory.storageFraction": 0.40499999999999997, "spark.reducer.maxBlocksInFlightPerAddress": 1014984644.8914288, "spark.reducer.maxSizeInFlight": 40.749922257907286, "spark.shuffle.file.buffer": 13.374887963207064}, "datetime": {"datetime": "2022-01-06 19:03:11", "elapsed": 0.418199, "delta": 0.023954}}
{"target": -2793.766990000001, "params": {"spark.default.parallelism": 324.1810649420621, "spark.executor.cores": 1.8201330822275297, "spark.executor.instances": 3.2639052080029227, "spark.executor.memory": 4.163938504827964, "spark.executor.memoryOverhead": 311.03999999999996, "spark.memory.fraction": 0.5087505432794825, "spark.memory.storageFraction": 0.41967045466860764, "spark.reducer.maxBlocksInFlightPerAddress": 1398997708.0104883, "spark.reducer.maxSizeInFlight": 44.827500662876886, "spark.shuffle.file.buffer": 30.340057847382862}, "datetime": {"datetime": "2022-01-06 19:03:11", "elapsed": 0.443107, "delta": 0.024908}}
{"target": -2798.423190000001, "params": {"spark.default.parallelism": 170.47839838417514, "spark.executor.cores": 1.0948247702141893, "spark.executor.instances": 3.5293284167411487, "spark.executor.memory": 3.0971011785023563, "spark.executor.memoryOverhead": 548.8772354873425, "spark.memory.fraction": 0.6663777595427295, "spark.memory.storageFraction": 0.49062360584980186, "spark.reducer.maxBlocksInFlightPerAddress": 869730876.6300001, "spark.reducer.maxSizeInFlight": 21.23903103173858, "spark.shuffle.file.buffer": 24.67411696070438}, "datetime": {"datetime": "2022-01-06 19:03:11", "elapsed": 0.46804, "delta": 0.024933}}
{"target": -2811.666330000001, "params": {"spark.default.parallelism": 471.7347958176224, "spark.executor.cores": 1.4158234970816053, "spark.executor.instances": 6.7021902652564265, "spark.executor.memory": 6.307245827387211, "spark.executor.memoryOverhead": 512.8708848319183, "spark.memory.fraction": 0.5002018501106356, "spark.memory.storageFraction": 0.7529280134151459, "spark.reducer.maxBlocksInFlightPerAddress": 2027727390.8450725, "spark.reducer.maxSizeInFlight": 60.16555453095418, "spark.shuffle.file.buffer": 25.13734788014303}, "datetime": {"datetime": "2022-01-06 19:03:11", "elapsed": 0.538851, "delta": 0.070811}}
{"target": -2797.238750000002, "params": {"spark.default.parallelism": 486.2394357576476, "spark.executor.cores": 1.1541914177210235, "spark.executor.instances": 6.671555755962629, "spark.executor.memory": 6.093578670722904, "spark.executor.memoryOverhead": 597.20764129425, "spark.memory.fraction": 0.566908767886981, "spark.memory.storageFraction": 0.549952090389277, "spark.reducer.maxBlocksInFlightPerAddress": 1355843577.2816215, "spark.reducer.maxSizeInFlight": 25.570597125766916, "spark.shuffle.file.buffer": 35.34356290352122}, "datetime": {"datetime": "2022-01-06 19:03:11", "elapsed": 0.603677, "delta": 0.064826}}
{"target": -2798.9645400000013, "params": {"spark.default.parallelism": 265.99297625372975, "spark.executor.cores": 2.710912249803219, "spark.executor.instances": 7.179488483764702, "spark.executor.memory": 4.397167676389818, "spark.executor.memoryOverhead": 620.2671062595156, "spark.memory.fraction": 0.7223427035574222, "spark.memory.storageFraction": 0.6777398809728279, "spark.reducer.maxBlocksInFlightPerAddress": 1826051960.7028747, "spark.reducer.maxSizeInFlight": 41.6369158208802, "spark.shuffle.file.buffer": 47.86790957178454}, "datetime": {"datetime": "2022-01-06 19:03:11", "elapsed": 0.678478, "delta": 0.074801}}
{"target": -2797.0545800000004, "params": {"spark.default.parallelism": 345.9575059778214, "spark.executor.cores": 2.429394866291638, "spark.executor.instances": 7.0392250747115614, "spark.executor.memory": 6.962727483549804, "spark.executor.memoryOverhead": 766.7546950852324, "spark.memory.fraction": 0.5817279152607406, "spark.memory.storageFraction": 0.6331629966578163, "spark.reducer.maxBlocksInFlightPerAddress": 1211856221.2005877, "spark.reducer.maxSizeInFlight": 24.999809610364057, "spark.shuffle.file.buffer": 44.3916597706138}, "datetime": {"datetime": "2022-01-06 19:03:11", "elapsed": 0.75029, "delta": 0.071812}}
{"target": -2807.822400000001, "params": {"spark.default.parallelism": 280.45195687695133, "spark.executor.cores": 1.243244999059367, "spark.executor.instances": 6.491444310510021, "spark.executor.memory": 4.724482082144515, "spark.executor.memoryOverhead": 587.6287890158578, "spark.memory.fraction": 0.6934385279716476, "spark.memory.storageFraction": 0.5894932200870144, "spark.reducer.maxBlocksInFlightPerAddress": 2112623908.705553, "spark.reducer.maxSizeInFlight": 39.38805184459612, "spark.shuffle.file.buffer": 38.39361373640864}, "datetime": {"datetime": "2022-01-06 19:03:11", "elapsed": 0.81854, "delta": 0.06825}}
{"target": -2807.0062300000013, "params": {"spark.default.parallelism": 230.9067130890092, "spark.executor.cores": 1.8985399613249527, "spark.executor.instances": 6.349207892032901, "spark.executor.memory": 4.863152281530208, "spark.executor.memoryOverhead": 534.7836185254696, "spark.memory.fraction": 0.7827695753201128, "spark.memory.storageFraction": 0.5530067371631945, "spark.reducer.maxBlocksInFlightPerAddress": 2048344295.4161325, "spark.reducer.maxSizeInFlight": 58.012989078743686, "spark.shuffle.file.buffer": 45.970502274357244}, "datetime": {"datetime": "2022-01-06 19:03:11", "elapsed": 0.891346, "delta": 0.072806}}
{"target": -2795.806160000001, "params": {"spark.default.parallelism": 352.04651515700687, "spark.executor.cores": 1.5188513541685025, "spark.executor.instances": 7.885765277992592, "spark.executor.memory": 5.038123631538513, "spark.executor.memoryOverhead": 538.0941905619998, "spark.memory.fraction": 0.7052444345224423, "spark.memory.storageFraction": 0.5534462275676156, "spark.reducer.maxBlocksInFlightPerAddress": 1382175986.4515374, "spark.reducer.maxSizeInFlight": 28.14624059181522, "spark.shuffle.file.buffer": 42.30314185306119}, "datetime": {"datetime": "2022-01-06 19:03:12", "elapsed": 0.964658, "delta": 0.073312}}
{"target": -2796.8492400000014, "params": {"spark.default.parallelism": 270.4786092350405, "spark.executor.cores": 2.4918374940995762, "spark.executor.instances": 5.8573510013244245, "spark.executor.memory": 4.080125297767461, "spark.executor.memoryOverhead": 622.6011244461616, "spark.memory.fraction": 0.6823038593029572, "spark.memory.storageFraction": 0.6694246533007249, "spark.reducer.maxBlocksInFlightPerAddress": 1737397985.9944415, "spark.reducer.maxSizeInFlight": 37.71184295557874, "spark.shuffle.file.buffer": 39.388692138875044}, "datetime": {"datetime": "2022-01-06 19:03:12", "elapsed": 1.039966, "delta": 0.075308}}
{"target": -2798.4134800000015, "params": {"spark.default.parallelism": 292.1189803826157, "spark.executor.cores": 2.138498435927387, "spark.executor.instances": 4.207283138125501, "spark.executor.memory": 4.730596523410366, "spark.executor.memoryOverhead": 742.2134768483536, "spark.memory.fraction": 0.7050624040282509, "spark.memory.storageFraction": 0.5760350924159015, "spark.reducer.maxBlocksInFlightPerAddress": 1446856239.9477859, "spark.reducer.maxSizeInFlight": 71.16904767547007, "spark.shuffle.file.buffer": 25.254765771556578}, "datetime": {"datetime": "2022-01-06 19:03:12", "elapsed": 1.117756, "delta": 0.07779}}
{"target": -2797.309740000001, "params": {"spark.default.parallelism": 332.2591023890625, "spark.executor.cores": 1.050161786587036, "spark.executor.instances": 4.353692529383782, "spark.executor.memory": 3.937917491214702, "spark.executor.memoryOverhead": 574.3980870588159, "spark.memory.fraction": 0.7765504717420316, "spark.memory.storageFraction": 0.6756281954909714, "spark.reducer.maxBlocksInFlightPerAddress": 1399097390.158743, "spark.reducer.maxSizeInFlight": 30.608577460486572, "spark.shuffle.file.buffer": 47.74227502747574}, "datetime": {"datetime": "2022-01-06 19:03:12", "elapsed": 1.186573, "delta": 0.068817}}
{"target": -2814.436630000001, "params": {"spark.default.parallelism": 413.7850037130409, "spark.executor.cores": 1.827494092927964, "spark.executor.instances": 4.8503452289778615, "spark.executor.memory": 5.4242841483608775, "spark.executor.memoryOverhead": 408.8068662636944, "spark.memory.fraction": 0.7341725892850932, "spark.memory.storageFraction": 0.8735424684303739, "spark.reducer.maxBlocksInFlightPerAddress": 2081493733.5344758, "spark.reducer.maxSizeInFlight": 52.747772396926045, "spark.shuffle.file.buffer": 23.87998667477134}, "datetime": {"datetime": "2022-01-06 19:03:12", "elapsed": 1.269351, "delta": 0.082778}}
{"target": -2798.6370300000017, "params": {"spark.default.parallelism": 299.0968542927635, "spark.executor.cores": 2.3840944110439253, "spark.executor.instances": 7.708417630389237, "spark.executor.memory": 5.793424673458282, "spark.executor.memoryOverhead": 393.7068799096603, "spark.memory.fraction": 0.5246806263576134, "spark.memory.storageFraction": 0.633160419297963, "spark.reducer.maxBlocksInFlightPerAddress": 1245482697.9101791, "spark.reducer.maxSizeInFlight": 63.159811900471226, "spark.shuffle.file.buffer": 42.35250164394304}, "datetime": {"datetime": "2022-01-06 19:03:12", "elapsed": 1.350135, "delta": 0.080784}}
{"target": -2797.9456400000017, "params": {"spark.default.parallelism": 496.2627440547275, "spark.executor.cores": 2.874287141116521, "spark.executor.instances": 4.737097147980698, "spark.executor.memory": 4.753529128324633, "spark.executor.memoryOverhead": 664.5770533607649, "spark.memory.fraction": 0.8905468595801647, "spark.memory.storageFraction": 0.5881988364858752, "spark.reducer.maxBlocksInFlightPerAddress": 1382321368.1366153, "spark.reducer.maxSizeInFlight": 27.234137848163435, "spark.shuffle.file.buffer": 30.17516223815009}, "datetime": {"datetime": "2022-01-06 19:03:12", "elapsed": 1.445879, "delta": 0.095744}}
{"target": -2800.9197900000013, "params": {"spark.default.parallelism": 342.529297640351, "spark.executor.cores": 2.042704112227299, "spark.executor.instances": 6.930258144783615, "spark.executor.memory": 4.2172218465751685, "spark.executor.memoryOverhead": 753.4534042043252, "spark.memory.fraction": 0.7983238783325449, "spark.memory.storageFraction": 0.844825679698211, "spark.reducer.maxBlocksInFlightPerAddress": 1245145570.1750743, "spark.reducer.maxSizeInFlight": 70.98003945516524, "spark.shuffle.file.buffer": 16.914852846924443}, "datetime": {"datetime": "2022-01-06 19:03:12", "elapsed": 1.532646, "delta": 0.086767}}
{"target": -2796.1052900000013, "params": {"spark.default.parallelism": 213.86029833034144, "spark.executor.cores": 2.319578157385472, "spark.executor.instances": 7.280035033397785, "spark.executor.memory": 5.328857938753822, "spark.executor.memoryOverhead": 740.5185399292209, "spark.memory.fraction": 0.8874447704925226, "spark.memory.storageFraction": 0.5359940782173956, "spark.reducer.maxBlocksInFlightPerAddress": 1918499447.3820412, "spark.reducer.maxSizeInFlight": 35.84117371217542, "spark.shuffle.file.buffer": 27.27668282479911}, "datetime": {"datetime": "2022-01-06 19:03:12", "elapsed": 1.617448, "delta": 0.084802}}
