{"target": -2808.3158700000004, "params": {"spark.default.parallelism": 244.25665770000523, "spark.executor.cores": 2.76105768729437, "spark.executor.instances": 7.133815315766466, "spark.executor.memory": 4.4301573261422265, "spark.executor.memoryOverhead": 761.7836923875597, "spark.memory.fraction": 0.8551944726257912, "spark.memory.storageFraction": 0.6740875582705452, "spark.reducer.maxBlocksInFlightPerAddress": 2110713617.0755224, "spark.reducer.maxSizeInFlight": 53.709472834170015, "spark.shuffle.file.buffer": 33.55780638848184}, "datetime": {"datetime": "2022-01-06 18:30:16", "elapsed": 0.0, "delta": 0.0}}
{"target": -4336.964899999998, "params": {"spark.default.parallelism": 469.6573002612392, "spark.executor.cores": 1.0845890830143086, "spark.executor.instances": 5.008741553947151, "spark.executor.memory": 6.925442841118635, "spark.executor.memoryOverhead": 632.9948073886059, "spark.memory.fraction": 0.6148723339239232, "spark.memory.storageFraction": 0.8964481625870656, "spark.reducer.maxBlocksInFlightPerAddress": 1815313500.1913366, "spark.reducer.maxSizeInFlight": 46.00689417938963, "spark.shuffle.file.buffer": 26.59918116709516}, "datetime": {"datetime": "2022-01-06 18:30:16", "elapsed": 0.024956, "delta": 0.024956}}
{"target": -2800.1748300000017, "params": {"spark.default.parallelism": 281.66059536886394, "spark.executor.cores": 1.8730646675631153, "spark.executor.instances": 6.1806952945830655, "spark.executor.memory": 5.21973106025111, "spark.executor.memoryOverhead": 433.42248135407146, "spark.memory.fraction": 0.6630005412180597, "spark.memory.storageFraction": 0.7061075503591085, "spark.reducer.maxBlocksInFlightPerAddress": 1511154250.5434525, "spark.reducer.maxSizeInFlight": 49.87167142118917, "spark.shuffle.file.buffer": 39.50895609454024}, "datetime": {"datetime": "2022-01-06 18:30:16", "elapsed": 0.050864, "delta": 0.025908}}
{"target": -2797.883740000002, "params": {"spark.default.parallelism": 413.44189895485727, "spark.executor.cores": 1.5112346416861837, "spark.executor.instances": 7.434878446823511, "spark.executor.memory": 5.930625679688869, "spark.executor.memoryOverhead": 822.4618083903649, "spark.memory.fraction": 0.5769243861810424, "spark.memory.storageFraction": 0.6004666263562294, "spark.reducer.maxBlocksInFlightPerAddress": 1300675600.0544462, "spark.reducer.maxSizeInFlight": 71.47241324123169, "spark.shuffle.file.buffer": 22.435557190662266}, "datetime": {"datetime": "2022-01-06 18:30:16", "elapsed": 0.074799, "delta": 0.023935}}
{"target": -2801.295150000001, "params": {"spark.default.parallelism": 226.66333950975766, "spark.executor.cores": 2.581893485739448, "spark.executor.instances": 7.976962489638834, "spark.executor.memory": 3.280484067399651, "spark.executor.memoryOverhead": 712.07452839692, "spark.memory.fraction": 0.8720841819915044, "spark.memory.storageFraction": 0.8427792599816775, "spark.reducer.maxBlocksInFlightPerAddress": 1127459273.1419072, "spark.reducer.maxSizeInFlight": 60.64522795375957, "spark.shuffle.file.buffer": 21.705337929546456}, "datetime": {"datetime": "2022-01-06 18:30:16", "elapsed": 0.099733, "delta": 0.024934}}
{"target": -2795.316720000001, "params": {"spark.default.parallelism": 391.83333554344426, "spark.executor.cores": 2.2232173148906713, "spark.executor.instances": 6.799040920919419, "spark.executor.memory": 4.045274184621256, "spark.executor.memoryOverhead": 402.33560063308926, "spark.memory.fraction": 0.6470209366214352, "spark.memory.storageFraction": 0.5005994508927575, "spark.reducer.maxBlocksInFlightPerAddress": 1668817621.77426, "spark.reducer.maxSizeInFlight": 31.586568236407054, "spark.shuffle.file.buffer": 41.66899880750428}, "datetime": {"datetime": "2022-01-06 18:30:16", "elapsed": 0.124667, "delta": 0.024934}}
{"target": -2801.2262700000015, "params": {"spark.default.parallelism": 303.06170518252515, "spark.executor.cores": 1.6005883172551374, "spark.executor.instances": 5.72630436671014, "spark.executor.memory": 5.791726399097766, "spark.executor.memoryOverhead": 566.1473241511055, "spark.memory.fraction": 0.7821859878490056, "spark.memory.storageFraction": 0.787945584235044, "spark.reducer.maxBlocksInFlightPerAddress": 1432213170.7426713, "spark.reducer.maxSizeInFlight": 36.49866262301933, "spark.shuffle.file.buffer": 18.835982614366376}, "datetime": {"datetime": "2022-01-06 18:30:16", "elapsed": 0.148629, "delta": 0.023962}}
{"target": -2798.5440600000015, "params": {"spark.default.parallelism": 321.4422777008975, "spark.executor.cores": 2.1305895753972104, "spark.executor.instances": 4.360424814689133, "spark.executor.memory": 3.5924504152537557, "spark.executor.memoryOverhead": 844.6482109093251, "spark.memory.fraction": 0.7758439035839004, "spark.memory.storageFraction": 0.5590313567583932, "spark.reducer.maxBlocksInFlightPerAddress": 1862661404.192483, "spark.reducer.maxSizeInFlight": 40.673715098068435, "spark.shuffle.file.buffer": 35.93035745101312}, "datetime": {"datetime": "2022-01-06 18:30:16", "elapsed": 0.173535, "delta": 0.024906}}
{"target": -2799.578440000001, "params": {"spark.default.parallelism": 477.9020296911228, "spark.executor.cores": 2.881002339008826, "spark.executor.instances": 4.697748514229843, "spark.executor.memory": 6.388825681414161, "spark.executor.memoryOverhead": 594.7683938202874, "spark.memory.fraction": 0.5347429874122391, "spark.memory.storageFraction": 0.7534317975136757, "spark.reducer.maxBlocksInFlightPerAddress": 1245122693.861418, "spark.reducer.maxSizeInFlight": 64.75847985964947, "spark.shuffle.file.buffer": 29.401276008020933}, "datetime": {"datetime": "2022-01-06 18:30:16", "elapsed": 0.198469, "delta": 0.024934}}
{"target": -2803.5045400000013, "params": {"spark.default.parallelism": 377.7581029068664, "spark.executor.cores": 1.2952814856728578, "spark.executor.instances": 5.3914083282078415, "spark.executor.memory": 4.88072590985762, "spark.executor.memoryOverhead": 528.587935098263, "spark.memory.fraction": 0.7024407466086765, "spark.memory.storageFraction": 0.6380679505684381, "spark.reducer.maxBlocksInFlightPerAddress": 1967630561.3997664, "spark.reducer.maxSizeInFlight": 24.767154900040637, "spark.shuffle.file.buffer": 46.47168203529857}, "datetime": {"datetime": "2022-01-06 18:30:16", "elapsed": 0.22343, "delta": 0.024961}}
{"target": -2808.3778600000014, "params": {"spark.default.parallelism": 307.064102776749, "spark.executor.cores": 0.9416972914933415, "spark.executor.instances": 3.24, "spark.executor.memory": 2.43, "spark.executor.memoryOverhead": 315.95427575351005, "spark.memory.fraction": 0.8609404766720492, "spark.memory.storageFraction": 0.44372564488201127, "spark.reducer.maxBlocksInFlightPerAddress": 1208040761.4678805, "spark.reducer.maxSizeInFlight": 36.12142251395847, "spark.shuffle.file.buffer": 27.17720245905723}, "datetime": {"datetime": "2022-01-06 18:30:16", "elapsed": 0.247361, "delta": 0.023931}}
{"target": -2849.685690000001, "params": {"spark.default.parallelism": 267.10744802580115, "spark.executor.cores": 1.250227495376809, "spark.executor.instances": 3.9304422556129928, "spark.executor.memory": 2.71834024956974, "spark.executor.memoryOverhead": 345.3677074660616, "spark.memory.fraction": 0.7124053440230351, "spark.memory.storageFraction": 0.5053912130601708, "spark.reducer.maxBlocksInFlightPerAddress": 1362895682.8308616, "spark.reducer.maxSizeInFlight": 45.78606517323985, "spark.shuffle.file.buffer": 12.99932702228833}, "datetime": {"datetime": "2022-01-06 18:30:16", "elapsed": 0.272273, "delta": 0.024912}}
{"target": -2854.0184800000015, "params": {"spark.default.parallelism": 170.37703333822546, "spark.executor.cores": 1.5405868971534857, "spark.executor.instances": 3.3590240396227684, "spark.executor.memory": 3.2599123426251357, "spark.executor.memoryOverhead": 311.03999999999996, "spark.memory.fraction": 0.5322674368055064, "spark.memory.storageFraction": 0.5894252818846533, "spark.reducer.maxBlocksInFlightPerAddress": 932009264.2891246, "spark.reducer.maxSizeInFlight": 41.308073834787386, "spark.shuffle.file.buffer": 13.36609872006934}, "datetime": {"datetime": "2022-01-06 18:30:16", "elapsed": 0.297206, "delta": 0.024933}}
{"target": -2799.38722, "params": {"spark.default.parallelism": 233.63734260550598, "spark.executor.cores": 0.8101674843236637, "spark.executor.instances": 4.764440553383655, "spark.executor.memory": 4.5777252910129, "spark.executor.memoryOverhead": 507.46135949201204, "spark.memory.fraction": 0.6456484405090084, "spark.memory.storageFraction": 0.48547143714168633, "spark.reducer.maxBlocksInFlightPerAddress": 971245294.0961012, "spark.reducer.maxSizeInFlight": 24.900818357012124, "spark.shuffle.file.buffer": 18.630638391296447}, "datetime": {"datetime": "2022-01-06 18:30:16", "elapsed": 0.321166, "delta": 0.02396}}
{"target": -2813.773720000002, "params": {"spark.default.parallelism": 223.2408745063591, "spark.executor.cores": 1.6691029329411116, "spark.executor.instances": 4.396195551254988, "spark.executor.memory": 2.4482650037934857, "spark.executor.memoryOverhead": 432.0679230999975, "spark.memory.fraction": 0.8122038890007701, "spark.memory.storageFraction": 0.4050000000000001, "spark.reducer.maxBlocksInFlightPerAddress": 1285858572.151453, "spark.reducer.maxSizeInFlight": 29.27545318814641, "spark.shuffle.file.buffer": 21.39166608483749}, "datetime": {"datetime": "2022-01-06 18:30:16", "elapsed": 0.346074, "delta": 0.024908}}
{"target": -2862.5571000000014, "params": {"spark.default.parallelism": 306.7519448740273, "spark.executor.cores": 1.3721039770999863, "spark.executor.instances": 4.308455840094506, "spark.executor.memory": 2.444570256914481, "spark.executor.memoryOverhead": 572.995046593641, "spark.memory.fraction": 0.40500000000000014, "spark.memory.storageFraction": 0.4757425123060837, "spark.reducer.maxBlocksInFlightPerAddress": 1170098829.3603501, "spark.reducer.maxSizeInFlight": 19.931133707046456, "spark.shuffle.file.buffer": 13.607738915769405}, "datetime": {"datetime": "2022-01-06 18:30:16", "elapsed": 0.37103, "delta": 0.024956}}
{"target": -2797.421320000001, "params": {"spark.default.parallelism": 227.15824221557043, "spark.executor.cores": 1.026157022357079, "spark.executor.instances": 3.7474278198662634, "spark.executor.memory": 3.109839768635282, "spark.executor.memoryOverhead": 316.5859254823363, "spark.memory.fraction": 0.47016208849082924, "spark.memory.storageFraction": 0.501736103453301, "spark.reducer.maxBlocksInFlightPerAddress": 1386916318.7741253, "spark.reducer.maxSizeInFlight": 37.77060709600478, "spark.shuffle.file.buffer": 17.886788622660408}, "datetime": {"datetime": "2022-01-06 18:30:16", "elapsed": 0.394968, "delta": 0.023938}}
{"target": -2799.729990000001, "params": {"spark.default.parallelism": 191.07508506797947, "spark.executor.cores": 1.4119556925988912, "spark.executor.instances": 3.319116111478484, "spark.executor.memory": 4.422858252123973, "spark.executor.memoryOverhead": 389.72603916816274, "spark.memory.fraction": 0.5113896847013687, "spark.memory.storageFraction": 0.4420029535485281, "spark.reducer.maxBlocksInFlightPerAddress": 1010009946.0644951, "spark.reducer.maxSizeInFlight": 24.624990095584824, "spark.shuffle.file.buffer": 23.244059558875723}, "datetime": {"datetime": "2022-01-06 18:30:16", "elapsed": 0.419903, "delta": 0.024935}}
{"target": -2797.3582200000005, "params": {"spark.default.parallelism": 168.91954595098105, "spark.executor.cores": 1.7702163342538366, "spark.executor.instances": 5.118945086652188, "spark.executor.memory": 3.746056277817418, "spark.executor.memoryOverhead": 313.20758352926487, "spark.memory.fraction": 0.5476075890171708, "spark.memory.storageFraction": 0.4050000000000001, "spark.reducer.maxBlocksInFlightPerAddress": 869730876.6300001, "spark.reducer.maxSizeInFlight": 33.27501627902738, "spark.shuffle.file.buffer": 28.55839751018517}, "datetime": {"datetime": "2022-01-06 18:30:16", "elapsed": 0.44481, "delta": 0.024907}}
{"target": -2805.496320000001, "params": {"spark.default.parallelism": 261.92667106806965, "spark.executor.cores": 0.8705100684817639, "spark.executor.instances": 3.2399999999999936, "spark.executor.memory": 2.715599543921316, "spark.executor.memoryOverhead": 465.168576428736, "spark.memory.fraction": 0.4262483151816316, "spark.memory.storageFraction": 0.5580720484177099, "spark.reducer.maxBlocksInFlightPerAddress": 1033661380.2167681, "spark.reducer.maxSizeInFlight": 42.36130083466144, "spark.shuffle.file.buffer": 19.841165282965882}, "datetime": {"datetime": "2022-01-06 18:30:16", "elapsed": 0.468769, "delta": 0.023959}}
{"target": -2811.666330000001, "params": {"spark.default.parallelism": 471.7347958176224, "spark.executor.cores": 1.4158234970816053, "spark.executor.instances": 6.7021902652564265, "spark.executor.memory": 6.307245827387211, "spark.executor.memoryOverhead": 512.8708848319183, "spark.memory.fraction": 0.5002018501106356, "spark.memory.storageFraction": 0.7529280134151459, "spark.reducer.maxBlocksInFlightPerAddress": 2027727390.8450725, "spark.reducer.maxSizeInFlight": 60.16555453095418, "spark.shuffle.file.buffer": 25.13734788014303}, "datetime": {"datetime": "2022-01-06 18:30:16", "elapsed": 0.543546, "delta": 0.074777}}
{"target": -2797.238750000002, "params": {"spark.default.parallelism": 486.2394357576476, "spark.executor.cores": 1.1541914177210235, "spark.executor.instances": 6.671555755962629, "spark.executor.memory": 6.093578670722904, "spark.executor.memoryOverhead": 597.20764129425, "spark.memory.fraction": 0.566908767886981, "spark.memory.storageFraction": 0.549952090389277, "spark.reducer.maxBlocksInFlightPerAddress": 1355843577.2816215, "spark.reducer.maxSizeInFlight": 25.570597125766916, "spark.shuffle.file.buffer": 35.34356290352122}, "datetime": {"datetime": "2022-01-06 18:30:16", "elapsed": 0.617348, "delta": 0.073802}}
{"target": -2798.9645400000013, "params": {"spark.default.parallelism": 265.99297625372975, "spark.executor.cores": 2.710912249803219, "spark.executor.instances": 7.179488483764702, "spark.executor.memory": 4.397167676389818, "spark.executor.memoryOverhead": 620.2671062595156, "spark.memory.fraction": 0.7223427035574222, "spark.memory.storageFraction": 0.6777398809728279, "spark.reducer.maxBlocksInFlightPerAddress": 1826051960.7028747, "spark.reducer.maxSizeInFlight": 41.6369158208802, "spark.shuffle.file.buffer": 47.86790957178454}, "datetime": {"datetime": "2022-01-06 18:30:16", "elapsed": 0.683172, "delta": 0.065824}}
{"target": -2797.0545800000004, "params": {"spark.default.parallelism": 345.9575059778214, "spark.executor.cores": 2.429394866291638, "spark.executor.instances": 7.0392250747115614, "spark.executor.memory": 6.962727483549804, "spark.executor.memoryOverhead": 766.7546950852324, "spark.memory.fraction": 0.5817279152607406, "spark.memory.storageFraction": 0.6331629966578163, "spark.reducer.maxBlocksInFlightPerAddress": 1211856221.2005877, "spark.reducer.maxSizeInFlight": 24.999809610364057, "spark.shuffle.file.buffer": 44.3916597706138}, "datetime": {"datetime": "2022-01-06 18:30:17", "elapsed": 0.755978, "delta": 0.072806}}
{"target": -2807.822400000001, "params": {"spark.default.parallelism": 280.45195687695133, "spark.executor.cores": 1.243244999059367, "spark.executor.instances": 6.491444310510021, "spark.executor.memory": 4.724482082144515, "spark.executor.memoryOverhead": 587.6287890158578, "spark.memory.fraction": 0.6934385279716476, "spark.memory.storageFraction": 0.5894932200870144, "spark.reducer.maxBlocksInFlightPerAddress": 2112623908.705553, "spark.reducer.maxSizeInFlight": 39.38805184459612, "spark.shuffle.file.buffer": 38.39361373640864}, "datetime": {"datetime": "2022-01-06 18:30:17", "elapsed": 0.826789, "delta": 0.070811}}
{"target": -2807.0062300000013, "params": {"spark.default.parallelism": 230.9067130890092, "spark.executor.cores": 1.8985399613249527, "spark.executor.instances": 6.349207892032901, "spark.executor.memory": 4.863152281530208, "spark.executor.memoryOverhead": 534.7836185254696, "spark.memory.fraction": 0.7827695753201128, "spark.memory.storageFraction": 0.5530067371631945, "spark.reducer.maxBlocksInFlightPerAddress": 2048344295.4161325, "spark.reducer.maxSizeInFlight": 58.012989078743686, "spark.shuffle.file.buffer": 45.970502274357244}, "datetime": {"datetime": "2022-01-06 18:30:17", "elapsed": 0.901588, "delta": 0.074799}}
{"target": -2795.806160000001, "params": {"spark.default.parallelism": 352.04651515700687, "spark.executor.cores": 1.5188513541685025, "spark.executor.instances": 7.885765277992592, "spark.executor.memory": 5.038123631538513, "spark.executor.memoryOverhead": 538.0941905619998, "spark.memory.fraction": 0.7052444345224423, "spark.memory.storageFraction": 0.5534462275676156, "spark.reducer.maxBlocksInFlightPerAddress": 1382175986.4515374, "spark.reducer.maxSizeInFlight": 28.14624059181522, "spark.shuffle.file.buffer": 42.30314185306119}, "datetime": {"datetime": "2022-01-06 18:30:17", "elapsed": 0.98337, "delta": 0.081782}}
{"target": -2796.8492400000014, "params": {"spark.default.parallelism": 270.4786092350405, "spark.executor.cores": 2.4918374940995762, "spark.executor.instances": 5.8573510013244245, "spark.executor.memory": 4.080125297767461, "spark.executor.memoryOverhead": 622.6011244461616, "spark.memory.fraction": 0.6823038593029572, "spark.memory.storageFraction": 0.6694246533007249, "spark.reducer.maxBlocksInFlightPerAddress": 1737397985.9944415, "spark.reducer.maxSizeInFlight": 37.71184295557874, "spark.shuffle.file.buffer": 39.388692138875044}, "datetime": {"datetime": "2022-01-06 18:30:17", "elapsed": 1.060165, "delta": 0.076795}}
{"target": -2798.4134800000015, "params": {"spark.default.parallelism": 292.1189803826157, "spark.executor.cores": 2.138498435927387, "spark.executor.instances": 4.207283138125501, "spark.executor.memory": 4.730596523410366, "spark.executor.memoryOverhead": 742.2134768483536, "spark.memory.fraction": 0.7050624040282509, "spark.memory.storageFraction": 0.5760350924159015, "spark.reducer.maxBlocksInFlightPerAddress": 1446856239.9477859, "spark.reducer.maxSizeInFlight": 71.16904767547007, "spark.shuffle.file.buffer": 25.254765771556578}, "datetime": {"datetime": "2022-01-06 18:30:17", "elapsed": 1.138953, "delta": 0.078788}}
{"target": -2797.060220000001, "params": {"spark.default.parallelism": 498.4717374322219, "spark.executor.cores": 2.539917230819132, "spark.executor.instances": 6.5898180666693005, "spark.executor.memory": 3.8215193600816875, "spark.executor.memoryOverhead": 743.2327144178248, "spark.memory.fraction": 0.570280188682581, "spark.memory.storageFraction": 0.5409804876852686, "spark.reducer.maxBlocksInFlightPerAddress": 1796569176.0152788, "spark.reducer.maxSizeInFlight": 55.31720373195644, "spark.shuffle.file.buffer": 28.561055631620878}, "datetime": {"datetime": "2022-01-06 18:30:17", "elapsed": 1.212756, "delta": 0.073803}}
{"target": -2814.436630000001, "params": {"spark.default.parallelism": 413.7850037130409, "spark.executor.cores": 1.827494092927964, "spark.executor.instances": 4.8503452289778615, "spark.executor.memory": 5.4242841483608775, "spark.executor.memoryOverhead": 408.8068662636944, "spark.memory.fraction": 0.7341725892850932, "spark.memory.storageFraction": 0.8735424684303739, "spark.reducer.maxBlocksInFlightPerAddress": 2081493733.5344758, "spark.reducer.maxSizeInFlight": 52.747772396926045, "spark.shuffle.file.buffer": 23.87998667477134}, "datetime": {"datetime": "2022-01-06 18:30:17", "elapsed": 1.286558, "delta": 0.073802}}
{"target": -2800.3888200000015, "params": {"spark.default.parallelism": 400.53448423977983, "spark.executor.cores": 2.612543789936108, "spark.executor.instances": 4.054246955151147, "spark.executor.memory": 3.9729449889677464, "spark.executor.memoryOverhead": 395.7873595033749, "spark.memory.fraction": 0.8233478287621234, "spark.memory.storageFraction": 0.7522999669195276, "spark.reducer.maxBlocksInFlightPerAddress": 1776947474.9269054, "spark.reducer.maxSizeInFlight": 25.76639049759963, "spark.shuffle.file.buffer": 43.471057799957265}, "datetime": {"datetime": "2022-01-06 18:30:17", "elapsed": 1.365347, "delta": 0.078789}}
{"target": -2793.2196100000006, "params": {"spark.default.parallelism": 236.09576172880827, "spark.executor.cores": 2.331947870755529, "spark.executor.instances": 5.78655651577885, "spark.executor.memory": 4.124187264299631, "spark.executor.memoryOverhead": 384.7633157244881, "spark.memory.fraction": 0.7776508697863813, "spark.memory.storageFraction": 0.5155972233384881, "spark.reducer.maxBlocksInFlightPerAddress": 1196805476.3922563, "spark.reducer.maxSizeInFlight": 26.61458643576564, "spark.shuffle.file.buffer": 43.584902679939866}, "datetime": {"datetime": "2022-01-06 18:30:17", "elapsed": 1.441145, "delta": 0.075798}}
{"target": -2802.9760200000014, "params": {"spark.default.parallelism": 204.9017160613747, "spark.executor.cores": 1.9712310559517778, "spark.executor.instances": 4.170617782473027, "spark.executor.memory": 5.540753735042669, "spark.executor.memoryOverhead": 823.4181514985374, "spark.memory.fraction": 0.6590273103375737, "spark.memory.storageFraction": 0.6301248762774985, "spark.reducer.maxBlocksInFlightPerAddress": 1983374571.603139, "spark.reducer.maxSizeInFlight": 49.303360771004854, "spark.shuffle.file.buffer": 40.022710909864735}, "datetime": {"datetime": "2022-01-06 18:30:17", "elapsed": 1.518936, "delta": 0.077791}}
