{"target": -2801.1797800000018, "params": {"spark.default.parallelism": 269.2350138656112, "spark.executor.cores": 1.0905029280648453, "spark.executor.instances": 4.09720035404251, "spark.executor.memory": 3.7698997291255267, "spark.executor.memoryOverhead": 470.0960881328074, "spark.memory.fraction": 0.7934871223452105, "spark.memory.storageFraction": 0.7325879707076155, "spark.reducer.maxBlocksInFlightPerAddress": 1741731853.7204494, "spark.reducer.maxSizeInFlight": 43.04048131004512, "spark.shuffle.file.buffer": 36.32343684184082}, "datetime": {"datetime": "2022-01-07 15:47:39", "elapsed": 0.0, "delta": 0.0}}
{"target": -2801.0142200000014, "params": {"spark.default.parallelism": 256.81052576346895, "spark.executor.cores": 2.870553684385074, "spark.executor.instances": 6.334730876247614, "spark.executor.memory": 4.9750329098598876, "spark.executor.memoryOverhead": 841.0023505873285, "spark.memory.fraction": 0.727197441065325, "spark.memory.storageFraction": 0.7531274560276451, "spark.reducer.maxBlocksInFlightPerAddress": 1605557163.6144772, "spark.reducer.maxSizeInFlight": 32.3435140164098, "spark.shuffle.file.buffer": 16.666836120007147}, "datetime": {"datetime": "2022-01-07 15:47:39", "elapsed": 0.024901, "delta": 0.024901}}
{"target": -2799.2654199999997, "params": {"spark.default.parallelism": 209.18172976108414, "spark.executor.cores": 2.2054407716430426, "spark.executor.instances": 7.803805899534739, "spark.executor.memory": 5.31186127941565, "spark.executor.memoryOverhead": 754.6645124420847, "spark.memory.fraction": 0.6690490588620611, "spark.memory.storageFraction": 0.6519608065951019, "spark.reducer.maxBlocksInFlightPerAddress": 1119642867.2264311, "spark.reducer.maxSizeInFlight": 60.19777053106411, "spark.shuffle.file.buffer": 39.87202280074779}, "datetime": {"datetime": "2022-01-07 15:47:39", "elapsed": 0.057814, "delta": 0.032913}}
{"target": -2806.4141000000013, "params": {"spark.default.parallelism": 474.0139010995142, "spark.executor.cores": 1.7909199389725938, "spark.executor.instances": 6.898959269385012, "spark.executor.memory": 3.8972347122457487, "spark.executor.memoryOverhead": 426.51590236162474, "spark.memory.fraction": 0.5596671985446071, "spark.memory.storageFraction": 0.6743621210026484, "spark.reducer.maxBlocksInFlightPerAddress": 1983535940.6327732, "spark.reducer.maxSizeInFlight": 34.33327922022572, "spark.shuffle.file.buffer": 44.170531009650105}, "datetime": {"datetime": "2022-01-07 15:47:39", "elapsed": 0.092719, "delta": 0.034905}}
{"target": -2797.9922300000017, "params": {"spark.default.parallelism": 368.8105323322021, "spark.executor.cores": 2.1084709024206747, "spark.executor.instances": 7.341232820308779, "spark.executor.memory": 6.4899984132263615, "spark.executor.memoryOverhead": 626.6685775720279, "spark.memory.fraction": 0.8901271308763209, "spark.memory.storageFraction": 0.5924895705505224, "spark.reducer.maxBlocksInFlightPerAddress": 1383066138.515977, "spark.reducer.maxSizeInFlight": 26.835656968369342, "spark.shuffle.file.buffer": 29.177774272796867}, "datetime": {"datetime": "2022-01-07 15:47:39", "elapsed": 0.121643, "delta": 0.028924}}
{"target": -2809.749040000001, "params": {"spark.default.parallelism": 420.2761382111245, "spark.executor.cores": 1.5498371782685338, "spark.executor.instances": 5.393689538518522, "spark.executor.memory": 5.982807666248954, "spark.executor.memoryOverhead": 632.7723730359064, "spark.memory.fraction": 0.8299791307456412, "spark.memory.storageFraction": 0.8653755087910695, "spark.reducer.maxBlocksInFlightPerAddress": 2050643015.4766302, "spark.reducer.maxSizeInFlight": 63.07549957964225, "spark.shuffle.file.buffer": 28.44587849025296}, "datetime": {"datetime": "2022-01-07 15:47:39", "elapsed": 0.146577, "delta": 0.024934}}
{"target": -2798.4533500000016, "params": {"spark.default.parallelism": 400.98556353254617, "spark.executor.cores": 1.9664610180545488, "spark.executor.instances": 5.677981997913651, "spark.executor.memory": 4.206476489333622, "spark.executor.memoryOverhead": 684.2459229124634, "spark.memory.fraction": 0.591602867001567, "spark.memory.storageFraction": 0.8172811801372957, "spark.reducer.maxBlocksInFlightPerAddress": 1461387018.4748454, "spark.reducer.maxSizeInFlight": 55.393320666831045, "spark.shuffle.file.buffer": 33.175510674157984}, "datetime": {"datetime": "2022-01-07 15:47:39", "elapsed": 0.171508, "delta": 0.024931}}
{"target": -2799.4961500000018, "params": {"spark.default.parallelism": 460.7247423829748, "spark.executor.cores": 1.2845003967819737, "spark.executor.instances": 6.5016979103283195, "spark.executor.memory": 6.911425868519646, "spark.executor.memoryOverhead": 821.0637765572549, "spark.memory.fraction": 0.776656525269191, "spark.memory.storageFraction": 0.8465615142192184, "spark.reducer.maxBlocksInFlightPerAddress": 1827031013.76689, "spark.reducer.maxSizeInFlight": 69.53487232664676, "spark.shuffle.file.buffer": 46.65184407357481}, "datetime": {"datetime": "2022-01-07 15:47:39", "elapsed": 0.197473, "delta": 0.025965}}
{"target": -2797.415500000001, "params": {"spark.default.parallelism": 299.35365645522194, "spark.executor.cores": 2.4777233328992825, "spark.executor.instances": 4.44846521565568, "spark.executor.memory": 3.399717620712535, "spark.executor.memoryOverhead": 487.68227670168744, "spark.memory.fraction": 0.521986134366893, "spark.memory.storageFraction": 0.5472792499088838, "spark.reducer.maxBlocksInFlightPerAddress": 1258416676.0039225, "spark.reducer.maxSizeInFlight": 51.08976486558805, "spark.shuffle.file.buffer": 22.498419487172185}, "datetime": {"datetime": "2022-01-07 15:47:39", "elapsed": 0.222401, "delta": 0.024928}}
{"target": -2796.651400000001, "params": {"spark.default.parallelism": 348.8022219721, "spark.executor.cores": 2.691878061147455, "spark.executor.instances": 4.852633766073013, "spark.executor.memory": 5.445313399673767, "spark.executor.memoryOverhead": 554.8873673583921, "spark.memory.fraction": 0.641632860692991, "spark.memory.storageFraction": 0.5359091638315506, "spark.reducer.maxBlocksInFlightPerAddress": 1610721787.3588915, "spark.reducer.maxSizeInFlight": 47.36148156840487, "spark.shuffle.file.buffer": 19.515427587436076}, "datetime": {"datetime": "2022-01-07 15:47:39", "elapsed": 0.253289, "delta": 0.030888}}
{"target": -2852.3414800000014, "params": {"spark.default.parallelism": 263.33460174751286, "spark.executor.cores": 1.747136763945606, "spark.executor.instances": 5.147887954375084, "spark.executor.memory": 4.00153859597321, "spark.executor.memoryOverhead": 314.40893561840545, "spark.memory.fraction": 0.5404276456870334, "spark.memory.storageFraction": 0.6030587802140723, "spark.reducer.maxBlocksInFlightPerAddress": 1390436421.5498881, "spark.reducer.maxSizeInFlight": 42.21850937751365, "spark.shuffle.file.buffer": 13.038132038959231}, "datetime": {"datetime": "2022-01-07 15:47:39", "elapsed": 0.278251, "delta": 0.024962}}
{"target": -2798.6346300000005, "params": {"spark.default.parallelism": 207.99198993975912, "spark.executor.cores": 2.5663938633598606, "spark.executor.instances": 4.795015071752115, "spark.executor.memory": 3.5361255000071057, "spark.executor.memoryOverhead": 492.48694292975955, "spark.memory.fraction": 0.7489968894673992, "spark.memory.storageFraction": 0.8642345341063662, "spark.reducer.maxBlocksInFlightPerAddress": 1226496106.6631217, "spark.reducer.maxSizeInFlight": 24.50443290301899, "spark.shuffle.file.buffer": 24.194889571976578}, "datetime": {"datetime": "2022-01-07 15:47:39", "elapsed": 0.305151, "delta": 0.0269}}
{"target": -2796.726480000001, "params": {"spark.default.parallelism": 163.42972211612297, "spark.executor.cores": 2.79443131852807, "spark.executor.instances": 4.142121649360312, "spark.executor.memory": 2.939366508874145, "spark.executor.memoryOverhead": 315.66075333946566, "spark.memory.fraction": 0.6949258180697464, "spark.memory.storageFraction": 0.5032069467397512, "spark.reducer.maxBlocksInFlightPerAddress": 1266033392.5111895, "spark.reducer.maxSizeInFlight": 34.36018367239373, "spark.shuffle.file.buffer": 18.87715787367831}, "datetime": {"datetime": "2022-01-07 15:47:39", "elapsed": 0.330085, "delta": 0.024934}}
{"target": -2866.4293100000023, "params": {"spark.default.parallelism": 179.26584060868532, "spark.executor.cores": 1.173506364445559, "spark.executor.instances": 5.063351562222824, "spark.executor.memory": 2.43, "spark.executor.memoryOverhead": 311.04, "spark.memory.fraction": 0.6492174484269919, "spark.memory.storageFraction": 0.7084093106188979, "spark.reducer.maxBlocksInFlightPerAddress": 1382889456.0626192, "spark.reducer.maxSizeInFlight": 45.38349750756652, "spark.shuffle.file.buffer": 15.510617371129781}, "datetime": {"datetime": "2022-01-07 15:47:40", "elapsed": 0.356043, "delta": 0.025958}}
{"target": -2813.002160000002, "params": {"spark.default.parallelism": 162.00000000000003, "spark.executor.cores": 1.8742281791881377, "spark.executor.instances": 4.207226925990379, "spark.executor.memory": 2.434774336918973, "spark.executor.memoryOverhead": 367.2030297724709, "spark.memory.fraction": 0.8559256177066852, "spark.memory.storageFraction": 0.7604752023877369, "spark.reducer.maxBlocksInFlightPerAddress": 1333386716.7276387, "spark.reducer.maxSizeInFlight": 37.277358517158824, "spark.shuffle.file.buffer": 31.103843446916073}, "datetime": {"datetime": "2022-01-07 15:47:40", "elapsed": 0.380052, "delta": 0.024009}}
{"target": -2800.158640000001, "params": {"spark.default.parallelism": 292.90471822561057, "spark.executor.cores": 0.81, "spark.executor.instances": 4.025645567096183, "spark.executor.memory": 2.807853017780425, "spark.executor.memoryOverhead": 532.3212513535371, "spark.memory.fraction": 0.5933570562482632, "spark.memory.storageFraction": 0.7120818108083359, "spark.reducer.maxBlocksInFlightPerAddress": 1194216236.6721556, "spark.reducer.maxSizeInFlight": 19.782487697652357, "spark.shuffle.file.buffer": 16.79169595337342}, "datetime": {"datetime": "2022-01-07 15:47:40", "elapsed": 0.404957, "delta": 0.024905}}
{"target": -2817.516740000002, "params": {"spark.default.parallelism": 197.24638152853214, "spark.executor.cores": 0.9323017261561602, "spark.executor.instances": 4.899668569737488, "spark.executor.memory": 2.43, "spark.executor.memoryOverhead": 332.2412905092591, "spark.memory.fraction": 0.6996023114116624, "spark.memory.storageFraction": 0.8014741421410587, "spark.reducer.maxBlocksInFlightPerAddress": 1068802120.6421593, "spark.reducer.maxSizeInFlight": 37.18344916177665, "spark.shuffle.file.buffer": 29.108340162067204}, "datetime": {"datetime": "2022-01-07 15:47:40", "elapsed": 0.429892, "delta": 0.024935}}
{"target": -2801.0166600000007, "params": {"spark.default.parallelism": 281.56906801849146, "spark.executor.cores": 1.1959434392189199, "spark.executor.instances": 3.4231975554233536, "spark.executor.memory": 4.244854993274666, "spark.executor.memoryOverhead": 311.0400000000001, "spark.memory.fraction": 0.5202519214624263, "spark.memory.storageFraction": 0.6448697823535859, "spark.reducer.maxBlocksInFlightPerAddress": 997675322.1015899, "spark.reducer.maxSizeInFlight": 34.00124886484213, "spark.shuffle.file.buffer": 22.745870244594666}, "datetime": {"datetime": "2022-01-07 15:47:40", "elapsed": 0.454825, "delta": 0.024933}}
{"target": -2851.4867900000017, "params": {"spark.default.parallelism": 162.3510919946534, "spark.executor.cores": 1.7287179988675403, "spark.executor.instances": 5.207302689631787, "spark.executor.memory": 3.310681607509422, "spark.executor.memoryOverhead": 447.4418616323716, "spark.memory.fraction": 0.8125487142318459, "spark.memory.storageFraction": 0.5254277661754126, "spark.reducer.maxBlocksInFlightPerAddress": 1333487268.8039432, "spark.reducer.maxSizeInFlight": 46.79674275732372, "spark.shuffle.file.buffer": 12.96}, "datetime": {"datetime": "2022-01-07 15:47:40", "elapsed": 0.482774, "delta": 0.027949}}
{"target": -2853.067420000002, "params": {"spark.default.parallelism": 227.07719979551717, "spark.executor.cores": 1.0850382903765998, "spark.executor.instances": 4.418005804045557, "spark.executor.memory": 3.783772467443118, "spark.executor.memoryOverhead": 355.11478343891594, "spark.memory.fraction": 0.8767879043874849, "spark.memory.storageFraction": 0.836246430302449, "spark.reducer.maxBlocksInFlightPerAddress": 869730876.6300001, "spark.reducer.maxSizeInFlight": 25.61240234695776, "spark.shuffle.file.buffer": 13.122191708435475}, "datetime": {"datetime": "2022-01-07 15:47:40", "elapsed": 0.50771, "delta": 0.024936}}
{"target": -2811.666330000001, "params": {"spark.default.parallelism": 471.7347958176224, "spark.executor.cores": 1.4158234970816053, "spark.executor.instances": 6.7021902652564265, "spark.executor.memory": 6.307245827387211, "spark.executor.memoryOverhead": 512.8708848319183, "spark.memory.fraction": 0.5002018501106356, "spark.memory.storageFraction": 0.7529280134151459, "spark.reducer.maxBlocksInFlightPerAddress": 2027727390.8450725, "spark.reducer.maxSizeInFlight": 60.16555453095418, "spark.shuffle.file.buffer": 25.13734788014303}, "datetime": {"datetime": "2022-01-07 15:47:40", "elapsed": 0.595478, "delta": 0.087768}}
{"target": -2797.238750000002, "params": {"spark.default.parallelism": 486.2394357576476, "spark.executor.cores": 1.1541914177210235, "spark.executor.instances": 6.671555755962629, "spark.executor.memory": 6.093578670722904, "spark.executor.memoryOverhead": 597.20764129425, "spark.memory.fraction": 0.566908767886981, "spark.memory.storageFraction": 0.549952090389277, "spark.reducer.maxBlocksInFlightPerAddress": 1355843577.2816215, "spark.reducer.maxSizeInFlight": 25.570597125766916, "spark.shuffle.file.buffer": 35.34356290352122}, "datetime": {"datetime": "2022-01-07 15:47:40", "elapsed": 0.673242, "delta": 0.077764}}
{"target": -2798.9645400000013, "params": {"spark.default.parallelism": 265.99297625372975, "spark.executor.cores": 2.710912249803219, "spark.executor.instances": 7.179488483764702, "spark.executor.memory": 4.397167676389818, "spark.executor.memoryOverhead": 620.2671062595156, "spark.memory.fraction": 0.7223427035574222, "spark.memory.storageFraction": 0.6777398809728279, "spark.reducer.maxBlocksInFlightPerAddress": 1826051960.7028747, "spark.reducer.maxSizeInFlight": 41.6369158208802, "spark.shuffle.file.buffer": 47.86790957178454}, "datetime": {"datetime": "2022-01-07 15:47:40", "elapsed": 0.744053, "delta": 0.070811}}
{"target": -2801.7646900000004, "params": {"spark.default.parallelism": 345.8199556898729, "spark.executor.cores": 2.138868895147133, "spark.executor.instances": 5.353706678312488, "spark.executor.memory": 3.5096914095941396, "spark.executor.memoryOverhead": 452.8057149504005, "spark.memory.fraction": 0.6339215746896798, "spark.memory.storageFraction": 0.8115513123817542, "spark.reducer.maxBlocksInFlightPerAddress": 1266057167.2702096, "spark.reducer.maxSizeInFlight": 49.76512022144554, "spark.shuffle.file.buffer": 27.99487364029235}, "datetime": {"datetime": "2022-01-07 15:47:40", "elapsed": 0.820356, "delta": 0.076303}}
{"target": -2793.635800000001, "params": {"spark.default.parallelism": 298.55046932359096, "spark.executor.cores": 1.273657535140354, "spark.executor.instances": 5.946603348713472, "spark.executor.memory": 3.9364678023029667, "spark.executor.memoryOverhead": 815.4811416778275, "spark.memory.fraction": 0.7179508625336922, "spark.memory.storageFraction": 0.5401468369535787, "spark.reducer.maxBlocksInFlightPerAddress": 1383063195.7931223, "spark.reducer.maxSizeInFlight": 68.1693991066175, "spark.shuffle.file.buffer": 42.13340829131985}, "datetime": {"datetime": "2022-01-07 15:47:40", "elapsed": 0.904132, "delta": 0.083776}}
{"target": -2798.1878600000014, "params": {"spark.default.parallelism": 310.1661315773085, "spark.executor.cores": 1.235806066879566, "spark.executor.instances": 4.527953220482475, "spark.executor.memory": 4.667468176180524, "spark.executor.memoryOverhead": 720.3258482205704, "spark.memory.fraction": 0.5374228411420973, "spark.memory.storageFraction": 0.7598855039090662, "spark.reducer.maxBlocksInFlightPerAddress": 1610768348.8161216, "spark.reducer.maxSizeInFlight": 53.73443583240794, "spark.shuffle.file.buffer": 34.381033132674844}, "datetime": {"datetime": "2022-01-07 15:47:40", "elapsed": 0.990928, "delta": 0.086796}}
{"target": -2853.532320000001, "params": {"spark.default.parallelism": 387.86135011676413, "spark.executor.cores": 2.350706586773888, "spark.executor.instances": 5.992756058748746, "spark.executor.memory": 6.679991584616952, "spark.executor.memoryOverhead": 863.6120952353174, "spark.memory.fraction": 0.8081090510724991, "spark.memory.storageFraction": 0.7667604562328361, "spark.reducer.maxBlocksInFlightPerAddress": 1355801565.4571295, "spark.reducer.maxSizeInFlight": 64.04809830322577, "spark.shuffle.file.buffer": 16.407196893257414}, "datetime": {"datetime": "2022-01-07 15:47:40", "elapsed": 1.067695, "delta": 0.076767}}
{"target": -2800.057010000002, "params": {"spark.default.parallelism": 396.60984973705865, "spark.executor.cores": 2.247069110643759, "spark.executor.instances": 4.526375448727204, "spark.executor.memory": 5.77211229951657, "spark.executor.memoryOverhead": 780.178773917331, "spark.memory.fraction": 0.7178515045192384, "spark.memory.storageFraction": 0.5823766384464204, "spark.reducer.maxBlocksInFlightPerAddress": 1383046181.432499, "spark.reducer.maxSizeInFlight": 31.026786064433942, "spark.shuffle.file.buffer": 19.039755560725126}, "datetime": {"datetime": "2022-01-07 15:47:40", "elapsed": 1.147731, "delta": 0.080036}}
{"target": -2798.4134800000015, "params": {"spark.default.parallelism": 292.1189803826157, "spark.executor.cores": 2.138498435927387, "spark.executor.instances": 4.207283138125501, "spark.executor.memory": 4.730596523410366, "spark.executor.memoryOverhead": 742.2134768483536, "spark.memory.fraction": 0.7050624040282509, "spark.memory.storageFraction": 0.5760350924159015, "spark.reducer.maxBlocksInFlightPerAddress": 1446856239.9477859, "spark.reducer.maxSizeInFlight": 71.16904767547007, "spark.shuffle.file.buffer": 25.254765771556578}, "datetime": {"datetime": "2022-01-07 15:47:40", "elapsed": 1.232512, "delta": 0.084781}}
{"target": -2797.1741500000003, "params": {"spark.default.parallelism": 271.65471510496604, "spark.executor.cores": 2.1897896319718777, "spark.executor.instances": 7.028512605874881, "spark.executor.memory": 6.4341245980919215, "spark.executor.memoryOverhead": 509.4840962401895, "spark.memory.fraction": 0.7468018614667242, "spark.memory.storageFraction": 0.6232476507265056, "spark.reducer.maxBlocksInFlightPerAddress": 1265991187.1227694, "spark.reducer.maxSizeInFlight": 54.605883188210896, "spark.shuffle.file.buffer": 43.867881390869904}, "datetime": {"datetime": "2022-01-07 15:47:40", "elapsed": 1.329419, "delta": 0.096907}}
{"target": -2796.566940000002, "params": {"spark.default.parallelism": 443.504810323362, "spark.executor.cores": 2.1104919460106712, "spark.executor.instances": 5.2892646465554645, "spark.executor.memory": 4.559687920519686, "spark.executor.memoryOverhead": 769.0100073773848, "spark.memory.fraction": 0.6992123636775487, "spark.memory.storageFraction": 0.576971372754219, "spark.reducer.maxBlocksInFlightPerAddress": 1610688966.0131612, "spark.reducer.maxSizeInFlight": 69.02633480000091, "spark.shuffle.file.buffer": 34.02236098233124}, "datetime": {"datetime": "2022-01-07 15:47:41", "elapsed": 1.437693, "delta": 0.108274}}
{"target": -2799.754730000001, "params": {"spark.default.parallelism": 451.45246583696826, "spark.executor.cores": 1.7975996486961567, "spark.executor.instances": 6.811881708991024, "spark.executor.memory": 3.879642309574999, "spark.executor.memoryOverhead": 448.9270713467388, "spark.memory.fraction": 0.7049094461283667, "spark.memory.storageFraction": 0.6493746189798578, "spark.reducer.maxBlocksInFlightPerAddress": 1355867214.0003953, "spark.reducer.maxSizeInFlight": 28.266468309272344, "spark.shuffle.file.buffer": 37.938144056488234}, "datetime": {"datetime": "2022-01-07 15:47:41", "elapsed": 1.5323, "delta": 0.094607}}
{"target": -2797.654450000002, "params": {"spark.default.parallelism": 213.52716063890946, "spark.executor.cores": 2.9309889976050227, "spark.executor.instances": 7.523004887189178, "spark.executor.memory": 4.363565107618465, "spark.executor.memoryOverhead": 779.4924404378285, "spark.memory.fraction": 0.776582933792973, "spark.memory.storageFraction": 0.5981897646065436, "spark.reducer.maxBlocksInFlightPerAddress": 1446886790.7073965, "spark.reducer.maxSizeInFlight": 43.779793438888774, "spark.shuffle.file.buffer": 30.756339220504362}, "datetime": {"datetime": "2022-01-07 15:47:41", "elapsed": 1.623058, "delta": 0.090758}}
{"target": -2796.6320100000016, "params": {"spark.default.parallelism": 418.3298064658328, "spark.executor.cores": 1.428966817419753, "spark.executor.instances": 4.209357770719957, "spark.executor.memory": 5.987086624074024, "spark.executor.memoryOverhead": 732.3503715955035, "spark.memory.fraction": 0.8129602537581844, "spark.memory.storageFraction": 0.5999710509070613, "spark.reducer.maxBlocksInFlightPerAddress": 1610654756.1666498, "spark.reducer.maxSizeInFlight": 50.25279815352502, "spark.shuffle.file.buffer": 44.611372421361295}, "datetime": {"datetime": "2022-01-07 15:47:41", "elapsed": 1.7271, "delta": 0.104042}}
{"target": -2797.286130000002, "params": {"spark.default.parallelism": 370.23282815323444, "spark.executor.cores": 2.313245785530546, "spark.executor.instances": 4.151214554476455, "spark.executor.memory": 5.726664237826892, "spark.executor.memoryOverhead": 518.1137921692457, "spark.memory.fraction": 0.6111668681460959, "spark.memory.storageFraction": 0.6928942069868305, "spark.reducer.maxBlocksInFlightPerAddress": 1610611607.5106091, "spark.reducer.maxSizeInFlight": 54.40681275132434, "spark.shuffle.file.buffer": 25.777689140270674}, "datetime": {"datetime": "2022-01-07 15:47:41", "elapsed": 1.835651, "delta": 0.108551}}
