{"target": -2807.0062300000013, "params": {"spark.default.parallelism": 230.9067130890092, "spark.executor.cores": 1.8985399613249527, "spark.executor.instances": 6.349207892032901, "spark.executor.memory": 4.863152281530208, "spark.executor.memoryOverhead": 534.7836185254696, "spark.memory.fraction": 0.7827695753201128, "spark.memory.storageFraction": 0.5530067371631945, "spark.reducer.maxBlocksInFlightPerAddress": 2048344295.4161325, "spark.reducer.maxSizeInFlight": 58.012989078743686, "spark.shuffle.file.buffer": 45.970502274357244}, "datetime": {"datetime": "2022-01-07 16:21:13", "elapsed": 1.303667, "delta": 0.093007}}
{"target": -2795.806160000001, "params": {"spark.default.parallelism": 352.04651515700687, "spark.executor.cores": 1.5188513541685025, "spark.executor.instances": 7.885765277992592, "spark.executor.memory": 5.038123631538513, "spark.executor.memoryOverhead": 538.0941905619998, "spark.memory.fraction": 0.7052444345224423, "spark.memory.storageFraction": 0.5534462275676156, "spark.reducer.maxBlocksInFlightPerAddress": 1382175986.4515374, "spark.reducer.maxSizeInFlight": 28.14624059181522, "spark.shuffle.file.buffer": 42.30314185306119}, "datetime": {"datetime": "2022-01-07 16:21:13", "elapsed": 1.391598, "delta": 0.087931}}
{"target": -2796.8492400000014, "params": {"spark.default.parallelism": 270.4786092350405, "spark.executor.cores": 2.4918374940995762, "spark.executor.instances": 5.8573510013244245, "spark.executor.memory": 4.080125297767461, "spark.executor.memoryOverhead": 622.6011244461616, "spark.memory.fraction": 0.6823038593029572, "spark.memory.storageFraction": 0.6694246533007249, "spark.reducer.maxBlocksInFlightPerAddress": 1737397985.9944415, "spark.reducer.maxSizeInFlight": 37.71184295557874, "spark.shuffle.file.buffer": 39.388692138875044}, "datetime": {"datetime": "2022-01-07 16:21:13", "elapsed": 1.48274, "delta": 0.091142}}
{"target": -2798.026150000001, "params": {"spark.default.parallelism": 346.71306927506816, "spark.executor.cores": 1.1528175561620233, "spark.executor.instances": 7.435787915620363, "spark.executor.memory": 5.159043959472134, "spark.executor.memoryOverhead": 489.1655992739968, "spark.memory.fraction": 0.7328358935777589, "spark.memory.storageFraction": 0.7647379625386903, "spark.reducer.maxBlocksInFlightPerAddress": 1912135035.5905647, "spark.reducer.maxSizeInFlight": 32.216094443168174, "spark.shuffle.file.buffer": 45.061259460974085}, "datetime": {"datetime": "2022-01-07 16:21:13", "elapsed": 1.587721, "delta": 0.104981}}
{"target": -2795.972890000001, "params": {"spark.default.parallelism": 355.9161818510058, "spark.executor.cores": 1.6057268842754422, "spark.executor.instances": 6.588301495597976, "spark.executor.memory": 3.423238689058109, "spark.executor.memoryOverhead": 844.7939662364126, "spark.memory.fraction": 0.8203599494702831, "spark.memory.storageFraction": 0.5428642878986085, "spark.reducer.maxBlocksInFlightPerAddress": 1224328572.7574153, "spark.reducer.maxSizeInFlight": 57.77396632049301, "spark.shuffle.file.buffer": 26.48186063203107}, "datetime": {"datetime": "2022-01-07 16:21:13", "elapsed": 1.690685, "delta": 0.102964}}
{"target": -2798.1217200000015, "params": {"spark.default.parallelism": 370.89715900580586, "spark.executor.cores": 1.7455593897047201, "spark.executor.instances": 4.548412727130316, "spark.executor.memory": 3.00119317088661, "spark.executor.memoryOverhead": 651.03542847793, "spark.memory.fraction": 0.626049869067065, "spark.memory.storageFraction": 0.6406076405843628, "spark.reducer.maxBlocksInFlightPerAddress": 1737400459.0748177, "spark.reducer.maxSizeInFlight": 38.999550564152386, "spark.shuffle.file.buffer": 36.020337533529286}, "datetime": {"datetime": "2022-01-07 16:21:13", "elapsed": 1.803581, "delta": 0.112896}}
{"target": -2799.111930000002, "params": {"spark.default.parallelism": 297.7965261824939, "spark.executor.cores": 2.254941990781295, "spark.executor.instances": 4.553075746289944, "spark.executor.memory": 3.0400122053804908, "spark.executor.memoryOverhead": 643.2607093221818, "spark.memory.fraction": 0.7619945846999441, "spark.memory.storageFraction": 0.7436880590323752, "spark.reducer.maxBlocksInFlightPerAddress": 1737391253.8885946, "spark.reducer.maxSizeInFlight": 60.912289071950056, "spark.shuffle.file.buffer": 28.31358840351376}, "datetime": {"datetime": "2022-01-07 16:21:13", "elapsed": 1.900516, "delta": 0.096935}}
{"target": -2799.022150000002, "params": {"spark.default.parallelism": 257.1835872366085, "spark.executor.cores": 2.9574800103368775, "spark.executor.instances": 5.7368119213338, "spark.executor.memory": 5.306974135103269, "spark.executor.memoryOverhead": 733.5832462716471, "spark.memory.fraction": 0.8614274890702234, "spark.memory.storageFraction": 0.5830737160736237, "spark.reducer.maxBlocksInFlightPerAddress": 1720697133.5512962, "spark.reducer.maxSizeInFlight": 47.93389639712476, "spark.shuffle.file.buffer": 24.236089657381893}, "datetime": {"datetime": "2022-01-07 16:21:13", "elapsed": 2.004518, "delta": 0.104002}}
{"target": -2793.742770000001, "params": {"spark.default.parallelism": 311.58232026188495, "spark.executor.cores": 1.3559352576575951, "spark.executor.instances": 5.843474680326878, "spark.executor.memory": 3.139410703508257, "spark.executor.memoryOverhead": 674.2864031965032, "spark.memory.fraction": 0.6561049879483472, "spark.memory.storageFraction": 0.5232145035708888, "spark.reducer.maxBlocksInFlightPerAddress": 1737388261.0710251, "spark.reducer.maxSizeInFlight": 44.95316509325153, "spark.shuffle.file.buffer": 39.752317146226346}, "datetime": {"datetime": "2022-01-07 16:21:14", "elapsed": 2.12157, "delta": 0.117052}}
{"target": -2797.3622200000013, "params": {"spark.default.parallelism": 446.817068637818, "spark.executor.cores": 1.4586412132128685, "spark.executor.instances": 6.181983419783999, "spark.executor.memory": 4.4423102905289635, "spark.executor.memoryOverhead": 563.8063978254262, "spark.memory.fraction": 0.6755277220367084, "spark.memory.storageFraction": 0.840806798627013, "spark.reducer.maxBlocksInFlightPerAddress": 1340873055.0208766, "spark.reducer.maxSizeInFlight": 57.119203519978626, "spark.shuffle.file.buffer": 28.884761559952448}, "datetime": {"datetime": "2022-01-07 16:21:14", "elapsed": 2.227752, "delta": 0.106182}}
{"target": -2797.156720000001, "params": {"spark.default.parallelism": 323.66825115143604, "spark.executor.cores": 2.522069799930325, "spark.executor.instances": 5.066311602260859, "spark.executor.memory": 3.246253622929391, "spark.executor.memoryOverhead": 697.1347937902838, "spark.memory.fraction": 0.7435452956832633, "spark.memory.storageFraction": 0.6358518370945065, "spark.reducer.maxBlocksInFlightPerAddress": 1184086715.3503165, "spark.reducer.maxSizeInFlight": 27.564661248031598, "spark.shuffle.file.buffer": 34.047783077782526}, "datetime": {"datetime": "2022-01-07 16:21:14", "elapsed": 2.348749, "delta": 0.120997}}
{"target": -4336.520089999998, "params": {"spark.default.parallelism": 261.5739193924962, "spark.executor.cores": 1.9484810901910787, "spark.executor.instances": 7.705844375031454, "spark.executor.memory": 4.870693399069953, "spark.executor.memoryOverhead": 522.5920444371336, "spark.memory.fraction": 0.8473998177755537, "spark.memory.storageFraction": 0.896523889965162, "spark.reducer.maxBlocksInFlightPerAddress": 1737402041.3320427, "spark.reducer.maxSizeInFlight": 63.70550793689339, "spark.shuffle.file.buffer": 16.693986062995798}, "datetime": {"datetime": "2022-01-07 16:21:14", "elapsed": 2.459747, "delta": 0.110998}}
{"target": -2797.109790000001, "params": {"spark.default.parallelism": 237.61140091671786, "spark.executor.cores": 1.4114269532461565, "spark.executor.instances": 6.449397595122715, "spark.executor.memory": 4.160765802971126, "spark.executor.memoryOverhead": 794.6150598976134, "spark.memory.fraction": 0.8349501529836878, "spark.memory.storageFraction": 0.5920565107861788, "spark.reducer.maxBlocksInFlightPerAddress": 1227585011.9254677, "spark.reducer.maxSizeInFlight": 70.01863954079916, "spark.shuffle.file.buffer": 36.70567814301667}, "datetime": {"datetime": "2022-01-07 16:21:14", "elapsed": 2.588811, "delta": 0.129064}}
{"target": -2799.5122700000006, "params": {"spark.default.parallelism": 386.7049603855588, "spark.executor.cores": 1.3085640887821528, "spark.executor.instances": 5.778886778273922, "spark.executor.memory": 6.0661904365559085, "spark.executor.memoryOverhead": 533.7860970608858, "spark.memory.fraction": 0.5604590979274178, "spark.memory.storageFraction": 0.7981465725041272, "spark.reducer.maxBlocksInFlightPerAddress": 1227594207.5085251, "spark.reducer.maxSizeInFlight": 62.2134558181798, "spark.shuffle.file.buffer": 29.143372171649098}, "datetime": {"datetime": "2022-01-07 16:21:14", "elapsed": 2.702784, "delta": 0.113973}}
{"target": -2809.1260100000013, "params": {"spark.default.parallelism": 201.71361835989288, "spark.executor.cores": 2.313256804716371, "spark.executor.instances": 7.022991620668855, "spark.executor.memory": 5.777729274065159, "spark.executor.memoryOverhead": 660.1320236457457, "spark.memory.fraction": 0.7769212666577975, "spark.memory.storageFraction": 0.5860713784818473, "spark.reducer.maxBlocksInFlightPerAddress": 2087191102.8654299, "spark.reducer.maxSizeInFlight": 47.59071414981109, "spark.shuffle.file.buffer": 31.035871132692385}, "datetime": {"datetime": "2022-01-07 16:21:14", "elapsed": 2.801811, "delta": 0.099027}}
"{'maxIndex': 44, 'target': -2793.742770000001, 'params': {'spark.default.parallelism': 311.58232026188495, 'spark.executor.cores': 1.3559352576575951, 'spark.executor.instances': 5.843474680326878, 'spark.executor.memory': 3.139410703508257, 'spark.executor.memoryOverhead': 674.2864031965032, 'spark.memory.fraction': 0.6561049879483472, 'spark.memory.storageFraction': 0.5232145035708888, 'spark.reducer.maxBlocksInFlightPerAddress': 1737388261.0710251, 'spark.reducer.maxSizeInFlight': 44.95316509325153, 'spark.shuffle.file.buffer': 39.752317146226346}}"