{"target": -2797.2798600000015, "params": {"spark.default.parallelism": 201.68754127616577, "spark.executor.cores": 1.2864721642399486, "spark.executor.instances": 4.53484897922525, "spark.executor.memory": 5.084864926518051, "spark.executor.memoryOverhead": 720.7783181552908, "spark.memory.fraction": 0.7456055860240624, "spark.memory.storageFraction": 0.6812426043964414, "spark.reducer.maxBlocksInFlightPerAddress": 1742689615.065249, "spark.reducer.maxSizeInFlight": 43.528136718998375, "spark.shuffle.file.buffer": 32.83683901322266}, "datetime": {"datetime": "2022-01-07 15:49:34", "elapsed": 1.273181, "delta": 0.103023}}
{"target": -2799.982850000002, "params": {"spark.default.parallelism": 237.4213120896246, "spark.executor.cores": 2.462110972233226, "spark.executor.instances": 7.295837127388773, "spark.executor.memory": 3.025101546399233, "spark.executor.memoryOverhead": 492.48683196600314, "spark.memory.fraction": 0.5591077091302261, "spark.memory.storageFraction": 0.7250965383178406, "spark.reducer.maxBlocksInFlightPerAddress": 1826066374.14396, "spark.reducer.maxSizeInFlight": 31.802989927850412, "spark.shuffle.file.buffer": 35.302299566224846}, "datetime": {"datetime": "2022-01-07 15:49:34", "elapsed": 1.362412, "delta": 0.089231}}
{"target": -2798.484620000001, "params": {"spark.default.parallelism": 218.83683901499447, "spark.executor.cores": 2.9308657316634426, "spark.executor.instances": 6.751292343674395, "spark.executor.memory": 3.552725774261845, "spark.executor.memoryOverhead": 744.43455668008, "spark.memory.fraction": 0.6655531709624817, "spark.memory.storageFraction": 0.8626552011100099, "spark.reducer.maxBlocksInFlightPerAddress": 1176807017.1904054, "spark.reducer.maxSizeInFlight": 39.149022213474716, "spark.shuffle.file.buffer": 22.43559644113004}, "datetime": {"datetime": "2022-01-07 15:49:34", "elapsed": 1.45822, "delta": 0.095808}}
{"target": -2796.310420000001, "params": {"spark.default.parallelism": 233.69006431918, "spark.executor.cores": 2.124918998942606, "spark.executor.instances": 4.505078812245662, "spark.executor.memory": 5.646158258330727, "spark.executor.memoryOverhead": 385.3852078838163, "spark.memory.fraction": 0.8018239143370067, "spark.memory.storageFraction": 0.5254731552302337, "spark.reducer.maxBlocksInFlightPerAddress": 1205996714.333217, "spark.reducer.maxSizeInFlight": 54.86399647253285, "spark.shuffle.file.buffer": 19.909708857989145}, "datetime": {"datetime": "2022-01-07 15:49:34", "elapsed": 1.556447, "delta": 0.098227}}
{"target": -2853.7629000000015, "params": {"spark.default.parallelism": 389.9615304893448, "spark.executor.cores": 1.430786998055126, "spark.executor.instances": 6.17347505879488, "spark.executor.memory": 5.90969065729893, "spark.executor.memoryOverhead": 443.02865827372756, "spark.memory.fraction": 0.8937873390700931, "spark.memory.storageFraction": 0.6366375600656535, "spark.reducer.maxBlocksInFlightPerAddress": 1332884844.0521517, "spark.reducer.maxSizeInFlight": 44.78766433189499, "spark.shuffle.file.buffer": 16.240928684025242}, "datetime": {"datetime": "2022-01-07 15:49:35", "elapsed": 1.663696, "delta": 0.107249}}
{"target": -2797.2479700000013, "params": {"spark.default.parallelism": 272.57030285948986, "spark.executor.cores": 2.8929225347944936, "spark.executor.instances": 4.839643436013688, "spark.executor.memory": 3.9517007250107565, "spark.executor.memoryOverhead": 511.3060514014735, "spark.memory.fraction": 0.8682244236329313, "spark.memory.storageFraction": 0.7145415318515176, "spark.reducer.maxBlocksInFlightPerAddress": 1176830368.2473145, "spark.reducer.maxSizeInFlight": 59.535046213709414, "spark.shuffle.file.buffer": 34.15382262046846}, "datetime": {"datetime": "2022-01-07 15:49:35", "elapsed": 1.794541, "delta": 0.130845}}
{"target": -2798.6239600000013, "params": {"spark.default.parallelism": 463.92017652993513, "spark.executor.cores": 1.3577276986747562, "spark.executor.instances": 6.812253714204367, "spark.executor.memory": 4.455795610774916, "spark.executor.memoryOverhead": 823.5155910671369, "spark.memory.fraction": 0.6355496469985745, "spark.memory.storageFraction": 0.584992073041454, "spark.reducer.maxBlocksInFlightPerAddress": 1176825084.9551678, "spark.reducer.maxSizeInFlight": 61.964992037743066, "spark.shuffle.file.buffer": 24.076783800135342}, "datetime": {"datetime": "2022-01-07 15:49:35", "elapsed": 1.91867, "delta": 0.124129}}
{"target": -2796.7545500000015, "params": {"spark.default.parallelism": 349.66907957149954, "spark.executor.cores": 1.743066378612329, "spark.executor.instances": 7.489545781483829, "spark.executor.memory": 6.721300962161565, "spark.executor.memoryOverhead": 551.2841876611286, "spark.memory.fraction": 0.6442100126297837, "spark.memory.storageFraction": 0.6069178976373537, "spark.reducer.maxBlocksInFlightPerAddress": 1369620874.7029438, "spark.reducer.maxSizeInFlight": 36.186564683791055, "spark.shuffle.file.buffer": 39.28266464647143}, "datetime": {"datetime": "2022-01-07 15:49:35", "elapsed": 2.023514, "delta": 0.104844}}
{"target": -2794.865100000001, "params": {"spark.default.parallelism": 384.6863006401919, "spark.executor.cores": 1.8774090135856112, "spark.executor.instances": 6.576357410422792, "spark.executor.memory": 6.554699947566387, "spark.executor.memoryOverhead": 600.614764845613, "spark.memory.fraction": 0.8678472393669137, "spark.memory.storageFraction": 0.5355397881746611, "spark.reducer.maxBlocksInFlightPerAddress": 1258232379.7377996, "spark.reducer.maxSizeInFlight": 67.72071384305977, "spark.shuffle.file.buffer": 47.01325781020446}, "datetime": {"datetime": "2022-01-07 15:49:35", "elapsed": 2.13922, "delta": 0.115706}}
{"target": -2796.3751100000004, "params": {"spark.default.parallelism": 241.96305748969334, "spark.executor.cores": 1.5656583119224436, "spark.executor.instances": 5.6555214709127934, "spark.executor.memory": 3.891736351512293, "spark.executor.memoryOverhead": 493.0941115188351, "spark.memory.fraction": 0.7411732323825431, "spark.memory.storageFraction": 0.6190079644837861, "spark.reducer.maxBlocksInFlightPerAddress": 1258235753.6910481, "spark.reducer.maxSizeInFlight": 47.60569023776428, "spark.shuffle.file.buffer": 42.58675969677025}, "datetime": {"datetime": "2022-01-07 15:49:35", "elapsed": 2.242306, "delta": 0.103086}}
{"target": -2797.049880000002, "params": {"spark.default.parallelism": 200.49269587543853, "spark.executor.cores": 2.519228581302686, "spark.executor.instances": 6.22798397053424, "spark.executor.memory": 6.649709676944667, "spark.executor.memoryOverhead": 723.8641806164675, "spark.memory.fraction": 0.6893020177398081, "spark.memory.storageFraction": 0.7107572860694055, "spark.reducer.maxBlocksInFlightPerAddress": 1286431450.7620602, "spark.reducer.maxSizeInFlight": 45.65928109282318, "spark.shuffle.file.buffer": 36.2391986363009}, "datetime": {"datetime": "2022-01-07 15:49:35", "elapsed": 2.366378, "delta": 0.124072}}
{"target": -2797.706570000001, "params": {"spark.default.parallelism": 261.46955393019385, "spark.executor.cores": 2.8214201364523497, "spark.executor.instances": 5.030561065039619, "spark.executor.memory": 6.953923394126711, "spark.executor.memoryOverhead": 671.7722632139075, "spark.memory.fraction": 0.618488360290955, "spark.memory.storageFraction": 0.8406635071253661, "spark.reducer.maxBlocksInFlightPerAddress": 1332923575.3746986, "spark.reducer.maxSizeInFlight": 35.62020076442387, "spark.shuffle.file.buffer": 34.72190070925742}, "datetime": {"datetime": "2022-01-07 15:49:35", "elapsed": 2.485546, "delta": 0.119168}}
{"target": -2802.7247900000016, "params": {"spark.default.parallelism": 281.2286154667962, "spark.executor.cores": 2.6636459219455926, "spark.executor.instances": 4.165862038733264, "spark.executor.memory": 4.815029096128925, "spark.executor.memoryOverhead": 757.5072041224703, "spark.memory.fraction": 0.7607459890059556, "spark.memory.storageFraction": 0.7597687974533374, "spark.reducer.maxBlocksInFlightPerAddress": 1861359003.090942, "spark.reducer.maxSizeInFlight": 49.19551692917284, "spark.shuffle.file.buffer": 20.880164632046643}, "datetime": {"datetime": "2022-01-07 15:49:35", "elapsed": 2.579355, "delta": 0.093809}}
{"target": -2796.7376100000006, "params": {"spark.default.parallelism": 475.2767225673296, "spark.executor.cores": 1.474581392911141, "spark.executor.instances": 6.960600256891107, "spark.executor.memory": 6.021031897825091, "spark.executor.memoryOverhead": 766.5431559586692, "spark.memory.fraction": 0.5927336459651303, "spark.memory.storageFraction": 0.8441061608821068, "spark.reducer.maxBlocksInFlightPerAddress": 1176816046.9544978, "spark.reducer.maxSizeInFlight": 70.13327171262213, "spark.shuffle.file.buffer": 37.610890846363574}, "datetime": {"datetime": "2022-01-07 15:49:36", "elapsed": 2.696091, "delta": 0.116736}}
{"target": -2809.1260100000013, "params": {"spark.default.parallelism": 201.71361835989288, "spark.executor.cores": 2.313256804716371, "spark.executor.instances": 7.022991620668855, "spark.executor.memory": 5.777729274065159, "spark.executor.memoryOverhead": 660.1320236457457, "spark.memory.fraction": 0.7769212666577975, "spark.memory.storageFraction": 0.5860713784818473, "spark.reducer.maxBlocksInFlightPerAddress": 2087191102.8654299, "spark.reducer.maxSizeInFlight": 47.59071414981109, "spark.shuffle.file.buffer": 31.035871132692385}, "datetime": {"datetime": "2022-01-07 15:49:36", "elapsed": 2.797308, "delta": 0.101217}}
"{'maxIndex': 8, 'target': -2794.4441300000008, 'params': {'spark.default.parallelism': 299.6120760458674, 'spark.executor.cores': 2.013148357695844, 'spark.executor.instances': 4.741985478709292, 'spark.executor.memory': 6.648768896081206, 'spark.executor.memoryOverhead': 796.0757791402791, 'spark.memory.fraction': 0.6848776237140882, 'spark.memory.storageFraction': 0.5207619261471681, 'spark.reducer.maxBlocksInFlightPerAddress': 1176810076.8860242, 'spark.reducer.maxSizeInFlight': 45.66021688653423, 'spark.shuffle.file.buffer': 47.060409984282146}}"