{"target": -2802.5257200000015, "params": {"spark.default.parallelism": 380.45289100381683, "spark.executor.cores": 1.2657881380915246, "spark.executor.instances": 7.308991546593756, "spark.executor.memory": 3.4429442223490443, "spark.executor.memoryOverhead": 789.0934141419489, "spark.memory.fraction": 0.5200316502962388, "spark.memory.storageFraction": 0.7669186628196362, "spark.reducer.maxBlocksInFlightPerAddress": 1922941430.5952597, "spark.reducer.maxSizeInFlight": 44.740960769606836, "spark.shuffle.file.buffer": 20.071770855491074}, "datetime": {"datetime": "2022-01-06 18:58:26", "elapsed": 1.693917, "delta": 0.074982}}
{"target": -2798.4526400000013, "params": {"spark.default.parallelism": 402.25151836465653, "spark.executor.cores": 1.818101967992888, "spark.executor.instances": 7.878160088332992, "spark.executor.memory": 5.617044113241333, "spark.executor.memoryOverhead": 760.4696701594823, "spark.memory.fraction": 0.8958333801450857, "spark.memory.storageFraction": 0.6493672578527064, "spark.reducer.maxBlocksInFlightPerAddress": 1922733066.3868797, "spark.reducer.maxSizeInFlight": 45.52201788870991, "spark.shuffle.file.buffer": 36.06697127372635}, "datetime": {"datetime": "2022-01-06 18:58:26", "elapsed": 1.773271, "delta": 0.079354}}
{"target": -2802.7247900000016, "params": {"spark.default.parallelism": 281.2286154667962, "spark.executor.cores": 2.6636459219455926, "spark.executor.instances": 4.165862038733264, "spark.executor.memory": 4.815029096128925, "spark.executor.memoryOverhead": 757.5072041224703, "spark.memory.fraction": 0.7607459890059556, "spark.memory.storageFraction": 0.7597687974533374, "spark.reducer.maxBlocksInFlightPerAddress": 1861359003.090942, "spark.reducer.maxSizeInFlight": 49.19551692917284, "spark.shuffle.file.buffer": 20.880164632046643}, "datetime": {"datetime": "2022-01-06 18:58:26", "elapsed": 1.860045, "delta": 0.086774}}
{"target": -2798.5087300000014, "params": {"spark.default.parallelism": 416.3857676563544, "spark.executor.cores": 1.9249608275275338, "spark.executor.instances": 6.308891774452507, "spark.executor.memory": 6.8244233140137505, "spark.executor.memoryOverhead": 573.3697211962811, "spark.memory.fraction": 0.7800674663390446, "spark.memory.storageFraction": 0.8675368027421486, "spark.reducer.maxBlocksInFlightPerAddress": 1546128026.2625089, "spark.reducer.maxSizeInFlight": 33.29805057623546, "spark.shuffle.file.buffer": 23.24877782222516}, "datetime": {"datetime": "2022-01-06 18:58:26", "elapsed": 1.937848, "delta": 0.077803}}
{"target": -2809.1260100000013, "params": {"spark.default.parallelism": 201.71361835989288, "spark.executor.cores": 2.313256804716371, "spark.executor.instances": 7.022991620668855, "spark.executor.memory": 5.777729274065159, "spark.executor.memoryOverhead": 660.1320236457457, "spark.memory.fraction": 0.7769212666577975, "spark.memory.storageFraction": 0.5860713784818473, "spark.reducer.maxBlocksInFlightPerAddress": 2087191102.8654299, "spark.reducer.maxSizeInFlight": 47.59071414981109, "spark.shuffle.file.buffer": 31.035871132692385}, "datetime": {"datetime": "2022-01-06 18:58:26", "elapsed": 2.012177, "delta": 0.074329}}
{"target": -2803.1833300000017, "params": {"spark.default.parallelism": 391.67539650971435, "spark.executor.cores": 1.7229702785452408, "spark.executor.instances": 5.200575010433765, "spark.executor.memory": 6.519709300672959, "spark.executor.memoryOverhead": 399.1725459496612, "spark.memory.fraction": 0.8502058766598098, "spark.memory.storageFraction": 0.7493553964200514, "spark.reducer.maxBlocksInFlightPerAddress": 1398556476.4007888, "spark.reducer.maxSizeInFlight": 36.82663471080859, "spark.shuffle.file.buffer": 19.192073968561278}, "datetime": {"datetime": "2022-01-06 18:58:26", "elapsed": 2.097918, "delta": 0.085741}}
{"target": -2801.4710100000007, "params": {"spark.default.parallelism": 426.65741282252463, "spark.executor.cores": 2.5153759941422704, "spark.executor.instances": 6.379836917060936, "spark.executor.memory": 3.9669977651806585, "spark.executor.memoryOverhead": 815.470778354153, "spark.memory.fraction": 0.7242953262528135, "spark.memory.storageFraction": 0.681578065071357, "spark.reducer.maxBlocksInFlightPerAddress": 1923389293.5435872, "spark.reducer.maxSizeInFlight": 41.25317215190722, "spark.shuffle.file.buffer": 17.911240485766196}, "datetime": {"datetime": "2022-01-06 18:58:26", "elapsed": 2.196664, "delta": 0.098746}}
{"target": -2802.9772900000016, "params": {"spark.default.parallelism": 331.3805066650017, "spark.executor.cores": 2.635504736986955, "spark.executor.instances": 5.8599487966957655, "spark.executor.memory": 5.479120867161818, "spark.executor.memoryOverhead": 467.9690796907156, "spark.memory.fraction": 0.6135970757188867, "spark.memory.storageFraction": 0.5887270399940717, "spark.reducer.maxBlocksInFlightPerAddress": 1666069813.82332, "spark.reducer.maxSizeInFlight": 36.58142232507335, "spark.shuffle.file.buffer": 21.020206216459258}, "datetime": {"datetime": "2022-01-06 18:58:27", "elapsed": 2.277452, "delta": 0.080788}}
{"target": -2796.9448800000014, "params": {"spark.default.parallelism": 443.95647441838577, "spark.executor.cores": 2.26118580191353, "spark.executor.instances": 4.108806251468173, "spark.executor.memory": 4.9378594758123935, "spark.executor.memoryOverhead": 553.4126143522832, "spark.memory.fraction": 0.734728306469074, "spark.memory.storageFraction": 0.821621423630696, "spark.reducer.maxBlocksInFlightPerAddress": 1918263142.428958, "spark.reducer.maxSizeInFlight": 54.54709467211097, "spark.shuffle.file.buffer": 42.14598935763491}, "datetime": {"datetime": "2022-01-06 18:58:27", "elapsed": 2.360238, "delta": 0.082786}}
{"target": -2803.762510000001, "params": {"spark.default.parallelism": 230.35875511159497, "spark.executor.cores": 2.9572951569971018, "spark.executor.instances": 7.429658393080641, "spark.executor.memory": 6.788901823223932, "spark.executor.memoryOverhead": 457.581438534527, "spark.memory.fraction": 0.6477346961750937, "spark.memory.storageFraction": 0.8745391359890726, "spark.reducer.maxBlocksInFlightPerAddress": 1356099330.5098147, "spark.reducer.maxSizeInFlight": 60.40122794412097, "spark.shuffle.file.buffer": 21.193496099113332}, "datetime": {"datetime": "2022-01-06 18:58:27", "elapsed": 2.461968, "delta": 0.10173}}
{"target": -2797.269110000002, "params": {"spark.default.parallelism": 290.67963975959685, "spark.executor.cores": 2.4829826140502678, "spark.executor.instances": 5.06504235110455, "spark.executor.memory": 4.922609050174996, "spark.executor.memoryOverhead": 531.5646672046186, "spark.memory.fraction": 0.6770873753447837, "spark.memory.storageFraction": 0.7144691952435158, "spark.reducer.maxBlocksInFlightPerAddress": 1680484853.846784, "spark.reducer.maxSizeInFlight": 30.392533459555914, "spark.shuffle.file.buffer": 44.80045369569976}, "datetime": {"datetime": "2022-01-06 18:58:27", "elapsed": 2.556714, "delta": 0.094746}}
{"target": -2800.5654300000006, "params": {"spark.default.parallelism": 351.24192503793245, "spark.executor.cores": 1.1401356817862915, "spark.executor.instances": 6.438525224456816, "spark.executor.memory": 6.167404564113376, "spark.executor.memoryOverhead": 628.2074047006522, "spark.memory.fraction": 0.893828837955972, "spark.memory.storageFraction": 0.6467290314341245, "spark.reducer.maxBlocksInFlightPerAddress": 1121696089.1288996, "spark.reducer.maxSizeInFlight": 33.523228253850874, "spark.shuffle.file.buffer": 29.769791437801235}, "datetime": {"datetime": "2022-01-06 18:58:27", "elapsed": 2.643482, "delta": 0.086768}}
{"target": -2802.980400000001, "params": {"spark.default.parallelism": 462.2113304272272, "spark.executor.cores": 2.5266518738298807, "spark.executor.instances": 7.502447762767691, "spark.executor.memory": 3.988490203661349, "spark.executor.memoryOverhead": 634.0558740713271, "spark.memory.fraction": 0.8597867544701028, "spark.memory.storageFraction": 0.6064806950077182, "spark.reducer.maxBlocksInFlightPerAddress": 1087428666.0180225, "spark.reducer.maxSizeInFlight": 55.137207805053706, "spark.shuffle.file.buffer": 19.36483896816299}, "datetime": {"datetime": "2022-01-06 18:58:27", "elapsed": 2.737231, "delta": 0.093749}}
{"target": -2800.6500100000017, "params": {"spark.default.parallelism": 402.2094103144249, "spark.executor.cores": 2.8694244256383543, "spark.executor.instances": 5.412103143224758, "spark.executor.memory": 6.0516575051009625, "spark.executor.memoryOverhead": 733.5006051034326, "spark.memory.fraction": 0.7376031722075275, "spark.memory.storageFraction": 0.5543002466178262, "spark.reducer.maxBlocksInFlightPerAddress": 1825812386.7176409, "spark.reducer.maxSizeInFlight": 56.930135429257376, "spark.shuffle.file.buffer": 24.789541364415243}, "datetime": {"datetime": "2022-01-06 18:58:27", "elapsed": 2.826578, "delta": 0.089347}}
{"target": -2793.173350000001, "params": {"spark.default.parallelism": 479.71998355124845, "spark.executor.cores": 2.567159470796872, "spark.executor.instances": 7.74753859492264, "spark.executor.memory": 3.6752229254820197, "spark.executor.memoryOverhead": 614.9266771805984, "spark.memory.fraction": 0.6833938450924695, "spark.memory.storageFraction": 0.5135530489056367, "spark.reducer.maxBlocksInFlightPerAddress": 1286050070.4051375, "spark.reducer.maxSizeInFlight": 25.74851826631155, "spark.shuffle.file.buffer": 42.96635151919381}, "datetime": {"datetime": "2022-01-06 18:58:27", "elapsed": 2.920327, "delta": 0.093749}}
{"target": -2796.364360000001, "params": {"spark.default.parallelism": 301.2589025678306, "spark.executor.cores": 1.6386825230278625, "spark.executor.instances": 4.963215225456377, "spark.executor.memory": 3.1253745565876496, "spark.executor.memoryOverhead": 844.486059752801, "spark.memory.fraction": 0.5190195886554647, "spark.memory.storageFraction": 0.5295483548926643, "spark.reducer.maxBlocksInFlightPerAddress": 1918741012.0209339, "spark.reducer.maxSizeInFlight": 28.067325295018914, "spark.shuffle.file.buffer": 29.260810543630793}, "datetime": {"datetime": "2022-01-06 18:58:27", "elapsed": 3.01707, "delta": 0.096743}}
{"target": -2796.0105800000015, "params": {"spark.default.parallelism": 358.68655616203455, "spark.executor.cores": 2.9680285134973583, "spark.executor.instances": 4.541324824474684, "spark.executor.memory": 3.480795305136196, "spark.executor.memoryOverhead": 692.3277808532785, "spark.memory.fraction": 0.5921102261933824, "spark.memory.storageFraction": 0.7348393693361491, "spark.reducer.maxBlocksInFlightPerAddress": 1286317965.2195487, "spark.reducer.maxSizeInFlight": 53.121243103952665, "spark.shuffle.file.buffer": 40.09566523541655}, "datetime": {"datetime": "2022-01-06 18:58:27", "elapsed": 3.110828, "delta": 0.093758}}
{"target": -2801.2520200000017, "params": {"spark.default.parallelism": 361.3789395565225, "spark.executor.cores": 1.681830910266448, "spark.executor.instances": 4.551384833848119, "spark.executor.memory": 6.903348406329849, "spark.executor.memoryOverhead": 841.709598499705, "spark.memory.fraction": 0.6040094795038008, "spark.memory.storageFraction": 0.8318070200323922, "spark.reducer.maxBlocksInFlightPerAddress": 1680725833.942169, "spark.reducer.maxSizeInFlight": 65.69221620469855, "spark.shuffle.file.buffer": 17.01370378309764}, "datetime": {"datetime": "2022-01-06 18:58:27", "elapsed": 3.205452, "delta": 0.094624}}
{"target": -2797.786680000001, "params": {"spark.default.parallelism": 328.4388024495035, "spark.executor.cores": 2.924505890151833, "spark.executor.instances": 6.515302452328308, "spark.executor.memory": 5.789844000681883, "spark.executor.memoryOverhead": 563.3018666965778, "spark.memory.fraction": 0.8318810097214562, "spark.memory.storageFraction": 0.5839570050259645, "spark.reducer.maxBlocksInFlightPerAddress": 1211369193.5037003, "spark.reducer.maxSizeInFlight": 45.331005203599894, "spark.shuffle.file.buffer": 27.42354264434574}, "datetime": {"datetime": "2022-01-06 18:58:28", "elapsed": 3.297244, "delta": 0.091792}}
{"target": -2798.216200000001, "params": {"spark.default.parallelism": 447.0548011640544, "spark.executor.cores": 1.2270601570758073, "spark.executor.instances": 5.281868420918979, "spark.executor.memory": 5.712285322611802, "spark.executor.memoryOverhead": 608.7351429538967, "spark.memory.fraction": 0.6302986746987683, "spark.memory.storageFraction": 0.7649968520737689, "spark.reducer.maxBlocksInFlightPerAddress": 1314446729.40944, "spark.reducer.maxSizeInFlight": 40.492153459295295, "spark.shuffle.file.buffer": 44.399232517146395}, "datetime": {"datetime": "2022-01-06 18:58:28", "elapsed": 3.397081, "delta": 0.099837}}
{"target": -2801.0115500000015, "params": {"spark.default.parallelism": 338.0044118934096, "spark.executor.cores": 2.5231676105529974, "spark.executor.instances": 5.423632571567882, "spark.executor.memory": 6.925770430350901, "spark.executor.memoryOverhead": 416.00356930385465, "spark.memory.fraction": 0.5456917672309163, "spark.memory.storageFraction": 0.8749055831777293, "spark.reducer.maxBlocksInFlightPerAddress": 1680234464.7362185, "spark.reducer.maxSizeInFlight": 39.40011928440633, "spark.shuffle.file.buffer": 35.20505486131991}, "datetime": {"datetime": "2022-01-06 18:58:28", "elapsed": 3.50505, "delta": 0.107969}}
{"target": -2798.161360000002, "params": {"spark.default.parallelism": 350.61132033258787, "spark.executor.cores": 2.9295802838628244, "spark.executor.instances": 7.069721334922585, "spark.executor.memory": 3.8161189857144646, "spark.executor.memoryOverhead": 637.0352560602973, "spark.memory.fraction": 0.8657619036338289, "spark.memory.storageFraction": 0.7349396850896995, "spark.reducer.maxBlocksInFlightPerAddress": 1355598318.260641, "spark.reducer.maxSizeInFlight": 69.06672359600627, "spark.shuffle.file.buffer": 29.489661042098778}, "datetime": {"datetime": "2022-01-06 18:58:28", "elapsed": 3.603952, "delta": 0.098902}}
{"target": -2799.3852400000014, "params": {"spark.default.parallelism": 265.37627574389205, "spark.executor.cores": 1.7236880974041677, "spark.executor.instances": 5.2238801439271585, "spark.executor.memory": 5.377172796373976, "spark.executor.memoryOverhead": 866.0182343363099, "spark.memory.fraction": 0.595758551329543, "spark.memory.storageFraction": 0.8371929854052116, "spark.reducer.maxBlocksInFlightPerAddress": 1666584111.1956782, "spark.reducer.maxSizeInFlight": 35.36293480574773, "spark.shuffle.file.buffer": 22.409311910612875}, "datetime": {"datetime": "2022-01-06 18:58:28", "elapsed": 3.71296, "delta": 0.109008}}
{"target": -3488.9408900000008, "params": {"spark.default.parallelism": 438.8634187378896, "spark.executor.cores": 1.2479758642304488, "spark.executor.instances": 5.873632516158202, "spark.executor.memory": 3.6033688426064936, "spark.executor.memoryOverhead": 828.7682428295291, "spark.memory.fraction": 0.7292170009186049, "spark.memory.storageFraction": 0.8930743742927594, "spark.reducer.maxBlocksInFlightPerAddress": 1918988722.57702, "spark.reducer.maxSizeInFlight": 24.308075222391196, "spark.shuffle.file.buffer": 38.774155587473835}, "datetime": {"datetime": "2022-01-06 18:58:28", "elapsed": 3.813522, "delta": 0.100562}}
{"target": -2799.9602800000016, "params": {"spark.default.parallelism": 427.50797764184415, "spark.executor.cores": 1.5292775779103773, "spark.executor.instances": 6.521968056865887, "spark.executor.memory": 3.698369833600862, "spark.executor.memoryOverhead": 860.1596644631938, "spark.memory.fraction": 0.8264157604242435, "spark.memory.storageFraction": 0.751672337840201, "spark.reducer.maxBlocksInFlightPerAddress": 1680236728.2625787, "spark.reducer.maxSizeInFlight": 31.64102517060843, "spark.shuffle.file.buffer": 24.654538775299724}, "datetime": {"datetime": "2022-01-06 18:58:28", "elapsed": 3.908164, "delta": 0.094642}}
{"target": -2796.5342500000015, "params": {"spark.default.parallelism": 414.1992326987523, "spark.executor.cores": 2.5284372006269678, "spark.executor.instances": 5.898690892268776, "spark.executor.memory": 3.502692689888681, "spark.executor.memoryOverhead": 633.1255464563287, "spark.memory.fraction": 0.7608613180348418, "spark.memory.storageFraction": 0.7259764997379844, "spark.reducer.maxBlocksInFlightPerAddress": 1314074233.273786, "spark.reducer.maxSizeInFlight": 38.98968581473539, "spark.shuffle.file.buffer": 41.87316394514977}, "datetime": {"datetime": "2022-01-06 18:58:28", "elapsed": 4.018004, "delta": 0.10984}}
{"target": -2795.9653100000014, "params": {"spark.default.parallelism": 378.9070654107746, "spark.executor.cores": 1.1545093583861348, "spark.executor.instances": 5.235183817376474, "spark.executor.memory": 3.349962198980403, "spark.executor.memoryOverhead": 869.8378215922837, "spark.memory.fraction": 0.5768084856167713, "spark.memory.storageFraction": 0.6199768558287657, "spark.reducer.maxBlocksInFlightPerAddress": 1313809050.398283, "spark.reducer.maxSizeInFlight": 38.67786693428529, "spark.shuffle.file.buffer": 40.953291747490354}, "datetime": {"datetime": "2022-01-06 18:58:28", "elapsed": 4.126949, "delta": 0.108945}}
{"target": -2798.7002900000016, "params": {"spark.default.parallelism": 448.3314564034636, "spark.executor.cores": 2.703602461012257, "spark.executor.instances": 6.785438040601373, "spark.executor.memory": 6.657781312148192, "spark.executor.memoryOverhead": 479.15866777480875, "spark.memory.fraction": 0.5329150062109281, "spark.memory.storageFraction": 0.7541857030284619, "spark.reducer.maxBlocksInFlightPerAddress": 1314690969.6775103, "spark.reducer.maxSizeInFlight": 53.12542658294173, "spark.shuffle.file.buffer": 24.384649518970804}, "datetime": {"datetime": "2022-01-06 18:58:28", "elapsed": 4.228959, "delta": 0.10201}}
{"target": -2799.091930000003, "params": {"spark.default.parallelism": 355.2986084706989, "spark.executor.cores": 2.9759629895762307, "spark.executor.instances": 7.782490477879594, "spark.executor.memory": 4.467984261153744, "spark.executor.memoryOverhead": 568.568317634273, "spark.memory.fraction": 0.6677460460500211, "spark.memory.storageFraction": 0.7271877456119482, "spark.reducer.maxBlocksInFlightPerAddress": 1697373622.3895178, "spark.reducer.maxSizeInFlight": 43.934390439115376, "spark.shuffle.file.buffer": 21.874780053815055}, "datetime": {"datetime": "2022-01-06 18:58:29", "elapsed": 4.336002, "delta": 0.107043}}
{"target": -2796.924620000001, "params": {"spark.default.parallelism": 250.20617914098196, "spark.executor.cores": 2.950028527793278, "spark.executor.instances": 5.413065833377637, "spark.executor.memory": 6.000172991327208, "spark.executor.memoryOverhead": 581.3930925172143, "spark.memory.fraction": 0.5237585967382373, "spark.memory.storageFraction": 0.5340545156508246, "spark.reducer.maxBlocksInFlightPerAddress": 1421101771.43152, "spark.reducer.maxSizeInFlight": 66.740230917596, "spark.shuffle.file.buffer": 21.178748609455393}, "datetime": {"datetime": "2022-01-06 18:58:29", "elapsed": 4.480988, "delta": 0.144986}}
{"target": -2797.1801600000013, "params": {"spark.default.parallelism": 323.5419585813181, "spark.executor.cores": 2.6904866056222643, "spark.executor.instances": 4.604203908014469, "spark.executor.memory": 4.7054297965945215, "spark.executor.memoryOverhead": 727.8879865045283, "spark.memory.fraction": 0.7131291993706195, "spark.memory.storageFraction": 0.6477841353326255, "spark.reducer.maxBlocksInFlightPerAddress": 1918007866.28075, "spark.reducer.maxSizeInFlight": 42.392468031431456, "spark.shuffle.file.buffer": 43.393226268854505}, "datetime": {"datetime": "2022-01-06 18:58:29", "elapsed": 4.60196, "delta": 0.120972}}
{"target": -2801.339920000002, "params": {"spark.default.parallelism": 374.23290563854675, "spark.executor.cores": 2.9248125039879684, "spark.executor.instances": 5.070715066288833, "spark.executor.memory": 6.904400207489674, "spark.executor.memoryOverhead": 801.1173559929107, "spark.memory.fraction": 0.6963237947652552, "spark.memory.storageFraction": 0.7333610848156858, "spark.reducer.maxBlocksInFlightPerAddress": 1697131150.7404208, "spark.reducer.maxSizeInFlight": 60.26263221277297, "spark.shuffle.file.buffer": 17.72490856413141}, "datetime": {"datetime": "2022-01-06 18:58:29", "elapsed": 4.718925, "delta": 0.116965}}
{"target": -2794.4441300000008, "params": {"spark.default.parallelism": 259.5355635396629, "spark.executor.cores": 1.6206361798209004, "spark.executor.instances": 6.212633511418535, "spark.executor.memory": 4.502345967489512, "spark.executor.memoryOverhead": 826.4254453636315, "spark.memory.fraction": 0.6142035854260632, "spark.memory.storageFraction": 0.5294133094609905, "spark.reducer.maxBlocksInFlightPerAddress": 1212089318.635573, "spark.reducer.maxSizeInFlight": 70.0649988306574, "spark.shuffle.file.buffer": 45.06735980029758}, "datetime": {"datetime": "2022-01-06 18:58:29", "elapsed": 4.837842, "delta": 0.118917}}
{"target": -2803.1368900000007, "params": {"spark.default.parallelism": 270.7823706664343, "spark.executor.cores": 2.812822985751107, "spark.executor.instances": 7.6280843405312995, "spark.executor.memory": 4.112617333142339, "spark.executor.memoryOverhead": 473.4320474303833, "spark.memory.fraction": 0.545745370512371, "spark.memory.storageFraction": 0.8838447265110544, "spark.reducer.maxBlocksInFlightPerAddress": 1212349250.072603, "spark.reducer.maxSizeInFlight": 24.476684620269943, "spark.shuffle.file.buffer": 17.699955079062406}, "datetime": {"datetime": "2022-01-06 18:58:29", "elapsed": 4.950858, "delta": 0.113016}}
