{"target": -2800.1562500000005, "params": {"spark.default.parallelism": 320.39826969225817, "spark.executor.cores": 2.0146086886827304, "spark.executor.instances": 6.7837036411788, "spark.executor.memory": 6.587170237901499, "spark.executor.memoryOverhead": 476.0866847489904, "spark.memory.fraction": 0.6570370205957623, "spark.memory.storageFraction": 0.7762784998442951, "spark.reducer.maxBlocksInFlightPerAddress": 1123313031.221391, "spark.reducer.maxSizeInFlight": 57.36504044358895, "spark.shuffle.file.buffer": 38.069757397385594}, "datetime": {"datetime": "2022-01-06 18:58:24", "elapsed": 0.0, "delta": 0.0}}
{"target": -2804.071910000001, "params": {"spark.default.parallelism": 274.81642367766847, "spark.executor.cores": 1.5684802825054123, "spark.executor.instances": 4.895158059216395, "spark.executor.memory": 5.832660482335593, "spark.executor.memoryOverhead": 763.1110372364633, "spark.memory.fraction": 0.5115976106750366, "spark.memory.storageFraction": 0.5049740410140987, "spark.reducer.maxBlocksInFlightPerAddress": 2004771271.1442702, "spark.reducer.maxSizeInFlight": 66.93427488774844, "spark.shuffle.file.buffer": 31.28312813185341}, "datetime": {"datetime": "2022-01-06 18:58:24", "elapsed": 0.02498, "delta": 0.02498}}
{"target": -2814.821870000001, "params": {"spark.default.parallelism": 419.80918326309916, "spark.executor.cores": 2.5868152736156462, "spark.executor.instances": 4.399367498646623, "spark.executor.memory": 3.1386655497601232, "spark.executor.memoryOverhead": 408.05555958677814, "spark.memory.fraction": 0.720789953976842, "spark.memory.storageFraction": 0.5530132744861642, "spark.reducer.maxBlocksInFlightPerAddress": 2122528483.1348252, "spark.reducer.maxSizeInFlight": 57.80716043698697, "spark.shuffle.file.buffer": 18.372013645457965}, "datetime": {"datetime": "2022-01-06 18:58:24", "elapsed": 0.049911, "delta": 0.024931}}
{"target": -2798.8100300000015, "params": {"spark.default.parallelism": 371.4414218984939, "spark.executor.cores": 1.9393417840537381, "spark.executor.instances": 4.499865818299946, "spark.executor.memory": 4.284657323241203, "spark.executor.memoryOverhead": 498.1858649881862, "spark.memory.fraction": 0.6760139257840238, "spark.memory.storageFraction": 0.699475195570822, "spark.reducer.maxBlocksInFlightPerAddress": 1314075215.0121343, "spark.reducer.maxSizeInFlight": 67.42241423456757, "spark.shuffle.file.buffer": 19.671639460566695}, "datetime": {"datetime": "2022-01-06 18:58:24", "elapsed": 0.074889, "delta": 0.024978}}
{"target": -2796.5758800000017, "params": {"spark.default.parallelism": 232.2220681848543, "spark.executor.cores": 1.1510644188766757, "spark.executor.instances": 7.108768592715864, "spark.executor.memory": 6.805190147235828, "spark.executor.memoryOverhead": 831.4163750688624, "spark.memory.fraction": 0.8369551969226885, "spark.memory.storageFraction": 0.6255418097660623, "spark.reducer.maxBlocksInFlightPerAddress": 1285802799.3941722, "spark.reducer.maxSizeInFlight": 34.85972075607597, "spark.shuffle.file.buffer": 33.382978869416064}, "datetime": {"datetime": "2022-01-06 18:58:24", "elapsed": 0.098803, "delta": 0.023914}}
{"target": -2798.102000000001, "params": {"spark.default.parallelism": 467.35230036463935, "spark.executor.cores": 1.3479027799252932, "spark.executor.instances": 7.514668052253187, "spark.executor.memory": 4.996209699188816, "spark.executor.memoryOverhead": 537.2135543323777, "spark.memory.fraction": 0.579509144093577, "spark.memory.storageFraction": 0.8153552511072404, "spark.reducer.maxBlocksInFlightPerAddress": 1795439806.289579, "spark.reducer.maxSizeInFlight": 31.37789675756628, "spark.shuffle.file.buffer": 39.404026824913416}, "datetime": {"datetime": "2022-01-06 18:58:24", "elapsed": 0.123744, "delta": 0.024941}}
{"target": -2796.531280000001, "params": {"spark.default.parallelism": 210.2753869639251, "spark.executor.cores": 1.661815139636126, "spark.executor.instances": 6.337022689129773, "spark.executor.memory": 3.9510568697288795, "spark.executor.memoryOverhead": 605.5758832715001, "spark.memory.fraction": 0.8788486567593226, "spark.memory.storageFraction": 0.8662276229635009, "spark.reducer.maxBlocksInFlightPerAddress": 1666317223.3290668, "spark.reducer.maxSizeInFlight": 27.082316559385582, "spark.shuffle.file.buffer": 42.624835929750745}, "datetime": {"datetime": "2022-01-06 18:58:24", "elapsed": 0.14869, "delta": 0.024946}}
{"target": -2798.2823700000013, "params": {"spark.default.parallelism": 472.37225815422244, "spark.executor.cores": 2.7680639459600167, "spark.executor.instances": 7.830496445053235, "spark.executor.memory": 5.787118098135116, "spark.executor.memoryOverhead": 688.9419010861557, "spark.memory.fraction": 0.796424166257704, "spark.memory.storageFraction": 0.6035280374446654, "spark.reducer.maxBlocksInFlightPerAddress": 1923168560.5540004, "spark.reducer.maxSizeInFlight": 40.049400737793654, "spark.shuffle.file.buffer": 47.82809568483707}, "datetime": {"datetime": "2022-01-06 18:58:24", "elapsed": 0.172677, "delta": 0.023987}}
{"target": -2798.711170000002, "params": {"spark.default.parallelism": 293.42218898535083, "spark.executor.cores": 2.3118693544508515, "spark.executor.instances": 5.777210728066455, "spark.executor.memory": 5.044748791225558, "spark.executor.memoryOverhead": 792.0014600722545, "spark.memory.fraction": 0.6052997079150508, "spark.memory.storageFraction": 0.7263880028569827, "spark.reducer.maxBlocksInFlightPerAddress": 1546370803.5718348, "spark.reducer.maxSizeInFlight": 47.5392731681918, "spark.shuffle.file.buffer": 26.97842797354805}, "datetime": {"datetime": "2022-01-06 18:58:24", "elapsed": 0.1979, "delta": 0.025223}}
{"target": -2798.9816000000014, "params": {"spark.default.parallelism": 404.115421615669, "spark.executor.cores": 2.9665950180181224, "spark.executor.instances": 5.362697524422987, "spark.executor.memory": 3.4877546064178166, "spark.executor.memoryOverhead": 653.7065649280926, "spark.memory.fraction": 0.7529220701865338, "spark.memory.storageFraction": 0.8494553448736778, "spark.reducer.maxBlocksInFlightPerAddress": 1421339080.0705185, "spark.reducer.maxSizeInFlight": 51.46748534336896, "spark.shuffle.file.buffer": 22.61061268705707}, "datetime": {"datetime": "2022-01-06 18:58:24", "elapsed": 0.222005, "delta": 0.024105}}
{"target": -2851.225670000001, "params": {"spark.default.parallelism": 195.18224052928824, "spark.executor.cores": 1.8654183320841944, "spark.executor.instances": 4.5240499108519066, "spark.executor.memory": 4.19186588459558, "spark.executor.memoryOverhead": 344.443427372534, "spark.memory.fraction": 0.7674812009973153, "spark.memory.storageFraction": 0.5361259447927887, "spark.reducer.maxBlocksInFlightPerAddress": 1097360913.8550894, "spark.reducer.maxSizeInFlight": 20.744003790536212, "spark.shuffle.file.buffer": 12.985219642468884}, "datetime": {"datetime": "2022-01-06 18:58:24", "elapsed": 0.247016, "delta": 0.025011}}
{"target": -2797.9070900000015, "params": {"spark.default.parallelism": 165.774434512762, "spark.executor.cores": 1.7634937147727991, "spark.executor.instances": 5.973977447798241, "spark.executor.memory": 4.3210790947382085, "spark.executor.memoryOverhead": 311.04, "spark.memory.fraction": 0.5107337746732837, "spark.memory.storageFraction": 0.6011894953133019, "spark.reducer.maxBlocksInFlightPerAddress": 1326663229.8042955, "spark.reducer.maxSizeInFlight": 26.035116795230103, "spark.shuffle.file.buffer": 23.743150794490965}, "datetime": {"datetime": "2022-01-06 18:58:25", "elapsed": 0.272979, "delta": 0.025963}}
{"target": -2856.6954900000023, "params": {"spark.default.parallelism": 232.3337655820325, "spark.executor.cores": 0.9539955789377755, "spark.executor.instances": 6.543514736251619, "spark.executor.memory": 4.542783640202044, "spark.executor.memoryOverhead": 430.7899429645625, "spark.memory.fraction": 0.6399097634828885, "spark.memory.storageFraction": 0.7963073743864559, "spark.reducer.maxBlocksInFlightPerAddress": 1369442943.9784904, "spark.reducer.maxSizeInFlight": 43.67773269520375, "spark.shuffle.file.buffer": 12.96}, "datetime": {"datetime": "2022-01-06 18:58:25", "elapsed": 0.297893, "delta": 0.024914}}
{"target": -2851.362720000002, "params": {"spark.default.parallelism": 162.0, "spark.executor.cores": 1.3906815829319563, "spark.executor.instances": 5.249993982877293, "spark.executor.memory": 3.762402374899544, "spark.executor.memoryOverhead": 311.04, "spark.memory.fraction": 0.8827320709879035, "spark.memory.storageFraction": 0.7024246538596801, "spark.reducer.maxBlocksInFlightPerAddress": 1292688956.7689443, "spark.reducer.maxSizeInFlight": 39.964331145378566, "spark.shuffle.file.buffer": 12.96}, "datetime": {"datetime": "2022-01-06 18:58:25", "elapsed": 0.322826, "delta": 0.024933}}
{"target": -4387.166749999998, "params": {"spark.default.parallelism": 285.927574873644, "spark.executor.cores": 1.1487393332074776, "spark.executor.instances": 7.668833101872214, "spark.executor.memory": 3.4282851527200147, "spark.executor.memoryOverhead": 311.04, "spark.memory.fraction": 0.7247586384091702, "spark.memory.storageFraction": 0.8985182578292665, "spark.reducer.maxBlocksInFlightPerAddress": 1389376830.0629675, "spark.reducer.maxSizeInFlight": 28.97519425958244, "spark.shuffle.file.buffer": 14.333847270697808}, "datetime": {"datetime": "2022-01-06 18:58:25", "elapsed": 0.346762, "delta": 0.023936}}
{"target": -2801.9795300000005, "params": {"spark.default.parallelism": 286.76183012998354, "spark.executor.cores": 1.1844714541002581, "spark.executor.instances": 4.43654840158721, "spark.executor.memory": 4.0835479779878785, "spark.executor.memoryOverhead": 484.81443140976455, "spark.memory.fraction": 0.43687508144787207, "spark.memory.storageFraction": 0.5715388337330716, "spark.reducer.maxBlocksInFlightPerAddress": 869730876.6300002, "spark.reducer.maxSizeInFlight": 37.95084171291952, "spark.shuffle.file.buffer": 17.985952991513354}, "datetime": {"datetime": "2022-01-06 18:58:25", "elapsed": 0.371695, "delta": 0.024933}}
{"target": -2849.0512300000014, "params": {"spark.default.parallelism": 307.9002022835013, "spark.executor.cores": 1.6384896302859384, "spark.executor.instances": 5.240371970111672, "spark.executor.memory": 2.6025177445519123, "spark.executor.memoryOverhead": 311.9153575092259, "spark.memory.fraction": 0.4049999999999995, "spark.memory.storageFraction": 0.40499999999999997, "spark.reducer.maxBlocksInFlightPerAddress": 1285262185.2281656, "spark.reducer.maxSizeInFlight": 31.086203146139585, "spark.shuffle.file.buffer": 13.38995473691385}, "datetime": {"datetime": "2022-01-06 18:58:25", "elapsed": 0.395631, "delta": 0.023936}}
{"target": -2798.033490000001, "params": {"spark.default.parallelism": 166.20761101214526, "spark.executor.cores": 1.7191989998221728, "spark.executor.instances": 4.889517249520684, "spark.executor.memory": 3.2296550939977005, "spark.executor.memoryOverhead": 320.67244575599693, "spark.memory.fraction": 0.4248869488099168, "spark.memory.storageFraction": 0.4890479062648012, "spark.reducer.maxBlocksInFlightPerAddress": 1075447716.6873918, "spark.reducer.maxSizeInFlight": 19.850315339692536, "spark.shuffle.file.buffer": 23.090437834128572}, "datetime": {"datetime": "2022-01-06 18:58:25", "elapsed": 0.420574, "delta": 0.024943}}
{"target": -2849.6535300000014, "params": {"spark.default.parallelism": 197.4484479646266, "spark.executor.cores": 1.0701585714125743, "spark.executor.instances": 3.362829302002449, "spark.executor.memory": 2.8481220638470814, "spark.executor.memoryOverhead": 517.2204191332563, "spark.memory.fraction": 0.5131339518833685, "spark.memory.storageFraction": 0.46718794642040296, "spark.reducer.maxBlocksInFlightPerAddress": 1240557610.8497288, "spark.reducer.maxSizeInFlight": 45.024368324759294, "spark.shuffle.file.buffer": 15.733464647231886}, "datetime": {"datetime": "2022-01-06 18:58:25", "elapsed": 0.445515, "delta": 0.024941}}
{"target": -2815.4085800000007, "params": {"spark.default.parallelism": 223.75556014092018, "spark.executor.cores": 0.8502305717903764, "spark.executor.instances": 4.16201919382029, "spark.executor.memory": 2.43, "spark.executor.memoryOverhead": 422.927598976054, "spark.memory.fraction": 0.5468996132527947, "spark.memory.storageFraction": 0.41074142915307127, "spark.reducer.maxBlocksInFlightPerAddress": 932585282.2706584, "spark.reducer.maxSizeInFlight": 25.750346330511924, "spark.shuffle.file.buffer": 31.157656348298875}, "datetime": {"datetime": "2022-01-06 18:58:25", "elapsed": 0.470455, "delta": 0.02494}}
{"target": -2811.666330000001, "params": {"spark.default.parallelism": 471.7347958176224, "spark.executor.cores": 1.4158234970816053, "spark.executor.instances": 6.7021902652564265, "spark.executor.memory": 6.307245827387211, "spark.executor.memoryOverhead": 512.8708848319183, "spark.memory.fraction": 0.5002018501106356, "spark.memory.storageFraction": 0.7529280134151459, "spark.reducer.maxBlocksInFlightPerAddress": 2027727390.8450725, "spark.reducer.maxSizeInFlight": 60.16555453095418, "spark.shuffle.file.buffer": 25.13734788014303}, "datetime": {"datetime": "2022-01-06 18:58:25", "elapsed": 0.539749, "delta": 0.069294}}
{"target": -2797.238750000002, "params": {"spark.default.parallelism": 486.2394357576476, "spark.executor.cores": 1.1541914177210235, "spark.executor.instances": 6.671555755962629, "spark.executor.memory": 6.093578670722904, "spark.executor.memoryOverhead": 597.20764129425, "spark.memory.fraction": 0.566908767886981, "spark.memory.storageFraction": 0.549952090389277, "spark.reducer.maxBlocksInFlightPerAddress": 1355843577.2816215, "spark.reducer.maxSizeInFlight": 25.570597125766916, "spark.shuffle.file.buffer": 35.34356290352122}, "datetime": {"datetime": "2022-01-06 18:58:25", "elapsed": 0.606877, "delta": 0.067128}}
{"target": -2798.9645400000013, "params": {"spark.default.parallelism": 265.99297625372975, "spark.executor.cores": 2.710912249803219, "spark.executor.instances": 7.179488483764702, "spark.executor.memory": 4.397167676389818, "spark.executor.memoryOverhead": 620.2671062595156, "spark.memory.fraction": 0.7223427035574222, "spark.memory.storageFraction": 0.6777398809728279, "spark.reducer.maxBlocksInFlightPerAddress": 1826051960.7028747, "spark.reducer.maxSizeInFlight": 41.6369158208802, "spark.shuffle.file.buffer": 47.86790957178454}, "datetime": {"datetime": "2022-01-06 18:58:25", "elapsed": 0.679682, "delta": 0.072805}}
{"target": -2797.0545800000004, "params": {"spark.default.parallelism": 345.9575059778214, "spark.executor.cores": 2.429394866291638, "spark.executor.instances": 7.0392250747115614, "spark.executor.memory": 6.962727483549804, "spark.executor.memoryOverhead": 766.7546950852324, "spark.memory.fraction": 0.5817279152607406, "spark.memory.storageFraction": 0.6331629966578163, "spark.reducer.maxBlocksInFlightPerAddress": 1211856221.2005877, "spark.reducer.maxSizeInFlight": 24.999809610364057, "spark.shuffle.file.buffer": 44.3916597706138}, "datetime": {"datetime": "2022-01-06 18:58:25", "elapsed": 0.753989, "delta": 0.074307}}
{"target": -2807.822400000001, "params": {"spark.default.parallelism": 280.45195687695133, "spark.executor.cores": 1.243244999059367, "spark.executor.instances": 6.491444310510021, "spark.executor.memory": 4.724482082144515, "spark.executor.memoryOverhead": 587.6287890158578, "spark.memory.fraction": 0.6934385279716476, "spark.memory.storageFraction": 0.5894932200870144, "spark.reducer.maxBlocksInFlightPerAddress": 2112623908.705553, "spark.reducer.maxSizeInFlight": 39.38805184459612, "spark.shuffle.file.buffer": 38.39361373640864}, "datetime": {"datetime": "2022-01-06 18:58:25", "elapsed": 0.832286, "delta": 0.078297}}
{"target": -2797.7769500000018, "params": {"spark.default.parallelism": 219.28820364327626, "spark.executor.cores": 1.3147445444137247, "spark.executor.instances": 4.745957437114838, "spark.executor.memory": 3.367334923237618, "spark.executor.memoryOverhead": 496.46005931855933, "spark.memory.fraction": 0.6929491058801484, "spark.memory.storageFraction": 0.5854425976537426, "spark.reducer.maxBlocksInFlightPerAddress": 1314181602.416586, "spark.reducer.maxSizeInFlight": 25.198068133305107, "spark.shuffle.file.buffer": 26.45950760498197}, "datetime": {"datetime": "2022-01-06 18:58:25", "elapsed": 0.908587, "delta": 0.076301}}
{"target": -2801.242720000001, "params": {"spark.default.parallelism": 454.8366036580886, "spark.executor.cores": 2.3933804012945874, "spark.executor.instances": 5.654711027766433, "spark.executor.memory": 4.4882937925004915, "spark.executor.memoryOverhead": 455.0879748928818, "spark.memory.fraction": 0.8884825798261691, "spark.memory.storageFraction": 0.8398265889348939, "spark.reducer.maxBlocksInFlightPerAddress": 1314157857.4902449, "spark.reducer.maxSizeInFlight": 64.33051950972379, "spark.shuffle.file.buffer": 31.89110109315864}, "datetime": {"datetime": "2022-01-06 18:58:25", "elapsed": 0.974411, "delta": 0.065824}}
{"target": -2798.2719300000012, "params": {"spark.default.parallelism": 284.4140511107663, "spark.executor.cores": 1.7399727235880638, "spark.executor.instances": 6.509084110906478, "spark.executor.memory": 6.364170178356088, "spark.executor.memoryOverhead": 810.764093474678, "spark.memory.fraction": 0.7848157058716738, "spark.memory.storageFraction": 0.7531968710089048, "spark.reducer.maxBlocksInFlightPerAddress": 1326440832.1760445, "spark.reducer.maxSizeInFlight": 34.66401874530037, "spark.shuffle.file.buffer": 36.34306527821404}, "datetime": {"datetime": "2022-01-06 18:58:25", "elapsed": 1.052203, "delta": 0.077792}}
{"target": -2800.325030000002, "params": {"spark.default.parallelism": 306.2460656505853, "spark.executor.cores": 1.123265387394859, "spark.executor.instances": 4.045973442738363, "spark.executor.memory": 4.340925822305929, "spark.executor.memoryOverhead": 422.31496216028825, "spark.memory.fraction": 0.8082243880038418, "spark.memory.storageFraction": 0.6021103463043034, "spark.reducer.maxBlocksInFlightPerAddress": 1285586241.5349512, "spark.reducer.maxSizeInFlight": 36.10029135809855, "spark.shuffle.file.buffer": 47.982665140508836}, "datetime": {"datetime": "2022-01-06 18:58:25", "elapsed": 1.129995, "delta": 0.077792}}
{"target": -2801.5217500000017, "params": {"spark.default.parallelism": 321.31948549133034, "spark.executor.cores": 2.5745139448969074, "spark.executor.instances": 6.820197301978455, "spark.executor.memory": 5.038754734717278, "spark.executor.memoryOverhead": 453.32655837884715, "spark.memory.fraction": 0.5899331942233995, "spark.memory.storageFraction": 0.7030557095616556, "spark.reducer.maxBlocksInFlightPerAddress": 1795674374.7639556, "spark.reducer.maxSizeInFlight": 43.13602629320246, "spark.shuffle.file.buffer": 39.596014289163776}, "datetime": {"datetime": "2022-01-06 18:58:25", "elapsed": 1.208784, "delta": 0.078789}}
{"target": -2814.436630000001, "params": {"spark.default.parallelism": 413.7850037130409, "spark.executor.cores": 1.827494092927964, "spark.executor.instances": 4.8503452289778615, "spark.executor.memory": 5.4242841483608775, "spark.executor.memoryOverhead": 408.8068662636944, "spark.memory.fraction": 0.7341725892850932, "spark.memory.storageFraction": 0.8735424684303739, "spark.reducer.maxBlocksInFlightPerAddress": 2081493733.5344758, "spark.reducer.maxSizeInFlight": 52.747772396926045, "spark.shuffle.file.buffer": 23.87998667477134}, "datetime": {"datetime": "2022-01-06 18:58:26", "elapsed": 1.290565, "delta": 0.081781}}
{"target": -2799.32645, "params": {"spark.default.parallelism": 272.39416174865613, "spark.executor.cores": 2.563057534461672, "spark.executor.instances": 5.888757249580507, "spark.executor.memory": 3.2938263736954303, "spark.executor.memoryOverhead": 481.6056644176643, "spark.memory.fraction": 0.8439932729359317, "spark.memory.storageFraction": 0.8526743552897373, "spark.reducer.maxBlocksInFlightPerAddress": 1075214750.2438428, "spark.reducer.maxSizeInFlight": 60.82334978512691, "spark.shuffle.file.buffer": 37.541067153690726}, "datetime": {"datetime": "2022-01-06 18:58:26", "elapsed": 1.371349, "delta": 0.080784}}
{"target": -2795.9764, "params": {"spark.default.parallelism": 489.47602333817434, "spark.executor.cores": 2.027754649354552, "spark.executor.instances": 4.384925043774649, "spark.executor.memory": 3.627346713232609, "spark.executor.memoryOverhead": 495.9873280103104, "spark.memory.fraction": 0.8581580268635451, "spark.memory.storageFraction": 0.6801213990993874, "spark.reducer.maxBlocksInFlightPerAddress": 1211615783.96165, "spark.reducer.maxSizeInFlight": 53.55786647828126, "spark.shuffle.file.buffer": 40.081052894941045}, "datetime": {"datetime": "2022-01-06 18:58:26", "elapsed": 1.448144, "delta": 0.076795}}
{"target": -2794.0424500000013, "params": {"spark.default.parallelism": 248.00915852312397, "spark.executor.cores": 2.744814867835548, "spark.executor.instances": 6.714813775944996, "spark.executor.memory": 6.354126856473053, "spark.executor.memoryOverhead": 687.0533014044545, "spark.memory.fraction": 0.5439605579475456, "spark.memory.storageFraction": 0.5362554378471183, "spark.reducer.maxBlocksInFlightPerAddress": 1922934797.5294185, "spark.reducer.maxSizeInFlight": 64.21994382677364, "spark.shuffle.file.buffer": 37.68507896390774}, "datetime": {"datetime": "2022-01-06 18:58:26", "elapsed": 1.534914, "delta": 0.08677}}
{"target": -2796.1052900000013, "params": {"spark.default.parallelism": 213.86029833034144, "spark.executor.cores": 2.319578157385472, "spark.executor.instances": 7.280035033397785, "spark.executor.memory": 5.328857938753822, "spark.executor.memoryOverhead": 740.5185399292209, "spark.memory.fraction": 0.8874447704925226, "spark.memory.storageFraction": 0.5359940782173956, "spark.reducer.maxBlocksInFlightPerAddress": 1918499447.3820412, "spark.reducer.maxSizeInFlight": 35.84117371217542, "spark.shuffle.file.buffer": 27.27668282479911}, "datetime": {"datetime": "2022-01-06 18:58:26", "elapsed": 1.618935, "delta": 0.084021}}
