{"target": -2797.924640000001, "params": {"spark.default.parallelism": 446.9613647832985, "spark.executor.cores": 1.2001230999780665, "spark.executor.instances": 4.181992205379755, "spark.executor.memory": 5.308345692908564, "spark.executor.memoryOverhead": 529.7998298253365, "spark.memory.fraction": 0.578107524610501, "spark.memory.storageFraction": 0.8212988656354253, "spark.reducer.maxBlocksInFlightPerAddress": 1826998190.777751, "spark.reducer.maxSizeInFlight": 24.919519890064436, "spark.shuffle.file.buffer": 37.58257186662278}, "datetime": {"datetime": "2022-01-07 15:47:41", "elapsed": 1.937379, "delta": 0.101728}}
{"target": -2797.9334100000015, "params": {"spark.default.parallelism": 224.86329981987345, "spark.executor.cores": 2.8303274360456023, "spark.executor.instances": 4.663355451823897, "spark.executor.memory": 4.830125869243422, "spark.executor.memoryOverhead": 487.7238363148416, "spark.memory.fraction": 0.8412670517297933, "spark.memory.storageFraction": 0.8119345875797237, "spark.reducer.maxBlocksInFlightPerAddress": 1826093524.7990003, "spark.reducer.maxSizeInFlight": 61.13476725915487, "spark.shuffle.file.buffer": 44.57432571079746}, "datetime": {"datetime": "2022-01-07 15:47:41", "elapsed": 2.045091, "delta": 0.107712}}
{"target": -2802.7247900000016, "params": {"spark.default.parallelism": 281.2286154667962, "spark.executor.cores": 2.6636459219455926, "spark.executor.instances": 4.165862038733264, "spark.executor.memory": 4.815029096128925, "spark.executor.memoryOverhead": 757.5072041224703, "spark.memory.fraction": 0.7607459890059556, "spark.memory.storageFraction": 0.7597687974533374, "spark.reducer.maxBlocksInFlightPerAddress": 1861359003.090942, "spark.reducer.maxSizeInFlight": 49.19551692917284, "spark.shuffle.file.buffer": 20.880164632046643}, "datetime": {"datetime": "2022-01-07 15:47:41", "elapsed": 2.128866, "delta": 0.083775}}
{"target": -2797.3291400000016, "params": {"spark.default.parallelism": 267.86388238666484, "spark.executor.cores": 2.5582617126492524, "spark.executor.instances": 4.277540715064597, "spark.executor.memory": 6.066936168824237, "spark.executor.memoryOverhead": 793.6499856382934, "spark.memory.fraction": 0.5402794885216079, "spark.memory.storageFraction": 0.5627530951819868, "spark.reducer.maxBlocksInFlightPerAddress": 1610809423.363687, "spark.reducer.maxSizeInFlight": 60.35639842102571, "spark.shuffle.file.buffer": 28.915497890682108}, "datetime": {"datetime": "2022-01-07 15:47:41", "elapsed": 2.221579, "delta": 0.092713}}
{"target": -2809.1260100000013, "params": {"spark.default.parallelism": 201.71361835989288, "spark.executor.cores": 2.313256804716371, "spark.executor.instances": 7.022991620668855, "spark.executor.memory": 5.777729274065159, "spark.executor.memoryOverhead": 660.1320236457457, "spark.memory.fraction": 0.7769212666577975, "spark.memory.storageFraction": 0.5860713784818473, "spark.reducer.maxBlocksInFlightPerAddress": 2087191102.8654299, "spark.reducer.maxSizeInFlight": 47.59071414981109, "spark.shuffle.file.buffer": 31.035871132692385}, "datetime": {"datetime": "2022-01-07 15:47:41", "elapsed": 2.300461, "delta": 0.078882}}
{"target": -2799.1729600000017, "params": {"spark.default.parallelism": 328.8106610389905, "spark.executor.cores": 1.5018118832809035, "spark.executor.instances": 5.490623316005459, "spark.executor.memory": 5.0899826476203724, "spark.executor.memoryOverhead": 622.6762176737799, "spark.memory.fraction": 0.8963962043027459, "spark.memory.storageFraction": 0.7991679914076835, "spark.reducer.maxBlocksInFlightPerAddress": 1610694028.2796102, "spark.reducer.maxSizeInFlight": 67.58432729344375, "spark.shuffle.file.buffer": 35.40927462113268}, "datetime": {"datetime": "2022-01-07 15:47:42", "elapsed": 2.39437, "delta": 0.093909}}
{"target": -2803.0762000000013, "params": {"spark.default.parallelism": 322.2688963855966, "spark.executor.cores": 2.2570170760170125, "spark.executor.instances": 6.807185214811161, "spark.executor.memory": 5.388182459144805, "spark.executor.memoryOverhead": 458.7927952467966, "spark.memory.fraction": 0.7098827485813106, "spark.memory.storageFraction": 0.6606083038834587, "spark.reducer.maxBlocksInFlightPerAddress": 1461427863.193055, "spark.reducer.maxSizeInFlight": 57.66275480844949, "spark.shuffle.file.buffer": 18.71439512295511}, "datetime": {"datetime": "2022-01-07 15:47:42", "elapsed": 2.492125, "delta": 0.097755}}
{"target": -2795.8300300000014, "params": {"spark.default.parallelism": 344.39702704144975, "spark.executor.cores": 1.1424249628439462, "spark.executor.instances": 7.423829829811436, "spark.executor.memory": 6.933597472248378, "spark.executor.memoryOverhead": 393.05473275514083, "spark.memory.fraction": 0.5831241382092291, "spark.memory.storageFraction": 0.5289223692267148, "spark.reducer.maxBlocksInFlightPerAddress": 1258460032.1209743, "spark.reducer.maxSizeInFlight": 35.72390573487615, "spark.shuffle.file.buffer": 42.351441706007336}, "datetime": {"datetime": "2022-01-07 15:47:42", "elapsed": 2.610808, "delta": 0.118683}}
{"target": -2793.54053, "params": {"spark.default.parallelism": 362.6480108327149, "spark.executor.cores": 2.268273466907408, "spark.executor.instances": 7.880505409375049, "spark.executor.memory": 5.676954844217337, "spark.executor.memoryOverhead": 694.343761263968, "spark.memory.fraction": 0.5431201667376524, "spark.memory.storageFraction": 0.5081019643972758, "spark.reducer.maxBlocksInFlightPerAddress": 1258376526.1257012, "spark.reducer.maxSizeInFlight": 71.17280649068474, "spark.shuffle.file.buffer": 41.69698402296389}, "datetime": {"datetime": "2022-01-07 15:47:42", "elapsed": 2.72626, "delta": 0.115452}}
{"target": -2798.4373200000014, "params": {"spark.default.parallelism": 471.6552378538176, "spark.executor.cores": 2.8279530547288134, "spark.executor.instances": 5.395915225954189, "spark.executor.memory": 3.9910315362969224, "spark.executor.memoryOverhead": 754.3761116092189, "spark.memory.fraction": 0.7307424969825952, "spark.memory.storageFraction": 0.8870689094425059, "spark.reducer.maxBlocksInFlightPerAddress": 1610568343.7814875, "spark.reducer.maxSizeInFlight": 53.92253089313088, "spark.shuffle.file.buffer": 26.685029434477066}, "datetime": {"datetime": "2022-01-07 15:47:42", "elapsed": 2.829983, "delta": 0.103723}}
{"target": -2797.269110000002, "params": {"spark.default.parallelism": 290.67963975959685, "spark.executor.cores": 2.4829826140502678, "spark.executor.instances": 5.06504235110455, "spark.executor.memory": 4.922609050174996, "spark.executor.memoryOverhead": 531.5646672046186, "spark.memory.fraction": 0.6770873753447837, "spark.memory.storageFraction": 0.7144691952435158, "spark.reducer.maxBlocksInFlightPerAddress": 1680484853.846784, "spark.reducer.maxSizeInFlight": 30.392533459555914, "spark.shuffle.file.buffer": 44.80045369569976}, "datetime": {"datetime": "2022-01-07 15:47:42", "elapsed": 2.932614, "delta": 0.102631}}
{"target": -2800.5654300000006, "params": {"spark.default.parallelism": 351.24192503793245, "spark.executor.cores": 1.1401356817862915, "spark.executor.instances": 6.438525224456816, "spark.executor.memory": 6.167404564113376, "spark.executor.memoryOverhead": 628.2074047006522, "spark.memory.fraction": 0.893828837955972, "spark.memory.storageFraction": 0.6467290314341245, "spark.reducer.maxBlocksInFlightPerAddress": 1121696089.1288996, "spark.reducer.maxSizeInFlight": 33.523228253850874, "spark.shuffle.file.buffer": 29.769791437801235}, "datetime": {"datetime": "2022-01-07 15:47:42", "elapsed": 3.049151, "delta": 0.116537}}
{"target": -2802.980400000001, "params": {"spark.default.parallelism": 462.2113304272272, "spark.executor.cores": 2.5266518738298807, "spark.executor.instances": 7.502447762767691, "spark.executor.memory": 3.988490203661349, "spark.executor.memoryOverhead": 634.0558740713271, "spark.memory.fraction": 0.8597867544701028, "spark.memory.storageFraction": 0.6064806950077182, "spark.reducer.maxBlocksInFlightPerAddress": 1087428666.0180225, "spark.reducer.maxSizeInFlight": 55.137207805053706, "spark.shuffle.file.buffer": 19.36483896816299}, "datetime": {"datetime": "2022-01-07 15:47:42", "elapsed": 3.151883, "delta": 0.102732}}
{"target": -2799.556590000002, "params": {"spark.default.parallelism": 478.4132771261992, "spark.executor.cores": 2.437736769609094, "spark.executor.instances": 6.013023575732749, "spark.executor.memory": 4.165678692846868, "spark.executor.memoryOverhead": 604.8186741232486, "spark.memory.fraction": 0.6096962835593396, "spark.memory.storageFraction": 0.719599515053282, "spark.reducer.maxBlocksInFlightPerAddress": 1752357871.2610142, "spark.reducer.maxSizeInFlight": 62.06642761647661, "spark.shuffle.file.buffer": 32.548390618248774}, "datetime": {"datetime": "2022-01-07 15:47:42", "elapsed": 3.251776, "delta": 0.099893}}
{"target": -2799.0028100000013, "params": {"spark.default.parallelism": 245.6431582142433, "spark.executor.cores": 2.671013862207637, "spark.executor.instances": 6.7278104908457, "spark.executor.memory": 5.366626005225127, "spark.executor.memoryOverhead": 832.3782332354208, "spark.memory.fraction": 0.8618370750101074, "spark.memory.storageFraction": 0.8020686748116101, "spark.reducer.maxBlocksInFlightPerAddress": 1610523238.3116114, "spark.reducer.maxSizeInFlight": 59.65092189011034, "spark.shuffle.file.buffer": 35.29140433905777}, "datetime": {"datetime": "2022-01-07 15:47:43", "elapsed": 3.337612, "delta": 0.085836}}
{"target": -2800.220600000001, "params": {"spark.default.parallelism": 467.798626730269, "spark.executor.cores": 2.391331639391444, "spark.executor.instances": 5.520669900180826, "spark.executor.memory": 5.594055656556249, "spark.executor.memoryOverhead": 605.2168007844324, "spark.memory.fraction": 0.6923385621239105, "spark.memory.storageFraction": 0.883264057793514, "spark.reducer.maxBlocksInFlightPerAddress": 1258348025.045072, "spark.reducer.maxSizeInFlight": 37.079518888783234, "spark.shuffle.file.buffer": 18.231096366441985}, "datetime": {"datetime": "2022-01-07 15:47:43", "elapsed": 3.435433, "delta": 0.097821}}
{"target": -2800.54388, "params": {"spark.default.parallelism": 355.7875905640487, "spark.executor.cores": 2.725327544189702, "spark.executor.instances": 4.2304001523059265, "spark.executor.memory": 3.9197608089347358, "spark.executor.memoryOverhead": 468.0481082488969, "spark.memory.fraction": 0.8102200587074233, "spark.memory.storageFraction": 0.6684351280138486, "spark.reducer.maxBlocksInFlightPerAddress": 1226537806.813121, "spark.reducer.maxSizeInFlight": 65.51841046586372, "spark.shuffle.file.buffer": 37.23411986137653}, "datetime": {"datetime": "2022-01-07 15:47:43", "elapsed": 3.528333, "delta": 0.0929}}
{"target": -2800.4057700000017, "params": {"spark.default.parallelism": 256.6917733945068, "spark.executor.cores": 2.255458410069449, "spark.executor.instances": 6.404489037206881, "spark.executor.memory": 5.056676729203016, "spark.executor.memoryOverhead": 786.388558340449, "spark.memory.fraction": 0.717610824123713, "spark.memory.storageFraction": 0.7302612141037244, "spark.reducer.maxBlocksInFlightPerAddress": 1680526920.8820252, "spark.reducer.maxSizeInFlight": 31.004334605895203, "spark.shuffle.file.buffer": 20.344580812356153}, "datetime": {"datetime": "2022-01-07 15:47:43", "elapsed": 3.668973, "delta": 0.14064}}
{"target": -2798.8068700000017, "params": {"spark.default.parallelism": 364.4351545596948, "spark.executor.cores": 1.2160517494612428, "spark.executor.instances": 6.647693974719056, "spark.executor.memory": 3.5354598612617227, "spark.executor.memoryOverhead": 813.7066134683519, "spark.memory.fraction": 0.8743493532054083, "spark.memory.storageFraction": 0.8362823252536111, "spark.reducer.maxBlocksInFlightPerAddress": 1461425216.0715098, "spark.reducer.maxSizeInFlight": 69.44078136739793, "spark.shuffle.file.buffer": 33.672959467384956}, "datetime": {"datetime": "2022-01-07 15:47:43", "elapsed": 3.773699, "delta": 0.104726}}
{"target": -2803.908290000001, "params": {"spark.default.parallelism": 486.6572764507156, "spark.executor.cores": 1.2334725053112636, "spark.executor.instances": 5.410180692634372, "spark.executor.memory": 3.0794060051671432, "spark.executor.memoryOverhead": 426.4844493226423, "spark.memory.fraction": 0.5629079775288192, "spark.memory.storageFraction": 0.7077437828435301, "spark.reducer.maxBlocksInFlightPerAddress": 1258494304.7297401, "spark.reducer.maxSizeInFlight": 52.35933841983197, "spark.shuffle.file.buffer": 17.05078434581854}, "datetime": {"datetime": "2022-01-07 15:47:43", "elapsed": 3.885996, "delta": 0.112297}}
{"target": -2802.151430000002, "params": {"spark.default.parallelism": 242.71921026520917, "spark.executor.cores": 1.2559106824875492, "spark.executor.instances": 4.812312233834056, "spark.executor.memory": 5.278928833854216, "spark.executor.memoryOverhead": 553.4025136158739, "spark.memory.fraction": 0.5208808818565736, "spark.memory.storageFraction": 0.5717003217310279, "spark.reducer.maxBlocksInFlightPerAddress": 1752395871.3513775, "spark.reducer.maxSizeInFlight": 28.682069367791783, "spark.shuffle.file.buffer": 17.441950196298517}, "datetime": {"datetime": "2022-01-07 15:47:43", "elapsed": 3.99395, "delta": 0.107954}}
{"target": -2801.5915500000015, "params": {"spark.default.parallelism": 477.5238496647018, "spark.executor.cores": 2.3088810168187637, "spark.executor.instances": 6.262848917734017, "spark.executor.memory": 6.661585266937074, "spark.executor.memoryOverhead": 460.8621590559231, "spark.memory.fraction": 0.7055150203156207, "spark.memory.storageFraction": 0.5639713213704121, "spark.reducer.maxBlocksInFlightPerAddress": 1842938964.9944487, "spark.reducer.maxSizeInFlight": 33.72407318265924, "spark.shuffle.file.buffer": 34.41733890824548}, "datetime": {"datetime": "2022-01-07 15:47:43", "elapsed": 4.088702, "delta": 0.094752}}
{"target": -2800.220600000001, "params": {"spark.default.parallelism": 339.3701711484059, "spark.executor.cores": 2.3606465764238704, "spark.executor.instances": 7.871331719010587, "spark.executor.memory": 3.128555709930484, "spark.executor.memoryOverhead": 614.629074501393, "spark.memory.fraction": 0.5005918755392836, "spark.memory.storageFraction": 0.8141024268237961, "spark.reducer.maxBlocksInFlightPerAddress": 1264410299.532724, "spark.reducer.maxSizeInFlight": 41.19307492875333, "spark.shuffle.file.buffer": 20.63781126163894}, "datetime": {"datetime": "2022-01-07 15:47:43", "elapsed": 4.191363, "delta": 0.102661}}
{"target": -2793.892850000001, "params": {"spark.default.parallelism": 408.0081879905149, "spark.executor.cores": 1.6100552437655036, "spark.executor.instances": 4.291378283499397, "spark.executor.memory": 4.724749214230238, "spark.executor.memoryOverhead": 728.8475908589155, "spark.memory.fraction": 0.7989713414802235, "spark.memory.storageFraction": 0.5105628850882462, "spark.reducer.maxBlocksInFlightPerAddress": 1446816591.4163952, "spark.reducer.maxSizeInFlight": 64.14167528727492, "spark.shuffle.file.buffer": 31.35816283505182}, "datetime": {"datetime": "2022-01-07 15:47:43", "elapsed": 4.315292, "delta": 0.123929}}
{"target": -2797.773630000002, "params": {"spark.default.parallelism": 333.0190862972697, "spark.executor.cores": 2.97752717731096, "spark.executor.instances": 7.073890653800129, "spark.executor.memory": 4.846793854072964, "spark.executor.memoryOverhead": 818.7018343672169, "spark.memory.fraction": 0.8158543413868993, "spark.memory.storageFraction": 0.5808860094607651, "spark.reducer.maxBlocksInFlightPerAddress": 1446789267.1387854, "spark.reducer.maxSizeInFlight": 24.509272314184237, "spark.shuffle.file.buffer": 32.449294987162844}, "datetime": {"datetime": "2022-01-07 15:47:44", "elapsed": 4.435995, "delta": 0.120703}}
{"target": -2796.9032900000007, "params": {"spark.default.parallelism": 216.36356744345994, "spark.executor.cores": 2.6496069558385664, "spark.executor.instances": 6.556062957858859, "spark.executor.memory": 5.7130882307688395, "spark.executor.memoryOverhead": 765.057443589677, "spark.memory.fraction": 0.8628335271280723, "spark.memory.storageFraction": 0.7164738087813324, "spark.reducer.maxBlocksInFlightPerAddress": 1274626968.4514742, "spark.reducer.maxSizeInFlight": 26.11505676174471, "spark.shuffle.file.buffer": 38.35408973850629}, "datetime": {"datetime": "2022-01-07 15:47:44", "elapsed": 4.550507, "delta": 0.114512}}
{"target": -2801.494140000001, "params": {"spark.default.parallelism": 319.3162919881463, "spark.executor.cores": 2.901777826059141, "spark.executor.instances": 4.719935252944442, "spark.executor.memory": 5.195182781038369, "spark.executor.memoryOverhead": 630.294038442008, "spark.memory.fraction": 0.715468400515591, "spark.memory.storageFraction": 0.7415898181462246, "spark.reducer.maxBlocksInFlightPerAddress": 1119683068.6283422, "spark.reducer.maxSizeInFlight": 39.39706201522555, "spark.shuffle.file.buffer": 34.665498271610375}, "datetime": {"datetime": "2022-01-07 15:47:44", "elapsed": 4.681422, "delta": 0.130915}}
{"target": -2796.0108000000014, "params": {"spark.default.parallelism": 351.3124237631269, "spark.executor.cores": 1.7272817239034457, "spark.executor.instances": 6.596708602828649, "spark.executor.memory": 5.375324580343789, "spark.executor.memoryOverhead": 616.6683804977426, "spark.memory.fraction": 0.8284036225090584, "spark.memory.storageFraction": 0.6367977924066132, "spark.reducer.maxBlocksInFlightPerAddress": 1610854657.7403965, "spark.reducer.maxSizeInFlight": 40.08875984430537, "spark.shuffle.file.buffer": 42.40744003346273}, "datetime": {"datetime": "2022-01-07 15:47:44", "elapsed": 4.787453, "delta": 0.106031}}
{"target": -2799.091930000003, "params": {"spark.default.parallelism": 355.2986084706989, "spark.executor.cores": 2.9759629895762307, "spark.executor.instances": 7.782490477879594, "spark.executor.memory": 4.467984261153744, "spark.executor.memoryOverhead": 568.568317634273, "spark.memory.fraction": 0.6677460460500211, "spark.memory.storageFraction": 0.7271877456119482, "spark.reducer.maxBlocksInFlightPerAddress": 1697373622.3895178, "spark.reducer.maxSizeInFlight": 43.934390439115376, "spark.shuffle.file.buffer": 21.874780053815055}, "datetime": {"datetime": "2022-01-07 15:47:44", "elapsed": 4.879416, "delta": 0.091963}}
{"target": -2797.777180000001, "params": {"spark.default.parallelism": 387.38671946039693, "spark.executor.cores": 1.6102522576321423, "spark.executor.instances": 5.979652159753164, "spark.executor.memory": 6.801923227637344, "spark.executor.memoryOverhead": 463.6317394254029, "spark.memory.fraction": 0.6322573840745231, "spark.memory.storageFraction": 0.544501122872004, "spark.reducer.maxBlocksInFlightPerAddress": 1274654681.7333415, "spark.reducer.maxSizeInFlight": 47.14167674277672, "spark.shuffle.file.buffer": 36.21311666205811}, "datetime": {"datetime": "2022-01-07 15:47:44", "elapsed": 5.021344, "delta": 0.141928}}
{"target": -2799.25819, "params": {"spark.default.parallelism": 250.90772036445262, "spark.executor.cores": 1.6479567808819375, "spark.executor.instances": 7.129418847798746, "spark.executor.memory": 3.9170400119238935, "spark.executor.memoryOverhead": 773.3206147804344, "spark.memory.fraction": 0.5375762715343757, "spark.memory.storageFraction": 0.7736737430199445, "spark.reducer.maxBlocksInFlightPerAddress": 1274594998.6723645, "spark.reducer.maxSizeInFlight": 70.57219046695093, "spark.shuffle.file.buffer": 45.99841340756677}, "datetime": {"datetime": "2022-01-07 15:47:44", "elapsed": 5.15533, "delta": 0.133986}}
{"target": -2797.3651200000018, "params": {"spark.default.parallelism": 288.6001672596792, "spark.executor.cores": 2.3497754759245435, "spark.executor.instances": 4.192677890214858, "spark.executor.memory": 3.3119963100578977, "spark.executor.memoryOverhead": 545.994844929634, "spark.memory.fraction": 0.8720649984336504, "spark.memory.storageFraction": 0.6006048121773767, "spark.reducer.maxBlocksInFlightPerAddress": 1446924950.1595943, "spark.reducer.maxSizeInFlight": 48.009465118673305, "spark.shuffle.file.buffer": 34.99758877430775}, "datetime": {"datetime": "2022-01-07 15:47:44", "elapsed": 5.296378, "delta": 0.141048}}
{"target": -2798.9031400000013, "params": {"spark.default.parallelism": 439.03372951019116, "spark.executor.cores": 1.8188151537078672, "spark.executor.instances": 5.667836535210615, "spark.executor.memory": 6.724969764733699, "spark.executor.memoryOverhead": 696.569658527895, "spark.memory.fraction": 0.7191706308796403, "spark.memory.storageFraction": 0.7633079461258736, "spark.reducer.maxBlocksInFlightPerAddress": 1610895102.065133, "spark.reducer.maxSizeInFlight": 35.13446718358365, "spark.shuffle.file.buffer": 24.572415277840843}, "datetime": {"datetime": "2022-01-07 15:47:45", "elapsed": 5.431453, "delta": 0.135075}}
{"target": -2797.232060000001, "params": {"spark.default.parallelism": 279.6526583647338, "spark.executor.cores": 2.5120876076995144, "spark.executor.instances": 4.843348187429722, "spark.executor.memory": 6.1786139826737125, "spark.executor.memoryOverhead": 702.9269573802394, "spark.memory.fraction": 0.7252359382237956, "spark.memory.storageFraction": 0.7456551580961107, "spark.reducer.maxBlocksInFlightPerAddress": 1697332771.2873707, "spark.reducer.maxSizeInFlight": 44.06388117509948, "spark.shuffle.file.buffer": 38.455170842484364}, "datetime": {"datetime": "2022-01-07 15:47:45", "elapsed": 5.574445, "delta": 0.142992}}
