{"target": -2797.424910000002, "params": {"spark.default.parallelism": 206.12398199021848, "spark.executor.cores": 2.462436540065447, "spark.executor.instances": 6.787912332261271, "spark.executor.memory": 5.793441679638409, "spark.executor.memoryOverhead": 651.0232162474629, "spark.memory.fraction": 0.6515941624509721, "spark.memory.storageFraction": 0.7343600515186015, "spark.reducer.maxBlocksInFlightPerAddress": 1329735926.709097, "spark.reducer.maxSizeInFlight": 60.936577291641605, "spark.shuffle.file.buffer": 27.196047661106213}, "datetime": {"datetime": "2022-01-07 16:22:31", "elapsed": 1.310774, "delta": 0.098843}}
{"target": -2800.045050000002, "params": {"spark.default.parallelism": 466.87195375722354, "spark.executor.cores": 2.3943217617167316, "spark.executor.instances": 6.786880145690228, "spark.executor.memory": 4.18006262334387, "spark.executor.memoryOverhead": 587.4826138219473, "spark.memory.fraction": 0.5644033458189657, "spark.memory.storageFraction": 0.7032801215508445, "spark.reducer.maxBlocksInFlightPerAddress": 1442166803.8230324, "spark.reducer.maxSizeInFlight": 66.67113392047732, "spark.shuffle.file.buffer": 18.632320096058802}, "datetime": {"datetime": "2022-01-07 16:22:31", "elapsed": 1.407144, "delta": 0.09637}}
{"target": -2796.8492400000014, "params": {"spark.default.parallelism": 270.4786092350405, "spark.executor.cores": 2.4918374940995762, "spark.executor.instances": 5.8573510013244245, "spark.executor.memory": 4.080125297767461, "spark.executor.memoryOverhead": 622.6011244461616, "spark.memory.fraction": 0.6823038593029572, "spark.memory.storageFraction": 0.6694246533007249, "spark.reducer.maxBlocksInFlightPerAddress": 1737397985.9944415, "spark.reducer.maxSizeInFlight": 37.71184295557874, "spark.shuffle.file.buffer": 39.388692138875044}, "datetime": {"datetime": "2022-01-07 16:22:31", "elapsed": 1.498586, "delta": 0.091442}}
{"target": -2796.6942200000008, "params": {"spark.default.parallelism": 266.4451788465666, "spark.executor.cores": 1.2677654229070847, "spark.executor.instances": 6.85236569570483, "spark.executor.memory": 6.190125414939255, "spark.executor.memoryOverhead": 849.7939397621814, "spark.memory.fraction": 0.6792423120886659, "spark.memory.storageFraction": 0.6735484533263825, "spark.reducer.maxBlocksInFlightPerAddress": 1329736778.0179892, "spark.reducer.maxSizeInFlight": 58.08745362500143, "spark.shuffle.file.buffer": 45.46045507065136}, "datetime": {"datetime": "2022-01-07 16:22:31", "elapsed": 1.600532, "delta": 0.101946}}
{"target": -2796.4979300000014, "params": {"spark.default.parallelism": 247.87087727381896, "spark.executor.cores": 1.049788671001059, "spark.executor.instances": 4.163787656107831, "spark.executor.memory": 5.8776455097096045, "spark.executor.memoryOverhead": 535.2251262045911, "spark.memory.fraction": 0.6189789845908117, "spark.memory.storageFraction": 0.5510876503581891, "spark.reducer.maxBlocksInFlightPerAddress": 1680558381.6184888, "spark.reducer.maxSizeInFlight": 49.36079933256896, "spark.shuffle.file.buffer": 45.267666606953526}, "datetime": {"datetime": "2022-01-07 16:22:31", "elapsed": 1.70354, "delta": 0.103008}}
{"target": -2798.1217200000015, "params": {"spark.default.parallelism": 370.89715900580586, "spark.executor.cores": 1.7455593897047201, "spark.executor.instances": 4.548412727130316, "spark.executor.memory": 3.00119317088661, "spark.executor.memoryOverhead": 651.03542847793, "spark.memory.fraction": 0.626049869067065, "spark.memory.storageFraction": 0.6406076405843628, "spark.reducer.maxBlocksInFlightPerAddress": 1737400459.0748177, "spark.reducer.maxSizeInFlight": 38.999550564152386, "spark.shuffle.file.buffer": 36.020337533529286}, "datetime": {"datetime": "2022-01-07 16:22:32", "elapsed": 1.826616, "delta": 0.123076}}
{"target": -2797.9817000000016, "params": {"spark.default.parallelism": 486.33669329473526, "spark.executor.cores": 2.537789360965789, "spark.executor.instances": 6.889134892791473, "spark.executor.memory": 3.853307523997067, "spark.executor.memoryOverhead": 833.7017520535538, "spark.memory.fraction": 0.8391772799713293, "spark.memory.storageFraction": 0.7238023016066931, "spark.reducer.maxBlocksInFlightPerAddress": 1238467200.1293871, "spark.reducer.maxSizeInFlight": 25.148315655716225, "spark.shuffle.file.buffer": 32.520761442871745}, "datetime": {"datetime": "2022-01-07 16:22:32", "elapsed": 1.930532, "delta": 0.103916}}
{"target": -2799.7753500000017, "params": {"spark.default.parallelism": 492.67933426366085, "spark.executor.cores": 1.265008879353517, "spark.executor.instances": 6.4728306484000955, "spark.executor.memory": 3.875349878176914, "spark.executor.memoryOverhead": 553.4108249830325, "spark.memory.fraction": 0.5076330601948098, "spark.memory.storageFraction": 0.8427242110582704, "spark.reducer.maxBlocksInFlightPerAddress": 1396278445.3761687, "spark.reducer.maxSizeInFlight": 54.63017992147446, "spark.shuffle.file.buffer": 18.849322766392003}, "datetime": {"datetime": "2022-01-07 16:22:32", "elapsed": 2.03259, "delta": 0.102058}}
{"target": -2797.333290000002, "params": {"spark.default.parallelism": 264.0391896921013, "spark.executor.cores": 1.6124764151166866, "spark.executor.instances": 7.760282428824492, "spark.executor.memory": 4.815650143665138, "spark.executor.memoryOverhead": 672.5881098635311, "spark.memory.fraction": 0.8035974575387891, "spark.memory.storageFraction": 0.7048322811618858, "spark.reducer.maxBlocksInFlightPerAddress": 1329738710.107192, "spark.reducer.maxSizeInFlight": 48.481222473068975, "spark.shuffle.file.buffer": 45.66338725942887}, "datetime": {"datetime": "2022-01-07 16:22:32", "elapsed": 2.130928, "delta": 0.098338}}
{"target": -2801.270450000002, "params": {"spark.default.parallelism": 495.5766964251805, "spark.executor.cores": 1.1666427291547377, "spark.executor.instances": 5.599487036058751, "spark.executor.memory": 5.019212794642385, "spark.executor.memoryOverhead": 528.353896822214, "spark.memory.fraction": 0.6580616751193055, "spark.memory.storageFraction": 0.7561766726305914, "spark.reducer.maxBlocksInFlightPerAddress": 1396273592.6590528, "spark.reducer.maxSizeInFlight": 35.74085331104341, "spark.shuffle.file.buffer": 17.296907030504734}, "datetime": {"datetime": "2022-01-07 16:22:32", "elapsed": 2.23366, "delta": 0.102732}}
{"target": -2796.5609700000014, "params": {"spark.default.parallelism": 361.80648412525056, "spark.executor.cores": 1.0062979378307677, "spark.executor.instances": 7.012922347229563, "spark.executor.memory": 3.024568104659963, "spark.executor.memoryOverhead": 520.8311331958114, "spark.memory.fraction": 0.5959383759505761, "spark.memory.storageFraction": 0.6057895053022612, "spark.reducer.maxBlocksInFlightPerAddress": 1396046617.5915098, "spark.reducer.maxSizeInFlight": 47.13971290070989, "spark.shuffle.file.buffer": 42.229698544131594}, "datetime": {"datetime": "2022-01-07 16:22:32", "elapsed": 2.339617, "delta": 0.105957}}
{"target": -2798.700570000001, "params": {"spark.default.parallelism": 368.6257617139696, "spark.executor.cores": 1.7234342089135237, "spark.executor.instances": 5.226315059025057, "spark.executor.memory": 6.802947650191587, "spark.executor.memoryOverhead": 804.5969848482978, "spark.memory.fraction": 0.7443467838618866, "spark.memory.storageFraction": 0.8861280229137583, "spark.reducer.maxBlocksInFlightPerAddress": 1185381073.8162193, "spark.reducer.maxSizeInFlight": 49.364249342537, "spark.shuffle.file.buffer": 35.51954500986481}, "datetime": {"datetime": "2022-01-07 16:22:32", "elapsed": 2.454497, "delta": 0.11488}}
{"target": -2798.887670000002, "params": {"spark.default.parallelism": 375.0063617552282, "spark.executor.cores": 1.5351740225163768, "spark.executor.instances": 6.886376620160823, "spark.executor.memory": 3.947254844704189, "spark.executor.memoryOverhead": 685.0430645840918, "spark.memory.fraction": 0.7677014197293635, "spark.memory.storageFraction": 0.7604770319042518, "spark.reducer.maxBlocksInFlightPerAddress": 1282991016.6127248, "spark.reducer.maxSizeInFlight": 51.996796507198844, "spark.shuffle.file.buffer": 25.060637021929875}, "datetime": {"datetime": "2022-01-07 16:22:32", "elapsed": 2.558494, "delta": 0.103997}}
{"target": -2803.651570000002, "params": {"spark.default.parallelism": 276.2257904660402, "spark.executor.cores": 2.435147318992602, "spark.executor.instances": 5.082371176362203, "spark.executor.memory": 3.9557441885155096, "spark.executor.memoryOverhead": 462.4184772314878, "spark.memory.fraction": 0.5461832246048539, "spark.memory.storageFraction": 0.802516736778485, "spark.reducer.maxBlocksInFlightPerAddress": 1505634169.0613437, "spark.reducer.maxSizeInFlight": 66.3967661552337, "spark.shuffle.file.buffer": 25.286417777599915}, "datetime": {"datetime": "2022-01-07 16:22:32", "elapsed": 2.669498, "delta": 0.111004}}
{"target": -2797.3269300000015, "params": {"spark.default.parallelism": 237.75391206026842, "spark.executor.cores": 2.5312323008612534, "spark.executor.instances": 6.969290011784269, "spark.executor.memory": 6.274027587047581, "spark.executor.memoryOverhead": 722.8060263672082, "spark.memory.fraction": 0.5612383909284164, "spark.memory.storageFraction": 0.7209662163413093, "spark.reducer.maxBlocksInFlightPerAddress": 1680564699.6153345, "spark.reducer.maxSizeInFlight": 54.98986286246007, "spark.shuffle.file.buffer": 45.55390853360669}, "datetime": {"datetime": "2022-01-07 16:22:33", "elapsed": 2.781996, "delta": 0.112498}}
"{'maxIndex': 31, 'target': -2794.5335200000013, 'params': {'spark.default.parallelism': 324.7478995062508, 'spark.executor.cores': 1.600807428614272, 'spark.executor.instances': 7.663028911160264, 'spark.executor.memory': 6.322274935616056, 'spark.executor.memoryOverhead': 725.7450247703641, 'spark.memory.fraction': 0.8803691428286866, 'spark.memory.storageFraction': 0.5347825885634763, 'spark.reducer.maxBlocksInFlightPerAddress': 1396276427.917315, 'spark.reducer.maxSizeInFlight': 64.22608665264312, 'spark.shuffle.file.buffer': 27.05746140362186}}"