{"target": -2803.594310000001, "params": {"spark.default.parallelism": 216.13854660471574, "spark.executor.cores": 2.093108394649343, "spark.executor.instances": 7.410271657069419, "spark.executor.memory": 3.9242610536127285, "spark.executor.memoryOverhead": 438.32202253526657, "spark.memory.fraction": 0.6453860386618208, "spark.memory.storageFraction": 0.6666999941281214, "spark.reducer.maxBlocksInFlightPerAddress": 1091803098.5902498, "spark.reducer.maxSizeInFlight": 55.35511866022999, "spark.shuffle.file.buffer": 28.62217568645619}, "datetime": {"datetime": "2022-01-06 18:29:58", "elapsed": 0.0, "delta": 0.0}}
{"target": -2814.0347100000013, "params": {"spark.default.parallelism": 296.4783523927026, "spark.executor.cores": 1.4148077449932654, "spark.executor.instances": 4.987027400330627, "spark.executor.memory": 4.969311833380699, "spark.executor.memoryOverhead": 407.80814593011735, "spark.memory.fraction": 0.7899472503401928, "spark.memory.storageFraction": 0.5829531302586346, "spark.reducer.maxBlocksInFlightPerAddress": 2017004553.1398344, "spark.reducer.maxSizeInFlight": 37.52980559035636, "spark.shuffle.file.buffer": 20.039972325535015}, "datetime": {"datetime": "2022-01-06 18:29:58", "elapsed": 0.025958, "delta": 0.025958}}
{"target": -2799.4809000000014, "params": {"spark.default.parallelism": 251.54822101257363, "spark.executor.cores": 2.7407361616435497, "spark.executor.instances": 6.329049139906598, "spark.executor.memory": 6.921171150814478, "spark.executor.memoryOverhead": 770.6968441583327, "spark.memory.fraction": 0.887596944364781, "spark.memory.storageFraction": 0.8064398649742162, "spark.reducer.maxBlocksInFlightPerAddress": 1919634763.988218, "spark.reducer.maxSizeInFlight": 60.29021182182152, "spark.shuffle.file.buffer": 30.431609490591114}, "datetime": {"datetime": "2022-01-06 18:29:58", "elapsed": 0.050864, "delta": 0.024906}}
{"target": -2798.4533500000016, "params": {"spark.default.parallelism": 387.141489995707, "spark.executor.cores": 2.472771767165139, "spark.executor.instances": 4.527497040014031, "spark.executor.memory": 5.200181060757172, "spark.executor.memoryOverhead": 664.7252943692652, "spark.memory.fraction": 0.70720565875231, "spark.memory.storageFraction": 0.8257852092778942, "spark.reducer.maxBlocksInFlightPerAddress": 1373543523.8634517, "spark.reducer.maxSizeInFlight": 67.06465929321412, "spark.shuffle.file.buffer": 32.645822065216905}, "datetime": {"datetime": "2022-01-06 18:29:58", "elapsed": 0.076794, "delta": 0.02593}}
{"target": -2799.6788700000016, "params": {"spark.default.parallelism": 365.3502888180667, "spark.executor.cores": 1.2850362644236935, "spark.executor.instances": 5.7799399015032185, "spark.executor.memory": 4.300051269358928, "spark.executor.memoryOverhead": 863.0765662699209, "spark.memory.fraction": 0.5700631086303094, "spark.memory.storageFraction": 0.7558107868890993, "spark.reducer.maxBlocksInFlightPerAddress": 1531220604.927016, "spark.reducer.maxSizeInFlight": 44.44162092781978, "spark.shuffle.file.buffer": 24.564151369600125}, "datetime": {"datetime": "2022-01-06 18:29:58", "elapsed": 0.101728, "delta": 0.024934}}
{"target": -2796.5698300000017, "params": {"spark.default.parallelism": 443.2212675112055, "spark.executor.cores": 1.7876401290481114, "spark.executor.instances": 7.791984274729314, "spark.executor.memory": 5.993128851598765, "spark.executor.memoryOverhead": 622.595934211862, "spark.memory.fraction": 0.687270873822707, "spark.memory.storageFraction": 0.5484648513601158, "spark.reducer.maxBlocksInFlightPerAddress": 1630017524.8711548, "spark.reducer.maxSizeInFlight": 25.366360674040195, "spark.shuffle.file.buffer": 44.668162415692045}, "datetime": {"datetime": "2022-01-06 18:29:58", "elapsed": 0.126661, "delta": 0.024933}}
{"target": -2798.854350000001, "params": {"spark.default.parallelism": 323.847987618756, "spark.executor.cores": 2.23166308663531, "spark.executor.instances": 5.4879105732897155, "spark.executor.memory": 3.5363794112092846, "spark.executor.memoryOverhead": 531.2071103389271, "spark.memory.fraction": 0.6065899842387218, "spark.memory.storageFraction": 0.5375422763425124, "spark.reducer.maxBlocksInFlightPerAddress": 1749450188.500212, "spark.reducer.maxSizeInFlight": 29.505383537511637, "spark.shuffle.file.buffer": 16.526252158172056}, "datetime": {"datetime": "2022-01-06 18:29:58", "elapsed": 0.151594, "delta": 0.024933}}
{"target": -2797.219630000001, "params": {"spark.default.parallelism": 491.9850676567746, "spark.executor.cores": 1.8659862457356506, "spark.executor.instances": 6.84473348595866, "spark.executor.memory": 5.745929365237696, "spark.executor.memoryOverhead": 780.3927230232607, "spark.memory.fraction": 0.7600117107760536, "spark.memory.storageFraction": 0.621632396480523, "spark.reducer.maxBlocksInFlightPerAddress": 1186889041.5314407, "spark.reducer.maxSizeInFlight": 38.50673529899653, "spark.shuffle.file.buffer": 35.425204813767856}, "datetime": {"datetime": "2022-01-06 18:29:58", "elapsed": 0.176528, "delta": 0.024934}}
{"target": -2797.6084000000014, "params": {"spark.default.parallelism": 278.6720177322833, "spark.executor.cores": 1.0998777857029407, "spark.executor.instances": 4.06519025681694, "spark.executor.memory": 3.1164115310970164, "spark.executor.memoryOverhead": 560.5681954868046, "spark.memory.fraction": 0.5032816961528846, "spark.memory.storageFraction": 0.7123492077241307, "spark.reducer.maxBlocksInFlightPerAddress": 1468771882.7302961, "spark.reducer.maxSizeInFlight": 51.19697840937542, "spark.shuffle.file.buffer": 45.771306915981256}, "datetime": {"datetime": "2022-01-06 18:29:58", "elapsed": 0.201462, "delta": 0.024934}}
{"target": -2808.263900000001, "params": {"spark.default.parallelism": 419.2294772888482, "spark.executor.cores": 2.915227554648782, "spark.executor.instances": 6.54934228974677, "spark.executor.memory": 6.276423224760437, "spark.executor.memoryOverhead": 711.2115656726046, "spark.memory.fraction": 0.8544006255217942, "spark.memory.storageFraction": 0.8640249582081618, "spark.reducer.maxBlocksInFlightPerAddress": 2088353344.628724, "spark.reducer.maxSizeInFlight": 70.10993008242426, "spark.shuffle.file.buffer": 39.39528120446056}, "datetime": {"datetime": "2022-01-06 18:29:58", "elapsed": 0.226424, "delta": 0.024962}}
{"target": -2852.3458300000016, "params": {"spark.default.parallelism": 198.76210741035302, "spark.executor.cores": 0.8376804150518937, "spark.executor.instances": 5.186581745793314, "spark.executor.memory": 4.342349376989053, "spark.executor.memoryOverhead": 311.04, "spark.memory.fraction": 0.8234327029646495, "spark.memory.storageFraction": 0.608201069177857, "spark.reducer.maxBlocksInFlightPerAddress": 1265414664.1163135, "spark.reducer.maxSizeInFlight": 29.66290625000391, "spark.shuffle.file.buffer": 12.96}, "datetime": {"datetime": "2022-01-06 18:29:58", "elapsed": 0.252325, "delta": 0.025901}}
{"target": -2799.735790000002, "params": {"spark.default.parallelism": 271.9249879931521, "spark.executor.cores": 1.364360743518809, "spark.executor.instances": 4.176759813363628, "spark.executor.memory": 2.665690601866469, "spark.executor.memoryOverhead": 321.0243495376847, "spark.memory.fraction": 0.7223763670721011, "spark.memory.storageFraction": 0.7931397601171993, "spark.reducer.maxBlocksInFlightPerAddress": 1391780525.2200634, "spark.reducer.maxSizeInFlight": 41.026755665218076, "spark.shuffle.file.buffer": 23.471914663911633}, "datetime": {"datetime": "2022-01-06 18:29:58", "elapsed": 0.277258, "delta": 0.024933}}
{"target": -2804.1823100000015, "params": {"spark.default.parallelism": 295.6138276726786, "spark.executor.cores": 1.9590988160185747, "spark.executor.instances": 3.65325988234844, "spark.executor.memory": 3.1105062649051805, "spark.executor.memoryOverhead": 407.0908093000674, "spark.memory.fraction": 0.6148201817957575, "spark.memory.storageFraction": 0.5569552352000231, "spark.reducer.maxBlocksInFlightPerAddress": 895395415.632587, "spark.reducer.maxSizeInFlight": 44.56990866782738, "spark.shuffle.file.buffer": 22.80378314757569}, "datetime": {"datetime": "2022-01-06 18:29:58", "elapsed": 0.302191, "delta": 0.024933}}
{"target": -2814.2696000000014, "params": {"spark.default.parallelism": 215.4381465627278, "spark.executor.cores": 0.9908066609608135, "spark.executor.instances": 3.2433057102402536, "spark.executor.memory": 2.4458077632611563, "spark.executor.memoryOverhead": 311.05634543535416, "spark.memory.fraction": 0.7899093886642718, "spark.memory.storageFraction": 0.8355783257453768, "spark.reducer.maxBlocksInFlightPerAddress": 1203655218.8728843, "spark.reducer.maxSizeInFlight": 32.00818256080538, "spark.shuffle.file.buffer": 16.577717576670217}, "datetime": {"datetime": "2022-01-06 18:29:58", "elapsed": 0.327126, "delta": 0.024935}}
{"target": -2857.0061200000014, "params": {"spark.default.parallelism": 312.64610897716125, "spark.executor.cores": 0.81, "spark.executor.instances": 4.647241588232461, "spark.executor.memory": 3.8564044994693223, "spark.executor.memoryOverhead": 470.6279082609721, "spark.memory.fraction": 0.5332450935776302, "spark.memory.storageFraction": 0.7186357825289609, "spark.reducer.maxBlocksInFlightPerAddress": 1031521840.6305298, "spark.reducer.maxSizeInFlight": 45.04748368010501, "spark.shuffle.file.buffer": 15.144312965643934}, "datetime": {"datetime": "2022-01-06 18:29:58", "elapsed": 0.352058, "delta": 0.024932}}
{"target": -2853.4418200000014, "params": {"spark.default.parallelism": 327.582660803057, "spark.executor.cores": 1.2789518030758058, "spark.executor.instances": 4.192283215089003, "spark.executor.memory": 2.5512243735795264, "spark.executor.memoryOverhead": 323.25893541510567, "spark.memory.fraction": 0.6112499904653634, "spark.memory.storageFraction": 0.618529077270365, "spark.reducer.maxBlocksInFlightPerAddress": 914456724.6398287, "spark.reducer.maxSizeInFlight": 23.012675899971462, "spark.shuffle.file.buffer": 14.949660538844872}, "datetime": {"datetime": "2022-01-06 18:29:58", "elapsed": 0.376992, "delta": 0.024934}}
{"target": -2799.141340000002, "params": {"spark.default.parallelism": 230.22412856351977, "spark.executor.cores": 0.81, "spark.executor.instances": 3.2399999999999993, "spark.executor.memory": 4.415164672984573, "spark.executor.memoryOverhead": 386.0375276064667, "spark.memory.fraction": 0.8732158117514478, "spark.memory.storageFraction": 0.788483503223724, "spark.reducer.maxBlocksInFlightPerAddress": 1289333516.203428, "spark.reducer.maxSizeInFlight": 35.84122643563386, "spark.shuffle.file.buffer": 24.773761047042136}, "datetime": {"datetime": "2022-01-06 18:29:58", "elapsed": 0.402922, "delta": 0.02593}}
{"target": -2853.082680000001, "params": {"spark.default.parallelism": 214.8693595090626, "spark.executor.cores": 0.9090385904606675, "spark.executor.instances": 3.344251927747276, "spark.executor.memory": 4.21050148666784, "spark.executor.memoryOverhead": 311.03999999999996, "spark.memory.fraction": 0.5493448342738338, "spark.memory.storageFraction": 0.6885554567662073, "spark.reducer.maxBlocksInFlightPerAddress": 869730876.6300001, "spark.reducer.maxSizeInFlight": 46.557662111462605, "spark.shuffle.file.buffer": 12.96}, "datetime": {"datetime": "2022-01-06 18:29:58", "elapsed": 0.427855, "delta": 0.024933}}
{"target": -2803.918770000001, "params": {"spark.default.parallelism": 174.66574140490502, "spark.executor.cores": 1.782749989226216, "spark.executor.instances": 5.015213160009798, "spark.executor.memory": 3.5525796068965017, "spark.executor.memoryOverhead": 458.591450120352, "spark.memory.fraction": 0.8184352926399907, "spark.memory.storageFraction": 0.8298719887900048, "spark.reducer.maxBlocksInFlightPerAddress": 1234011242.2203314, "spark.reducer.maxSizeInFlight": 39.36703242731856, "spark.shuffle.file.buffer": 19.718358380424277}, "datetime": {"datetime": "2022-01-06 18:29:59", "elapsed": 0.452788, "delta": 0.024933}}
{"target": -2799.38722, "params": {"spark.default.parallelism": 280.58083109191057, "spark.executor.cores": 1.058233577482527, "spark.executor.instances": 4.579276671220371, "spark.executor.memory": 3.4417138690725113, "spark.executor.memoryOverhead": 524.3734320221607, "spark.memory.fraction": 0.7286770534674456, "spark.memory.storageFraction": 0.5110332759460176, "spark.reducer.maxBlocksInFlightPerAddress": 1028631115.2504746, "spark.reducer.maxSizeInFlight": 26.287238006607645, "spark.shuffle.file.buffer": 19.14218942961981}, "datetime": {"datetime": "2022-01-06 18:29:59", "elapsed": 0.47775, "delta": 0.024962}}
{"target": -2811.666330000001, "params": {"spark.default.parallelism": 471.7347958176224, "spark.executor.cores": 1.4158234970816053, "spark.executor.instances": 6.7021902652564265, "spark.executor.memory": 6.307245827387211, "spark.executor.memoryOverhead": 512.8708848319183, "spark.memory.fraction": 0.5002018501106356, "spark.memory.storageFraction": 0.7529280134151459, "spark.reducer.maxBlocksInFlightPerAddress": 2027727390.8450725, "spark.reducer.maxSizeInFlight": 60.16555453095418, "spark.shuffle.file.buffer": 25.13734788014303}, "datetime": {"datetime": "2022-01-06 18:29:59", "elapsed": 0.552523, "delta": 0.074773}}
{"target": -2797.238750000002, "params": {"spark.default.parallelism": 486.2394357576476, "spark.executor.cores": 1.1541914177210235, "spark.executor.instances": 6.671555755962629, "spark.executor.memory": 6.093578670722904, "spark.executor.memoryOverhead": 597.20764129425, "spark.memory.fraction": 0.566908767886981, "spark.memory.storageFraction": 0.549952090389277, "spark.reducer.maxBlocksInFlightPerAddress": 1355843577.2816215, "spark.reducer.maxSizeInFlight": 25.570597125766916, "spark.shuffle.file.buffer": 35.34356290352122}, "datetime": {"datetime": "2022-01-06 18:29:59", "elapsed": 0.626323, "delta": 0.0738}}
{"target": -2798.9645400000013, "params": {"spark.default.parallelism": 265.99297625372975, "spark.executor.cores": 2.710912249803219, "spark.executor.instances": 7.179488483764702, "spark.executor.memory": 4.397167676389818, "spark.executor.memoryOverhead": 620.2671062595156, "spark.memory.fraction": 0.7223427035574222, "spark.memory.storageFraction": 0.6777398809728279, "spark.reducer.maxBlocksInFlightPerAddress": 1826051960.7028747, "spark.reducer.maxSizeInFlight": 41.6369158208802, "spark.shuffle.file.buffer": 47.86790957178454}, "datetime": {"datetime": "2022-01-06 18:29:59", "elapsed": 0.698131, "delta": 0.071808}}
{"target": -2797.0545800000004, "params": {"spark.default.parallelism": 345.9575059778214, "spark.executor.cores": 2.429394866291638, "spark.executor.instances": 7.0392250747115614, "spark.executor.memory": 6.962727483549804, "spark.executor.memoryOverhead": 766.7546950852324, "spark.memory.fraction": 0.5817279152607406, "spark.memory.storageFraction": 0.6331629966578163, "spark.reducer.maxBlocksInFlightPerAddress": 1211856221.2005877, "spark.reducer.maxSizeInFlight": 24.999809610364057, "spark.shuffle.file.buffer": 44.3916597706138}, "datetime": {"datetime": "2022-01-06 18:29:59", "elapsed": 0.76299, "delta": 0.064859}}
{"target": -2807.822400000001, "params": {"spark.default.parallelism": 280.45195687695133, "spark.executor.cores": 1.243244999059367, "spark.executor.instances": 6.491444310510021, "spark.executor.memory": 4.724482082144515, "spark.executor.memoryOverhead": 587.6287890158578, "spark.memory.fraction": 0.6934385279716476, "spark.memory.storageFraction": 0.5894932200870144, "spark.reducer.maxBlocksInFlightPerAddress": 2112623908.705553, "spark.reducer.maxSizeInFlight": 39.38805184459612, "spark.shuffle.file.buffer": 38.39361373640864}, "datetime": {"datetime": "2022-01-06 18:29:59", "elapsed": 0.835763, "delta": 0.072773}}
{"target": -2807.0062300000013, "params": {"spark.default.parallelism": 230.9067130890092, "spark.executor.cores": 1.8985399613249527, "spark.executor.instances": 6.349207892032901, "spark.executor.memory": 4.863152281530208, "spark.executor.memoryOverhead": 534.7836185254696, "spark.memory.fraction": 0.7827695753201128, "spark.memory.storageFraction": 0.5530067371631945, "spark.reducer.maxBlocksInFlightPerAddress": 2048344295.4161325, "spark.reducer.maxSizeInFlight": 58.012989078743686, "spark.shuffle.file.buffer": 45.970502274357244}, "datetime": {"datetime": "2022-01-06 18:29:59", "elapsed": 0.911562, "delta": 0.075799}}
{"target": -2795.806160000001, "params": {"spark.default.parallelism": 352.04651515700687, "spark.executor.cores": 1.5188513541685025, "spark.executor.instances": 7.885765277992592, "spark.executor.memory": 5.038123631538513, "spark.executor.memoryOverhead": 538.0941905619998, "spark.memory.fraction": 0.7052444345224423, "spark.memory.storageFraction": 0.5534462275676156, "spark.reducer.maxBlocksInFlightPerAddress": 1382175986.4515374, "spark.reducer.maxSizeInFlight": 28.14624059181522, "spark.shuffle.file.buffer": 42.30314185306119}, "datetime": {"datetime": "2022-01-06 18:29:59", "elapsed": 0.99035, "delta": 0.078788}}
{"target": -2796.8492400000014, "params": {"spark.default.parallelism": 270.4786092350405, "spark.executor.cores": 2.4918374940995762, "spark.executor.instances": 5.8573510013244245, "spark.executor.memory": 4.080125297767461, "spark.executor.memoryOverhead": 622.6011244461616, "spark.memory.fraction": 0.6823038593029572, "spark.memory.storageFraction": 0.6694246533007249, "spark.reducer.maxBlocksInFlightPerAddress": 1737397985.9944415, "spark.reducer.maxSizeInFlight": 37.71184295557874, "spark.shuffle.file.buffer": 39.388692138875044}, "datetime": {"datetime": "2022-01-06 18:29:59", "elapsed": 1.063156, "delta": 0.072806}}
{"target": -2798.4134800000015, "params": {"spark.default.parallelism": 292.1189803826157, "spark.executor.cores": 2.138498435927387, "spark.executor.instances": 4.207283138125501, "spark.executor.memory": 4.730596523410366, "spark.executor.memoryOverhead": 742.2134768483536, "spark.memory.fraction": 0.7050624040282509, "spark.memory.storageFraction": 0.5760350924159015, "spark.reducer.maxBlocksInFlightPerAddress": 1446856239.9477859, "spark.reducer.maxSizeInFlight": 71.16904767547007, "spark.shuffle.file.buffer": 25.254765771556578}, "datetime": {"datetime": "2022-01-06 18:29:59", "elapsed": 1.142942, "delta": 0.079786}}
{"target": -2797.060220000001, "params": {"spark.default.parallelism": 498.4717374322219, "spark.executor.cores": 2.539917230819132, "spark.executor.instances": 6.5898180666693005, "spark.executor.memory": 3.8215193600816875, "spark.executor.memoryOverhead": 743.2327144178248, "spark.memory.fraction": 0.570280188682581, "spark.memory.storageFraction": 0.5409804876852686, "spark.reducer.maxBlocksInFlightPerAddress": 1796569176.0152788, "spark.reducer.maxSizeInFlight": 55.31720373195644, "spark.shuffle.file.buffer": 28.561055631620878}, "datetime": {"datetime": "2022-01-06 18:29:59", "elapsed": 1.228712, "delta": 0.08577}}
{"target": -2814.436630000001, "params": {"spark.default.parallelism": 413.7850037130409, "spark.executor.cores": 1.827494092927964, "spark.executor.instances": 4.8503452289778615, "spark.executor.memory": 5.4242841483608775, "spark.executor.memoryOverhead": 408.8068662636944, "spark.memory.fraction": 0.7341725892850932, "spark.memory.storageFraction": 0.8735424684303739, "spark.reducer.maxBlocksInFlightPerAddress": 2081493733.5344758, "spark.reducer.maxSizeInFlight": 52.747772396926045, "spark.shuffle.file.buffer": 23.87998667477134}, "datetime": {"datetime": "2022-01-06 18:29:59", "elapsed": 1.313487, "delta": 0.084775}}
{"target": -2800.3888200000015, "params": {"spark.default.parallelism": 400.53448423977983, "spark.executor.cores": 2.612543789936108, "spark.executor.instances": 4.054246955151147, "spark.executor.memory": 3.9729449889677464, "spark.executor.memoryOverhead": 395.7873595033749, "spark.memory.fraction": 0.8233478287621234, "spark.memory.storageFraction": 0.7522999669195276, "spark.reducer.maxBlocksInFlightPerAddress": 1776947474.9269054, "spark.reducer.maxSizeInFlight": 25.76639049759963, "spark.shuffle.file.buffer": 43.471057799957265}, "datetime": {"datetime": "2022-01-06 18:29:59", "elapsed": 1.393272, "delta": 0.079785}}
{"target": -2793.2196100000006, "params": {"spark.default.parallelism": 236.09576172880827, "spark.executor.cores": 2.331947870755529, "spark.executor.instances": 5.78655651577885, "spark.executor.memory": 4.124187264299631, "spark.executor.memoryOverhead": 384.7633157244881, "spark.memory.fraction": 0.7776508697863813, "spark.memory.storageFraction": 0.5155972233384881, "spark.reducer.maxBlocksInFlightPerAddress": 1196805476.3922563, "spark.reducer.maxSizeInFlight": 26.61458643576564, "spark.shuffle.file.buffer": 43.584902679939866}, "datetime": {"datetime": "2022-01-06 18:30:00", "elapsed": 1.47408, "delta": 0.080808}}
{"target": -2802.9760200000014, "params": {"spark.default.parallelism": 204.9017160613747, "spark.executor.cores": 1.9712310559517778, "spark.executor.instances": 4.170617782473027, "spark.executor.memory": 5.540753735042669, "spark.executor.memoryOverhead": 823.4181514985374, "spark.memory.fraction": 0.6590273103375737, "spark.memory.storageFraction": 0.6301248762774985, "spark.reducer.maxBlocksInFlightPerAddress": 1983374571.603139, "spark.reducer.maxSizeInFlight": 49.303360771004854, "spark.shuffle.file.buffer": 40.022710909864735}, "datetime": {"datetime": "2022-01-06 18:30:00", "elapsed": 1.560824, "delta": 0.086744}}
{"target": -2796.1052900000013, "params": {"spark.default.parallelism": 213.86029833034144, "spark.executor.cores": 2.319578157385472, "spark.executor.instances": 7.280035033397785, "spark.executor.memory": 5.328857938753822, "spark.executor.memoryOverhead": 740.5185399292209, "spark.memory.fraction": 0.8874447704925226, "spark.memory.storageFraction": 0.5359940782173956, "spark.reducer.maxBlocksInFlightPerAddress": 1918499447.3820412, "spark.reducer.maxSizeInFlight": 35.84117371217542, "spark.shuffle.file.buffer": 27.27668282479911}, "datetime": {"datetime": "2022-01-06 18:30:00", "elapsed": 1.645597, "delta": 0.084773}}
