{"target": -2801.032800000001, "params": {"spark.default.parallelism": 305.5863089943116, "spark.executor.cores": 1.01037187675191, "spark.executor.instances": 4.442199362488595, "spark.executor.memory": 4.393748772702681, "spark.executor.memoryOverhead": 548.628632741865, "spark.memory.fraction": 0.7498656417868873, "spark.memory.storageFraction": 0.7370402529760364, "spark.reducer.maxBlocksInFlightPerAddress": 1093011663.7887466, "spark.reducer.maxSizeInFlight": 27.311049868890613, "spark.shuffle.file.buffer": 31.936586585543658}, "datetime": {"datetime": "2022-01-07 16:22:06", "elapsed": 0.0, "delta": 0.0}}
{"target": -2798.9711300000017, "params": {"spark.default.parallelism": 436.2538924852604, "spark.executor.cores": 1.9574401552547456, "spark.executor.instances": 7.8331130819692705, "spark.executor.memory": 5.405924756457951, "spark.executor.memoryOverhead": 727.4165295548358, "spark.memory.fraction": 0.615893369174961, "spark.memory.storageFraction": 0.6950424606217868, "spark.reducer.maxBlocksInFlightPerAddress": 1689363723.7287116, "spark.reducer.maxSizeInFlight": 54.333609240233734, "spark.shuffle.file.buffer": 24.816826830405194}, "datetime": {"datetime": "2022-01-07 16:22:06", "elapsed": 0.02593, "delta": 0.02593}}
{"target": -2809.1667700000007, "params": {"spark.default.parallelism": 390.648350697721, "spark.executor.cores": 1.6548214974327653, "spark.executor.instances": 4.02063341373553, "spark.executor.memory": 4.0728590430614755, "spark.executor.memoryOverhead": 764.8664489243092, "spark.memory.fraction": 0.7196318726381088, "spark.memory.storageFraction": 0.5137631451825212, "spark.reducer.maxBlocksInFlightPerAddress": 2109220194.130353, "spark.reducer.maxSizeInFlight": 58.10958312962364, "spark.shuffle.file.buffer": 16.546506576165218}, "datetime": {"datetime": "2022-01-07 16:22:06", "elapsed": 0.051688, "delta": 0.025758}}
{"target": -2797.178850000001, "params": {"spark.default.parallelism": 375.36673794958216, "spark.executor.cores": 2.761520376879214, "spark.executor.instances": 5.360049541020759, "spark.executor.memory": 6.975612281360318, "spark.executor.memoryOverhead": 514.3953167927566, "spark.memory.fraction": 0.6655267157087333, "spark.memory.storageFraction": 0.6582962369835916, "spark.reducer.maxBlocksInFlightPerAddress": 1866122900.2430584, "spark.reducer.maxSizeInFlight": 51.65103175283685, "spark.shuffle.file.buffer": 36.57722754211869}, "datetime": {"datetime": "2022-01-07 16:22:06", "elapsed": 0.075624, "delta": 0.023936}}
{"target": -2798.394990000001, "params": {"spark.default.parallelism": 451.25386034093697, "spark.executor.cores": 2.320336283707465, "spark.executor.instances": 6.352969612757308, "spark.executor.memory": 3.6061996009471655, "spark.executor.memoryOverhead": 874.584503717526, "spark.memory.fraction": 0.8893690479964735, "spark.memory.storageFraction": 0.8339802363817623, "spark.reducer.maxBlocksInFlightPerAddress": 1549059902.8713613, "spark.reducer.maxSizeInFlight": 32.48659934571231, "spark.shuffle.file.buffer": 34.07215043431112}, "datetime": {"datetime": "2022-01-07 16:22:06", "elapsed": 0.100558, "delta": 0.024934}}
{"target": -3494.8737000000006, "params": {"spark.default.parallelism": 263.8782769615598, "spark.executor.cores": 2.8102409753628996, "spark.executor.instances": 6.797326593290731, "spark.executor.memory": 6.1902518468512335, "spark.executor.memoryOverhead": 655.9510903768248, "spark.memory.fraction": 0.5304913614228013, "spark.memory.storageFraction": 0.8919439420813208, "spark.reducer.maxBlocksInFlightPerAddress": 1935650024.4525514, "spark.reducer.maxSizeInFlight": 34.19424989853358, "spark.shuffle.file.buffer": 27.183048003885425}, "datetime": {"datetime": "2022-01-07 16:22:06", "elapsed": 0.124495, "delta": 0.023937}}
{"target": -2799.303370000002, "params": {"spark.default.parallelism": 252.98702049862916, "spark.executor.cores": 1.365199273829597, "spark.executor.instances": 7.5545903607009475, "spark.executor.memory": 4.932504231934492, "spark.executor.memoryOverhead": 811.9655850271606, "spark.memory.fraction": 0.7940661885372429, "spark.memory.storageFraction": 0.6017013650965299, "spark.reducer.maxBlocksInFlightPerAddress": 1287052079.226246, "spark.reducer.maxSizeInFlight": 70.70244378503222, "spark.shuffle.file.buffer": 20.362002761241417}, "datetime": {"datetime": "2022-01-07 16:22:06", "elapsed": 0.149457, "delta": 0.024962}}
{"target": -2799.424410000001, "params": {"spark.default.parallelism": 329.89737363628046, "spark.executor.cores": 2.048585470151079, "spark.executor.instances": 5.093132732513276, "spark.executor.memory": 3.3515428966605993, "spark.executor.memoryOverhead": 629.030453480832, "spark.memory.fraction": 0.6500864619759251, "spark.memory.storageFraction": 0.7985692416137495, "spark.reducer.maxBlocksInFlightPerAddress": 1427331282.8144698, "spark.reducer.maxSizeInFlight": 63.453980539726444, "spark.shuffle.file.buffer": 44.536676077051396}, "datetime": {"datetime": "2022-01-07 16:22:06", "elapsed": 0.17436, "delta": 0.024903}}
{"target": -2800.8809800000017, "params": {"spark.default.parallelism": 215.42257329190568, "spark.executor.cores": 2.4501078405866332, "spark.executor.instances": 7.146318983236194, "spark.executor.memory": 6.374570949223136, "spark.executor.memoryOverhead": 473.7499571206331, "spark.memory.fraction": 0.5570761815607387, "spark.memory.storageFraction": 0.7549669323616179, "spark.reducer.maxBlocksInFlightPerAddress": 1760117841.9170504, "spark.reducer.maxSizeInFlight": 47.08114089952436, "spark.shuffle.file.buffer": 45.605820870680915}, "datetime": {"datetime": "2022-01-07 16:22:06", "elapsed": 0.199294, "delta": 0.024934}}
{"target": -2797.9680500000018, "params": {"spark.default.parallelism": 495.326780763123, "spark.executor.cores": 1.5701288735520438, "spark.executor.instances": 5.637218357286992, "spark.executor.memory": 5.107033873530735, "spark.executor.memoryOverhead": 391.78212631729554, "spark.memory.fraction": 0.846987057002653, "spark.memory.storageFraction": 0.577728585902197, "spark.reducer.maxBlocksInFlightPerAddress": 1311365827.1133156, "spark.reducer.maxSizeInFlight": 40.39762613622068, "spark.shuffle.file.buffer": 39.30186931080921}, "datetime": {"datetime": "2022-01-07 16:22:06", "elapsed": 0.22323, "delta": 0.023936}}
{"target": -2854.518340000002, "params": {"spark.default.parallelism": 162.5515132159631, "spark.executor.cores": 1.4257469435504, "spark.executor.instances": 4.236753975886557, "spark.executor.memory": 3.8764287828586967, "spark.executor.memoryOverhead": 346.4189745428722, "spark.memory.fraction": 0.8200521320510961, "spark.memory.storageFraction": 0.7624658065150746, "spark.reducer.maxBlocksInFlightPerAddress": 869730876.6300001, "spark.reducer.maxSizeInFlight": 19.723629293565438, "spark.shuffle.file.buffer": 14.542223018550494}, "datetime": {"datetime": "2022-01-07 16:22:06", "elapsed": 0.248163, "delta": 0.024933}}
{"target": -2796.8731800000014, "params": {"spark.default.parallelism": 193.29046009015153, "spark.executor.cores": 1.1008744880118257, "spark.executor.instances": 4.992490355447893, "spark.executor.memory": 2.9175587611414175, "spark.executor.memoryOverhead": 311.04, "spark.memory.fraction": 0.5839954901304554, "spark.memory.storageFraction": 0.8675594747660368, "spark.reducer.maxBlocksInFlightPerAddress": 1205525025.9391716, "spark.reducer.maxSizeInFlight": 23.755306890122757, "spark.shuffle.file.buffer": 30.366376690028638}, "datetime": {"datetime": "2022-01-07 16:22:06", "elapsed": 0.272127, "delta": 0.023964}}
{"target": -2799.678640000001, "params": {"spark.default.parallelism": 227.22248938767453, "spark.executor.cores": 1.5100196350584563, "spark.executor.instances": 3.2399999999999998, "spark.executor.memory": 3.325823446446832, "spark.executor.memoryOverhead": 327.66614552480564, "spark.memory.fraction": 0.660235202343426, "spark.memory.storageFraction": 0.7040108394279874, "spark.reducer.maxBlocksInFlightPerAddress": 1278595480.3128989, "spark.reducer.maxSizeInFlight": 33.612757045631994, "spark.shuffle.file.buffer": 19.85985077108469}, "datetime": {"datetime": "2022-01-07 16:22:06", "elapsed": 0.297061, "delta": 0.024934}}
{"target": -2814.9889000000007, "params": {"spark.default.parallelism": 258.0621561112473, "spark.executor.cores": 1.7545992425366759, "spark.executor.instances": 4.577648585245001, "spark.executor.memory": 2.43, "spark.executor.memoryOverhead": 386.56831810668047, "spark.memory.fraction": 0.7547448328645561, "spark.memory.storageFraction": 0.5411195764770315, "spark.reducer.maxBlocksInFlightPerAddress": 909584335.2109387, "spark.reducer.maxSizeInFlight": 39.840574079677644, "spark.shuffle.file.buffer": 17.91261079211072}, "datetime": {"datetime": "2022-01-07 16:22:06", "elapsed": 0.321966, "delta": 0.024905}}
{"target": -2852.038330000001, "params": {"spark.default.parallelism": 301.5439369384919, "spark.executor.cores": 1.9425322856369447, "spark.executor.instances": 3.312349888435521, "spark.executor.memory": 2.58237853944275, "spark.executor.memoryOverhead": 485.8510546723181, "spark.memory.fraction": 0.5703026112053033, "spark.memory.storageFraction": 0.6438082190196318, "spark.reducer.maxBlocksInFlightPerAddress": 1011605795.4813838, "spark.reducer.maxSizeInFlight": 45.695006457830154, "spark.shuffle.file.buffer": 12.96}, "datetime": {"datetime": "2022-01-07 16:22:06", "elapsed": 0.346933, "delta": 0.024967}}
{"target": -2796.7175500000008, "params": {"spark.default.parallelism": 267.47002587884214, "spark.executor.cores": 1.6000730245636157, "spark.executor.instances": 3.565288579749488, "spark.executor.memory": 4.421878500067405, "spark.executor.memoryOverhead": 344.1505878132438, "spark.memory.fraction": 0.4249000942418678, "spark.memory.storageFraction": 0.405337229091383, "spark.reducer.maxBlocksInFlightPerAddress": 1096939682.6255672, "spark.reducer.maxSizeInFlight": 43.03654950368841, "spark.shuffle.file.buffer": 30.726809329581748}, "datetime": {"datetime": "2022-01-07 16:22:06", "elapsed": 0.370835, "delta": 0.023902}}
{"target": -2796.877340000001, "params": {"spark.default.parallelism": 185.45597251190338, "spark.executor.cores": 1.1248282044696098, "spark.executor.instances": 4.7551753598215525, "spark.executor.memory": 3.545924652470783, "spark.executor.memoryOverhead": 549.7109912350676, "spark.memory.fraction": 0.5198979502036096, "spark.memory.storageFraction": 0.405, "spark.reducer.maxBlocksInFlightPerAddress": 1350437449.897582, "spark.reducer.maxSizeInFlight": 30.011521406677023, "spark.shuffle.file.buffer": 19.334928745566682}, "datetime": {"datetime": "2022-01-07 16:22:07", "elapsed": 0.395791, "delta": 0.024956}}
{"target": -2853.9033600000007, "params": {"spark.default.parallelism": 219.65541795577613, "spark.executor.cores": 1.372758796566294, "spark.executor.instances": 4.638647657645257, "spark.executor.memory": 2.705740084000405, "spark.executor.memoryOverhead": 452.1597398640196, "spark.memory.fraction": 0.40499999999999997, "spark.memory.storageFraction": 0.5053759894062468, "spark.reducer.maxBlocksInFlightPerAddress": 869730876.6300002, "spark.reducer.maxSizeInFlight": 34.19100039326549, "spark.shuffle.file.buffer": 13.726218077497828}, "datetime": {"datetime": "2022-01-07 16:22:07", "elapsed": 0.42073, "delta": 0.024939}}
{"target": -2803.411210000001, "params": {"spark.default.parallelism": 162.51330371381084, "spark.executor.cores": 1.7933891379464795, "spark.executor.instances": 3.824805864470277, "spark.executor.memory": 4.107119423873915, "spark.executor.memoryOverhead": 321.8057578793779, "spark.memory.fraction": 0.40500499621336983, "spark.memory.storageFraction": 0.5673335228712104, "spark.reducer.maxBlocksInFlightPerAddress": 952519872.7745068, "spark.reducer.maxSizeInFlight": 21.45059920389196, "spark.shuffle.file.buffer": 17.166872733973054}, "datetime": {"datetime": "2022-01-07 16:22:07", "elapsed": 0.445635, "delta": 0.024905}}
{"target": -2812.8486100000014, "params": {"spark.default.parallelism": 305.0338422308101, "spark.executor.cores": 0.8472376391092613, "spark.executor.instances": 3.2399999999999975, "spark.executor.memory": 2.4591323515365007, "spark.executor.memoryOverhead": 472.3601542529913, "spark.memory.fraction": 0.5761645322630804, "spark.memory.storageFraction": 0.4624180586436398, "spark.reducer.maxBlocksInFlightPerAddress": 1175115442.5255423, "spark.reducer.maxSizeInFlight": 20.446497684976137, "spark.shuffle.file.buffer": 23.925095816510307}, "datetime": {"datetime": "2022-01-07 16:22:07", "elapsed": 0.469571, "delta": 0.023936}}
{"target": -2793.890780000001, "params": {"spark.default.parallelism": 246.03140997716616, "spark.executor.cores": 1.8484419738912816, "spark.executor.instances": 3.945793450721212, "spark.executor.memory": 4.13744965914873, "spark.executor.memoryOverhead": 509.73534345765677, "spark.memory.fraction": 0.45422278925936155, "spark.memory.storageFraction": 0.4050000000000001, "spark.reducer.maxBlocksInFlightPerAddress": 1363397012.73285, "spark.reducer.maxSizeInFlight": 28.009446610685234, "spark.shuffle.file.buffer": 30.45580858056919}, "datetime": {"datetime": "2022-01-07 16:22:07", "elapsed": 0.493507, "delta": 0.023936}}
{"target": -2795.8368300000006, "params": {"spark.default.parallelism": 303.3651781524655, "spark.executor.cores": 1.1260499642806856, "spark.executor.instances": 3.2808468253609777, "spark.executor.memory": 2.829255527629914, "spark.executor.memoryOverhead": 522.1802940375364, "spark.memory.fraction": 0.5812079568140838, "spark.memory.storageFraction": 0.4547603690611416, "spark.reducer.maxBlocksInFlightPerAddress": 1163394864.1595268, "spark.reducer.maxSizeInFlight": 20.308022403262214, "spark.shuffle.file.buffer": 25.12723102766249}, "datetime": {"datetime": "2022-01-07 16:22:07", "elapsed": 0.517443, "delta": 0.023936}}
{"target": -2820.4344900000015, "params": {"spark.default.parallelism": 264.3628789141258, "spark.executor.cores": 0.8567599267691971, "spark.executor.instances": 4.446020367216548, "spark.executor.memory": 2.459164648063874, "spark.executor.memoryOverhead": 395.865344445802, "spark.memory.fraction": 0.4050000000000001, "spark.memory.storageFraction": 0.5846555791545598, "spark.reducer.maxBlocksInFlightPerAddress": 1137981613.1874995, "spark.reducer.maxSizeInFlight": 37.97069838932105, "spark.shuffle.file.buffer": 20.15149015082876}, "datetime": {"datetime": "2022-01-07 16:22:07", "elapsed": 0.542376, "delta": 0.024933}}
{"target": -2851.225670000001, "params": {"spark.default.parallelism": 167.60404842174302, "spark.executor.cores": 1.3761588682927601, "spark.executor.instances": 4.800429778617904, "spark.executor.memory": 3.290133467079356, "spark.executor.memoryOverhead": 355.65114238822457, "spark.memory.fraction": 0.41195238464779116, "spark.memory.storageFraction": 0.5297456609462449, "spark.reducer.maxBlocksInFlightPerAddress": 869730876.6300004, "spark.reducer.maxSizeInFlight": 44.06749793124803, "spark.shuffle.file.buffer": 13.53265211380192}, "datetime": {"datetime": "2022-01-07 16:22:07", "elapsed": 0.56634, "delta": 0.023964}}
{"target": -2851.225670000001, "params": {"spark.default.parallelism": 177.38443864663688, "spark.executor.cores": 1.6524330199964274, "spark.executor.instances": 3.2399999999999967, "spark.executor.memory": 3.9875572456069652, "spark.executor.memoryOverhead": 314.24412545408677, "spark.memory.fraction": 0.5298327573525697, "spark.memory.storageFraction": 0.4411298892575084, "spark.reducer.maxBlocksInFlightPerAddress": 972051670.9080282, "spark.reducer.maxSizeInFlight": 23.306105692270368, "spark.shuffle.file.buffer": 14.974760687887448}, "datetime": {"datetime": "2022-01-07 16:22:07", "elapsed": 0.591245, "delta": 0.024905}}
{"target": -2802.886770000001, "params": {"spark.default.parallelism": 236.7109844006245, "spark.executor.cores": 1.2273424599242124, "spark.executor.instances": 4.967852696099914, "spark.executor.memory": 3.377877547047831, "spark.executor.memoryOverhead": 414.0136277976473, "spark.memory.fraction": 0.40499999999999997, "spark.memory.storageFraction": 0.5591137606353918, "spark.reducer.maxBlocksInFlightPerAddress": 869730876.63, "spark.reducer.maxSizeInFlight": 41.449762492269635, "spark.shuffle.file.buffer": 31.009694542234968}, "datetime": {"datetime": "2022-01-07 16:22:07", "elapsed": 0.615181, "delta": 0.023936}}
{"target": -2794.742560000001, "params": {"spark.default.parallelism": 208.6181696997233, "spark.executor.cores": 1.7812548617377573, "spark.executor.instances": 4.241457303960742, "spark.executor.memory": 3.0088652010936325, "spark.executor.memoryOverhead": 341.52616757969633, "spark.memory.fraction": 0.46718767409288303, "spark.memory.storageFraction": 0.4226654458994184, "spark.reducer.maxBlocksInFlightPerAddress": 1334610384.1800234, "spark.reducer.maxSizeInFlight": 20.3818077329238, "spark.shuffle.file.buffer": 22.545525464865296}, "datetime": {"datetime": "2022-01-07 16:22:07", "elapsed": 0.640115, "delta": 0.024934}}
{"target": -2799.510530000001, "params": {"spark.default.parallelism": 259.08448652492905, "spark.executor.cores": 1.3179128855311069, "spark.executor.instances": 3.239999999999999, "spark.executor.memory": 3.759864179506589, "spark.executor.memoryOverhead": 311.46746807332266, "spark.memory.fraction": 0.5423543049948355, "spark.memory.storageFraction": 0.4050000000000001, "spark.reducer.maxBlocksInFlightPerAddress": 1073762190.4575193, "spark.reducer.maxSizeInFlight": 28.20163520188116, "spark.shuffle.file.buffer": 18.982655286987583}, "datetime": {"datetime": "2022-01-07 16:22:07", "elapsed": 0.66405, "delta": 0.023935}}
{"target": -2851.8769400000006, "params": {"spark.default.parallelism": 325.4433782264762, "spark.executor.cores": 1.7008637959472468, "spark.executor.instances": 3.878878040410657, "spark.executor.memory": 4.275936344008506, "spark.executor.memoryOverhead": 473.7094008134064, "spark.memory.fraction": 0.4215629280655208, "spark.memory.storageFraction": 0.44531354638225107, "spark.reducer.maxBlocksInFlightPerAddress": 1163341010.728349, "spark.reducer.maxSizeInFlight": 38.28657239554151, "spark.shuffle.file.buffer": 14.116064870698779}, "datetime": {"datetime": "2022-01-07 16:22:07", "elapsed": 0.688984, "delta": 0.024934}}
{"target": -2864.535020000001, "params": {"spark.default.parallelism": 166.20889211149637, "spark.executor.cores": 0.8407903477551937, "spark.executor.instances": 3.473291672005065, "spark.executor.memory": 2.4454463924761893, "spark.executor.memoryOverhead": 520.4076814925746, "spark.memory.fraction": 0.5257190976411669, "spark.memory.storageFraction": 0.5146122913604488, "spark.reducer.maxBlocksInFlightPerAddress": 946124520.7370272, "spark.reducer.maxSizeInFlight": 21.152595767693338, "spark.shuffle.file.buffer": 13.143471371986267}, "datetime": {"datetime": "2022-01-07 16:22:07", "elapsed": 0.713917, "delta": 0.024933}}
{"target": -2811.666330000001, "params": {"spark.default.parallelism": 471.7347958176224, "spark.executor.cores": 1.4158234970816053, "spark.executor.instances": 6.7021902652564265, "spark.executor.memory": 6.307245827387211, "spark.executor.memoryOverhead": 512.8708848319183, "spark.memory.fraction": 0.5002018501106356, "spark.memory.storageFraction": 0.7529280134151459, "spark.reducer.maxBlocksInFlightPerAddress": 2027727390.8450725, "spark.reducer.maxSizeInFlight": 60.16555453095418, "spark.shuffle.file.buffer": 25.13734788014303}, "datetime": {"datetime": "2022-01-07 16:22:07", "elapsed": 0.948735, "delta": 0.234818}}
{"target": -2797.238750000002, "params": {"spark.default.parallelism": 486.2394357576476, "spark.executor.cores": 1.1541914177210235, "spark.executor.instances": 6.671555755962629, "spark.executor.memory": 6.093578670722904, "spark.executor.memoryOverhead": 597.20764129425, "spark.memory.fraction": 0.566908767886981, "spark.memory.storageFraction": 0.549952090389277, "spark.reducer.maxBlocksInFlightPerAddress": 1355843577.2816215, "spark.reducer.maxSizeInFlight": 25.570597125766916, "spark.shuffle.file.buffer": 35.34356290352122}, "datetime": {"datetime": "2022-01-07 16:22:07", "elapsed": 1.054452, "delta": 0.105717}}
{"target": -2797.241660000001, "params": {"spark.default.parallelism": 259.4437759444374, "spark.executor.cores": 1.2554502399096221, "spark.executor.instances": 7.265254336046729, "spark.executor.memory": 3.1899851385031064, "spark.executor.memoryOverhead": 698.1918412280252, "spark.memory.fraction": 0.6570557713440976, "spark.memory.storageFraction": 0.6682778564579037, "spark.reducer.maxBlocksInFlightPerAddress": 1175114449.8248832, "spark.reducer.maxSizeInFlight": 38.6878720462156, "spark.shuffle.file.buffer": 35.48357544943178}, "datetime": {"datetime": "2022-01-07 16:22:07", "elapsed": 1.147204, "delta": 0.092752}}
{"target": -2797.7116200000005, "params": {"spark.default.parallelism": 264.4736670645833, "spark.executor.cores": 1.3288745362748648, "spark.executor.instances": 7.5065829980374055, "spark.executor.memory": 4.475371599862085, "spark.executor.memoryOverhead": 780.2025874818409, "spark.memory.fraction": 0.8921750981200893, "spark.memory.storageFraction": 0.5731323356747399, "spark.reducer.maxBlocksInFlightPerAddress": 1163394730.1604066, "spark.reducer.maxSizeInFlight": 70.84740073144546, "spark.shuffle.file.buffer": 34.49320612315825}, "datetime": {"datetime": "2022-01-07 16:22:07", "elapsed": 1.247935, "delta": 0.100731}}
{"target": -2807.822400000001, "params": {"spark.default.parallelism": 280.45195687695133, "spark.executor.cores": 1.243244999059367, "spark.executor.instances": 6.491444310510021, "spark.executor.memory": 4.724482082144515, "spark.executor.memoryOverhead": 587.6287890158578, "spark.memory.fraction": 0.6934385279716476, "spark.memory.storageFraction": 0.5894932200870144, "spark.reducer.maxBlocksInFlightPerAddress": 2112623908.705553, "spark.reducer.maxSizeInFlight": 39.38805184459612, "spark.shuffle.file.buffer": 38.39361373640864}, "datetime": {"datetime": "2022-01-07 16:22:07", "elapsed": 1.354649, "delta": 0.106714}}
