{"target": -232.65, "params": {"spark.broadcast.blockSize": 44.79269128628548, "spark.broadcast.checksum": 0.7582473427776136, "spark.broadcast.compress": 0.4456934421179036, "spark.default.parallelism": 456.07281257280135, "spark.executor.cores": 3.574395887942236, "spark.executor.instances": 4.189555082027039, "spark.executor.memory": 5.118580860475495, "spark.executor.memoryOverhead": 393.10228611763387, "spark.kryoserializer.buffer": 32.54010668542857, "spark.kryoserializer.buffer.max": 46.00640026464967, "spark.locality.wait": 4.584142236809792, "spark.maxRemoteBlockSizeFetchToMem": 1699799802.8575706, "spark.memory.fraction": 0.696556528861485, "spark.memory.offHeap.enabled": 0.6969391559284323, "spark.memory.offHeap.size": 853.3042273049039, "spark.memory.storageFraction": 0.8604371251075872, "spark.rdd.compress": 0.133233687755132, "spark.reducer.maxBlocksInFlightPerAddress": 1369230353.5796573, "spark.reducer.maxReqsInFlight": 1277452586.0514226, "spark.reducer.maxSizeInFlight": 49.18236663077978, "spark.scheduler.mode": 0.985664686769444, "spark.scheduler.revive.interval": 632.1103039657928, "spark.shuffle.compress": 0.460663378678452, "spark.shuffle.file.buffer": 35.83741939853762, "spark.shuffle.io.numConnectionsPerPeer": 2.7760496113816093, "spark.shuffle.sort.bypassMergeThreshold": 224.55526360875814, "spark.storage.memoryFraction": 0.8469518895367185, "spark.storage.memoryMapThreshold": 2.444076839824538}, "datetime": {"datetime": "2022-01-08 02:02:25", "elapsed": 18163.023014, "delta": 241.061288}}
{"target": -662.13, "params": {"spark.broadcast.blockSize": 56.51120980588517, "spark.broadcast.checksum": 0.26138113744574365, "spark.broadcast.compress": 0.5886491072766089, "spark.default.parallelism": 344.7645136651787, "spark.executor.cores": 1.380720153442942, "spark.executor.instances": 4.254119748535165, "spark.executor.memory": 6.710983845233293, "spark.executor.memoryOverhead": 843.4774759265565, "spark.kryoserializer.buffer": 42.683343978335714, "spark.kryoserializer.buffer.max": 112.06047641445116, "spark.locality.wait": 7.348836294375342, "spark.maxRemoteBlockSizeFetchToMem": 1382666731.6557837, "spark.memory.fraction": 0.560371076095237, "spark.memory.offHeap.enabled": 0.31199467024090377, "spark.memory.offHeap.size": 594.1827028308749, "spark.memory.storageFraction": 0.6223957950534432, "spark.rdd.compress": 0.553361994241808, "spark.reducer.maxBlocksInFlightPerAddress": 1081194299.5244517, "spark.reducer.maxReqsInFlight": 1489918152.2067184, "spark.reducer.maxSizeInFlight": 48.516623823335934, "spark.scheduler.mode": 0.390159454066487, "spark.scheduler.revive.interval": 529.825681457787, "spark.shuffle.compress": 0.4381922003538873, "spark.shuffle.file.buffer": 39.98026015639626, "spark.shuffle.io.numConnectionsPerPeer": 2.635084332996791, "spark.shuffle.sort.bypassMergeThreshold": 327.9630335947006, "spark.storage.memoryFraction": 0.8987912747268441, "spark.storage.memoryMapThreshold": 1.7756805303572603}, "datetime": {"datetime": "2022-01-08 02:13:35", "elapsed": 18833.400892, "delta": 670.377878}}
{"target": -249.261, "params": {"spark.broadcast.blockSize": 56.80602050496147, "spark.broadcast.checksum": 0.9974222146029782, "spark.broadcast.compress": 0.4932114331403544, "spark.default.parallelism": 464.27913068220585, "spark.executor.cores": 2.8075496420866997, "spark.executor.instances": 5.22547364645682, "spark.executor.memory": 4.863643210305545, "spark.executor.memoryOverhead": 641.9014264822739, "spark.kryoserializer.buffer": 103.2189050157635, "spark.kryoserializer.buffer.max": 72.81785607407713, "spark.locality.wait": 8.602380481810911, "spark.maxRemoteBlockSizeFetchToMem": 1632475189.850196, "spark.memory.fraction": 0.7869831030671444, "spark.memory.offHeap.enabled": 0.06814707784002505, "spark.memory.offHeap.size": 921.4819496676, "spark.memory.storageFraction": 0.5073737039294346, "spark.rdd.compress": 0.9378989795885755, "spark.reducer.maxBlocksInFlightPerAddress": 1570370550.6525886, "spark.reducer.maxReqsInFlight": 1527261902.3718486, "spark.reducer.maxSizeInFlight": 57.40476305327255, "spark.scheduler.mode": 0.1189112110230387, "spark.scheduler.revive.interval": 797.4087394254356, "spark.shuffle.compress": 0.9549104760720956, "spark.shuffle.file.buffer": 17.443411644928833, "spark.shuffle.io.numConnectionsPerPeer": 3.0767322641514827, "spark.shuffle.sort.bypassMergeThreshold": 152.55580083156818, "spark.storage.memoryFraction": 0.607190690786634, "spark.storage.memoryMapThreshold": 2.7998493874625723}, "datetime": {"datetime": "2022-01-08 02:17:53", "elapsed": 19091.093957, "delta": 257.693065}}
{"target": -347.52, "params": {"spark.broadcast.blockSize": 34.29799465722658, "spark.broadcast.checksum": 0.49515205257385964, "spark.broadcast.compress": 0.2698264211828373, "spark.default.parallelism": 221.58537179614146, "spark.executor.cores": 2.071253138676596, "spark.executor.instances": 4.828116266596911, "spark.executor.memory": 4.740406763659914, "spark.executor.memoryOverhead": 786.0901695776502, "spark.kryoserializer.buffer": 74.23255155380508, "spark.kryoserializer.buffer.max": 40.065454852652245, "spark.locality.wait": 4.569853224646941, "spark.maxRemoteBlockSizeFetchToMem": 2042513981.8074617, "spark.memory.fraction": 0.7293236758785611, "spark.memory.offHeap.enabled": 0.5025962985174229, "spark.memory.offHeap.size": 598.624510499855, "spark.memory.storageFraction": 0.8976554247959904, "spark.rdd.compress": 0.021487516967274245, "spark.reducer.maxBlocksInFlightPerAddress": 1723682821.875235, "spark.reducer.maxReqsInFlight": 1095490604.4535162, "spark.reducer.maxSizeInFlight": 43.54822951411219, "spark.scheduler.mode": 0.6634544975654095, "spark.scheduler.revive.interval": 551.3975886531209, "spark.shuffle.compress": 0.8413950988925184, "spark.shuffle.file.buffer": 41.19837968868988, "spark.shuffle.io.numConnectionsPerPeer": 3.0701605921579924, "spark.shuffle.sort.bypassMergeThreshold": 325.7958255485575, "spark.storage.memoryFraction": 0.5139896471688481, "spark.storage.memoryMapThreshold": 1.7403084130253013}, "datetime": {"datetime": "2022-01-08 02:23:49", "elapsed": 19447.172398, "delta": 356.078441}}
{"target": -462.731, "params": {"spark.broadcast.blockSize": 52.42060274669462, "spark.broadcast.checksum": 0.21092811132486267, "spark.broadcast.compress": 0.19456371349111112, "spark.default.parallelism": 294.58636673149897, "spark.executor.cores": 1.4623040248255657, "spark.executor.instances": 5.974320270984011, "spark.executor.memory": 6.005092969915591, "spark.executor.memoryOverhead": 758.0220729894892, "spark.kryoserializer.buffer": 94.65615384406848, "spark.kryoserializer.buffer.max": 112.0400770635553, "spark.locality.wait": 6.92948744206845, "spark.maxRemoteBlockSizeFetchToMem": 1903146784.9677613, "spark.memory.fraction": 0.5875724511488496, "spark.memory.offHeap.enabled": 0.8625193186172089, "spark.memory.offHeap.size": 741.946674709149, "spark.memory.storageFraction": 0.8242588056520308, "spark.rdd.compress": 0.2700225102839132, "spark.reducer.maxBlocksInFlightPerAddress": 1978026088.7948287, "spark.reducer.maxReqsInFlight": 1312698177.9290576, "spark.reducer.maxSizeInFlight": 38.12931700009494, "spark.scheduler.mode": 0.40590643850032426, "spark.scheduler.revive.interval": 940.1447755045449, "spark.shuffle.compress": 0.11843941187359264, "spark.shuffle.file.buffer": 46.2434210002416, "spark.shuffle.io.numConnectionsPerPeer": 4.051013741595571, "spark.shuffle.sort.bypassMergeThreshold": 244.5804750731283, "spark.storage.memoryFraction": 0.7504588124384965, "spark.storage.memoryMapThreshold": 2.8293321557557474}, "datetime": {"datetime": "2022-01-08 02:31:39", "elapsed": 19917.977797, "delta": 470.805399}}
{"target": -528.012, "params": {"spark.broadcast.blockSize": 37.445847340910845, "spark.broadcast.checksum": 0.9729477630651214, "spark.broadcast.compress": 0.10420221570278365, "spark.default.parallelism": 337.86898797190565, "spark.executor.cores": 1.076713105436141, "spark.executor.instances": 4.891019588596498, "spark.executor.memory": 6.8008081492829255, "spark.executor.memoryOverhead": 791.8984551084691, "spark.kryoserializer.buffer": 112.10096429837657, "spark.kryoserializer.buffer.max": 66.42753790680499, "spark.locality.wait": 6.903791081777801, "spark.maxRemoteBlockSizeFetchToMem": 2076325082.4622486, "spark.memory.fraction": 0.5579248895850109, "spark.memory.offHeap.enabled": 0.19553186400626354, "spark.memory.offHeap.size": 1016.2416240956862, "spark.memory.storageFraction": 0.6211036521525919, "spark.rdd.compress": 0.9503073136465862, "spark.reducer.maxBlocksInFlightPerAddress": 1756522382.822524, "spark.reducer.maxReqsInFlight": 1403753206.932006, "spark.reducer.maxSizeInFlight": 26.931702896199873, "spark.scheduler.mode": 0.16740377849895305, "spark.scheduler.revive.interval": 604.1866068828502, "spark.shuffle.compress": 0.012683658150001054, "spark.shuffle.file.buffer": 32.58559402106543, "spark.shuffle.io.numConnectionsPerPeer": 1.1440175281585052, "spark.shuffle.sort.bypassMergeThreshold": 161.47042662682247, "spark.storage.memoryFraction": 0.7679304753430989, "spark.storage.memoryMapThreshold": 3.578327155790718}, "datetime": {"datetime": "2022-01-08 02:40:36", "elapsed": 20454.460608, "delta": 536.482811}}
{"target": -298.275, "params": {"spark.broadcast.blockSize": 63.66493122859442, "spark.broadcast.checksum": 0.2819201349154976, "spark.broadcast.compress": 0.33541885570430074, "spark.default.parallelism": 208.2984492006774, "spark.executor.cores": 2.469966858267358, "spark.executor.instances": 6.483660071506141, "spark.executor.memory": 4.997624550814365, "spark.executor.memoryOverhead": 494.6435362956059, "spark.kryoserializer.buffer": 53.514254668391246, "spark.kryoserializer.buffer.max": 78.17240765411972, "spark.locality.wait": 5.7456545443906, "spark.maxRemoteBlockSizeFetchToMem": 2142310186.0852509, "spark.memory.fraction": 0.5715196071718602, "spark.memory.offHeap.enabled": 0.1651938088120305, "spark.memory.offHeap.size": 517.0150734422339, "spark.memory.storageFraction": 0.671473904155955, "spark.rdd.compress": 0.02287673505457788, "spark.reducer.maxBlocksInFlightPerAddress": 1143071375.192769, "spark.reducer.maxReqsInFlight": 1256646359.9116569, "spark.reducer.maxSizeInFlight": 51.893927407981586, "spark.scheduler.mode": 0.3976471165381622, "spark.scheduler.revive.interval": 695.7086826491104, "spark.shuffle.compress": 0.609995852132981, "spark.shuffle.file.buffer": 24.877597182376526, "spark.shuffle.io.numConnectionsPerPeer": 3.8550775066641263, "spark.shuffle.sort.bypassMergeThreshold": 321.73405353458213, "spark.storage.memoryFraction": 0.7851866344153736, "spark.storage.memoryMapThreshold": 3.546464809666803}, "datetime": {"datetime": "2022-01-08 02:45:43", "elapsed": 20761.168955, "delta": 306.708347}}
{"target": -239.261, "params": {"spark.broadcast.blockSize": 33.131156468231794, "spark.broadcast.checksum": 0.6097314661242702, "spark.broadcast.compress": 0.4746119863504268, "spark.default.parallelism": 293.43062146969714, "spark.executor.cores": 3.5767723825247657, "spark.executor.instances": 5.649104350159391, "spark.executor.memory": 6.266493355205872, "spark.executor.memoryOverhead": 782.2844017213406, "spark.kryoserializer.buffer": 77.06125943113204, "spark.kryoserializer.buffer.max": 112.87565709571419, "spark.locality.wait": 4.613213928411507, "spark.maxRemoteBlockSizeFetchToMem": 1248810953.1349967, "spark.memory.fraction": 0.544797115708925, "spark.memory.offHeap.enabled": 0.5792596955186884, "spark.memory.offHeap.size": 901.2465992371076, "spark.memory.storageFraction": 0.7207845950353242, "spark.rdd.compress": 0.7021561388145676, "spark.reducer.maxBlocksInFlightPerAddress": 2133522580.2582386, "spark.reducer.maxReqsInFlight": 1221650198.7481332, "spark.reducer.maxSizeInFlight": 30.070106235465815, "spark.scheduler.mode": 0.7787848636048231, "spark.scheduler.revive.interval": 778.5108168122314, "spark.shuffle.compress": 0.20540374786163662, "spark.shuffle.file.buffer": 27.988100884292585, "spark.shuffle.io.numConnectionsPerPeer": 1.19738601926082, "spark.shuffle.sort.bypassMergeThreshold": 348.6077691036435, "spark.storage.memoryFraction": 0.8991842465619941, "spark.storage.memoryMapThreshold": 2.7677432864458593}, "datetime": {"datetime": "2022-01-08 02:49:51", "elapsed": 21009.026258, "delta": 247.857303}}
