{"target": -351.977, "params": {"spark.broadcast.blockSize": 35.96689137807068, "spark.broadcast.checksum": 0.51296560983528, "spark.broadcast.compress": 0.7544509811756315, "spark.default.parallelism": 327.4358300878174, "spark.executor.cores": 1.5793381473568295, "spark.executor.instances": 3.679645336519159, "spark.executor.memory": 3.1709425991774234, "spark.executor.memoryOverhead": 507.82891803625495, "spark.kryoserializer.buffer": 79.51333429329699, "spark.kryoserializer.buffer.max": 37.467807591104766, "spark.locality.wait": 6.2453810805010015, "spark.maxRemoteBlockSizeFetchToMem": 892410857.8369462, "spark.memory.fraction": 0.4575154293550535, "spark.memory.offHeap.enabled": 0.18432211843251714, "spark.memory.offHeap.size": 414.7200000000001, "spark.memory.storageFraction": 0.5917436271676748, "spark.rdd.compress": 0.014208288323418623, "spark.reducer.maxBlocksInFlightPerAddress": 1293480651.8525121, "spark.reducer.maxReqsInFlight": 1125657032.6096833, "spark.reducer.maxSizeInFlight": 47.0624135637035, "spark.scheduler.mode": 0.303035948375928, "spark.scheduler.revive.interval": 420.14019169381856, "spark.shuffle.compress": 0.031986870030230194, "spark.shuffle.file.buffer": 13.939410653073661, "spark.shuffle.io.numConnectionsPerPeer": 4.46618303291914, "spark.shuffle.sort.bypassMergeThreshold": 121.5, "spark.storage.memoryFraction": 0.8448622569292954, "spark.storage.memoryMapThreshold": 1.5447369931006796}, "datetime": {"datetime": "2022-01-08 00:43:34", "elapsed": 13432.182457, "delta": 360.21202}}
{"target": -488.182, "params": {"spark.broadcast.blockSize": 25.92, "spark.broadcast.checksum": 0.7898013644977289, "spark.broadcast.compress": 0.5430004967322004, "spark.default.parallelism": 295.5250179264522, "spark.executor.cores": 2.2299241547767767, "spark.executor.instances": 3.247587058508082, "spark.executor.memory": 3.5757885625850636, "spark.executor.memoryOverhead": 464.05095740604514, "spark.kryoserializer.buffer": 40.91806283651129, "spark.kryoserializer.buffer.max": 52.22195373964046, "spark.locality.wait": 4.9001830311368275, "spark.maxRemoteBlockSizeFetchToMem": 869730669.2700005, "spark.memory.fraction": 0.4050000000000001, "spark.memory.offHeap.enabled": 0.11178545975975519, "spark.memory.offHeap.size": 488.6080220163514, "spark.memory.storageFraction": 0.8591081691079232, "spark.rdd.compress": 0.5733397788460798, "spark.reducer.maxBlocksInFlightPerAddress": 1348517203.321629, "spark.reducer.maxReqsInFlight": 903834204.7909611, "spark.reducer.maxSizeInFlight": 28.755899873187822, "spark.scheduler.mode": 0.07626501061604293, "spark.scheduler.revive.interval": 646.1422768962482, "spark.shuffle.compress": 0.5905097856971494, "spark.shuffle.file.buffer": 25.410333311907735, "spark.shuffle.io.numConnectionsPerPeer": 3.067500002848098, "spark.shuffle.sort.bypassMergeThreshold": 146.51328498357827, "spark.storage.memoryFraction": 0.7489445980699139, "spark.storage.memoryMapThreshold": 2.4789740563278295}, "datetime": {"datetime": "2022-01-08 00:51:50", "elapsed": 13928.488043, "delta": 496.305586}}
{"target": -483.596, "params": {"spark.broadcast.blockSize": 42.69800263496549, "spark.broadcast.checksum": 0.44286753359562014, "spark.broadcast.compress": 0.41466368393251307, "spark.default.parallelism": 466.9070379214288, "spark.executor.cores": 1.4478287930006604, "spark.executor.instances": 5.890848106353566, "spark.executor.memory": 6.667159340471782, "spark.executor.memoryOverhead": 462.87184280263455, "spark.kryoserializer.buffer": 103.047663060921, "spark.kryoserializer.buffer.max": 39.08384632615591, "spark.locality.wait": 8.4115758818769, "spark.maxRemoteBlockSizeFetchToMem": 1813731533.5624638, "spark.memory.fraction": 0.7243995789531286, "spark.memory.offHeap.enabled": 0.336697923377164, "spark.memory.offHeap.size": 764.054409385673, "spark.memory.storageFraction": 0.7650672639566163, "spark.rdd.compress": 0.42383241965400764, "spark.reducer.maxBlocksInFlightPerAddress": 1252305160.4805112, "spark.reducer.maxReqsInFlight": 1633903895.5887423, "spark.reducer.maxSizeInFlight": 32.92308096400761, "spark.scheduler.mode": 0.46343223752642193, "spark.scheduler.revive.interval": 915.6185539410122, "spark.shuffle.compress": 0.4994145954589504, "spark.shuffle.file.buffer": 46.01337468186716, "spark.shuffle.io.numConnectionsPerPeer": 4.315110658029481, "spark.shuffle.sort.bypassMergeThreshold": 213.31314285400776, "spark.storage.memoryFraction": 0.6294539110970194, "spark.storage.memoryMapThreshold": 3.10380373560582}, "datetime": {"datetime": "2022-01-08 01:00:02", "elapsed": 14420.400547, "delta": 491.912504}}
{"target": -336.421, "params": {"spark.broadcast.blockSize": 39.29136874959889, "spark.broadcast.checksum": 0.8552955786147312, "spark.broadcast.compress": 0.01271744593157964, "spark.default.parallelism": 496.4104716103207, "spark.executor.cores": 1.5245652200894675, "spark.executor.instances": 4.834690847107545, "spark.executor.memory": 5.497990341076824, "spark.executor.memoryOverhead": 701.7245110421968, "spark.kryoserializer.buffer": 117.87948536819005, "spark.kryoserializer.buffer.max": 84.17183165379129, "spark.locality.wait": 4.529462298962157, "spark.maxRemoteBlockSizeFetchToMem": 2141502312.3174834, "spark.memory.fraction": 0.6676477706280776, "spark.memory.offHeap.enabled": 0.2433656375758504, "spark.memory.offHeap.size": 991.1287925515685, "spark.memory.storageFraction": 0.8219022848246866, "spark.rdd.compress": 0.3230236094774014, "spark.reducer.maxBlocksInFlightPerAddress": 1335023522.8657217, "spark.reducer.maxReqsInFlight": 1258645690.3241339, "spark.reducer.maxSizeInFlight": 56.66525647631093, "spark.scheduler.mode": 0.776601914454936, "spark.scheduler.revive.interval": 550.0765766936768, "spark.shuffle.compress": 0.41520488303521974, "spark.shuffle.file.buffer": 45.87275396472616, "spark.shuffle.io.numConnectionsPerPeer": 2.5087527992952166, "spark.shuffle.sort.bypassMergeThreshold": 297.41551509945214, "spark.storage.memoryFraction": 0.564047668368123, "spark.storage.memoryMapThreshold": 1.1839415018177624}, "datetime": {"datetime": "2022-01-08 01:05:47", "elapsed": 14765.179761, "delta": 344.779214}}
{"target": -356.41, "params": {"spark.broadcast.blockSize": 39.21571175227828, "spark.broadcast.checksum": 0.6454821194614513, "spark.broadcast.compress": 0.20209233971971563, "spark.default.parallelism": 495.7010580798408, "spark.executor.cores": 2.4108073491656636, "spark.executor.instances": 4.024464633666851, "spark.executor.memory": 3.1759735205904644, "spark.executor.memoryOverhead": 471.8394614016671, "spark.kryoserializer.buffer": 65.53446739527894, "spark.kryoserializer.buffer.max": 45.3587983221079, "spark.locality.wait": 5.074889501584078, "spark.maxRemoteBlockSizeFetchToMem": 1588333417.8779688, "spark.memory.fraction": 0.7768411325142283, "spark.memory.offHeap.enabled": 0.23227513597438032, "spark.memory.offHeap.size": 905.2323966140219, "spark.memory.storageFraction": 0.7494014113276579, "spark.rdd.compress": 0.7060617055077727, "spark.reducer.maxBlocksInFlightPerAddress": 1338190930.6175005, "spark.reducer.maxReqsInFlight": 1643421054.7978363, "spark.reducer.maxSizeInFlight": 56.97998824163007, "spark.scheduler.mode": 0.3653287891400979, "spark.scheduler.revive.interval": 921.9781071708608, "spark.shuffle.compress": 0.032006903739873915, "spark.shuffle.file.buffer": 28.073335946196483, "spark.shuffle.io.numConnectionsPerPeer": 3.762214605072419, "spark.shuffle.sort.bypassMergeThreshold": 164.6005729306362, "spark.storage.memoryFraction": 0.7495863951252018, "spark.storage.memoryMapThreshold": 2.788685460389834}, "datetime": {"datetime": "2022-01-08 01:11:52", "elapsed": 15130.050809, "delta": 364.871048}}
{"target": -537.915, "params": {"spark.broadcast.blockSize": 60.00646883145002, "spark.broadcast.checksum": 0.6245142548669963, "spark.broadcast.compress": 0.34041621735649985, "spark.default.parallelism": 220.76268643767517, "spark.executor.cores": 1.0296166563964038, "spark.executor.instances": 5.139558564605326, "spark.executor.memory": 4.62345052161086, "spark.executor.memoryOverhead": 640.1852743060856, "spark.kryoserializer.buffer": 96.70295846556331, "spark.kryoserializer.buffer.max": 39.034061288582976, "spark.locality.wait": 4.776958418282345, "spark.maxRemoteBlockSizeFetchToMem": 1361453621.9922307, "spark.memory.fraction": 0.5956197061026581, "spark.memory.offHeap.enabled": 0.12741829672218485, "spark.memory.offHeap.size": 527.3894561472247, "spark.memory.storageFraction": 0.6838463428736259, "spark.rdd.compress": 0.3399409142902785, "spark.reducer.maxBlocksInFlightPerAddress": 1815933848.481627, "spark.reducer.maxReqsInFlight": 1076700252.294661, "spark.reducer.maxSizeInFlight": 25.837527924968853, "spark.scheduler.mode": 0.49427865219909783, "spark.scheduler.revive.interval": 717.5644042348961, "spark.shuffle.compress": 0.8890068557684088, "spark.shuffle.file.buffer": 30.236955306610348, "spark.shuffle.io.numConnectionsPerPeer": 4.554112289936203, "spark.shuffle.sort.bypassMergeThreshold": 235.94089246769843, "spark.storage.memoryFraction": 0.5505848255125019, "spark.storage.memoryMapThreshold": 3.9448650826814715}, "datetime": {"datetime": "2022-01-08 01:20:58", "elapsed": 15676.288509, "delta": 546.2377}}
{"target": -236.066, "params": {"spark.broadcast.blockSize": 34.573861727958445, "spark.broadcast.checksum": 0.34197865635903857, "spark.broadcast.compress": 0.5970484331163265, "spark.default.parallelism": 230.43944675619358, "spark.executor.cores": 2.6820386363997435, "spark.executor.instances": 5.602342157929431, "spark.executor.memory": 6.708060389913674, "spark.executor.memoryOverhead": 578.506708548563, "spark.kryoserializer.buffer": 80.6094768754687, "spark.kryoserializer.buffer.max": 61.88894614938552, "spark.locality.wait": 6.771985223908883, "spark.maxRemoteBlockSizeFetchToMem": 1532144755.2326376, "spark.memory.fraction": 0.7899538260281338, "spark.memory.offHeap.enabled": 0.061086380000903606, "spark.memory.offHeap.size": 713.0828779018586, "spark.memory.storageFraction": 0.5451962125670009, "spark.rdd.compress": 0.20142346654988563, "spark.reducer.maxBlocksInFlightPerAddress": 1586723982.5702348, "spark.reducer.maxReqsInFlight": 1897367985.2397645, "spark.reducer.maxSizeInFlight": 32.50958211247623, "spark.scheduler.mode": 0.8568459881363459, "spark.scheduler.revive.interval": 909.8255932031858, "spark.shuffle.compress": 0.7982902496639839, "spark.shuffle.file.buffer": 30.54092913156617, "spark.shuffle.io.numConnectionsPerPeer": 3.929287131654747, "spark.shuffle.sort.bypassMergeThreshold": 242.779383037104, "spark.storage.memoryFraction": 0.6353092552729575, "spark.storage.memoryMapThreshold": 1.3149593936491781}, "datetime": {"datetime": "2022-01-08 01:25:02", "elapsed": 15920.819856, "delta": 244.531347}}
{"target": -201.615, "params": {"spark.broadcast.blockSize": 35.041195139696505, "spark.broadcast.checksum": 0.6661122299056426, "spark.broadcast.compress": 0.33043241534853973, "spark.default.parallelism": 460.2059645257783, "spark.executor.cores": 3.6928520891150827, "spark.executor.instances": 6.586652071006915, "spark.executor.memory": 4.688816174060058, "spark.executor.memoryOverhead": 558.2467687963693, "spark.kryoserializer.buffer": 84.87593013874164, "spark.kryoserializer.buffer.max": 88.89267013829237, "spark.locality.wait": 5.058871068418805, "spark.maxRemoteBlockSizeFetchToMem": 2105340768.629108, "spark.memory.fraction": 0.7116637313154409, "spark.memory.offHeap.enabled": 0.47753540910739145, "spark.memory.offHeap.size": 567.7317580839505, "spark.memory.storageFraction": 0.6041623112810617, "spark.rdd.compress": 0.15088316549889436, "spark.reducer.maxBlocksInFlightPerAddress": 1397839682.2791078, "spark.reducer.maxReqsInFlight": 1548306898.0492744, "spark.reducer.maxSizeInFlight": 34.79187092783013, "spark.scheduler.mode": 0.21482174675919796, "spark.scheduler.revive.interval": 557.94366369541, "spark.shuffle.compress": 0.19190553141429878, "spark.shuffle.file.buffer": 41.28686856191036, "spark.shuffle.io.numConnectionsPerPeer": 4.3829249181563705, "spark.shuffle.sort.bypassMergeThreshold": 339.3112409897227, "spark.storage.memoryFraction": 0.8213132266334572, "spark.storage.memoryMapThreshold": 3.2871933767715458}, "datetime": {"datetime": "2022-01-08 01:28:32", "elapsed": 16130.678617, "delta": 209.858761}}
{"target": -338.353, "params": {"spark.broadcast.blockSize": 36.99985730294102, "spark.broadcast.checksum": 0.6963733698159015, "spark.broadcast.compress": 0.48554304153316674, "spark.default.parallelism": 259.62272263128074, "spark.executor.cores": 1.7470313732877991, "spark.executor.instances": 4.517339107552344, "spark.executor.memory": 5.966954899034727, "spark.executor.memoryOverhead": 391.68742779129104, "spark.kryoserializer.buffer": 78.80859926483976, "spark.kryoserializer.buffer.max": 126.95523004536571, "spark.locality.wait": 8.655362408940329, "spark.maxRemoteBlockSizeFetchToMem": 1952402827.6873746, "spark.memory.fraction": 0.6877689468736174, "spark.memory.offHeap.enabled": 0.10377362851760807, "spark.memory.offHeap.size": 679.7286735591081, "spark.memory.storageFraction": 0.7477498747903377, "spark.rdd.compress": 0.7399641154622864, "spark.reducer.maxBlocksInFlightPerAddress": 2034223944.466217, "spark.reducer.maxReqsInFlight": 1260098715.5666163, "spark.reducer.maxSizeInFlight": 35.43253314071666, "spark.scheduler.mode": 0.988248610260876, "spark.scheduler.revive.interval": 943.2555129345674, "spark.shuffle.compress": 0.17391217947901494, "spark.shuffle.file.buffer": 41.31290794721794, "spark.shuffle.io.numConnectionsPerPeer": 1.0283936474007942, "spark.shuffle.sort.bypassMergeThreshold": 164.00725146810083, "spark.storage.memoryFraction": 0.6651971014666298, "spark.storage.memoryMapThreshold": 1.1746014552478483}, "datetime": {"datetime": "2022-01-08 01:34:19", "elapsed": 16477.521863, "delta": 346.843246}}
{"target": -177.131, "params": {"spark.broadcast.blockSize": 46.15178155667394, "spark.broadcast.checksum": 0.22300408245266734, "spark.broadcast.compress": 0.21396220548550848, "spark.default.parallelism": 452.7195436877587, "spark.executor.cores": 3.941079418105655, "spark.executor.instances": 6.83152973789452, "spark.executor.memory": 5.536365686827618, "spark.executor.memoryOverhead": 755.0862862207886, "spark.kryoserializer.buffer": 118.42986764321516, "spark.kryoserializer.buffer.max": 119.54371539519157, "spark.locality.wait": 9.502312716317727, "spark.maxRemoteBlockSizeFetchToMem": 2028866313.3373299, "spark.memory.fraction": 0.7450845688674345, "spark.memory.offHeap.enabled": 0.4744963392291105, "spark.memory.offHeap.size": 858.2130629536571, "spark.memory.storageFraction": 0.5246140004158728, "spark.rdd.compress": 0.0762882648587827, "spark.reducer.maxBlocksInFlightPerAddress": 2066654418.5409288, "spark.reducer.maxReqsInFlight": 1852885726.2744274, "spark.reducer.maxSizeInFlight": 55.89045618034475, "spark.scheduler.mode": 0.1636864650919032, "spark.scheduler.revive.interval": 652.5743542145883, "spark.shuffle.compress": 0.7679853651990589, "spark.shuffle.file.buffer": 42.62203577471685, "spark.shuffle.io.numConnectionsPerPeer": 3.8917282396733675, "spark.shuffle.sort.bypassMergeThreshold": 288.0063142772488, "spark.storage.memoryFraction": 0.5220586607887058, "spark.storage.memoryMapThreshold": 1.0364990850012845}, "datetime": {"datetime": "2022-01-08 01:37:25", "elapsed": 16663.120711, "delta": 185.598848}}
{"target": -304.01, "params": {"spark.broadcast.blockSize": 36.89858936044217, "spark.broadcast.checksum": 0.6740332181595359, "spark.broadcast.compress": 0.6023600819518459, "spark.default.parallelism": 328.0628775065816, "spark.executor.cores": 1.903218766608925, "spark.executor.instances": 6.071844538954641, "spark.executor.memory": 6.454161358045012, "spark.executor.memoryOverhead": 435.89266027078776, "spark.kryoserializer.buffer": 76.30813452017077, "spark.kryoserializer.buffer.max": 110.39401876608437, "spark.locality.wait": 7.134461306128806, "spark.maxRemoteBlockSizeFetchToMem": 1819861137.502233, "spark.memory.fraction": 0.5307485697095974, "spark.memory.offHeap.enabled": 0.20257533909434977, "spark.memory.offHeap.size": 838.0117427440491, "spark.memory.storageFraction": 0.5336074733492798, "spark.rdd.compress": 0.5878088046305058, "spark.reducer.maxBlocksInFlightPerAddress": 1155220504.6605291, "spark.reducer.maxReqsInFlight": 1506512185.451326, "spark.reducer.maxSizeInFlight": 52.383745772002634, "spark.scheduler.mode": 0.7398570917619255, "spark.scheduler.revive.interval": 943.7895590307069, "spark.shuffle.compress": 0.914698025789232, "spark.shuffle.file.buffer": 18.20061300382922, "spark.shuffle.io.numConnectionsPerPeer": 4.516715742603845, "spark.shuffle.sort.bypassMergeThreshold": 262.07664002902914, "spark.storage.memoryFraction": 0.7991269783875732, "spark.storage.memoryMapThreshold": 3.372354304234049}, "datetime": {"datetime": "2022-01-08 01:42:37", "elapsed": 16975.481477, "delta": 312.360766}}
{"target": -397.09, "params": {"spark.broadcast.blockSize": 57.714208874728065, "spark.broadcast.checksum": 0.5621183320543782, "spark.broadcast.compress": 0.9012984577650459, "spark.default.parallelism": 455.6337583879414, "spark.executor.cores": 2.3987805551896, "spark.executor.instances": 4.236490188116627, "spark.executor.memory": 6.68327050193787, "spark.executor.memoryOverhead": 502.2391845435834, "spark.kryoserializer.buffer": 89.3649994918864, "spark.kryoserializer.buffer.max": 47.60497252476969, "spark.locality.wait": 8.85314778027591, "spark.maxRemoteBlockSizeFetchToMem": 1442599925.8495882, "spark.memory.fraction": 0.8128933714824955, "spark.memory.offHeap.enabled": 0.8048299989593024, "spark.memory.offHeap.size": 751.5856988882483, "spark.memory.storageFraction": 0.7838053564906341, "spark.rdd.compress": 0.9587501818929093, "spark.reducer.maxBlocksInFlightPerAddress": 2027113692.468226, "spark.reducer.maxReqsInFlight": 1703853804.827242, "spark.reducer.maxSizeInFlight": 58.789167177681755, "spark.scheduler.mode": 0.014063770510513884, "spark.scheduler.revive.interval": 814.3073468835156, "spark.shuffle.compress": 0.5664562119768148, "spark.shuffle.file.buffer": 18.54833885769318, "spark.shuffle.io.numConnectionsPerPeer": 4.664178125138108, "spark.shuffle.sort.bypassMergeThreshold": 201.94455651557587, "spark.storage.memoryFraction": 0.8822967594834947, "spark.storage.memoryMapThreshold": 1.6697291518285335}, "datetime": {"datetime": "2022-01-08 01:49:22", "elapsed": 17380.998134, "delta": 405.516657}}
{"target": -193.199, "params": {"spark.broadcast.blockSize": 49.77623250520266, "spark.broadcast.checksum": 0.4081864373472063, "spark.broadcast.compress": 0.7687794521206041, "spark.default.parallelism": 250.28438541813543, "spark.executor.cores": 3.5387303390011393, "spark.executor.instances": 6.383090000159767, "spark.executor.memory": 3.839284207958955, "spark.executor.memoryOverhead": 729.8221512820537, "spark.kryoserializer.buffer": 35.655199295422946, "spark.kryoserializer.buffer.max": 122.67961520356636, "spark.locality.wait": 4.4059099438969485, "spark.maxRemoteBlockSizeFetchToMem": 1962035847.2988856, "spark.memory.fraction": 0.7610466734941015, "spark.memory.offHeap.enabled": 0.9475342505832087, "spark.memory.offHeap.size": 905.3457425393703, "spark.memory.storageFraction": 0.7095709797623814, "spark.rdd.compress": 0.9379753767525841, "spark.reducer.maxBlocksInFlightPerAddress": 1785198528.0454085, "spark.reducer.maxReqsInFlight": 1871390768.5585418, "spark.reducer.maxSizeInFlight": 53.09780498027834, "spark.scheduler.mode": 0.147421610970649, "spark.scheduler.revive.interval": 839.9556562008676, "spark.shuffle.compress": 0.16710084537808667, "spark.shuffle.file.buffer": 40.916221187195745, "spark.shuffle.io.numConnectionsPerPeer": 1.8272213719345491, "spark.shuffle.sort.bypassMergeThreshold": 198.17829804716445, "spark.storage.memoryFraction": 0.6736210615328857, "spark.storage.memoryMapThreshold": 2.9530715285208746}, "datetime": {"datetime": "2022-01-08 01:52:44", "elapsed": 17582.526271, "delta": 201.528137}}
{"target": -331.033, "params": {"spark.broadcast.blockSize": 39.790589290541554, "spark.broadcast.checksum": 0.6646555042763944, "spark.broadcast.compress": 0.18006623088686902, "spark.default.parallelism": 464.00438954059695, "spark.executor.cores": 1.6328757783068553, "spark.executor.instances": 5.198214862793076, "spark.executor.memory": 5.756869615164609, "spark.executor.memoryOverhead": 723.8527592803168, "spark.kryoserializer.buffer": 42.14335857615358, "spark.kryoserializer.buffer.max": 85.12712792684532, "spark.locality.wait": 7.95381862719208, "spark.maxRemoteBlockSizeFetchToMem": 1780072064.2398224, "spark.memory.fraction": 0.740402140854499, "spark.memory.offHeap.enabled": 0.5757904194314161, "spark.memory.offHeap.size": 862.4216717900354, "spark.memory.storageFraction": 0.8069700264602386, "spark.rdd.compress": 0.14518273175694685, "spark.reducer.maxBlocksInFlightPerAddress": 1078050067.0554152, "spark.reducer.maxReqsInFlight": 1469711394.609178, "spark.reducer.maxSizeInFlight": 65.23001053445108, "spark.scheduler.mode": 0.22364796242672802, "spark.scheduler.revive.interval": 871.0167683235582, "spark.shuffle.compress": 0.24574038333893666, "spark.shuffle.file.buffer": 19.678838481396866, "spark.shuffle.io.numConnectionsPerPeer": 4.052207135718568, "spark.shuffle.sort.bypassMergeThreshold": 337.9857950703207, "spark.storage.memoryFraction": 0.6981798483487076, "spark.storage.memoryMapThreshold": 1.0591766249487076}, "datetime": {"datetime": "2022-01-08 01:58:23", "elapsed": 17921.961726, "delta": 339.435455}}
