{"target": -291.984, "params": {"spark.broadcast.blockSize": 25.92, "spark.broadcast.checksum": 0.986615898140165, "spark.broadcast.compress": 0.7023774949348293, "spark.default.parallelism": 323.59855393510963, "spark.executor.cores": 2.1796844995823585, "spark.executor.instances": 7.47677101041395, "spark.executor.memory": 6.197337390410943, "spark.executor.memoryOverhead": 569.3502970945691, "spark.kryoserializer.buffer": 48.124767277553794, "spark.kryoserializer.buffer.max": 63.408212278840296, "spark.locality.wait": 6.442371452881692, "spark.maxRemoteBlockSizeFetchToMem": 980330658.9948106, "spark.memory.fraction": 0.6103744165613892, "spark.memory.offHeap.enabled": 0.6413263020646417, "spark.memory.offHeap.size": 414.72, "spark.memory.storageFraction": 0.8706149668019211, "spark.rdd.compress": 0.5716950927591433, "spark.reducer.maxBlocksInFlightPerAddress": 1286389044.891607, "spark.reducer.maxReqsInFlight": 1389789860.3671398, "spark.reducer.maxSizeInFlight": 48.995354073554296, "spark.scheduler.mode": 0.6453639123869331, "spark.scheduler.revive.interval": 652.149950020384, "spark.shuffle.compress": 0.7175719400835538, "spark.shuffle.file.buffer": 30.642950046483943, "spark.shuffle.io.numConnectionsPerPeer": 4.978718990411011, "spark.shuffle.sort.bypassMergeThreshold": 228.56058354994357, "spark.storage.memoryFraction": 0.5183721311103081, "spark.storage.memoryMapThreshold": 3.7742166687374996}, "datetime": {"datetime": "2022-01-07 22:09:30", "elapsed": 4188.580894, "delta": 300.278559}}
{"target": -668.166, "params": {"spark.broadcast.blockSize": 55.82797731804494, "spark.broadcast.checksum": 0.23631346270637235, "spark.broadcast.compress": 0.6783036009152831, "spark.default.parallelism": 211.88049833994043, "spark.executor.cores": 0.8734113630911299, "spark.executor.instances": 3.7971006144426562, "spark.executor.memory": 6.333741937549206, "spark.executor.memoryOverhead": 380.6455121617056, "spark.kryoserializer.buffer": 68.76180123412746, "spark.kryoserializer.buffer.max": 27.166871629388464, "spark.locality.wait": 4.22159135225765, "spark.maxRemoteBlockSizeFetchToMem": 869730669.2699999, "spark.memory.fraction": 0.5698839834475814, "spark.memory.offHeap.enabled": 0.02649760163544326, "spark.memory.offHeap.size": 506.373455698618, "spark.memory.storageFraction": 0.7066434230435218, "spark.rdd.compress": 0.7645353678984708, "spark.reducer.maxBlocksInFlightPerAddress": 1343382581.7988434, "spark.reducer.maxReqsInFlight": 1273577277.4097536, "spark.reducer.maxSizeInFlight": 31.65389873266921, "spark.scheduler.mode": 0.2583300791652714, "spark.scheduler.revive.interval": 520.789140887904, "spark.shuffle.compress": 0.8097680337907011, "spark.shuffle.file.buffer": 13.713576775208868, "spark.shuffle.io.numConnectionsPerPeer": 4.545586854781955, "spark.shuffle.sort.bypassMergeThreshold": 169.19464573884505, "spark.storage.memoryFraction": 0.5181543606796163, "spark.storage.memoryMapThreshold": 3.7198059954683043}, "datetime": {"datetime": "2022-01-07 22:20:46", "elapsed": 4864.95862, "delta": 676.377726}}
{"target": -635.178, "params": {"spark.broadcast.blockSize": 33.27897984025378, "spark.broadcast.checksum": 0.5026912966165481, "spark.broadcast.compress": 0.31704726311183407, "spark.default.parallelism": 162.0, "spark.executor.cores": 0.81, "spark.executor.instances": 4.200746964915458, "spark.executor.memory": 4.9801633321440795, "spark.executor.memoryOverhead": 508.4253355526769, "spark.kryoserializer.buffer": 52.38162474970011, "spark.kryoserializer.buffer.max": 59.99701600577398, "spark.locality.wait": 6.339275566143923, "spark.maxRemoteBlockSizeFetchToMem": 1275859692.6675458, "spark.memory.fraction": 0.6279936152892117, "spark.memory.offHeap.enabled": 0.8249399439416119, "spark.memory.offHeap.size": 594.6265939516384, "spark.memory.storageFraction": 0.7624879875631458, "spark.rdd.compress": 0.8484483994604414, "spark.reducer.maxBlocksInFlightPerAddress": 1099504088.6429498, "spark.reducer.maxReqsInFlight": 882113565.1922721, "spark.reducer.maxSizeInFlight": 22.65393550756706, "spark.scheduler.mode": 0.11934737210826084, "spark.scheduler.revive.interval": 599.1735049352586, "spark.shuffle.compress": 0.37585046641860087, "spark.shuffle.file.buffer": 26.92650590548815, "spark.shuffle.io.numConnectionsPerPeer": 2.9169622701423368, "spark.shuffle.sort.bypassMergeThreshold": 199.2993024022123, "spark.storage.memoryFraction": 0.588272050788654, "spark.storage.memoryMapThreshold": 1.5815985544806241}, "datetime": {"datetime": "2022-01-07 22:31:30", "elapsed": 5508.386331, "delta": 643.427711}}
{"target": -776.222, "params": {"spark.broadcast.blockSize": 60.53027608819704, "spark.broadcast.checksum": 0.9664124937049307, "spark.broadcast.compress": 0.5096826633547676, "spark.default.parallelism": 303.98721999910106, "spark.executor.cores": 1.085526142240964, "spark.executor.instances": 3.450176814304876, "spark.executor.memory": 3.4283397699163727, "spark.executor.memoryOverhead": 482.60992499437253, "spark.kryoserializer.buffer": 36.62378398385775, "spark.kryoserializer.buffer.max": 39.945604076696284, "spark.locality.wait": 4.9367861012690035, "spark.maxRemoteBlockSizeFetchToMem": 1340139820.4678628, "spark.memory.fraction": 0.6965760284296373, "spark.memory.offHeap.enabled": 0.2470962907349306, "spark.memory.offHeap.size": 442.058936342801, "spark.memory.storageFraction": 0.6335442089527752, "spark.rdd.compress": 0.12469374210499747, "spark.reducer.maxBlocksInFlightPerAddress": 1266468007.8198247, "spark.reducer.maxReqsInFlight": 869730876.63, "spark.reducer.maxSizeInFlight": 20.154299692211413, "spark.scheduler.mode": 0.6794028165281034, "spark.scheduler.revive.interval": 646.8209026659601, "spark.shuffle.compress": 0.7516291483456014, "spark.shuffle.file.buffer": 29.246820383223127, "spark.shuffle.io.numConnectionsPerPeer": 3.5518197017031974, "spark.shuffle.sort.bypassMergeThreshold": 139.93316126628702, "spark.storage.memoryFraction": 0.8567330856955575, "spark.storage.memoryMapThreshold": 2.5455852793991838}, "datetime": {"datetime": "2022-01-07 22:44:34", "elapsed": 6292.953103, "delta": 784.566772}}
{"target": -515.804, "params": {"spark.broadcast.blockSize": 46.28481047182733, "spark.broadcast.checksum": 0.038748762144855856, "spark.broadcast.compress": 0.04801089809681565, "spark.default.parallelism": 182.27972846187143, "spark.executor.cores": 2.218668093577424, "spark.executor.instances": 3.24, "spark.executor.memory": 6.187776831137457, "spark.executor.memoryOverhead": 553.9163020897879, "spark.kryoserializer.buffer": 77.2881381550025, "spark.kryoserializer.buffer.max": 33.671965593696775, "spark.locality.wait": 3.721059550001884, "spark.maxRemoteBlockSizeFetchToMem": 897368995.240537, "spark.memory.fraction": 0.7452473401074481, "spark.memory.offHeap.enabled": 0.7866725835830316, "spark.memory.offHeap.size": 414.72, "spark.memory.storageFraction": 0.8856471468285858, "spark.rdd.compress": 0.3340707403021021, "spark.reducer.maxBlocksInFlightPerAddress": 1173867379.308049, "spark.reducer.maxReqsInFlight": 915339475.4304336, "spark.reducer.maxSizeInFlight": 37.13564934857678, "spark.scheduler.mode": 0.48966228029142916, "spark.scheduler.revive.interval": 437.77439364628407, "spark.shuffle.compress": 0.5842894162216182, "spark.shuffle.file.buffer": 24.45251891134169, "spark.shuffle.io.numConnectionsPerPeer": 1.7582912816941814, "spark.shuffle.sort.bypassMergeThreshold": 203.10267040941693, "spark.storage.memoryFraction": 0.7861708086393674, "spark.storage.memoryMapThreshold": 1.8465766727048807}, "datetime": {"datetime": "2022-01-07 22:53:19", "elapsed": 6817.071251, "delta": 524.118148}}
{"target": -770.974, "params": {"spark.broadcast.blockSize": 40.481296421641524, "spark.broadcast.checksum": 0.7570199344072098, "spark.broadcast.compress": 0.8106400938611225, "spark.default.parallelism": 235.76388244044838, "spark.executor.cores": 1.4210305058800157, "spark.executor.instances": 3.24, "spark.executor.memory": 4.183314217812863, "spark.executor.memoryOverhead": 527.2057962201064, "spark.kryoserializer.buffer": 26.279634511519948, "spark.kryoserializer.buffer.max": 25.92, "spark.locality.wait": 3.346512866039822, "spark.maxRemoteBlockSizeFetchToMem": 1026173949.6715947, "spark.memory.fraction": 0.8551053375493001, "spark.memory.offHeap.enabled": 0.4895554293541843, "spark.memory.offHeap.size": 414.72, "spark.memory.storageFraction": 0.5106942968659096, "spark.rdd.compress": 0.46015071255741913, "spark.reducer.maxBlocksInFlightPerAddress": 1380741532.8480208, "spark.reducer.maxReqsInFlight": 1022151600.1633433, "spark.reducer.maxSizeInFlight": 19.44, "spark.scheduler.mode": 0.8106192208309211, "spark.scheduler.revive.interval": 529.1260771009328, "spark.shuffle.compress": 0.12296553765581897, "spark.shuffle.file.buffer": 20.026503772530535, "spark.shuffle.io.numConnectionsPerPeer": 2.293441023039401, "spark.shuffle.sort.bypassMergeThreshold": 223.75564030347635, "spark.storage.memoryFraction": 0.7086327640582745, "spark.storage.memoryMapThreshold": 3.2428054714990635}, "datetime": {"datetime": "2022-01-07 23:06:18", "elapsed": 7596.246217, "delta": 779.174966}}
{"target": -521.895, "params": {"spark.broadcast.blockSize": 31.768740070379728, "spark.broadcast.checksum": 0.23485502569258343, "spark.broadcast.compress": 0.9966097346027935, "spark.default.parallelism": 173.82891905109017, "spark.executor.cores": 1.0530149022545658, "spark.executor.instances": 4.677704796623566, "spark.executor.memory": 2.4299999999999997, "spark.executor.memoryOverhead": 315.260201563785, "spark.kryoserializer.buffer": 37.61713167302468, "spark.kryoserializer.buffer.max": 79.57342205352774, "spark.locality.wait": 4.083171539753457, "spark.maxRemoteBlockSizeFetchToMem": 1067513504.2323643, "spark.memory.fraction": 0.8208913756719345, "spark.memory.offHeap.enabled": 0.5174817833684663, "spark.memory.offHeap.size": 434.19106690273424, "spark.memory.storageFraction": 0.8999397868450558, "spark.rdd.compress": 0.1893667575526711, "spark.reducer.maxBlocksInFlightPerAddress": 1315673130.878057, "spark.reducer.maxReqsInFlight": 1335969843.4840822, "spark.reducer.maxSizeInFlight": 36.95791369135812, "spark.scheduler.mode": 0.0642205217004221, "spark.scheduler.revive.interval": 405.00000000000006, "spark.shuffle.compress": 0.7938016286632935, "spark.shuffle.file.buffer": 29.830610416438926, "spark.shuffle.io.numConnectionsPerPeer": 2.3978516097772458, "spark.shuffle.sort.bypassMergeThreshold": 121.5, "spark.storage.memoryFraction": 0.5792525120811269, "spark.storage.memoryMapThreshold": 1.7440284851717176}, "datetime": {"datetime": "2022-01-07 23:15:08", "elapsed": 8126.298678, "delta": 530.052461}}
{"target": -702.615, "params": {"spark.broadcast.blockSize": 26.614350249973636, "spark.broadcast.checksum": 0.0737032938839874, "spark.broadcast.compress": 0.0793141290482299, "spark.default.parallelism": 164.41990611974825, "spark.executor.cores": 0.9893166564320726, "spark.executor.instances": 3.531405219987958, "spark.executor.memory": 3.3269217206202337, "spark.executor.memoryOverhead": 548.4107687779403, "spark.kryoserializer.buffer": 81.34788975747608, "spark.kryoserializer.buffer.max": 62.44021042419011, "spark.locality.wait": 4.744562617389681, "spark.maxRemoteBlockSizeFetchToMem": 900206382.8553739, "spark.memory.fraction": 0.5938295427275238, "spark.memory.offHeap.enabled": 0.033071110068930265, "spark.memory.offHeap.size": 465.0079639872874, "spark.memory.storageFraction": 0.6854677176176991, "spark.rdd.compress": 0.32736428269144013, "spark.reducer.maxBlocksInFlightPerAddress": 869730876.6300001, "spark.reducer.maxReqsInFlight": 1212994452.7575161, "spark.reducer.maxSizeInFlight": 26.993556450468798, "spark.scheduler.mode": 0.49409277499980203, "spark.scheduler.revive.interval": 627.7693430334825, "spark.shuffle.compress": 0.5261914650133179, "spark.shuffle.file.buffer": 24.919309494440803, "spark.shuffle.io.numConnectionsPerPeer": 1.994246841911424, "spark.shuffle.sort.bypassMergeThreshold": 141.54075865074324, "spark.storage.memoryFraction": 0.856325323694952, "spark.storage.memoryMapThreshold": 1.305016547365896}, "datetime": {"datetime": "2022-01-07 23:26:59", "elapsed": 8837.207341, "delta": 710.908663}}
{"target": -266.965, "params": {"spark.broadcast.blockSize": 40.05769472711845, "spark.broadcast.checksum": 0.40509487073592215, "spark.broadcast.compress": 0.26472636266908484, "spark.default.parallelism": 269.3549512573162, "spark.executor.cores": 2.576386527386405, "spark.executor.instances": 4.372295364046498, "spark.executor.memory": 2.46053563656384, "spark.executor.memoryOverhead": 320.56445024334056, "spark.kryoserializer.buffer": 27.215966218745688, "spark.kryoserializer.buffer.max": 57.74769076397526, "spark.locality.wait": 3.24, "spark.maxRemoteBlockSizeFetchToMem": 869730669.2700003, "spark.memory.fraction": 0.5686345580529164, "spark.memory.offHeap.enabled": 0.22688434841173302, "spark.memory.offHeap.size": 584.40809598895, "spark.memory.storageFraction": 0.5974085263294232, "spark.rdd.compress": 0.5823392455793833, "spark.reducer.maxBlocksInFlightPerAddress": 890206331.226624, "spark.reducer.maxReqsInFlight": 1278506527.1137486, "spark.reducer.maxSizeInFlight": 20.585588757515826, "spark.scheduler.mode": 0.9144249250894663, "spark.scheduler.revive.interval": 479.3410713687454, "spark.shuffle.compress": 0.9398214490689017, "spark.shuffle.file.buffer": 20.20485817126101, "spark.shuffle.io.numConnectionsPerPeer": 0.8504492368927576, "spark.shuffle.sort.bypassMergeThreshold": 171.63813998468646, "spark.storage.memoryFraction": 0.7761284760544804, "spark.storage.memoryMapThreshold": 1.0522514608457227}, "datetime": {"datetime": "2022-01-07 23:31:34", "elapsed": 9112.510301, "delta": 275.30296}}
{"target": -896.174, "params": {"spark.broadcast.blockSize": 32.28171440227667, "spark.broadcast.checksum": 0.7114795755546632, "spark.broadcast.compress": 0.44128946400278823, "spark.default.parallelism": 241.72872149961822, "spark.executor.cores": 1.3888417710172705, "spark.executor.instances": 3.24, "spark.executor.memory": 2.736493651625891, "spark.executor.memoryOverhead": 480.2166872783833, "spark.kryoserializer.buffer": 45.82817634915349, "spark.kryoserializer.buffer.max": 35.645409666793746, "spark.locality.wait": 3.542833606331444, "spark.maxRemoteBlockSizeFetchToMem": 1169030103.7543306, "spark.memory.fraction": 0.6708035748583937, "spark.memory.offHeap.enabled": 0.3962469646155313, "spark.memory.offHeap.size": 649.656362321413, "spark.memory.storageFraction": 0.5469938348441733, "spark.rdd.compress": 0.07356775890732029, "spark.reducer.maxBlocksInFlightPerAddress": 1042793387.1002446, "spark.reducer.maxReqsInFlight": 888938296.5728713, "spark.reducer.maxSizeInFlight": 42.650251759669054, "spark.scheduler.mode": 0.2272792602204566, "spark.scheduler.revive.interval": 457.7152834754043, "spark.shuffle.compress": 0.06321756848752483, "spark.shuffle.file.buffer": 16.196252086776436, "spark.shuffle.io.numConnectionsPerPeer": 1.65879360530005, "spark.shuffle.sort.bypassMergeThreshold": 123.65377246725524, "spark.storage.memoryFraction": 0.6451968885028891, "spark.storage.memoryMapThreshold": 2.387623739055232}, "datetime": {"datetime": "2022-01-07 23:46:38", "elapsed": 10016.86717, "delta": 904.356869}}
{"target": -898.335, "params": {"spark.broadcast.blockSize": 36.854294838776546, "spark.broadcast.checksum": 0.9758191412979915, "spark.broadcast.compress": 0.6726079532467903, "spark.default.parallelism": 313.1688677316615, "spark.executor.cores": 0.81, "spark.executor.instances": 3.291940683475868, "spark.executor.memory": 3.5471710162501258, "spark.executor.memoryOverhead": 427.20650148609354, "spark.kryoserializer.buffer": 25.997088701785202, "spark.kryoserializer.buffer.max": 47.14288868519192, "spark.locality.wait": 6.537634888781084, "spark.maxRemoteBlockSizeFetchToMem": 1379923482.9704874, "spark.memory.fraction": 0.7849127611589903, "spark.memory.offHeap.enabled": 0.6103280795472769, "spark.memory.offHeap.size": 414.72, "spark.memory.storageFraction": 0.7967152926969125, "spark.rdd.compress": 0.48160166889154093, "spark.reducer.maxBlocksInFlightPerAddress": 1240002047.526215, "spark.reducer.maxReqsInFlight": 1089276529.429756, "spark.reducer.maxSizeInFlight": 25.109615074599144, "spark.scheduler.mode": 0.6701330388701424, "spark.scheduler.revive.interval": 405.00000000000006, "spark.shuffle.compress": 0.2661609200478784, "spark.shuffle.file.buffer": 26.926419571888662, "spark.shuffle.io.numConnectionsPerPeer": 1.2109024775474795, "spark.shuffle.sort.bypassMergeThreshold": 190.91638711905097, "spark.storage.memoryFraction": 0.7004905622803334, "spark.storage.memoryMapThreshold": 2.3186688700392133}, "datetime": {"datetime": "2022-01-08 00:01:45", "elapsed": 10923.376813, "delta": 906.509643}}
{"target": -606.36, "params": {"spark.broadcast.blockSize": 40.113116932623434, "spark.broadcast.checksum": 0.9777936038010844, "spark.broadcast.compress": 0.3970764528731124, "spark.default.parallelism": 211.8709816957093, "spark.executor.cores": 0.8127480241371381, "spark.executor.instances": 4.237596001933907, "spark.executor.memory": 2.4299999999999997, "spark.executor.memoryOverhead": 376.06146723654945, "spark.kryoserializer.buffer": 52.75035863990287, "spark.kryoserializer.buffer.max": 31.452957417714977, "spark.locality.wait": 3.5978820269940197, "spark.maxRemoteBlockSizeFetchToMem": 1120416991.8224554, "spark.memory.fraction": 0.49673911290695844, "spark.memory.offHeap.enabled": 0.32849153769650685, "spark.memory.offHeap.size": 449.4585329699178, "spark.memory.storageFraction": 0.8171465437545378, "spark.rdd.compress": 0.1628588515732299, "spark.reducer.maxBlocksInFlightPerAddress": 1050538230.9386814, "spark.reducer.maxReqsInFlight": 929783185.8801693, "spark.reducer.maxSizeInFlight": 21.743220036414893, "spark.scheduler.mode": 0.4278298664631635, "spark.scheduler.revive.interval": 486.50239462192144, "spark.shuffle.compress": 0.2517521051911438, "spark.shuffle.file.buffer": 17.44411824997173, "spark.shuffle.io.numConnectionsPerPeer": 3.9665664901674824, "spark.shuffle.sort.bypassMergeThreshold": 160.0003618826333, "spark.storage.memoryFraction": 0.7395095092322217, "spark.storage.memoryMapThreshold": 2.071348555542302}, "datetime": {"datetime": "2022-01-08 00:12:00", "elapsed": 11538.009914, "delta": 614.633101}}
{"target": -643.016, "params": {"spark.broadcast.blockSize": 32.28155213977993, "spark.broadcast.checksum": 0.1494783593236266, "spark.broadcast.compress": 0.8377825596001739, "spark.default.parallelism": 259.9693993511338, "spark.executor.cores": 0.8995550703154148, "spark.executor.instances": 4.333962935722038, "spark.executor.memory": 4.044911251094717, "spark.executor.memoryOverhead": 328.4837639290146, "spark.kryoserializer.buffer": 27.987681877319222, "spark.kryoserializer.buffer.max": 68.09129130045432, "spark.locality.wait": 3.2399999999999998, "spark.maxRemoteBlockSizeFetchToMem": 1317250540.9496045, "spark.memory.fraction": 0.40591217255140444, "spark.memory.offHeap.enabled": 0.5684392144090706, "spark.memory.offHeap.size": 629.857574797464, "spark.memory.storageFraction": 0.5365579061299055, "spark.rdd.compress": 0.4864555025136565, "spark.reducer.maxBlocksInFlightPerAddress": 892387574.1781781, "spark.reducer.maxReqsInFlight": 1343435487.620601, "spark.reducer.maxSizeInFlight": 20.210543396417133, "spark.scheduler.mode": 0.2285119944432115, "spark.scheduler.revive.interval": 557.4983135652355, "spark.shuffle.compress": 0.09398222657962087, "spark.shuffle.file.buffer": 19.134166723126082, "spark.shuffle.io.numConnectionsPerPeer": 2.28547085169189, "spark.shuffle.sort.bypassMergeThreshold": 124.04260234716692, "spark.storage.memoryFraction": 0.6042609257984634, "spark.storage.memoryMapThreshold": 1.7857061101032354}, "datetime": {"datetime": "2022-01-08 00:22:51", "elapsed": 12189.133205, "delta": 651.123291}}
{"target": -874.518, "params": {"spark.broadcast.blockSize": 25.94519244251893, "spark.broadcast.checksum": 0.2615186636973669, "spark.broadcast.compress": 0.19496118094783124, "spark.default.parallelism": 185.07249345577782, "spark.executor.cores": 1.078103708017039, "spark.executor.instances": 3.24, "spark.executor.memory": 2.630967161810969, "spark.executor.memoryOverhead": 543.6554107944291, "spark.kryoserializer.buffer": 66.07409844296426, "spark.kryoserializer.buffer.max": 27.321737953416445, "spark.locality.wait": 4.333384542382467, "spark.maxRemoteBlockSizeFetchToMem": 1160460227.8579924, "spark.memory.fraction": 0.5530717214689582, "spark.memory.offHeap.enabled": 0.47228473475278615, "spark.memory.offHeap.size": 563.0000721461172, "spark.memory.storageFraction": 0.734647292971257, "spark.rdd.compress": 0.36098571930759976, "spark.reducer.maxBlocksInFlightPerAddress": 1247592903.9764895, "spark.reducer.maxReqsInFlight": 869730876.6300001, "spark.reducer.maxSizeInFlight": 38.923881222002734, "spark.scheduler.mode": 0.5590200017425004, "spark.scheduler.revive.interval": 606.6521606617255, "spark.shuffle.compress": 0.35807282677131896, "spark.shuffle.file.buffer": 30.936085627445213, "spark.shuffle.io.numConnectionsPerPeer": 1.5792045391983138, "spark.shuffle.sort.bypassMergeThreshold": 178.1688775312105, "spark.storage.memoryFraction": 0.5448204948090807, "spark.storage.memoryMapThreshold": 0.8872376021840667}, "datetime": {"datetime": "2022-01-08 00:37:33", "elapsed": 13071.970437, "delta": 882.837232}}
