{"target": -203.99, "params": {"spark.broadcast.blockSize": 38.19915424075794, "spark.broadcast.checksum": 0.5611404527117151, "spark.broadcast.compress": 0.6495685503097642, "spark.default.parallelism": 308.469764493133, "spark.executor.cores": 2.9405931825698035, "spark.executor.instances": 6.767121646234697, "spark.executor.memory": 4.612352800253112, "spark.executor.memoryOverhead": 425.8722064933106, "spark.kryoserializer.buffer": 35.600932941468955, "spark.kryoserializer.buffer.max": 86.02003034351883, "spark.locality.wait": 9.486944861914376, "spark.maxRemoteBlockSizeFetchToMem": 1593104168.0444872, "spark.memory.fraction": 0.8478108338031494, "spark.memory.offHeap.enabled": 0.4149574486878699, "spark.memory.offHeap.size": 787.5729218417682, "spark.memory.storageFraction": 0.8174755274786494, "spark.rdd.compress": 0.40443780973158233, "spark.reducer.maxBlocksInFlightPerAddress": 1417888654.6982126, "spark.reducer.maxReqsInFlight": 1126542944.8886366, "spark.reducer.maxSizeInFlight": 29.512303903805382, "spark.scheduler.mode": 0.2317371245546312, "spark.scheduler.revive.interval": 996.5307262778554, "spark.shuffle.compress": 0.8762811428895528, "spark.shuffle.file.buffer": 39.711899899344935, "spark.shuffle.io.numConnectionsPerPeer": 3.6452034194344725, "spark.shuffle.sort.bypassMergeThreshold": 168.08576943023692, "spark.storage.memoryFraction": 0.8231418869912093, "spark.storage.memoryMapThreshold": 1.7555444302082397}, "datetime": {"datetime": "2022-01-07 20:59:42", "elapsed": 0.0, "delta": 0.0}}
{"target": -226.58, "params": {"spark.broadcast.blockSize": 41.271668816413865, "spark.broadcast.checksum": 0.9503444145380214, "spark.broadcast.compress": 0.45007555493082413, "spark.default.parallelism": 334.07218503438946, "spark.executor.cores": 2.6500039652521963, "spark.executor.instances": 6.352548721933621, "spark.executor.memory": 4.004781406740227, "spark.executor.memoryOverhead": 560.030815388171, "spark.kryoserializer.buffer": 115.9788317026659, "spark.kryoserializer.buffer.max": 107.536138798058, "spark.locality.wait": 7.257078588568991, "spark.maxRemoteBlockSizeFetchToMem": 1860915841.0070126, "spark.memory.fraction": 0.5524613523556083, "spark.memory.offHeap.enabled": 0.5546361802605827, "spark.memory.offHeap.size": 909.2139313463807, "spark.memory.storageFraction": 0.733349734184115, "spark.rdd.compress": 0.3984544337107212, "spark.reducer.maxBlocksInFlightPerAddress": 2146230444.0124178, "spark.reducer.maxReqsInFlight": 1963114786.9046066, "spark.reducer.maxSizeInFlight": 28.420329222219145, "spark.scheduler.mode": 0.3268314365938563, "spark.scheduler.revive.interval": 553.4302921379825, "spark.shuffle.compress": 0.45894761109594207, "spark.shuffle.file.buffer": 21.195121734526232, "spark.shuffle.io.numConnectionsPerPeer": 3.3877005569457497, "spark.shuffle.sort.bypassMergeThreshold": 281.88234245827925, "spark.storage.memoryFraction": 0.5250125072134383, "spark.storage.memoryMapThreshold": 2.078236348576504}, "datetime": {"datetime": "2022-01-07 21:03:36", "elapsed": 234.729772, "delta": 234.729772}}
{"target": -220.791, "params": {"spark.broadcast.blockSize": 48.52637839949544, "spark.broadcast.checksum": 0.04239346285179111, "spark.broadcast.compress": 0.006580019440832485, "spark.default.parallelism": 258.6622437957412, "spark.executor.cores": 3.6991322584943758, "spark.executor.instances": 4.785248701135678, "spark.executor.memory": 4.402361622440873, "spark.executor.memoryOverhead": 582.9911615918588, "spark.kryoserializer.buffer": 73.48474091012517, "spark.kryoserializer.buffer.max": 34.05888281963363, "spark.locality.wait": 6.349747441957689, "spark.maxRemoteBlockSizeFetchToMem": 1678878480.7674103, "spark.memory.fraction": 0.6299340484338871, "spark.memory.offHeap.enabled": 0.8113674964114748, "spark.memory.offHeap.size": 965.7282062499394, "spark.memory.storageFraction": 0.5372919621653515, "spark.rdd.compress": 0.5611803472606964, "spark.reducer.maxBlocksInFlightPerAddress": 1311563140.39644, "spark.reducer.maxReqsInFlight": 1778258527.2000923, "spark.reducer.maxSizeInFlight": 57.67531366859362, "spark.scheduler.mode": 0.7358201299751802, "spark.scheduler.revive.interval": 786.6200476602609, "spark.shuffle.compress": 0.06850260184184409, "spark.shuffle.file.buffer": 28.212319883372245, "spark.shuffle.io.numConnectionsPerPeer": 1.609069143484672, "spark.shuffle.sort.bypassMergeThreshold": 292.9295189809293, "spark.storage.memoryFraction": 0.7799988015251911, "spark.storage.memoryMapThreshold": 2.9304372599015913}, "datetime": {"datetime": "2022-01-07 21:07:25", "elapsed": 463.697145, "delta": 228.967373}}
{"target": -260.961, "params": {"spark.broadcast.blockSize": 57.93339961172862, "spark.broadcast.checksum": 0.44353626667079143, "spark.broadcast.compress": 0.22959014214220705, "spark.default.parallelism": 405.89068859020404, "spark.executor.cores": 1.8698632785745173, "spark.executor.instances": 7.47920973040975, "spark.executor.memory": 3.2848488736613515, "spark.executor.memoryOverhead": 642.5619562433506, "spark.kryoserializer.buffer": 123.24261572283777, "spark.kryoserializer.buffer.max": 52.853604012465375, "spark.locality.wait": 9.214843804152451, "spark.maxRemoteBlockSizeFetchToMem": 1447437661.9640267, "spark.memory.fraction": 0.8780707769946474, "spark.memory.offHeap.enabled": 0.3621445795527166, "spark.memory.offHeap.size": 607.2252921865233, "spark.memory.storageFraction": 0.5905062570352348, "spark.rdd.compress": 0.6427199348087669, "spark.reducer.maxBlocksInFlightPerAddress": 1236774993.992481, "spark.reducer.maxReqsInFlight": 1397035409.6579971, "spark.reducer.maxSizeInFlight": 44.954761487138796, "spark.scheduler.mode": 0.029794990636636834, "spark.scheduler.revive.interval": 749.2340250696489, "spark.shuffle.compress": 0.5428222846401912, "spark.shuffle.file.buffer": 42.668934295280565, "spark.shuffle.io.numConnectionsPerPeer": 4.600199767464774, "spark.shuffle.sort.bypassMergeThreshold": 188.94567088102733, "spark.storage.memoryFraction": 0.6595391769874234, "spark.storage.memoryMapThreshold": 1.5142107256770931}, "datetime": {"datetime": "2022-01-07 21:11:54", "elapsed": 732.791438, "delta": 269.094293}}
{"target": -252.935, "params": {"spark.broadcast.blockSize": 56.599477032669704, "spark.broadcast.checksum": 0.8111308404332638, "spark.broadcast.compress": 0.9479394590305477, "spark.default.parallelism": 274.15643021791635, "spark.executor.cores": 2.0737201219499912, "spark.executor.instances": 7.746927682741241, "spark.executor.memory": 5.182469339346726, "spark.executor.memoryOverhead": 702.6970069353233, "spark.kryoserializer.buffer": 95.8773808299348, "spark.kryoserializer.buffer.max": 124.1272946189766, "spark.locality.wait": 5.619724680662276, "spark.maxRemoteBlockSizeFetchToMem": 1358990346.2596614, "spark.memory.fraction": 0.73907192767578, "spark.memory.offHeap.enabled": 0.687649029534859, "spark.memory.offHeap.size": 869.0614197923371, "spark.memory.storageFraction": 0.6926387124311343, "spark.rdd.compress": 0.18334184097452602, "spark.reducer.maxBlocksInFlightPerAddress": 1825887954.6166134, "spark.reducer.maxReqsInFlight": 1371050441.5832472, "spark.reducer.maxSizeInFlight": 48.42465172532004, "spark.scheduler.mode": 0.9887486940744563, "spark.scheduler.revive.interval": 902.0324264212163, "spark.shuffle.compress": 0.9300769223324536, "spark.shuffle.file.buffer": 32.996108300334015, "spark.shuffle.io.numConnectionsPerPeer": 2.9638340066837476, "spark.shuffle.sort.bypassMergeThreshold": 229.5293835279268, "spark.storage.memoryFraction": 0.5751624871815385, "spark.storage.memoryMapThreshold": 2.406775332841109}, "datetime": {"datetime": "2022-01-07 21:16:15", "elapsed": 993.809245, "delta": 261.017807}}
{"target": -481.726, "params": {"spark.broadcast.blockSize": 43.754082934894875, "spark.broadcast.checksum": 0.1936880919271083, "spark.broadcast.compress": 0.38590195884439693, "spark.default.parallelism": 351.61564419240074, "spark.executor.cores": 1.1225139087346219, "spark.executor.instances": 5.895390081038403, "spark.executor.memory": 6.7425307387905935, "spark.executor.memoryOverhead": 800.0034535772066, "spark.kryoserializer.buffer": 53.335402071411096, "spark.kryoserializer.buffer.max": 66.96276566524652, "spark.locality.wait": 4.50535615719943, "spark.maxRemoteBlockSizeFetchToMem": 1815731118.8784244, "spark.memory.fraction": 0.7847565219632868, "spark.memory.offHeap.enabled": 0.9690388504289618, "spark.memory.offHeap.size": 513.6976564559337, "spark.memory.storageFraction": 0.6418051199436292, "spark.rdd.compress": 0.21768725885026277, "spark.reducer.maxBlocksInFlightPerAddress": 1699578512.5160217, "spark.reducer.maxReqsInFlight": 2146708549.6163852, "spark.reducer.maxSizeInFlight": 70.69064437194197, "spark.scheduler.mode": 0.19510978858735847, "spark.scheduler.revive.interval": 687.4742283680065, "spark.shuffle.compress": 0.13642648904387633, "spark.shuffle.file.buffer": 35.80299854443485, "spark.shuffle.io.numConnectionsPerPeer": 2.5070363044093242, "spark.shuffle.sort.bypassMergeThreshold": 263.96876154678273, "spark.storage.memoryFraction": 0.7220621022959481, "spark.storage.memoryMapThreshold": 1.1329009794533327}, "datetime": {"datetime": "2022-01-07 21:24:25", "elapsed": 1483.723863, "delta": 489.914618}}
{"target": -294.664, "params": {"spark.broadcast.blockSize": 33.63592451044003, "spark.broadcast.checksum": 0.6320306206297818, "spark.broadcast.compress": 0.11867602109230697, "spark.default.parallelism": 422.6031056435236, "spark.executor.cores": 3.304008105059944, "spark.executor.instances": 5.574320362836364, "spark.executor.memory": 6.189201885701372, "spark.executor.memoryOverhead": 748.3446042944556, "spark.kryoserializer.buffer": 45.24534023812744, "spark.kryoserializer.buffer.max": 78.54612603127325, "spark.locality.wait": 8.448959408954146, "spark.maxRemoteBlockSizeFetchToMem": 1269283322.1906223, "spark.memory.fraction": 0.6649857458496629, "spark.memory.offHeap.enabled": 0.1558462700330685, "spark.memory.offHeap.size": 733.020803653837, "spark.memory.storageFraction": 0.8386215120441509, "spark.rdd.compress": 0.007550759448243483, "spark.reducer.maxBlocksInFlightPerAddress": 1566533527.4262846, "spark.reducer.maxReqsInFlight": 1619012501.7236638, "spark.reducer.maxSizeInFlight": 36.98735323954797, "spark.scheduler.mode": 0.4602400396091906, "spark.scheduler.revive.interval": 501.81436473155804, "spark.shuffle.compress": 0.7341366674279249, "spark.shuffle.file.buffer": 25.32443863780656, "spark.shuffle.io.numConnectionsPerPeer": 4.49008641617734, "spark.shuffle.sort.bypassMergeThreshold": 204.21957415123558, "spark.storage.memoryFraction": 0.6630976660941504, "spark.storage.memoryMapThreshold": 2.6893127831132393}, "datetime": {"datetime": "2022-01-07 21:29:28", "elapsed": 1786.536295, "delta": 302.812432}}
{"target": -311.616, "params": {"spark.broadcast.blockSize": 47.40344152538302, "spark.broadcast.checksum": 0.3617710368075683, "spark.broadcast.compress": 0.8190927352767989, "spark.default.parallelism": 462.6144036429823, "spark.executor.cores": 1.5150663802709565, "spark.executor.instances": 4.888851558855292, "spark.executor.memory": 5.728262713123096, "spark.executor.memoryOverhead": 496.8675443452234, "spark.kryoserializer.buffer": 108.35016185672963, "spark.kryoserializer.buffer.max": 89.81611077371572, "spark.locality.wait": 6.6191197078208965, "spark.maxRemoteBlockSizeFetchToMem": 1180200638.7734334, "spark.memory.fraction": 0.7551637446131987, "spark.memory.offHeap.enabled": 0.28334895984166586, "spark.memory.offHeap.size": 710.5803026836521, "spark.memory.storageFraction": 0.8842357957119173, "spark.rdd.compress": 0.9092322617841648, "spark.reducer.maxBlocksInFlightPerAddress": 1086693755.870141, "spark.reducer.maxReqsInFlight": 1210722141.2540948, "spark.reducer.maxSizeInFlight": 39.67528708101507, "spark.scheduler.mode": 0.5862839669500294, "spark.scheduler.revive.interval": 897.9474350769212, "spark.shuffle.compress": 0.24356592151179876, "spark.shuffle.file.buffer": 47.80796493830402, "spark.shuffle.io.numConnectionsPerPeer": 1.0365446231725979, "spark.shuffle.sort.bypassMergeThreshold": 325.52134906822084, "spark.storage.memoryFraction": 0.8163640243735462, "spark.storage.memoryMapThreshold": 3.4865839821264166}, "datetime": {"datetime": "2022-01-07 21:34:48", "elapsed": 2106.486813, "delta": 319.950518}}
{"target": -354.609, "params": {"spark.broadcast.blockSize": 53.17715618294188, "spark.broadcast.checksum": 0.7575595674937889, "spark.broadcast.compress": 0.5713671078829422, "spark.default.parallelism": 228.43192802168426, "spark.executor.cores": 2.405393081035667, "spark.executor.instances": 4.301437916865899, "spark.executor.memory": 3.4007567204825233, "spark.executor.memoryOverhead": 463.17186461742506, "spark.kryoserializer.buffer": 86.79861450393183, "spark.kryoserializer.buffer.max": 111.26473127230747, "spark.locality.wait": 4.6596653286052, "spark.maxRemoteBlockSizeFetchToMem": 1955299961.115324, "spark.memory.fraction": 0.5361110134609787, "spark.memory.offHeap.enabled": 0.7456623526059496, "spark.memory.offHeap.size": 635.4811050289088, "spark.memory.storageFraction": 0.5582896934557368, "spark.rdd.compress": 0.8238802873065852, "spark.reducer.maxBlocksInFlightPerAddress": 1762838576.6912699, "spark.reducer.maxReqsInFlight": 1513542893.5351553, "spark.reducer.maxSizeInFlight": 56.58903148881902, "spark.scheduler.mode": 0.636623485647655, "spark.scheduler.revive.interval": 843.8813941036783, "spark.shuffle.compress": 0.3025598104049141, "spark.shuffle.file.buffer": 16.41591944203016, "spark.shuffle.io.numConnectionsPerPeer": 2.1649927333593224, "spark.shuffle.sort.bypassMergeThreshold": 349.80760010740715, "spark.storage.memoryFraction": 0.6118278917212577, "spark.storage.memoryMapThreshold": 3.162664728278968}, "datetime": {"datetime": "2022-01-07 21:40:51", "elapsed": 2469.641325, "delta": 363.154512}}
{"target": -176.924, "params": {"spark.broadcast.blockSize": 62.863326673621074, "spark.broadcast.checksum": 0.22383697875227682, "spark.broadcast.compress": 0.7189189159533896, "spark.default.parallelism": 480.38326588863464, "spark.executor.cores": 3.9726705719031914, "spark.executor.instances": 7.146762835703717, "spark.executor.memory": 6.26135401905936, "spark.executor.memoryOverhead": 827.942822459818, "spark.kryoserializer.buffer": 61.2198854731479, "spark.kryoserializer.buffer.max": 45.888418919989874, "spark.locality.wait": 7.806703608651554, "spark.maxRemoteBlockSizeFetchToMem": 2043873508.0181222, "spark.memory.fraction": 0.603855337203923, "spark.memory.offHeap.enabled": 0.022350052307502567, "spark.memory.offHeap.size": 994.2257621006136, "spark.memory.storageFraction": 0.7468762550551207, "spark.rdd.compress": 0.7286488738078182, "spark.reducer.maxBlocksInFlightPerAddress": 1972585161.6380553, "spark.reducer.maxReqsInFlight": 1926053127.805089, "spark.reducer.maxSizeInFlight": 66.73305095800347, "spark.scheduler.mode": 0.8982736386898518, "spark.scheduler.revive.interval": 622.3336408128129, "spark.shuffle.compress": 0.6867567274480488, "spark.shuffle.file.buffer": 29.205602391892995, "spark.shuffle.io.numConnectionsPerPeer": 3.8111125745718883, "spark.shuffle.sort.bypassMergeThreshold": 244.66818871524862, "spark.storage.memoryFraction": 0.8690531370995773, "spark.storage.memoryMapThreshold": 3.712693619182654}, "datetime": {"datetime": "2022-01-07 21:43:56", "elapsed": 2654.734322, "delta": 185.092997}}
{"target": -450.969, "params": {"spark.broadcast.blockSize": 26.844349832335116, "spark.broadcast.checksum": 0.5187546472601924, "spark.broadcast.compress": 0.8079346855078542, "spark.default.parallelism": 316.1816134890481, "spark.executor.cores": 1.0531752781185724, "spark.executor.instances": 6.030403074832272, "spark.executor.memory": 4.3484360633157015, "spark.executor.memoryOverhead": 573.7309144035637, "spark.kryoserializer.buffer": 82.69750290543529, "spark.kryoserializer.buffer.max": 83.42148245497198, "spark.locality.wait": 6.373635737236854, "spark.maxRemoteBlockSizeFetchToMem": 869730669.2700002, "spark.memory.fraction": 0.8652643038249351, "spark.memory.offHeap.enabled": 0.0069046749866203076, "spark.memory.offHeap.size": 414.72, "spark.memory.storageFraction": 0.5362977765154897, "spark.rdd.compress": 0.30335020688623066, "spark.reducer.maxBlocksInFlightPerAddress": 1398153402.8034647, "spark.reducer.maxReqsInFlight": 1404135228.2205122, "spark.reducer.maxSizeInFlight": 29.152469362755998, "spark.scheduler.mode": 0.5499429411968523, "spark.scheduler.revive.interval": 653.5058216714933, "spark.shuffle.compress": 0.2650334694684, "spark.shuffle.file.buffer": 30.94906177389251, "spark.shuffle.io.numConnectionsPerPeer": 3.37059315428815, "spark.shuffle.sort.bypassMergeThreshold": 226.48166635023685, "spark.storage.memoryFraction": 0.7739797724172688, "spark.storage.memoryMapThreshold": 1.2905252939934941}, "datetime": {"datetime": "2022-01-07 21:51:35", "elapsed": 3113.853812, "delta": 459.11949}}
{"target": -254.975, "params": {"spark.broadcast.blockSize": 25.92, "spark.broadcast.checksum": 0.608716533420275, "spark.broadcast.compress": 0.3149153641748016, "spark.default.parallelism": 312.38659207703324, "spark.executor.cores": 2.5545380462566496, "spark.executor.instances": 5.05131669336176, "spark.executor.memory": 6.533100797024123, "spark.executor.memoryOverhead": 556.7260380016977, "spark.kryoserializer.buffer": 80.94909466881136, "spark.kryoserializer.buffer.max": 81.49733538866634, "spark.locality.wait": 4.27638443634452, "spark.maxRemoteBlockSizeFetchToMem": 869730669.2700002, "spark.memory.fraction": 0.8199847538204752, "spark.memory.offHeap.enabled": 0.8939331709157406, "spark.memory.offHeap.size": 414.72, "spark.memory.storageFraction": 0.6560533962299164, "spark.rdd.compress": 0.6356267253878067, "spark.reducer.maxBlocksInFlightPerAddress": 1389956400.8113534, "spark.reducer.maxReqsInFlight": 1405954566.7557464, "spark.reducer.maxSizeInFlight": 56.42705186725692, "spark.scheduler.mode": 0.11527335592591965, "spark.scheduler.revive.interval": 654.3228894053718, "spark.shuffle.compress": 0.8114883157384993, "spark.shuffle.file.buffer": 31.239343071948042, "spark.shuffle.io.numConnectionsPerPeer": 2.5919090311740804, "spark.shuffle.sort.bypassMergeThreshold": 227.73185205686485, "spark.storage.memoryFraction": 0.6056528784943848, "spark.storage.memoryMapThreshold": 2.846162940403171}, "datetime": {"datetime": "2022-01-07 21:55:59", "elapsed": 3377.067668, "delta": 263.213856}}
{"target": -233.452, "params": {"spark.broadcast.blockSize": 25.92, "spark.broadcast.checksum": 0.22472025251021027, "spark.broadcast.compress": 0.004493068057869665, "spark.default.parallelism": 326.6495101787327, "spark.executor.cores": 3.4380319652016147, "spark.executor.instances": 7.057986081606331, "spark.executor.memory": 3.2463667842327757, "spark.executor.memoryOverhead": 563.3421514015306, "spark.kryoserializer.buffer": 83.69830652540809, "spark.kryoserializer.buffer.max": 75.6194134030355, "spark.locality.wait": 8.839202029519274, "spark.maxRemoteBlockSizeFetchToMem": 869730669.2700002, "spark.memory.fraction": 0.5191439460032217, "spark.memory.offHeap.enabled": 0.5668621736516335, "spark.memory.offHeap.size": 414.72, "spark.memory.storageFraction": 0.6628139714593954, "spark.rdd.compress": 0.8003498916486945, "spark.reducer.maxBlocksInFlightPerAddress": 1354386605.9299376, "spark.reducer.maxReqsInFlight": 1407693097.1259005, "spark.reducer.maxSizeInFlight": 36.35270748587661, "spark.scheduler.mode": 0.989129805157211, "spark.scheduler.revive.interval": 655.9221998003244, "spark.shuffle.compress": 0.19431972285336693, "spark.shuffle.file.buffer": 27.16510268698989, "spark.shuffle.io.numConnectionsPerPeer": 3.5437340571985594, "spark.shuffle.sort.bypassMergeThreshold": 229.5846774467801, "spark.storage.memoryFraction": 0.874861967327923, "spark.storage.memoryMapThreshold": 1.7457788408982395}, "datetime": {"datetime": "2022-01-07 22:00:00", "elapsed": 3618.681, "delta": 241.613332}}
{"target": -261.291, "params": {"spark.broadcast.blockSize": 25.92, "spark.broadcast.checksum": 0.19842011816781088, "spark.broadcast.compress": 0.5341276578236693, "spark.default.parallelism": 284.90879111837506, "spark.executor.cores": 2.8864236390131763, "spark.executor.instances": 4.442720771991814, "spark.executor.memory": 5.228285595404639, "spark.executor.memoryOverhead": 572.9808984273809, "spark.kryoserializer.buffer": 79.80379090619718, "spark.kryoserializer.buffer.max": 71.11898102884741, "spark.locality.wait": 8.71777801127794, "spark.maxRemoteBlockSizeFetchToMem": 869730669.2700002, "spark.memory.fraction": 0.6949186258142201, "spark.memory.offHeap.enabled": 0.38228872022272975, "spark.memory.offHeap.size": 414.72, "spark.memory.storageFraction": 0.799267194163886, "spark.rdd.compress": 0.10513085529106213, "spark.reducer.maxBlocksInFlightPerAddress": 1374950198.044238, "spark.reducer.maxReqsInFlight": 1399380747.6832778, "spark.reducer.maxSizeInFlight": 69.4787520162327, "spark.scheduler.mode": 0.32834782042058375, "spark.scheduler.revive.interval": 648.3989238808784, "spark.shuffle.compress": 0.42678947982728044, "spark.shuffle.file.buffer": 30.248831974081796, "spark.shuffle.io.numConnectionsPerPeer": 1.5010610378985287, "spark.shuffle.sort.bypassMergeThreshold": 229.18814050154668, "spark.storage.memoryFraction": 0.6879174853001717, "spark.storage.memoryMapThreshold": 2.627447610571128}, "datetime": {"datetime": "2022-01-07 22:04:30", "elapsed": 3888.302335, "delta": 269.621335}}
