{"target": -513.539, "params": {"spark.broadcast.blockSize": 47.0, "spark.broadcast.checksum": 0.0, "spark.broadcast.compress": 0.0, "spark.default.parallelism": 239.0, "spark.executor.cores": 1.0, "spark.executor.instances": 5.0, "spark.executor.memory": 3.0, "spark.executor.memoryOverhead": 494.0, "spark.kryoserializer.buffer": 92.0, "spark.kryoserializer.buffer.max": 110.0, "spark.locality.wait": 4.0, "spark.maxRemoteBlockSizeFetchToMem": 2144483652.0, "spark.memory.fraction": 0.67, "spark.memory.offHeap.enabled": 0.0, "spark.memory.offHeap.size": 947.0, "spark.memory.storageFraction": 0.79, "spark.rdd.compress": 0.0, "spark.reducer.maxBlocksInFlightPerAddress": 1339699984.0, "spark.reducer.maxReqsInFlight": 1964261272.0, "spark.reducer.maxSizeInFlight": 30.0, "spark.scheduler.mode": 0.0, "spark.scheduler.revive.interval": 724.0, "spark.shuffle.compress": 0.0, "spark.shuffle.file.buffer": 36.0, "spark.shuffle.io.numConnectionsPerPeer": 1.0, "spark.shuffle.sort.bypassMergeThreshold": 174.0, "spark.storage.memoryFraction": 0.5, "spark.storage.memoryMapThreshold": 2.0}, "datetime": {"datetime": "2022-01-10 15:34:29", "elapsed": 0.0, "delta": 0.0}}
{"target": -340.204, "params": {"spark.broadcast.blockSize": 47.0, "spark.broadcast.checksum": 0.0, "spark.broadcast.compress": 0.0, "spark.default.parallelism": 447.0, "spark.executor.cores": 2.0, "spark.executor.instances": 5.0, "spark.executor.memory": 5.0, "spark.executor.memoryOverhead": 761.0, "spark.kryoserializer.buffer": 100.0, "spark.kryoserializer.buffer.max": 42.0, "spark.locality.wait": 5.0, "spark.maxRemoteBlockSizeFetchToMem": 1945767520.0, "spark.memory.fraction": 0.62, "spark.memory.offHeap.enabled": 0.0, "spark.memory.offHeap.size": 961.0, "spark.memory.storageFraction": 0.56, "spark.rdd.compress": 0.0, "spark.reducer.maxBlocksInFlightPerAddress": 1150620139.0, "spark.reducer.maxReqsInFlight": 2143549120.0, "spark.reducer.maxSizeInFlight": 36.0, "spark.scheduler.mode": 0.0, "spark.scheduler.revive.interval": 663.0, "spark.shuffle.compress": 0.0, "spark.shuffle.file.buffer": 44.0, "spark.shuffle.io.numConnectionsPerPeer": 1.0, "spark.shuffle.sort.bypassMergeThreshold": 164.0, "spark.storage.memoryFraction": 0.54, "spark.storage.memoryMapThreshold": 3.0}, "datetime": {"datetime": "2022-01-10 15:40:18", "elapsed": 348.403965, "delta": 348.403965}}
{"target": -222.885, "params": {"spark.broadcast.blockSize": 59.0, "spark.broadcast.checksum": 0.0, "spark.broadcast.compress": 0.0, "spark.default.parallelism": 424.0, "spark.executor.cores": 3.0, "spark.executor.instances": 5.0, "spark.executor.memory": 4.0, "spark.executor.memoryOverhead": 493.0, "spark.kryoserializer.buffer": 34.0, "spark.kryoserializer.buffer.max": 110.0, "spark.locality.wait": 7.0, "spark.maxRemoteBlockSizeFetchToMem": 1846390707.0, "spark.memory.fraction": 0.57, "spark.memory.offHeap.enabled": 0.0, "spark.memory.offHeap.size": 576.0, "spark.memory.storageFraction": 0.64, "spark.rdd.compress": 0.0, "spark.reducer.maxBlocksInFlightPerAddress": 1451099442.0, "spark.reducer.maxReqsInFlight": 1675738468.0, "spark.reducer.maxSizeInFlight": 27.0, "spark.scheduler.mode": 0.0, "spark.scheduler.revive.interval": 914.0, "spark.shuffle.compress": 0.0, "spark.shuffle.file.buffer": 31.0, "spark.shuffle.io.numConnectionsPerPeer": 1.0, "spark.shuffle.sort.bypassMergeThreshold": 174.0, "spark.storage.memoryFraction": 0.66, "spark.storage.memoryMapThreshold": 1.0}, "datetime": {"datetime": "2022-01-10 15:44:09", "elapsed": 579.441112, "delta": 231.037147}}
{"target": -539.146, "params": {"spark.broadcast.blockSize": 63.0, "spark.broadcast.checksum": 0.0, "spark.broadcast.compress": 0.0, "spark.default.parallelism": 212.0, "spark.executor.cores": 1.0, "spark.executor.instances": 5.0, "spark.executor.memory": 4.0, "spark.executor.memoryOverhead": 839.0, "spark.kryoserializer.buffer": 38.0, "spark.kryoserializer.buffer.max": 89.0, "spark.locality.wait": 7.0, "spark.maxRemoteBlockSizeFetchToMem": 1412424525.0, "spark.memory.fraction": 0.72, "spark.memory.offHeap.enabled": 0.0, "spark.memory.offHeap.size": 629.0, "spark.memory.storageFraction": 0.67, "spark.rdd.compress": 0.0, "spark.reducer.maxBlocksInFlightPerAddress": 2077269078.0, "spark.reducer.maxReqsInFlight": 2130571183.0, "spark.reducer.maxSizeInFlight": 34.0, "spark.scheduler.mode": 0.0, "spark.scheduler.revive.interval": 901.0, "spark.shuffle.compress": 0.0, "spark.shuffle.file.buffer": 37.0, "spark.shuffle.io.numConnectionsPerPeer": 1.0, "spark.shuffle.sort.bypassMergeThreshold": 290.0, "spark.storage.memoryFraction": 0.77, "spark.storage.memoryMapThreshold": 1.0}, "datetime": {"datetime": "2022-01-10 15:53:16", "elapsed": 1126.826036, "delta": 547.384924}}
{"target": -413.392, "params": {"spark.broadcast.blockSize": 63.0, "spark.broadcast.checksum": 0.0, "spark.broadcast.compress": 0.0, "spark.default.parallelism": 387.0, "spark.executor.cores": 1.0, "spark.executor.instances": 7.0, "spark.executor.memory": 5.0, "spark.executor.memoryOverhead": 390.0, "spark.kryoserializer.buffer": 84.0, "spark.kryoserializer.buffer.max": 71.0, "spark.locality.wait": 9.0, "spark.maxRemoteBlockSizeFetchToMem": 1327335405.0, "spark.memory.fraction": 0.58, "spark.memory.offHeap.enabled": 0.0, "spark.memory.offHeap.size": 880.0, "spark.memory.storageFraction": 0.85, "spark.rdd.compress": 0.0, "spark.reducer.maxBlocksInFlightPerAddress": 1828426151.0, "spark.reducer.maxReqsInFlight": 1242591350.0, "spark.reducer.maxSizeInFlight": 67.0, "spark.scheduler.mode": 0.0, "spark.scheduler.revive.interval": 890.0, "spark.shuffle.compress": 0.0, "spark.shuffle.file.buffer": 21.0, "spark.shuffle.io.numConnectionsPerPeer": 4.0, "spark.shuffle.sort.bypassMergeThreshold": 164.0, "spark.storage.memoryFraction": 0.51, "spark.storage.memoryMapThreshold": 3.0}, "datetime": {"datetime": "2022-01-10 16:00:18", "elapsed": 1548.423519, "delta": 421.597483}}
{"target": -241.078, "params": {"spark.broadcast.blockSize": 63.0, "spark.broadcast.checksum": 0.0, "spark.broadcast.compress": 0.0, "spark.default.parallelism": 496.0, "spark.executor.cores": 3.0, "spark.executor.instances": 6.0, "spark.executor.memory": 5.0, "spark.executor.memoryOverhead": 536.0, "spark.kryoserializer.buffer": 39.0, "spark.kryoserializer.buffer.max": 82.0, "spark.locality.wait": 7.0, "spark.maxRemoteBlockSizeFetchToMem": 1930963432.0, "spark.memory.fraction": 0.77, "spark.memory.offHeap.enabled": 0.0, "spark.memory.offHeap.size": 685.0, "spark.memory.storageFraction": 0.67, "spark.rdd.compress": 0.0, "spark.reducer.maxBlocksInFlightPerAddress": 1253726787.0, "spark.reducer.maxReqsInFlight": 1921861309.0, "spark.reducer.maxSizeInFlight": 57.0, "spark.scheduler.mode": 0.0, "spark.scheduler.revive.interval": 590.0, "spark.shuffle.compress": 0.0, "spark.shuffle.file.buffer": 43.0, "spark.shuffle.io.numConnectionsPerPeer": 1.0, "spark.shuffle.sort.bypassMergeThreshold": 307.0, "spark.storage.memoryFraction": 0.72, "spark.storage.memoryMapThreshold": 2.0}, "datetime": {"datetime": "2022-01-10 16:04:27", "elapsed": 1797.706225, "delta": 249.282706}}
{"target": -241.652, "params": {"spark.broadcast.blockSize": 35.0, "spark.broadcast.checksum": 0.0, "spark.broadcast.compress": 0.0, "spark.default.parallelism": 475.0, "spark.executor.cores": 2.0, "spark.executor.instances": 7.0, "spark.executor.memory": 3.0, "spark.executor.memoryOverhead": 753.0, "spark.kryoserializer.buffer": 76.0, "spark.kryoserializer.buffer.max": 126.0, "spark.locality.wait": 5.0, "spark.maxRemoteBlockSizeFetchToMem": 2094077347.0, "spark.memory.fraction": 0.56, "spark.memory.offHeap.enabled": 0.0, "spark.memory.offHeap.size": 736.0, "spark.memory.storageFraction": 0.58, "spark.rdd.compress": 0.0, "spark.reducer.maxBlocksInFlightPerAddress": 1119405594.0, "spark.reducer.maxReqsInFlight": 1782009334.0, "spark.reducer.maxSizeInFlight": 35.0, "spark.scheduler.mode": 0.0, "spark.scheduler.revive.interval": 974.0, "spark.shuffle.compress": 0.0, "spark.shuffle.file.buffer": 18.0, "spark.shuffle.io.numConnectionsPerPeer": 2.0, "spark.shuffle.sort.bypassMergeThreshold": 261.0, "spark.storage.memoryFraction": 0.82, "spark.storage.memoryMapThreshold": 2.0}, "datetime": {"datetime": "2022-01-10 16:08:37", "elapsed": 2047.522364, "delta": 249.816139}}
{"target": -639.54, "params": {"spark.broadcast.blockSize": 62.0, "spark.broadcast.checksum": 0.0, "spark.broadcast.compress": 0.0, "spark.default.parallelism": 374.0, "spark.executor.cores": 1.0, "spark.executor.instances": 4.0, "spark.executor.memory": 4.0, "spark.executor.memoryOverhead": 639.0, "spark.kryoserializer.buffer": 50.0, "spark.kryoserializer.buffer.max": 44.0, "spark.locality.wait": 6.0, "spark.maxRemoteBlockSizeFetchToMem": 1813074436.0, "spark.memory.fraction": 0.89, "spark.memory.offHeap.enabled": 0.0, "spark.memory.offHeap.size": 860.0, "spark.memory.storageFraction": 0.63, "spark.rdd.compress": 0.0, "spark.reducer.maxBlocksInFlightPerAddress": 1997807222.0, "spark.reducer.maxReqsInFlight": 1250899569.0, "spark.reducer.maxSizeInFlight": 25.0, "spark.scheduler.mode": 0.0, "spark.scheduler.revive.interval": 696.0, "spark.shuffle.compress": 0.0, "spark.shuffle.file.buffer": 38.0, "spark.shuffle.io.numConnectionsPerPeer": 3.0, "spark.shuffle.sort.bypassMergeThreshold": 177.0, "spark.storage.memoryFraction": 0.78, "spark.storage.memoryMapThreshold": 3.0}, "datetime": {"datetime": "2022-01-10 16:19:25", "elapsed": 2695.422653, "delta": 647.900289}}
{"target": -286.871, "params": {"spark.broadcast.blockSize": 52.0, "spark.broadcast.checksum": 0.0, "spark.broadcast.compress": 0.0, "spark.default.parallelism": 484.0, "spark.executor.cores": 3.0, "spark.executor.instances": 5.0, "spark.executor.memory": 4.0, "spark.executor.memoryOverhead": 587.0, "spark.kryoserializer.buffer": 37.0, "spark.kryoserializer.buffer.max": 99.0, "spark.locality.wait": 9.0, "spark.maxRemoteBlockSizeFetchToMem": 1330168139.0, "spark.memory.fraction": 0.85, "spark.memory.offHeap.enabled": 0.0, "spark.memory.offHeap.size": 560.0, "spark.memory.storageFraction": 0.86, "spark.rdd.compress": 0.0, "spark.reducer.maxBlocksInFlightPerAddress": 2062979923.0, "spark.reducer.maxReqsInFlight": 1545967320.0, "spark.reducer.maxSizeInFlight": 43.0, "spark.scheduler.mode": 0.0, "spark.scheduler.revive.interval": 651.0, "spark.shuffle.compress": 0.0, "spark.shuffle.file.buffer": 32.0, "spark.shuffle.io.numConnectionsPerPeer": 3.0, "spark.shuffle.sort.bypassMergeThreshold": 228.0, "spark.storage.memoryFraction": 0.53, "spark.storage.memoryMapThreshold": 1.0}, "datetime": {"datetime": "2022-01-10 16:24:20", "elapsed": 2990.57414, "delta": 295.151487}}
{"target": -269.704, "params": {"spark.broadcast.blockSize": 39.0, "spark.broadcast.checksum": 0.0, "spark.broadcast.compress": 0.0, "spark.default.parallelism": 237.0, "spark.executor.cores": 2.0, "spark.executor.instances": 6.0, "spark.executor.memory": 3.0, "spark.executor.memoryOverhead": 501.0, "spark.kryoserializer.buffer": 123.0, "spark.kryoserializer.buffer.max": 86.0, "spark.locality.wait": 5.0, "spark.maxRemoteBlockSizeFetchToMem": 1180501012.0, "spark.memory.fraction": 0.52, "spark.memory.offHeap.enabled": 0.0, "spark.memory.offHeap.size": 719.0, "spark.memory.storageFraction": 0.57, "spark.rdd.compress": 0.0, "spark.reducer.maxBlocksInFlightPerAddress": 1236957606.0, "spark.reducer.maxReqsInFlight": 1986001549.0, "spark.reducer.maxSizeInFlight": 46.0, "spark.scheduler.mode": 0.0, "spark.scheduler.revive.interval": 734.0, "spark.shuffle.compress": 0.0, "spark.shuffle.file.buffer": 47.0, "spark.shuffle.io.numConnectionsPerPeer": 3.0, "spark.shuffle.sort.bypassMergeThreshold": 249.0, "spark.storage.memoryFraction": 0.85, "spark.storage.memoryMapThreshold": 1.0}, "datetime": {"datetime": "2022-01-10 16:28:58", "elapsed": 3268.642242, "delta": 278.068102}}
