{"target": -252.154, "params": {"spark.executor.cores": 2.0, "spark.scheduler.revive.interval": 548.0}, "datetime": {"datetime": "2022-01-19 18:53:03", "elapsed": 0.0, "delta": 0.0}}
{"target": -397.267, "params": {"spark.executor.cores": 1.0, "spark.scheduler.revive.interval": 744.0}, "datetime": {"datetime": "2022-01-19 18:53:03", "elapsed": 0.0, "delta": 0.0}}
{"target": -190.243, "params": {"spark.executor.cores": 3.0, "spark.scheduler.revive.interval": 604.0}, "datetime": {"datetime": "2022-01-19 18:53:03", "elapsed": 0.000957, "delta": 0.000957}}
{"target": -218.759, "params": {"spark.executor.cores": 3.0, "spark.scheduler.revive.interval": 521.0}, "datetime": {"datetime": "2022-01-19 18:53:03", "elapsed": 0.000957, "delta": 0.0}}
{"target": -254.225, "params": {"spark.executor.cores": 2.0, "spark.scheduler.revive.interval": 636.0}, "datetime": {"datetime": "2022-01-19 18:53:03", "elapsed": 0.001955, "delta": 0.000998}}
{"target": -274.356, "params": {"spark.executor.cores": 2.0, "spark.scheduler.revive.interval": 948.0}, "datetime": {"datetime": "2022-01-19 18:53:03", "elapsed": 0.001955, "delta": 0.0}}
{"target": -187.626, "params": {"spark.executor.cores": 3.0, "spark.scheduler.revive.interval": 603.0}, "datetime": {"datetime": "2022-01-19 18:53:03", "elapsed": 0.001955, "delta": 0.0}}
{"target": -185.528, "params": {"spark.executor.cores": 3.0, "spark.scheduler.revive.interval": 626.0}, "datetime": {"datetime": "2022-01-19 18:53:03", "elapsed": 0.001955, "delta": 0.0}}
{"target": -274.999, "params": {"spark.executor.cores": 3.0, "spark.scheduler.revive.interval": 996.0}, "datetime": {"datetime": "2022-01-19 18:53:03", "elapsed": 0.001955, "delta": 0.0}}
{"target": -222.671, "params": {"spark.executor.cores": 3.0, "spark.scheduler.revive.interval": 984.0}, "datetime": {"datetime": "2022-01-19 18:53:03", "elapsed": 0.002952, "delta": 0.000997}}
{"target": -212.804, "params": {"spark.executor.cores": 3.0, "spark.scheduler.revive.interval": 597.0}, "datetime": {"datetime": "2022-01-19 18:53:03", "elapsed": 0.002952, "delta": 0.0}}
{"target": -268.936, "params": {"spark.executor.cores": 3.0, "spark.scheduler.revive.interval": 598.0}, "datetime": {"datetime": "2022-01-19 18:53:03", "elapsed": 0.002952, "delta": 0.0}}
{"target": -434.403, "params": {"spark.executor.cores": 1.0, "spark.scheduler.revive.interval": 965.0}, "datetime": {"datetime": "2022-01-19 18:53:03", "elapsed": 0.002952, "delta": 0.0}}
{"target": -280.262, "params": {"spark.executor.cores": 3.0, "spark.scheduler.revive.interval": 802.0}, "datetime": {"datetime": "2022-01-19 18:53:03", "elapsed": 0.003949, "delta": 0.000997}}
{"target": -191.337, "params": {"spark.executor.cores": 3.0, "spark.scheduler.revive.interval": 508.0}, "datetime": {"datetime": "2022-01-19 18:53:03", "elapsed": 0.003949, "delta": 0.0}}
{"target": -180.737, "params": {"spark.executor.cores": 3.0, "spark.scheduler.revive.interval": 551.0}, "datetime": {"datetime": "2022-01-19 18:53:03", "elapsed": 0.003949, "delta": 0.0}}
{"target": -290.366, "params": {"spark.executor.cores": 2.0, "spark.scheduler.revive.interval": 743.0}, "datetime": {"datetime": "2022-01-19 18:53:03", "elapsed": 0.003949, "delta": 0.0}}
{"target": -242.835, "params": {"spark.executor.cores": 3.0, "spark.scheduler.revive.interval": 825.0}, "datetime": {"datetime": "2022-01-19 18:53:03", "elapsed": 0.003949, "delta": 0.0}}
{"target": -225.005, "params": {"spark.executor.cores": 3.0, "spark.scheduler.revive.interval": 533.0}, "datetime": {"datetime": "2022-01-19 18:53:03", "elapsed": 0.004946, "delta": 0.000997}}
{"target": -192.778, "params": {"spark.executor.cores": 3.0, "spark.scheduler.revive.interval": 507.0}, "datetime": {"datetime": "2022-01-19 18:53:03", "elapsed": 0.004946, "delta": 0.0}}
{"target": -211.6, "params": {"spark.executor.cores": 3.0, "spark.scheduler.revive.interval": 948.0}, "datetime": {"datetime": "2022-01-19 18:53:03", "elapsed": 0.004946, "delta": 0.0}}
{"target": -313.351, "params": {"spark.executor.cores": 2.0, "spark.scheduler.revive.interval": 564.0}, "datetime": {"datetime": "2022-01-19 18:53:03", "elapsed": 0.004946, "delta": 0.0}}
{"target": -215.281, "params": {"spark.executor.cores": 3.0, "spark.scheduler.revive.interval": 516.0}, "datetime": {"datetime": "2022-01-19 18:53:03", "elapsed": 0.004946, "delta": 0.0}}
{"target": -184.96, "params": {"spark.executor.cores": 3.0, "spark.scheduler.revive.interval": 548.0}, "datetime": {"datetime": "2022-01-19 18:53:03", "elapsed": 0.005943, "delta": 0.000997}}
{"target": -186.093, "params": {"spark.executor.cores": 3.0, "spark.scheduler.revive.interval": 641.0}, "datetime": {"datetime": "2022-01-19 18:53:03", "elapsed": 0.005943, "delta": 0.0}}
{"target": -200.646, "params": {"spark.executor.cores": 3.0, "spark.scheduler.revive.interval": 768.0}, "datetime": {"datetime": "2022-01-19 18:53:03", "elapsed": 0.005943, "delta": 0.0}}
{"target": -189.006, "params": {"spark.executor.cores": 3.0, "spark.scheduler.revive.interval": 665.0}, "datetime": {"datetime": "2022-01-19 18:53:03", "elapsed": 0.005943, "delta": 0.0}}
{"target": -266.492, "params": {"spark.executor.cores": 2.0, "spark.scheduler.revive.interval": 563.0}, "datetime": {"datetime": "2022-01-19 18:53:03", "elapsed": 0.005943, "delta": 0.0}}
{"target": -441.321, "params": {"spark.executor.cores": 1.0, "spark.scheduler.revive.interval": 846.0}, "datetime": {"datetime": "2022-01-19 18:53:03", "elapsed": 0.00694, "delta": 0.000997}}
{"target": -353.454, "params": {"spark.executor.cores": 2.0, "spark.scheduler.revive.interval": 947.0}, "datetime": {"datetime": "2022-01-19 18:53:03", "elapsed": 0.00694, "delta": 0.0}}
{"target": -219.891, "params": {"spark.executor.cores": 3.0, "spark.scheduler.revive.interval": 693.0}, "datetime": {"datetime": "2022-01-19 18:53:03", "elapsed": 0.00694, "delta": 0.0}}
{"target": -220.545, "params": {"spark.executor.cores": 3.0, "spark.scheduler.revive.interval": 667.0}, "datetime": {"datetime": "2022-01-19 18:53:03", "elapsed": 0.007937, "delta": 0.000997}}
{"target": -242.963, "params": {"spark.executor.cores": 3.0, "spark.scheduler.revive.interval": 756.0}, "datetime": {"datetime": "2022-01-19 18:53:03", "elapsed": 0.007937, "delta": 0.0}}
{"target": -636.02, "params": {"spark.executor.cores": 1.0, "spark.scheduler.revive.interval": 998.0}, "datetime": {"datetime": "2022-01-19 18:53:03", "elapsed": 0.007937, "delta": 0.0}}
{"target": -161.268, "params": {"spark.executor.cores": 4.0, "spark.scheduler.revive.interval": 673.0}, "datetime": {"datetime": "2022-01-19 18:53:03", "elapsed": 0.007937, "delta": 0.0}}
{"target": -161.869, "params": {"spark.executor.cores": 4.0, "spark.scheduler.revive.interval": 663.0}, "datetime": {"datetime": "2022-01-19 18:53:03", "elapsed": 0.007937, "delta": 0.0}}
{"target": -218.24, "params": {"spark.executor.cores": 2.0, "spark.scheduler.revive.interval": 601.0}, "datetime": {"datetime": "2022-01-19 18:53:03", "elapsed": 0.007937, "delta": 0.0}}
{"target": -270.492, "params": {"spark.executor.cores": 2.0, "spark.scheduler.revive.interval": 741.0}, "datetime": {"datetime": "2022-01-19 18:53:03", "elapsed": 0.008936, "delta": 0.000999}}
{"target": -187.051, "params": {"spark.executor.cores": 4.0, "spark.scheduler.revive.interval": 785.0}, "datetime": {"datetime": "2022-01-19 18:53:03", "elapsed": 0.008936, "delta": 0.0}}
{"target": -160.02, "params": {"spark.executor.cores": 4.0, "spark.scheduler.revive.interval": 758.0}, "datetime": {"datetime": "2022-01-19 18:53:03", "elapsed": 0.008936, "delta": 0.0}}
{"target": -340.709, "params": {"spark.executor.cores": 1.0, "spark.scheduler.revive.interval": 849.0}, "datetime": {"datetime": "2022-01-19 18:53:03", "elapsed": 0.008936, "delta": 0.0}}
{"target": -185.006, "params": {"spark.executor.cores": 3.0, "spark.scheduler.revive.interval": 545.0}, "datetime": {"datetime": "2022-01-19 18:53:03", "elapsed": 0.009932, "delta": 0.000996}}
{"target": -187.873, "params": {"spark.executor.cores": 4.0, "spark.scheduler.revive.interval": 751.0}, "datetime": {"datetime": "2022-01-19 18:53:03", "elapsed": 0.009932, "delta": 0.0}}
{"target": -182.159, "params": {"spark.executor.cores": 4.0, "spark.scheduler.revive.interval": 744.0}, "datetime": {"datetime": "2022-01-19 18:53:03", "elapsed": 0.009932, "delta": 0.0}}
{"target": -171.29599000000005, "params": {"spark.executor.cores": 3.9604467964725005, "spark.scheduler.revive.interval": 950.3755623256939}, "datetime": {"datetime": "2022-01-19 18:53:03", "elapsed": 0.156568, "delta": 0.146636}}
{"target": -171.29599000000005, "params": {"spark.executor.cores": 3.740653922792041, "spark.scheduler.revive.interval": 760.5176113054969}, "datetime": {"datetime": "2022-01-19 18:53:03", "elapsed": 0.329079, "delta": 0.172511}}
{"target": -171.29599000000005, "params": {"spark.executor.cores": 2.9739999999999998, "spark.scheduler.revive.interval": 675.4644173764952}, "datetime": {"datetime": "2022-01-19 18:53:03", "elapsed": 0.473692, "delta": 0.144613}}
{"target": -171.29599000000005, "params": {"spark.executor.cores": 3.3786150379973834, "spark.scheduler.revive.interval": 659.9802522058438}, "datetime": {"datetime": "2022-01-19 18:53:03", "elapsed": 0.598359, "delta": 0.124667}}
{"target": -171.29599000000005, "params": {"spark.executor.cores": 3.670443102700637, "spark.scheduler.revive.interval": 764.148881615524}, "datetime": {"datetime": "2022-01-19 18:53:03", "elapsed": 0.700086, "delta": 0.101727}}
{"target": -171.29599000000005, "params": {"spark.executor.cores": 3.8702506025454624, "spark.scheduler.revive.interval": 656.721753877252}, "datetime": {"datetime": "2022-01-19 18:53:03", "elapsed": 0.819766, "delta": 0.11968}}
{"target": -171.29599000000005, "params": {"spark.executor.cores": 3.4252304063002335, "spark.scheduler.revive.interval": 653.4770943421205}, "datetime": {"datetime": "2022-01-19 18:53:03", "elapsed": 0.97535, "delta": 0.155584}}
{"target": -171.29599000000005, "params": {"spark.executor.cores": 4.0, "spark.scheduler.revive.interval": 650.5957739}, "datetime": {"datetime": "2022-01-19 18:53:04", "elapsed": 1.09902, "delta": 0.12367}}
{"target": -171.29599000000005, "params": {"spark.executor.cores": 3.9825665893526754, "spark.scheduler.revive.interval": 678.7080626470321}, "datetime": {"datetime": "2022-01-19 18:53:04", "elapsed": 1.243634, "delta": 0.144614}}
{"target": -171.29599000000005, "params": {"spark.executor.cores": 3.563045322224096, "spark.scheduler.revive.interval": 682.0847322159432}, "datetime": {"datetime": "2022-01-19 18:53:04", "elapsed": 1.392235, "delta": 0.148601}}
{"target": -171.29599000000005, "params": {"spark.executor.cores": 3.879182687317386, "spark.scheduler.revive.interval": 685.5297247378927}, "datetime": {"datetime": "2022-01-19 18:53:04", "elapsed": 1.530864, "delta": 0.138629}}
{"target": -171.29599000000005, "params": {"spark.executor.cores": 4.0, "spark.scheduler.revive.interval": 688.7939192896882}, "datetime": {"datetime": "2022-01-19 18:53:04", "elapsed": 1.669522, "delta": 0.138658}}
{"target": -171.29599000000005, "params": {"spark.executor.cores": 3.786949248999847, "spark.scheduler.revive.interval": 781.1992890377852}, "datetime": {"datetime": "2022-01-19 18:53:04", "elapsed": 1.833056, "delta": 0.163534}}
{"target": -171.29599000000005, "params": {"spark.executor.cores": 4.0, "spark.scheduler.revive.interval": 777.6801528166184}, "datetime": {"datetime": "2022-01-19 18:53:04", "elapsed": 1.945783, "delta": 0.112727}}
{"target": -171.29599000000005, "params": {"spark.executor.cores": 3.710227295570494, "spark.scheduler.revive.interval": 773.9769164309879}, "datetime": {"datetime": "2022-01-19 18:53:05", "elapsed": 2.068456, "delta": 0.122673}}
