{"target": -252.154, "params": {"spark.executor.cores": 2.0, "spark.scheduler.revive.interval": 548.0}, "datetime": {"datetime": "2022-01-22 20:32:29", "elapsed": 0.0, "delta": 0.0}}
{"target": -190.243, "params": {"spark.executor.cores": 3.0, "spark.scheduler.revive.interval": 604.0}, "datetime": {"datetime": "2022-01-22 20:32:29", "elapsed": 0.000957, "delta": 0.000957}}
{"target": -254.225, "params": {"spark.executor.cores": 2.0, "spark.scheduler.revive.interval": 636.0}, "datetime": {"datetime": "2022-01-22 20:32:29", "elapsed": 0.001952, "delta": 0.000995}}
{"target": -187.626, "params": {"spark.executor.cores": 3.0, "spark.scheduler.revive.interval": 603.0}, "datetime": {"datetime": "2022-01-22 20:32:29", "elapsed": 0.001952, "delta": 0.0}}
{"target": -274.999, "params": {"spark.executor.cores": 3.0, "spark.scheduler.revive.interval": 996.0}, "datetime": {"datetime": "2022-01-22 20:32:29", "elapsed": 0.00295, "delta": 0.000998}}
{"target": -212.804, "params": {"spark.executor.cores": 3.0, "spark.scheduler.revive.interval": 597.0}, "datetime": {"datetime": "2022-01-22 20:32:29", "elapsed": 0.003948, "delta": 0.000998}}
{"target": -434.403, "params": {"spark.executor.cores": 1.0, "spark.scheduler.revive.interval": 965.0}, "datetime": {"datetime": "2022-01-22 20:32:29", "elapsed": 0.003948, "delta": 0.0}}
{"target": -191.337, "params": {"spark.executor.cores": 3.0, "spark.scheduler.revive.interval": 508.0}, "datetime": {"datetime": "2022-01-22 20:32:29", "elapsed": 0.004944, "delta": 0.000996}}
{"target": -290.366, "params": {"spark.executor.cores": 2.0, "spark.scheduler.revive.interval": 743.0}, "datetime": {"datetime": "2022-01-22 20:32:29", "elapsed": 0.004944, "delta": 0.0}}
{"target": -225.005, "params": {"spark.executor.cores": 3.0, "spark.scheduler.revive.interval": 533.0}, "datetime": {"datetime": "2022-01-22 20:32:29", "elapsed": 0.004944, "delta": 0.0}}
{"target": -211.6, "params": {"spark.executor.cores": 3.0, "spark.scheduler.revive.interval": 948.0}, "datetime": {"datetime": "2022-01-22 20:32:29", "elapsed": 0.00594, "delta": 0.000996}}
{"target": -215.281, "params": {"spark.executor.cores": 3.0, "spark.scheduler.revive.interval": 516.0}, "datetime": {"datetime": "2022-01-22 20:32:29", "elapsed": 0.00594, "delta": 0.0}}
{"target": -186.093, "params": {"spark.executor.cores": 3.0, "spark.scheduler.revive.interval": 641.0}, "datetime": {"datetime": "2022-01-22 20:32:29", "elapsed": 0.006937, "delta": 0.000997}}
{"target": -189.006, "params": {"spark.executor.cores": 3.0, "spark.scheduler.revive.interval": 665.0}, "datetime": {"datetime": "2022-01-22 20:32:29", "elapsed": 0.006937, "delta": 0.0}}
{"target": -441.321, "params": {"spark.executor.cores": 1.0, "spark.scheduler.revive.interval": 846.0}, "datetime": {"datetime": "2022-01-22 20:32:29", "elapsed": 0.007935, "delta": 0.000998}}
{"target": -219.891, "params": {"spark.executor.cores": 3.0, "spark.scheduler.revive.interval": 693.0}, "datetime": {"datetime": "2022-01-22 20:32:29", "elapsed": 0.007935, "delta": 0.0}}
{"target": -242.963, "params": {"spark.executor.cores": 3.0, "spark.scheduler.revive.interval": 756.0}, "datetime": {"datetime": "2022-01-22 20:32:29", "elapsed": 0.007935, "delta": 0.0}}
{"target": -161.268, "params": {"spark.executor.cores": 4.0, "spark.scheduler.revive.interval": 673.0}, "datetime": {"datetime": "2022-01-22 20:32:29", "elapsed": 0.008933, "delta": 0.000998}}
{"target": -218.24, "params": {"spark.executor.cores": 2.0, "spark.scheduler.revive.interval": 601.0}, "datetime": {"datetime": "2022-01-22 20:32:29", "elapsed": 0.008933, "delta": 0.0}}
{"target": -187.051, "params": {"spark.executor.cores": 4.0, "spark.scheduler.revive.interval": 785.0}, "datetime": {"datetime": "2022-01-22 20:32:29", "elapsed": 0.00993, "delta": 0.000997}}
{"target": -340.709, "params": {"spark.executor.cores": 1.0, "spark.scheduler.revive.interval": 849.0}, "datetime": {"datetime": "2022-01-22 20:32:29", "elapsed": 0.00993, "delta": 0.0}}
{"target": -187.873, "params": {"spark.executor.cores": 4.0, "spark.scheduler.revive.interval": 751.0}, "datetime": {"datetime": "2022-01-22 20:32:29", "elapsed": 0.00993, "delta": 0.0}}
{"target": -246.81917463030135, "params": {"spark.executor.cores": 2.526535658831242, "spark.scheduler.revive.interval": 670.1166193644466}, "datetime": {"datetime": "2022-01-22 20:32:29", "elapsed": 0.321649, "delta": 0.311719}}
{"target": -246.81917463030135, "params": {"spark.executor.cores": 3.884582262779081, "spark.scheduler.revive.interval": 675.2945787922296}, "datetime": {"datetime": "2022-01-22 20:32:30", "elapsed": 0.676699, "delta": 0.35505}}
{"target": -246.81917463030135, "params": {"spark.executor.cores": 3.5752437604709533, "spark.scheduler.revive.interval": 643.8796036139146}, "datetime": {"datetime": "2022-01-22 20:32:30", "elapsed": 1.096106, "delta": 0.419407}}
{"target": -246.81917463030135, "params": {"spark.executor.cores": 3.8075082936814084, "spark.scheduler.revive.interval": 662.2090493385948}, "datetime": {"datetime": "2022-01-22 20:32:30", "elapsed": 1.52097, "delta": 0.424864}}
{"target": -246.81917463030135, "params": {"spark.executor.cores": 3.9645090097714304, "spark.scheduler.revive.interval": 787.8594321569536}, "datetime": {"datetime": "2022-01-22 20:32:31", "elapsed": 1.912434, "delta": 0.391464}}
{"target": -246.81917463030135, "params": {"spark.executor.cores": 3.7378966549677357, "spark.scheduler.revive.interval": 782.350133678678}, "datetime": {"datetime": "2022-01-22 20:32:31", "elapsed": 2.298802, "delta": 0.386368}}
{"target": -246.81917463030135, "params": {"spark.executor.cores": 3.984166896581612, "spark.scheduler.revive.interval": 672.2863876511312}, "datetime": {"datetime": "2022-01-22 20:32:32", "elapsed": 2.616783, "delta": 0.317981}}
{"target": -246.81917463030135, "params": {"spark.executor.cores": 3.9616404339858438, "spark.scheduler.revive.interval": 673.3468917957731}, "datetime": {"datetime": "2022-01-22 20:32:32", "elapsed": 2.852118, "delta": 0.235335}}
{"target": -246.81917463030135, "params": {"spark.executor.cores": 3.7563792323834795, "spark.scheduler.revive.interval": 711.3946856055054}, "datetime": {"datetime": "2022-01-22 20:32:32", "elapsed": 2.994747, "delta": 0.142629}}
{"target": -246.81917463030135, "params": {"spark.executor.cores": 3.5821141081168664, "spark.scheduler.revive.interval": 657.0406120138548}, "datetime": {"datetime": "2022-01-22 20:32:32", "elapsed": 3.128389, "delta": 0.133642}}
{"target": -246.81917463030135, "params": {"spark.executor.cores": 3.5878467586982614, "spark.scheduler.revive.interval": 678.277508978751}, "datetime": {"datetime": "2022-01-22 20:32:32", "elapsed": 3.287046, "delta": 0.158657}}
{"target": -246.81917463030135, "params": {"spark.executor.cores": 3.7373359037881664, "spark.scheduler.revive.interval": 641.8160693797313}, "datetime": {"datetime": "2022-01-22 20:32:32", "elapsed": 3.474556, "delta": 0.18751}}
{"target": -246.81917463030135, "params": {"spark.executor.cores": 3.710564540619057, "spark.scheduler.revive.interval": 694.6261503640419}, "datetime": {"datetime": "2022-01-22 20:32:33", "elapsed": 3.623158, "delta": 0.148602}}
{"target": -246.81917463030135, "params": {"spark.executor.cores": 3.970949519649011, "spark.scheduler.revive.interval": 663.5820100371756}, "datetime": {"datetime": "2022-01-22 20:32:33", "elapsed": 3.773755, "delta": 0.150597}}
{"target": -246.81917463030135, "params": {"spark.executor.cores": 3.7589312543349807, "spark.scheduler.revive.interval": 691.5923817876518}, "datetime": {"datetime": "2022-01-22 20:32:33", "elapsed": 3.921243, "delta": 0.147488}}
