{"target": -209.646, "params": {"spark.executor.cores": 3.0, "spark.executor.instances": 6.0, "spark.executor.memory": 6.0}, "datetime": {"datetime": "2022-01-22 18:33:56", "elapsed": 0.0, "delta": 0.0}}
{"target": -207.942, "params": {"spark.executor.cores": 2.0, "spark.executor.instances": 8.0, "spark.executor.memory": 5.0}, "datetime": {"datetime": "2022-01-22 18:33:56", "elapsed": 0.001001, "delta": 0.001001}}
{"target": -463.057, "params": {"spark.executor.cores": 1.0, "spark.executor.instances": 5.0, "spark.executor.memory": 3.0}, "datetime": {"datetime": "2022-01-22 18:33:56", "elapsed": 0.001966, "delta": 0.000965}}
{"target": -218.302, "params": {"spark.executor.cores": 2.0, "spark.executor.instances": 8.0, "spark.executor.memory": 5.0}, "datetime": {"datetime": "2022-01-22 18:33:56", "elapsed": 0.009799, "delta": 0.007833}}
{"target": -458.204, "params": {"spark.executor.cores": 1.0, "spark.executor.instances": 5.0, "spark.executor.memory": 3.0}, "datetime": {"datetime": "2022-01-22 18:33:56", "elapsed": 0.010787, "delta": 0.000988}}
{"target": -202.15, "params": {"spark.executor.cores": 2.0, "spark.executor.instances": 8.0, "spark.executor.memory": 5.0}, "datetime": {"datetime": "2022-01-22 18:33:56", "elapsed": 0.010787, "delta": 0.0}}
{"target": -249.5, "params": {"spark.executor.cores": 3.0, "spark.executor.instances": 4.0, "spark.executor.memory": 6.0}, "datetime": {"datetime": "2022-01-22 18:33:56", "elapsed": 0.011786, "delta": 0.000999}}
{"target": -212.629, "params": {"spark.executor.cores": 2.0, "spark.executor.instances": 8.0, "spark.executor.memory": 5.0}, "datetime": {"datetime": "2022-01-22 18:33:56", "elapsed": 0.012783, "delta": 0.000997}}
{"target": -515.218, "params": {"spark.executor.cores": 1.0, "spark.executor.instances": 4.0, "spark.executor.memory": 3.0}, "datetime": {"datetime": "2022-01-22 18:33:56", "elapsed": 0.012783, "delta": 0.0}}
{"target": -232.895, "params": {"spark.executor.cores": 3.0, "spark.executor.instances": 6.0, "spark.executor.memory": 7.0}, "datetime": {"datetime": "2022-01-22 18:33:56", "elapsed": 0.012783, "delta": 0.0}}
{"target": -208.52161642793868, "params": {"spark.executor.cores": 4.0, "spark.executor.instances": 8.0, "spark.executor.memory": 5.1416042789026335}, "datetime": {"datetime": "2022-01-22 18:33:57", "elapsed": 0.428677, "delta": 0.415894}}
{"target": -276.2914523300774, "params": {"spark.executor.cores": 2.764992288764196, "spark.executor.instances": 8.0, "spark.executor.memory": 6.274280062760241}, "datetime": {"datetime": "2022-01-22 18:33:57", "elapsed": 0.86155, "delta": 0.432873}}
{"target": -276.2914523300774, "params": {"spark.executor.cores": 3.071, "spark.executor.instances": 8.0, "spark.executor.memory": 3.6211097201522806}, "datetime": {"datetime": "2022-01-22 18:33:58", "elapsed": 1.497818, "delta": 0.636268}}
{"target": -286.95316216519257, "params": {"spark.executor.cores": 1.0360999999999998, "spark.executor.instances": 7.191244459189542, "spark.executor.memory": 5.496897060087299}, "datetime": {"datetime": "2022-01-22 18:33:59", "elapsed": 2.101225, "delta": 0.603407}}
{"target": -286.95316216519257, "params": {"spark.executor.cores": 2.8675100000000002, "spark.executor.instances": 7.136576695884927, "spark.executor.memory": 5.0196953826476625}, "datetime": {"datetime": "2022-01-22 18:33:59", "elapsed": 2.646872, "delta": 0.545647}}
{"target": -276.2914523300774, "params": {"spark.executor.cores": 1.2192409999999998, "spark.executor.instances": 8.0, "spark.executor.memory": 4.139771613399415}, "datetime": {"datetime": "2022-01-22 18:34:00", "elapsed": 3.207529, "delta": 0.560657}}
{"target": -276.2914523300774, "params": {"spark.executor.cores": 1.5312047813149912, "spark.executor.instances": 8.0, "spark.executor.memory": 5.578005696416702}, "datetime": {"datetime": "2022-01-22 18:34:00", "elapsed": 3.806897, "delta": 0.599368}}
{"target": -276.2914523300774, "params": {"spark.executor.cores": 2.617940768147025, "spark.executor.instances": 8.0, "spark.executor.memory": 4.839580007623151}, "datetime": {"datetime": "2022-01-22 18:34:01", "elapsed": 4.42435, "delta": 0.617453}}
{"target": -276.2914523300774, "params": {"spark.executor.cores": 1.7879385389415645, "spark.executor.instances": 7.5543530025479955, "spark.executor.memory": 4.764078541523456}, "datetime": {"datetime": "2022-01-22 18:34:01", "elapsed": 5.070622, "delta": 0.646272}}
{"target": -276.2914523300774, "params": {"spark.executor.cores": 2.18864411931374, "spark.executor.instances": 8.0, "spark.executor.memory": 5.372943756678581}, "datetime": {"datetime": "2022-01-22 18:34:02", "elapsed": 5.755775, "delta": 0.685153}}
{"target": -276.2914523300774, "params": {"spark.executor.cores": 1.7845511764454642, "spark.executor.instances": 8.0, "spark.executor.memory": 4.7846580807887955}, "datetime": {"datetime": "2022-01-22 18:34:03", "elapsed": 6.41105, "delta": 0.655275}}
{"target": -276.2914523300774, "params": {"spark.executor.cores": 1.701879766483907, "spark.executor.instances": 7.5438787136993035, "spark.executor.memory": 4.793072138951368}, "datetime": {"datetime": "2022-01-22 18:34:03", "elapsed": 6.471887, "delta": 0.060837}}
{"target": -276.2914523300774, "params": {"spark.executor.cores": 1.8312079058739974, "spark.executor.instances": 7.887596048845176, "spark.executor.memory": 4.559617216308467}, "datetime": {"datetime": "2022-01-22 18:34:03", "elapsed": 6.536765, "delta": 0.064878}}
{"target": -276.2914523300774, "params": {"spark.executor.cores": 2.1704450973206595, "spark.executor.instances": 8.0, "spark.executor.memory": 4.900712926655919}, "datetime": {"datetime": "2022-01-22 18:34:03", "elapsed": 7.001483, "delta": 0.464718}}
{"target": -276.2914523300774, "params": {"spark.executor.cores": 2.059408692449676, "spark.executor.instances": 7.657180367349116, "spark.executor.memory": 4.684391550499185}, "datetime": {"datetime": "2022-01-22 18:34:03", "elapsed": 7.061364, "delta": 0.059881}}
