{"target": -209.646, "params": {"spark.executor.cores": 3.0, "spark.executor.instances": 6.0}, "datetime": {"datetime": "2022-01-22 18:33:04", "elapsed": 0.0, "delta": 0.0}}
{"target": -207.942, "params": {"spark.executor.cores": 2.0, "spark.executor.instances": 8.0}, "datetime": {"datetime": "2022-01-22 18:33:04", "elapsed": 0.00215, "delta": 0.00215}}
{"target": -463.057, "params": {"spark.executor.cores": 1.0, "spark.executor.instances": 5.0}, "datetime": {"datetime": "2022-01-22 18:33:04", "elapsed": 0.004152, "delta": 0.002002}}
{"target": -218.302, "params": {"spark.executor.cores": 2.0, "spark.executor.instances": 8.0}, "datetime": {"datetime": "2022-01-22 18:33:04", "elapsed": 0.006147, "delta": 0.001995}}
{"target": -458.204, "params": {"spark.executor.cores": 1.0, "spark.executor.instances": 5.0}, "datetime": {"datetime": "2022-01-22 18:33:04", "elapsed": 0.008141, "delta": 0.001994}}
{"target": -202.15, "params": {"spark.executor.cores": 2.0, "spark.executor.instances": 8.0}, "datetime": {"datetime": "2022-01-22 18:33:04", "elapsed": 0.009139, "delta": 0.000998}}
{"target": -249.5, "params": {"spark.executor.cores": 3.0, "spark.executor.instances": 4.0}, "datetime": {"datetime": "2022-01-22 18:33:04", "elapsed": 0.010136, "delta": 0.000997}}
{"target": -212.629, "params": {"spark.executor.cores": 2.0, "spark.executor.instances": 8.0}, "datetime": {"datetime": "2022-01-22 18:33:04", "elapsed": 0.011138, "delta": 0.001002}}
{"target": -515.218, "params": {"spark.executor.cores": 1.0, "spark.executor.instances": 4.0}, "datetime": {"datetime": "2022-01-22 18:33:04", "elapsed": 0.01213, "delta": 0.000992}}
{"target": -232.895, "params": {"spark.executor.cores": 3.0, "spark.executor.instances": 6.0}, "datetime": {"datetime": "2022-01-22 18:33:04", "elapsed": 0.013129, "delta": 0.000999}}
{"target": -255.69758160909018, "params": {"spark.executor.cores": 3.516386344726599, "spark.executor.instances": 7.594837201595136}, "datetime": {"datetime": "2022-01-22 18:33:05", "elapsed": 1.280738, "delta": 1.267609}}
{"target": -255.69758160909018, "params": {"spark.executor.cores": 1.0, "spark.executor.instances": 8.0}, "datetime": {"datetime": "2022-01-22 18:33:05", "elapsed": 1.858193, "delta": 0.577455}}
{"target": -255.69758160909018, "params": {"spark.executor.cores": 2.3039931896346473, "spark.executor.instances": 7.132434624127385}, "datetime": {"datetime": "2022-01-22 18:33:06", "elapsed": 2.770026, "delta": 0.911833}}
{"target": -255.69758160909018, "params": {"spark.executor.cores": 2.5898041778223986, "spark.executor.instances": 8.0}, "datetime": {"datetime": "2022-01-22 18:33:07", "elapsed": 3.52401, "delta": 0.753984}}
{"target": -255.69758160909018, "params": {"spark.executor.cores": 1.6739684116258577, "spark.executor.instances": 8.0}, "datetime": {"datetime": "2022-01-22 18:33:08", "elapsed": 4.087511, "delta": 0.563501}}
{"target": -255.69758160909018, "params": {"spark.executor.cores": 1.2192409999999998, "spark.executor.instances": 7.002727999999999}, "datetime": {"datetime": "2022-01-22 18:33:08", "elapsed": 4.312909, "delta": 0.225398}}
{"target": -255.69758160909018, "params": {"spark.executor.cores": 2.1030069506343056, "spark.executor.instances": 7.7186037881600225}, "datetime": {"datetime": "2022-01-22 18:33:09", "elapsed": 4.947213, "delta": 0.634304}}
{"target": -255.69758160909018, "params": {"spark.executor.cores": 2.6324147900000003, "spark.executor.instances": 7.1922096799999995}, "datetime": {"datetime": "2022-01-22 18:33:09", "elapsed": 5.351138, "delta": 0.403925}}
{"target": -255.69758160909018, "params": {"spark.executor.cores": 2.170610263926123, "spark.executor.instances": 7.999790777670367}, "datetime": {"datetime": "2022-01-22 18:33:09", "elapsed": 5.755058, "delta": 0.40392}}
{"target": -255.69758160909018, "params": {"spark.executor.cores": 1.6398275389510022, "spark.executor.instances": 7.611787105804126}, "datetime": {"datetime": "2022-01-22 18:33:09", "elapsed": 5.83285, "delta": 0.077792}}
{"target": -255.69758160909018, "params": {"spark.executor.cores": 1.6005701062098792, "spark.executor.instances": 7.725751250528894}, "datetime": {"datetime": "2022-01-22 18:33:10", "elapsed": 5.91862, "delta": 0.08577}}
{"target": -255.69758160909018, "params": {"spark.executor.cores": 1.9032934560990928, "spark.executor.instances": 7.904706587209974}, "datetime": {"datetime": "2022-01-22 18:33:10", "elapsed": 6.328525, "delta": 0.409905}}
{"target": -255.69758160909018, "params": {"spark.executor.cores": 1.9885580072973617, "spark.executor.instances": 7.994953840253709}, "datetime": {"datetime": "2022-01-22 18:33:10", "elapsed": 6.567885, "delta": 0.23936}}
{"target": -255.69758160909018, "params": {"spark.executor.cores": 2.001305075211529, "spark.executor.instances": 7.996984418353342}, "datetime": {"datetime": "2022-01-22 18:33:10", "elapsed": 6.650663, "delta": 0.082778}}
{"target": -255.69758160909018, "params": {"spark.executor.cores": 1.799198161042426, "spark.executor.instances": 7.877949383347602}, "datetime": {"datetime": "2022-01-22 18:33:10", "elapsed": 6.750396, "delta": 0.099733}}
