{"target": -209.646, "params": {"spark.executor.cores": 3.0, "spark.executor.instances": 6.0}, "datetime": {"datetime": "2022-01-22 21:47:29", "elapsed": 0.0, "delta": 0.0}}
{"target": -207.942, "params": {"spark.executor.cores": 2.0, "spark.executor.instances": 8.0}, "datetime": {"datetime": "2022-01-22 21:47:29", "elapsed": 0.000997, "delta": 0.000997}}
{"target": -463.057, "params": {"spark.executor.cores": 1.0, "spark.executor.instances": 5.0}, "datetime": {"datetime": "2022-01-22 21:47:29", "elapsed": 0.000997, "delta": 0.0}}
{"target": -218.302, "params": {"spark.executor.cores": 2.0, "spark.executor.instances": 8.0}, "datetime": {"datetime": "2022-01-22 21:47:29", "elapsed": 0.000997, "delta": 0.0}}
{"target": -458.204, "params": {"spark.executor.cores": 1.0, "spark.executor.instances": 5.0}, "datetime": {"datetime": "2022-01-22 21:47:29", "elapsed": 0.00399, "delta": 0.002993}}
{"target": -202.15, "params": {"spark.executor.cores": 2.0, "spark.executor.instances": 8.0}, "datetime": {"datetime": "2022-01-22 21:47:29", "elapsed": 0.00399, "delta": 0.0}}
{"target": -249.5, "params": {"spark.executor.cores": 3.0, "spark.executor.instances": 4.0}, "datetime": {"datetime": "2022-01-22 21:47:29", "elapsed": 0.004986, "delta": 0.000996}}
{"target": -212.629, "params": {"spark.executor.cores": 2.0, "spark.executor.instances": 8.0}, "datetime": {"datetime": "2022-01-22 21:47:29", "elapsed": 0.004986, "delta": 0.0}}
{"target": -515.218, "params": {"spark.executor.cores": 1.0, "spark.executor.instances": 4.0}, "datetime": {"datetime": "2022-01-22 21:47:29", "elapsed": 0.004986, "delta": 0.0}}
{"target": -232.895, "params": {"spark.executor.cores": 3.0, "spark.executor.instances": 6.0}, "datetime": {"datetime": "2022-01-22 21:47:29", "elapsed": 0.005984, "delta": 0.000998}}
{"target": -255.69758160909018, "params": {"spark.executor.cores": 3.516386344726599, "spark.executor.instances": 7.594837201595136}, "datetime": {"datetime": "2022-01-22 21:47:29", "elapsed": 0.502655, "delta": 0.496671}}
{"target": -255.69758160909018, "params": {"spark.executor.cores": 1.0, "spark.executor.instances": 8.0}, "datetime": {"datetime": "2022-01-22 21:47:29", "elapsed": 0.763957, "delta": 0.261302}}
{"target": -255.69758160909018, "params": {"spark.executor.cores": 2.3039931896346473, "spark.executor.instances": 7.132434624127385}, "datetime": {"datetime": "2022-01-22 21:47:30", "elapsed": 1.279577, "delta": 0.51562}}
{"target": -255.69758160909018, "params": {"spark.executor.cores": 2.5898041778223986, "spark.executor.instances": 8.0}, "datetime": {"datetime": "2022-01-22 21:47:30", "elapsed": 1.717406, "delta": 0.437829}}
{"target": -255.69758160909018, "params": {"spark.executor.cores": 1.6739684116258577, "spark.executor.instances": 8.0}, "datetime": {"datetime": "2022-01-22 21:47:31", "elapsed": 2.188147, "delta": 0.470741}}
{"target": -255.69758160909018, "params": {"spark.executor.cores": 1.2192409999999998, "spark.executor.instances": 7.002727999999999}, "datetime": {"datetime": "2022-01-22 21:47:31", "elapsed": 2.402573, "delta": 0.214426}}
{"target": -255.69758160909018, "params": {"spark.executor.cores": 2.1030069506343056, "spark.executor.instances": 7.7186037881600225}, "datetime": {"datetime": "2022-01-22 21:47:32", "elapsed": 3.315132, "delta": 0.912559}}
{"target": -255.69758160909018, "params": {"spark.executor.cores": 2.6324147900000003, "spark.executor.instances": 7.1922096799999995}, "datetime": {"datetime": "2022-01-22 21:47:32", "elapsed": 3.793851, "delta": 0.478719}}
{"target": -255.69758160909018, "params": {"spark.executor.cores": 2.170610263926123, "spark.executor.instances": 7.999790777670367}, "datetime": {"datetime": "2022-01-22 21:47:33", "elapsed": 4.240655, "delta": 0.446804}}
{"target": -255.69758160909018, "params": {"spark.executor.cores": 1.6398275389510022, "spark.executor.instances": 7.611787105804126}, "datetime": {"datetime": "2022-01-22 21:47:33", "elapsed": 4.326426, "delta": 0.085771}}
{"target": -255.69758160909018, "params": {"spark.executor.cores": 1.6005701062098792, "spark.executor.instances": 7.725751250528894}, "datetime": {"datetime": "2022-01-22 21:47:33", "elapsed": 4.412196, "delta": 0.08577}}
{"target": -255.69758160909018, "params": {"spark.executor.cores": 1.9032934560990928, "spark.executor.instances": 7.904706587209974}, "datetime": {"datetime": "2022-01-22 21:47:33", "elapsed": 4.832074, "delta": 0.419878}}
{"target": -255.69758160909018, "params": {"spark.executor.cores": 1.9885580072973617, "spark.executor.instances": 7.994953840253709}, "datetime": {"datetime": "2022-01-22 21:47:34", "elapsed": 5.088388, "delta": 0.256314}}
{"target": -255.69758160909018, "params": {"spark.executor.cores": 2.001305075211529, "spark.executor.instances": 7.996984418353342}, "datetime": {"datetime": "2022-01-22 21:47:34", "elapsed": 5.183135, "delta": 0.094747}}
{"target": -255.69758160909018, "params": {"spark.executor.cores": 1.799198161042426, "spark.executor.instances": 7.877949383347602}, "datetime": {"datetime": "2022-01-22 21:47:34", "elapsed": 5.292841, "delta": 0.109706}}
