{"target": -2810.6692800000014, "params": {"spark.default.parallelism": 485.0, "spark.executor.cores": 2.0, "spark.executor.instances": 4.0, "spark.executor.memory": 4.0, "spark.executor.memoryOverhead": 544.0, "spark.memory.fraction": 0.67, "spark.memory.storageFraction": 0.79, "spark.reducer.maxBlocksInFlightPerAddress": 2049889824.0, "spark.reducer.maxSizeInFlight": 51.0, "spark.shuffle.file.buffer": 33.0}, "datetime": {"datetime": "2022-01-06 12:01:16", "elapsed": 0.0, "delta": 0.0}}
{"target": -2797.4830100000017, "params": {"spark.default.parallelism": 376.0, "spark.executor.cores": 2.0, "spark.executor.instances": 5.0, "spark.executor.memory": 5.0, "spark.executor.memoryOverhead": 656.0, "spark.memory.fraction": 0.5, "spark.memory.storageFraction": 0.62, "spark.reducer.maxBlocksInFlightPerAddress": 1533159110.0, "spark.reducer.maxSizeInFlight": 54.0, "spark.shuffle.file.buffer": 30.0}, "datetime": {"datetime": "2022-01-06 12:01:16", "elapsed": 0.043851, "delta": 0.043851}}
{"target": -2797.6412000000005, "params": {"spark.default.parallelism": 207.0, "spark.executor.cores": 2.0, "spark.executor.instances": 4.0, "spark.executor.memory": 5.0, "spark.executor.memoryOverhead": 495.0, "spark.memory.fraction": 0.56, "spark.memory.storageFraction": 0.54, "spark.reducer.maxBlocksInFlightPerAddress": 1232548049.0, "spark.reducer.maxSizeInFlight": 26.0, "spark.shuffle.file.buffer": 17.0}, "datetime": {"datetime": "2022-01-06 12:01:16", "elapsed": 0.089764, "delta": 0.045913}}
{"target": -2797.1004900000016, "params": {"spark.default.parallelism": 338.0, "spark.executor.cores": 1.0, "spark.executor.instances": 5.0, "spark.executor.memory": 4.0, "spark.executor.memoryOverhead": 576.0, "spark.memory.fraction": 0.57, "spark.memory.storageFraction": 0.64, "spark.reducer.maxBlocksInFlightPerAddress": 1595261651.0, "spark.reducer.maxSizeInFlight": 41.0, "spark.shuffle.file.buffer": 36.0}, "datetime": {"datetime": "2022-01-06 12:01:16", "elapsed": 0.132654, "delta": 0.04289}}
{"target": -2809.9262500000013, "params": {"spark.default.parallelism": 450.0, "spark.executor.cores": 1.0, "spark.executor.instances": 5.0, "spark.executor.memory": 4.0, "spark.executor.memoryOverhead": 778.0, "spark.memory.fraction": 0.66, "spark.memory.storageFraction": 0.72, "spark.reducer.maxBlocksInFlightPerAddress": 2143755954.0, "spark.reducer.maxSizeInFlight": 34.0, "spark.shuffle.file.buffer": 34.0}, "datetime": {"datetime": "2022-01-06 12:01:16", "elapsed": 0.179489, "delta": 0.046835}}
{"target": -2813.0876500000013, "params": {"spark.default.parallelism": 214.0, "spark.executor.cores": 2.0, "spark.executor.instances": 4.0, "spark.executor.memory": 5.0, "spark.executor.memoryOverhead": 444.0, "spark.memory.fraction": 0.67, "spark.memory.storageFraction": 0.77, "spark.reducer.maxBlocksInFlightPerAddress": 2016724001.0, "spark.reducer.maxSizeInFlight": 67.0, "spark.shuffle.file.buffer": 29.0}, "datetime": {"datetime": "2022-01-06 12:01:16", "elapsed": 0.254289, "delta": 0.0748}}
{"target": -2863.1728900000016, "params": {"spark.default.parallelism": 421.0, "spark.executor.cores": 2.0, "spark.executor.instances": 7.0, "spark.executor.memory": 3.0, "spark.executor.memoryOverhead": 539.0, "spark.memory.fraction": 0.58, "spark.memory.storageFraction": 0.85, "spark.reducer.maxBlocksInFlightPerAddress": 1993186728.0, "spark.reducer.maxSizeInFlight": 65.0, "spark.shuffle.file.buffer": 16.0}, "datetime": {"datetime": "2022-01-06 12:01:16", "elapsed": 0.322109, "delta": 0.06782}}
{"target": -2800.210270000002, "params": {"spark.default.parallelism": 394.0, "spark.executor.cores": 2.0, "spark.executor.instances": 5.0, "spark.executor.memory": 4.0, "spark.executor.memoryOverhead": 834.0, "spark.memory.fraction": 0.51, "spark.memory.storageFraction": 0.77, "spark.reducer.maxBlocksInFlightPerAddress": 1538526327.0, "spark.reducer.maxSizeInFlight": 28.0, "spark.shuffle.file.buffer": 34.0}, "datetime": {"datetime": "2022-01-06 12:01:16", "elapsed": 0.374967, "delta": 0.052858}}
{"target": -2796.5342500000015, "params": {"spark.default.parallelism": 221.0, "spark.executor.cores": 2.0, "spark.executor.instances": 7.0, "spark.executor.memory": 3.0, "spark.executor.memoryOverhead": 624.0, "spark.memory.fraction": 0.67, "spark.memory.storageFraction": 0.72, "spark.reducer.maxBlocksInFlightPerAddress": 1299557692.0, "spark.reducer.maxSizeInFlight": 34.0, "spark.shuffle.file.buffer": 42.0}, "datetime": {"datetime": "2022-01-06 12:01:16", "elapsed": 0.434806, "delta": 0.059839}}
{"target": -2797.2510100000013, "params": {"spark.default.parallelism": 387.0, "spark.executor.cores": 1.0, "spark.executor.instances": 5.0, "spark.executor.memory": 6.0, "spark.executor.memoryOverhead": 812.0, "spark.memory.fraction": 0.56, "spark.memory.storageFraction": 0.58, "spark.reducer.maxBlocksInFlightPerAddress": 1779205559.0, "spark.reducer.maxSizeInFlight": 53.0, "spark.shuffle.file.buffer": 39.0}, "datetime": {"datetime": "2022-01-06 12:01:16", "elapsed": 0.485697, "delta": 0.050891}}
{"target": -2854.267740000002, "params": {"spark.default.parallelism": 476.0, "spark.executor.cores": 1.0, "spark.executor.instances": 5.0, "spark.executor.memory": 3.0, "spark.executor.memoryOverhead": 393.0, "spark.memory.fraction": 0.82, "spark.memory.storageFraction": 0.89, "spark.reducer.maxBlocksInFlightPerAddress": 1440389158.0, "spark.reducer.maxSizeInFlight": 30.0, "spark.shuffle.file.buffer": 16.0}, "datetime": {"datetime": "2022-01-06 12:01:16", "elapsed": 0.53755, "delta": 0.051853}}
{"target": -2853.5426500000017, "params": {"spark.default.parallelism": 452.0, "spark.executor.cores": 1.0, "spark.executor.instances": 4.0, "spark.executor.memory": 5.0, "spark.executor.memoryOverhead": 804.0, "spark.memory.fraction": 0.63, "spark.memory.storageFraction": 0.78, "spark.reducer.maxBlocksInFlightPerAddress": 1507111428.0, "spark.reducer.maxSizeInFlight": 54.0, "spark.shuffle.file.buffer": 16.0}, "datetime": {"datetime": "2022-01-06 12:01:16", "elapsed": 0.592403, "delta": 0.054853}}
{"target": -2800.8833400000008, "params": {"spark.default.parallelism": 456.0, "spark.executor.cores": 2.0, "spark.executor.instances": 5.0, "spark.executor.memory": 4.0, "spark.executor.memoryOverhead": 471.0, "spark.memory.fraction": 0.85, "spark.memory.storageFraction": 0.86, "spark.reducer.maxBlocksInFlightPerAddress": 1355557266.0, "spark.reducer.maxSizeInFlight": 41.0, "spark.shuffle.file.buffer": 37.0}, "datetime": {"datetime": "2022-01-06 12:01:16", "elapsed": 0.645299, "delta": 0.052896}}
{"target": -2798.413350000001, "params": {"spark.default.parallelism": 244.0, "spark.executor.cores": 1.0, "spark.executor.instances": 7.0, "spark.executor.memory": 3.0, "spark.executor.memoryOverhead": 628.0, "spark.memory.fraction": 0.53, "spark.memory.storageFraction": 0.52, "spark.reducer.maxBlocksInFlightPerAddress": 1798342459.0, "spark.reducer.maxSizeInFlight": 59.0, "spark.shuffle.file.buffer": 25.0}, "datetime": {"datetime": "2022-01-06 12:01:17", "elapsed": 0.70211, "delta": 0.056811}}
{"target": -2798.339840000001, "params": {"spark.default.parallelism": 475.0, "spark.executor.cores": 2.0, "spark.executor.instances": 4.0, "spark.executor.memory": 6.0, "spark.executor.memoryOverhead": 545.0, "spark.memory.fraction": 0.57, "spark.memory.storageFraction": 0.85, "spark.reducer.maxBlocksInFlightPerAddress": 1746248052.0, "spark.reducer.maxSizeInFlight": 25.0, "spark.shuffle.file.buffer": 28.0}, "datetime": {"datetime": "2022-01-06 12:01:17", "elapsed": 0.752975, "delta": 0.050865}}
{"target": -2797.1354600000013, "params": {"spark.default.parallelism": 396.0, "spark.executor.cores": 1.0, "spark.executor.instances": 7.0, "spark.executor.memory": 6.0, "spark.executor.memoryOverhead": 508.0, "spark.memory.fraction": 0.54, "spark.memory.storageFraction": 0.67, "spark.reducer.maxBlocksInFlightPerAddress": 1372832433.0, "spark.reducer.maxSizeInFlight": 46.0, "spark.shuffle.file.buffer": 29.0}, "datetime": {"datetime": "2022-01-06 12:01:17", "elapsed": 0.804834, "delta": 0.051859}}
{"target": -2797.088990000002, "params": {"spark.default.parallelism": 351.0, "spark.executor.cores": 2.0, "spark.executor.instances": 7.0, "spark.executor.memory": 4.0, "spark.executor.memoryOverhead": 811.0, "spark.memory.fraction": 0.88, "spark.memory.storageFraction": 0.71, "spark.reducer.maxBlocksInFlightPerAddress": 1310610957.0, "spark.reducer.maxSizeInFlight": 56.0, "spark.shuffle.file.buffer": 31.0}, "datetime": {"datetime": "2022-01-06 12:01:17", "elapsed": 0.855737, "delta": 0.050903}}
{"target": -2797.500800000001, "params": {"spark.default.parallelism": 350.0, "spark.executor.cores": 1.0, "spark.executor.instances": 7.0, "spark.executor.memory": 3.0, "spark.executor.memoryOverhead": 810.0, "spark.memory.fraction": 0.78, "spark.memory.storageFraction": 0.63, "spark.reducer.maxBlocksInFlightPerAddress": 1428697856.0, "spark.reducer.maxSizeInFlight": 45.0, "spark.shuffle.file.buffer": 45.0}, "datetime": {"datetime": "2022-01-06 12:01:17", "elapsed": 0.906597, "delta": 0.05086}}
{"target": -2797.082490000001, "params": {"spark.default.parallelism": 267.0, "spark.executor.cores": 1.0, "spark.executor.instances": 7.0, "spark.executor.memory": 3.0, "spark.executor.memoryOverhead": 592.0, "spark.memory.fraction": 0.77, "spark.memory.storageFraction": 0.83, "spark.reducer.maxBlocksInFlightPerAddress": 1588077246.0, "spark.reducer.maxSizeInFlight": 66.0, "spark.shuffle.file.buffer": 47.0}, "datetime": {"datetime": "2022-01-06 12:01:17", "elapsed": 0.953472, "delta": 0.046875}}
{"target": -2801.307610000001, "params": {"spark.default.parallelism": 332.0, "spark.executor.cores": 1.0, "spark.executor.instances": 7.0, "spark.executor.memory": 3.0, "spark.executor.memoryOverhead": 453.0, "spark.memory.fraction": 0.51, "spark.memory.storageFraction": 0.8, "spark.reducer.maxBlocksInFlightPerAddress": 1436231898.0, "spark.reducer.maxSizeInFlight": 51.0, "spark.shuffle.file.buffer": 43.0}, "datetime": {"datetime": "2022-01-06 12:01:17", "elapsed": 1.000347, "delta": 0.046875}}
{"target": -2799.424410000001, "params": {"spark.default.parallelism": 230.0, "spark.executor.cores": 2.0, "spark.executor.instances": 5.0, "spark.executor.memory": 5.0, "spark.executor.memoryOverhead": 583.0, "spark.memory.fraction": 0.9, "spark.memory.storageFraction": 0.8, "spark.reducer.maxBlocksInFlightPerAddress": 1501552527.0, "spark.reducer.maxSizeInFlight": 34.0, "spark.shuffle.file.buffer": 47.0}, "datetime": {"datetime": "2022-01-06 12:01:17", "elapsed": 1.045226, "delta": 0.044879}}
{"target": -2799.9196300000012, "params": {"spark.default.parallelism": 335.0, "spark.executor.cores": 1.0, "spark.executor.instances": 7.0, "spark.executor.memory": 4.0, "spark.executor.memoryOverhead": 468.0, "spark.memory.fraction": 0.61, "spark.memory.storageFraction": 0.82, "spark.reducer.maxBlocksInFlightPerAddress": 1622331290.0, "spark.reducer.maxSizeInFlight": 47.0, "spark.shuffle.file.buffer": 42.0}, "datetime": {"datetime": "2022-01-06 12:01:17", "elapsed": 1.089105, "delta": 0.043879}}
{"target": -2808.085130000001, "params": {"spark.default.parallelism": 314.0, "spark.executor.cores": 1.0, "spark.executor.instances": 6.0, "spark.executor.memory": 6.0, "spark.executor.memoryOverhead": 823.0, "spark.memory.fraction": 0.54, "spark.memory.storageFraction": 0.68, "spark.reducer.maxBlocksInFlightPerAddress": 2030633675.0, "spark.reducer.maxSizeInFlight": 61.0, "spark.shuffle.file.buffer": 34.0}, "datetime": {"datetime": "2022-01-06 12:01:17", "elapsed": 1.132998, "delta": 0.043893}}
{"target": -2796.183480000001, "params": {"spark.default.parallelism": 212.0, "spark.executor.cores": 2.0, "spark.executor.instances": 7.0, "spark.executor.memory": 6.0, "spark.executor.memoryOverhead": 599.0, "spark.memory.fraction": 0.86, "spark.memory.storageFraction": 0.62, "spark.reducer.maxBlocksInFlightPerAddress": 1570586318.0, "spark.reducer.maxSizeInFlight": 49.0, "spark.shuffle.file.buffer": 42.0}, "datetime": {"datetime": "2022-01-06 12:01:17", "elapsed": 1.175878, "delta": 0.04288}}
{"target": -2800.050810000002, "params": {"spark.default.parallelism": 315.0, "spark.executor.cores": 1.0, "spark.executor.instances": 6.0, "spark.executor.memory": 5.0, "spark.executor.memoryOverhead": 517.0, "spark.memory.fraction": 0.62, "spark.memory.storageFraction": 0.55, "spark.reducer.maxBlocksInFlightPerAddress": 1604722789.0, "spark.reducer.maxSizeInFlight": 48.0, "spark.shuffle.file.buffer": 17.0}, "datetime": {"datetime": "2022-01-06 12:01:17", "elapsed": 1.219756, "delta": 0.043878}}
{"target": -2804.5157500000014, "params": {"spark.default.parallelism": 456.0, "spark.executor.cores": 2.0, "spark.executor.instances": 5.0, "spark.executor.memory": 6.0, "spark.executor.memoryOverhead": 748.0, "spark.memory.fraction": 0.51, "spark.memory.storageFraction": 0.77, "spark.reducer.maxBlocksInFlightPerAddress": 1949459924.0, "spark.reducer.maxSizeInFlight": 43.0, "spark.shuffle.file.buffer": 42.0}, "datetime": {"datetime": "2022-01-06 12:01:17", "elapsed": 1.263608, "delta": 0.043852}}
{"target": -2799.8751900000007, "params": {"spark.default.parallelism": 445.0, "spark.executor.cores": 1.0, "spark.executor.instances": 6.0, "spark.executor.memory": 6.0, "spark.executor.memoryOverhead": 495.0, "spark.memory.fraction": 0.58, "spark.memory.storageFraction": 0.61, "spark.reducer.maxBlocksInFlightPerAddress": 1227578351.0, "spark.reducer.maxSizeInFlight": 44.0, "spark.shuffle.file.buffer": 21.0}, "datetime": {"datetime": "2022-01-06 12:01:17", "elapsed": 1.306495, "delta": 0.042887}}
{"target": -2796.3547500000013, "params": {"spark.default.parallelism": 433.0, "spark.executor.cores": 2.0, "spark.executor.instances": 5.0, "spark.executor.memory": 4.0, "spark.executor.memoryOverhead": 637.0, "spark.memory.fraction": 0.7, "spark.memory.storageFraction": 0.52, "spark.reducer.maxBlocksInFlightPerAddress": 1790131373.0, "spark.reducer.maxSizeInFlight": 28.0, "spark.shuffle.file.buffer": 46.0}, "datetime": {"datetime": "2022-01-06 12:01:17", "elapsed": 1.350377, "delta": 0.043882}}
{"target": -2801.374480000002, "params": {"spark.default.parallelism": 281.0, "spark.executor.cores": 2.0, "spark.executor.instances": 4.0, "spark.executor.memory": 3.0, "spark.executor.memoryOverhead": 461.0, "spark.memory.fraction": 0.73, "spark.memory.storageFraction": 0.56, "spark.reducer.maxBlocksInFlightPerAddress": 1510575883.0, "spark.reducer.maxSizeInFlight": 66.0, "spark.shuffle.file.buffer": 27.0}, "datetime": {"datetime": "2022-01-06 12:01:17", "elapsed": 1.396289, "delta": 0.045912}}
{"target": -2802.4097300000017, "params": {"spark.default.parallelism": 226.0, "spark.executor.cores": 2.0, "spark.executor.instances": 4.0, "spark.executor.memory": 3.0, "spark.executor.memoryOverhead": 404.0, "spark.memory.fraction": 0.74, "spark.memory.storageFraction": 0.78, "spark.reducer.maxBlocksInFlightPerAddress": 1476312011.0, "spark.reducer.maxSizeInFlight": 62.0, "spark.shuffle.file.buffer": 35.0}, "datetime": {"datetime": "2022-01-06 12:01:17", "elapsed": 1.441176, "delta": 0.044887}}
{"target": -2798.8275900000012, "params": {"spark.default.parallelism": 314.0, "spark.executor.cores": 1.0, "spark.executor.instances": 5.0, "spark.executor.memory": 4.0, "spark.executor.memoryOverhead": 874.0, "spark.memory.fraction": 0.54, "spark.memory.storageFraction": 0.65, "spark.reducer.maxBlocksInFlightPerAddress": 1682380178.0, "spark.reducer.maxSizeInFlight": 59.0, "spark.shuffle.file.buffer": 23.0}, "datetime": {"datetime": "2022-01-06 12:01:18", "elapsed": 2.494363, "delta": 1.053187}}
{"target": -2800.4929000000016, "params": {"spark.default.parallelism": 448.0, "spark.executor.cores": 1.0, "spark.executor.instances": 7.0, "spark.executor.memory": 4.0, "spark.executor.memoryOverhead": 744.0, "spark.memory.fraction": 0.83, "spark.memory.storageFraction": 0.76, "spark.reducer.maxBlocksInFlightPerAddress": 1335410299.0, "spark.reducer.maxSizeInFlight": 27.0, "spark.shuffle.file.buffer": 18.0}, "datetime": {"datetime": "2022-01-06 12:01:20", "elapsed": 3.962437, "delta": 1.468074}}
{"target": -2799.94662, "params": {"spark.default.parallelism": 431.0, "spark.executor.cores": 2.0, "spark.executor.instances": 7.0, "spark.executor.memory": 6.0, "spark.executor.memoryOverhead": 705.0, "spark.memory.fraction": 0.56, "spark.memory.storageFraction": 0.75, "spark.reducer.maxBlocksInFlightPerAddress": 1154371419.0, "spark.reducer.maxSizeInFlight": 28.0, "spark.shuffle.file.buffer": 46.0}, "datetime": {"datetime": "2022-01-06 12:01:21", "elapsed": 5.126327, "delta": 1.16389}}
{"target": -2802.7808200000013, "params": {"spark.default.parallelism": 400.0, "spark.executor.cores": 2.0, "spark.executor.instances": 6.0, "spark.executor.memory": 5.0, "spark.executor.memoryOverhead": 467.0, "spark.memory.fraction": 0.53, "spark.memory.storageFraction": 0.8, "spark.reducer.maxBlocksInFlightPerAddress": 1612728164.0, "spark.reducer.maxSizeInFlight": 46.0, "spark.shuffle.file.buffer": 31.0}, "datetime": {"datetime": "2022-01-06 12:01:22", "elapsed": 6.273258, "delta": 1.146931}}
{"target": -2812.751700000001, "params": {"spark.default.parallelism": 338.0, "spark.executor.cores": 2.0, "spark.executor.instances": 4.0, "spark.executor.memory": 5.0, "spark.executor.memoryOverhead": 821.0, "spark.memory.fraction": 0.66, "spark.memory.storageFraction": 0.56, "spark.reducer.maxBlocksInFlightPerAddress": 2106367161.0, "spark.reducer.maxSizeInFlight": 47.0, "spark.shuffle.file.buffer": 21.0}, "datetime": {"datetime": "2022-01-06 12:01:23", "elapsed": 7.43615, "delta": 1.162892}}
{"target": -2797.1556500000006, "params": {"spark.default.parallelism": 342.0, "spark.executor.cores": 2.0, "spark.executor.instances": 7.0, "spark.executor.memory": 5.0, "spark.executor.memoryOverhead": 761.0, "spark.memory.fraction": 0.86, "spark.memory.storageFraction": 0.68, "spark.reducer.maxBlocksInFlightPerAddress": 1243548697.0, "spark.reducer.maxSizeInFlight": 44.0, "spark.shuffle.file.buffer": 46.0}, "datetime": {"datetime": "2022-01-06 12:01:24", "elapsed": 8.61401, "delta": 1.17786}}
{"target": -2811.810890000001, "params": {"spark.default.parallelism": 338.0, "spark.executor.cores": 2.0, "spark.executor.instances": 7.0, "spark.executor.memory": 6.0, "spark.executor.memoryOverhead": 720.0, "spark.memory.fraction": 0.67, "spark.memory.storageFraction": 0.64, "spark.reducer.maxBlocksInFlightPerAddress": 2090072130.0, "spark.reducer.maxSizeInFlight": 53.0, "spark.shuffle.file.buffer": 21.0}, "datetime": {"datetime": "2022-01-06 12:01:26", "elapsed": 9.667192, "delta": 1.053182}}
{"target": -2800.6425500000014, "params": {"spark.default.parallelism": 392.0, "spark.executor.cores": 2.0, "spark.executor.instances": 6.0, "spark.executor.memory": 3.0, "spark.executor.memoryOverhead": 469.0, "spark.memory.fraction": 0.74, "spark.memory.storageFraction": 0.66, "spark.reducer.maxBlocksInFlightPerAddress": 1291497816.0, "spark.reducer.maxSizeInFlight": 53.0, "spark.shuffle.file.buffer": 44.0}, "datetime": {"datetime": "2022-01-06 12:01:27", "elapsed": 10.674314, "delta": 1.007122}}
