{"target": -2798.5000800000016, "params": {"spark.default.parallelism": 270.0, "spark.executor.cores": 2.0, "spark.executor.instances": 5.0, "spark.executor.memory": 5.0, "spark.executor.memoryOverhead": 394.0, "spark.memory.fraction": 0.88, "spark.memory.storageFraction": 0.76, "spark.reducer.maxBlocksInFlightPerAddress": 1616691742.0, "spark.reducer.maxSizeInFlight": 36.0, "spark.shuffle.file.buffer": 39.0}, "datetime": {"datetime": "2022-01-06 12:42:44", "elapsed": 15.786264, "delta": 1.051188}}
{"target": -2795.7952300000015, "params": {"spark.default.parallelism": 389.0, "spark.executor.cores": 1.0, "spark.executor.instances": 7.0, "spark.executor.memory": 3.0, "spark.executor.memoryOverhead": 659.0, "spark.memory.fraction": 0.77, "spark.memory.storageFraction": 0.68, "spark.reducer.maxBlocksInFlightPerAddress": 1305738706.0, "spark.reducer.maxSizeInFlight": 44.0, "spark.shuffle.file.buffer": 37.0}, "datetime": {"datetime": "2022-01-06 12:42:45", "elapsed": 16.827478, "delta": 1.041214}}
{"target": -2798.678880000002, "params": {"spark.default.parallelism": 319.0, "spark.executor.cores": 1.0, "spark.executor.instances": 4.0, "spark.executor.memory": 3.0, "spark.executor.memoryOverhead": 600.0, "spark.memory.fraction": 0.57, "spark.memory.storageFraction": 0.68, "spark.reducer.maxBlocksInFlightPerAddress": 1698186273.0, "spark.reducer.maxSizeInFlight": 68.0, "spark.shuffle.file.buffer": 26.0}, "datetime": {"datetime": "2022-01-06 12:42:46", "elapsed": 17.888759, "delta": 1.061281}}
{"target": -2800.831250000001, "params": {"spark.default.parallelism": 235.0, "spark.executor.cores": 2.0, "spark.executor.instances": 7.0, "spark.executor.memory": 6.0, "spark.executor.memoryOverhead": 430.0, "spark.memory.fraction": 0.64, "spark.memory.storageFraction": 0.87, "spark.reducer.maxBlocksInFlightPerAddress": 1305727265.0, "spark.reducer.maxSizeInFlight": 25.0, "spark.shuffle.file.buffer": 44.0}, "datetime": {"datetime": "2022-01-06 12:42:48", "elapsed": 18.942051, "delta": 1.053292}}
{"target": -2802.011460000001, "params": {"spark.default.parallelism": 401.0, "spark.executor.cores": 1.0, "spark.executor.instances": 5.0, "spark.executor.memory": 4.0, "spark.executor.memoryOverhead": 468.0, "spark.memory.fraction": 0.59, "spark.memory.storageFraction": 0.87, "spark.reducer.maxBlocksInFlightPerAddress": 1561726717.0, "spark.reducer.maxSizeInFlight": 71.0, "spark.shuffle.file.buffer": 33.0}, "datetime": {"datetime": "2022-01-06 12:42:49", "elapsed": 19.979792, "delta": 1.037741}}
{"target": -2851.9155900000014, "params": {"spark.default.parallelism": 459.0, "spark.executor.cores": 1.0, "spark.executor.instances": 7.0, "spark.executor.memory": 4.0, "spark.executor.memoryOverhead": 749.0, "spark.memory.fraction": 0.75, "spark.memory.storageFraction": 0.72, "spark.reducer.maxBlocksInFlightPerAddress": 1246959019.0, "spark.reducer.maxSizeInFlight": 67.0, "spark.shuffle.file.buffer": 16.0}, "datetime": {"datetime": "2022-01-06 12:42:50", "elapsed": 21.080848, "delta": 1.101056}}
{"target": -2795.5009500000015, "params": {"spark.default.parallelism": 480.0, "spark.executor.cores": 1.0, "spark.executor.instances": 4.0, "spark.executor.memory": 3.0, "spark.executor.memoryOverhead": 385.0, "spark.memory.fraction": 0.7, "spark.memory.storageFraction": 0.81, "spark.reducer.maxBlocksInFlightPerAddress": 1667309124.0, "spark.reducer.maxSizeInFlight": 69.0, "spark.shuffle.file.buffer": 47.0}, "datetime": {"datetime": "2022-01-06 12:42:51", "elapsed": 22.637653, "delta": 1.556805}}
{"target": -2812.341460000002, "params": {"spark.default.parallelism": 236.0, "spark.executor.cores": 2.0, "spark.executor.instances": 4.0, "spark.executor.memory": 3.0, "spark.executor.memoryOverhead": 389.0, "spark.memory.fraction": 0.84, "spark.memory.storageFraction": 0.74, "spark.reducer.maxBlocksInFlightPerAddress": 2094174796.0, "spark.reducer.maxSizeInFlight": 48.0, "spark.shuffle.file.buffer": 32.0}, "datetime": {"datetime": "2022-01-06 12:42:52", "elapsed": 23.824566, "delta": 1.186913}}
{"target": -2812.1832500000014, "params": {"spark.default.parallelism": 488.0, "spark.executor.cores": 1.0, "spark.executor.instances": 4.0, "spark.executor.memory": 5.0, "spark.executor.memoryOverhead": 622.0, "spark.memory.fraction": 0.82, "spark.memory.storageFraction": 0.81, "spark.reducer.maxBlocksInFlightPerAddress": 2043167927.0, "spark.reducer.maxSizeInFlight": 53.0, "spark.shuffle.file.buffer": 19.0}, "datetime": {"datetime": "2022-01-06 12:42:53", "elapsed": 24.863785, "delta": 1.039219}}
{"target": -2797.2751800000015, "params": {"spark.default.parallelism": 426.0, "spark.executor.cores": 1.0, "spark.executor.instances": 6.0, "spark.executor.memory": 4.0, "spark.executor.memoryOverhead": 542.0, "spark.memory.fraction": 0.5, "spark.memory.storageFraction": 0.65, "spark.reducer.maxBlocksInFlightPerAddress": 1665566214.0, "spark.reducer.maxSizeInFlight": 48.0, "spark.shuffle.file.buffer": 30.0}, "datetime": {"datetime": "2022-01-06 12:42:55", "elapsed": 25.901024, "delta": 1.037239}}
{"target": -2794.5046200000006, "params": {"spark.default.parallelism": 248.0, "spark.executor.cores": 1.0, "spark.executor.instances": 7.0, "spark.executor.memory": 3.0, "spark.executor.memoryOverhead": 780.0, "spark.memory.fraction": 0.76, "spark.memory.storageFraction": 0.53, "spark.reducer.maxBlocksInFlightPerAddress": 1246927406.0, "spark.reducer.maxSizeInFlight": 54.0, "spark.shuffle.file.buffer": 35.0}, "datetime": {"datetime": "2022-01-06 12:42:56", "elapsed": 27.010207, "delta": 1.109183}}
{"target": -2797.3503200000014, "params": {"spark.default.parallelism": 377.0, "spark.executor.cores": 1.0, "spark.executor.instances": 4.0, "spark.executor.memory": 3.0, "spark.executor.memoryOverhead": 685.0, "spark.memory.fraction": 0.7, "spark.memory.storageFraction": 0.54, "spark.reducer.maxBlocksInFlightPerAddress": 1388262161.0, "spark.reducer.maxSizeInFlight": 50.0, "spark.shuffle.file.buffer": 17.0}, "datetime": {"datetime": "2022-01-06 12:42:57", "elapsed": 28.043494, "delta": 1.033287}}
{"target": -2797.6637400000013, "params": {"spark.default.parallelism": 407.0, "spark.executor.cores": 1.0, "spark.executor.instances": 7.0, "spark.executor.memory": 6.0, "spark.executor.memoryOverhead": 845.0, "spark.memory.fraction": 0.67, "spark.memory.storageFraction": 0.6, "spark.reducer.maxBlocksInFlightPerAddress": 1202965999.0, "spark.reducer.maxSizeInFlight": 56.0, "spark.shuffle.file.buffer": 34.0}, "datetime": {"datetime": "2022-01-06 12:42:58", "elapsed": 29.088974, "delta": 1.04548}}
{"target": -2799.9373100000003, "params": {"spark.default.parallelism": 275.0, "spark.executor.cores": 1.0, "spark.executor.instances": 6.0, "spark.executor.memory": 3.0, "spark.executor.memoryOverhead": 462.0, "spark.memory.fraction": 0.61, "spark.memory.storageFraction": 0.68, "spark.reducer.maxBlocksInFlightPerAddress": 1246919365.0, "spark.reducer.maxSizeInFlight": 65.0, "spark.shuffle.file.buffer": 43.0}, "datetime": {"datetime": "2022-01-06 12:42:59", "elapsed": 30.296856, "delta": 1.207882}}
{"target": -2793.635800000001, "params": {"spark.default.parallelism": 342.0, "spark.executor.cores": 1.0, "spark.executor.instances": 5.0, "spark.executor.memory": 3.0, "spark.executor.memoryOverhead": 829.0, "spark.memory.fraction": 0.51, "spark.memory.storageFraction": 0.51, "spark.reducer.maxBlocksInFlightPerAddress": 1445321836.0, "spark.reducer.maxSizeInFlight": 33.0, "spark.shuffle.file.buffer": 42.0}, "datetime": {"datetime": "2022-01-06 12:43:00", "elapsed": 31.676078, "delta": 1.379222}}
{"target": -2799.7465000000007, "params": {"spark.default.parallelism": 219.0, "spark.executor.cores": 2.0, "spark.executor.instances": 7.0, "spark.executor.memory": 3.0, "spark.executor.memoryOverhead": 724.0, "spark.memory.fraction": 0.79, "spark.memory.storageFraction": 0.69, "spark.reducer.maxBlocksInFlightPerAddress": 1388252614.0, "spark.reducer.maxSizeInFlight": 34.0, "spark.shuffle.file.buffer": 18.0}, "datetime": {"datetime": "2022-01-06 12:43:01", "elapsed": 32.756309, "delta": 1.080231}}
{"target": -2797.540960000001, "params": {"spark.default.parallelism": 221.0, "spark.executor.cores": 2.0, "spark.executor.instances": 7.0, "spark.executor.memory": 5.0, "spark.executor.memoryOverhead": 697.0, "spark.memory.fraction": 0.52, "spark.memory.storageFraction": 0.63, "spark.reducer.maxBlocksInFlightPerAddress": 1727697914.0, "spark.reducer.maxSizeInFlight": 58.0, "spark.shuffle.file.buffer": 34.0}, "datetime": {"datetime": "2022-01-06 12:43:02", "elapsed": 33.818484, "delta": 1.062175}}
{"target": -2797.2729100000015, "params": {"spark.default.parallelism": 376.0, "spark.executor.cores": 2.0, "spark.executor.instances": 5.0, "spark.executor.memory": 6.0, "spark.executor.memoryOverhead": 435.0, "spark.memory.fraction": 0.57, "spark.memory.storageFraction": 0.53, "spark.reducer.maxBlocksInFlightPerAddress": 1445338337.0, "spark.reducer.maxSizeInFlight": 55.0, "spark.shuffle.file.buffer": 33.0}, "datetime": {"datetime": "2022-01-06 12:43:03", "elapsed": 34.875702, "delta": 1.057218}}
{"target": -2800.074670000002, "params": {"spark.default.parallelism": 416.0, "spark.executor.cores": 2.0, "spark.executor.instances": 7.0, "spark.executor.memory": 6.0, "spark.executor.memoryOverhead": 656.0, "spark.memory.fraction": 0.59, "spark.memory.storageFraction": 0.85, "spark.reducer.maxBlocksInFlightPerAddress": 1495563754.0, "spark.reducer.maxSizeInFlight": 52.0, "spark.shuffle.file.buffer": 20.0}, "datetime": {"datetime": "2022-01-06 12:43:05", "elapsed": 35.907906, "delta": 1.032204}}
{"target": -2799.2623600000015, "params": {"spark.default.parallelism": 312.0, "spark.executor.cores": 2.0, "spark.executor.instances": 4.0, "spark.executor.memory": 3.0, "spark.executor.memoryOverhead": 823.0, "spark.memory.fraction": 0.53, "spark.memory.storageFraction": 0.76, "spark.reducer.maxBlocksInFlightPerAddress": 1476720783.0, "spark.reducer.maxSizeInFlight": 52.0, "spark.shuffle.file.buffer": 28.0}, "datetime": {"datetime": "2022-01-06 12:43:06", "elapsed": 36.913145, "delta": 1.005239}}
{"target": -2795.368150000001, "params": {"spark.default.parallelism": 437.0, "spark.executor.cores": 1.0, "spark.executor.instances": 6.0, "spark.executor.memory": 3.0, "spark.executor.memoryOverhead": 531.0, "spark.memory.fraction": 0.72, "spark.memory.storageFraction": 0.84, "spark.reducer.maxBlocksInFlightPerAddress": 1628882708.0, "spark.reducer.maxSizeInFlight": 41.0, "spark.shuffle.file.buffer": 41.0}, "datetime": {"datetime": "2022-01-06 12:43:07", "elapsed": 37.971452, "delta": 1.058307}}
{"target": -2797.217980000001, "params": {"spark.default.parallelism": 252.0, "spark.executor.cores": 1.0, "spark.executor.instances": 5.0, "spark.executor.memory": 5.0, "spark.executor.memoryOverhead": 550.0, "spark.memory.fraction": 0.67, "spark.memory.storageFraction": 0.69, "spark.reducer.maxBlocksInFlightPerAddress": 1246932707.0, "spark.reducer.maxSizeInFlight": 53.0, "spark.shuffle.file.buffer": 44.0}, "datetime": {"datetime": "2022-01-06 12:43:08", "elapsed": 39.235592, "delta": 1.26414}}
{"target": -2796.3017200000013, "params": {"spark.default.parallelism": 416.0, "spark.executor.cores": 1.0, "spark.executor.instances": 5.0, "spark.executor.memory": 5.0, "spark.executor.memoryOverhead": 562.0, "spark.memory.fraction": 0.53, "spark.memory.storageFraction": 0.82, "spark.reducer.maxBlocksInFlightPerAddress": 1628868748.0, "spark.reducer.maxSizeInFlight": 35.0, "spark.shuffle.file.buffer": 45.0}, "datetime": {"datetime": "2022-01-06 12:43:09", "elapsed": 40.397049, "delta": 1.161457}}
{"target": -2797.426960000001, "params": {"spark.default.parallelism": 483.0000001117665, "spark.executor.cores": 1.0, "spark.executor.instances": 4.0, "spark.executor.memory": 4.0, "spark.executor.memoryOverhead": 626.000000761308, "spark.memory.fraction": 0.52, "spark.memory.storageFraction": 0.73, "spark.reducer.maxBlocksInFlightPerAddress": 1246858062.0, "spark.reducer.maxSizeInFlight": 38.999999990281175, "spark.shuffle.file.buffer": 42.000000003239606}, "datetime": {"datetime": "2022-01-06 12:43:10", "elapsed": 41.605585, "delta": 1.208536}}
{"target": -2796.3349500000018, "params": {"spark.default.parallelism": 322.0, "spark.executor.cores": 2.0, "spark.executor.instances": 4.0, "spark.executor.memory": 6.0, "spark.executor.memoryOverhead": 677.0, "spark.memory.fraction": 0.85, "spark.memory.storageFraction": 0.56, "spark.reducer.maxBlocksInFlightPerAddress": 1628878696.0, "spark.reducer.maxSizeInFlight": 30.0, "spark.shuffle.file.buffer": 36.0}, "datetime": {"datetime": "2022-01-06 12:43:11", "elapsed": 42.749513, "delta": 1.143928}}
{"target": -2799.9042700000014, "params": {"spark.default.parallelism": 425.0, "spark.executor.cores": 2.0, "spark.executor.instances": 6.0, "spark.executor.memory": 3.0, "spark.executor.memoryOverhead": 654.0, "spark.memory.fraction": 0.87, "spark.memory.storageFraction": 0.8, "spark.reducer.maxBlocksInFlightPerAddress": 1445329498.0, "spark.reducer.maxSizeInFlight": 66.0, "spark.shuffle.file.buffer": 35.0}, "datetime": {"datetime": "2022-01-06 12:43:12", "elapsed": 43.842587, "delta": 1.093074}}
{"target": -2801.1949400000008, "params": {"spark.default.parallelism": 354.0, "spark.executor.cores": 2.0, "spark.executor.instances": 4.0, "spark.executor.memory": 3.0, "spark.executor.memoryOverhead": 775.0, "spark.memory.fraction": 0.7, "spark.memory.storageFraction": 0.82, "spark.reducer.maxBlocksInFlightPerAddress": 1127736635.0, "spark.reducer.maxSizeInFlight": 42.0, "spark.shuffle.file.buffer": 34.0}, "datetime": {"datetime": "2022-01-06 12:43:14", "elapsed": 44.910936, "delta": 1.068349}}
{"target": -2798.311750000002, "params": {"spark.default.parallelism": 456.0, "spark.executor.cores": 2.0, "spark.executor.instances": 5.0, "spark.executor.memory": 6.0, "spark.executor.memoryOverhead": 676.0, "spark.memory.fraction": 0.63, "spark.memory.storageFraction": 0.73, "spark.reducer.maxBlocksInFlightPerAddress": 1397366803.0, "spark.reducer.maxSizeInFlight": 39.0, "spark.shuffle.file.buffer": 36.0}, "datetime": {"datetime": "2022-01-06 12:43:15", "elapsed": 46.054885, "delta": 1.143949}}
{"target": -2797.099950000002, "params": {"spark.default.parallelism": 399.0, "spark.executor.cores": 1.0, "spark.executor.instances": 7.0, "spark.executor.memory": 3.0, "spark.executor.memoryOverhead": 391.0, "spark.memory.fraction": 0.6, "spark.memory.storageFraction": 0.56, "spark.reducer.maxBlocksInFlightPerAddress": 1594162893.0, "spark.reducer.maxSizeInFlight": 60.0, "spark.shuffle.file.buffer": 38.0}, "datetime": {"datetime": "2022-01-06 12:43:16", "elapsed": 47.19791, "delta": 1.143025}}
{"target": -2855.275480000002, "params": {"spark.default.parallelism": 328.0, "spark.executor.cores": 2.0, "spark.executor.instances": 4.0, "spark.executor.memory": 5.0, "spark.executor.memoryOverhead": 453.0, "spark.memory.fraction": 0.78, "spark.memory.storageFraction": 0.86, "spark.reducer.maxBlocksInFlightPerAddress": 1553146883.0, "spark.reducer.maxSizeInFlight": 29.0, "spark.shuffle.file.buffer": 16.0}, "datetime": {"datetime": "2022-01-06 12:43:17", "elapsed": 48.331086, "delta": 1.133176}}
{"target": -2797.523890000002, "params": {"spark.default.parallelism": 369.0, "spark.executor.cores": 1.0, "spark.executor.instances": 6.0, "spark.executor.memory": 6.0, "spark.executor.memoryOverhead": 479.0, "spark.memory.fraction": 0.54, "spark.memory.storageFraction": 0.74, "spark.reducer.maxBlocksInFlightPerAddress": 1553124343.0, "spark.reducer.maxSizeInFlight": 24.0, "spark.shuffle.file.buffer": 45.0}, "datetime": {"datetime": "2022-01-06 12:43:18", "elapsed": 49.448099, "delta": 1.117013}}
{"target": -4333.746879999999, "params": {"spark.default.parallelism": 492.0, "spark.executor.cores": 1.0, "spark.executor.instances": 7.0, "spark.executor.memory": 6.0, "spark.executor.memoryOverhead": 536.0, "spark.memory.fraction": 0.62, "spark.memory.storageFraction": 0.9, "spark.reducer.maxBlocksInFlightPerAddress": 1259704406.0, "spark.reducer.maxSizeInFlight": 48.0, "spark.shuffle.file.buffer": 36.0}, "datetime": {"datetime": "2022-01-06 12:43:19", "elapsed": 50.523224, "delta": 1.075125}}
{"target": -2798.327730000001, "params": {"spark.default.parallelism": 479.0, "spark.executor.cores": 1.0, "spark.executor.instances": 7.0, "spark.executor.memory": 5.0, "spark.executor.memoryOverhead": 758.0, "spark.memory.fraction": 0.88, "spark.memory.storageFraction": 0.66, "spark.reducer.maxBlocksInFlightPerAddress": 1451259212.0, "spark.reducer.maxSizeInFlight": 34.0, "spark.shuffle.file.buffer": 25.0}, "datetime": {"datetime": "2022-01-06 12:43:20", "elapsed": 51.576636, "delta": 1.053412}}
{"target": -2797.3506300000013, "params": {"spark.default.parallelism": 207.0, "spark.executor.cores": 1.0, "spark.executor.instances": 4.0, "spark.executor.memory": 6.0, "spark.executor.memoryOverhead": 831.0, "spark.memory.fraction": 0.51, "spark.memory.storageFraction": 0.86, "spark.reducer.maxBlocksInFlightPerAddress": 1445243522.0, "spark.reducer.maxSizeInFlight": 47.0, "spark.shuffle.file.buffer": 37.0}, "datetime": {"datetime": "2022-01-06 12:43:21", "elapsed": 52.694754, "delta": 1.118118}}
{"target": -2796.164780000002, "params": {"spark.default.parallelism": 417.0, "spark.executor.cores": 2.0, "spark.executor.instances": 5.0, "spark.executor.memory": 5.0, "spark.executor.memoryOverhead": 832.0, "spark.memory.fraction": 0.78, "spark.memory.storageFraction": 0.51, "spark.reducer.maxBlocksInFlightPerAddress": 1713919316.0, "spark.reducer.maxSizeInFlight": 68.0, "spark.shuffle.file.buffer": 24.0}, "datetime": {"datetime": "2022-01-06 12:43:22", "elapsed": 53.815346, "delta": 1.120592}}
{"target": -2799.358250000001, "params": {"spark.default.parallelism": 490.0, "spark.executor.cores": 2.0, "spark.executor.instances": 5.0, "spark.executor.memory": 4.0, "spark.executor.memoryOverhead": 451.0, "spark.memory.fraction": 0.72, "spark.memory.storageFraction": 0.55, "spark.reducer.maxBlocksInFlightPerAddress": 1247075954.0, "spark.reducer.maxSizeInFlight": 51.0, "spark.shuffle.file.buffer": 35.0}, "datetime": {"datetime": "2022-01-06 12:43:24", "elapsed": 54.942333, "delta": 1.126987}}
{"target": -2800.608470000001, "params": {"spark.default.parallelism": 314.0, "spark.executor.cores": 1.0, "spark.executor.instances": 7.0, "spark.executor.memory": 6.0, "spark.executor.memoryOverhead": 402.0, "spark.memory.fraction": 0.71, "spark.memory.storageFraction": 0.53, "spark.reducer.maxBlocksInFlightPerAddress": 1445495470.0, "spark.reducer.maxSizeInFlight": 24.0, "spark.shuffle.file.buffer": 18.0}, "datetime": {"datetime": "2022-01-06 12:43:25", "elapsed": 56.082584, "delta": 1.140251}}
{"target": -2793.681680000001, "params": {"spark.default.parallelism": 482.0, "spark.executor.cores": 2.0, "spark.executor.instances": 6.0, "spark.executor.memory": 4.0, "spark.executor.memoryOverhead": 741.0, "spark.memory.fraction": 0.75, "spark.memory.storageFraction": 0.5, "spark.reducer.maxBlocksInFlightPerAddress": 1561608236.0, "spark.reducer.maxSizeInFlight": 48.0, "spark.shuffle.file.buffer": 36.0}, "datetime": {"datetime": "2022-01-06 12:43:26", "elapsed": 57.191694, "delta": 1.10911}}
{"target": -2797.6279100000015, "params": {"spark.default.parallelism": 437.0, "spark.executor.cores": 2.0, "spark.executor.instances": 6.0, "spark.executor.memory": 5.0, "spark.executor.memoryOverhead": 551.0, "spark.memory.fraction": 0.53, "spark.memory.storageFraction": 0.65, "spark.reducer.maxBlocksInFlightPerAddress": 1445432270.0, "spark.reducer.maxSizeInFlight": 67.0, "spark.shuffle.file.buffer": 36.0}, "datetime": {"datetime": "2022-01-06 12:43:27", "elapsed": 58.423479, "delta": 1.231785}}
{"target": -2798.7791800000014, "params": {"spark.default.parallelism": 201.0, "spark.executor.cores": 2.0, "spark.executor.instances": 6.0, "spark.executor.memory": 6.0, "spark.executor.memoryOverhead": 820.0, "spark.memory.fraction": 0.58, "spark.memory.storageFraction": 0.81, "spark.reducer.maxBlocksInFlightPerAddress": 1667207169.0, "spark.reducer.maxSizeInFlight": 33.0, "spark.shuffle.file.buffer": 33.0}, "datetime": {"datetime": "2022-01-06 12:43:28", "elapsed": 59.562601, "delta": 1.139122}}
{"target": -2799.4880300000013, "params": {"spark.default.parallelism": 291.0, "spark.executor.cores": 1.0, "spark.executor.instances": 4.0, "spark.executor.memory": 4.0, "spark.executor.memoryOverhead": 822.0, "spark.memory.fraction": 0.62, "spark.memory.storageFraction": 0.74, "spark.reducer.maxBlocksInFlightPerAddress": 1280261808.0, "spark.reducer.maxSizeInFlight": 31.0, "spark.shuffle.file.buffer": 26.0}, "datetime": {"datetime": "2022-01-06 12:43:29", "elapsed": 60.753544, "delta": 1.190943}}
{"target": -2796.4448, "params": {"spark.default.parallelism": 332.0, "spark.executor.cores": 2.0, "spark.executor.instances": 5.0, "spark.executor.memory": 4.0, "spark.executor.memoryOverhead": 502.0, "spark.memory.fraction": 0.6, "spark.memory.storageFraction": 0.7, "spark.reducer.maxBlocksInFlightPerAddress": 1200313615.0, "spark.reducer.maxSizeInFlight": 51.0, "spark.shuffle.file.buffer": 40.0}, "datetime": {"datetime": "2022-01-06 12:43:31", "elapsed": 61.89948, "delta": 1.145936}}
{"target": -2798.016230000002, "params": {"spark.default.parallelism": 467.0, "spark.executor.cores": 2.0, "spark.executor.instances": 5.0, "spark.executor.memory": 6.0, "spark.executor.memoryOverhead": 760.0, "spark.memory.fraction": 0.64, "spark.memory.storageFraction": 0.73, "spark.reducer.maxBlocksInFlightPerAddress": 1665669094.0, "spark.reducer.maxSizeInFlight": 61.0, "spark.shuffle.file.buffer": 28.0}, "datetime": {"datetime": "2022-01-06 12:43:32", "elapsed": 63.101548, "delta": 1.202068}}
