{"target": -2799.3702700000013, "params": {"spark.default.parallelism": 460.0, "spark.executor.cores": 1.0, "spark.executor.instances": 4.0, "spark.executor.memory": 4.0, "spark.executor.memoryOverhead": 687.0, "spark.memory.fraction": 0.67, "spark.memory.storageFraction": 0.79, "spark.reducer.maxBlocksInFlightPerAddress": 1365824380.0, "spark.reducer.maxSizeInFlight": 28.0, "spark.shuffle.file.buffer": 34.0}, "datetime": {"datetime": "2022-01-06 12:40:18", "elapsed": 0.0, "delta": 0.0}}
{"target": -2805.1231500000017, "params": {"spark.default.parallelism": 451.0, "spark.executor.cores": 2.0, "spark.executor.instances": 4.0, "spark.executor.memory": 3.0, "spark.executor.memoryOverhead": 659.0, "spark.memory.fraction": 0.5, "spark.memory.storageFraction": 0.62, "spark.reducer.maxBlocksInFlightPerAddress": 1936918640.0, "spark.reducer.maxSizeInFlight": 57.0, "spark.shuffle.file.buffer": 25.0}, "datetime": {"datetime": "2022-01-06 12:40:18", "elapsed": 0.029913, "delta": 0.029913}}
{"target": -2798.0280800000014, "params": {"spark.default.parallelism": 298.0, "spark.executor.cores": 1.0, "spark.executor.instances": 4.0, "spark.executor.memory": 6.0, "spark.executor.memoryOverhead": 467.0, "spark.memory.fraction": 0.56, "spark.memory.storageFraction": 0.54, "spark.reducer.maxBlocksInFlightPerAddress": 1613594740.0, "spark.reducer.maxSizeInFlight": 31.0, "spark.shuffle.file.buffer": 28.0}, "datetime": {"datetime": "2022-01-06 12:40:18", "elapsed": 0.056844, "delta": 0.026931}}
{"target": -2800.130830000001, "params": {"spark.default.parallelism": 441.0, "spark.executor.cores": 1.0, "spark.executor.instances": 5.0, "spark.executor.memory": 5.0, "spark.executor.memoryOverhead": 497.0, "spark.memory.fraction": 0.57, "spark.memory.storageFraction": 0.64, "spark.reducer.maxBlocksInFlightPerAddress": 1443913823.0, "spark.reducer.maxSizeInFlight": 48.0, "spark.shuffle.file.buffer": 18.0}, "datetime": {"datetime": "2022-01-06 12:40:18", "elapsed": 0.082776, "delta": 0.025932}}
{"target": -2801.676460000002, "params": {"spark.default.parallelism": 355.0, "spark.executor.cores": 2.0, "spark.executor.instances": 4.0, "spark.executor.memory": 5.0, "spark.executor.memoryOverhead": 406.0, "spark.memory.fraction": 0.66, "spark.memory.storageFraction": 0.72, "spark.reducer.maxBlocksInFlightPerAddress": 1415957644.0, "spark.reducer.maxSizeInFlight": 36.0, "spark.shuffle.file.buffer": 36.0}, "datetime": {"datetime": "2022-01-06 12:40:19", "elapsed": 0.108703, "delta": 0.025927}}
{"target": -2798.614920000001, "params": {"spark.default.parallelism": 473.0, "spark.executor.cores": 2.0, "spark.executor.instances": 4.0, "spark.executor.memory": 6.0, "spark.executor.memoryOverhead": 666.0, "spark.memory.fraction": 0.67, "spark.memory.storageFraction": 0.77, "spark.reducer.maxBlocksInFlightPerAddress": 1225052937.0, "spark.reducer.maxSizeInFlight": 66.0, "spark.shuffle.file.buffer": 41.0}, "datetime": {"datetime": "2022-01-06 12:40:19", "elapsed": 0.133602, "delta": 0.024899}}
{"target": -2801.7231900000006, "params": {"spark.default.parallelism": 388.0, "spark.executor.cores": 1.0, "spark.executor.instances": 4.0, "spark.executor.memory": 5.0, "spark.executor.memoryOverhead": 812.0, "spark.memory.fraction": 0.58, "spark.memory.storageFraction": 0.85, "spark.reducer.maxBlocksInFlightPerAddress": 1081664218.0, "spark.reducer.maxSizeInFlight": 46.0, "spark.shuffle.file.buffer": 23.0}, "datetime": {"datetime": "2022-01-06 12:40:19", "elapsed": 0.159543, "delta": 0.025941}}
{"target": -2797.2585600000016, "params": {"spark.default.parallelism": 434.0, "spark.executor.cores": 2.0, "spark.executor.instances": 4.0, "spark.executor.memory": 4.0, "spark.executor.memoryOverhead": 638.0, "spark.memory.fraction": 0.51, "spark.memory.storageFraction": 0.77, "spark.reducer.maxBlocksInFlightPerAddress": 1635658111.0, "spark.reducer.maxSizeInFlight": 40.0, "spark.shuffle.file.buffer": 40.0}, "datetime": {"datetime": "2022-01-06 12:40:19", "elapsed": 0.186497, "delta": 0.026954}}
{"target": -2799.3912500000024, "params": {"spark.default.parallelism": 398.0, "spark.executor.cores": 2.0, "spark.executor.instances": 4.0, "spark.executor.memory": 4.0, "spark.executor.memoryOverhead": 608.0, "spark.memory.fraction": 0.67, "spark.memory.storageFraction": 0.72, "spark.reducer.maxBlocksInFlightPerAddress": 1693064384.0, "spark.reducer.maxSizeInFlight": 64.0, "spark.shuffle.file.buffer": 22.0}, "datetime": {"datetime": "2022-01-06 12:40:19", "elapsed": 0.212427, "delta": 0.02593}}
{"target": -2807.502760000001, "params": {"spark.default.parallelism": 252.0, "spark.executor.cores": 1.0, "spark.executor.instances": 5.0, "spark.executor.memory": 5.0, "spark.executor.memoryOverhead": 867.0, "spark.memory.fraction": 0.56, "spark.memory.storageFraction": 0.58, "spark.reducer.maxBlocksInFlightPerAddress": 2111254188.0, "spark.reducer.maxSizeInFlight": 25.0, "spark.shuffle.file.buffer": 39.0}, "datetime": {"datetime": "2022-01-06 12:40:19", "elapsed": 0.240349, "delta": 0.027922}}
{"target": -2796.3017200000013, "params": {"spark.default.parallelism": 309.0, "spark.executor.cores": 2.0, "spark.executor.instances": 5.0, "spark.executor.memory": 3.0, "spark.executor.memoryOverhead": 548.0, "spark.memory.fraction": 0.82, "spark.memory.storageFraction": 0.89, "spark.reducer.maxBlocksInFlightPerAddress": 1610655098.0, "spark.reducer.maxSizeInFlight": 55.0, "spark.shuffle.file.buffer": 47.0}, "datetime": {"datetime": "2022-01-06 12:40:19", "elapsed": 0.272264, "delta": 0.031915}}
{"target": -2809.551530000001, "params": {"spark.default.parallelism": 423.0, "spark.executor.cores": 1.0, "spark.executor.instances": 7.0, "spark.executor.memory": 5.0, "spark.executor.memoryOverhead": 522.0, "spark.memory.fraction": 0.63, "spark.memory.storageFraction": 0.78, "spark.reducer.maxBlocksInFlightPerAddress": 1945638199.0, "spark.reducer.maxSizeInFlight": 29.0, "spark.shuffle.file.buffer": 18.0}, "datetime": {"datetime": "2022-01-06 12:40:19", "elapsed": 0.301155, "delta": 0.028891}}
{"target": -2798.4218500000015, "params": {"spark.default.parallelism": 362.0, "spark.executor.cores": 1.0, "spark.executor.instances": 7.0, "spark.executor.memory": 6.0, "spark.executor.memoryOverhead": 744.0, "spark.memory.fraction": 0.85, "spark.memory.storageFraction": 0.86, "spark.reducer.maxBlocksInFlightPerAddress": 1329700757.0, "spark.reducer.maxSizeInFlight": 36.0, "spark.shuffle.file.buffer": 26.0}, "datetime": {"datetime": "2022-01-06 12:40:19", "elapsed": 0.328119, "delta": 0.026964}}
{"target": -2803.5328600000007, "params": {"spark.default.parallelism": 200.0, "spark.executor.cores": 1.0, "spark.executor.instances": 4.0, "spark.executor.memory": 5.0, "spark.executor.memoryOverhead": 809.0, "spark.memory.fraction": 0.53, "spark.memory.storageFraction": 0.52, "spark.reducer.maxBlocksInFlightPerAddress": 2060253621.0, "spark.reducer.maxSizeInFlight": 57.0, "spark.shuffle.file.buffer": 37.0}, "datetime": {"datetime": "2022-01-06 12:40:19", "elapsed": 0.354055, "delta": 0.025936}}
{"target": -2800.3615600000003, "params": {"spark.default.parallelism": 216.0, "spark.executor.cores": 1.0, "spark.executor.instances": 6.0, "spark.executor.memory": 5.0, "spark.executor.memoryOverhead": 744.0, "spark.memory.fraction": 0.57, "spark.memory.storageFraction": 0.85, "spark.reducer.maxBlocksInFlightPerAddress": 1103647348.0, "spark.reducer.maxSizeInFlight": 41.0, "spark.shuffle.file.buffer": 46.0}, "datetime": {"datetime": "2022-01-06 12:40:19", "elapsed": 0.380982, "delta": 0.026927}}
{"target": -2797.567180000002, "params": {"spark.default.parallelism": 454.0, "spark.executor.cores": 2.0, "spark.executor.instances": 6.0, "spark.executor.memory": 5.0, "spark.executor.memoryOverhead": 577.0, "spark.memory.fraction": 0.54, "spark.memory.storageFraction": 0.67, "spark.reducer.maxBlocksInFlightPerAddress": 1303136394.0, "spark.reducer.maxSizeInFlight": 55.0, "spark.shuffle.file.buffer": 23.0}, "datetime": {"datetime": "2022-01-06 12:40:19", "elapsed": 0.406912, "delta": 0.02593}}
{"target": -2800.7879300000013, "params": {"spark.default.parallelism": 235.0, "spark.executor.cores": 1.0, "spark.executor.instances": 7.0, "spark.executor.memory": 3.0, "spark.executor.memoryOverhead": 603.0, "spark.memory.fraction": 0.88, "spark.memory.storageFraction": 0.71, "spark.reducer.maxBlocksInFlightPerAddress": 1141765191.0, "spark.reducer.maxSizeInFlight": 70.0, "spark.shuffle.file.buffer": 30.0}, "datetime": {"datetime": "2022-01-06 12:40:19", "elapsed": 0.435794, "delta": 0.028882}}
{"target": -2797.0006500000004, "params": {"spark.default.parallelism": 341.0, "spark.executor.cores": 2.0, "spark.executor.instances": 7.0, "spark.executor.memory": 3.0, "spark.executor.memoryOverhead": 602.0, "spark.memory.fraction": 0.78, "spark.memory.storageFraction": 0.63, "spark.reducer.maxBlocksInFlightPerAddress": 1235518753.0, "spark.reducer.maxSizeInFlight": 38.0, "spark.shuffle.file.buffer": 38.0}, "datetime": {"datetime": "2022-01-06 12:40:19", "elapsed": 0.463757, "delta": 0.027963}}
{"target": -2799.5959600000015, "params": {"spark.default.parallelism": 448.0, "spark.executor.cores": 2.0, "spark.executor.instances": 4.0, "spark.executor.memory": 4.0, "spark.executor.memoryOverhead": 479.0, "spark.memory.fraction": 0.77, "spark.memory.storageFraction": 0.83, "spark.reducer.maxBlocksInFlightPerAddress": 1894440699.0, "spark.reducer.maxSizeInFlight": 30.0, "spark.shuffle.file.buffer": 36.0}, "datetime": {"datetime": "2022-01-06 12:40:19", "elapsed": 0.489695, "delta": 0.025938}}
{"target": -2799.481810000001, "params": {"spark.default.parallelism": 420.0, "spark.executor.cores": 1.0, "spark.executor.instances": 5.0, "spark.executor.memory": 4.0, "spark.executor.memoryOverhead": 589.0, "spark.memory.fraction": 0.51, "spark.memory.storageFraction": 0.8, "spark.reducer.maxBlocksInFlightPerAddress": 1204973808.0, "spark.reducer.maxSizeInFlight": 40.0, "spark.shuffle.file.buffer": 35.0}, "datetime": {"datetime": "2022-01-06 12:40:19", "elapsed": 0.517578, "delta": 0.027883}}
{"target": -2807.029980000001, "params": {"spark.default.parallelism": 362.0, "spark.executor.cores": 1.0, "spark.executor.instances": 7.0, "spark.executor.memory": 3.0, "spark.executor.memoryOverhead": 674.0, "spark.memory.fraction": 0.9, "spark.memory.storageFraction": 0.8, "spark.reducer.maxBlocksInFlightPerAddress": 1937335414.0, "spark.reducer.maxSizeInFlight": 71.0, "spark.shuffle.file.buffer": 33.0}, "datetime": {"datetime": "2022-01-06 12:40:19", "elapsed": 0.544543, "delta": 0.026965}}
{"target": -2799.168630000002, "params": {"spark.default.parallelism": 494.0, "spark.executor.cores": 1.0, "spark.executor.instances": 5.0, "spark.executor.memory": 4.0, "spark.executor.memoryOverhead": 577.0, "spark.memory.fraction": 0.61, "spark.memory.storageFraction": 0.82, "spark.reducer.maxBlocksInFlightPerAddress": 1484224878.0, "spark.reducer.maxSizeInFlight": 27.0, "spark.shuffle.file.buffer": 27.0}, "datetime": {"datetime": "2022-01-06 12:40:19", "elapsed": 0.571432, "delta": 0.026889}}
{"target": -2804.808370000001, "params": {"spark.default.parallelism": 259.0, "spark.executor.cores": 2.0, "spark.executor.instances": 5.0, "spark.executor.memory": 5.0, "spark.executor.memoryOverhead": 391.0, "spark.memory.fraction": 0.54, "spark.memory.storageFraction": 0.68, "spark.reducer.maxBlocksInFlightPerAddress": 1946491387.0, "spark.reducer.maxSizeInFlight": 48.0, "spark.shuffle.file.buffer": 38.0}, "datetime": {"datetime": "2022-01-06 12:40:19", "elapsed": 0.5984, "delta": 0.026968}}
{"target": -2798.073100000001, "params": {"spark.default.parallelism": 345.0, "spark.executor.cores": 1.0, "spark.executor.instances": 4.0, "spark.executor.memory": 3.0, "spark.executor.memoryOverhead": 554.0, "spark.memory.fraction": 0.86, "spark.memory.storageFraction": 0.62, "spark.reducer.maxBlocksInFlightPerAddress": 1227049203.0, "spark.reducer.maxSizeInFlight": 56.0, "spark.shuffle.file.buffer": 22.0}, "datetime": {"datetime": "2022-01-06 12:40:19", "elapsed": 0.625326, "delta": 0.026926}}
{"target": -2804.0771300000015, "params": {"spark.default.parallelism": 279.0, "spark.executor.cores": 1.0, "spark.executor.instances": 7.0, "spark.executor.memory": 3.0, "spark.executor.memoryOverhead": 869.0, "spark.memory.fraction": 0.62, "spark.memory.storageFraction": 0.55, "spark.reducer.maxBlocksInFlightPerAddress": 1977450376.0, "spark.reducer.maxSizeInFlight": 68.0, "spark.shuffle.file.buffer": 31.0}, "datetime": {"datetime": "2022-01-06 12:40:19", "elapsed": 0.653252, "delta": 0.027926}}
{"target": -2800.1917800000006, "params": {"spark.default.parallelism": 275.0, "spark.executor.cores": 2.0, "spark.executor.instances": 6.0, "spark.executor.memory": 4.0, "spark.executor.memoryOverhead": 822.0, "spark.memory.fraction": 0.51, "spark.memory.storageFraction": 0.77, "spark.reducer.maxBlocksInFlightPerAddress": 1266928966.0, "spark.reducer.maxSizeInFlight": 44.0, "spark.shuffle.file.buffer": 22.0}, "datetime": {"datetime": "2022-01-06 12:40:19", "elapsed": 0.680141, "delta": 0.026889}}
{"target": -2811.9838600000016, "params": {"spark.default.parallelism": 363.0, "spark.executor.cores": 1.0, "spark.executor.instances": 6.0, "spark.executor.memory": 5.0, "spark.executor.memoryOverhead": 417.0, "spark.memory.fraction": 0.58, "spark.memory.storageFraction": 0.61, "spark.reducer.maxBlocksInFlightPerAddress": 2136707782.0, "spark.reducer.maxSizeInFlight": 50.0, "spark.shuffle.file.buffer": 30.0}, "datetime": {"datetime": "2022-01-06 12:40:19", "elapsed": 0.707123, "delta": 0.026982}}
{"target": -2805.319080000001, "params": {"spark.default.parallelism": 256.0, "spark.executor.cores": 1.0, "spark.executor.instances": 7.0, "spark.executor.memory": 3.0, "spark.executor.memoryOverhead": 555.0, "spark.memory.fraction": 0.7, "spark.memory.storageFraction": 0.52, "spark.reducer.maxBlocksInFlightPerAddress": 1991762496.0, "spark.reducer.maxSizeInFlight": 42.0, "spark.shuffle.file.buffer": 30.0}, "datetime": {"datetime": "2022-01-06 12:40:19", "elapsed": 0.734994, "delta": 0.027871}}
{"target": -2796.5957700000013, "params": {"spark.default.parallelism": 313.0, "spark.executor.cores": 1.0, "spark.executor.instances": 4.0, "spark.executor.memory": 3.0, "spark.executor.memoryOverhead": 478.0, "spark.memory.fraction": 0.73, "spark.memory.storageFraction": 0.56, "spark.reducer.maxBlocksInFlightPerAddress": 1188630220.0, "spark.reducer.maxSizeInFlight": 62.0, "spark.shuffle.file.buffer": 33.0}, "datetime": {"datetime": "2022-01-06 12:40:19", "elapsed": 0.76379, "delta": 0.028796}}
{"target": -2800.869290000001, "params": {"spark.default.parallelism": 309.0, "spark.executor.cores": 1.0, "spark.executor.instances": 5.0, "spark.executor.memory": 5.0, "spark.executor.memoryOverhead": 445.0, "spark.memory.fraction": 0.74, "spark.memory.storageFraction": 0.78, "spark.reducer.maxBlocksInFlightPerAddress": 1525267698.0, "spark.reducer.maxSizeInFlight": 65.0, "spark.shuffle.file.buffer": 39.0}, "datetime": {"datetime": "2022-01-06 12:40:19", "elapsed": 0.791715, "delta": 0.027925}}
{"target": -2798.168270000001, "params": {"spark.default.parallelism": 429.0, "spark.executor.cores": 1.0, "spark.executor.instances": 6.0, "spark.executor.memory": 3.0, "spark.executor.memoryOverhead": 508.0, "spark.memory.fraction": 0.54, "spark.memory.storageFraction": 0.65, "spark.reducer.maxBlocksInFlightPerAddress": 1217631789.0, "spark.reducer.maxSizeInFlight": 55.0, "spark.shuffle.file.buffer": 22.0}, "datetime": {"datetime": "2022-01-06 12:40:20", "elapsed": 1.594582, "delta": 0.802867}}
{"target": -2802.0884000000015, "params": {"spark.default.parallelism": 366.0, "spark.executor.cores": 1.0, "spark.executor.instances": 4.0, "spark.executor.memory": 6.0, "spark.executor.memoryOverhead": 428.0, "spark.memory.fraction": 0.83, "spark.memory.storageFraction": 0.76, "spark.reducer.maxBlocksInFlightPerAddress": 1477888942.0, "spark.reducer.maxSizeInFlight": 52.0, "spark.shuffle.file.buffer": 44.0}, "datetime": {"datetime": "2022-01-06 12:40:21", "elapsed": 2.668782, "delta": 1.0742}}
{"target": -2799.480790000001, "params": {"spark.default.parallelism": 336.0, "spark.executor.cores": 1.0, "spark.executor.instances": 7.0, "spark.executor.memory": 5.0, "spark.executor.memoryOverhead": 767.0, "spark.memory.fraction": 0.8, "spark.memory.storageFraction": 0.57, "spark.reducer.maxBlocksInFlightPerAddress": 1188566760.0, "spark.reducer.maxSizeInFlight": 46.0, "spark.shuffle.file.buffer": 21.0}, "datetime": {"datetime": "2022-01-06 12:40:22", "elapsed": 3.636848, "delta": 0.968066}}
{"target": -2802.414230000001, "params": {"spark.default.parallelism": 486.0, "spark.executor.cores": 2.0, "spark.executor.instances": 7.0, "spark.executor.memory": 6.0, "spark.executor.memoryOverhead": 834.0, "spark.memory.fraction": 0.53, "spark.memory.storageFraction": 0.8, "spark.reducer.maxBlocksInFlightPerAddress": 1710702737.0, "spark.reducer.maxSizeInFlight": 71.0, "spark.shuffle.file.buffer": 18.0}, "datetime": {"datetime": "2022-01-06 12:40:23", "elapsed": 4.656124, "delta": 1.019276}}
{"target": -2794.5087700000017, "params": {"spark.default.parallelism": 461.0, "spark.executor.cores": 1.0, "spark.executor.instances": 7.0, "spark.executor.memory": 6.0, "spark.executor.memoryOverhead": 774.0, "spark.memory.fraction": 0.77, "spark.memory.storageFraction": 0.51, "spark.reducer.maxBlocksInFlightPerAddress": 1613579332.0, "spark.reducer.maxSizeInFlight": 37.0, "spark.shuffle.file.buffer": 28.0}, "datetime": {"datetime": "2022-01-06 12:40:24", "elapsed": 5.752191, "delta": 1.096067}}
{"target": -2796.4667900000013, "params": {"spark.default.parallelism": 479.0, "spark.executor.cores": 1.0, "spark.executor.instances": 7.0, "spark.executor.memory": 4.0, "spark.executor.memoryOverhead": 690.0, "spark.memory.fraction": 0.67, "spark.memory.storageFraction": 0.67, "spark.reducer.maxBlocksInFlightPerAddress": 1613573973.0, "spark.reducer.maxSizeInFlight": 41.0, "spark.shuffle.file.buffer": 28.0}, "datetime": {"datetime": "2022-01-06 12:40:25", "elapsed": 6.915119, "delta": 1.162928}}
{"target": -2803.1555000000017, "params": {"spark.default.parallelism": 283.0, "spark.executor.cores": 1.0, "spark.executor.instances": 5.0, "spark.executor.memory": 6.0, "spark.executor.memoryOverhead": 446.0, "spark.memory.fraction": 0.78, "spark.memory.storageFraction": 0.73, "spark.reducer.maxBlocksInFlightPerAddress": 1188612470.0, "spark.reducer.maxSizeInFlight": 64.0, "spark.shuffle.file.buffer": 18.0}, "datetime": {"datetime": "2022-01-06 12:40:27", "elapsed": 8.10993, "delta": 1.194811}}
{"target": -2795.7583700000005, "params": {"spark.default.parallelism": 441.0, "spark.executor.cores": 2.0, "spark.executor.instances": 7.0, "spark.executor.memory": 4.0, "spark.executor.memoryOverhead": 521.0, "spark.memory.fraction": 0.89, "spark.memory.storageFraction": 0.83, "spark.reducer.maxBlocksInFlightPerAddress": 1303134843.0, "spark.reducer.maxSizeInFlight": 68.0, "spark.shuffle.file.buffer": 40.0}, "datetime": {"datetime": "2022-01-06 12:40:28", "elapsed": 9.227939, "delta": 1.118009}}
{"target": -2796.886430000001, "params": {"spark.default.parallelism": 341.0, "spark.executor.cores": 1.0, "spark.executor.instances": 7.0, "spark.executor.memory": 6.0, "spark.executor.memoryOverhead": 626.0, "spark.memory.fraction": 0.63, "spark.memory.storageFraction": 0.57, "spark.reducer.maxBlocksInFlightPerAddress": 1227035542.0, "spark.reducer.maxSizeInFlight": 47.0, "spark.shuffle.file.buffer": 41.0}, "datetime": {"datetime": "2022-01-06 12:40:29", "elapsed": 10.303064, "delta": 1.075125}}
{"target": -2794.1490300000005, "params": {"spark.default.parallelism": 206.0, "spark.executor.cores": 1.0, "spark.executor.instances": 5.0, "spark.executor.memory": 4.0, "spark.executor.memoryOverhead": 529.0, "spark.memory.fraction": 0.82, "spark.memory.storageFraction": 0.53, "spark.reducer.maxBlocksInFlightPerAddress": 1227042786.0, "spark.reducer.maxSizeInFlight": 26.0, "spark.shuffle.file.buffer": 31.0}, "datetime": {"datetime": "2022-01-06 12:40:30", "elapsed": 11.386168, "delta": 1.083104}}
{"target": -2801.1613800000023, "params": {"spark.default.parallelism": 454.0, "spark.executor.cores": 2.0, "spark.executor.instances": 4.0, "spark.executor.memory": 5.0, "spark.executor.memoryOverhead": 468.0, "spark.memory.fraction": 0.84, "spark.memory.storageFraction": 0.73, "spark.reducer.maxBlocksInFlightPerAddress": 1635645833.0, "spark.reducer.maxSizeInFlight": 27.0, "spark.shuffle.file.buffer": 32.0}, "datetime": {"datetime": "2022-01-06 12:40:31", "elapsed": 12.497197, "delta": 1.111029}}
{"target": -2800.7303500000016, "params": {"spark.default.parallelism": 259.0, "spark.executor.cores": 2.0, "spark.executor.instances": 7.0, "spark.executor.memory": 5.0, "spark.executor.memoryOverhead": 775.0, "spark.memory.fraction": 0.75, "spark.memory.storageFraction": 0.71, "spark.reducer.maxBlocksInFlightPerAddress": 1235510189.0, "spark.reducer.maxSizeInFlight": 34.0, "spark.shuffle.file.buffer": 17.0}, "datetime": {"datetime": "2022-01-06 12:40:32", "elapsed": 13.590182, "delta": 1.092985}}
{"target": -2814.6622400000015, "params": {"spark.default.parallelism": 442.0, "spark.executor.cores": 2.0, "spark.executor.instances": 6.0, "spark.executor.memory": 3.0, "spark.executor.memoryOverhead": 442.0, "spark.memory.fraction": 0.58, "spark.memory.storageFraction": 0.77, "spark.reducer.maxBlocksInFlightPerAddress": 2138842563.0, "spark.reducer.maxSizeInFlight": 69.0, "spark.shuffle.file.buffer": 26.0}, "datetime": {"datetime": "2022-01-06 12:40:33", "elapsed": 14.693232, "delta": 1.10305}}
