{"target": -2796.415460000001, "params": {"spark.default.parallelism": 253.0, "spark.executor.cores": 2.0, "spark.executor.instances": 4.0, "spark.executor.memory": 6.0, "spark.executor.memoryOverhead": 743.0, "spark.memory.fraction": 0.77, "spark.memory.storageFraction": 0.76, "spark.reducer.maxBlocksInFlightPerAddress": 1613607926.0, "spark.reducer.maxSizeInFlight": 51.0, "spark.shuffle.file.buffer": 37.0}, "datetime": {"datetime": "2022-01-06 12:41:24", "elapsed": 65.179117, "delta": 1.250636}}
{"target": -2794.2090100000014, "params": {"spark.default.parallelism": 274.0, "spark.executor.cores": 2.0, "spark.executor.instances": 7.0, "spark.executor.memory": 6.0, "spark.executor.memoryOverhead": 693.0, "spark.memory.fraction": 0.54, "spark.memory.storageFraction": 0.52, "spark.reducer.maxBlocksInFlightPerAddress": 1351819262.0, "spark.reducer.maxSizeInFlight": 43.0, "spark.shuffle.file.buffer": 36.0}, "datetime": {"datetime": "2022-01-06 12:41:25", "elapsed": 66.517989, "delta": 1.338872}}
{"target": -2795.0590500000017, "params": {"spark.default.parallelism": 286.0, "spark.executor.cores": 2.0, "spark.executor.instances": 6.0, "spark.executor.memory": 6.0, "spark.executor.memoryOverhead": 667.0, "spark.memory.fraction": 0.74, "spark.memory.storageFraction": 0.52, "spark.reducer.maxBlocksInFlightPerAddress": 1484186220.0, "spark.reducer.maxSizeInFlight": 71.0, "spark.shuffle.file.buffer": 28.0}, "datetime": {"datetime": "2022-01-06 12:41:27", "elapsed": 68.123917, "delta": 1.605928}}
{"target": -2799.4715000000015, "params": {"spark.default.parallelism": 401.0, "spark.executor.cores": 2.0, "spark.executor.instances": 6.0, "spark.executor.memory": 6.0, "spark.executor.memoryOverhead": 764.0, "spark.memory.fraction": 0.8, "spark.memory.storageFraction": 0.57, "spark.reducer.maxBlocksInFlightPerAddress": 1416223289.0, "spark.reducer.maxSizeInFlight": 58.0, "spark.shuffle.file.buffer": 19.0}, "datetime": {"datetime": "2022-01-06 12:41:28", "elapsed": 69.725631, "delta": 1.601714}}
"{'maxIndex': 40, 'target': -2794.1490300000005, 'params': {'spark.default.parallelism': 206.0, 'spark.executor.cores': 1.0, 'spark.executor.instances': 5.0, 'spark.executor.memory': 4.0, 'spark.executor.memoryOverhead': 529.0, 'spark.memory.fraction': 0.82, 'spark.memory.storageFraction': 0.53, 'spark.reducer.maxBlocksInFlightPerAddress': 1227042786.0, 'spark.reducer.maxSizeInFlight': 26.0, 'spark.shuffle.file.buffer': 31.0}}"