{"target": -2798.756750000002, "params": {"spark.default.parallelism": 281.0, "spark.executor.cores": 1.0, "spark.executor.instances": 6.0, "spark.executor.memory": 6.0, "spark.executor.memoryOverhead": 752.0, "spark.memory.fraction": 0.67, "spark.memory.storageFraction": 0.83, "spark.reducer.maxBlocksInFlightPerAddress": 1561511091.0, "spark.reducer.maxSizeInFlight": 54.0, "spark.shuffle.file.buffer": 25.0}, "datetime": {"datetime": "2022-01-06 12:43:33", "elapsed": 64.377139, "delta": 1.275591}}
{"target": -2795.257500000001, "params": {"spark.default.parallelism": 470.0, "spark.executor.cores": 1.0, "spark.executor.instances": 7.0, "spark.executor.memory": 4.0, "spark.executor.memoryOverhead": 485.0, "spark.memory.fraction": 0.64, "spark.memory.storageFraction": 0.83, "spark.reducer.maxBlocksInFlightPerAddress": 1714023327.0, "spark.reducer.maxSizeInFlight": 59.0, "spark.shuffle.file.buffer": 37.0}, "datetime": {"datetime": "2022-01-06 12:43:34", "elapsed": 65.600603, "delta": 1.223464}}
{"target": -2797.168520000001, "params": {"spark.default.parallelism": 358.0, "spark.executor.cores": 1.0, "spark.executor.instances": 4.0, "spark.executor.memory": 5.0, "spark.executor.memoryOverhead": 561.0, "spark.memory.fraction": 0.74, "spark.memory.storageFraction": 0.64, "spark.reducer.maxBlocksInFlightPerAddress": 1714136576.0, "spark.reducer.maxSizeInFlight": 63.0, "spark.shuffle.file.buffer": 47.0}, "datetime": {"datetime": "2022-01-06 12:43:35", "elapsed": 66.862327, "delta": 1.261724}}
{"target": -2800.8828800000006, "params": {"spark.default.parallelism": 364.0, "spark.executor.cores": 1.0, "spark.executor.instances": 7.0, "spark.executor.memory": 6.0, "spark.executor.memoryOverhead": 499.0, "spark.memory.fraction": 0.8, "spark.memory.storageFraction": 0.57, "spark.reducer.maxBlocksInFlightPerAddress": 1105734242.0, "spark.reducer.maxSizeInFlight": 67.0, "spark.shuffle.file.buffer": 25.0}, "datetime": {"datetime": "2022-01-06 12:43:37", "elapsed": 68.221801, "delta": 1.359474}}
"{'maxIndex': 58, 'target': -2793.635800000001, 'params': {'spark.default.parallelism': 342.0, 'spark.executor.cores': 1.0, 'spark.executor.instances': 5.0, 'spark.executor.memory': 3.0, 'spark.executor.memoryOverhead': 829.0, 'spark.memory.fraction': 0.51, 'spark.memory.storageFraction': 0.51, 'spark.reducer.maxBlocksInFlightPerAddress': 1445321836.0, 'spark.reducer.maxSizeInFlight': 33.0, 'spark.shuffle.file.buffer': 42.0}}"