{"target": -2797.549840000001, "params": {"spark.default.parallelism": 410.0, "spark.executor.cores": 2.0, "spark.executor.instances": 5.0, "spark.executor.memory": 3.0, "spark.executor.memoryOverhead": 832.0, "spark.memory.fraction": 0.67, "spark.memory.storageFraction": 0.79, "spark.reducer.maxBlocksInFlightPerAddress": 1553131425.0, "spark.reducer.maxSizeInFlight": 60.0, "spark.shuffle.file.buffer": 40.0}, "datetime": {"datetime": "2022-01-06 12:42:29", "elapsed": 0.0, "delta": 0.0}}
{"target": -2796.0163800000014, "params": {"spark.default.parallelism": 356.0, "spark.executor.cores": 2.0, "spark.executor.instances": 4.0, "spark.executor.memory": 5.0, "spark.executor.memoryOverhead": 648.0, "spark.memory.fraction": 0.5, "spark.memory.storageFraction": 0.62, "spark.reducer.maxBlocksInFlightPerAddress": 1616701726.0, "spark.reducer.maxSizeInFlight": 33.0, "spark.shuffle.file.buffer": 43.0}, "datetime": {"datetime": "2022-01-06 12:42:29", "elapsed": 0.046872, "delta": 0.046872}}
{"target": -2795.522380000001, "params": {"spark.default.parallelism": 339.0, "spark.executor.cores": 1.0, "spark.executor.instances": 4.0, "spark.executor.memory": 5.0, "spark.executor.memoryOverhead": 501.0, "spark.memory.fraction": 0.56, "spark.memory.storageFraction": 0.54, "spark.reducer.maxBlocksInFlightPerAddress": 1246945025.0, "spark.reducer.maxSizeInFlight": 39.0, "spark.shuffle.file.buffer": 22.0}, "datetime": {"datetime": "2022-01-06 12:42:29", "elapsed": 0.100425, "delta": 0.053553}}
{"target": -2797.773090000001, "params": {"spark.default.parallelism": 467.0, "spark.executor.cores": 1.0, "spark.executor.instances": 4.0, "spark.executor.memory": 5.0, "spark.executor.memoryOverhead": 654.0, "spark.memory.fraction": 0.57, "spark.memory.storageFraction": 0.64, "spark.reducer.maxBlocksInFlightPerAddress": 1380913031.0, "spark.reducer.maxSizeInFlight": 62.0, "spark.shuffle.file.buffer": 31.0}, "datetime": {"datetime": "2022-01-06 12:42:29", "elapsed": 0.145267, "delta": 0.044842}}
{"target": -2798.176270000002, "params": {"spark.default.parallelism": 464.0, "spark.executor.cores": 1.0, "spark.executor.instances": 4.0, "spark.executor.memory": 4.0, "spark.executor.memoryOverhead": 716.0, "spark.memory.fraction": 0.66, "spark.memory.storageFraction": 0.72, "spark.reducer.maxBlocksInFlightPerAddress": 1397381603.0, "spark.reducer.maxSizeInFlight": 34.0, "spark.shuffle.file.buffer": 23.0}, "datetime": {"datetime": "2022-01-06 12:42:29", "elapsed": 0.193141, "delta": 0.047874}}
{"target": -2801.1678300000017, "params": {"spark.default.parallelism": 445.0, "spark.executor.cores": 2.0, "spark.executor.instances": 6.0, "spark.executor.memory": 3.0, "spark.executor.memoryOverhead": 433.0, "spark.memory.fraction": 0.67, "spark.memory.storageFraction": 0.77, "spark.reducer.maxBlocksInFlightPerAddress": 1872393884.0, "spark.reducer.maxSizeInFlight": 30.0, "spark.shuffle.file.buffer": 41.0}, "datetime": {"datetime": "2022-01-06 12:42:29", "elapsed": 0.239018, "delta": 0.045877}}
{"target": -2798.4533500000016, "params": {"spark.default.parallelism": 242.0, "spark.executor.cores": 1.0, "spark.executor.instances": 5.0, "spark.executor.memory": 4.0, "spark.executor.memoryOverhead": 733.0, "spark.memory.fraction": 0.58, "spark.memory.storageFraction": 0.85, "spark.reducer.maxBlocksInFlightPerAddress": 1418646476.0, "spark.reducer.maxSizeInFlight": 67.0, "spark.shuffle.file.buffer": 33.0}, "datetime": {"datetime": "2022-01-06 12:42:29", "elapsed": 0.286923, "delta": 0.047905}}
{"target": -2799.9499500000015, "params": {"spark.default.parallelism": 443.0, "spark.executor.cores": 1.0, "spark.executor.instances": 5.0, "spark.executor.memory": 6.0, "spark.executor.memoryOverhead": 505.0, "spark.memory.fraction": 0.51, "spark.memory.storageFraction": 0.77, "spark.reducer.maxBlocksInFlightPerAddress": 1413889522.0, "spark.reducer.maxSizeInFlight": 49.0, "spark.shuffle.file.buffer": 27.0}, "datetime": {"datetime": "2022-01-06 12:42:29", "elapsed": 0.343739, "delta": 0.056816}}
{"target": -2796.466500000002, "params": {"spark.default.parallelism": 208.0, "spark.executor.cores": 2.0, "spark.executor.instances": 6.0, "spark.executor.memory": 6.0, "spark.executor.memoryOverhead": 663.0, "spark.memory.fraction": 0.67, "spark.memory.storageFraction": 0.72, "spark.reducer.maxBlocksInFlightPerAddress": 1594170696.0, "spark.reducer.maxSizeInFlight": 62.0, "spark.shuffle.file.buffer": 43.0}, "datetime": {"datetime": "2022-01-06 12:42:29", "elapsed": 0.39265, "delta": 0.048911}}
{"target": -2797.0135800000007, "params": {"spark.default.parallelism": 476.0, "spark.executor.cores": 1.0, "spark.executor.instances": 7.0, "spark.executor.memory": 6.0, "spark.executor.memoryOverhead": 530.0, "spark.memory.fraction": 0.56, "spark.memory.storageFraction": 0.58, "spark.reducer.maxBlocksInFlightPerAddress": 1202975661.0, "spark.reducer.maxSizeInFlight": 61.0, "spark.shuffle.file.buffer": 46.0}, "datetime": {"datetime": "2022-01-06 12:42:29", "elapsed": 0.439523, "delta": 0.046873}}
{"target": -2796.788080000001, "params": {"spark.default.parallelism": 258.0, "spark.executor.cores": 2.0, "spark.executor.instances": 5.0, "spark.executor.memory": 3.0, "spark.executor.memoryOverhead": 577.0, "spark.memory.fraction": 0.82, "spark.memory.storageFraction": 0.89, "spark.reducer.maxBlocksInFlightPerAddress": 1727708847.0, "spark.reducer.maxSizeInFlight": 63.0, "spark.shuffle.file.buffer": 38.0}, "datetime": {"datetime": "2022-01-06 12:42:29", "elapsed": 0.485388, "delta": 0.045865}}
{"target": -2797.5514900000007, "params": {"spark.default.parallelism": 421.0, "spark.executor.cores": 2.0, "spark.executor.instances": 6.0, "spark.executor.memory": 5.0, "spark.executor.memoryOverhead": 725.0, "spark.memory.fraction": 0.63, "spark.memory.storageFraction": 0.78, "spark.reducer.maxBlocksInFlightPerAddress": 1689835752.0, "spark.reducer.maxSizeInFlight": 51.0, "spark.shuffle.file.buffer": 40.0}, "datetime": {"datetime": "2022-01-06 12:42:29", "elapsed": 0.533261, "delta": 0.047873}}
{"target": -2796.6225900000013, "params": {"spark.default.parallelism": 231.0, "spark.executor.cores": 1.0, "spark.executor.instances": 6.0, "spark.executor.memory": 5.0, "spark.executor.memoryOverhead": 854.0, "spark.memory.fraction": 0.85, "spark.memory.storageFraction": 0.86, "spark.reducer.maxBlocksInFlightPerAddress": 1561712697.0, "spark.reducer.maxSizeInFlight": 33.0, "spark.shuffle.file.buffer": 42.0}, "datetime": {"datetime": "2022-01-06 12:42:29", "elapsed": 0.579108, "delta": 0.045847}}
{"target": -2797.8629300000016, "params": {"spark.default.parallelism": 314.0, "spark.executor.cores": 1.0, "spark.executor.instances": 5.0, "spark.executor.memory": 4.0, "spark.executor.memoryOverhead": 434.0, "spark.memory.fraction": 0.53, "spark.memory.storageFraction": 0.52, "spark.reducer.maxBlocksInFlightPerAddress": 1685580520.0, "spark.reducer.maxSizeInFlight": 50.0, "spark.shuffle.file.buffer": 22.0}, "datetime": {"datetime": "2022-01-06 12:42:29", "elapsed": 0.630001, "delta": 0.050893}}
{"target": -2797.0911300000002, "params": {"spark.default.parallelism": 489.0, "spark.executor.cores": 1.0, "spark.executor.instances": 7.0, "spark.executor.memory": 3.0, "spark.executor.memoryOverhead": 787.0, "spark.memory.fraction": 0.57, "spark.memory.storageFraction": 0.85, "spark.reducer.maxBlocksInFlightPerAddress": 1200425405.0, "spark.reducer.maxSizeInFlight": 43.0, "spark.shuffle.file.buffer": 39.0}, "datetime": {"datetime": "2022-01-06 12:42:29", "elapsed": 0.675913, "delta": 0.045912}}
{"target": -2797.6479100000015, "params": {"spark.default.parallelism": 459.0, "spark.executor.cores": 2.0, "spark.executor.instances": 5.0, "spark.executor.memory": 6.0, "spark.executor.memoryOverhead": 816.0, "spark.memory.fraction": 0.54, "spark.memory.storageFraction": 0.67, "spark.reducer.maxBlocksInFlightPerAddress": 1628883512.0, "spark.reducer.maxSizeInFlight": 52.0, "spark.shuffle.file.buffer": 27.0}, "datetime": {"datetime": "2022-01-06 12:42:29", "elapsed": 0.720793, "delta": 0.04488}}
{"target": -2807.9463600000017, "params": {"spark.default.parallelism": 486.0, "spark.executor.cores": 2.0, "spark.executor.instances": 7.0, "spark.executor.memory": 3.0, "spark.executor.memoryOverhead": 417.0, "spark.memory.fraction": 0.88, "spark.memory.storageFraction": 0.71, "spark.reducer.maxBlocksInFlightPerAddress": 1926664397.0, "spark.reducer.maxSizeInFlight": 48.0, "spark.shuffle.file.buffer": 17.0}, "datetime": {"datetime": "2022-01-06 12:42:29", "elapsed": 0.76464, "delta": 0.043847}}
{"target": -2808.0849000000017, "params": {"spark.default.parallelism": 364.0, "spark.executor.cores": 2.0, "spark.executor.instances": 6.0, "spark.executor.memory": 5.0, "spark.executor.memoryOverhead": 451.0, "spark.memory.fraction": 0.78, "spark.memory.storageFraction": 0.63, "spark.reducer.maxBlocksInFlightPerAddress": 1990921347.0, "spark.reducer.maxSizeInFlight": 71.0, "spark.shuffle.file.buffer": 46.0}, "datetime": {"datetime": "2022-01-06 12:42:29", "elapsed": 0.810518, "delta": 0.045878}}
{"target": -2796.7662400000013, "params": {"spark.default.parallelism": 395.0, "spark.executor.cores": 1.0, "spark.executor.instances": 4.0, "spark.executor.memory": 4.0, "spark.executor.memoryOverhead": 764.0, "spark.memory.fraction": 0.77, "spark.memory.storageFraction": 0.83, "spark.reducer.maxBlocksInFlightPerAddress": 1698174081.0, "spark.reducer.maxSizeInFlight": 43.0, "spark.shuffle.file.buffer": 40.0}, "datetime": {"datetime": "2022-01-06 12:42:29", "elapsed": 0.855398, "delta": 0.04488}}
{"target": -2855.119530000002, "params": {"spark.default.parallelism": 400.0, "spark.executor.cores": 2.0, "spark.executor.instances": 4.0, "spark.executor.memory": 6.0, "spark.executor.memoryOverhead": 652.0, "spark.memory.fraction": 0.51, "spark.memory.storageFraction": 0.8, "spark.reducer.maxBlocksInFlightPerAddress": 1905436130.0, "spark.reducer.maxSizeInFlight": 40.0, "spark.shuffle.file.buffer": 16.0}, "datetime": {"datetime": "2022-01-06 12:42:30", "elapsed": 0.901276, "delta": 0.045878}}
{"target": -2810.910170000001, "params": {"spark.default.parallelism": 393.0, "spark.executor.cores": 1.0, "spark.executor.instances": 4.0, "spark.executor.memory": 6.0, "spark.executor.memoryOverhead": 843.0, "spark.memory.fraction": 0.9, "spark.memory.storageFraction": 0.8, "spark.reducer.maxBlocksInFlightPerAddress": 2006041686.0, "spark.reducer.maxSizeInFlight": 42.0, "spark.shuffle.file.buffer": 33.0}, "datetime": {"datetime": "2022-01-06 12:42:30", "elapsed": 0.946196, "delta": 0.04492}}
{"target": -2801.5670400000004, "params": {"spark.default.parallelism": 411.0, "spark.executor.cores": 1.0, "spark.executor.instances": 6.0, "spark.executor.memory": 6.0, "spark.executor.memoryOverhead": 464.0, "spark.memory.fraction": 0.61, "spark.memory.storageFraction": 0.82, "spark.reducer.maxBlocksInFlightPerAddress": 1182977261.0, "spark.reducer.maxSizeInFlight": 56.0, "spark.shuffle.file.buffer": 32.0}, "datetime": {"datetime": "2022-01-06 12:42:30", "elapsed": 0.991065, "delta": 0.044869}}
{"target": -2806.5700100000013, "params": {"spark.default.parallelism": 444.0, "spark.executor.cores": 1.0, "spark.executor.instances": 5.0, "spark.executor.memory": 6.0, "spark.executor.memoryOverhead": 668.0, "spark.memory.fraction": 0.54, "spark.memory.storageFraction": 0.68, "spark.reducer.maxBlocksInFlightPerAddress": 2016667509.0, "spark.reducer.maxSizeInFlight": 31.0, "spark.shuffle.file.buffer": 43.0}, "datetime": {"datetime": "2022-01-06 12:42:30", "elapsed": 1.034919, "delta": 0.043854}}
{"target": -2811.656110000001, "params": {"spark.default.parallelism": 498.0, "spark.executor.cores": 2.0, "spark.executor.instances": 4.0, "spark.executor.memory": 4.0, "spark.executor.memoryOverhead": 770.0, "spark.memory.fraction": 0.86, "spark.memory.storageFraction": 0.62, "spark.reducer.maxBlocksInFlightPerAddress": 2070762876.0, "spark.reducer.maxSizeInFlight": 63.0, "spark.shuffle.file.buffer": 18.0}, "datetime": {"datetime": "2022-01-06 12:42:30", "elapsed": 1.07784, "delta": 0.042921}}
{"target": -2800.749980000001, "params": {"spark.default.parallelism": 318.0, "spark.executor.cores": 2.0, "spark.executor.instances": 7.0, "spark.executor.memory": 5.0, "spark.executor.memoryOverhead": 634.0, "spark.memory.fraction": 0.62, "spark.memory.storageFraction": 0.55, "spark.reducer.maxBlocksInFlightPerAddress": 1096636702.0, "spark.reducer.maxSizeInFlight": 42.0, "spark.shuffle.file.buffer": 30.0}, "datetime": {"datetime": "2022-01-06 12:42:30", "elapsed": 1.12172, "delta": 0.04388}}
{"target": -2801.3734100000015, "params": {"spark.default.parallelism": 438.0, "spark.executor.cores": 1.0, "spark.executor.instances": 7.0, "spark.executor.memory": 3.0, "spark.executor.memoryOverhead": 752.0, "spark.memory.fraction": 0.51, "spark.memory.storageFraction": 0.77, "spark.reducer.maxBlocksInFlightPerAddress": 1797418570.0, "spark.reducer.maxSizeInFlight": 36.0, "spark.shuffle.file.buffer": 36.0}, "datetime": {"datetime": "2022-01-06 12:42:30", "elapsed": 1.162579, "delta": 0.040859}}
{"target": -2798.897700000002, "params": {"spark.default.parallelism": 282.0, "spark.executor.cores": 2.0, "spark.executor.instances": 7.0, "spark.executor.memory": 6.0, "spark.executor.memoryOverhead": 814.0, "spark.memory.fraction": 0.58, "spark.memory.storageFraction": 0.61, "spark.reducer.maxBlocksInFlightPerAddress": 1672731073.0, "spark.reducer.maxSizeInFlight": 68.0, "spark.shuffle.file.buffer": 25.0}, "datetime": {"datetime": "2022-01-06 12:42:30", "elapsed": 1.203502, "delta": 0.040923}}
{"target": -2795.9146400000004, "params": {"spark.default.parallelism": 264.0, "spark.executor.cores": 2.0, "spark.executor.instances": 7.0, "spark.executor.memory": 4.0, "spark.executor.memoryOverhead": 386.0, "spark.memory.fraction": 0.7, "spark.memory.storageFraction": 0.52, "spark.reducer.maxBlocksInFlightPerAddress": 1127730525.0, "spark.reducer.maxSizeInFlight": 47.0, "spark.shuffle.file.buffer": 37.0}, "datetime": {"datetime": "2022-01-06 12:42:30", "elapsed": 1.245357, "delta": 0.041855}}
{"target": -2798.9086600000014, "params": {"spark.default.parallelism": 464.0, "spark.executor.cores": 1.0, "spark.executor.instances": 7.0, "spark.executor.memory": 3.0, "spark.executor.memoryOverhead": 781.0, "spark.memory.fraction": 0.73, "spark.memory.storageFraction": 0.56, "spark.reducer.maxBlocksInFlightPerAddress": 1801197518.0, "spark.reducer.maxSizeInFlight": 24.0, "spark.shuffle.file.buffer": 46.0}, "datetime": {"datetime": "2022-01-06 12:42:30", "elapsed": 1.286733, "delta": 0.041376}}
{"target": -2797.832400000001, "params": {"spark.default.parallelism": 426.0, "spark.executor.cores": 1.0, "spark.executor.instances": 6.0, "spark.executor.memory": 4.0, "spark.executor.memoryOverhead": 812.0, "spark.memory.fraction": 0.74, "spark.memory.storageFraction": 0.78, "spark.reducer.maxBlocksInFlightPerAddress": 1726778781.0, "spark.reducer.maxSizeInFlight": 51.0, "spark.shuffle.file.buffer": 39.0}, "datetime": {"datetime": "2022-01-06 12:42:30", "elapsed": 1.329582, "delta": 0.042849}}
{"target": -2799.9871200000016, "params": {"spark.default.parallelism": 345.0, "spark.executor.cores": 2.0, "spark.executor.instances": 7.0, "spark.executor.memory": 3.0, "spark.executor.memoryOverhead": 621.0, "spark.memory.fraction": 0.54, "spark.memory.storageFraction": 0.65, "spark.reducer.maxBlocksInFlightPerAddress": 1780966916.0, "spark.reducer.maxSizeInFlight": 71.0, "spark.shuffle.file.buffer": 27.0}, "datetime": {"datetime": "2022-01-06 12:42:31", "elapsed": 2.319056, "delta": 0.989474}}
{"target": -2799.7029000000016, "params": {"spark.default.parallelism": 355.0, "spark.executor.cores": 2.0, "spark.executor.instances": 5.0, "spark.executor.memory": 3.0, "spark.executor.memoryOverhead": 686.0, "spark.memory.fraction": 0.83, "spark.memory.storageFraction": 0.76, "spark.reducer.maxBlocksInFlightPerAddress": 1842967524.0, "spark.reducer.maxSizeInFlight": 55.0, "spark.shuffle.file.buffer": 47.0}, "datetime": {"datetime": "2022-01-06 12:42:32", "elapsed": 3.298593, "delta": 0.979537}}
{"target": -2797.3249900000014, "params": {"spark.default.parallelism": 231.0, "spark.executor.cores": 1.0, "spark.executor.instances": 7.0, "spark.executor.memory": 3.0, "spark.executor.memoryOverhead": 826.0, "spark.memory.fraction": 0.73, "spark.memory.storageFraction": 0.56, "spark.reducer.maxBlocksInFlightPerAddress": 1246867781.0, "spark.reducer.maxSizeInFlight": 59.0, "spark.shuffle.file.buffer": 31.0}, "datetime": {"datetime": "2022-01-06 12:42:33", "elapsed": 4.285012, "delta": 0.986419}}
{"target": -2800.53772, "params": {"spark.default.parallelism": 345.0, "spark.executor.cores": 1.0, "spark.executor.instances": 4.0, "spark.executor.memory": 4.0, "spark.executor.memoryOverhead": 567.0, "spark.memory.fraction": 0.53, "spark.memory.storageFraction": 0.8, "spark.reducer.maxBlocksInFlightPerAddress": 1128790679.0, "spark.reducer.maxSizeInFlight": 60.0, "spark.shuffle.file.buffer": 43.0}, "datetime": {"datetime": "2022-01-06 12:42:34", "elapsed": 5.303967, "delta": 1.018955}}
{"target": -2794.687980000001, "params": {"spark.default.parallelism": 478.0, "spark.executor.cores": 1.0, "spark.executor.instances": 4.0, "spark.executor.memory": 5.0, "spark.executor.memoryOverhead": 794.0, "spark.memory.fraction": 0.74, "spark.memory.storageFraction": 0.51, "spark.reducer.maxBlocksInFlightPerAddress": 1727720703.0, "spark.reducer.maxSizeInFlight": 44.0, "spark.shuffle.file.buffer": 32.0}, "datetime": {"datetime": "2022-01-06 12:42:35", "elapsed": 6.32986, "delta": 1.025893}}
{"target": -2800.507190000002, "params": {"spark.default.parallelism": 432.0, "spark.executor.cores": 2.0, "spark.executor.instances": 4.0, "spark.executor.memory": 3.0, "spark.executor.memoryOverhead": 427.0, "spark.memory.fraction": 0.67, "spark.memory.storageFraction": 0.57, "spark.reducer.maxBlocksInFlightPerAddress": 1727752749.0, "spark.reducer.maxSizeInFlight": 35.0, "spark.shuffle.file.buffer": 25.0}, "datetime": {"datetime": "2022-01-06 12:42:36", "elapsed": 7.366823, "delta": 1.036963}}
{"target": -2800.4298200000007, "params": {"spark.default.parallelism": 249.0, "spark.executor.cores": 2.0, "spark.executor.instances": 5.0, "spark.executor.memory": 5.0, "spark.executor.memoryOverhead": 439.0, "spark.memory.fraction": 0.77, "spark.memory.storageFraction": 0.66, "spark.reducer.maxBlocksInFlightPerAddress": 1247005032.0, "spark.reducer.maxSizeInFlight": 59.0, "spark.shuffle.file.buffer": 40.0}, "datetime": {"datetime": "2022-01-06 12:42:37", "elapsed": 8.375206, "delta": 1.008383}}
{"target": -2795.771150000001, "params": {"spark.default.parallelism": 373.0, "spark.executor.cores": 1.0, "spark.executor.instances": 7.0, "spark.executor.memory": 3.0, "spark.executor.memoryOverhead": 535.0, "spark.memory.fraction": 0.74, "spark.memory.storageFraction": 0.66, "spark.reducer.maxBlocksInFlightPerAddress": 1305747332.0, "spark.reducer.maxSizeInFlight": 53.0, "spark.shuffle.file.buffer": 42.0}, "datetime": {"datetime": "2022-01-06 12:42:38", "elapsed": 9.405302, "delta": 1.030096}}
{"target": -2798.6963100000016, "params": {"spark.default.parallelism": 450.0, "spark.executor.cores": 2.0, "spark.executor.instances": 7.0, "spark.executor.memory": 5.0, "spark.executor.memoryOverhead": 393.0, "spark.memory.fraction": 0.85, "spark.memory.storageFraction": 0.68, "spark.reducer.maxBlocksInFlightPerAddress": 1305806135.0, "spark.reducer.maxSizeInFlight": 68.0, "spark.shuffle.file.buffer": 32.0}, "datetime": {"datetime": "2022-01-06 12:42:39", "elapsed": 10.45424, "delta": 1.048938}}
{"target": -2803.118760000001, "params": {"spark.default.parallelism": 485.0, "spark.executor.cores": 1.0, "spark.executor.instances": 4.0, "spark.executor.memory": 6.0, "spark.executor.memoryOverhead": 420.0, "spark.memory.fraction": 0.76, "spark.memory.storageFraction": 0.58, "spark.reducer.maxBlocksInFlightPerAddress": 1127690904.0, "spark.reducer.maxSizeInFlight": 62.0, "spark.shuffle.file.buffer": 35.0}, "datetime": {"datetime": "2022-01-06 12:42:40", "elapsed": 11.487607, "delta": 1.033367}}
{"target": -2803.140070000002, "params": {"spark.default.parallelism": 493.0, "spark.executor.cores": 2.0, "spark.executor.instances": 4.0, "spark.executor.memory": 4.0, "spark.executor.memoryOverhead": 393.0, "spark.memory.fraction": 0.53, "spark.memory.storageFraction": 0.71, "spark.reducer.maxBlocksInFlightPerAddress": 1917943885.0, "spark.reducer.maxSizeInFlight": 59.0, "spark.shuffle.file.buffer": 19.0}, "datetime": {"datetime": "2022-01-06 12:42:41", "elapsed": 12.608609, "delta": 1.121002}}
{"target": -2798.0332000000026, "params": {"spark.default.parallelism": 268.0, "spark.executor.cores": 2.0, "spark.executor.instances": 5.0, "spark.executor.memory": 5.0, "spark.executor.memoryOverhead": 530.0, "spark.memory.fraction": 0.81, "spark.memory.storageFraction": 0.73, "spark.reducer.maxBlocksInFlightPerAddress": 1616702891.0, "spark.reducer.maxSizeInFlight": 69.0, "spark.shuffle.file.buffer": 22.0}, "datetime": {"datetime": "2022-01-06 12:42:42", "elapsed": 13.645958, "delta": 1.037349}}
{"target": -2798.0465300000005, "params": {"spark.default.parallelism": 287.0, "spark.executor.cores": 1.0, "spark.executor.instances": 6.0, "spark.executor.memory": 5.0, "spark.executor.memoryOverhead": 580.0, "spark.memory.fraction": 0.58, "spark.memory.storageFraction": 0.77, "spark.reducer.maxBlocksInFlightPerAddress": 1208246202.0, "spark.reducer.maxSizeInFlight": 32.0, "spark.shuffle.file.buffer": 42.0}, "datetime": {"datetime": "2022-01-06 12:42:43", "elapsed": 14.735076, "delta": 1.089118}}
