{"target": -2796.733760000001, "params": {"spark.default.parallelism": 468.0, "spark.executor.cores": 1.0, "spark.executor.instances": 6.0, "spark.executor.memory": 3.0, "spark.executor.memoryOverhead": 456.0, "spark.memory.fraction": 0.69, "spark.memory.storageFraction": 0.51, "spark.reducer.maxBlocksInFlightPerAddress": 1910529545.0, "spark.reducer.maxSizeInFlight": 58.0, "spark.shuffle.file.buffer": 43.0}, "datetime": {"datetime": "2022-01-05 14:58:55", "elapsed": 73.114052, "delta": 1.311008}}
{"target": -2796.9629900000004, "params": {"spark.default.parallelism": 226.0, "spark.executor.cores": 2.0, "spark.executor.instances": 7.0, "spark.executor.memory": 4.0, "spark.executor.memoryOverhead": 857.0, "spark.memory.fraction": 0.73, "spark.memory.storageFraction": 0.64, "spark.reducer.maxBlocksInFlightPerAddress": 1374515090.0, "spark.reducer.maxSizeInFlight": 69.0, "spark.shuffle.file.buffer": 38.0}, "datetime": {"datetime": "2022-01-05 14:58:56", "elapsed": 74.42281, "delta": 1.308758}}
{"target": -2799.3461000000016, "params": {"spark.default.parallelism": 471.0, "spark.executor.cores": 2.0, "spark.executor.instances": 5.0, "spark.executor.memory": 5.0, "spark.executor.memoryOverhead": 498.0, "spark.memory.fraction": 0.72, "spark.memory.storageFraction": 0.89, "spark.reducer.maxBlocksInFlightPerAddress": 1529738677.0, "spark.reducer.maxSizeInFlight": 58.0, "spark.shuffle.file.buffer": 19.0}, "datetime": {"datetime": "2022-01-05 14:58:57", "elapsed": 75.694713, "delta": 1.271903}}
{"target": -2799.458820000002, "params": {"spark.default.parallelism": 310.0, "spark.executor.cores": 2.0, "spark.executor.instances": 4.0, "spark.executor.memory": 3.0, "spark.executor.memoryOverhead": 433.0, "spark.memory.fraction": 0.8, "spark.memory.storageFraction": 0.57, "spark.reducer.maxBlocksInFlightPerAddress": 1324031466.0, "spark.reducer.maxSizeInFlight": 30.0, "spark.shuffle.file.buffer": 33.0}, "datetime": {"datetime": "2022-01-05 14:58:59", "elapsed": 76.969597, "delta": 1.274884}}
"{'maxIndex': 58, 'target': -2793.7634600000006, 'params': {'spark.default.parallelism': 376.0, 'spark.executor.cores': 1.0, 'spark.executor.instances': 4.0, 'spark.executor.memory': 6.0, 'spark.executor.memoryOverhead': 518.0, 'spark.memory.fraction': 0.51, 'spark.memory.storageFraction': 0.51, 'spark.reducer.maxBlocksInFlightPerAddress': 1431060729.0, 'spark.reducer.maxSizeInFlight': 63.0, 'spark.shuffle.file.buffer': 33.0}}"