{"target": -2796.2057400000012, "params": {"spark.default.parallelism": 461.0, "spark.executor.cores": 1.0, "spark.executor.instances": 5.0, "spark.executor.memory": 3.0, "spark.executor.memoryOverhead": 643.0, "spark.memory.fraction": 0.86, "spark.memory.storageFraction": 0.67, "spark.reducer.maxBlocksInFlightPerAddress": 1652991741.0, "spark.reducer.maxSizeInFlight": 66.0, "spark.shuffle.file.buffer": 37.0}, "datetime": {"datetime": "2022-01-05 14:58:00", "elapsed": 18.05469, "delta": 1.241854}}
{"target": -2800.216000000002, "params": {"spark.default.parallelism": 283.0, "spark.executor.cores": 2.0, "spark.executor.instances": 5.0, "spark.executor.memory": 6.0, "spark.executor.memoryOverhead": 639.0, "spark.memory.fraction": 0.57, "spark.memory.storageFraction": 0.77, "spark.reducer.maxBlocksInFlightPerAddress": 1426003096.0, "spark.reducer.maxSizeInFlight": 39.0, "spark.shuffle.file.buffer": 22.0}, "datetime": {"datetime": "2022-01-05 14:58:01", "elapsed": 19.27674, "delta": 1.22205}}
{"target": -2798.463530000002, "params": {"spark.default.parallelism": 260.0, "spark.executor.cores": 2.0, "spark.executor.instances": 6.0, "spark.executor.memory": 5.0, "spark.executor.memoryOverhead": 619.0, "spark.memory.fraction": 0.79, "spark.memory.storageFraction": 0.66, "spark.reducer.maxBlocksInFlightPerAddress": 1560212219.0, "spark.reducer.maxSizeInFlight": 31.0, "spark.shuffle.file.buffer": 23.0}, "datetime": {"datetime": "2022-01-05 14:58:02", "elapsed": 20.530142, "delta": 1.253402}}
{"target": -2798.5292900000018, "params": {"spark.default.parallelism": 216.0, "spark.executor.cores": 1.0, "spark.executor.instances": 6.0, "spark.executor.memory": 3.0, "spark.executor.memoryOverhead": 618.0, "spark.memory.fraction": 0.53, "spark.memory.storageFraction": 0.75, "spark.reducer.maxBlocksInFlightPerAddress": 1756380408.0, "spark.reducer.maxSizeInFlight": 40.0, "spark.shuffle.file.buffer": 38.0}, "datetime": {"datetime": "2022-01-05 14:58:03", "elapsed": 21.770147, "delta": 1.240005}}
{"target": -2798.766460000001, "params": {"spark.default.parallelism": 360.0, "spark.executor.cores": 1.0, "spark.executor.instances": 4.0, "spark.executor.memory": 5.0, "spark.executor.memoryOverhead": 674.0, "spark.memory.fraction": 0.5, "spark.memory.storageFraction": 0.65, "spark.reducer.maxBlocksInFlightPerAddress": 1385746972.0, "spark.reducer.maxSizeInFlight": 49.0, "spark.shuffle.file.buffer": 25.0}, "datetime": {"datetime": "2022-01-05 14:58:05", "elapsed": 23.045184, "delta": 1.275037}}
{"target": -2799.7791000000016, "params": {"spark.default.parallelism": 213.0, "spark.executor.cores": 2.0, "spark.executor.instances": 5.0, "spark.executor.memory": 6.0, "spark.executor.memoryOverhead": 786.0, "spark.memory.fraction": 0.59, "spark.memory.storageFraction": 0.83, "spark.reducer.maxBlocksInFlightPerAddress": 1780172114.0, "spark.reducer.maxSizeInFlight": 36.0, "spark.shuffle.file.buffer": 30.0}, "datetime": {"datetime": "2022-01-05 14:58:06", "elapsed": 24.474458, "delta": 1.429274}}
{"target": -2801.5799300000012, "params": {"spark.default.parallelism": 397.0, "spark.executor.cores": 1.0, "spark.executor.instances": 4.0, "spark.executor.memory": 4.0, "spark.executor.memoryOverhead": 399.0, "spark.memory.fraction": 0.7, "spark.memory.storageFraction": 0.81, "spark.reducer.maxBlocksInFlightPerAddress": 1448278089.0, "spark.reducer.maxSizeInFlight": 55.0, "spark.shuffle.file.buffer": 33.0}, "datetime": {"datetime": "2022-01-05 14:58:07", "elapsed": 25.740853, "delta": 1.266395}}
{"target": -2797.512260000002, "params": {"spark.default.parallelism": 355.0, "spark.executor.cores": 1.0, "spark.executor.instances": 7.0, "spark.executor.memory": 6.0, "spark.executor.memoryOverhead": 535.0, "spark.memory.fraction": 0.84, "spark.memory.storageFraction": 0.74, "spark.reducer.maxBlocksInFlightPerAddress": 1284708159.0, "spark.reducer.maxSizeInFlight": 62.0, "spark.shuffle.file.buffer": 29.0}, "datetime": {"datetime": "2022-01-05 14:58:09", "elapsed": 27.00331, "delta": 1.262457}}
{"target": -2799.5817700000016, "params": {"spark.default.parallelism": 282.0, "spark.executor.cores": 1.0, "spark.executor.instances": 6.0, "spark.executor.memory": 4.0, "spark.executor.memoryOverhead": 532.0, "spark.memory.fraction": 0.82, "spark.memory.storageFraction": 0.81, "spark.reducer.maxBlocksInFlightPerAddress": 1379520924.0, "spark.reducer.maxSizeInFlight": 35.0, "spark.shuffle.file.buffer": 20.0}, "datetime": {"datetime": "2022-01-05 14:58:10", "elapsed": 28.251223, "delta": 1.247913}}
{"target": -2808.045280000001, "params": {"spark.default.parallelism": 326.0, "spark.executor.cores": 2.0, "spark.executor.instances": 5.0, "spark.executor.memory": 5.0, "spark.executor.memoryOverhead": 454.0, "spark.memory.fraction": 0.5, "spark.memory.storageFraction": 0.65, "spark.reducer.maxBlocksInFlightPerAddress": 1970037527.0, "spark.reducer.maxSizeInFlight": 45.0, "spark.shuffle.file.buffer": 24.0}, "datetime": {"datetime": "2022-01-05 14:58:11", "elapsed": 29.518172, "delta": 1.266949}}
{"target": -2797.72672, "params": {"spark.default.parallelism": 475.0, "spark.executor.cores": 1.0, "spark.executor.instances": 6.0, "spark.executor.memory": 4.0, "spark.executor.memoryOverhead": 817.0, "spark.memory.fraction": 0.83, "spark.memory.storageFraction": 0.81, "spark.reducer.maxBlocksInFlightPerAddress": 1169237204.0, "spark.reducer.maxSizeInFlight": 26.0, "spark.shuffle.file.buffer": 39.0}, "datetime": {"datetime": "2022-01-05 14:58:12", "elapsed": 30.762103, "delta": 1.243931}}
{"target": -2799.5337200000013, "params": {"spark.default.parallelism": 493.0, "spark.executor.cores": 2.0, "spark.executor.instances": 7.0, "spark.executor.memory": 4.0, "spark.executor.memoryOverhead": 647.0, "spark.memory.fraction": 0.8, "spark.memory.storageFraction": 0.68, "spark.reducer.maxBlocksInFlightPerAddress": 1334305366.0, "spark.reducer.maxSizeInFlight": 64.0, "spark.shuffle.file.buffer": 18.0}, "datetime": {"datetime": "2022-01-05 14:58:14", "elapsed": 32.0277, "delta": 1.265597}}
{"target": -2795.7583700000005, "params": {"spark.default.parallelism": 480.0, "spark.executor.cores": 1.0, "spark.executor.instances": 6.0, "spark.executor.memory": 6.0, "spark.executor.memoryOverhead": 497.0, "spark.memory.fraction": 0.73, "spark.memory.storageFraction": 0.83, "spark.reducer.maxBlocksInFlightPerAddress": 1334436898.0, "spark.reducer.maxSizeInFlight": 34.0, "spark.shuffle.file.buffer": 38.0}, "datetime": {"datetime": "2022-01-05 14:58:15", "elapsed": 33.286233, "delta": 1.258533}}
{"target": -2798.7865400000014, "params": {"spark.default.parallelism": 407.0, "spark.executor.cores": 1.0, "spark.executor.instances": 5.0, "spark.executor.memory": 3.0, "spark.executor.memoryOverhead": 446.0, "spark.memory.fraction": 0.85, "spark.memory.storageFraction": 0.55, "spark.reducer.maxBlocksInFlightPerAddress": 1504806015.0, "spark.reducer.maxSizeInFlight": 46.0, "spark.shuffle.file.buffer": 37.0}, "datetime": {"datetime": "2022-01-05 14:58:16", "elapsed": 34.539405, "delta": 1.253172}}
{"target": -2793.7634600000006, "params": {"spark.default.parallelism": 376.0, "spark.executor.cores": 1.0, "spark.executor.instances": 4.0, "spark.executor.memory": 6.0, "spark.executor.memoryOverhead": 518.0, "spark.memory.fraction": 0.51, "spark.memory.storageFraction": 0.51, "spark.reducer.maxBlocksInFlightPerAddress": 1431060729.0, "spark.reducer.maxSizeInFlight": 63.0, "spark.shuffle.file.buffer": 33.0}, "datetime": {"datetime": "2022-01-05 14:58:17", "elapsed": 35.780626, "delta": 1.241221}}
{"target": -2796.4267900000013, "params": {"spark.default.parallelism": 215.0, "spark.executor.cores": 1.0, "spark.executor.instances": 5.0, "spark.executor.memory": 5.0, "spark.executor.memoryOverhead": 867.0, "spark.memory.fraction": 0.62, "spark.memory.storageFraction": 0.55, "spark.reducer.maxBlocksInFlightPerAddress": 1430962145.0, "spark.reducer.maxSizeInFlight": 47.0, "spark.shuffle.file.buffer": 39.0}, "datetime": {"datetime": "2022-01-05 14:58:19", "elapsed": 37.042096, "delta": 1.26147}}
{"target": -2800.1670100000006, "params": {"spark.default.parallelism": 202.0, "spark.executor.cores": 2.0, "spark.executor.instances": 4.0, "spark.executor.memory": 6.0, "spark.executor.memoryOverhead": 733.0, "spark.memory.fraction": 0.75, "spark.memory.storageFraction": 0.78, "spark.reducer.maxBlocksInFlightPerAddress": 1169553193.0, "spark.reducer.maxSizeInFlight": 55.0, "spark.shuffle.file.buffer": 26.0}, "datetime": {"datetime": "2022-01-05 14:58:20", "elapsed": 38.284997, "delta": 1.242901}}
{"target": -2799.3806000000013, "params": {"spark.default.parallelism": 294.0, "spark.executor.cores": 2.0, "spark.executor.instances": 4.0, "spark.executor.memory": 6.0, "spark.executor.memoryOverhead": 722.0, "spark.memory.fraction": 0.69, "spark.memory.storageFraction": 0.8, "spark.reducer.maxBlocksInFlightPerAddress": 1431192124.0, "spark.reducer.maxSizeInFlight": 50.0, "spark.shuffle.file.buffer": 32.0}, "datetime": {"datetime": "2022-01-05 14:58:21", "elapsed": 39.546705, "delta": 1.261708}}
{"target": -2798.4373200000014, "params": {"spark.default.parallelism": 418.0, "spark.executor.cores": 1.0, "spark.executor.instances": 4.0, "spark.executor.memory": 5.0, "spark.executor.memoryOverhead": 760.0, "spark.memory.fraction": 0.59, "spark.memory.storageFraction": 0.85, "spark.reducer.maxBlocksInFlightPerAddress": 1637877917.0, "spark.reducer.maxSizeInFlight": 33.0, "spark.shuffle.file.buffer": 27.0}, "datetime": {"datetime": "2022-01-05 14:58:22", "elapsed": 40.810982, "delta": 1.264277}}
{"target": -2802.450360000001, "params": {"spark.default.parallelism": 295.0, "spark.executor.cores": 2.0, "spark.executor.instances": 6.0, "spark.executor.memory": 6.0, "spark.executor.memoryOverhead": 777.0, "spark.memory.fraction": 0.53, "spark.memory.storageFraction": 0.76, "spark.reducer.maxBlocksInFlightPerAddress": 1925901938.0, "spark.reducer.maxSizeInFlight": 55.0, "spark.shuffle.file.buffer": 22.0}, "datetime": {"datetime": "2022-01-05 14:58:24", "elapsed": 42.084769, "delta": 1.273787}}
{"target": -2797.5436600000016, "params": {"spark.default.parallelism": 225.0, "spark.executor.cores": 1.0, "spark.executor.instances": 6.0, "spark.executor.memory": 4.0, "spark.executor.memoryOverhead": 562.0, "spark.memory.fraction": 0.8, "spark.memory.storageFraction": 0.65, "spark.reducer.maxBlocksInFlightPerAddress": 1306416042.0, "spark.reducer.maxSizeInFlight": 57.0, "spark.shuffle.file.buffer": 24.0}, "datetime": {"datetime": "2022-01-05 14:58:25", "elapsed": 43.35199, "delta": 1.267221}}
{"target": -2796.6903600000014, "params": {"spark.default.parallelism": 203.0, "spark.executor.cores": 2.0, "spark.executor.instances": 6.0, "spark.executor.memory": 3.0, "spark.executor.memoryOverhead": 701.0, "spark.memory.fraction": 0.72, "spark.memory.storageFraction": 0.6, "spark.reducer.maxBlocksInFlightPerAddress": 1396563307.0, "spark.reducer.maxSizeInFlight": 51.0, "spark.shuffle.file.buffer": 41.0}, "datetime": {"datetime": "2022-01-05 14:58:26", "elapsed": 44.611311, "delta": 1.259321}}
{"target": -2794.6682600000017, "params": {"spark.default.parallelism": 427.0, "spark.executor.cores": 2.0, "spark.executor.instances": 7.0, "spark.executor.memory": 6.0, "spark.executor.memoryOverhead": 654.0, "spark.memory.fraction": 0.53, "spark.memory.storageFraction": 0.51, "spark.reducer.maxBlocksInFlightPerAddress": 1658539637.0, "spark.reducer.maxSizeInFlight": 31.0, "spark.shuffle.file.buffer": 33.0}, "datetime": {"datetime": "2022-01-05 14:58:27", "elapsed": 45.886686, "delta": 1.275375}}
{"target": -2796.7765300000015, "params": {"spark.default.parallelism": 290.0, "spark.executor.cores": 2.0, "spark.executor.instances": 6.0, "spark.executor.memory": 5.0, "spark.executor.memoryOverhead": 600.0, "spark.memory.fraction": 0.51, "spark.memory.storageFraction": 0.53, "spark.reducer.maxBlocksInFlightPerAddress": 1745054171.0, "spark.reducer.maxSizeInFlight": 61.0, "spark.shuffle.file.buffer": 23.0}, "datetime": {"datetime": "2022-01-05 14:58:29", "elapsed": 47.164081, "delta": 1.277395}}
{"target": -2797.701640000001, "params": {"spark.default.parallelism": 262.0, "spark.executor.cores": 1.0, "spark.executor.instances": 4.0, "spark.executor.memory": 3.0, "spark.executor.memoryOverhead": 820.0, "spark.memory.fraction": 0.87, "spark.memory.storageFraction": 0.86, "spark.reducer.maxBlocksInFlightPerAddress": 1658463044.0, "spark.reducer.maxSizeInFlight": 49.0, "spark.shuffle.file.buffer": 44.0}, "datetime": {"datetime": "2022-01-05 14:58:30", "elapsed": 48.439811, "delta": 1.27573}}
{"target": -2797.924360000001, "params": {"spark.default.parallelism": 361.0, "spark.executor.cores": 2.0, "spark.executor.instances": 4.0, "spark.executor.memory": 4.0, "spark.executor.memoryOverhead": 747.0, "spark.memory.fraction": 0.68, "spark.memory.storageFraction": 0.79, "spark.reducer.maxBlocksInFlightPerAddress": 1431115315.0, "spark.reducer.maxSizeInFlight": 25.0, "spark.shuffle.file.buffer": 37.0}, "datetime": {"datetime": "2022-01-05 14:58:31", "elapsed": 49.711336, "delta": 1.271525}}
{"target": -2798.0873200000005, "params": {"spark.default.parallelism": 349.0, "spark.executor.cores": 1.0, "spark.executor.instances": 5.0, "spark.executor.memory": 3.0, "spark.executor.memoryOverhead": 727.0, "spark.memory.fraction": 0.71, "spark.memory.storageFraction": 0.79, "spark.reducer.maxBlocksInFlightPerAddress": 1431015720.0, "spark.reducer.maxSizeInFlight": 47.0, "spark.shuffle.file.buffer": 38.0}, "datetime": {"datetime": "2022-01-05 14:58:33", "elapsed": 51.001862, "delta": 1.290526}}
{"target": -2794.45269, "params": {"spark.default.parallelism": 315.0, "spark.executor.cores": 2.0, "spark.executor.instances": 4.0, "spark.executor.memory": 5.0, "spark.executor.memoryOverhead": 631.0, "spark.memory.fraction": 0.75, "spark.memory.storageFraction": 0.51, "spark.reducer.maxBlocksInFlightPerAddress": 1169320247.0, "spark.reducer.maxSizeInFlight": 35.0, "spark.shuffle.file.buffer": 40.0}, "datetime": {"datetime": "2022-01-05 14:58:34", "elapsed": 52.349304, "delta": 1.347442}}
{"target": -2801.2867800000017, "params": {"spark.default.parallelism": 464.0, "spark.executor.cores": 1.0, "spark.executor.instances": 6.0, "spark.executor.memory": 5.0, "spark.executor.memoryOverhead": 432.0, "spark.memory.fraction": 0.88, "spark.memory.storageFraction": 0.73, "spark.reducer.maxBlocksInFlightPerAddress": 1431059026.0, "spark.reducer.maxSizeInFlight": 58.0, "spark.shuffle.file.buffer": 30.0}, "datetime": {"datetime": "2022-01-05 14:58:35", "elapsed": 53.647783, "delta": 1.298479}}
{"target": -2797.5006700000017, "params": {"spark.default.parallelism": 353.0, "spark.executor.cores": 2.0, "spark.executor.instances": 7.0, "spark.executor.memory": 6.0, "spark.executor.memoryOverhead": 669.0, "spark.memory.fraction": 0.8, "spark.memory.storageFraction": 0.84, "spark.reducer.maxBlocksInFlightPerAddress": 1910704198.0, "spark.reducer.maxSizeInFlight": 34.0, "spark.shuffle.file.buffer": 42.0}, "datetime": {"datetime": "2022-01-05 14:58:37", "elapsed": 54.997109, "delta": 1.349326}}
{"target": -2853.3350600000012, "params": {"spark.default.parallelism": 210.0, "spark.executor.cores": 2.0, "spark.executor.instances": 7.0, "spark.executor.memory": 6.0, "spark.executor.memoryOverhead": 763.0, "spark.memory.fraction": 0.56, "spark.memory.storageFraction": 0.77, "spark.reducer.maxBlocksInFlightPerAddress": 1214808794.0, "spark.reducer.maxSizeInFlight": 31.0, "spark.shuffle.file.buffer": 16.0}, "datetime": {"datetime": "2022-01-05 14:58:38", "elapsed": 56.297023, "delta": 1.299914}}
{"target": -4334.361679999998, "params": {"spark.default.parallelism": 201.0, "spark.executor.cores": 2.0, "spark.executor.instances": 5.0, "spark.executor.memory": 3.0, "spark.executor.memoryOverhead": 572.0, "spark.memory.fraction": 0.62, "spark.memory.storageFraction": 0.9, "spark.reducer.maxBlocksInFlightPerAddress": 1400789349.0, "spark.reducer.maxSizeInFlight": 54.0, "spark.shuffle.file.buffer": 45.0}, "datetime": {"datetime": "2022-01-05 14:58:39", "elapsed": 57.579355, "delta": 1.282332}}
{"target": -2809.850250000001, "params": {"spark.default.parallelism": 400.0, "spark.executor.cores": 2.0, "spark.executor.instances": 7.0, "spark.executor.memory": 6.0, "spark.executor.memoryOverhead": 752.0, "spark.memory.fraction": 0.88, "spark.memory.storageFraction": 0.66, "spark.reducer.maxBlocksInFlightPerAddress": 2109030127.0, "spark.reducer.maxSizeInFlight": 45.0, "spark.shuffle.file.buffer": 24.0}, "datetime": {"datetime": "2022-01-05 14:58:40", "elapsed": 58.853963, "delta": 1.274608}}
{"target": -2804.4720300000017, "params": {"spark.default.parallelism": 267.0, "spark.executor.cores": 1.0, "spark.executor.instances": 4.0, "spark.executor.memory": 5.0, "spark.executor.memoryOverhead": 464.0, "spark.memory.fraction": 0.76, "spark.memory.storageFraction": 0.84, "spark.reducer.maxBlocksInFlightPerAddress": 1431401150.0, "spark.reducer.maxSizeInFlight": 39.0, "spark.shuffle.file.buffer": 17.0}, "datetime": {"datetime": "2022-01-05 14:58:42", "elapsed": 60.145905, "delta": 1.291942}}
{"target": -2798.5046700000016, "params": {"spark.default.parallelism": 416.0, "spark.executor.cores": 1.0, "spark.executor.instances": 7.0, "spark.executor.memory": 5.0, "spark.executor.memoryOverhead": 422.0, "spark.memory.fraction": 0.78, "spark.memory.storageFraction": 0.51, "spark.reducer.maxBlocksInFlightPerAddress": 1513574101.0, "spark.reducer.maxSizeInFlight": 26.0, "spark.shuffle.file.buffer": 22.0}, "datetime": {"datetime": "2022-01-05 14:58:43", "elapsed": 61.426132, "delta": 1.280227}}
{"target": -2797.3743600000016, "params": {"spark.default.parallelism": 445.0, "spark.executor.cores": 2.0, "spark.executor.instances": 5.0, "spark.executor.memory": 4.0, "spark.executor.memoryOverhead": 779.0, "spark.memory.fraction": 0.69, "spark.memory.storageFraction": 0.58, "spark.reducer.maxBlocksInFlightPerAddress": 1697428956.0, "spark.reducer.maxSizeInFlight": 40.0, "spark.shuffle.file.buffer": 47.0}, "datetime": {"datetime": "2022-01-05 14:58:44", "elapsed": 62.738602, "delta": 1.31247}}
{"target": -2801.339920000002, "params": {"spark.default.parallelism": 345.0, "spark.executor.cores": 1.0, "spark.executor.instances": 5.0, "spark.executor.memory": 5.0, "spark.executor.memoryOverhead": 868.0, "spark.memory.fraction": 0.74, "spark.memory.storageFraction": 0.71, "spark.reducer.maxBlocksInFlightPerAddress": 1697223419.0, "spark.reducer.maxSizeInFlight": 46.0, "spark.shuffle.file.buffer": 17.0}, "datetime": {"datetime": "2022-01-05 14:58:46", "elapsed": 64.027765, "delta": 1.289163}}
{"target": -2800.552830000002, "params": {"spark.default.parallelism": 216.0, "spark.executor.cores": 1.0, "spark.executor.instances": 7.0, "spark.executor.memory": 3.0, "spark.executor.memoryOverhead": 874.0, "spark.memory.fraction": 0.56, "spark.memory.storageFraction": 0.86, "spark.reducer.maxBlocksInFlightPerAddress": 1652816459.0, "spark.reducer.maxSizeInFlight": 61.0, "spark.shuffle.file.buffer": 21.0}, "datetime": {"datetime": "2022-01-05 14:58:47", "elapsed": 65.324992, "delta": 1.297227}}
{"target": -2799.914710000002, "params": {"spark.default.parallelism": 264.0, "spark.executor.cores": 2.0, "spark.executor.instances": 5.0, "spark.executor.memory": 4.0, "spark.executor.memoryOverhead": 767.0, "spark.memory.fraction": 0.51, "spark.memory.storageFraction": 0.73, "spark.reducer.maxBlocksInFlightPerAddress": 1893269100.0, "spark.reducer.maxSizeInFlight": 70.0, "spark.shuffle.file.buffer": 23.0}, "datetime": {"datetime": "2022-01-05 14:58:48", "elapsed": 66.653669, "delta": 1.328677}}
{"target": -2796.534700000001, "params": {"spark.default.parallelism": 456.0, "spark.executor.cores": 2.0, "spark.executor.instances": 7.0, "spark.executor.memory": 3.0, "spark.executor.memoryOverhead": 706.0, "spark.memory.fraction": 0.8, "spark.memory.storageFraction": 0.86, "spark.reducer.maxBlocksInFlightPerAddress": 1653159522.0, "spark.reducer.maxSizeInFlight": 61.0, "spark.shuffle.file.buffer": 43.0}, "datetime": {"datetime": "2022-01-05 14:58:50", "elapsed": 67.9421, "delta": 1.288431}}
{"target": -2810.208190000001, "params": {"spark.default.parallelism": 474.0, "spark.executor.cores": 2.0, "spark.executor.instances": 6.0, "spark.executor.memory": 3.0, "spark.executor.memoryOverhead": 608.0, "spark.memory.fraction": 0.62, "spark.memory.storageFraction": 0.74, "spark.reducer.maxBlocksInFlightPerAddress": 2111621268.0, "spark.reducer.maxSizeInFlight": 56.0, "spark.shuffle.file.buffer": 45.0}, "datetime": {"datetime": "2022-01-05 14:58:51", "elapsed": 69.226851, "delta": 1.284751}}
{"target": -2798.810520000002, "params": {"spark.default.parallelism": 452.0, "spark.executor.cores": 2.0, "spark.executor.instances": 4.0, "spark.executor.memory": 6.0, "spark.executor.memoryOverhead": 626.0, "spark.memory.fraction": 0.57, "spark.memory.storageFraction": 0.55, "spark.reducer.maxBlocksInFlightPerAddress": 1883891848.0, "spark.reducer.maxSizeInFlight": 28.0, "spark.shuffle.file.buffer": 35.0}, "datetime": {"datetime": "2022-01-05 14:58:52", "elapsed": 70.507094, "delta": 1.280243}}
{"target": -2801.149220000001, "params": {"spark.default.parallelism": 369.0, "spark.executor.cores": 2.0, "spark.executor.instances": 6.0, "spark.executor.memory": 4.0, "spark.executor.memoryOverhead": 427.0, "spark.memory.fraction": 0.74, "spark.memory.storageFraction": 0.66, "spark.reducer.maxBlocksInFlightPerAddress": 1396223842.0, "spark.reducer.maxSizeInFlight": 28.0, "spark.shuffle.file.buffer": 30.0}, "datetime": {"datetime": "2022-01-05 14:58:53", "elapsed": 71.803044, "delta": 1.29595}}
