{"target": -2797.961710000002, "params": {"spark.default.parallelism": 284.0, "spark.executor.cores": 1.0, "spark.executor.instances": 6.0, "spark.executor.memory": 6.0, "spark.executor.memoryOverhead": 400.0, "spark.memory.fraction": 0.5, "spark.memory.storageFraction": 0.55, "spark.reducer.maxBlocksInFlightPerAddress": 1613549168.0, "spark.reducer.maxSizeInFlight": 67.0, "spark.shuffle.file.buffer": 42.0}, "datetime": {"datetime": "2022-01-06 12:40:34", "elapsed": 15.732453, "delta": 1.039221}}
{"target": -2797.6940600000007, "params": {"spark.default.parallelism": 416.0, "spark.executor.cores": 2.0, "spark.executor.instances": 5.0, "spark.executor.memory": 6.0, "spark.executor.memoryOverhead": 779.0, "spark.memory.fraction": 0.66, "spark.memory.storageFraction": 0.8, "spark.reducer.maxBlocksInFlightPerAddress": 1303120875.0, "spark.reducer.maxSizeInFlight": 38.0, "spark.shuffle.file.buffer": 41.0}, "datetime": {"datetime": "2022-01-06 12:40:35", "elapsed": 16.813043, "delta": 1.08059}}
{"target": -2797.6279100000015, "params": {"spark.default.parallelism": 405.0, "spark.executor.cores": 1.0, "spark.executor.instances": 6.0, "spark.executor.memory": 5.0, "spark.executor.memoryOverhead": 566.0, "spark.memory.fraction": 0.51, "spark.memory.storageFraction": 0.65, "spark.reducer.maxBlocksInFlightPerAddress": 1484208454.0, "spark.reducer.maxSizeInFlight": 43.0, "spark.shuffle.file.buffer": 36.0}, "datetime": {"datetime": "2022-01-06 12:40:36", "elapsed": 17.829455, "delta": 1.016412}}
{"target": -2798.4533500000016, "params": {"spark.default.parallelism": 430.0, "spark.executor.cores": 2.0, "spark.executor.instances": 5.0, "spark.executor.memory": 3.0, "spark.executor.memoryOverhead": 586.0, "spark.memory.fraction": 0.54, "spark.memory.storageFraction": 0.82, "spark.reducer.maxBlocksInFlightPerAddress": 1484197548.0, "spark.reducer.maxSizeInFlight": 25.0, "spark.shuffle.file.buffer": 34.0}, "datetime": {"datetime": "2022-01-06 12:40:37", "elapsed": 18.899765, "delta": 1.07031}}
{"target": -2800.1718100000016, "params": {"spark.default.parallelism": 241.0, "spark.executor.cores": 1.0, "spark.executor.instances": 7.0, "spark.executor.memory": 4.0, "spark.executor.memoryOverhead": 600.0, "spark.memory.fraction": 0.73, "spark.memory.storageFraction": 0.88, "spark.reducer.maxBlocksInFlightPerAddress": 1894443089.0, "spark.reducer.maxSizeInFlight": 52.0, "spark.shuffle.file.buffer": 23.0}, "datetime": {"datetime": "2022-01-06 12:40:38", "elapsed": 19.897143, "delta": 0.997378}}
{"target": -2795.9883400000017, "params": {"spark.default.parallelism": 341.0, "spark.executor.cores": 1.0, "spark.executor.instances": 5.0, "spark.executor.memory": 4.0, "spark.executor.memoryOverhead": 532.0, "spark.memory.fraction": 0.75, "spark.memory.storageFraction": 0.56, "spark.reducer.maxBlocksInFlightPerAddress": 1613529543.0, "spark.reducer.maxSizeInFlight": 47.0, "spark.shuffle.file.buffer": 46.0}, "datetime": {"datetime": "2022-01-06 12:40:39", "elapsed": 20.893642, "delta": 0.996499}}
{"target": -2808.1632000000013, "params": {"spark.default.parallelism": 353.0, "spark.executor.cores": 1.0, "spark.executor.instances": 6.0, "spark.executor.memory": 5.0, "spark.executor.memoryOverhead": 696.0, "spark.memory.fraction": 0.7, "spark.memory.storageFraction": 0.81, "spark.reducer.maxBlocksInFlightPerAddress": 2064191757.0, "spark.reducer.maxSizeInFlight": 53.0, "spark.shuffle.file.buffer": 46.0}, "datetime": {"datetime": "2022-01-06 12:40:40", "elapsed": 22.023499, "delta": 1.129857}}
{"target": -2799.7181600000017, "params": {"spark.default.parallelism": 280.0, "spark.executor.cores": 1.0, "spark.executor.instances": 6.0, "spark.executor.memory": 4.0, "spark.executor.memoryOverhead": 396.0, "spark.memory.fraction": 0.84, "spark.memory.storageFraction": 0.74, "spark.reducer.maxBlocksInFlightPerAddress": 1555975570.0, "spark.reducer.maxSizeInFlight": 65.0, "spark.shuffle.file.buffer": 41.0}, "datetime": {"datetime": "2022-01-06 12:40:41", "elapsed": 23.094888, "delta": 1.071389}}
{"target": -2811.5361500000013, "params": {"spark.default.parallelism": 360.0, "spark.executor.cores": 1.0, "spark.executor.instances": 7.0, "spark.executor.memory": 3.0, "spark.executor.memoryOverhead": 493.0, "spark.memory.fraction": 0.82, "spark.memory.storageFraction": 0.81, "spark.reducer.maxBlocksInFlightPerAddress": 2116582205.0, "spark.reducer.maxSizeInFlight": 32.0, "spark.shuffle.file.buffer": 22.0}, "datetime": {"datetime": "2022-01-06 12:40:43", "elapsed": 24.149066, "delta": 1.054178}}
{"target": -2797.318780000001, "params": {"spark.default.parallelism": 328.0, "spark.executor.cores": 2.0, "spark.executor.instances": 5.0, "spark.executor.memory": 5.0, "spark.executor.memoryOverhead": 660.0, "spark.memory.fraction": 0.5, "spark.memory.storageFraction": 0.65, "spark.reducer.maxBlocksInFlightPerAddress": 1241714979.0, "spark.reducer.maxSizeInFlight": 55.0, "spark.shuffle.file.buffer": 40.0}, "datetime": {"datetime": "2022-01-06 12:40:44", "elapsed": 25.229317, "delta": 1.080251}}
{"target": -2797.3060000000005, "params": {"spark.default.parallelism": 363.0, "spark.executor.cores": 2.0, "spark.executor.instances": 4.0, "spark.executor.memory": 5.0, "spark.executor.memoryOverhead": 660.0, "spark.memory.fraction": 0.52, "spark.memory.storageFraction": 0.83, "spark.reducer.maxBlocksInFlightPerAddress": 1235527822.0, "spark.reducer.maxSizeInFlight": 24.0, "spark.shuffle.file.buffer": 42.0}, "datetime": {"datetime": "2022-01-06 12:40:45", "elapsed": 26.380851, "delta": 1.151534}}
{"target": -2798.4026200000017, "params": {"spark.default.parallelism": 489.0, "spark.executor.cores": 1.0, "spark.executor.instances": 7.0, "spark.executor.memory": 4.0, "spark.executor.memoryOverhead": 763.0, "spark.memory.fraction": 0.63, "spark.memory.storageFraction": 0.81, "spark.reducer.maxBlocksInFlightPerAddress": 1635684221.0, "spark.reducer.maxSizeInFlight": 29.0, "spark.shuffle.file.buffer": 23.0}, "datetime": {"datetime": "2022-01-06 12:40:46", "elapsed": 27.579731, "delta": 1.19888}}
{"target": -2798.168600000001, "params": {"spark.default.parallelism": 391.0, "spark.executor.cores": 1.0, "spark.executor.instances": 7.0, "spark.executor.memory": 4.0, "spark.executor.memoryOverhead": 396.0, "spark.memory.fraction": 0.7, "spark.memory.storageFraction": 0.69, "spark.reducer.maxBlocksInFlightPerAddress": 1613542149.0, "spark.reducer.maxSizeInFlight": 44.0, "spark.shuffle.file.buffer": 40.0}, "datetime": {"datetime": "2022-01-06 12:40:47", "elapsed": 28.797199, "delta": 1.217468}}
{"target": -2797.806370000001, "params": {"spark.default.parallelism": 493.0, "spark.executor.cores": 1.0, "spark.executor.instances": 7.0, "spark.executor.memory": 3.0, "spark.executor.memoryOverhead": 607.0, "spark.memory.fraction": 0.51, "spark.memory.storageFraction": 0.63, "spark.reducer.maxBlocksInFlightPerAddress": 1241733768.0, "spark.reducer.maxSizeInFlight": 49.0, "spark.shuffle.file.buffer": 28.0}, "datetime": {"datetime": "2022-01-06 12:40:49", "elapsed": 30.38963, "delta": 1.592431}}
{"target": -2795.7184600000014, "params": {"spark.default.parallelism": 420.0, "spark.executor.cores": 2.0, "spark.executor.instances": 5.0, "spark.executor.memory": 5.0, "spark.executor.memoryOverhead": 397.0, "spark.memory.fraction": 0.51, "spark.memory.storageFraction": 0.51, "spark.reducer.maxBlocksInFlightPerAddress": 1578824571.0, "spark.reducer.maxSizeInFlight": 39.0, "spark.shuffle.file.buffer": 40.0}, "datetime": {"datetime": "2022-01-06 12:40:50", "elapsed": 31.41997, "delta": 1.03034}}
{"target": -2796.1864900000014, "params": {"spark.default.parallelism": 230.0, "spark.executor.cores": 1.0, "spark.executor.instances": 4.0, "spark.executor.memory": 5.0, "spark.executor.memoryOverhead": 773.0, "spark.memory.fraction": 0.76, "spark.memory.storageFraction": 0.61, "spark.reducer.maxBlocksInFlightPerAddress": 1635669225.0, "spark.reducer.maxSizeInFlight": 63.0, "spark.shuffle.file.buffer": 43.0}, "datetime": {"datetime": "2022-01-06 12:40:51", "elapsed": 32.533033, "delta": 1.113063}}
{"target": -2797.6984500000017, "params": {"spark.default.parallelism": 379.0, "spark.executor.cores": 1.0, "spark.executor.instances": 7.0, "spark.executor.memory": 4.0, "spark.executor.memoryOverhead": 394.0, "spark.memory.fraction": 0.69, "spark.memory.storageFraction": 0.87, "spark.reducer.maxBlocksInFlightPerAddress": 1610647691.0, "spark.reducer.maxSizeInFlight": 50.0, "spark.shuffle.file.buffer": 39.0}, "datetime": {"datetime": "2022-01-06 12:40:52", "elapsed": 33.594161, "delta": 1.061128}}
{"target": -2795.935930000001, "params": {"spark.default.parallelism": 496.0, "spark.executor.cores": 2.0, "spark.executor.instances": 5.0, "spark.executor.memory": 4.0, "spark.executor.memoryOverhead": 776.0, "spark.memory.fraction": 0.51, "spark.memory.storageFraction": 0.63, "spark.reducer.maxBlocksInFlightPerAddress": 1303129061.0, "spark.reducer.maxSizeInFlight": 25.0, "spark.shuffle.file.buffer": 38.0}, "datetime": {"datetime": "2022-01-06 12:40:53", "elapsed": 34.725504, "delta": 1.131343}}
{"target": -2801.7231900000006, "params": {"spark.default.parallelism": 294.0, "spark.executor.cores": 1.0, "spark.executor.instances": 7.0, "spark.executor.memory": 3.0, "spark.executor.memoryOverhead": 818.0, "spark.memory.fraction": 0.59, "spark.memory.storageFraction": 0.85, "spark.reducer.maxBlocksInFlightPerAddress": 1078794503.0, "spark.reducer.maxSizeInFlight": 28.0, "spark.shuffle.file.buffer": 23.0}, "datetime": {"datetime": "2022-01-06 12:40:54", "elapsed": 35.998652, "delta": 1.273148}}
{"target": -2796.8791100000008, "params": {"spark.default.parallelism": 438.0, "spark.executor.cores": 2.0, "spark.executor.instances": 4.0, "spark.executor.memory": 4.0, "spark.executor.memoryOverhead": 771.0, "spark.memory.fraction": 0.53, "spark.memory.storageFraction": 0.76, "spark.reducer.maxBlocksInFlightPerAddress": 1305644780.0, "spark.reducer.maxSizeInFlight": 66.0, "spark.shuffle.file.buffer": 38.0}, "datetime": {"datetime": "2022-01-06 12:40:55", "elapsed": 37.096803, "delta": 1.098151}}
{"target": -2798.4026200000017, "params": {"spark.default.parallelism": 433.0, "spark.executor.cores": 1.0, "spark.executor.instances": 4.0, "spark.executor.memory": 6.0, "spark.executor.memoryOverhead": 723.0, "spark.memory.fraction": 0.77, "spark.memory.storageFraction": 0.89, "spark.reducer.maxBlocksInFlightPerAddress": 1635669192.0, "spark.reducer.maxSizeInFlight": 41.0, "spark.shuffle.file.buffer": 23.0}, "datetime": {"datetime": "2022-01-06 12:40:57", "elapsed": 38.110257, "delta": 1.013454}}
{"target": -2799.627800000002, "params": {"spark.default.parallelism": 248.0, "spark.executor.cores": 2.0, "spark.executor.instances": 4.0, "spark.executor.memory": 6.0, "spark.executor.memoryOverhead": 547.0, "spark.memory.fraction": 0.78, "spark.memory.storageFraction": 0.75, "spark.reducer.maxBlocksInFlightPerAddress": 1613579826.0, "spark.reducer.maxSizeInFlight": 66.0, "spark.shuffle.file.buffer": 20.0}, "datetime": {"datetime": "2022-01-06 12:40:58", "elapsed": 39.165436, "delta": 1.055179}}
{"target": -2797.3249900000014, "params": {"spark.default.parallelism": 366.0, "spark.executor.cores": 1.0, "spark.executor.instances": 7.0, "spark.executor.memory": 6.0, "spark.executor.memoryOverhead": 848.0, "spark.memory.fraction": 0.51, "spark.memory.storageFraction": 0.56, "spark.reducer.maxBlocksInFlightPerAddress": 1219264867.0, "spark.reducer.maxSizeInFlight": 25.0, "spark.shuffle.file.buffer": 34.0}, "datetime": {"datetime": "2022-01-06 12:40:59", "elapsed": 40.247733, "delta": 1.082297}}
{"target": -2851.718740000001, "params": {"spark.default.parallelism": 295.0, "spark.executor.cores": 1.0, "spark.executor.instances": 7.0, "spark.executor.memory": 5.0, "spark.executor.memoryOverhead": 724.0, "spark.memory.fraction": 0.63, "spark.memory.storageFraction": 0.57, "spark.reducer.maxBlocksInFlightPerAddress": 1188630611.0, "spark.reducer.maxSizeInFlight": 46.0, "spark.shuffle.file.buffer": 16.0}, "datetime": {"datetime": "2022-01-06 12:41:00", "elapsed": 41.309022, "delta": 1.061289}}
{"target": -2798.4326900000015, "params": {"spark.default.parallelism": 272.0, "spark.executor.cores": 1.0, "spark.executor.instances": 6.0, "spark.executor.memory": 3.0, "spark.executor.memoryOverhead": 758.0, "spark.memory.fraction": 0.85, "spark.memory.storageFraction": 0.84, "spark.reducer.maxBlocksInFlightPerAddress": 1351830037.0, "spark.reducer.maxSizeInFlight": 38.0, "spark.shuffle.file.buffer": 31.0}, "datetime": {"datetime": "2022-01-06 12:41:01", "elapsed": 42.318361, "delta": 1.009339}}
{"target": -2808.1632000000013, "params": {"spark.default.parallelism": 210.0, "spark.executor.cores": 1.0, "spark.executor.instances": 6.0, "spark.executor.memory": 6.0, "spark.executor.memoryOverhead": 613.0, "spark.memory.fraction": 0.74, "spark.memory.storageFraction": 0.82, "spark.reducer.maxBlocksInFlightPerAddress": 2035292089.0, "spark.reducer.maxSizeInFlight": 51.0, "spark.shuffle.file.buffer": 47.0}, "datetime": {"datetime": "2022-01-06 12:41:02", "elapsed": 43.333799, "delta": 1.015438}}
{"target": -2802.812940000002, "params": {"spark.default.parallelism": 494.0, "spark.executor.cores": 1.0, "spark.executor.instances": 7.0, "spark.executor.memory": 6.0, "spark.executor.memoryOverhead": 582.0, "spark.memory.fraction": 0.53, "spark.memory.storageFraction": 0.71, "spark.reducer.maxBlocksInFlightPerAddress": 1787848607.0, "spark.reducer.maxSizeInFlight": 65.0, "spark.shuffle.file.buffer": 19.0}, "datetime": {"datetime": "2022-01-06 12:41:03", "elapsed": 44.428842, "delta": 1.095043}}
{"target": -2800.4034000000015, "params": {"spark.default.parallelism": 316.0, "spark.executor.cores": 1.0, "spark.executor.instances": 6.0, "spark.executor.memory": 3.0, "spark.executor.memoryOverhead": 456.0, "spark.memory.fraction": 0.64, "spark.memory.storageFraction": 0.76, "spark.reducer.maxBlocksInFlightPerAddress": 1546375484.0, "spark.reducer.maxSizeInFlight": 54.0, "spark.shuffle.file.buffer": 39.0}, "datetime": {"datetime": "2022-01-06 12:41:04", "elapsed": 45.535962, "delta": 1.10712}}
{"target": -2800.8619600000015, "params": {"spark.default.parallelism": 268.0, "spark.executor.cores": 1.0, "spark.executor.instances": 4.0, "spark.executor.memory": 3.0, "spark.executor.memoryOverhead": 436.0, "spark.memory.fraction": 0.79, "spark.memory.storageFraction": 0.6, "spark.reducer.maxBlocksInFlightPerAddress": 1805758181.0, "spark.reducer.maxSizeInFlight": 46.0, "spark.shuffle.file.buffer": 39.0}, "datetime": {"datetime": "2022-01-06 12:41:05", "elapsed": 46.584335, "delta": 1.048373}}
{"target": -2797.318570000001, "params": {"spark.default.parallelism": 477.0, "spark.executor.cores": 1.0, "spark.executor.instances": 4.0, "spark.executor.memory": 3.0, "spark.executor.memoryOverhead": 516.0, "spark.memory.fraction": 0.8, "spark.memory.storageFraction": 0.84, "spark.reducer.maxBlocksInFlightPerAddress": 1459934105.0, "spark.reducer.maxSizeInFlight": 71.0, "spark.shuffle.file.buffer": 45.0}, "datetime": {"datetime": "2022-01-06 12:41:06", "elapsed": 47.610547, "delta": 1.026212}}
{"target": -2797.3060000000005, "params": {"spark.default.parallelism": 481.0, "spark.executor.cores": 2.0, "spark.executor.instances": 4.0, "spark.executor.memory": 3.0, "spark.executor.memoryOverhead": 766.0, "spark.memory.fraction": 0.86, "spark.memory.storageFraction": 0.81, "spark.reducer.maxBlocksInFlightPerAddress": 1217631586.0, "spark.reducer.maxSizeInFlight": 36.0, "spark.shuffle.file.buffer": 40.0}, "datetime": {"datetime": "2022-01-06 12:41:07", "elapsed": 48.66374, "delta": 1.053193}}
{"target": -4334.833679999999, "params": {"spark.default.parallelism": 300.0, "spark.executor.cores": 1.0, "spark.executor.instances": 5.0, "spark.executor.memory": 4.0, "spark.executor.memoryOverhead": 723.0, "spark.memory.fraction": 0.62, "spark.memory.storageFraction": 0.9, "spark.reducer.maxBlocksInFlightPerAddress": 1448550910.0, "spark.reducer.maxSizeInFlight": 51.0, "spark.shuffle.file.buffer": 28.0}, "datetime": {"datetime": "2022-01-06 12:41:08", "elapsed": 49.761729, "delta": 1.097989}}
{"target": -2800.0515500000015, "params": {"spark.default.parallelism": 282.0, "spark.executor.cores": 2.0, "spark.executor.instances": 5.0, "spark.executor.memory": 3.0, "spark.executor.memoryOverhead": 592.0, "spark.memory.fraction": 0.88, "spark.memory.storageFraction": 0.66, "spark.reducer.maxBlocksInFlightPerAddress": 1798915180.0, "spark.reducer.maxSizeInFlight": 66.0, "spark.shuffle.file.buffer": 36.0}, "datetime": {"datetime": "2022-01-06 12:41:09", "elapsed": 50.925013, "delta": 1.163284}}
{"target": -2797.336540000001, "params": {"spark.default.parallelism": 229.0, "spark.executor.cores": 2.0, "spark.executor.instances": 5.0, "spark.executor.memory": 3.0, "spark.executor.memoryOverhead": 502.0, "spark.memory.fraction": 0.66, "spark.memory.storageFraction": 0.7, "spark.reducer.maxBlocksInFlightPerAddress": 1443901301.0, "spark.reducer.maxSizeInFlight": 30.0, "spark.shuffle.file.buffer": 45.0}, "datetime": {"datetime": "2022-01-06 12:41:10", "elapsed": 52.08388, "delta": 1.158867}}
{"target": -2809.614120000001, "params": {"spark.default.parallelism": 330.0, "spark.executor.cores": 2.0, "spark.executor.instances": 5.0, "spark.executor.memory": 5.0, "spark.executor.memoryOverhead": 551.0, "spark.memory.fraction": 0.74, "spark.memory.storageFraction": 0.78, "spark.reducer.maxBlocksInFlightPerAddress": 2035292365.0, "spark.reducer.maxSizeInFlight": 62.0, "spark.shuffle.file.buffer": 46.0}, "datetime": {"datetime": "2022-01-06 12:41:12", "elapsed": 53.604873, "delta": 1.520993}}
{"target": -2799.123030000001, "params": {"spark.default.parallelism": 258.0, "spark.executor.cores": 1.0, "spark.executor.instances": 5.0, "spark.executor.memory": 4.0, "spark.executor.memoryOverhead": 787.0, "spark.memory.fraction": 0.81, "spark.memory.storageFraction": 0.82, "spark.reducer.maxBlocksInFlightPerAddress": 1415942346.0, "spark.reducer.maxSizeInFlight": 26.0, "spark.shuffle.file.buffer": 36.0}, "datetime": {"datetime": "2022-01-06 12:41:13", "elapsed": 54.816643, "delta": 1.21177}}
{"target": -2796.5477800000012, "params": {"spark.default.parallelism": 380.0, "spark.executor.cores": 1.0, "spark.executor.instances": 5.0, "spark.executor.memory": 5.0, "spark.executor.memoryOverhead": 507.0, "spark.memory.fraction": 0.72, "spark.memory.storageFraction": 0.64, "spark.reducer.maxBlocksInFlightPerAddress": 1578839425.0, "spark.reducer.maxSizeInFlight": 68.0, "spark.shuffle.file.buffer": 44.0}, "datetime": {"datetime": "2022-01-06 12:41:15", "elapsed": 56.09847, "delta": 1.281827}}
{"target": -2799.5843100000016, "params": {"spark.default.parallelism": 283.0, "spark.executor.cores": 1.0, "spark.executor.instances": 4.0, "spark.executor.memory": 5.0, "spark.executor.memoryOverhead": 767.0, "spark.memory.fraction": 0.86, "spark.memory.storageFraction": 0.6, "spark.reducer.maxBlocksInFlightPerAddress": 1459945591.0, "spark.reducer.maxSizeInFlight": 63.0, "spark.shuffle.file.buffer": 19.0}, "datetime": {"datetime": "2022-01-06 12:41:16", "elapsed": 57.251348, "delta": 1.152878}}
{"target": -2809.716390000001, "params": {"spark.default.parallelism": 237.0, "spark.executor.cores": 2.0, "spark.executor.instances": 6.0, "spark.executor.memory": 6.0, "spark.executor.memoryOverhead": 396.0, "spark.memory.fraction": 0.75, "spark.memory.storageFraction": 0.64, "spark.reducer.maxBlocksInFlightPerAddress": 1937318541.0, "spark.reducer.maxSizeInFlight": 49.0, "spark.shuffle.file.buffer": 18.0}, "datetime": {"datetime": "2022-01-06 12:41:17", "elapsed": 58.466434, "delta": 1.215086}}
{"target": -2798.2378700000013, "params": {"spark.default.parallelism": 230.0, "spark.executor.cores": 1.0, "spark.executor.instances": 6.0, "spark.executor.memory": 3.0, "spark.executor.memoryOverhead": 541.0, "spark.memory.fraction": 0.55, "spark.memory.storageFraction": 0.74, "spark.reducer.maxBlocksInFlightPerAddress": 1225041598.0, "spark.reducer.maxSizeInFlight": 43.0, "spark.shuffle.file.buffer": 30.0}, "datetime": {"datetime": "2022-01-06 12:41:18", "elapsed": 59.760648, "delta": 1.294214}}
{"target": -2798.363300000002, "params": {"spark.default.parallelism": 324.0, "spark.executor.cores": 1.0, "spark.executor.instances": 7.0, "spark.executor.memory": 3.0, "spark.executor.memoryOverhead": 679.0, "spark.memory.fraction": 0.76, "spark.memory.storageFraction": 0.73, "spark.reducer.maxBlocksInFlightPerAddress": 1459934368.0, "spark.reducer.maxSizeInFlight": 62.0, "spark.shuffle.file.buffer": 26.0}, "datetime": {"datetime": "2022-01-06 12:41:20", "elapsed": 61.168885, "delta": 1.408237}}
{"target": -2798.1733500000014, "params": {"spark.default.parallelism": 262.0, "spark.executor.cores": 2.0, "spark.executor.instances": 7.0, "spark.executor.memory": 3.0, "spark.executor.memoryOverhead": 509.0, "spark.memory.fraction": 0.56, "spark.memory.storageFraction": 0.75, "spark.reducer.maxBlocksInFlightPerAddress": 1305631225.0, "spark.reducer.maxSizeInFlight": 43.0, "spark.shuffle.file.buffer": 24.0}, "datetime": {"datetime": "2022-01-06 12:41:21", "elapsed": 62.676828, "delta": 1.507943}}
{"target": -2797.004650000001, "params": {"spark.default.parallelism": 375.0, "spark.executor.cores": 1.0, "spark.executor.instances": 4.0, "spark.executor.memory": 6.0, "spark.executor.memoryOverhead": 835.0, "spark.memory.fraction": 0.73, "spark.memory.storageFraction": 0.51, "spark.reducer.maxBlocksInFlightPerAddress": 1351843799.0, "spark.reducer.maxSizeInFlight": 32.0, "spark.shuffle.file.buffer": 21.0}, "datetime": {"datetime": "2022-01-06 12:41:22", "elapsed": 63.928481, "delta": 1.251653}}
