{"target": -2798.440840000001, "params": {"spark.default.parallelism": 291.0, "spark.executor.cores": 2.0, "spark.executor.instances": 5.0, "spark.executor.memory": 5.0, "spark.executor.memoryOverhead": 856.0, "spark.memory.fraction": 0.67, "spark.memory.storageFraction": 0.79, "spark.reducer.maxBlocksInFlightPerAddress": 1392473888.0, "spark.reducer.maxSizeInFlight": 59.0, "spark.shuffle.file.buffer": 39.0}, "datetime": {"datetime": "2022-01-05 14:57:42", "elapsed": 0.0, "delta": 0.0}}
{"target": -2800.5496100000014, "params": {"spark.default.parallelism": 463.0, "spark.executor.cores": 2.0, "spark.executor.instances": 5.0, "spark.executor.memory": 3.0, "spark.executor.memoryOverhead": 441.0, "spark.memory.fraction": 0.5, "spark.memory.storageFraction": 0.62, "spark.reducer.maxBlocksInFlightPerAddress": 1187045856.0, "spark.reducer.maxSizeInFlight": 62.0, "spark.shuffle.file.buffer": 24.0}, "datetime": {"datetime": "2022-01-05 14:57:42", "elapsed": 0.025931, "delta": 0.025931}}
{"target": -2797.0901400000016, "params": {"spark.default.parallelism": 267.0, "spark.executor.cores": 1.0, "spark.executor.instances": 7.0, "spark.executor.memory": 4.0, "spark.executor.memoryOverhead": 527.0, "spark.memory.fraction": 0.56, "spark.memory.storageFraction": 0.54, "spark.reducer.maxBlocksInFlightPerAddress": 1884065964.0, "spark.reducer.maxSizeInFlight": 28.0, "spark.shuffle.file.buffer": 27.0}, "datetime": {"datetime": "2022-01-05 14:57:42", "elapsed": 0.054857, "delta": 0.028926}}
{"target": -2797.4629000000004, "params": {"spark.default.parallelism": 478.0, "spark.executor.cores": 1.0, "spark.executor.instances": 6.0, "spark.executor.memory": 5.0, "spark.executor.memoryOverhead": 519.0, "spark.memory.fraction": 0.57, "spark.memory.storageFraction": 0.64, "spark.reducer.maxBlocksInFlightPerAddress": 1231666297.0, "spark.reducer.maxSizeInFlight": 26.0, "spark.shuffle.file.buffer": 47.0}, "datetime": {"datetime": "2022-01-05 14:57:42", "elapsed": 0.080787, "delta": 0.02593}}
{"target": -2800.7879300000013, "params": {"spark.default.parallelism": 392.0, "spark.executor.cores": 2.0, "spark.executor.instances": 7.0, "spark.executor.memory": 4.0, "spark.executor.memoryOverhead": 640.0, "spark.memory.fraction": 0.66, "spark.memory.storageFraction": 0.72, "spark.reducer.maxBlocksInFlightPerAddress": 1088952027.0, "spark.reducer.maxSizeInFlight": 45.0, "spark.shuffle.file.buffer": 30.0}, "datetime": {"datetime": "2022-01-05 14:57:42", "elapsed": 0.10572, "delta": 0.024933}}
{"target": -2801.9126300000016, "params": {"spark.default.parallelism": 284.0, "spark.executor.cores": 2.0, "spark.executor.instances": 4.0, "spark.executor.memory": 4.0, "spark.executor.memoryOverhead": 874.0, "spark.memory.fraction": 0.67, "spark.memory.storageFraction": 0.77, "spark.reducer.maxBlocksInFlightPerAddress": 1429858948.0, "spark.reducer.maxSizeInFlight": 42.0, "spark.shuffle.file.buffer": 18.0}, "datetime": {"datetime": "2022-01-05 14:57:42", "elapsed": 0.130654, "delta": 0.024934}}
{"target": -2803.486810000001, "params": {"spark.default.parallelism": 305.0, "spark.executor.cores": 2.0, "spark.executor.instances": 6.0, "spark.executor.memory": 4.0, "spark.executor.memoryOverhead": 446.0, "spark.memory.fraction": 0.58, "spark.memory.storageFraction": 0.85, "spark.reducer.maxBlocksInFlightPerAddress": 1202120865.0, "spark.reducer.maxSizeInFlight": 58.0, "spark.shuffle.file.buffer": 18.0}, "datetime": {"datetime": "2022-01-05 14:57:42", "elapsed": 0.155587, "delta": 0.024933}}
{"target": -2798.4279200000014, "params": {"spark.default.parallelism": 258.0, "spark.executor.cores": 2.0, "spark.executor.instances": 6.0, "spark.executor.memory": 3.0, "spark.executor.memoryOverhead": 721.0, "spark.memory.fraction": 0.51, "spark.memory.storageFraction": 0.77, "spark.reducer.maxBlocksInFlightPerAddress": 1897641065.0, "spark.reducer.maxSizeInFlight": 44.0, "spark.shuffle.file.buffer": 39.0}, "datetime": {"datetime": "2022-01-05 14:57:42", "elapsed": 0.186505, "delta": 0.030918}}
{"target": -2797.686490000002, "params": {"spark.default.parallelism": 407.0, "spark.executor.cores": 2.0, "spark.executor.instances": 7.0, "spark.executor.memory": 6.0, "spark.executor.memoryOverhead": 668.0, "spark.memory.fraction": 0.67, "spark.memory.storageFraction": 0.72, "spark.reducer.maxBlocksInFlightPerAddress": 1529906712.0, "spark.reducer.maxSizeInFlight": 27.0, "spark.shuffle.file.buffer": 31.0}, "datetime": {"datetime": "2022-01-05 14:57:42", "elapsed": 0.211439, "delta": 0.024934}}
{"target": -2796.3052600000015, "params": {"spark.default.parallelism": 338.0, "spark.executor.cores": 2.0, "spark.executor.instances": 5.0, "spark.executor.memory": 5.0, "spark.executor.memoryOverhead": 703.0, "spark.memory.fraction": 0.56, "spark.memory.storageFraction": 0.58, "spark.reducer.maxBlocksInFlightPerAddress": 1396382811.0, "spark.reducer.maxSizeInFlight": 60.0, "spark.shuffle.file.buffer": 38.0}, "datetime": {"datetime": "2022-01-05 14:57:42", "elapsed": 0.236372, "delta": 0.024933}}
{"target": -2797.701640000001, "params": {"spark.default.parallelism": 388.0, "spark.executor.cores": 1.0, "spark.executor.instances": 6.0, "spark.executor.memory": 4.0, "spark.executor.memoryOverhead": 787.0, "spark.memory.fraction": 0.82, "spark.memory.storageFraction": 0.89, "spark.reducer.maxBlocksInFlightPerAddress": 1658546414.0, "spark.reducer.maxSizeInFlight": 58.0, "spark.shuffle.file.buffer": 44.0}, "datetime": {"datetime": "2022-01-05 14:57:42", "elapsed": 0.26131, "delta": 0.024938}}
{"target": -2800.227760000001, "params": {"spark.default.parallelism": 452.0, "spark.executor.cores": 2.0, "spark.executor.instances": 4.0, "spark.executor.memory": 3.0, "spark.executor.memoryOverhead": 526.0, "spark.memory.fraction": 0.63, "spark.memory.storageFraction": 0.78, "spark.reducer.maxBlocksInFlightPerAddress": 1815869636.0, "spark.reducer.maxSizeInFlight": 52.0, "spark.shuffle.file.buffer": 45.0}, "datetime": {"datetime": "2022-01-05 14:57:42", "elapsed": 0.289234, "delta": 0.027924}}
{"target": -2800.4342700000016, "params": {"spark.default.parallelism": 388.0, "spark.executor.cores": 2.0, "spark.executor.instances": 7.0, "spark.executor.memory": 4.0, "spark.executor.memoryOverhead": 640.0, "spark.memory.fraction": 0.85, "spark.memory.storageFraction": 0.86, "spark.reducer.maxBlocksInFlightPerAddress": 1694765855.0, "spark.reducer.maxSizeInFlight": 26.0, "spark.shuffle.file.buffer": 21.0}, "datetime": {"datetime": "2022-01-05 14:57:42", "elapsed": 0.316162, "delta": 0.026928}}
{"target": -2794.2603500000005, "params": {"spark.default.parallelism": 320.0, "spark.executor.cores": 1.0, "spark.executor.instances": 4.0, "spark.executor.memory": 4.0, "spark.executor.memoryOverhead": 576.0, "spark.memory.fraction": 0.53, "spark.memory.storageFraction": 0.52, "spark.reducer.maxBlocksInFlightPerAddress": 1169368368.0, "spark.reducer.maxSizeInFlight": 63.0, "spark.shuffle.file.buffer": 37.0}, "datetime": {"datetime": "2022-01-05 14:57:42", "elapsed": 0.341095, "delta": 0.024933}}
{"target": -2799.2370800000017, "params": {"spark.default.parallelism": 494.0, "spark.executor.cores": 2.0, "spark.executor.instances": 5.0, "spark.executor.memory": 5.0, "spark.executor.memoryOverhead": 670.0, "spark.memory.fraction": 0.57, "spark.memory.storageFraction": 0.85, "spark.reducer.maxBlocksInFlightPerAddress": 1832600903.0, "spark.reducer.maxSizeInFlight": 50.0, "spark.shuffle.file.buffer": 46.0}, "datetime": {"datetime": "2022-01-05 14:57:42", "elapsed": 0.365538, "delta": 0.024443}}
{"target": -2799.0878100000014, "params": {"spark.default.parallelism": 204.0, "spark.executor.cores": 1.0, "spark.executor.instances": 5.0, "spark.executor.memory": 4.0, "spark.executor.memoryOverhead": 731.0, "spark.memory.fraction": 0.54, "spark.memory.storageFraction": 0.67, "spark.reducer.maxBlocksInFlightPerAddress": 1288718610.0, "spark.reducer.maxSizeInFlight": 62.0, "spark.shuffle.file.buffer": 17.0}, "datetime": {"datetime": "2022-01-05 14:57:42", "elapsed": 0.390471, "delta": 0.024933}}
{"target": -2807.970980000002, "params": {"spark.default.parallelism": 258.0, "spark.executor.cores": 2.0, "spark.executor.instances": 6.0, "spark.executor.memory": 6.0, "spark.executor.memoryOverhead": 411.0, "spark.memory.fraction": 0.88, "spark.memory.storageFraction": 0.71, "spark.reducer.maxBlocksInFlightPerAddress": 1945652925.0, "spark.reducer.maxSizeInFlight": 31.0, "spark.shuffle.file.buffer": 31.0}, "datetime": {"datetime": "2022-01-05 14:57:42", "elapsed": 0.414407, "delta": 0.023936}}
{"target": -2796.6814300000015, "params": {"spark.default.parallelism": 219.0, "spark.executor.cores": 1.0, "spark.executor.instances": 5.0, "spark.executor.memory": 3.0, "spark.executor.memoryOverhead": 668.0, "spark.memory.fraction": 0.78, "spark.memory.storageFraction": 0.63, "spark.reducer.maxBlocksInFlightPerAddress": 1448144963.0, "spark.reducer.maxSizeInFlight": 37.0, "spark.shuffle.file.buffer": 37.0}, "datetime": {"datetime": "2022-01-05 14:57:42", "elapsed": 0.439342, "delta": 0.024935}}
{"target": -2852.5498100000013, "params": {"spark.default.parallelism": 256.0, "spark.executor.cores": 2.0, "spark.executor.instances": 7.0, "spark.executor.memory": 4.0, "spark.executor.memoryOverhead": 610.0, "spark.memory.fraction": 0.77, "spark.memory.storageFraction": 0.83, "spark.reducer.maxBlocksInFlightPerAddress": 1257897230.0, "spark.reducer.maxSizeInFlight": 40.0, "spark.shuffle.file.buffer": 16.0}, "datetime": {"datetime": "2022-01-05 14:57:42", "elapsed": 0.464785, "delta": 0.025443}}
{"target": -2804.2552500000015, "params": {"spark.default.parallelism": 264.0, "spark.executor.cores": 1.0, "spark.executor.instances": 6.0, "spark.executor.memory": 5.0, "spark.executor.memoryOverhead": 463.0, "spark.memory.fraction": 0.51, "spark.memory.storageFraction": 0.8, "spark.reducer.maxBlocksInFlightPerAddress": 1817467820.0, "spark.reducer.maxSizeInFlight": 31.0, "spark.shuffle.file.buffer": 35.0}, "datetime": {"datetime": "2022-01-05 14:57:42", "elapsed": 0.490715, "delta": 0.02593}}
{"target": -2799.1729600000017, "params": {"spark.default.parallelism": 305.0, "spark.executor.cores": 1.0, "spark.executor.instances": 4.0, "spark.executor.memory": 4.0, "spark.executor.memoryOverhead": 675.0, "spark.memory.fraction": 0.9, "spark.memory.storageFraction": 0.8, "spark.reducer.maxBlocksInFlightPerAddress": 1641737345.0, "spark.reducer.maxSizeInFlight": 39.0, "spark.shuffle.file.buffer": 34.0}, "datetime": {"datetime": "2022-01-05 14:57:42", "elapsed": 0.514651, "delta": 0.023936}}
{"target": -2797.973490000001, "params": {"spark.default.parallelism": 332.0, "spark.executor.cores": 2.0, "spark.executor.instances": 4.0, "spark.executor.memory": 5.0, "spark.executor.memoryOverhead": 601.0, "spark.memory.fraction": 0.61, "spark.memory.storageFraction": 0.82, "spark.reducer.maxBlocksInFlightPerAddress": 1373654060.0, "spark.reducer.maxSizeInFlight": 25.0, "spark.shuffle.file.buffer": 47.0}, "datetime": {"datetime": "2022-01-05 14:57:42", "elapsed": 0.539585, "delta": 0.024934}}
{"target": -2795.8174200000008, "params": {"spark.default.parallelism": 435.0, "spark.executor.cores": 2.0, "spark.executor.instances": 4.0, "spark.executor.memory": 5.0, "spark.executor.memoryOverhead": 776.0, "spark.memory.fraction": 0.54, "spark.memory.storageFraction": 0.68, "spark.reducer.maxBlocksInFlightPerAddress": 1306576514.0, "spark.reducer.maxSizeInFlight": 36.0, "spark.shuffle.file.buffer": 42.0}, "datetime": {"datetime": "2022-01-05 14:57:42", "elapsed": 0.564031, "delta": 0.024446}}
{"target": -2799.017560000001, "params": {"spark.default.parallelism": 406.0, "spark.executor.cores": 1.0, "spark.executor.instances": 4.0, "spark.executor.memory": 5.0, "spark.executor.memoryOverhead": 749.0, "spark.memory.fraction": 0.86, "spark.memory.storageFraction": 0.62, "spark.reducer.maxBlocksInFlightPerAddress": 1180969090.0, "spark.reducer.maxSizeInFlight": 58.0, "spark.shuffle.file.buffer": 20.0}, "datetime": {"datetime": "2022-01-05 14:57:42", "elapsed": 0.587967, "delta": 0.023936}}
{"target": -2799.949180000002, "params": {"spark.default.parallelism": 212.0, "spark.executor.cores": 1.0, "spark.executor.instances": 7.0, "spark.executor.memory": 3.0, "spark.executor.memoryOverhead": 722.0, "spark.memory.fraction": 0.62, "spark.memory.storageFraction": 0.55, "spark.reducer.maxBlocksInFlightPerAddress": 1673642182.0, "spark.reducer.maxSizeInFlight": 31.0, "spark.shuffle.file.buffer": 19.0}, "datetime": {"datetime": "2022-01-05 14:57:42", "elapsed": 0.6129, "delta": 0.024933}}
{"target": -2803.128040000002, "params": {"spark.default.parallelism": 370.0, "spark.executor.cores": 2.0, "spark.executor.instances": 6.0, "spark.executor.memory": 3.0, "spark.executor.memoryOverhead": 463.0, "spark.memory.fraction": 0.51, "spark.memory.storageFraction": 0.77, "spark.reducer.maxBlocksInFlightPerAddress": 1753489696.0, "spark.reducer.maxSizeInFlight": 45.0, "spark.shuffle.file.buffer": 29.0}, "datetime": {"datetime": "2022-01-05 14:57:42", "elapsed": 0.637834, "delta": 0.024934}}
{"target": -2800.169740000001, "params": {"spark.default.parallelism": 275.0, "spark.executor.cores": 2.0, "spark.executor.instances": 5.0, "spark.executor.memory": 5.0, "spark.executor.memoryOverhead": 423.0, "spark.memory.fraction": 0.58, "spark.memory.storageFraction": 0.61, "spark.reducer.maxBlocksInFlightPerAddress": 1206076700.0, "spark.reducer.maxSizeInFlight": 57.0, "spark.shuffle.file.buffer": 40.0}, "datetime": {"datetime": "2022-01-05 14:57:42", "elapsed": 0.662278, "delta": 0.024444}}
{"target": -2797.079790000001, "params": {"spark.default.parallelism": 300.0, "spark.executor.cores": 1.0, "spark.executor.instances": 6.0, "spark.executor.memory": 3.0, "spark.executor.memoryOverhead": 467.0, "spark.memory.fraction": 0.7, "spark.memory.storageFraction": 0.52, "spark.reducer.maxBlocksInFlightPerAddress": 1893434374.0, "spark.reducer.maxSizeInFlight": 42.0, "spark.shuffle.file.buffer": 41.0}, "datetime": {"datetime": "2022-01-05 14:57:42", "elapsed": 0.688209, "delta": 0.025931}}
{"target": -2796.809810000002, "params": {"spark.default.parallelism": 239.0, "spark.executor.cores": 2.0, "spark.executor.instances": 4.0, "spark.executor.memory": 4.0, "spark.executor.memoryOverhead": 565.0, "spark.memory.fraction": 0.73, "spark.memory.storageFraction": 0.56, "spark.reducer.maxBlocksInFlightPerAddress": 1745051734.0, "spark.reducer.maxSizeInFlight": 61.0, "spark.shuffle.file.buffer": 44.0}, "datetime": {"datetime": "2022-01-05 14:57:42", "elapsed": 0.712145, "delta": 0.023936}}
{"target": -2799.412220000002, "params": {"spark.default.parallelism": 401.0, "spark.executor.cores": 1.0, "spark.executor.instances": 4.0, "spark.executor.memory": 3.0, "spark.executor.memoryOverhead": 567.0, "spark.memory.fraction": 0.74, "spark.memory.storageFraction": 0.78, "spark.reducer.maxBlocksInFlightPerAddress": 1647625479.0, "spark.reducer.maxSizeInFlight": 60.0, "spark.shuffle.file.buffer": 26.0}, "datetime": {"datetime": "2022-01-05 14:57:42", "elapsed": 0.737078, "delta": 0.024933}}
{"target": -2810.9975800000016, "params": {"spark.default.parallelism": 488.0, "spark.executor.cores": 2.0, "spark.executor.instances": 6.0, "spark.executor.memory": 3.0, "spark.executor.memoryOverhead": 392.0, "spark.memory.fraction": 0.54, "spark.memory.storageFraction": 0.65, "spark.reducer.maxBlocksInFlightPerAddress": 2041993182.0, "spark.reducer.maxSizeInFlight": 28.0, "spark.shuffle.file.buffer": 23.0}, "datetime": {"datetime": "2022-01-05 14:57:44", "elapsed": 1.955944, "delta": 1.218866}}
{"target": -2813.0984500000013, "params": {"spark.default.parallelism": 319.0, "spark.executor.cores": 1.0, "spark.executor.instances": 7.0, "spark.executor.memory": 4.0, "spark.executor.memoryOverhead": 389.0, "spark.memory.fraction": 0.83, "spark.memory.storageFraction": 0.76, "spark.reducer.maxBlocksInFlightPerAddress": 2057455457.0, "spark.reducer.maxSizeInFlight": 33.0, "spark.shuffle.file.buffer": 22.0}, "datetime": {"datetime": "2022-01-05 14:57:45", "elapsed": 3.173086, "delta": 1.217142}}
{"target": -2802.1374100000003, "params": {"spark.default.parallelism": 365.0, "spark.executor.cores": 2.0, "spark.executor.instances": 4.0, "spark.executor.memory": 4.0, "spark.executor.memoryOverhead": 817.0, "spark.memory.fraction": 0.56, "spark.memory.storageFraction": 0.75, "spark.reducer.maxBlocksInFlightPerAddress": 1085267200.0, "spark.reducer.maxSizeInFlight": 47.0, "spark.shuffle.file.buffer": 25.0}, "datetime": {"datetime": "2022-01-05 14:57:46", "elapsed": 4.40379, "delta": 1.230704}}
{"target": -2799.2950900000014, "params": {"spark.default.parallelism": 329.0, "spark.executor.cores": 2.0, "spark.executor.instances": 7.0, "spark.executor.memory": 3.0, "spark.executor.memoryOverhead": 514.0, "spark.memory.fraction": 0.53, "spark.memory.storageFraction": 0.8, "spark.reducer.maxBlocksInFlightPerAddress": 1676899856.0, "spark.reducer.maxSizeInFlight": 56.0, "spark.shuffle.file.buffer": 34.0}, "datetime": {"datetime": "2022-01-05 14:57:47", "elapsed": 5.626456, "delta": 1.222666}}
{"target": -2797.7235900000023, "params": {"spark.default.parallelism": 378.0, "spark.executor.cores": 2.0, "spark.executor.instances": 5.0, "spark.executor.memory": 4.0, "spark.executor.memoryOverhead": 584.0, "spark.memory.fraction": 0.66, "spark.memory.storageFraction": 0.56, "spark.reducer.maxBlocksInFlightPerAddress": 1693331227.0, "spark.reducer.maxSizeInFlight": 28.0, "spark.shuffle.file.buffer": 31.0}, "datetime": {"datetime": "2022-01-05 14:57:48", "elapsed": 6.85701, "delta": 1.230554}}
{"target": -2800.6884800000016, "params": {"spark.default.parallelism": 328.0, "spark.executor.cores": 2.0, "spark.executor.instances": 7.0, "spark.executor.memory": 4.0, "spark.executor.memoryOverhead": 649.0, "spark.memory.fraction": 0.86, "spark.memory.storageFraction": 0.68, "spark.reducer.maxBlocksInFlightPerAddress": 1697430852.0, "spark.reducer.maxSizeInFlight": 44.0, "spark.shuffle.file.buffer": 18.0}, "datetime": {"datetime": "2022-01-05 14:57:50", "elapsed": 8.083975, "delta": 1.226965}}
{"target": -2812.000750000001, "params": {"spark.default.parallelism": 286.0, "spark.executor.cores": 2.0, "spark.executor.instances": 6.0, "spark.executor.memory": 5.0, "spark.executor.memoryOverhead": 389.0, "spark.memory.fraction": 0.67, "spark.memory.storageFraction": 0.64, "spark.reducer.maxBlocksInFlightPerAddress": 2128003160.0, "spark.reducer.maxSizeInFlight": 30.0, "spark.shuffle.file.buffer": 27.0}, "datetime": {"datetime": "2022-01-05 14:57:51", "elapsed": 9.335949, "delta": 1.251974}}
{"target": -2797.5048600000014, "params": {"spark.default.parallelism": 378.0, "spark.executor.cores": 2.0, "spark.executor.instances": 5.0, "spark.executor.memory": 4.0, "spark.executor.memoryOverhead": 629.0, "spark.memory.fraction": 0.74, "spark.memory.storageFraction": 0.66, "spark.reducer.maxBlocksInFlightPerAddress": 1579549777.0, "spark.reducer.maxSizeInFlight": 65.0, "spark.shuffle.file.buffer": 36.0}, "datetime": {"datetime": "2022-01-05 14:57:52", "elapsed": 10.580966, "delta": 1.245017}}
{"target": -2797.577990000001, "params": {"spark.default.parallelism": 499.0, "spark.executor.cores": 2.0, "spark.executor.instances": 4.0, "spark.executor.memory": 6.0, "spark.executor.memoryOverhead": 662.0, "spark.memory.fraction": 0.72, "spark.memory.storageFraction": 0.78, "spark.reducer.maxBlocksInFlightPerAddress": 1577519935.0, "spark.reducer.maxSizeInFlight": 46.0, "spark.shuffle.file.buffer": 42.0}, "datetime": {"datetime": "2022-01-05 14:57:53", "elapsed": 11.847338, "delta": 1.266372}}
{"target": -2796.7014400000007, "params": {"spark.default.parallelism": 448.0, "spark.executor.cores": 2.0, "spark.executor.instances": 6.0, "spark.executor.memory": 4.0, "spark.executor.memoryOverhead": 763.0, "spark.memory.fraction": 0.56, "spark.memory.storageFraction": 0.66, "spark.reducer.maxBlocksInFlightPerAddress": 1334323451.0, "spark.reducer.maxSizeInFlight": 59.0, "spark.shuffle.file.buffer": 46.0}, "datetime": {"datetime": "2022-01-05 14:57:55", "elapsed": 13.078872, "delta": 1.231534}}
{"target": -2800.052250000002, "params": {"spark.default.parallelism": 361.0, "spark.executor.cores": 1.0, "spark.executor.instances": 7.0, "spark.executor.memory": 5.0, "spark.executor.memoryOverhead": 747.0, "spark.memory.fraction": 0.53, "spark.memory.storageFraction": 0.71, "spark.reducer.maxBlocksInFlightPerAddress": 1663053512.0, "spark.reducer.maxSizeInFlight": 56.0, "spark.shuffle.file.buffer": 21.0}, "datetime": {"datetime": "2022-01-05 14:57:56", "elapsed": 14.344856, "delta": 1.265984}}
{"target": -2797.3651200000018, "params": {"spark.default.parallelism": 231.0, "spark.executor.cores": 1.0, "spark.executor.instances": 5.0, "spark.executor.memory": 5.0, "spark.executor.memoryOverhead": 549.0, "spark.memory.fraction": 0.64, "spark.memory.storageFraction": 0.61, "spark.reducer.maxBlocksInFlightPerAddress": 1374677102.0, "spark.reducer.maxSizeInFlight": 60.0, "spark.shuffle.file.buffer": 32.0}, "datetime": {"datetime": "2022-01-05 14:57:57", "elapsed": 15.566821, "delta": 1.221965}}
{"target": -2799.228270000001, "params": {"spark.default.parallelism": 387.0, "spark.executor.cores": 1.0, "spark.executor.instances": 6.0, "spark.executor.memory": 4.0, "spark.executor.memoryOverhead": 697.0, "spark.memory.fraction": 0.58, "spark.memory.storageFraction": 0.77, "spark.reducer.maxBlocksInFlightPerAddress": 1360640311.0, "spark.reducer.maxSizeInFlight": 59.0, "spark.shuffle.file.buffer": 33.0}, "datetime": {"datetime": "2022-01-05 14:57:58", "elapsed": 16.812836, "delta": 1.246015}}
