{"target": -176.622, "params": {"spark.broadcast.blockSize": 56.222010568012294, "spark.broadcast.checksum": 0.016760022496167606, "spark.broadcast.compress": 0.1166466845654082, "spark.default.parallelism": 376.58938138604753, "spark.executor.cores": 3.6453267504862605, "spark.executor.instances": 7.024668050534598, "spark.executor.memory": 5.7547902976219065, "spark.executor.memoryOverhead": 722.1140080067061, "spark.kryoserializer.buffer": 121.32340040578231, "spark.kryoserializer.buffer.max": 81.66909163497505, "spark.locality.wait": 6.224405349775019, "spark.maxRemoteBlockSizeFetchToMem": 2078135229.647554, "spark.memory.fraction": 0.5423473877492229, "spark.memory.offHeap.enabled": 0.8094057728767108, "spark.memory.offHeap.size": 853.5486665564716, "spark.memory.storageFraction": 0.7554111855096124, "spark.rdd.compress": 0.9592316988711135, "spark.reducer.maxBlocksInFlightPerAddress": 1128024012.631035, "spark.reducer.maxReqsInFlight": 1614780047.8874218, "spark.reducer.maxSizeInFlight": 57.10362578512094, "spark.scheduler.mode": 0.21310351735290703, "spark.scheduler.revive.interval": 674.9639204736468, "spark.shuffle.compress": 0.34629973993661883, "spark.shuffle.file.buffer": 37.05062521461714, "spark.shuffle.io.numConnectionsPerPeer": 4.045278679632971, "spark.shuffle.sort.bypassMergeThreshold": 191.21144899709543, "spark.storage.memoryMapThreshold": 3.4213614735881546}, "datetime": {"datetime": "2022-01-20 20:48:54", "elapsed": 2651.869187, "delta": 184.959642}}
{"target": -202.971, "params": {"spark.broadcast.blockSize": 55.06663718288984, "spark.broadcast.checksum": 0.11191297580475368, "spark.broadcast.compress": 0.025214367577590744, "spark.default.parallelism": 390.4849380216693, "spark.executor.cores": 3.287444119688533, "spark.executor.instances": 6.376362840124926, "spark.executor.memory": 5.658284057068244, "spark.executor.memoryOverhead": 731.4491019458327, "spark.kryoserializer.buffer": 107.20334207472774, "spark.kryoserializer.buffer.max": 89.06905286229697, "spark.locality.wait": 6.053055326940113, "spark.maxRemoteBlockSizeFetchToMem": 2038450833.7366307, "spark.memory.fraction": 0.5535937718772321, "spark.memory.offHeap.enabled": 0.8856381267007684, "spark.memory.offHeap.size": 877.9253870529456, "spark.memory.storageFraction": 0.8026708856946674, "spark.rdd.compress": 0.8645223139360704, "spark.reducer.maxBlocksInFlightPerAddress": 1277868280.8981595, "spark.reducer.maxReqsInFlight": 1565792529.3235233, "spark.reducer.maxSizeInFlight": 50.00771246191735, "spark.scheduler.mode": 0.07445463975176436, "spark.scheduler.revive.interval": 722.9017666363484, "spark.shuffle.compress": 0.3184205440097232, "spark.shuffle.file.buffer": 33.16563567465286, "spark.shuffle.io.numConnectionsPerPeer": 4.483136813828557, "spark.shuffle.sort.bypassMergeThreshold": 157.64007998400479, "spark.storage.memoryMapThreshold": 3.7449210741073644}, "datetime": {"datetime": "2022-01-20 20:52:25", "elapsed": 2863.32055, "delta": 211.451363}}
{"target": -209.476, "params": {"spark.broadcast.blockSize": 49.034421481227874, "spark.broadcast.checksum": 0.0031414802292533497, "spark.broadcast.compress": 0.18713036719156934, "spark.default.parallelism": 392.4252225742338, "spark.executor.cores": 3.430278647255693, "spark.executor.instances": 6.499360609982688, "spark.executor.memory": 6.220184009098159, "spark.executor.memoryOverhead": 821.4164867499545, "spark.kryoserializer.buffer": 112.10633205089793, "spark.kryoserializer.buffer.max": 86.62191501702861, "spark.locality.wait": 6.7193722598612755, "spark.maxRemoteBlockSizeFetchToMem": 2014091349.913876, "spark.memory.fraction": 0.5583199125146641, "spark.memory.offHeap.enabled": 0.8480421669479554, "spark.memory.offHeap.size": 837.0074021064517, "spark.memory.storageFraction": 0.7561305899322159, "spark.rdd.compress": 0.8742487984880261, "spark.reducer.maxBlocksInFlightPerAddress": 1335761118.1170096, "spark.reducer.maxReqsInFlight": 1358121030.2535536, "spark.reducer.maxSizeInFlight": 51.65643788554811, "spark.scheduler.mode": 0.04373896819663986, "spark.scheduler.revive.interval": 687.8829948808984, "spark.shuffle.compress": 0.2975658307080588, "spark.shuffle.file.buffer": 33.746304832691486, "spark.shuffle.io.numConnectionsPerPeer": 4.423935678451817, "spark.shuffle.sort.bypassMergeThreshold": 178.5607206664019, "spark.storage.memoryMapThreshold": 3.549033608933974}, "datetime": {"datetime": "2022-01-20 20:56:03", "elapsed": 3081.186369, "delta": 217.865819}}
{"target": -180.444, "params": {"spark.broadcast.blockSize": 54.50988367155206, "spark.broadcast.checksum": 0.012030768387713985, "spark.broadcast.compress": 0.17864883753430552, "spark.default.parallelism": 358.9079103997968, "spark.executor.cores": 3.4389206220118123, "spark.executor.instances": 6.657959945303885, "spark.executor.memory": 6.2647877939302274, "spark.executor.memoryOverhead": 790.9980597829042, "spark.kryoserializer.buffer": 108.3616230013193, "spark.kryoserializer.buffer.max": 94.72163266109828, "spark.locality.wait": 6.48639054689761, "spark.maxRemoteBlockSizeFetchToMem": 2104847486.5425048, "spark.memory.fraction": 0.5734427692999932, "spark.memory.offHeap.enabled": 0.7865177374098821, "spark.memory.offHeap.size": 862.5810157216504, "spark.memory.storageFraction": 0.7913800057369389, "spark.rdd.compress": 0.9724794569076416, "spark.reducer.maxBlocksInFlightPerAddress": 1217118650.9006836, "spark.reducer.maxReqsInFlight": 1448340086.9851992, "spark.reducer.maxSizeInFlight": 52.78523196895212, "spark.scheduler.mode": 0.02718934938291654, "spark.scheduler.revive.interval": 646.4378558402913, "spark.shuffle.compress": 0.22639065413714604, "spark.shuffle.file.buffer": 31.782003660714675, "spark.shuffle.io.numConnectionsPerPeer": 4.244546580313827, "spark.shuffle.sort.bypassMergeThreshold": 196.19818493940724, "spark.storage.memoryMapThreshold": 3.1816790915221005}, "datetime": {"datetime": "2022-01-20 20:59:12", "elapsed": 3270.061986, "delta": 188.875617}}
{"target": -173.242, "params": {"spark.broadcast.blockSize": 54.81529642449641, "spark.broadcast.checksum": 0.07145322482848353, "spark.broadcast.compress": 0.043873692777366066, "spark.default.parallelism": 409.0386226828708, "spark.executor.cores": 3.397028420188816, "spark.executor.instances": 7.002310311180876, "spark.executor.memory": 5.895918550014395, "spark.executor.memoryOverhead": 761.0965251720806, "spark.kryoserializer.buffer": 119.01800705266257, "spark.kryoserializer.buffer.max": 84.83953044859453, "spark.locality.wait": 6.458330452380116, "spark.maxRemoteBlockSizeFetchToMem": 2000896005.0513556, "spark.memory.fraction": 0.6020139870415678, "spark.memory.offHeap.enabled": 0.8750416697086889, "spark.memory.offHeap.size": 867.868916149688, "spark.memory.storageFraction": 0.8150211507834698, "spark.rdd.compress": 0.8958565951325629, "spark.reducer.maxBlocksInFlightPerAddress": 1249095764.859579, "spark.reducer.maxReqsInFlight": 1431742919.2186806, "spark.reducer.maxSizeInFlight": 60.23245368550303, "spark.scheduler.mode": 0.18508514587896485, "spark.scheduler.revive.interval": 695.5219649882272, "spark.shuffle.compress": 0.3305258556311144, "spark.shuffle.file.buffer": 36.99543265574765, "spark.shuffle.io.numConnectionsPerPeer": 4.508978348527006, "spark.shuffle.sort.bypassMergeThreshold": 179.7964334042519, "spark.storage.memoryMapThreshold": 3.1659301511786158}, "datetime": {"datetime": "2022-01-20 21:02:14", "elapsed": 3452.028718, "delta": 181.966732}}
