{"target": -252.154, "params": {"spark.broadcast.blockSize": 39.0, "spark.broadcast.checksum": 1.0, "spark.broadcast.compress": 0.0, "spark.default.parallelism": 219.0, "spark.executor.cores": 2.0, "spark.executor.instances": 6.0, "spark.executor.memory": 4.0, "spark.executor.memoryOverhead": 384.0, "spark.kryoserializer.buffer": 94.0, "spark.kryoserializer.buffer.max": 71.0, "spark.locality.wait": 7.0, "spark.maxRemoteBlockSizeFetchToMem": 1850434413.0, "spark.memory.fraction": 0.57, "spark.memory.offHeap.enabled": 1.0, "spark.memory.offHeap.size": 860.0, "spark.memory.storageFraction": 0.67, "spark.rdd.compress": 0.0, "spark.reducer.maxBlocksInFlightPerAddress": 1785591174.0, "spark.reducer.maxReqsInFlight": 2008482403.0, "spark.reducer.maxSizeInFlight": 64.0, "spark.scheduler.mode": 0.0, "spark.scheduler.revive.interval": 548.0, "spark.shuffle.compress": 0.0, "spark.shuffle.file.buffer": 24.0, "spark.shuffle.io.numConnectionsPerPeer": 1.0, "spark.shuffle.sort.bypassMergeThreshold": 298.0, "spark.storage.memoryMapThreshold": 2.0}, "datetime": {"datetime": "2022-01-20 20:04:42", "elapsed": 0.0, "delta": 0.0}}
{"target": -397.267, "params": {"spark.broadcast.blockSize": 43.0, "spark.broadcast.checksum": 1.0, "spark.broadcast.compress": 1.0, "spark.default.parallelism": 280.0, "spark.executor.cores": 1.0, "spark.executor.instances": 7.0, "spark.executor.memory": 3.0, "spark.executor.memoryOverhead": 384.0, "spark.kryoserializer.buffer": 48.0, "spark.kryoserializer.buffer.max": 110.0, "spark.locality.wait": 7.0, "spark.maxRemoteBlockSizeFetchToMem": 1110271188.0, "spark.memory.fraction": 0.74, "spark.memory.offHeap.enabled": 0.0, "spark.memory.offHeap.size": 0.0, "spark.memory.storageFraction": 0.86, "spark.rdd.compress": 1.0, "spark.reducer.maxBlocksInFlightPerAddress": 1242953129.0, "spark.reducer.maxReqsInFlight": 2012887588.0, "spark.reducer.maxSizeInFlight": 49.0, "spark.scheduler.mode": 1.0, "spark.scheduler.revive.interval": 744.0, "spark.shuffle.compress": 1.0, "spark.shuffle.file.buffer": 41.0, "spark.shuffle.io.numConnectionsPerPeer": 4.0, "spark.shuffle.sort.bypassMergeThreshold": 193.0, "spark.storage.memoryMapThreshold": 4.0}, "datetime": {"datetime": "2022-01-20 20:04:42", "elapsed": 0.000279, "delta": 0.000279}}
{"target": -190.243, "params": {"spark.broadcast.blockSize": 40.0, "spark.broadcast.checksum": 0.0, "spark.broadcast.compress": 0.0, "spark.default.parallelism": 297.0, "spark.executor.cores": 3.0, "spark.executor.instances": 8.0, "spark.executor.memory": 6.0, "spark.executor.memoryOverhead": 727.0, "spark.kryoserializer.buffer": 73.0, "spark.kryoserializer.buffer.max": 96.0, "spark.locality.wait": 9.0, "spark.maxRemoteBlockSizeFetchToMem": 1492184320.0, "spark.memory.fraction": 0.74, "spark.memory.offHeap.enabled": 1.0, "spark.memory.offHeap.size": 769.0, "spark.memory.storageFraction": 0.75, "spark.rdd.compress": 1.0, "spark.reducer.maxBlocksInFlightPerAddress": 1489542912.0, "spark.reducer.maxReqsInFlight": 1815774592.0, "spark.reducer.maxSizeInFlight": 60.0, "spark.scheduler.mode": 1.0, "spark.scheduler.revive.interval": 604.0, "spark.shuffle.compress": 0.0, "spark.shuffle.file.buffer": 29.0, "spark.shuffle.io.numConnectionsPerPeer": 4.0, "spark.shuffle.sort.bypassMergeThreshold": 295.0, "spark.storage.memoryMapThreshold": 1.0}, "datetime": {"datetime": "2022-01-20 20:04:42", "elapsed": 0.000418, "delta": 0.000139}}
{"target": -218.759, "params": {"spark.broadcast.blockSize": 37.0, "spark.broadcast.checksum": 0.0, "spark.broadcast.compress": 0.0, "spark.default.parallelism": 282.0, "spark.executor.cores": 3.0, "spark.executor.instances": 7.0, "spark.executor.memory": 7.0, "spark.executor.memoryOverhead": 713.0, "spark.kryoserializer.buffer": 67.0, "spark.kryoserializer.buffer.max": 96.0, "spark.locality.wait": 8.0, "spark.maxRemoteBlockSizeFetchToMem": 1418614656.0, "spark.memory.fraction": 0.75, "spark.memory.offHeap.enabled": 1.0, "spark.memory.offHeap.size": 819.0, "spark.memory.storageFraction": 0.78, "spark.rdd.compress": 1.0, "spark.reducer.maxBlocksInFlightPerAddress": 1515846528.0, "spark.reducer.maxReqsInFlight": 1737538304.0, "spark.reducer.maxSizeInFlight": 63.0, "spark.scheduler.mode": 1.0, "spark.scheduler.revive.interval": 521.0, "spark.shuffle.compress": 0.0, "spark.shuffle.file.buffer": 28.0, "spark.shuffle.io.numConnectionsPerPeer": 4.0, "spark.shuffle.sort.bypassMergeThreshold": 312.0, "spark.storage.memoryMapThreshold": 1.0}, "datetime": {"datetime": "2022-01-20 20:04:42", "elapsed": 0.000545, "delta": 0.000127}}
{"target": -254.225, "params": {"spark.broadcast.blockSize": 36.0, "spark.broadcast.checksum": 0.0, "spark.broadcast.compress": 1.0, "spark.default.parallelism": 298.0, "spark.executor.cores": 2.0, "spark.executor.instances": 6.0, "spark.executor.memory": 4.0, "spark.executor.memoryOverhead": 446.0, "spark.kryoserializer.buffer": 89.0, "spark.kryoserializer.buffer.max": 82.0, "spark.locality.wait": 7.0, "spark.maxRemoteBlockSizeFetchToMem": 1923296948.0, "spark.memory.fraction": 0.53, "spark.memory.offHeap.enabled": 0.0, "spark.memory.offHeap.size": 0.0, "spark.memory.storageFraction": 0.71, "spark.rdd.compress": 0.0, "spark.reducer.maxBlocksInFlightPerAddress": 1814180871.0, "spark.reducer.maxReqsInFlight": 1189122009.0, "spark.reducer.maxSizeInFlight": 69.0, "spark.scheduler.mode": 0.0, "spark.scheduler.revive.interval": 636.0, "spark.shuffle.compress": 0.0, "spark.shuffle.file.buffer": 33.0, "spark.shuffle.io.numConnectionsPerPeer": 3.0, "spark.shuffle.sort.bypassMergeThreshold": 159.0, "spark.storage.memoryMapThreshold": 2.0}, "datetime": {"datetime": "2022-01-20 20:04:42", "elapsed": 0.000677, "delta": 0.000132}}
{"target": -274.356, "params": {"spark.broadcast.blockSize": 45.0, "spark.broadcast.checksum": 0.0, "spark.broadcast.compress": 0.0, "spark.default.parallelism": 409.0, "spark.executor.cores": 2.0, "spark.executor.instances": 6.0, "spark.executor.memory": 4.0, "spark.executor.memoryOverhead": 384.0, "spark.kryoserializer.buffer": 65.0, "spark.kryoserializer.buffer.max": 96.0, "spark.locality.wait": 9.0, "spark.maxRemoteBlockSizeFetchToMem": 2053930890.0, "spark.memory.fraction": 0.5, "spark.memory.offHeap.enabled": 1.0, "spark.memory.offHeap.size": 939.0, "spark.memory.storageFraction": 0.78, "spark.rdd.compress": 0.0, "spark.reducer.maxBlocksInFlightPerAddress": 2021705510.0, "spark.reducer.maxReqsInFlight": 1671675601.0, "spark.reducer.maxSizeInFlight": 66.0, "spark.scheduler.mode": 1.0, "spark.scheduler.revive.interval": 948.0, "spark.shuffle.compress": 1.0, "spark.shuffle.file.buffer": 27.0, "spark.shuffle.io.numConnectionsPerPeer": 4.0, "spark.shuffle.sort.bypassMergeThreshold": 161.0, "spark.storage.memoryMapThreshold": 3.0}, "datetime": {"datetime": "2022-01-20 20:04:42", "elapsed": 0.000794, "delta": 0.000117}}
{"target": -187.626, "params": {"spark.broadcast.blockSize": 40.0, "spark.broadcast.checksum": 0.0, "spark.broadcast.compress": 0.0, "spark.default.parallelism": 314.0, "spark.executor.cores": 3.0, "spark.executor.instances": 7.0, "spark.executor.memory": 6.0, "spark.executor.memoryOverhead": 675.0, "spark.kryoserializer.buffer": 83.0, "spark.kryoserializer.buffer.max": 103.0, "spark.locality.wait": 8.0, "spark.maxRemoteBlockSizeFetchToMem": 1390464896.0, "spark.memory.fraction": 0.68, "spark.memory.offHeap.enabled": 1.0, "spark.memory.offHeap.size": 756.0, "spark.memory.storageFraction": 0.79, "spark.rdd.compress": 1.0, "spark.reducer.maxBlocksInFlightPerAddress": 1338915328.0, "spark.reducer.maxReqsInFlight": 1926262912.0, "spark.reducer.maxSizeInFlight": 56.0, "spark.scheduler.mode": 0.0, "spark.scheduler.revive.interval": 603.0, "spark.shuffle.compress": 0.0, "spark.shuffle.file.buffer": 24.0, "spark.shuffle.io.numConnectionsPerPeer": 4.0, "spark.shuffle.sort.bypassMergeThreshold": 309.0, "spark.storage.memoryMapThreshold": 1.0}, "datetime": {"datetime": "2022-01-20 20:04:42", "elapsed": 0.000918, "delta": 0.000124}}
{"target": -185.528, "params": {"spark.broadcast.blockSize": 39.0, "spark.broadcast.checksum": 0.0, "spark.broadcast.compress": 0.0, "spark.default.parallelism": 347.0, "spark.executor.cores": 3.0, "spark.executor.instances": 7.0, "spark.executor.memory": 5.0, "spark.executor.memoryOverhead": 685.0, "spark.kryoserializer.buffer": 75.0, "spark.kryoserializer.buffer.max": 101.0, "spark.locality.wait": 8.0, "spark.maxRemoteBlockSizeFetchToMem": 1407788032.0, "spark.memory.fraction": 0.72, "spark.memory.offHeap.enabled": 1.0, "spark.memory.offHeap.size": 787.0, "spark.memory.storageFraction": 0.76, "spark.rdd.compress": 1.0, "spark.reducer.maxBlocksInFlightPerAddress": 1574112384.0, "spark.reducer.maxReqsInFlight": 1829104384.0, "spark.reducer.maxSizeInFlight": 58.0, "spark.scheduler.mode": 0.0, "spark.scheduler.revive.interval": 626.0, "spark.shuffle.compress": 0.0, "spark.shuffle.file.buffer": 26.0, "spark.shuffle.io.numConnectionsPerPeer": 4.0, "spark.shuffle.sort.bypassMergeThreshold": 299.0, "spark.storage.memoryMapThreshold": 1.0}, "datetime": {"datetime": "2022-01-20 20:04:42", "elapsed": 0.001031, "delta": 0.000113}}
{"target": -274.999, "params": {"spark.broadcast.blockSize": 37.0, "spark.broadcast.checksum": 0.0, "spark.broadcast.compress": 1.0, "spark.default.parallelism": 227.0, "spark.executor.cores": 3.0, "spark.executor.instances": 4.0, "spark.executor.memory": 7.0, "spark.executor.memoryOverhead": 840.0, "spark.kryoserializer.buffer": 107.0, "spark.kryoserializer.buffer.max": 126.0, "spark.locality.wait": 8.0, "spark.maxRemoteBlockSizeFetchToMem": 1884668160.0, "spark.memory.fraction": 0.83, "spark.memory.offHeap.enabled": 0.0, "spark.memory.offHeap.size": 0.0, "spark.memory.storageFraction": 0.61, "spark.rdd.compress": 1.0, "spark.reducer.maxBlocksInFlightPerAddress": 1722744142.0, "spark.reducer.maxReqsInFlight": 1836269132.0, "spark.reducer.maxSizeInFlight": 48.0, "spark.scheduler.mode": 0.0, "spark.scheduler.revive.interval": 996.0, "spark.shuffle.compress": 1.0, "spark.shuffle.file.buffer": 45.0, "spark.shuffle.io.numConnectionsPerPeer": 5.0, "spark.shuffle.sort.bypassMergeThreshold": 345.0, "spark.storage.memoryMapThreshold": 3.0}, "datetime": {"datetime": "2022-01-20 20:04:42", "elapsed": 0.001152, "delta": 0.000121}}
{"target": -222.671, "params": {"spark.broadcast.blockSize": 39.0, "spark.broadcast.checksum": 1.0, "spark.broadcast.compress": 0.0, "spark.default.parallelism": 439.0, "spark.executor.cores": 3.0, "spark.executor.instances": 7.0, "spark.executor.memory": 6.0, "spark.executor.memoryOverhead": 541.0, "spark.kryoserializer.buffer": 73.0, "spark.kryoserializer.buffer.max": 46.0, "spark.locality.wait": 9.0, "spark.maxRemoteBlockSizeFetchToMem": 1325988420.0, "spark.memory.fraction": 0.7, "spark.memory.offHeap.enabled": 0.0, "spark.memory.offHeap.size": 0.0, "spark.memory.storageFraction": 0.66, "spark.rdd.compress": 1.0, "spark.reducer.maxBlocksInFlightPerAddress": 1690312122.0, "spark.reducer.maxReqsInFlight": 1463139560.0, "spark.reducer.maxSizeInFlight": 26.0, "spark.scheduler.mode": 1.0, "spark.scheduler.revive.interval": 984.0, "spark.shuffle.compress": 0.0, "spark.shuffle.file.buffer": 23.0, "spark.shuffle.io.numConnectionsPerPeer": 3.0, "spark.shuffle.sort.bypassMergeThreshold": 318.0, "spark.storage.memoryMapThreshold": 3.0}, "datetime": {"datetime": "2022-01-20 20:04:42", "elapsed": 0.001277, "delta": 0.000125}}
{"target": -212.804, "params": {"spark.broadcast.blockSize": 42.0, "spark.broadcast.checksum": 0.0, "spark.broadcast.compress": 0.0, "spark.default.parallelism": 355.0, "spark.executor.cores": 3.0, "spark.executor.instances": 6.0, "spark.executor.memory": 5.0, "spark.executor.memoryOverhead": 674.0, "spark.kryoserializer.buffer": 77.0, "spark.kryoserializer.buffer.max": 85.0, "spark.locality.wait": 8.0, "spark.maxRemoteBlockSizeFetchToMem": 1366687232.0, "spark.memory.fraction": 0.68, "spark.memory.offHeap.enabled": 1.0, "spark.memory.offHeap.size": 770.0, "spark.memory.storageFraction": 0.71, "spark.rdd.compress": 1.0, "spark.reducer.maxBlocksInFlightPerAddress": 1550597248.0, "spark.reducer.maxReqsInFlight": 1691806208.0, "spark.reducer.maxSizeInFlight": 57.0, "spark.scheduler.mode": 1.0, "spark.scheduler.revive.interval": 597.0, "spark.shuffle.compress": 0.0, "spark.shuffle.file.buffer": 24.0, "spark.shuffle.io.numConnectionsPerPeer": 3.0, "spark.shuffle.sort.bypassMergeThreshold": 283.0, "spark.storage.memoryMapThreshold": 1.0}, "datetime": {"datetime": "2022-01-20 20:04:42", "elapsed": 0.001402, "delta": 0.000125}}
{"target": -268.936, "params": {"spark.broadcast.blockSize": 45.0, "spark.broadcast.checksum": 0.0, "spark.broadcast.compress": 0.0, "spark.default.parallelism": 325.0, "spark.executor.cores": 3.0, "spark.executor.instances": 6.0, "spark.executor.memory": 5.0, "spark.executor.memoryOverhead": 676.0, "spark.kryoserializer.buffer": 72.0, "spark.kryoserializer.buffer.max": 85.0, "spark.locality.wait": 9.0, "spark.maxRemoteBlockSizeFetchToMem": 1356598400.0, "spark.memory.fraction": 0.67, "spark.memory.offHeap.enabled": 1.0, "spark.memory.offHeap.size": 758.0, "spark.memory.storageFraction": 0.77, "spark.rdd.compress": 1.0, "spark.reducer.maxBlocksInFlightPerAddress": 1489143168.0, "spark.reducer.maxReqsInFlight": 1832419840.0, "spark.reducer.maxSizeInFlight": 62.0, "spark.scheduler.mode": 1.0, "spark.scheduler.revive.interval": 598.0, "spark.shuffle.compress": 0.0, "spark.shuffle.file.buffer": 23.0, "spark.shuffle.io.numConnectionsPerPeer": 4.0, "spark.shuffle.sort.bypassMergeThreshold": 276.0, "spark.storage.memoryMapThreshold": 1.0}, "datetime": {"datetime": "2022-01-20 20:04:42", "elapsed": 0.001529, "delta": 0.000127}}
{"target": -434.403, "params": {"spark.broadcast.blockSize": 34.0, "spark.broadcast.checksum": 0.0, "spark.broadcast.compress": 1.0, "spark.default.parallelism": 443.0, "spark.executor.cores": 1.0, "spark.executor.instances": 6.0, "spark.executor.memory": 3.0, "spark.executor.memoryOverhead": 384.0, "spark.kryoserializer.buffer": 100.0, "spark.kryoserializer.buffer.max": 71.0, "spark.locality.wait": 8.0, "spark.maxRemoteBlockSizeFetchToMem": 1133238697.0, "spark.memory.fraction": 0.87, "spark.memory.offHeap.enabled": 1.0, "spark.memory.offHeap.size": 807.0, "spark.memory.storageFraction": 0.68, "spark.rdd.compress": 1.0, "spark.reducer.maxBlocksInFlightPerAddress": 1260486650.0, "spark.reducer.maxReqsInFlight": 1714762017.0, "spark.reducer.maxSizeInFlight": 62.0, "spark.scheduler.mode": 0.0, "spark.scheduler.revive.interval": 965.0, "spark.shuffle.compress": 0.0, "spark.shuffle.file.buffer": 28.0, "spark.shuffle.io.numConnectionsPerPeer": 3.0, "spark.shuffle.sort.bypassMergeThreshold": 171.0, "spark.storage.memoryMapThreshold": 3.0}, "datetime": {"datetime": "2022-01-20 20:04:42", "elapsed": 0.001654, "delta": 0.000125}}
{"target": -280.262, "params": {"spark.broadcast.blockSize": 33.0, "spark.broadcast.checksum": 1.0, "spark.broadcast.compress": 0.0, "spark.default.parallelism": 308.0, "spark.executor.cores": 3.0, "spark.executor.instances": 5.0, "spark.executor.memory": 7.0, "spark.executor.memoryOverhead": 620.0, "spark.kryoserializer.buffer": 33.0, "spark.kryoserializer.buffer.max": 36.0, "spark.locality.wait": 7.0, "spark.maxRemoteBlockSizeFetchToMem": 1999483127.0, "spark.memory.fraction": 0.72, "spark.memory.offHeap.enabled": 0.0, "spark.memory.offHeap.size": 0.0, "spark.memory.storageFraction": 0.67, "spark.rdd.compress": 1.0, "spark.reducer.maxBlocksInFlightPerAddress": 1831852654.0, "spark.reducer.maxReqsInFlight": 1184705638.0, "spark.reducer.maxSizeInFlight": 40.0, "spark.scheduler.mode": 0.0, "spark.scheduler.revive.interval": 802.0, "spark.shuffle.compress": 1.0, "spark.shuffle.file.buffer": 37.0, "spark.shuffle.io.numConnectionsPerPeer": 5.0, "spark.shuffle.sort.bypassMergeThreshold": 182.0, "spark.storage.memoryMapThreshold": 1.0}, "datetime": {"datetime": "2022-01-20 20:04:42", "elapsed": 0.001783, "delta": 0.000129}}
{"target": -191.337, "params": {"spark.broadcast.blockSize": 46.0, "spark.broadcast.checksum": 0.0, "spark.broadcast.compress": 0.0, "spark.default.parallelism": 396.0, "spark.executor.cores": 3.0, "spark.executor.instances": 7.0, "spark.executor.memory": 5.0, "spark.executor.memoryOverhead": 534.0, "spark.kryoserializer.buffer": 88.0, "spark.kryoserializer.buffer.max": 89.0, "spark.locality.wait": 6.0, "spark.maxRemoteBlockSizeFetchToMem": 1617225600.0, "spark.memory.fraction": 0.68, "spark.memory.offHeap.enabled": 1.0, "spark.memory.offHeap.size": 756.0, "spark.memory.storageFraction": 0.71, "spark.rdd.compress": 1.0, "spark.reducer.maxBlocksInFlightPerAddress": 1631064704.0, "spark.reducer.maxReqsInFlight": 1917063936.0, "spark.reducer.maxSizeInFlight": 47.0, "spark.scheduler.mode": 0.0, "spark.scheduler.revive.interval": 508.0, "spark.shuffle.compress": 0.0, "spark.shuffle.file.buffer": 22.0, "spark.shuffle.io.numConnectionsPerPeer": 3.0, "spark.shuffle.sort.bypassMergeThreshold": 259.0, "spark.storage.memoryMapThreshold": 1.0}, "datetime": {"datetime": "2022-01-20 20:04:42", "elapsed": 0.001914, "delta": 0.000131}}
{"target": -180.737, "params": {"spark.broadcast.blockSize": 46.0, "spark.broadcast.checksum": 0.0, "spark.broadcast.compress": 0.0, "spark.default.parallelism": 401.0, "spark.executor.cores": 3.0, "spark.executor.instances": 7.0, "spark.executor.memory": 5.0, "spark.executor.memoryOverhead": 582.0, "spark.kryoserializer.buffer": 90.0, "spark.kryoserializer.buffer.max": 81.0, "spark.locality.wait": 8.0, "spark.maxRemoteBlockSizeFetchToMem": 1510227584.0, "spark.memory.fraction": 0.7, "spark.memory.offHeap.enabled": 1.0, "spark.memory.offHeap.size": 767.0, "spark.memory.storageFraction": 0.75, "spark.rdd.compress": 1.0, "spark.reducer.maxBlocksInFlightPerAddress": 1685803008.0, "spark.reducer.maxReqsInFlight": 1911138432.0, "spark.reducer.maxSizeInFlight": 52.0, "spark.scheduler.mode": 0.0, "spark.scheduler.revive.interval": 551.0, "spark.shuffle.compress": 0.0, "spark.shuffle.file.buffer": 20.0, "spark.shuffle.io.numConnectionsPerPeer": 3.0, "spark.shuffle.sort.bypassMergeThreshold": 255.0, "spark.storage.memoryMapThreshold": 1.0}, "datetime": {"datetime": "2022-01-20 20:04:42", "elapsed": 0.002053, "delta": 0.000139}}
{"target": -290.366, "params": {"spark.broadcast.blockSize": 33.0, "spark.broadcast.checksum": 1.0, "spark.broadcast.compress": 1.0, "spark.default.parallelism": 472.0, "spark.executor.cores": 2.0, "spark.executor.instances": 5.0, "spark.executor.memory": 4.0, "spark.executor.memoryOverhead": 384.0, "spark.kryoserializer.buffer": 115.0, "spark.kryoserializer.buffer.max": 88.0, "spark.locality.wait": 5.0, "spark.maxRemoteBlockSizeFetchToMem": 1725657166.0, "spark.memory.fraction": 0.76, "spark.memory.offHeap.enabled": 1.0, "spark.memory.offHeap.size": 667.0, "spark.memory.storageFraction": 0.87, "spark.rdd.compress": 0.0, "spark.reducer.maxBlocksInFlightPerAddress": 1614661056.0, "spark.reducer.maxReqsInFlight": 1603752738.0, "spark.reducer.maxSizeInFlight": 44.0, "spark.scheduler.mode": 0.0, "spark.scheduler.revive.interval": 743.0, "spark.shuffle.compress": 0.0, "spark.shuffle.file.buffer": 45.0, "spark.shuffle.io.numConnectionsPerPeer": 4.0, "spark.shuffle.sort.bypassMergeThreshold": 156.0, "spark.storage.memoryMapThreshold": 4.0}, "datetime": {"datetime": "2022-01-20 20:04:42", "elapsed": 0.002191, "delta": 0.000138}}
{"target": -242.835, "params": {"spark.broadcast.blockSize": 46.0, "spark.broadcast.checksum": 1.0, "spark.broadcast.compress": 0.0, "spark.default.parallelism": 364.0, "spark.executor.cores": 3.0, "spark.executor.instances": 5.0, "spark.executor.memory": 6.0, "spark.executor.memoryOverhead": 525.0, "spark.kryoserializer.buffer": 120.0, "spark.kryoserializer.buffer.max": 56.0, "spark.locality.wait": 6.0, "spark.maxRemoteBlockSizeFetchToMem": 1532724463.0, "spark.memory.fraction": 0.65, "spark.memory.offHeap.enabled": 1.0, "spark.memory.offHeap.size": 526.0, "spark.memory.storageFraction": 0.55, "spark.rdd.compress": 1.0, "spark.reducer.maxBlocksInFlightPerAddress": 1760803282.0, "spark.reducer.maxReqsInFlight": 2120726742.0, "spark.reducer.maxSizeInFlight": 70.0, "spark.scheduler.mode": 0.0, "spark.scheduler.revive.interval": 825.0, "spark.shuffle.compress": 1.0, "spark.shuffle.file.buffer": 32.0, "spark.shuffle.io.numConnectionsPerPeer": 2.0, "spark.shuffle.sort.bypassMergeThreshold": 245.0, "spark.storage.memoryMapThreshold": 2.0}, "datetime": {"datetime": "2022-01-20 20:04:42", "elapsed": 0.002362, "delta": 0.000171}}
{"target": -225.005, "params": {"spark.broadcast.blockSize": 44.0, "spark.broadcast.checksum": 0.0, "spark.broadcast.compress": 0.0, "spark.default.parallelism": 387.0, "spark.executor.cores": 3.0, "spark.executor.instances": 6.0, "spark.executor.memory": 5.0, "spark.executor.memoryOverhead": 635.0, "spark.kryoserializer.buffer": 87.0, "spark.kryoserializer.buffer.max": 86.0, "spark.locality.wait": 8.0, "spark.maxRemoteBlockSizeFetchToMem": 1515899008.0, "spark.memory.fraction": 0.72, "spark.memory.offHeap.enabled": 1.0, "spark.memory.offHeap.size": 780.0, "spark.memory.storageFraction": 0.71, "spark.rdd.compress": 1.0, "spark.reducer.maxBlocksInFlightPerAddress": 1662638592.0, "spark.reducer.maxReqsInFlight": 1948488192.0, "spark.reducer.maxSizeInFlight": 58.0, "spark.scheduler.mode": 1.0, "spark.scheduler.revive.interval": 533.0, "spark.shuffle.compress": 0.0, "spark.shuffle.file.buffer": 22.0, "spark.shuffle.io.numConnectionsPerPeer": 3.0, "spark.shuffle.sort.bypassMergeThreshold": 252.0, "spark.storage.memoryMapThreshold": 1.0}, "datetime": {"datetime": "2022-01-20 20:04:42", "elapsed": 0.002513, "delta": 0.000151}}
