{"target": -192.778, "params": {"spark.broadcast.blockSize": 48.0, "spark.broadcast.checksum": 0.0, "spark.broadcast.compress": 0.0, "spark.default.parallelism": 432.0, "spark.executor.cores": 3.0, "spark.executor.instances": 7.0, "spark.executor.memory": 5.0, "spark.executor.memoryOverhead": 629.0, "spark.kryoserializer.buffer": 84.0, "spark.kryoserializer.buffer.max": 86.0, "spark.locality.wait": 7.0, "spark.maxRemoteBlockSizeFetchToMem": 1522840704.0, "spark.memory.fraction": 0.72, "spark.memory.offHeap.enabled": 1.0, "spark.memory.offHeap.size": 770.0, "spark.memory.storageFraction": 0.73, "spark.rdd.compress": 1.0, "spark.reducer.maxBlocksInFlightPerAddress": 1626704896.0, "spark.reducer.maxReqsInFlight": 1970324480.0, "spark.reducer.maxSizeInFlight": 57.0, "spark.scheduler.mode": 1.0, "spark.scheduler.revive.interval": 507.0, "spark.shuffle.compress": 0.0, "spark.shuffle.file.buffer": 21.0, "spark.shuffle.io.numConnectionsPerPeer": 3.0, "spark.shuffle.sort.bypassMergeThreshold": 261.0, "spark.storage.memoryMapThreshold": 1.0}, "datetime": {"datetime": "2022-01-20 20:04:42", "elapsed": 0.002661, "delta": 0.000148}}
{"target": -211.6, "params": {"spark.broadcast.blockSize": 62.0, "spark.broadcast.checksum": 0.0, "spark.broadcast.compress": 0.0, "spark.default.parallelism": 303.0, "spark.executor.cores": 3.0, "spark.executor.instances": 6.0, "spark.executor.memory": 6.0, "spark.executor.memoryOverhead": 672.0, "spark.kryoserializer.buffer": 109.0, "spark.kryoserializer.buffer.max": 48.0, "spark.locality.wait": 6.0, "spark.maxRemoteBlockSizeFetchToMem": 1649406224.0, "spark.memory.fraction": 0.62, "spark.memory.offHeap.enabled": 1.0, "spark.memory.offHeap.size": 688.0, "spark.memory.storageFraction": 0.52, "spark.rdd.compress": 0.0, "spark.reducer.maxBlocksInFlightPerAddress": 1666439451.0, "spark.reducer.maxReqsInFlight": 1877524297.0, "spark.reducer.maxSizeInFlight": 37.0, "spark.scheduler.mode": 0.0, "spark.scheduler.revive.interval": 948.0, "spark.shuffle.compress": 0.0, "spark.shuffle.file.buffer": 22.0, "spark.shuffle.io.numConnectionsPerPeer": 3.0, "spark.shuffle.sort.bypassMergeThreshold": 328.0, "spark.storage.memoryMapThreshold": 4.0}, "datetime": {"datetime": "2022-01-20 20:04:42", "elapsed": 0.00281, "delta": 0.000149}}
{"target": -313.351, "params": {"spark.broadcast.blockSize": 55.0, "spark.broadcast.checksum": 1.0, "spark.broadcast.compress": 0.0, "spark.default.parallelism": 389.0, "spark.executor.cores": 2.0, "spark.executor.instances": 5.0, "spark.executor.memory": 4.0, "spark.executor.memoryOverhead": 384.0, "spark.kryoserializer.buffer": 60.0, "spark.kryoserializer.buffer.max": 47.0, "spark.locality.wait": 6.0, "spark.maxRemoteBlockSizeFetchToMem": 1172908480.0, "spark.memory.fraction": 0.87, "spark.memory.offHeap.enabled": 1.0, "spark.memory.offHeap.size": 762.0, "spark.memory.storageFraction": 0.76, "spark.rdd.compress": 0.0, "spark.reducer.maxBlocksInFlightPerAddress": 1119972262.0, "spark.reducer.maxReqsInFlight": 1368876850.0, "spark.reducer.maxSizeInFlight": 44.0, "spark.scheduler.mode": 1.0, "spark.scheduler.revive.interval": 564.0, "spark.shuffle.compress": 0.0, "spark.shuffle.file.buffer": 20.0, "spark.shuffle.io.numConnectionsPerPeer": 2.0, "spark.shuffle.sort.bypassMergeThreshold": 267.0, "spark.storage.memoryMapThreshold": 4.0}, "datetime": {"datetime": "2022-01-20 20:04:42", "elapsed": 0.002958, "delta": 0.000148}}
{"target": -215.281, "params": {"spark.broadcast.blockSize": 49.0, "spark.broadcast.checksum": 0.0, "spark.broadcast.compress": 0.0, "spark.default.parallelism": 416.0, "spark.executor.cores": 3.0, "spark.executor.instances": 6.0, "spark.executor.memory": 5.0, "spark.executor.memoryOverhead": 662.0, "spark.kryoserializer.buffer": 81.0, "spark.kryoserializer.buffer.max": 92.0, "spark.locality.wait": 7.0, "spark.maxRemoteBlockSizeFetchToMem": 1410772608.0, "spark.memory.fraction": 0.73, "spark.memory.offHeap.enabled": 1.0, "spark.memory.offHeap.size": 807.0, "spark.memory.storageFraction": 0.65, "spark.rdd.compress": 1.0, "spark.reducer.maxBlocksInFlightPerAddress": 1713861760.0, "spark.reducer.maxReqsInFlight": 1936637952.0, "spark.reducer.maxSizeInFlight": 60.0, "spark.scheduler.mode": 0.0, "spark.scheduler.revive.interval": 516.0, "spark.shuffle.compress": 0.0, "spark.shuffle.file.buffer": 26.0, "spark.shuffle.io.numConnectionsPerPeer": 3.0, "spark.shuffle.sort.bypassMergeThreshold": 209.0, "spark.storage.memoryMapThreshold": 1.0}, "datetime": {"datetime": "2022-01-20 20:04:42", "elapsed": 0.003119, "delta": 0.000161}}
{"target": -184.96, "params": {"spark.broadcast.blockSize": 47.0, "spark.broadcast.checksum": 0.0, "spark.broadcast.compress": 0.0, "spark.default.parallelism": 399.0, "spark.executor.cores": 3.0, "spark.executor.instances": 7.0, "spark.executor.memory": 5.0, "spark.executor.memoryOverhead": 629.0, "spark.kryoserializer.buffer": 81.0, "spark.kryoserializer.buffer.max": 83.0, "spark.locality.wait": 7.0, "spark.maxRemoteBlockSizeFetchToMem": 1526364416.0, "spark.memory.fraction": 0.78, "spark.memory.offHeap.enabled": 1.0, "spark.memory.offHeap.size": 772.0, "spark.memory.storageFraction": 0.72, "spark.rdd.compress": 1.0, "spark.reducer.maxBlocksInFlightPerAddress": 1635678208.0, "spark.reducer.maxReqsInFlight": 1916650624.0, "spark.reducer.maxSizeInFlight": 48.0, "spark.scheduler.mode": 0.0, "spark.scheduler.revive.interval": 548.0, "spark.shuffle.compress": 0.0, "spark.shuffle.file.buffer": 24.0, "spark.shuffle.io.numConnectionsPerPeer": 3.0, "spark.shuffle.sort.bypassMergeThreshold": 269.0, "spark.storage.memoryMapThreshold": 1.0}, "datetime": {"datetime": "2022-01-20 20:04:42", "elapsed": 0.00328, "delta": 0.000161}}
{"target": -186.093, "params": {"spark.broadcast.blockSize": 36.0, "spark.broadcast.checksum": 0.0, "spark.broadcast.compress": 0.0, "spark.default.parallelism": 441.0, "spark.executor.cores": 3.0, "spark.executor.instances": 7.0, "spark.executor.memory": 6.0, "spark.executor.memoryOverhead": 736.0, "spark.kryoserializer.buffer": 121.0, "spark.kryoserializer.buffer.max": 112.0, "spark.locality.wait": 10.0, "spark.maxRemoteBlockSizeFetchToMem": 1649383885.0, "spark.memory.fraction": 0.61, "spark.memory.offHeap.enabled": 1.0, "spark.memory.offHeap.size": 681.0, "spark.memory.storageFraction": 0.88, "spark.rdd.compress": 1.0, "spark.reducer.maxBlocksInFlightPerAddress": 1555275862.0, "spark.reducer.maxReqsInFlight": 1421839281.0, "spark.reducer.maxSizeInFlight": 70.0, "spark.scheduler.mode": 1.0, "spark.scheduler.revive.interval": 641.0, "spark.shuffle.compress": 0.0, "spark.shuffle.file.buffer": 21.0, "spark.shuffle.io.numConnectionsPerPeer": 4.0, "spark.shuffle.sort.bypassMergeThreshold": 157.0, "spark.storage.memoryMapThreshold": 3.0}, "datetime": {"datetime": "2022-01-20 20:04:42", "elapsed": 0.003465, "delta": 0.000185}}
{"target": -200.646, "params": {"spark.broadcast.blockSize": 43.0, "spark.broadcast.checksum": 0.0, "spark.broadcast.compress": 0.0, "spark.default.parallelism": 462.0, "spark.executor.cores": 3.0, "spark.executor.instances": 8.0, "spark.executor.memory": 7.0, "spark.executor.memoryOverhead": 498.0, "spark.kryoserializer.buffer": 69.0, "spark.kryoserializer.buffer.max": 56.0, "spark.locality.wait": 7.0, "spark.maxRemoteBlockSizeFetchToMem": 1159077391.0, "spark.memory.fraction": 0.85, "spark.memory.offHeap.enabled": 0.0, "spark.memory.offHeap.size": 0.0, "spark.memory.storageFraction": 0.79, "spark.rdd.compress": 1.0, "spark.reducer.maxBlocksInFlightPerAddress": 1617507531.0, "spark.reducer.maxReqsInFlight": 2082799281.0, "spark.reducer.maxSizeInFlight": 31.0, "spark.scheduler.mode": 1.0, "spark.scheduler.revive.interval": 768.0, "spark.shuffle.compress": 1.0, "spark.shuffle.file.buffer": 43.0, "spark.shuffle.io.numConnectionsPerPeer": 5.0, "spark.shuffle.sort.bypassMergeThreshold": 252.0, "spark.storage.memoryMapThreshold": 3.0}, "datetime": {"datetime": "2022-01-20 20:04:42", "elapsed": 0.003636, "delta": 0.000171}}
{"target": -189.006, "params": {"spark.broadcast.blockSize": 49.0, "spark.broadcast.checksum": 0.0, "spark.broadcast.compress": 0.0, "spark.default.parallelism": 425.0, "spark.executor.cores": 3.0, "spark.executor.instances": 7.0, "spark.executor.memory": 5.0, "spark.executor.memoryOverhead": 645.0, "spark.kryoserializer.buffer": 87.0, "spark.kryoserializer.buffer.max": 74.0, "spark.locality.wait": 8.0, "spark.maxRemoteBlockSizeFetchToMem": 1496125952.0, "spark.memory.fraction": 0.79, "spark.memory.offHeap.enabled": 1.0, "spark.memory.offHeap.size": 745.0, "spark.memory.storageFraction": 0.68, "spark.rdd.compress": 1.0, "spark.reducer.maxBlocksInFlightPerAddress": 1582470656.0, "spark.reducer.maxReqsInFlight": 2006342912.0, "spark.reducer.maxSizeInFlight": 50.0, "spark.scheduler.mode": 1.0, "spark.scheduler.revive.interval": 665.0, "spark.shuffle.compress": 0.0, "spark.shuffle.file.buffer": 25.0, "spark.shuffle.io.numConnectionsPerPeer": 3.0, "spark.shuffle.sort.bypassMergeThreshold": 265.0, "spark.storage.memoryMapThreshold": 1.0}, "datetime": {"datetime": "2022-01-20 20:04:42", "elapsed": 0.003803, "delta": 0.000167}}
{"target": -266.492, "params": {"spark.broadcast.blockSize": 45.0, "spark.broadcast.checksum": 0.0, "spark.broadcast.compress": 0.0, "spark.default.parallelism": 467.0, "spark.executor.cores": 2.0, "spark.executor.instances": 6.0, "spark.executor.memory": 5.0, "spark.executor.memoryOverhead": 634.0, "spark.kryoserializer.buffer": 88.0, "spark.kryoserializer.buffer.max": 72.0, "spark.locality.wait": 8.0, "spark.maxRemoteBlockSizeFetchToMem": 1456125056.0, "spark.memory.fraction": 0.77, "spark.memory.offHeap.enabled": 1.0, "spark.memory.offHeap.size": 794.0, "spark.memory.storageFraction": 0.69, "spark.rdd.compress": 1.0, "spark.reducer.maxBlocksInFlightPerAddress": 1422791424.0, "spark.reducer.maxReqsInFlight": 1806831232.0, "spark.reducer.maxSizeInFlight": 51.0, "spark.scheduler.mode": 1.0, "spark.scheduler.revive.interval": 563.0, "spark.shuffle.compress": 0.0, "spark.shuffle.file.buffer": 27.0, "spark.shuffle.io.numConnectionsPerPeer": 3.0, "spark.shuffle.sort.bypassMergeThreshold": 237.0, "spark.storage.memoryMapThreshold": 1.0}, "datetime": {"datetime": "2022-01-20 20:04:42", "elapsed": 0.003965, "delta": 0.000162}}
{"target": -441.321, "params": {"spark.broadcast.blockSize": 36.0, "spark.broadcast.checksum": 1.0, "spark.broadcast.compress": 1.0, "spark.default.parallelism": 281.0, "spark.executor.cores": 1.0, "spark.executor.instances": 6.0, "spark.executor.memory": 3.0, "spark.executor.memoryOverhead": 384.0, "spark.kryoserializer.buffer": 103.0, "spark.kryoserializer.buffer.max": 103.0, "spark.locality.wait": 5.0, "spark.maxRemoteBlockSizeFetchToMem": 1696923531.0, "spark.memory.fraction": 0.82, "spark.memory.offHeap.enabled": 1.0, "spark.memory.offHeap.size": 716.0, "spark.memory.storageFraction": 0.65, "spark.rdd.compress": 0.0, "spark.reducer.maxBlocksInFlightPerAddress": 1966523095.0, "spark.reducer.maxReqsInFlight": 1592049894.0, "spark.reducer.maxSizeInFlight": 52.0, "spark.scheduler.mode": 1.0, "spark.scheduler.revive.interval": 846.0, "spark.shuffle.compress": 1.0, "spark.shuffle.file.buffer": 28.0, "spark.shuffle.io.numConnectionsPerPeer": 3.0, "spark.shuffle.sort.bypassMergeThreshold": 215.0, "spark.storage.memoryMapThreshold": 2.0}, "datetime": {"datetime": "2022-01-20 20:04:42", "elapsed": 0.004129, "delta": 0.000164}}
{"target": -353.454, "params": {"spark.broadcast.blockSize": 45.0, "spark.broadcast.checksum": 0.0, "spark.broadcast.compress": 1.0, "spark.default.parallelism": 482.0, "spark.executor.cores": 2.0, "spark.executor.instances": 4.0, "spark.executor.memory": 4.0, "spark.executor.memoryOverhead": 470.0, "spark.kryoserializer.buffer": 123.0, "spark.kryoserializer.buffer.max": 45.0, "spark.locality.wait": 6.0, "spark.maxRemoteBlockSizeFetchToMem": 1830815810.0, "spark.memory.fraction": 0.78, "spark.memory.offHeap.enabled": 0.0, "spark.memory.offHeap.size": 0.0, "spark.memory.storageFraction": 0.87, "spark.rdd.compress": 0.0, "spark.reducer.maxBlocksInFlightPerAddress": 2007003932.0, "spark.reducer.maxReqsInFlight": 1324746449.0, "spark.reducer.maxSizeInFlight": 40.0, "spark.scheduler.mode": 1.0, "spark.scheduler.revive.interval": 947.0, "spark.shuffle.compress": 0.0, "spark.shuffle.file.buffer": 28.0, "spark.shuffle.io.numConnectionsPerPeer": 2.0, "spark.shuffle.sort.bypassMergeThreshold": 228.0, "spark.storage.memoryMapThreshold": 2.0}, "datetime": {"datetime": "2022-01-20 20:04:42", "elapsed": 0.004311, "delta": 0.000182}}
{"target": -219.891, "params": {"spark.broadcast.blockSize": 39.0, "spark.broadcast.checksum": 0.0, "spark.broadcast.compress": 0.0, "spark.default.parallelism": 388.0, "spark.executor.cores": 3.0, "spark.executor.instances": 7.0, "spark.executor.memory": 6.0, "spark.executor.memoryOverhead": 744.0, "spark.kryoserializer.buffer": 112.0, "spark.kryoserializer.buffer.max": 97.0, "spark.locality.wait": 9.0, "spark.maxRemoteBlockSizeFetchToMem": 1689036544.0, "spark.memory.fraction": 0.61, "spark.memory.offHeap.enabled": 1.0, "spark.memory.offHeap.size": 732.0, "spark.memory.storageFraction": 0.84, "spark.rdd.compress": 1.0, "spark.reducer.maxBlocksInFlightPerAddress": 1610415616.0, "spark.reducer.maxReqsInFlight": 1402654976.0, "spark.reducer.maxSizeInFlight": 71.0, "spark.scheduler.mode": 0.0, "spark.scheduler.revive.interval": 693.0, "spark.shuffle.compress": 0.0, "spark.shuffle.file.buffer": 26.0, "spark.shuffle.io.numConnectionsPerPeer": 3.0, "spark.shuffle.sort.bypassMergeThreshold": 173.0, "spark.storage.memoryMapThreshold": 3.0}, "datetime": {"datetime": "2022-01-20 20:04:42", "elapsed": 0.004487, "delta": 0.000176}}
{"target": -220.545, "params": {"spark.broadcast.blockSize": 37.0, "spark.broadcast.checksum": 0.0, "spark.broadcast.compress": 0.0, "spark.default.parallelism": 386.0, "spark.executor.cores": 3.0, "spark.executor.instances": 7.0, "spark.executor.memory": 6.0, "spark.executor.memoryOverhead": 702.0, "spark.kryoserializer.buffer": 119.0, "spark.kryoserializer.buffer.max": 101.0, "spark.locality.wait": 10.0, "spark.maxRemoteBlockSizeFetchToMem": 1655469696.0, "spark.memory.fraction": 0.61, "spark.memory.offHeap.enabled": 1.0, "spark.memory.offHeap.size": 680.0, "spark.memory.storageFraction": 0.84, "spark.rdd.compress": 1.0, "spark.reducer.maxBlocksInFlightPerAddress": 1670121984.0, "spark.reducer.maxReqsInFlight": 1500938752.0, "spark.reducer.maxSizeInFlight": 63.0, "spark.scheduler.mode": 0.0, "spark.scheduler.revive.interval": 667.0, "spark.shuffle.compress": 0.0, "spark.shuffle.file.buffer": 26.0, "spark.shuffle.io.numConnectionsPerPeer": 3.0, "spark.shuffle.sort.bypassMergeThreshold": 183.0, "spark.storage.memoryMapThreshold": 3.0}, "datetime": {"datetime": "2022-01-20 20:04:42", "elapsed": 0.004664, "delta": 0.000177}}
{"target": -242.963, "params": {"spark.broadcast.blockSize": 57.0, "spark.broadcast.checksum": 0.0, "spark.broadcast.compress": 0.0, "spark.default.parallelism": 494.0, "spark.executor.cores": 3.0, "spark.executor.instances": 7.0, "spark.executor.memory": 6.0, "spark.executor.memoryOverhead": 634.0, "spark.kryoserializer.buffer": 98.0, "spark.kryoserializer.buffer.max": 66.0, "spark.locality.wait": 8.0, "spark.maxRemoteBlockSizeFetchToMem": 1138870864.0, "spark.memory.fraction": 0.8, "spark.memory.offHeap.enabled": 1.0, "spark.memory.offHeap.size": 843.0, "spark.memory.storageFraction": 0.74, "spark.rdd.compress": 0.0, "spark.reducer.maxBlocksInFlightPerAddress": 1686927681.0, "spark.reducer.maxReqsInFlight": 2114483216.0, "spark.reducer.maxSizeInFlight": 72.0, "spark.scheduler.mode": 1.0, "spark.scheduler.revive.interval": 756.0, "spark.shuffle.compress": 0.0, "spark.shuffle.file.buffer": 31.0, "spark.shuffle.io.numConnectionsPerPeer": 2.0, "spark.shuffle.sort.bypassMergeThreshold": 254.0, "spark.storage.memoryMapThreshold": 3.0}, "datetime": {"datetime": "2022-01-20 20:04:42", "elapsed": 0.004838, "delta": 0.000174}}
{"target": -636.02, "params": {"spark.broadcast.blockSize": 37.0, "spark.broadcast.checksum": 1.0, "spark.broadcast.compress": 1.0, "spark.default.parallelism": 294.0, "spark.executor.cores": 1.0, "spark.executor.instances": 4.0, "spark.executor.memory": 3.0, "spark.executor.memoryOverhead": 384.0, "spark.kryoserializer.buffer": 110.0, "spark.kryoserializer.buffer.max": 34.0, "spark.locality.wait": 7.0, "spark.maxRemoteBlockSizeFetchToMem": 1358240810.0, "spark.memory.fraction": 0.78, "spark.memory.offHeap.enabled": 0.0, "spark.memory.offHeap.size": 0.0, "spark.memory.storageFraction": 0.61, "spark.rdd.compress": 1.0, "spark.reducer.maxBlocksInFlightPerAddress": 1380205874.0, "spark.reducer.maxReqsInFlight": 1107713198.0, "spark.reducer.maxSizeInFlight": 42.0, "spark.scheduler.mode": 1.0, "spark.scheduler.revive.interval": 998.0, "spark.shuffle.compress": 1.0, "spark.shuffle.file.buffer": 45.0, "spark.shuffle.io.numConnectionsPerPeer": 4.0, "spark.shuffle.sort.bypassMergeThreshold": 316.0, "spark.storage.memoryMapThreshold": 4.0}, "datetime": {"datetime": "2022-01-20 20:04:42", "elapsed": 0.005023, "delta": 0.000185}}
{"target": -161.268, "params": {"spark.broadcast.blockSize": 32.0, "spark.broadcast.checksum": 0.0, "spark.broadcast.compress": 0.0, "spark.default.parallelism": 447.0, "spark.executor.cores": 4.0, "spark.executor.instances": 7.0, "spark.executor.memory": 7.0, "spark.executor.memoryOverhead": 877.0, "spark.kryoserializer.buffer": 128.0, "spark.kryoserializer.buffer.max": 73.0, "spark.locality.wait": 10.0, "spark.maxRemoteBlockSizeFetchToMem": 1820644608.0, "spark.memory.fraction": 0.5, "spark.memory.offHeap.enabled": 1.0, "spark.memory.offHeap.size": 709.0, "spark.memory.storageFraction": 0.9, "spark.rdd.compress": 1.0, "spark.reducer.maxBlocksInFlightPerAddress": 1305910144.0, "spark.reducer.maxReqsInFlight": 1230286720.0, "spark.reducer.maxSizeInFlight": 72.0, "spark.scheduler.mode": 1.0, "spark.scheduler.revive.interval": 673.0, "spark.shuffle.compress": 0.0, "spark.shuffle.file.buffer": 20.0, "spark.shuffle.io.numConnectionsPerPeer": 3.0, "spark.shuffle.sort.bypassMergeThreshold": 150.0, "spark.storage.memoryMapThreshold": 4.0}, "datetime": {"datetime": "2022-01-20 20:04:42", "elapsed": 0.005202, "delta": 0.000179}}
{"target": -161.869, "params": {"spark.broadcast.blockSize": 32.0, "spark.broadcast.checksum": 0.0, "spark.broadcast.compress": 0.0, "spark.default.parallelism": 485.0, "spark.executor.cores": 4.0, "spark.executor.instances": 8.0, "spark.executor.memory": 7.0, "spark.executor.memoryOverhead": 877.0, "spark.kryoserializer.buffer": 128.0, "spark.kryoserializer.buffer.max": 75.0, "spark.locality.wait": 10.0, "spark.maxRemoteBlockSizeFetchToMem": 2085983360.0, "spark.memory.fraction": 0.58, "spark.memory.offHeap.enabled": 1.0, "spark.memory.offHeap.size": 806.0, "spark.memory.storageFraction": 0.9, "spark.rdd.compress": 1.0, "spark.reducer.maxBlocksInFlightPerAddress": 1833982080.0, "spark.reducer.maxReqsInFlight": 1073741824.0, "spark.reducer.maxSizeInFlight": 72.0, "spark.scheduler.mode": 1.0, "spark.scheduler.revive.interval": 663.0, "spark.shuffle.compress": 0.0, "spark.shuffle.file.buffer": 20.0, "spark.shuffle.io.numConnectionsPerPeer": 3.0, "spark.shuffle.sort.bypassMergeThreshold": 208.0, "spark.storage.memoryMapThreshold": 4.0}, "datetime": {"datetime": "2022-01-20 20:04:42", "elapsed": 0.005396, "delta": 0.000194}}
{"target": -218.24, "params": {"spark.broadcast.blockSize": 49.0, "spark.broadcast.checksum": 1.0, "spark.broadcast.compress": 1.0, "spark.default.parallelism": 419.0, "spark.executor.cores": 2.0, "spark.executor.instances": 8.0, "spark.executor.memory": 4.0, "spark.executor.memoryOverhead": 384.0, "spark.kryoserializer.buffer": 46.0, "spark.kryoserializer.buffer.max": 56.0, "spark.locality.wait": 7.0, "spark.maxRemoteBlockSizeFetchToMem": 1197599034.0, "spark.memory.fraction": 0.76, "spark.memory.offHeap.enabled": 1.0, "spark.memory.offHeap.size": 723.0, "spark.memory.storageFraction": 0.63, "spark.rdd.compress": 0.0, "spark.reducer.maxBlocksInFlightPerAddress": 1120185610.0, "spark.reducer.maxReqsInFlight": 1323533776.0, "spark.reducer.maxSizeInFlight": 47.0, "spark.scheduler.mode": 0.0, "spark.scheduler.revive.interval": 601.0, "spark.shuffle.compress": 0.0, "spark.shuffle.file.buffer": 41.0, "spark.shuffle.io.numConnectionsPerPeer": 1.0, "spark.shuffle.sort.bypassMergeThreshold": 322.0, "spark.storage.memoryMapThreshold": 4.0}, "datetime": {"datetime": "2022-01-20 20:04:42", "elapsed": 0.00559, "delta": 0.000194}}
{"target": -270.492, "params": {"spark.broadcast.blockSize": 47.0, "spark.broadcast.checksum": 0.0, "spark.broadcast.compress": 1.0, "spark.default.parallelism": 410.0, "spark.executor.cores": 2.0, "spark.executor.instances": 7.0, "spark.executor.memory": 5.0, "spark.executor.memoryOverhead": 394.0, "spark.kryoserializer.buffer": 117.0, "spark.kryoserializer.buffer.max": 117.0, "spark.locality.wait": 8.0, "spark.maxRemoteBlockSizeFetchToMem": 1777213465.0, "spark.memory.fraction": 0.54, "spark.memory.offHeap.enabled": 0.0, "spark.memory.offHeap.size": 0.0, "spark.memory.storageFraction": 0.9, "spark.rdd.compress": 0.0, "spark.reducer.maxBlocksInFlightPerAddress": 1087550251.0, "spark.reducer.maxReqsInFlight": 1353488225.0, "spark.reducer.maxSizeInFlight": 59.0, "spark.scheduler.mode": 1.0, "spark.scheduler.revive.interval": 741.0, "spark.shuffle.compress": 1.0, "spark.shuffle.file.buffer": 44.0, "spark.shuffle.io.numConnectionsPerPeer": 3.0, "spark.shuffle.sort.bypassMergeThreshold": 224.0, "spark.storage.memoryMapThreshold": 4.0}, "datetime": {"datetime": "2022-01-20 20:04:42", "elapsed": 0.005783, "delta": 0.000193}}
