{"target": -187.051, "params": {"spark.broadcast.blockSize": 40.0, "spark.broadcast.checksum": 0.0, "spark.broadcast.compress": 0.0, "spark.default.parallelism": 392.0, "spark.executor.cores": 4.0, "spark.executor.instances": 7.0, "spark.executor.memory": 7.0, "spark.executor.memoryOverhead": 722.0, "spark.kryoserializer.buffer": 107.0, "spark.kryoserializer.buffer.max": 69.0, "spark.locality.wait": 8.0, "spark.maxRemoteBlockSizeFetchToMem": 1828919040.0, "spark.memory.fraction": 0.51, "spark.memory.offHeap.enabled": 1.0, "spark.memory.offHeap.size": 683.0, "spark.memory.storageFraction": 0.74, "spark.rdd.compress": 1.0, "spark.reducer.maxBlocksInFlightPerAddress": 1426482944.0, "spark.reducer.maxReqsInFlight": 1417626624.0, "spark.reducer.maxSizeInFlight": 61.0, "spark.scheduler.mode": 0.0, "spark.scheduler.revive.interval": 785.0, "spark.shuffle.compress": 0.0, "spark.shuffle.file.buffer": 25.0, "spark.shuffle.io.numConnectionsPerPeer": 3.0, "spark.shuffle.sort.bypassMergeThreshold": 163.0, "spark.storage.memoryMapThreshold": 4.0}, "datetime": {"datetime": "2022-01-20 20:04:42", "elapsed": 0.005976, "delta": 0.000193}}
{"target": -160.02, "params": {"spark.broadcast.blockSize": 40.0, "spark.broadcast.checksum": 0.0, "spark.broadcast.compress": 0.0, "spark.default.parallelism": 410.0, "spark.executor.cores": 4.0, "spark.executor.instances": 7.0, "spark.executor.memory": 7.0, "spark.executor.memoryOverhead": 776.0, "spark.kryoserializer.buffer": 124.0, "spark.kryoserializer.buffer.max": 75.0, "spark.locality.wait": 9.0, "spark.maxRemoteBlockSizeFetchToMem": 1816379392.0, "spark.memory.fraction": 0.53, "spark.memory.offHeap.enabled": 1.0, "spark.memory.offHeap.size": 617.0, "spark.memory.storageFraction": 0.79, "spark.rdd.compress": 1.0, "spark.reducer.maxBlocksInFlightPerAddress": 1416449280.0, "spark.reducer.maxReqsInFlight": 1303367552.0, "spark.reducer.maxSizeInFlight": 59.0, "spark.scheduler.mode": 0.0, "spark.scheduler.revive.interval": 758.0, "spark.shuffle.compress": 0.0, "spark.shuffle.file.buffer": 25.0, "spark.shuffle.io.numConnectionsPerPeer": 3.0, "spark.shuffle.sort.bypassMergeThreshold": 158.0, "spark.storage.memoryMapThreshold": 4.0}, "datetime": {"datetime": "2022-01-20 20:04:42", "elapsed": 0.006167, "delta": 0.000191}}
{"target": -340.709, "params": {"spark.broadcast.blockSize": 41.0, "spark.broadcast.checksum": 1.0, "spark.broadcast.compress": 1.0, "spark.default.parallelism": 288.0, "spark.executor.cores": 1.0, "spark.executor.instances": 8.0, "spark.executor.memory": 3.0, "spark.executor.memoryOverhead": 384.0, "spark.kryoserializer.buffer": 56.0, "spark.kryoserializer.buffer.max": 95.0, "spark.locality.wait": 7.0, "spark.maxRemoteBlockSizeFetchToMem": 1141372000.0, "spark.memory.fraction": 0.59, "spark.memory.offHeap.enabled": 1.0, "spark.memory.offHeap.size": 699.0, "spark.memory.storageFraction": 0.54, "spark.rdd.compress": 1.0, "spark.reducer.maxBlocksInFlightPerAddress": 1574884748.0, "spark.reducer.maxReqsInFlight": 1617981390.0, "spark.reducer.maxSizeInFlight": 59.0, "spark.scheduler.mode": 0.0, "spark.scheduler.revive.interval": 849.0, "spark.shuffle.compress": 0.0, "spark.shuffle.file.buffer": 47.0, "spark.shuffle.io.numConnectionsPerPeer": 1.0, "spark.shuffle.sort.bypassMergeThreshold": 242.0, "spark.storage.memoryMapThreshold": 1.0}, "datetime": {"datetime": "2022-01-20 20:04:42", "elapsed": 0.006373, "delta": 0.000206}}
{"target": -185.006, "params": {"spark.broadcast.blockSize": 53.0, "spark.broadcast.checksum": 0.0, "spark.broadcast.compress": 1.0, "spark.default.parallelism": 471.0, "spark.executor.cores": 3.0, "spark.executor.instances": 7.0, "spark.executor.memory": 6.0, "spark.executor.memoryOverhead": 527.0, "spark.kryoserializer.buffer": 108.0, "spark.kryoserializer.buffer.max": 80.0, "spark.locality.wait": 6.0, "spark.maxRemoteBlockSizeFetchToMem": 1425586276.0, "spark.memory.fraction": 0.89, "spark.memory.offHeap.enabled": 0.0, "spark.memory.offHeap.size": 0.0, "spark.memory.storageFraction": 0.79, "spark.rdd.compress": 0.0, "spark.reducer.maxBlocksInFlightPerAddress": 1241570684.0, "spark.reducer.maxReqsInFlight": 1717482023.0, "spark.reducer.maxSizeInFlight": 52.0, "spark.scheduler.mode": 1.0, "spark.scheduler.revive.interval": 545.0, "spark.shuffle.compress": 0.0, "spark.shuffle.file.buffer": 26.0, "spark.shuffle.io.numConnectionsPerPeer": 2.0, "spark.shuffle.sort.bypassMergeThreshold": 237.0, "spark.storage.memoryMapThreshold": 1.0}, "datetime": {"datetime": "2022-01-20 20:04:42", "elapsed": 0.00658, "delta": 0.000207}}
{"target": -187.873, "params": {"spark.broadcast.blockSize": 43.0, "spark.broadcast.checksum": 0.0, "spark.broadcast.compress": 0.0, "spark.default.parallelism": 429.0, "spark.executor.cores": 4.0, "spark.executor.instances": 6.0, "spark.executor.memory": 6.0, "spark.executor.memoryOverhead": 780.0, "spark.kryoserializer.buffer": 108.0, "spark.kryoserializer.buffer.max": 77.0, "spark.locality.wait": 8.0, "spark.maxRemoteBlockSizeFetchToMem": 1895305984.0, "spark.memory.fraction": 0.54, "spark.memory.offHeap.enabled": 1.0, "spark.memory.offHeap.size": 633.0, "spark.memory.storageFraction": 0.78, "spark.rdd.compress": 1.0, "spark.reducer.maxBlocksInFlightPerAddress": 1662835456.0, "spark.reducer.maxReqsInFlight": 1421709440.0, "spark.reducer.maxSizeInFlight": 54.0, "spark.scheduler.mode": 1.0, "spark.scheduler.revive.interval": 751.0, "spark.shuffle.compress": 0.0, "spark.shuffle.file.buffer": 27.0, "spark.shuffle.io.numConnectionsPerPeer": 3.0, "spark.shuffle.sort.bypassMergeThreshold": 186.0, "spark.storage.memoryMapThreshold": 3.0}, "datetime": {"datetime": "2022-01-20 20:04:42", "elapsed": 0.006785, "delta": 0.000205}}
{"target": -182.159, "params": {"spark.broadcast.blockSize": 39.0, "spark.broadcast.checksum": 0.0, "spark.broadcast.compress": 0.0, "spark.default.parallelism": 432.0, "spark.executor.cores": 4.0, "spark.executor.instances": 6.0, "spark.executor.memory": 6.0, "spark.executor.memoryOverhead": 784.0, "spark.kryoserializer.buffer": 100.0, "spark.kryoserializer.buffer.max": 87.0, "spark.locality.wait": 8.0, "spark.maxRemoteBlockSizeFetchToMem": 1846427648.0, "spark.memory.fraction": 0.51, "spark.memory.offHeap.enabled": 1.0, "spark.memory.offHeap.size": 651.0, "spark.memory.storageFraction": 0.76, "spark.rdd.compress": 1.0, "spark.reducer.maxBlocksInFlightPerAddress": 1547823616.0, "spark.reducer.maxReqsInFlight": 1452673536.0, "spark.reducer.maxSizeInFlight": 54.0, "spark.scheduler.mode": 1.0, "spark.scheduler.revive.interval": 744.0, "spark.shuffle.compress": 0.0, "spark.shuffle.file.buffer": 29.0, "spark.shuffle.io.numConnectionsPerPeer": 3.0, "spark.shuffle.sort.bypassMergeThreshold": 179.0, "spark.storage.memoryMapThreshold": 4.0}, "datetime": {"datetime": "2022-01-20 20:04:42", "elapsed": 0.006989, "delta": 0.000204}}
{"target": -670.561, "params": {"spark.broadcast.blockSize": 53.319378844037786, "spark.broadcast.checksum": 0.4076928616011777, "spark.broadcast.compress": 0.40872162742522244, "spark.default.parallelism": 428.5731435615442, "spark.executor.cores": 2.6168142799516043, "spark.executor.instances": 7.441458726774114, "spark.executor.memory": 5.989917180549119, "spark.executor.memoryOverhead": 776.8217305977164, "spark.kryoserializer.buffer": 39.179933665809, "spark.kryoserializer.buffer.max": 110.59017331880966, "spark.locality.wait": 5.960609936242033, "spark.maxRemoteBlockSizeFetchToMem": 1820950993.7819133, "spark.memory.fraction": 0.5819487127885881, "spark.memory.offHeap.enabled": 0.317771678406504, "spark.memory.offHeap.size": 790.1742286421016, "spark.memory.storageFraction": 0.6437878498964057, "spark.rdd.compress": 0.17819513586510882, "spark.reducer.maxBlocksInFlightPerAddress": 1656231736.749563, "spark.reducer.maxReqsInFlight": 1205971683.5372324, "spark.reducer.maxSizeInFlight": 28.47079050600625, "spark.scheduler.mode": 0.7425075043188091, "spark.scheduler.revive.interval": 595.686388771102, "spark.shuffle.compress": 0.8949256002829524, "spark.shuffle.file.buffer": 47.341508346482385, "spark.shuffle.io.numConnectionsPerPeer": 3.024977378829365, "spark.shuffle.sort.bypassMergeThreshold": 251.39466693013043, "spark.storage.memoryMapThreshold": 1.3905136894752719}, "datetime": {"datetime": "2022-01-20 20:16:01", "elapsed": 678.870344, "delta": 678.863355}}
{"target": -278.309, "params": {"spark.broadcast.blockSize": 50.374770463653874, "spark.broadcast.checksum": 0.1407469932902186, "spark.broadcast.compress": 0.06071354142157514, "spark.default.parallelism": 369.18139212300946, "spark.executor.cores": 3.644469298745844, "spark.executor.instances": 6.989659465831611, "spark.executor.memory": 5.879257800053187, "spark.executor.memoryOverhead": 837.3289270785177, "spark.kryoserializer.buffer": 123.29722824413233, "spark.kryoserializer.buffer.max": 95.1932053301418, "spark.locality.wait": 7.9163774276729155, "spark.maxRemoteBlockSizeFetchToMem": 1873874692.7966084, "spark.memory.fraction": 0.5265419365646632, "spark.memory.offHeap.enabled": 0.7606888461518113, "spark.memory.offHeap.size": 752.5430098377509, "spark.memory.storageFraction": 0.8728005830319612, "spark.rdd.compress": 0.8778480531930868, "spark.reducer.maxBlocksInFlightPerAddress": 1216122639.9237664, "spark.reducer.maxReqsInFlight": 1409153713.7357335, "spark.reducer.maxSizeInFlight": 64.87841733981543, "spark.scheduler.mode": 0.00522478174585042, "spark.scheduler.revive.interval": 791.3844603306934, "spark.shuffle.compress": 0.004179881362279825, "spark.shuffle.file.buffer": 28.529140493003936, "spark.shuffle.io.numConnectionsPerPeer": 1.638922865862543, "spark.shuffle.sort.bypassMergeThreshold": 208.25529204979088, "spark.storage.memoryMapThreshold": 3.019069314536376}, "datetime": {"datetime": "2022-01-20 20:20:47", "elapsed": 965.662003, "delta": 286.791659}}
{"target": -186.017, "params": {"spark.broadcast.blockSize": 45.7272230947057, "spark.broadcast.checksum": 0.1155431757045201, "spark.broadcast.compress": 0.03515364545386504, "spark.default.parallelism": 352.71737706470077, "spark.executor.cores": 3.164601782440562, "spark.executor.instances": 7.671500859938951, "spark.executor.memory": 6.025077238036224, "spark.executor.memoryOverhead": 703.6372840767935, "spark.kryoserializer.buffer": 115.70802279450396, "spark.kryoserializer.buffer.max": 105.89548837270627, "spark.locality.wait": 7.222491481197943, "spark.maxRemoteBlockSizeFetchToMem": 1451966898.9071856, "spark.memory.fraction": 0.6674945732488442, "spark.memory.offHeap.enabled": 0.8215245666869508, "spark.memory.offHeap.size": 595.7527057908528, "spark.memory.storageFraction": 0.7492758356263725, "spark.rdd.compress": 0.8160307093563435, "spark.reducer.maxBlocksInFlightPerAddress": 1175027044.0477371, "spark.reducer.maxReqsInFlight": 1265700314.8143027, "spark.reducer.maxSizeInFlight": 56.11034192588277, "spark.scheduler.mode": 0.20333734736867215, "spark.scheduler.revive.interval": 809.6748255783349, "spark.shuffle.compress": 0.21168501918240817, "spark.shuffle.file.buffer": 36.0019232162316, "spark.shuffle.io.numConnectionsPerPeer": 2.2090736753151043, "spark.shuffle.sort.bypassMergeThreshold": 153.23614349468227, "spark.storage.memoryMapThreshold": 3.574686295776503}, "datetime": {"datetime": "2022-01-20 20:24:02", "elapsed": 1160.057317, "delta": 194.395314}}
{"target": -152.819, "params": {"spark.broadcast.blockSize": 46.00982517367767, "spark.broadcast.checksum": 0.017326837559161354, "spark.broadcast.compress": 0.15966062022460004, "spark.default.parallelism": 391.7552956485606, "spark.executor.cores": 3.5495564084817888, "spark.executor.instances": 7.620730626442128, "spark.executor.memory": 6.6865331329856135, "spark.executor.memoryOverhead": 856.6208261245376, "spark.kryoserializer.buffer": 105.27593697593143, "spark.kryoserializer.buffer.max": 105.39561377619849, "spark.locality.wait": 7.457642750765968, "spark.maxRemoteBlockSizeFetchToMem": 1828897992.3084865, "spark.memory.fraction": 0.6279406392267066, "spark.memory.offHeap.enabled": 0.9137306844847621, "spark.memory.offHeap.size": 765.284231751955, "spark.memory.storageFraction": 0.7218101011109569, "spark.rdd.compress": 0.8352684893012366, "spark.reducer.maxBlocksInFlightPerAddress": 1273389579.2867403, "spark.reducer.maxReqsInFlight": 1613545377.9608815, "spark.reducer.maxSizeInFlight": 57.704082283379144, "spark.scheduler.mode": 0.03741718901131117, "spark.scheduler.revive.interval": 718.7383815653506, "spark.shuffle.compress": 0.0799912260632314, "spark.shuffle.file.buffer": 29.239723974771714, "spark.shuffle.io.numConnectionsPerPeer": 3.9674799664208926, "spark.shuffle.sort.bypassMergeThreshold": 213.24318309193632, "spark.storage.memoryMapThreshold": 3.97996996038319}, "datetime": {"datetime": "2022-01-20 20:26:43", "elapsed": 1321.266421, "delta": 161.209104}}
{"target": -179.431, "params": {"spark.broadcast.blockSize": 49.075109993182565, "spark.broadcast.checksum": 0.05893195470127369, "spark.broadcast.compress": 0.4231674142991692, "spark.default.parallelism": 347.7731128812823, "spark.executor.cores": 2.941063543380089, "spark.executor.instances": 6.64297115468687, "spark.executor.memory": 6.889286107148424, "spark.executor.memoryOverhead": 820.946835153806, "spark.kryoserializer.buffer": 96.09100007565961, "spark.kryoserializer.buffer.max": 93.4561784498163, "spark.locality.wait": 6.21406821750405, "spark.maxRemoteBlockSizeFetchToMem": 1896311719.0310056, "spark.memory.fraction": 0.5954509199432192, "spark.memory.offHeap.enabled": 0.9982930990859826, "spark.memory.offHeap.size": 696.9337422499716, "spark.memory.storageFraction": 0.6115912970465941, "spark.rdd.compress": 0.6697019835064225, "spark.reducer.maxBlocksInFlightPerAddress": 1493964595.2266107, "spark.reducer.maxReqsInFlight": 1398502149.633586, "spark.reducer.maxSizeInFlight": 64.46909641025036, "spark.scheduler.mode": 0.211012471494412, "spark.scheduler.revive.interval": 656.1662525924222, "spark.shuffle.compress": 0.30374281899581995, "spark.shuffle.file.buffer": 30.318336038992598, "spark.shuffle.io.numConnectionsPerPeer": 4.801759182883828, "spark.shuffle.sort.bypassMergeThreshold": 169.33840744669718, "spark.storage.memoryMapThreshold": 3.8636991331328407}, "datetime": {"datetime": "2022-01-20 20:29:51", "elapsed": 1509.176687, "delta": 187.910266}}
{"target": -213.607, "params": {"spark.broadcast.blockSize": 38.77481227956833, "spark.broadcast.checksum": 0.2591771758743055, "spark.broadcast.compress": 0.310056083792788, "spark.default.parallelism": 330.41492069337744, "spark.executor.cores": 2.9892677334662747, "spark.executor.instances": 7.440344203181762, "spark.executor.memory": 6.08698807543975, "spark.executor.memoryOverhead": 793.0784885855635, "spark.kryoserializer.buffer": 127.03348800816967, "spark.kryoserializer.buffer.max": 83.14709617625711, "spark.locality.wait": 6.052556381370003, "spark.maxRemoteBlockSizeFetchToMem": 1709283943.5773976, "spark.memory.fraction": 0.6003474554663575, "spark.memory.offHeap.enabled": 0.7018744793284923, "spark.memory.offHeap.size": 645.1317372789475, "spark.memory.storageFraction": 0.655660990300299, "spark.rdd.compress": 0.9383294570183456, "spark.reducer.maxBlocksInFlightPerAddress": 1300358582.1832886, "spark.reducer.maxReqsInFlight": 1375310237.5306237, "spark.reducer.maxSizeInFlight": 57.468360626273366, "spark.scheduler.mode": 0.005648627379108351, "spark.scheduler.revive.interval": 734.7010690827866, "spark.shuffle.compress": 0.17880488712968481, "spark.shuffle.file.buffer": 23.154101361392318, "spark.shuffle.io.numConnectionsPerPeer": 4.263789173583287, "spark.shuffle.sort.bypassMergeThreshold": 195.96388898134433, "spark.storage.memoryMapThreshold": 3.6489488288230456}, "datetime": {"datetime": "2022-01-20 20:33:33", "elapsed": 1731.412315, "delta": 222.235628}}
{"target": -177.166, "params": {"spark.broadcast.blockSize": 45.95976144836385, "spark.broadcast.checksum": 0.018422152173635062, "spark.broadcast.compress": 0.07468593779882486, "spark.default.parallelism": 373.9299610017996, "spark.executor.cores": 3.113302285828825, "spark.executor.instances": 7.826053000755317, "spark.executor.memory": 6.309346373788748, "spark.executor.memoryOverhead": 765.7828258939162, "spark.kryoserializer.buffer": 103.46782983877952, "spark.kryoserializer.buffer.max": 114.81749319706235, "spark.locality.wait": 6.25321176042314, "spark.maxRemoteBlockSizeFetchToMem": 1775748546.3608108, "spark.memory.fraction": 0.6011524481298144, "spark.memory.offHeap.enabled": 0.7736189787823383, "spark.memory.offHeap.size": 681.1060387560138, "spark.memory.storageFraction": 0.768681948908874, "spark.rdd.compress": 0.9498350016875972, "spark.reducer.maxBlocksInFlightPerAddress": 1170956744.5543113, "spark.reducer.maxReqsInFlight": 1378918376.9044127, "spark.reducer.maxSizeInFlight": 66.9858286012801, "spark.scheduler.mode": 0.028193836219940007, "spark.scheduler.revive.interval": 707.9883049133048, "spark.shuffle.compress": 0.05386332200041342, "spark.shuffle.file.buffer": 25.009020882473664, "spark.shuffle.io.numConnectionsPerPeer": 4.107591040092582, "spark.shuffle.sort.bypassMergeThreshold": 191.44493590710226, "spark.storage.memoryMapThreshold": 3.946476069389577}, "datetime": {"datetime": "2022-01-20 20:36:39", "elapsed": 1917.123345, "delta": 185.71103}}
{"target": -150.806, "params": {"spark.broadcast.blockSize": 52.090343031798284, "spark.broadcast.checksum": 0.02378601610388478, "spark.broadcast.compress": 0.08501159758827032, "spark.default.parallelism": 385.1311634096292, "spark.executor.cores": 3.5726485717989576, "spark.executor.instances": 6.827109401017277, "spark.executor.memory": 5.925184921556183, "spark.executor.memoryOverhead": 776.4174292753851, "spark.kryoserializer.buffer": 116.18772155361602, "spark.kryoserializer.buffer.max": 86.2368154881406, "spark.locality.wait": 6.304303932756121, "spark.maxRemoteBlockSizeFetchToMem": 2028166062.7280614, "spark.memory.fraction": 0.5719359867148062, "spark.memory.offHeap.enabled": 0.7905414756199012, "spark.memory.offHeap.size": 841.8568422873789, "spark.memory.storageFraction": 0.787075486492982, "spark.rdd.compress": 0.9587174114436235, "spark.reducer.maxBlocksInFlightPerAddress": 1218996732.1336584, "spark.reducer.maxReqsInFlight": 1478001299.275917, "spark.reducer.maxSizeInFlight": 55.92445497686106, "spark.scheduler.mode": 0.11217642176853489, "spark.scheduler.revive.interval": 664.6436787360692, "spark.shuffle.compress": 0.26081881831903764, "spark.shuffle.file.buffer": 34.86778061056168, "spark.shuffle.io.numConnectionsPerPeer": 4.571699503176869, "spark.shuffle.sort.bypassMergeThreshold": 180.0194159143313, "spark.storage.memoryMapThreshold": 3.4395294825652805}, "datetime": {"datetime": "2022-01-20 20:39:18", "elapsed": 2076.325114, "delta": 159.201769}}
{"target": -173.252, "params": {"spark.broadcast.blockSize": 48.131558438842134, "spark.broadcast.checksum": 0.14425373402149447, "spark.broadcast.compress": 0.1383948323324611, "spark.default.parallelism": 359.71332383780805, "spark.executor.cores": 3.756042330715953, "spark.executor.instances": 6.330221168745236, "spark.executor.memory": 5.393508442297645, "spark.executor.memoryOverhead": 840.2839198182496, "spark.kryoserializer.buffer": 114.23966026145112, "spark.kryoserializer.buffer.max": 69.86756534817971, "spark.locality.wait": 7.222495609360502, "spark.maxRemoteBlockSizeFetchToMem": 1892497289.2230713, "spark.memory.fraction": 0.5820934004535118, "spark.memory.offHeap.enabled": 0.676904336623204, "spark.memory.offHeap.size": 836.1225286384125, "spark.memory.storageFraction": 0.8269135817692893, "spark.rdd.compress": 0.9340035832805884, "spark.reducer.maxBlocksInFlightPerAddress": 1250965792.6671944, "spark.reducer.maxReqsInFlight": 1465346386.33703, "spark.reducer.maxSizeInFlight": 50.6944452866439, "spark.scheduler.mode": 0.2704222614652712, "spark.scheduler.revive.interval": 751.3672409782706, "spark.shuffle.compress": 0.3619736954064169, "spark.shuffle.file.buffer": 40.28878898444099, "spark.shuffle.io.numConnectionsPerPeer": 4.124871487266423, "spark.shuffle.sort.bypassMergeThreshold": 203.71705858808997, "spark.storage.memoryMapThreshold": 3.233653238927981}, "datetime": {"datetime": "2022-01-20 20:42:20", "elapsed": 2257.962396, "delta": 181.637282}}
{"target": -200.544, "params": {"spark.broadcast.blockSize": 54.65286897731919, "spark.broadcast.checksum": 0.0647399109083055, "spark.broadcast.compress": 0.08395055984216653, "spark.default.parallelism": 371.63005934883887, "spark.executor.cores": 3.2893073543502713, "spark.executor.instances": 7.343062424587906, "spark.executor.memory": 6.389748043997946, "spark.executor.memoryOverhead": 840.6757284851021, "spark.kryoserializer.buffer": 106.72879874712409, "spark.kryoserializer.buffer.max": 78.57319515717558, "spark.locality.wait": 5.8109073776815485, "spark.maxRemoteBlockSizeFetchToMem": 2049857333.1589653, "spark.memory.fraction": 0.5584199146383655, "spark.memory.offHeap.enabled": 0.8404360791766077, "spark.memory.offHeap.size": 803.7585338042107, "spark.memory.storageFraction": 0.7689211634099307, "spark.rdd.compress": 0.8268359309332701, "spark.reducer.maxBlocksInFlightPerAddress": 1156535577.1964226, "spark.reducer.maxReqsInFlight": 1545419485.9729834, "spark.reducer.maxSizeInFlight": 51.003183955390526, "spark.scheduler.mode": 0.1779580632326023, "spark.scheduler.revive.interval": 696.3582192109017, "spark.shuffle.compress": 0.35729389301126846, "spark.shuffle.file.buffer": 38.16888584433781, "spark.shuffle.io.numConnectionsPerPeer": 4.369605039496157, "spark.shuffle.sort.bypassMergeThreshold": 191.4805314023332, "spark.storage.memoryMapThreshold": 3.6526544984994387}, "datetime": {"datetime": "2022-01-20 20:45:49", "elapsed": 2466.909545, "delta": 208.947149}}
