{"target": -202.15, "params": {"spark.executor.cores": 2.0, "spark.executor.instances": 8.0}, "datetime": {"datetime": "2022-01-23 10:00:55", "elapsed": 0.0, "delta": 0.0}}
{"target": -207.942, "params": {"spark.executor.cores": 2.0, "spark.executor.instances": 8.0}, "datetime": {"datetime": "2022-01-23 10:00:55", "elapsed": 0.000996, "delta": 0.000996}}
{"target": -209.646, "params": {"spark.executor.cores": 3.0, "spark.executor.instances": 6.0}, "datetime": {"datetime": "2022-01-23 10:00:55", "elapsed": 0.001995, "delta": 0.000999}}
{"target": -210.039, "params": {"spark.executor.cores": 3.0, "spark.executor.instances": 6.0}, "datetime": {"datetime": "2022-01-23 10:00:55", "elapsed": 0.001995, "delta": 0.0}}
{"target": -210.803, "params": {"spark.executor.cores": 2.0, "spark.executor.instances": 8.0}, "datetime": {"datetime": "2022-01-23 10:00:55", "elapsed": 0.002993, "delta": 0.000998}}
{"target": -211.437, "params": {"spark.executor.cores": 3.0, "spark.executor.instances": 6.0}, "datetime": {"datetime": "2022-01-23 10:00:55", "elapsed": 0.003988, "delta": 0.000995}}
{"target": -211.907, "params": {"spark.executor.cores": 2.0, "spark.executor.instances": 8.0}, "datetime": {"datetime": "2022-01-23 10:00:55", "elapsed": 0.003988, "delta": 0.0}}
{"target": -212.629, "params": {"spark.executor.cores": 2.0, "spark.executor.instances": 8.0}, "datetime": {"datetime": "2022-01-23 10:00:55", "elapsed": 0.004988, "delta": 0.001}}
{"target": -255.69758160909018, "params": {"spark.executor.cores": 1.0, "spark.executor.instances": 4.0}, "datetime": {"datetime": "2022-01-23 10:00:55", "elapsed": 0.196474, "delta": 0.191486}}
{"target": -255.69758160909018, "params": {"spark.executor.cores": 2.817704178273225, "spark.executor.instances": 7.483409634081303}, "datetime": {"datetime": "2022-01-23 10:00:55", "elapsed": 0.271274, "delta": 0.0748}}
{"target": -255.69758160909018, "params": {"spark.executor.cores": 2.0004999074094103, "spark.executor.instances": 7.985481855473141}, "datetime": {"datetime": "2022-01-23 10:00:55", "elapsed": 0.35106, "delta": 0.079786}}
{"target": -255.69758160909018, "params": {"spark.executor.cores": 1.2020297905843607, "spark.executor.instances": 7.70290077480703}, "datetime": {"datetime": "2022-01-23 10:00:55", "elapsed": 0.446805, "delta": 0.095745}}
{"target": -255.69758160909018, "params": {"spark.executor.cores": 1.8189114726454292, "spark.executor.instances": 7.070828571068668}, "datetime": {"datetime": "2022-01-23 10:00:55", "elapsed": 0.549531, "delta": 0.102726}}
{"target": -255.69758160909018, "params": {"spark.executor.cores": 2.6053958925412974, "spark.executor.instances": 7.4487082873320265}, "datetime": {"datetime": "2022-01-23 10:00:55", "elapsed": 0.6732, "delta": 0.123669}}
{"target": -255.69758160909018, "params": {"spark.executor.cores": 1.9048485135569033, "spark.executor.instances": 7.4184085803142565}, "datetime": {"datetime": "2022-01-23 10:00:56", "elapsed": 0.826794, "delta": 0.153594}}
{"target": -255.69758160909018, "params": {"spark.executor.cores": 2.139004153170477, "spark.executor.instances": 7.509570864573268}, "datetime": {"datetime": "2022-01-23 10:00:56", "elapsed": 0.970406, "delta": 0.143612}}
{"target": -255.69758160909018, "params": {"spark.executor.cores": 2.0605615329935802, "spark.executor.instances": 7.783385677722547}, "datetime": {"datetime": "2022-01-23 10:00:56", "elapsed": 1.098089, "delta": 0.127683}}
{"target": -255.69758160909018, "params": {"spark.executor.cores": 1.6398275389510022, "spark.executor.instances": 7.611787105804126}, "datetime": {"datetime": "2022-01-23 10:00:56", "elapsed": 1.22111, "delta": 0.123021}}
